IQ-TREE multicore version 2.2.0-beta COVID-edition for Mac OS X 64-bit built Mar  3 2022 built Mar  3 2022
Developed by Bui Quang Minh, James Barbetti, Nguyen Lam Tung,
Olga Chernomor, Heiko Schmidt, Dominik Schrempf, Michael Woodhams, Ly Trong Nhan.

Host:    MacBook-Pro-2.local (SSE4.2, 8 GB RAM)
Command: iqtree2 -nt 1 -s results/aligned_hepatitisB_A2-delim.fasta -m GTR -ninit 2 -n 2 -me 0.05
Seed:    69399 (Using SPRNG - Scalable Parallel Random Number Generator)
Time:    Thu Nov 17 15:30:48 2022
Kernel:  SSE2 - 1 threads (8 CPU cores detected)

HINT: Use -nt option to specify number of threads because your CPU has 8 cores!
HINT: -nt AUTO will automatically determine the best number of threads to use.

Reading alignment file results/aligned_hepatitisB_A2-delim.fasta ... Fasta format detected
Reading fasta file: done in 0.045964 secs using 79.58% CPU
Alignment most likely contains DNA/RNA sequences
Constructing alignment: done in 0.015151 secs using 82.4% CPU
Alignment has 695 sequences with 3221 columns, 1490 distinct patterns
775 parsimony-informative, 613 singleton sites, 1832 constant sites
          Gap/Ambiguity  Composition  p-value
Analyzing sequences: done in 0.00195098 secs using 90.62% CPU
   1  OK143477    1.21%    passed     71.27%
   2  OK143482    1.21%    passed     62.34%
   3  OK143483    1.21%    passed     61.64%
   4  OK143484    1.21%    passed     59.48%
   5  LC517161    0.00%    passed     68.66%
   6  MH932713    0.00%    passed     76.13%
   7  LC365288    0.00%    passed     73.94%
   8  AB697489    0.00%    passed     73.94%
   9  AB697501    0.00%    passed     73.94%
  10  AB697512    0.00%    passed     73.76%
  11  LC311241    0.03%    passed     73.03%
  12  LC074724    0.00%    passed     71.26%
  13  AB697491    0.03%    passed     73.20%
  14  AB697496    0.00%    passed     71.43%
  15  AB697499    0.00%    passed     71.43%
  16  AB697503    0.00%    passed     71.43%
  17  AB697508    0.00%    passed     71.43%
  18  AB697497    0.00%    passed     71.50%
  19  AB697505    0.06%    passed     72.83%
  20  AB937798    0.00%    passed     74.01%
  21  AB697504    0.00%    passed     71.50%
  22  AB453979    0.00%    passed     71.50%
  23  AB697509    0.00%    passed     69.24%
  24  AB453980    0.00%    passed     73.66%
  25  AB697488    0.16%    passed     75.77%
  26  LC311243    0.03%    passed     73.56%
  27  LC311242    0.00%    passed     71.66%
  28  AB697506    0.06%    passed     70.87%
  29  AB697507    0.06%    passed     72.96%
  30  AB453981    0.00%    passed     71.71%
  31  AB697511    0.03%    passed     72.74%
  32  KT749824    0.00%    passed     71.98%
  33  EU859933    0.00%    passed     71.80%
  34  EU859941    0.00%    passed     69.26%
  35  EU859943    0.00%    passed     71.47%
  36  GU563555    0.00%    passed     71.50%
  37  EU859954    0.00%    passed     69.50%
  38  KT749838    0.00%    passed     71.80%
  39  AP007263    0.00%    passed     67.20%
  40  KY886219    0.00%    passed     76.41%
  41  EU859930    0.00%    passed     69.12%
  42  AB697492    0.00%    passed     66.18%
  43  AB937792    0.00%    passed     66.90%
  44  AB937793    0.00%    passed     64.26%
  45  AB937794    0.00%    passed     64.26%
  46  AB775199    0.03%    passed     63.44%
  47  AB775198    0.00%    passed     64.09%
  48  AB775200    0.00%    passed     64.33%
  49  AB775201    0.00%    passed     64.33%
  50  AB697495    0.09%    passed     65.22%
  51  AB697493    0.06%    passed     70.57%
  52  EU859932    0.00%    passed     66.28%
  53  KT749829    0.00%    passed     66.62%
  54  KT749844    0.00%    passed     63.83%
  55  EU859940    0.00%    passed     64.09%
  56  EU859946    0.00%    passed     58.66%
  57  EU859947    0.00%    passed     66.97%
  58  EU859951    0.00%    passed     59.26%
  59  EU859948    0.00%    passed     61.84%
  60  EU859949    0.00%    passed     61.06%
  61  KP274927    0.00%    passed     63.81%
  62  KT749835    0.00%    passed     66.50%
  63  KP234051    0.00%    passed     66.62%
  64  GQ477461    0.00%    passed     66.50%
  65  GU563554    0.00%    passed     63.94%
  66  EU859931    0.00%    passed     66.63%
  67  EU859953    0.00%    passed     69.17%
  68  EU859937    0.00%    passed     66.93%
  69  EU594394    0.00%    passed     63.81%
  70  EU594395    0.00%    passed     63.92%
  71  EU859942    0.00%    passed     68.66%
  72  EU086721    0.00%    passed     66.62%
  73  EU594390    0.00%    passed     66.73%
  74  EU594392    0.00%    passed     66.73%
  75  EU594391    0.00%    passed     64.26%
  76  FJ349224    0.00%    passed     71.50%
  77  GU563546    0.00%    passed     64.27%
  78  EU594388    0.00%    passed     67.07%
  79  KT749840    0.00%    passed     63.94%
  80  GU563562    0.03%    passed     57.93%
  81  EU594383    0.00%    passed     63.47%
  82  EU594393    0.00%    passed     61.84%
  83  EU859935    0.00%    passed     63.81%
  84  EU859936    0.00%    passed     66.16%
  85  AF043580    0.03%    passed     62.98%
  86  KT749830    0.00%    passed     73.57%
  87  EU859914    0.00%    passed     73.83%
  88  EU859918    0.00%    passed     73.83%
  89  EU859929    0.00%    passed     73.83%
  90  EU859904    0.00%    passed     73.97%
  91  EU859915    0.00%    passed     73.97%
  92  EU859912    0.00%    passed     74.15%
  93  EU859919    0.00%    passed     76.04%
  94  KT749837    0.00%    passed     76.04%
  95  EU859899    0.00%    passed     76.04%
  96  EU859905    0.00%    passed     76.04%
  97  EU859908    0.00%    passed     76.04%
  98  EU859909    0.00%    passed     76.04%
  99  EU859922    0.00%    passed     76.04%
 100  EU859926    0.00%    passed     76.04%
 101  EU859928    0.00%    passed     76.04%
 102  EU859902    0.00%    passed     78.38%
 103  EU859910    0.00%    passed     78.38%
 104  EU859916    0.00%    passed     76.13%
 105  EU859921    0.00%    passed     76.13%
 106  EU859925    0.00%    passed     76.13%
 107  EU859923    0.00%    passed     73.66%
 108  EU859898    0.00%    passed     76.04%
 109  EU859924    0.00%    passed     73.67%
 110  EU859903    0.00%    passed     75.59%
 111  EU859906    0.00%    passed     75.59%
 112  EU859913    0.00%    passed     73.83%
 113  EU859917    0.00%    passed     73.83%
 114  EU859920    0.00%    passed     76.22%
 115  KT749843    0.00%    passed     71.71%
 116  EU859907    0.00%    passed     73.83%
 117  EU859927    0.00%    passed     74.01%
 118  KP274928    0.00%    passed     76.58%
 119  EU859911    0.00%    passed     78.18%
 120  EU594389    0.00%    passed     64.27%
 121  EU859945    0.00%    passed     69.01%
 122  KM606749    0.00%    passed     66.90%
 123  EU594385    0.00%    passed     63.92%
 124  JQ687529    0.00%    passed     66.93%
 125  AM410963    0.00%    passed     66.93%
 126  AM295795    0.00%    passed     66.80%
 127  AM295797    0.00%    passed     66.80%
 128  AM295800    0.00%    passed     66.64%
 129  AM295796    4.00%    passed     50.78%
 130  GQ477467    0.00%    passed     70.63%
 131  GU563558    0.00%    passed     79.94%
 132  KT749850    0.00%    passed     68.84%
 133  KP274925    0.00%    passed     66.46%
 134  KJ843166    0.00%    passed     65.72%
 135  KJ843215    0.00%    passed     66.98%
 136  KJ843192    0.00%    passed     68.39%
 137  KJ843214    0.00%    passed     65.72%
 138  KJ843216    0.00%    passed     65.02%
 139  KU605532    0.00%    passed     58.66%
 140  GU563553    0.00%    passed     56.07%
 141  GQ477503    0.00%    passed     56.04%
 142  KT749836    0.00%    passed     65.37%
 143  KM606742    0.00%    passed     53.87%
 144  KM606746    0.00%    passed     55.67%
 145  KJ854708    0.03%    passed     70.16%
 146  KJ854709    0.65%    passed     70.25%
 147  JX507080    0.00%    passed     65.99%
 148  EU859955    0.00%    passed     67.36%
 149  EU859956    0.00%    passed     64.94%
 150  GQ477496    0.00%    passed     67.91%
 151  EU594387    0.00%    passed     62.91%
 152  EU594384    0.00%    passed     70.61%
 153  EU594386    0.00%    passed     64.94%
 154  KJ843173    0.00%    passed     74.99%
 155  KJ843182    0.00%    passed     65.99%
 156  KJ843218    0.00%    passed     71.66%
 157  KJ843186    0.00%    passed     58.94%
 158  KJ843217    0.00%    passed     66.47%
 159  GU563557    0.00%    passed     66.93%
 160  AY862867    0.00%    passed     69.53%
 161  KX827293    0.00%    passed     75.84%
 162  KT749831    0.00%    passed     62.87%
 163  KT749825    0.00%    passed     73.19%
 164  KT749826    0.00%    passed     71.43%
 165  KT749842    0.00%    passed     71.26%
 166  KT749834    0.00%    passed     71.26%
 167  KT749846    0.00%    passed     69.53%
 168  KT749847    0.00%    passed     69.53%
 169  KT749849    0.00%    passed     69.53%
 170  KT749839    0.00%    passed     71.94%
 171  KJ854710    0.16%    passed     80.40%
 172  HE576988    0.00%    passed     59.58%
 173  HE576989    0.00%    passed     69.17%
 174  KY382410    0.12%    passed     59.96%
 175  KX827298    0.00%    passed     80.65%
 176  EU859950    0.19%    passed     61.44%
 177  JQ687533    0.00%    passed     72.82%
 178  KT749833    0.00%    passed     62.52%
 179  KT749848    0.25%    passed     60.51%
 180  GQ184323    0.00%    passed     60.61%
 181  GQ184324    0.00%    passed     61.19%
 182  EU859900    0.00%    passed     60.51%
 183  EU859901    0.00%    passed     60.51%
 184  KJ843188    0.00%    passed     62.17%
 185  AY233280    0.00%    passed     74.36%
 186  EF208113    0.00%    passed     63.44%
 187  EF208114    1.83%    passed     71.37%
 188  EF208115    1.83%    passed     59.36%
 189  LC488828    0.09%    passed     74.23%
 190  AY128092    0.06%    passed     75.22%
 191  GU563550    0.00%    passed     69.73%
 192  AB014370    0.00%    passed     70.63%
 193  EU747320    0.00%    passed     57.38%
 194  GQ477468    0.03%    passed     73.26%
 195  EU859934    0.00%    passed     54.23%
 196  EU859944    0.00%    passed     56.95%
 197  EU859939    0.00%    passed     71.26%
 198  AM282986    0.00%    passed     74.62%
 199  DQ788725    0.00%    passed     64.87%
 200  GQ477482    0.00%    passed     60.61%
 201  GQ477484    0.00%    passed     69.92%
 202  KJ843172    0.00%    passed     71.99%
 203  AY738139    0.03%    passed     70.82%
 204  AY738143    0.03%    passed     68.76%
 205  AY738140    0.03%    passed     66.48%
 206  AY738141    0.03%    passed     66.48%
 207  AY738142    0.03%    passed     68.64%
 208  AB222707    0.00%    passed     63.39%
 209  GQ477492    0.00%    passed     71.47%
 210  GQ477460    0.00%    passed     76.04%
 211  AB126580    0.03%    passed     77.92%
 212  AB453984    0.00%    passed     66.93%
 213  KX827297    0.03%    passed     75.87%
 214  GQ477498    0.28%    passed     59.47%
 215  GQ477465    0.00%    passed     70.60%
 216  KX827294    0.00%    passed     57.06%
 217  KX827296    0.00%    passed     52.82%
 218  KX827295    0.00%    passed     51.26%
 219  AY902775    0.00%    passed     53.74%
 220  KT749832    0.00%    passed     64.60%
 221  EU859938    0.00%    passed     65.13%
 222  AB453983    0.00%    passed     62.58%
 223  GQ477470    0.03%    passed     53.95%
 224  GQ477472    0.00%    passed     48.55%
 225  GQ477490    0.00%    passed     66.16%
 226  GQ477479    0.00%    passed     49.36%
 227  AF297624    0.65%    passed     58.51%
 228  KJ586809    0.00%    passed     59.95%
 229  AY233286    0.00%    passed     72.13%
 230  KC836877    0.43%    passed     63.59%
 231  KC836878    0.31%    passed     75.28%
 232  KC836881    0.28%    passed     68.78%
 233  GQ477466    0.03%    passed     73.72%
 234  GQ477483    0.06%    passed     65.66%
 235  GQ477491    0.00%    passed     65.47%
 236  GQ477475    0.00%    passed     44.54%
 237  GQ477486    0.00%    passed     64.09%
 238  GQ477495    0.00%    passed     69.74%
 239  GQ477494    0.06%    passed     67.39%
 240  GU563551    0.00%    passed     63.59%
 241  GQ477497    0.00%    passed     57.25%
 242  AB453982    0.00%    passed     75.25%
 243  GQ477488    0.00%    passed     66.28%
 244  KJ843184    0.09%    passed     75.80%
 245  GQ477489    0.03%    passed     60.47%
 246  KP995108    0.00%    passed     66.30%
 247  GQ477485    0.03%    passed     65.98%
 248  GQ477478    0.00%    passed     55.57%
 249  GQ477504    0.00%    passed     66.73%
 250  OK143492    1.21%    passed     69.52%
 251  OK143495    1.21%    passed     70.48%
 252  EU185786    0.81%    passed     64.71%
 253  EU185787    0.47%    passed     70.93%
 254  EU185789    0.53%    passed     71.94%
 255  GQ477500    0.00%    passed     49.19%
 256  GQ477499    0.03%    passed     62.32%
 257  OK143498    1.21%    passed     67.76%
 258  AB697487    1.65%    passed     71.49%
 259  AB697498    1.58%    passed     77.69%
 260  GQ477471    0.06%    passed     81.07%
 261  GQ477501    0.00%    passed     61.19%
 262  AB330371    0.03%    passed     55.12%
 263  AB330372    0.03%    passed     64.39%
 264  AB330373    0.06%    passed     45.66%
 265  GQ477480    0.00%    passed     53.66%
 266  GQ477487    0.00%    passed     66.55%
 267  AJ627228    0.40%    passed     66.70%
 268  AB453985    0.00%    passed     64.83%
 269  GQ477476    0.00%    passed     65.06%
 270  AJ627226    0.28%    passed     63.55%
 271  GQ477463    0.03%    passed     49.74%
 272  GQ477469    0.00%    passed     64.77%
 273  DQ788726    3.32%    passed     76.01%
 274  DQ788728    2.98%    passed     79.07%
 275  DQ788727    2.98%    passed     91.54%
 276  DQ788729    2.98%    passed     83.83%
 277  OK143481    1.27%    passed     72.56%
 278  MF925386    0.03%    passed     78.00%
 279  KC875260    0.00%    passed     69.77%
 280  OK143478    1.21%    passed     76.25%
 281  GQ477477    0.00%    passed     57.19%
 282  GQ477493    0.03%    passed     70.19%
 283  GQ477502    0.00%    passed     66.56%
 284  AB270536    0.03%    passed     86.07%
 285  GQ477462    0.03%    passed     64.12%
 286  KT749822    0.00%    passed     65.63%
 287  AJ627227    0.62%    passed     61.56%
 288  GQ477481    0.00%    passed     49.87%
 289  GQ477474    0.03%    passed     64.68%
 290  MF772344    0.00%    passed     62.52%
 291  MF772350    0.00%    passed     57.09%
 292  MF772346    0.00%    passed     67.37%
 293  MF772347    0.00%    passed     67.19%
 294  GQ477464    0.00%    passed     56.72%
 295  MF772345    0.00%    passed     61.84%
 296  AB937797    0.81%    passed     48.01%
 297  GQ477473    0.00%    passed     92.61%
 298  KC836880    0.31%    passed     70.65%
 299  FJ349222    1.77%    passed     54.13%
 300  FJ349223    5.74%    passed     44.80%
 301  AF297622    0.65%    passed     41.43%
 302  FJ904411    1.09%    passed     76.76%
 303  FJ904434    1.02%    passed     63.78%
 304  AB222708    0.09%    passed     73.47%
 305  MZ043025   43.74%    passed     76.47%
 306  MZ043026   43.71%    passed     79.02%
 307  MZ043040   43.71%    passed     66.93%
 308  MZ043083   43.71%    passed     64.00%
 309  MZ043084   43.71%    passed     69.73%
 310  MZ043061   43.74%    passed     55.03%
 311  JX310722   43.87%    passed     67.76%
 312  JX310723   43.87%    passed     71.17%
 313  KF779227   44.46%    passed     64.74%
 314  KF779266   44.46%    passed     64.74%
 315  KF779350   44.46%    passed     61.72%
 316  KF779317   44.46%    passed     61.39%
 317  KF779338   44.46%    passed     57.82%
 318  KF779339   44.46%    passed     57.82%
 319  KF779355   44.46%    passed     57.97%
 320  KF779275   44.46%    passed     61.39%
 321  KF779344   44.46%    passed     61.54%
 322  KF779363   44.46%    passed     61.39%
 323  KF779345   44.46%    passed     58.01%
 324  KF779362   44.46%    passed     64.43%
 325  KF779364   44.46%    passed     64.74%
 326  KF779378   44.46%    passed     64.68%
 327  KF779336   44.46%    passed     62.63%
 328  KF779279   44.46%    passed     54.48%
 329  KF779346   44.46%    passed     57.61%
 330  KF779347   44.46%    passed     57.61%
 331  KF779367   44.46%    passed     67.33%
 332  KF779326   44.46%    passed     61.06%
 333  KF779348   44.46%    passed     57.82%
 334  KF779352   44.46%    passed     60.56%
 335  KF779368   44.46%    passed     64.86%
 336  KF779369   44.46%    passed     64.86%
 337  KF779373   44.46%    passed     64.52%
 338  KF779329   44.46%    passed     68.14%
 339  KF779371   44.46%    passed     64.86%
 340  KF779243   44.46%    passed     64.74%
 341  KF779251   44.46%    passed     67.89%
 342  KF779262   44.46%    passed     64.74%
 343  KF779310   44.46%    passed     67.45%
 344  KF779314   44.46%    passed     64.52%
 345  KF779313   44.46%    passed     64.52%
 346  KF779258   44.46%    passed     65.02%
 347  KF779253   44.46%    passed     66.83%
 348  KF779255   44.46%    passed     64.52%
 349  KF779259   44.46%    passed     55.03%
 350  KF779244   44.46%    passed     64.74%
 351  KF779366   44.46%    passed     61.06%
 352  KF779246   44.46%    passed     71.25%
 353  KF779247   44.46%    passed     68.09%
 354  KF779248   44.46%    passed     64.43%
 355  KF779245   44.46%    passed     54.89%
 356  KF779286   44.46%    passed     68.08%
 357  KF779287   44.46%    passed     64.84%
 358  KF779290   44.46%    passed     64.09%
 359  KF779294   44.46%    passed     67.63%
 360  KF779291   44.46%    passed     64.96%
 361  KF779298   44.46%    passed     64.87%
 362  KF779232   44.46%    passed     57.82%
 363  KF779231   44.46%    passed     66.83%
 364  KF779319   44.46%    passed     74.20%
 365  KF779304   44.46%    passed     70.75%
 366  KF779322   44.46%    passed     70.14%
 367  KF779323   44.46%    passed     70.77%
 368  KF779325   44.46%    passed     71.12%
 369  KF779324   44.46%    passed     70.58%
 370  KF779386   44.46%    passed     63.80%
 371  KF779305   44.46%    passed     68.14%
 372  KF779238   44.46%    passed     67.83%
 373  KF779278   44.46%    passed     64.43%
 374  KF779370   44.46%    passed     70.58%
 375  KF779240   44.46%    passed     63.59%
 376  KF779385   44.46%    passed     70.90%
 377  KF779316   44.46%    passed     70.77%
 378  KF779337   44.46%    passed     61.06%
 379  KF779252   44.46%    passed     67.45%
 380  KF779239   44.46%    passed     67.06%
 381  KF779312   44.46%    passed     67.06%
 382  KF779342   44.46%    passed     67.06%
 383  KF779331   44.46%    passed     63.81%
 384  KF779328   44.46%    passed     66.70%
 385  KF779359   44.46%    passed     66.67%
 386  KF779358   44.46%    passed     69.62%
 387  KF779354   44.46%    passed     70.33%
 388  KF779330   44.46%    passed     67.31%
 389  KF779249   44.46%    passed     64.14%
 390  KF779309   44.46%    passed     64.14%
 391  KF779308   44.46%    passed     57.51%
 392  KF779372   44.46%    passed     64.14%
 393  KF779280   44.46%    passed     63.30%
 394  KF779283   44.46%    passed     67.70%
 395  KF779281   44.46%    passed     56.27%
 396  KF779270   44.46%    passed     63.81%
 397  KF779306   44.46%    passed     64.14%
 398  KF779383   44.46%    passed     63.81%
 399  KF779274   44.46%    passed     63.81%
 400  KF779282   44.46%    passed     67.31%
 401  KF779269   44.46%    passed     64.14%
 402  KF779349   44.46%    passed     64.27%
 403  KF779356   44.46%    passed     71.25%
 404  KF779374   44.46%    passed     64.29%
 405  KF779276   44.46%    passed     61.06%
 406  KF779375   44.46%    passed     64.29%
 407  KF779277   44.46%    passed     64.52%
 408  KF779261   44.46%    passed     60.47%
 409  KF779264   44.46%    passed     65.16%
 410  KF779360   44.46%    passed     76.80%
 411  KF779263   44.46%    passed     64.01%
 412  KF779320   44.46%    passed     67.73%
 413  KF779321   44.46%    passed     64.84%
 414  KF779257   44.46%    passed     64.74%
 415  KF779365   44.46%    passed     57.95%
 416  KF779297   44.46%    passed     71.20%
 417  KF779334   44.46%    passed     57.61%
 418  KF779268   44.46%    passed     70.23%
 419  KF779284   44.46%    passed     63.31%
 420  KF779361   44.46%    passed     61.39%
 421  KF779311   44.46%    passed     72.75%
 422  KF779295   44.46%    passed     67.33%
 423  KF779254   44.46%    passed     58.25%
 424  KF779333   44.46%    passed     66.83%
 425  MZ043078   43.71%    passed     67.32%
 426  JQ707532   44.43%    passed     73.75%
 427  JQ707533   44.43%    passed     67.30%
 428  JQ707535   44.43%    passed     60.92%
 429  JQ707539   44.43%    passed     67.57%
 430  JQ707542   44.43%    passed     70.84%
 431  JQ707554   44.43%    passed     67.34%
 432  JQ707545   44.43%    passed     63.52%
 433  JQ707538   44.43%    passed     63.52%
 434  JQ707541   44.43%    passed     70.70%
 435  JQ707543   44.43%    passed     67.55%
 436  JQ707546   44.43%    passed     67.55%
 437  JQ707549   44.43%    passed     70.87%
 438  JQ707555   44.43%    passed     70.84%
 439  JQ707566   44.43%    passed     67.55%
 440  JQ707567   44.43%    passed     67.55%
 441  JQ707568   44.43%    passed     67.60%
 442  JQ707564   44.43%    passed     70.84%
 443  JQ707560   44.43%    passed     73.82%
 444  JQ707573   44.43%    passed     66.87%
 445  JQ707562   44.43%    passed     63.34%
 446  JQ707556   44.43%    passed     67.60%
 447  JQ707558   44.43%    passed     67.60%
 448  JQ707552   44.43%    passed     67.29%
 449  JQ707557   44.43%    passed     70.58%
 450  JQ707548   44.43%    passed     66.59%
 451  JQ707550   44.43%    passed     60.57%
 452  JQ707544   44.43%    passed     70.34%
 453  JQ707559   44.46%    passed     64.79%
 454  JQ707572   44.43%    passed     70.71%
 455  JQ707547   44.43%    passed     70.63%
 456  JQ707569   44.43%    passed     64.10%
 457  JQ707571   44.43%    passed     67.34%
 458  JQ707534   44.43%    passed     67.30%
 459  JQ707570   44.43%    passed     73.03%
 460  JQ707561   44.43%    passed     63.97%
 461  JQ707551   44.43%    passed     66.87%
 462  JQ707563   44.43%    passed     73.45%
 463  JQ707536   44.43%    passed     70.63%
 464  JQ707577   44.43%    passed     57.78%
 465  JQ707601   44.43%    passed     67.67%
 466  JQ707575   44.43%    passed     73.57%
 467  JQ707583   44.43%    passed     76.92%
 468  JQ707581   44.43%    passed     73.83%
 469  JQ707587   44.43%    passed     73.60%
 470  JQ707579   44.43%    passed     64.31%
 471  JQ707588   44.43%    passed     73.87%
 472  JQ707591   44.43%    passed     73.53%
 473  JQ707580   44.43%    passed     73.83%
 474  JQ707576   44.43%    passed     69.85%
 475  JQ707589   44.43%    passed     73.45%
 476  JQ707590   44.43%    passed     67.29%
 477  JQ707592   44.43%    passed     60.09%
 478  JQ707537   44.43%    passed     56.32%
 479  JQ707609   44.43%    passed     60.81%
 480  JQ707624   44.43%    passed     60.81%
 481  JQ707637   44.43%    passed     60.81%
 482  JQ707612   44.43%    passed     60.81%
 483  JQ707618   44.43%    passed     64.27%
 484  JQ707620   44.43%    passed     60.81%
 485  JQ707614   44.43%    passed     57.27%
 486  JQ707631   44.43%    passed     60.81%
 487  JQ707629   44.43%    passed     60.81%
 488  JQ707611   44.43%    passed     64.10%
 489  JQ707619   44.43%    passed     60.55%
 490  JQ707621   44.43%    passed     60.81%
 491  JQ707626   44.43%    passed     60.55%
 492  JQ707632   44.43%    passed     57.63%
 493  JQ707613   44.43%    passed     64.27%
 494  JQ707610   44.43%    passed     57.27%
 495  JQ707616   44.43%    passed     60.35%
 496  JQ707623   44.43%    passed     60.88%
 497  JQ707625   44.43%    passed     67.60%
 498  JQ707617   44.43%    passed     64.10%
 499  JQ707615   44.43%    passed     60.55%
 500  JQ707633   44.43%    passed     60.55%
 501  JQ707636   44.43%    passed     60.55%
 502  JQ707622   44.43%    passed     63.97%
 503  JQ707627   44.43%    passed     60.81%
 504  JQ707638   44.43%    passed     63.16%
 505  JQ707639   44.43%    passed     63.16%
 506  JQ707640   44.43%    passed     63.19%
 507  JQ707648   44.43%    passed     66.80%
 508  JQ707651   44.43%    passed     66.80%
 509  JQ707642   44.43%    passed     62.95%
 510  JQ707643   44.43%    passed     63.16%
 511  JQ707645   44.43%    passed     63.16%
 512  JQ707653   44.43%    passed     66.80%
 513  JQ707656   44.43%    passed     66.80%
 514  JQ707644   44.43%    passed     66.59%
 515  JQ707650   44.43%    passed     70.32%
 516  JQ707652   44.43%    passed     63.19%
 517  JQ707647   44.43%    passed     63.63%
 518  JQ707646   44.43%    passed     66.11%
 519  JQ707641   44.43%    passed     63.74%
 520  JQ707649   44.43%    passed     63.16%
 521  JQ707654   44.43%    passed     66.80%
 522  JQ707655   44.43%    passed     63.16%
 523  JQ707630   44.43%    passed     60.88%
 524  JQ707628   44.43%    passed     59.80%
 525  JQ707634   44.43%    passed     60.88%
 526  JQ707635   44.43%    passed     63.74%
 527  JQ707582   44.43%    passed     67.67%
 528  JQ707595   44.43%    passed     76.86%
 529  JQ707659   44.43%    passed     60.42%
 530  JQ707663   44.43%    passed     67.22%
 531  JQ707667   44.43%    passed     63.68%
 532  JQ707664   44.43%    passed     63.68%
 533  JQ707665   44.43%    passed     63.68%
 534  JQ707672   44.43%    passed     60.03%
 535  JQ707674   44.43%    passed     67.22%
 536  JQ707676   44.43%    passed     63.74%
 537  JQ707661   44.43%    passed     56.79%
 538  JQ707669   44.43%    passed     63.97%
 539  KF779221   44.46%    passed     56.43%
 540  KF779381   44.46%    passed     65.00%
 541  KF779272   44.46%    passed     66.63%
 542  KF779260   44.46%    passed     79.88%
 543  KF779265   44.46%    passed     63.65%
 544  JQ707299   44.43%    passed     56.32%
 545  JQ707302   44.43%    passed     56.60%
 546  JQ707311   44.43%    passed     56.60%
 547  JQ707333   44.43%    passed     60.54%
 548  JQ707308   44.43%    passed     56.60%
 549  JQ707341   44.43%    passed     56.60%
 550  JQ707342   44.43%    passed     53.81%
 551  JQ707320   44.43%    passed     56.60%
 552  JQ707339   44.43%    passed     60.25%
 553  JQ707304   44.43%    passed     58.62%
 554  JQ707310   44.43%    passed     58.68%
 555  JQ707307   44.43%    passed     55.63%
 556  JQ707336   44.43%    passed     58.68%
 557  JQ707321   44.43%    passed     57.73%
 558  JQ707343   44.43%    passed     61.64%
 559  JQ707334   44.43%    passed     61.64%
 560  JQ707338   44.43%    passed     57.73%
 561  JQ707322   44.43%    passed     59.43%
 562  JQ707331   44.43%    passed     59.31%
 563  JQ707330   44.43%    passed     58.62%
 564  JQ707315   44.43%    passed     65.21%
 565  JQ707327   44.43%    passed     65.21%
 566  JQ707324   44.43%    passed     58.68%
 567  JQ707326   44.43%    passed     58.68%
 568  JQ707344   44.43%    passed     58.62%
 569  JQ707332   44.43%    passed     54.82%
 570  JQ707303   44.43%    passed     60.66%
 571  JQ707323   44.43%    passed     61.64%
 572  JQ707312   44.43%    passed     64.55%
 573  JQ707309   44.43%    passed     58.68%
 574  JQ707305   44.43%    passed     58.62%
 575  JQ707313   44.43%    passed     61.61%
 576  JQ707306   44.43%    passed     73.72%
 577  JQ707317   44.43%    passed     68.29%
 578  JQ707301   44.43%    passed     57.73%
 579  JQ707300   44.43%    passed     55.63%
 580  JQ707314   44.43%    passed     53.81%
 581  JQ707340   44.43%    passed     68.91%
 582  JQ707316   44.43%    passed     55.52%
 583  JQ707325   44.43%    passed     69.72%
 584  JQ707335   44.43%    passed     62.50%
 585  JQ707319   44.43%    passed     53.28%
 586  JQ707337   44.43%    passed     53.63%
 587  JQ707329   44.43%    passed     61.41%
 588  JQ707373   44.43%    passed     71.57%
 589  JQ707381   44.43%    passed     68.92%
 590  JQ707393   44.43%    passed     68.92%
 591  JQ707387   44.43%    passed     68.51%
 592  JQ707391   44.43%    passed     68.22%
 593  JQ707385   44.43%    passed     69.69%
 594  JQ707389   44.43%    passed     69.41%
 595  JQ707386   44.43%    passed     67.92%
 596  JQ707400   44.43%    passed     71.08%
 597  JQ707403   44.43%    passed     71.08%
 598  JQ707404   44.43%    passed     68.22%
 599  JQ707409   44.43%    passed     68.22%
 600  JQ707412   44.43%    passed     68.22%
 601  JQ707413   44.43%    passed     67.91%
 602  JQ707416   44.43%    passed     71.89%
 603  JQ707417   44.43%    passed     71.89%
 604  JQ707420   44.43%    passed     68.22%
 605  JQ707418   44.43%    passed     64.12%
 606  JQ707405   44.43%    passed     68.92%
 607  JQ707410   44.43%    passed     65.43%
 608  JQ707419   44.43%    passed     68.22%
 609  JQ707411   44.43%    passed     67.32%
 610  JQ707414   44.43%    passed     67.91%
 611  JQ707407   44.43%    passed     70.86%
 612  JQ707408   44.43%    passed     71.08%
 613  JQ707395   44.43%    passed     69.85%
 614  JQ707406   44.43%    passed     62.57%
 615  JQ707398   44.43%    passed     65.80%
 616  JQ707328   44.43%    passed     61.61%
 617  JQ707345   44.43%    passed     61.64%
 618  JQ707348   44.43%    passed     57.44%
 619  JQ707357   44.43%    passed     54.76%
 620  JQ707351   44.43%    passed     53.64%
 621  JQ707352   44.43%    passed     56.44%
 622  JQ707359   44.43%    passed     56.44%
 623  JQ707369   44.43%    passed     60.37%
 624  JQ707354   44.43%    passed     53.71%
 625  JQ707362   44.43%    passed     60.37%
 626  JQ707370   44.43%    passed     56.71%
 627  JQ707366   44.43%    passed     56.66%
 628  JQ707364   44.43%    passed     56.44%
 629  JQ707360   44.43%    passed     59.52%
 630  JQ707363   44.43%    passed     54.55%
 631  JQ707367   44.43%    passed     52.97%
 632  JQ707368   44.43%    passed     53.42%
 633  JQ707401   44.43%    passed     94.27%
 634  JQ707318   44.43%    passed     49.43%
 635  KF779293   44.46%    passed     53.61%
 636  KF779256   44.46%    passed     61.39%
 637  KF779234   44.46%    passed     54.34%
 638  KF779210   44.46%    passed     61.72%
 639  KF779211   44.46%    passed     61.79%
 640  MZ043070   43.74%    passed     50.97%
 641  MZ043028   43.71%    passed     63.56%
 642  MZ043047   43.71%    passed     78.54%
 643  MZ043072   43.74%    passed     66.51%
 644  MZ043095   43.71%    passed     69.44%
 645  MZ043042   43.81%    passed     57.96%
 646  MZ043097   43.71%    passed     69.52%
 647  MZ043082   43.74%    passed     65.30%
 648  MZ043051   43.71%    passed     81.42%
 649  MZ043077   43.71%    passed     66.07%
 650  MZ043075   43.74%    passed     71.07%
 651  MZ043060   43.71%    passed     66.30%
 652  MZ043046   43.71%    passed     66.93%
 653  MZ043043   43.78%    passed     50.87%
 654  MZ043094   43.74%    passed     68.31%
 655  MZ043065   43.84%    passed     67.80%
 656  MZ043074   43.78%    passed     47.78%
 657  MZ043050   43.74%    passed     53.96%
 658  MZ043053   43.71%    passed     63.97%
 659  MZ043032   43.74%    passed     77.30%
 660  MZ043081   43.78%    passed     55.38%
 661  MZ043031   43.71%    passed     70.61%
 662  MZ043092   43.71%    passed     62.28%
 663  MZ043052   43.74%    passed     66.66%
 664  MZ043069   43.78%    passed     59.19%
 665  MZ043044   43.71%    passed     68.25%
 666  MZ043033   43.74%    passed     61.91%
 667  KF779213   44.46%    passed     35.92%
 668  KF779215   44.46%    passed     61.48%
 669  MZ043090   43.71%    passed     55.07%
 670  MZ043071   43.71%    passed     56.63%
 671  MZ043038   43.74%    passed     43.07%
 672  MZ043067   43.71%    passed     63.44%
 673  MZ043059   43.81%    passed     66.49%
 674  MZ043066   43.71%    passed     47.26%
 675  MZ043068   43.71%    passed     73.84%
 676  MZ043062   43.71%    passed     65.95%
 677  MZ043093   43.74%    passed     70.89%
 678  MZ043045   43.71%    passed     68.63%
 679  MZ043029   43.71%    passed     67.70%
 680  MZ043054   43.78%    passed     62.23%
 681  MZ043073   43.71%    passed     48.82%
 682  MZ043087   43.74%    passed     49.17%
 683  MZ043057   43.71%    passed     61.30%
 684  MZ043058   43.74%    passed     40.99%
 685  MZ043085   43.84%    passed     81.21%
 686  DQ298161   43.34%    passed     82.60%
 687  DQ298163   43.34%    passed     67.48%
 688  DQ298164   43.34%    passed     56.33%
 689  DQ298165   43.34%    passed     63.99%
 690  DQ298162   43.34%    passed     81.59%
 691  MZ043064   45.42%    passed     48.95%
 692  MZ043027   43.84%    passed     76.26%
 693  MZ043079   43.71%    passed     85.06%
 694  MN104805   45.48%    passed     67.38%
 695  GQ414522   57.37%    passed     61.56%
WARNING: 1 sequences contain more than 50% gaps/ambiguity
****  TOTAL      25.04%  0 sequences failed composition chi2 test (p-value<5%; df=3)
NOTE: AB697489 is identical to LC365288 but kept for subsequent analysis
NOTE: AB697499 is identical to AB697496 but kept for subsequent analysis
NOTE: AB453979 is identical to AB697504 but kept for subsequent analysis
NOTE: AB937794 is identical to AB937793 but kept for subsequent analysis
NOTE: AB775201 is identical to AB775200 but kept for subsequent analysis
NOTE: EU594392 is identical to EU594390 but kept for subsequent analysis
NOTE: EU859918 is identical to EU859914 but kept for subsequent analysis
NOTE: EU859915 is identical to EU859904 but kept for subsequent analysis
NOTE: EU859899 is identical to KT749837 but kept for subsequent analysis
NOTE: EU859910 is identical to EU859902 but kept for subsequent analysis
NOTE: AM295797 is identical to AM295795 but kept for subsequent analysis
NOTE: KT749847 is identical to KT749846 but kept for subsequent analysis
NOTE: KF779243 is identical to KF779227 but kept for subsequent analysis
NOTE: KF779339 is identical to KF779338 but kept for subsequent analysis
NOTE: KF779347 is identical to KF779346 but kept for subsequent analysis
NOTE: KF779369 is identical to KF779368 but kept for subsequent analysis
NOTE: KF779309 is identical to KF779249 but kept for subsequent analysis
NOTE: JQ707566 is identical to JQ707546 but kept for subsequent analysis
NOTE: JQ707624 is identical to JQ707609 but kept for subsequent analysis
NOTE: JQ707613 is identical to JQ707618 but kept for subsequent analysis
NOTE: JQ707633 is identical to JQ707615 but kept for subsequent analysis
NOTE: JQ707639 is identical to JQ707638 but kept for subsequent analysis
NOTE: JQ707664 is identical to JQ707667 but kept for subsequent analysis
NOTE: JQ707311 is identical to JQ707302 but kept for subsequent analysis
NOTE: JQ707326 is identical to JQ707324 but kept for subsequent analysis
NOTE: JQ707393 is identical to JQ707381 but kept for subsequent analysis
NOTE: JQ707409 is identical to JQ707404 but kept for subsequent analysis
NOTE: JQ707359 is identical to JQ707352 but kept for subsequent analysis
Checking for duplicate sequences: done in 0.00405502 secs using 91.22% CPU
Identifying sites to remove: done in 0.0129428 secs using 90.39% CPU
NOTE: 32 identical sequences (see below) will be ignored for subsequent analysis
NOTE: AB697501 (identical to LC365288) is ignored but added at the end
NOTE: AB697503 (identical to AB697496) is ignored but added at the end
NOTE: AB697508 (identical to AB697496) is ignored but added at the end
NOTE: EU859929 (identical to EU859914) is ignored but added at the end
NOTE: EU859905 (identical to KT749837) is ignored but added at the end
NOTE: EU859908 (identical to KT749837) is ignored but added at the end
NOTE: EU859909 (identical to KT749837) is ignored but added at the end
NOTE: EU859922 (identical to KT749837) is ignored but added at the end
NOTE: EU859926 (identical to KT749837) is ignored but added at the end
NOTE: EU859928 (identical to KT749837) is ignored but added at the end
NOTE: KT749849 (identical to KT749846) is ignored but added at the end
NOTE: KF779334 (identical to KF779346) is ignored but added at the end
NOTE: KF779306 (identical to KF779249) is ignored but added at the end
NOTE: JQ707567 (identical to JQ707546) is ignored but added at the end
NOTE: JQ707637 (identical to JQ707609) is ignored but added at the end
NOTE: JQ707612 (identical to JQ707609) is ignored but added at the end
NOTE: JQ707620 (identical to JQ707609) is ignored but added at the end
NOTE: JQ707631 (identical to JQ707609) is ignored but added at the end
NOTE: JQ707629 (identical to JQ707609) is ignored but added at the end
NOTE: JQ707621 (identical to JQ707609) is ignored but added at the end
NOTE: JQ707636 (identical to JQ707615) is ignored but added at the end
NOTE: JQ707643 (identical to JQ707638) is ignored but added at the end
NOTE: JQ707645 (identical to JQ707638) is ignored but added at the end
NOTE: JQ707649 (identical to JQ707638) is ignored but added at the end
NOTE: JQ707655 (identical to JQ707638) is ignored but added at the end
NOTE: JQ707665 (identical to JQ707667) is ignored but added at the end
NOTE: JQ707308 (identical to JQ707302) is ignored but added at the end
NOTE: JQ707341 (identical to JQ707302) is ignored but added at the end
NOTE: JQ707320 (identical to JQ707302) is ignored but added at the end
NOTE: JQ707412 (identical to JQ707404) is ignored but added at the end
NOTE: JQ707420 (identical to JQ707404) is ignored but added at the end
NOTE: JQ707419 (identical to JQ707404) is ignored but added at the end
Alignment was printed to results/aligned_hepatitisB_A2-delim.fasta.uniqueseq.phy

For your convenience alignment with unique sequences printed to results/aligned_hepatitisB_A2-delim.fasta.uniqueseq.phy

Create initial parsimony tree by phylogenetic likelihood library (PLL)... 0.010 seconds

NOTE: 32 MB RAM (0 GB) is required!
Estimate model parameters (epsilon = 0.500)
1. Initial log-likelihood: -72792.863
2. Current log-likelihood: -69734.452
3. Current log-likelihood: -69716.209
Optimal log-likelihood: -69715.574
Rate parameters:  A-C: 1.75188  A-G: 4.04527  A-T: 1.46454  C-G: 0.51111  C-T: 2.65210  G-T: 1.00000
Base frequencies:  A: 0.222  C: 0.272  G: 0.224  T: 0.283
Parameters optimization took 3 rounds (1.870 sec)
Wrote distance file to... 
Computing ML distances based on estimated model parameters...
Calculating distance matrix: done in 0.868519 secs using 99.52% CPU
Computing ML distances took 0.872410 sec (of wall-clock time) 0.867221 sec (of CPU time)
Setting up auxiliary I and S matrices: done in 0.00827885 secs using 184.3% CPU
Constructing RapidNJ tree: done in 0.0544429 secs using 192.5% CPU
Computing RapidNJ tree took 0.062820 sec (of wall-clock time) 0.120168 sec (of CPU time)
Log-likelihood of RapidNJ tree: -42418.818
--------------------------------------------------------------------
|             INITIALIZING CANDIDATE TREE SET                      |
--------------------------------------------------------------------

Do NNI search on 2 best initial trees
Optimizing NNI: done in 2.12513 secs using 99.49% CPU
Estimate model parameters (epsilon = 0.500)
BETTER TREE FOUND at iteration 1: -41836.988
Optimizing NNI: done in 6.7902 secs using 99.5% CPU
Finish initializing candidate tree set (4)
Current best tree score: -41836.988 / CPU time: 10.079
Number of iterations: 2
TREE SEARCH COMPLETED AFTER 2 ITERATIONS / Time: 0h:0m:13s

--------------------------------------------------------------------
|                    FINALIZING TREE SEARCH                        |
--------------------------------------------------------------------
Performs final model parameters optimization
Estimate model parameters (epsilon = 0.050)
1. Initial log-likelihood: -41836.988
Optimal log-likelihood: -41836.985
Rate parameters:  A-C: 1.92209  A-G: 3.56725  A-T: 1.28974  C-G: 0.62040  C-T: 2.59057  G-T: 1.00000
Base frequencies:  A: 0.222  C: 0.272  G: 0.224  T: 0.283
Parameters optimization took 1 rounds (0.249 sec)
BEST SCORE FOUND : -41836.985
Total tree length: 1.969

Total number of iterations: 2
CPU time used for tree search: 10.026 sec (0h:0m:10s)
Wall-clock time used for tree search: 10.081 sec (0h:0m:10s)
Total CPU time used: 14.101 sec (0h:0m:14s)
Total wall-clock time used: 13.973 sec (0h:0m:13s)

Analysis results written to: 
  IQ-TREE report:                results/aligned_hepatitisB_A2-delim.fasta.iqtree
  Maximum-likelihood tree:       results/aligned_hepatitisB_A2-delim.fasta.treefile
  Likelihood distances:          results/aligned_hepatitisB_A2-delim.fasta.mldist
  Screen log file:               results/aligned_hepatitisB_A2-delim.fasta.log

Date and Time: Thu Nov 17 15:31:02 2022
