IQ-TREE multicore version 2.2.0-beta COVID-edition for Mac OS X 64-bit built Mar  3 2022 built Mar  3 2022
Developed by Bui Quang Minh, James Barbetti, Nguyen Lam Tung,
Olga Chernomor, Heiko Schmidt, Dominik Schrempf, Michael Woodhams, Ly Trong Nhan.

Host:    MacBook-Pro-2.local (SSE4.2, 8 GB RAM)
Command: iqtree2 -nt 1 -s results/aligned_hepatitisB_B-delim.fasta -m GTR -ninit 2 -n 2 -me 0.05
Seed:    26689 (Using SPRNG - Scalable Parallel Random Number Generator)
Time:    Tue Nov 15 14:59:18 2022
Kernel:  SSE2 - 1 threads (8 CPU cores detected)

HINT: Use -nt option to specify number of threads because your CPU has 8 cores!
HINT: -nt AUTO will automatically determine the best number of threads to use.

Reading alignment file results/aligned_hepatitisB_B-delim.fasta ... Fasta format detected
Reading fasta file: done in 0.0968759 secs using 91.04% CPU
Alignment most likely contains DNA/RNA sequences
Constructing alignment: done in 0.0384269 secs using 78.96% CPU
Alignment has 1426 sequences with 3215 columns, 2534 distinct patterns
1760 parsimony-informative, 640 singleton sites, 815 constant sites
          Gap/Ambiguity  Composition  p-value
Analyzing sequences: done in 0.008919 secs using 90.65% CPU
   1  AY518556    0.00%    passed     97.99%
   2  OM669625    0.03%    passed     99.68%
   3  KU963981    0.00%    passed     99.25%
   4  KU963982    0.00%    passed     99.03%
   5  KU963984    0.00%    passed     98.81%
   6  KU963988    0.00%    passed     99.07%
   7  GU434373    0.00%    passed     99.43%
   8  KP341008    0.00%    passed     99.72%
   9  JQ688405    0.00%    passed     99.57%
  10  MF674449    0.00%    passed     98.45%
  11  JQ801479    0.00%    passed     99.10%
  12  GQ924627    0.00%    passed     99.69%
  13  AB471854    0.00%    passed     98.93%
  14  AB471855    0.00%    passed     99.62%
  15  GQ377547    0.00%    passed     99.85%
  16  GQ924608    0.03%    passed     99.12%
  17  GQ924603    0.00%    passed     99.16%
  18  KC774399    0.00%    passed     99.60%
  19  LC456127    0.00%    passed     99.76%
  20  DQ993697    0.03%    passed     98.44%
  21  DQ448627    0.00%    passed     99.54%
  22  GQ924653    0.00%    passed     98.42%
  23  JX869999    0.03%    passed     99.76%
  24  KU963954    0.00%    passed     99.78%
  25  DQ448621    0.00%    passed     99.28%
  26  DQ448625    0.00%    passed     99.70%
  27  JQ040171    0.06%    passed     99.24%
  28  KC510660    0.00%    passed     99.66%
  29  JX507215    0.00%    passed     99.36%
  30  MF674427    0.00%    passed     99.25%
  31  JX507210    0.00%    passed     99.92%
  32  GQ924605    0.31%    passed     99.25%
  33  GQ924610    0.00%    passed     98.47%
  34  MH061283    0.00%    passed     98.45%
  35  EU350409    0.00%    passed     99.43%
  36  AF121243    0.03%    passed     99.75%
  37  AF121245    0.03%    passed     99.75%
  38  AF121246    0.03%    passed     99.74%
  39  AF121244    0.03%    passed     99.63%
  40  KU964093    0.00%    passed     97.74%
  41  KU964099    0.00%    passed     98.02%
  42  KU964100    0.00%    passed     99.17%
  43  KU964101    0.00%    passed     98.85%
  44  MK534733    0.00%    passed     99.60%
  45  EU305547    0.00%    passed     99.78%
  46  EU305548    0.00%    passed     99.83%
  47  KU963803    0.00%    passed     99.48%
  48  KU963808    0.00%    passed     99.48%
  49  JF899335    0.00%    passed     99.62%
  50  JX869998    0.00%    passed     99.18%
  51  DQ448624    0.00%    passed     99.57%
  52  MT426862    1.80%    passed     97.29%
  53  MT426870    1.80%    passed     97.36%
  54  MT426877    1.80%    passed     97.22%
  55  MT426903    1.80%    passed     97.72%
  56  MT426891    1.80%    passed     97.27%
  57  MT426893    1.80%    passed     97.58%
  58  MT426901    1.80%    passed     97.58%
  59  MT426900    1.80%    passed     97.77%
  60  MT426878    1.80%    passed     96.92%
  61  FJ386666    0.00%    passed     99.37%
  62  GQ377558    0.00%    passed     99.77%
  63  GQ377569    0.00%    passed     98.35%
  64  KU963844    0.00%    passed     99.84%
  65  KU963848    0.00%    passed     99.84%
  66  KU963849    0.00%    passed     99.84%
  67  KU963850    0.00%    passed     99.84%
  68  KU963852    0.00%    passed     99.81%
  69  DQ448626    0.00%    passed     99.57%
  70  MT427018    1.80%    passed     97.10%
  71  MT427023    1.80%    passed     97.10%
  72  MT427025    1.80%    passed     97.10%
  73  MT427066    1.80%    passed     96.47%
  74  MT427074    1.80%    passed     96.70%
  75  MT427082    1.80%    passed     97.17%
  76  MT427092    1.80%    passed     96.69%
  77  MT427094    1.80%    passed     97.17%
  78  MT427107    1.80%    passed     96.11%
  79  MT427102    1.80%    passed     95.80%
  80  MT427052    1.80%    passed     95.68%
  81  MT427065    1.80%    passed     95.68%
  82  MT427030    1.80%    passed     97.32%
  83  MT427036    1.80%    passed     97.54%
  84  MT427037    1.80%    passed     95.80%
  85  MT427086    1.80%    passed     96.47%
  86  MT427096    1.80%    passed     95.46%
  87  MT427056    1.80%    passed     97.72%
  88  MT427019    1.80%    passed     95.87%
  89  MT427064    1.80%    passed     93.84%
  90  DQ993703    0.00%    passed     99.81%
  91  KC510642    0.00%    passed     97.07%
  92  KC510647    0.00%    passed     99.06%
  93  KC510650    0.00%    passed     99.43%
  94  KC510655    0.00%    passed     98.64%
  95  KC510658    0.00%    passed     99.86%
  96  GQ377537    0.00%    passed     99.76%
  97  FJ787444    0.00%    passed     99.80%
  98  GQ377566    0.00%    passed     99.37%
  99  GQ377568    0.00%    passed     99.17%
 100  GQ924611    0.03%    passed     99.37%
 101  DQ448623    0.00%    passed     99.36%
 102  JF412801    0.00%    passed     99.62%
 103  EU306700    0.00%    passed     99.05%
 104  EU306701    0.00%    passed     99.66%
 105  EU306705    0.00%    passed     99.66%
 106  EU306710    0.00%    passed     99.76%
 107  EU306708    0.00%    passed     99.58%
 108  EU306709    0.00%    passed     99.67%
 109  EU306703    0.00%    passed     98.75%
 110  EU306707    0.00%    passed     98.84%
 111  EU306704    0.00%    passed     97.55%
 112  EU439018    0.00%    passed     99.38%
 113  EU439022    0.00%    passed     99.52%
 114  EU439020    0.00%    passed     98.39%
 115  EU439021    0.06%    passed     99.14%
 116  KM359440    0.03%    passed     98.16%
 117  AY167097    0.00%    passed     99.65%
 118  KJ410507    0.00%    passed     99.83%
 119  KJ410516    0.00%    passed     99.63%
 120  KJ410517    0.00%    passed     99.17%
 121  MF674450    0.00%    passed     98.07%
 122  KC774365    0.00%    passed     98.42%
 123  KC774371    0.00%    passed     99.43%
 124  KC774373    0.00%    passed     99.84%
 125  KC774407    0.00%    passed     99.95%
 126  KC774395    0.00%    passed     98.13%
 127  KC774366    0.00%    passed     99.09%
 128  JQ040173    0.00%    passed     95.92%
 129  EU570069    0.00%    passed     98.76%
 130  EU570070    0.00%    passed     99.21%
 131  KP148314    0.00%    passed     99.67%
 132  KP148321    0.00%    passed     98.88%
 133  KP148323    0.00%    passed     99.59%
 134  KP148365    0.00%    passed     99.75%
 135  KP148331    0.00%    passed     99.83%
 136  KP148362    0.00%    passed     99.71%
 137  KP148327    0.00%    passed     99.22%
 138  KP148366    0.00%    passed     99.76%
 139  KP148332    0.00%    passed     99.39%
 140  KP148330    0.00%    passed     99.60%
 141  KP148335    0.00%    passed     99.78%
 142  KP148363    0.00%    passed     99.62%
 143  KP148329    0.00%    passed     99.82%
 144  KP148325    0.00%    passed     99.62%
 145  KP148356    0.03%    passed     99.37%
 146  KP148357    0.00%    passed     99.46%
 147  KP148322    0.00%    passed     98.90%
 148  KP148318    0.00%    passed     96.38%
 149  KP148317    0.00%    passed     98.92%
 150  JQ801512    0.03%    passed     99.54%
 151  JX507213    0.19%    passed     99.10%
 152  KU963828    0.00%    passed     99.52%
 153  KU963831    0.00%    passed     99.42%
 154  KU963835    0.00%    passed     99.67%
 155  JQ801471    0.00%    passed     99.56%
 156  KC774408    0.00%    passed     99.97%
 157  JQ801507    0.47%    passed     99.17%
 158  FJ386654    0.00%    passed     98.78%
 159  GQ377643    0.03%    passed     99.96%
 160  DQ448628    0.00%    passed     99.57%
 161  GQ377641    0.03%    passed     99.81%
 162  FJ386583    0.00%    passed     98.54%
 163  KU964116    0.00%    passed     99.77%
 164  KU964122    0.00%    passed     99.34%
 165  FJ386610    0.03%    passed     98.82%
 166  EU306677    0.00%    passed     99.51%
 167  EU306678    0.00%    passed     99.38%
 168  EU306679    0.00%    passed     99.25%
 169  EU306680    0.00%    passed     99.25%
 170  EU306682    0.03%    passed     99.19%
 171  KC774394    0.00%    passed     99.94%
 172  FJ386676    0.03%    passed     97.90%
 173  KC510654    0.00%    passed     98.78%
 174  KC510656    0.00%    passed     99.39%
 175  KC510657    0.00%    passed     98.84%
 176  KC774393    0.00%    passed     99.89%
 177  JQ040170    0.31%    passed     99.64%
 178  KJ803763    0.00%    passed     99.46%
 179  DQ448619    0.00%    passed     98.42%
 180  FJ386584    0.00%    passed     99.77%
 181  JN827419    0.00%    passed     99.31%
 182  DQ993700    0.00%    passed     98.70%
 183  DQ993701    0.00%    passed     98.56%
 184  DQ993702    0.00%    passed     99.65%
 185  GQ377519    0.00%    passed     99.58%
 186  AF121247    0.12%    passed     98.63%
 187  AF121248    0.03%    passed     99.00%
 188  AF121249    0.00%    passed     98.64%
 189  AF121251    0.00%    passed     97.52%
 190  AF121250    0.00%    passed     99.58%
 191  KU963974    0.00%    passed     99.64%
 192  GQ377542    0.00%    passed     99.84%
 193  GQ377587    0.00%    passed     99.90%
 194  GQ377639    0.00%    passed     99.88%
 195  MH663473    0.00%    passed     98.53%
 196  OM669622    0.00%    passed     98.51%
 197  KC774403    0.00%    passed     99.38%
 198  FJ386683    0.00%    passed     99.68%
 199  KY470953    0.00%    passed     99.63%
 200  KY470962    0.00%    passed     99.98%
 201  KY470955    0.03%    passed     99.74%
 202  KY470960    0.00%    passed     99.87%
 203  KY470961    0.00%    passed     99.91%
 204  KY470954    0.00%    passed     99.91%
 205  KY470957    0.03%    passed     99.98%
 206  KY470958    0.03%    passed     99.98%
 207  KY470964    0.03%    passed     99.98%
 208  KY470963    0.03%    passed     99.87%
 209  KY470959    0.06%    passed     99.99%
 210  KY470956    0.00%    passed     99.93%
 211  MF674426    0.03%    passed     99.15%
 212  KP036970    0.00%    passed     98.88%
 213  EU939638    0.03%    passed     99.24%
 214  AY217357    0.00%    passed     99.85%
 215  AY217358    0.00%    passed     99.85%
 216  KJ803752    0.00%    passed     99.76%
 217  KC774415    0.00%    passed     99.29%
 218  KX276808    0.47%    passed     99.50%
 219  GU434372    0.00%    passed     97.26%
 220  EU595030    0.00%    passed     99.87%
 221  OM669585    0.00%    passed     98.27%
 222  FJ562219    0.00%    passed     99.89%
 223  FJ386668    0.00%    passed     99.83%
 224  KP406162    1.09%    passed     99.92%
 225  KP406163    1.09%    passed     99.52%
 226  KP406166    1.09%    passed     98.71%
 227  KP406220    1.09%    passed     96.86%
 228  KP406221    1.09%    passed     96.86%
 229  KP406222    1.09%    passed     96.86%
 230  KP406223    1.09%    passed     96.86%
 231  KP406224    1.09%    passed     96.86%
 232  KP406225    1.09%    passed     96.86%
 233  KP406227    1.09%    passed     96.86%
 234  KP406228    1.09%    passed     96.86%
 235  KP406230    1.09%    passed     96.86%
 236  KP406231    1.09%    passed     96.86%
 237  KP406229    1.09%    passed     97.69%
 238  KP406232    1.09%    passed     97.65%
 239  KP406243    1.09%    passed     97.65%
 240  KP406233    1.09%    passed     96.86%
 241  KP406235    1.09%    passed     96.86%
 242  KP406242    1.09%    passed     96.86%
 243  KP406237    1.09%    passed     95.63%
 244  KP406234    1.09%    passed     95.92%
 245  KP406238    1.09%    passed     99.09%
 246  KP406240    1.09%    passed     99.09%
 247  KP406236    1.09%    passed     96.65%
 248  KP406241    1.09%    passed     99.01%
 249  KP406318    1.49%    passed     98.27%
 250  KP406320    1.09%    passed     99.23%
 251  KP406329    1.09%    passed     99.23%
 252  KP406322    1.09%    passed     99.26%
 253  KP406319    1.09%    passed     99.13%
 254  KP406321    1.09%    passed     99.13%
 255  KP406324    1.09%    passed     99.13%
 256  KP406326    1.09%    passed     99.22%
 257  KP406325    1.12%    passed     99.00%
 258  KP406328    5.51%    passed     91.28%
 259  KP406323    1.09%    passed     98.50%
 260  KP406327    1.09%    passed     99.55%
 261  KP406330    1.09%    passed     99.53%
 262  KP406334    1.09%    passed     99.68%
 263  KP406332    1.09%    passed     98.98%
 264  KP406331    1.09%    passed     99.94%
 265  KP406333    1.09%    passed     99.67%
 266  KP406165    1.12%    passed     99.51%
 267  KP406167    1.09%    passed     98.53%
 268  KP406171    1.09%    passed     97.23%
 269  KP406173    1.09%    passed     98.19%
 270  KP406244    1.09%    passed     97.98%
 271  KP406254    1.09%    passed     97.98%
 272  KP406248    1.09%    passed     97.98%
 273  KP406247    1.09%    passed     98.55%
 274  KP406252    1.09%    passed     97.72%
 275  KP406250    1.09%    passed     97.61%
 276  KP406246    1.09%    passed     97.36%
 277  KP406251    1.09%    passed     98.91%
 278  KP406249    1.09%    passed     97.48%
 279  KP406245    1.09%    passed     96.41%
 280  KP406253    1.09%    passed     93.78%
 281  KP406281    1.09%    passed     98.74%
 282  KP406284    1.09%    passed     98.67%
 283  KP406286    1.09%    passed     98.84%
 284  KP406287    1.09%    passed     98.74%
 285  KP406289    1.09%    passed     99.51%
 286  KP406285    1.12%    passed     99.34%
 287  KP406294    1.09%    passed     97.92%
 288  KP406293    1.09%    passed     98.57%
 289  KP406292    1.09%    passed     97.67%
 290  KP406283    2.30%    passed     97.34%
 291  KP406282    1.09%    passed     99.49%
 292  KP406291    1.09%    passed     99.35%
 293  KP406290    1.09%    passed     99.52%
 294  KP406288    1.09%    passed     99.33%
 295  KP406296    1.09%    passed     98.90%
 296  KP406302    1.09%    passed     98.48%
 297  KP406297    1.09%    passed     98.35%
 298  KP406300    1.09%    passed     99.07%
 299  KP406301    1.09%    passed     97.57%
 300  KP406299    1.09%    passed     97.85%
 301  KP406303    1.15%    passed     98.61%
 302  KP406298    1.09%    passed     99.07%
 303  KP406304    1.09%    passed     99.36%
 304  KP406305    1.09%    passed     98.33%
 305  KP406312    1.09%    passed     98.33%
 306  KP406314    1.09%    passed     98.33%
 307  KP406306    1.09%    passed     98.01%
 308  KP406307    1.09%    passed     96.63%
 309  KP406308    1.09%    passed     96.63%
 310  KP406309    1.09%    passed     96.63%
 311  KP406310    1.09%    passed     96.63%
 312  KP406313    1.09%    passed     96.63%
 313  KP406315    1.09%    passed     96.63%
 314  KP406316    1.09%    passed     96.63%
 315  KP406311    1.09%    passed     98.76%
 316  KP406255    1.09%    passed     94.72%
 317  KP406270    1.09%    passed     95.27%
 318  KP406274    1.09%    passed     94.55%
 319  KP406268    1.09%    passed     96.55%
 320  KP406264    1.09%    passed     96.13%
 321  KP406278    1.06%    passed     94.48%
 322  KP406265    1.09%    passed     95.85%
 323  KP406263    1.09%    passed     97.36%
 324  KP406272    1.09%    passed     96.83%
 325  KP406279    1.09%    passed     98.12%
 326  KP406275    1.09%    passed     96.37%
 327  KP406277    1.09%    passed     98.68%
 328  KP406261    1.46%    passed     94.31%
 329  KP406257    1.09%    passed     98.48%
 330  KP406269    1.09%    passed     98.86%
 331  KP406271    1.09%    passed     99.55%
 332  KP406280    1.09%    passed     99.55%
 333  KP406260    1.09%    passed     98.68%
 334  KP406266    1.09%    passed     98.25%
 335  KP406262    1.12%    passed     93.72%
 336  KP406258    1.09%    passed     99.18%
 337  KP406256    1.46%    passed     98.50%
 338  KP406259    1.46%    passed     98.50%
 339  KP406267    1.46%    passed     99.65%
 340  KP406164    3.73%    passed     97.68%
 341  KP406168    3.70%    passed     96.28%
 342  KP406174    3.70%    passed     94.62%
 343  KP406169    3.70%    passed     95.75%
 344  KP406175    3.70%    passed     95.30%
 345  KP406170    2.61%    passed     96.47%
 346  KP406172    1.09%    passed     96.86%
 347  OM669623    0.00%    passed     99.12%
 348  FJ562224    0.03%    passed     99.99%
 349  FJ562234    0.00%    passed     99.80%
 350  KU964159    0.00%    passed     99.10%
 351  KU964163    0.00%    passed     98.53%
 352  FJ032357    0.00%    passed     99.54%
 353  FJ032358    0.00%    passed     97.84%
 354  FJ386636    0.06%    passed     96.90%
 355  KU964080    0.00%    passed     98.73%
 356  KU964083    0.00%    passed     99.47%
 357  KU964084    0.00%    passed     99.33%
 358  KU964089    0.00%    passed     99.20%
 359  KU964088    0.00%    passed     99.50%
 360  JQ040147    0.19%    passed     99.64%
 361  KC492739    0.00%    passed     98.60%
 362  FJ386675    0.09%    passed     99.91%
 363  FJ562289    0.03%    passed     99.21%
 364  KC510644    0.00%    passed     98.97%
 365  KC510648    0.00%    passed     99.38%
 366  KC510653    0.00%    passed     99.28%
 367  KC510646    0.00%    passed     99.90%
 368  JQ040138    0.25%    passed     98.75%
 369  FJ032353    0.00%    passed     98.15%
 370  FJ032354    0.00%    passed     98.70%
 371  MF674422    0.00%    passed     98.92%
 372  HM011494    0.75%    passed     99.90%
 373  GQ377638    0.00%    passed     99.89%
 374  MF674391    0.00%    passed     98.64%
 375  KJ410490    0.00%    passed     99.74%
 376  JQ040128    0.81%    passed     99.69%
 377  GQ377561    0.00%    passed     99.29%
 378  AB195933    0.00%    passed     97.93%
 379  AB195935    0.00%    passed     98.12%
 380  FJ562253    0.00%    passed     99.85%
 381  KY470830    0.00%    passed     99.80%
 382  KY470832    0.00%    passed     99.99%
 383  KY470840    0.00%    passed    100.00%
 384  KY470833    0.00%    passed     99.95%
 385  KY470835    0.00%    passed     99.90%
 386  KY470836    0.00%    passed     99.95%
 387  KY470839    0.00%    passed     99.95%
 388  KY470838    0.00%    passed     99.86%
 389  KY470834    0.00%    passed     99.99%
 390  KY470837    0.00%    passed     99.99%
 391  KY470841    0.00%    passed     99.99%
 392  KY470842    0.78%    passed     99.87%
 393  KY470831    0.06%    passed     99.72%
 394  DQ993704    0.00%    passed     97.85%
 395  DQ993706    0.00%    passed     99.61%
 396  DQ993707    0.00%    passed     99.87%
 397  DQ993705    0.00%    passed     99.76%
 398  DQ993709    0.00%    passed     99.93%
 399  DQ993708    0.00%    passed     98.93%
 400  FJ386681    0.00%    passed     99.71%
 401  AY800389    0.00%    passed     99.87%
 402  AY167098    0.00%    passed     99.95%
 403  HM153811    0.00%    passed     99.29%
 404  GQ924606    0.12%    passed     99.32%
 405  FJ899784    0.00%    passed     98.51%
 406  EU939672    0.00%    passed     98.98%
 407  FJ899786    0.00%    passed     99.33%
 408  FJ899787    0.00%    passed     99.84%
 409  OM669601    0.00%    passed     97.76%
 410  OM669605    0.00%    passed     99.97%
 411  KC774377    0.00%    passed     99.42%
 412  FJ386669    0.00%    passed     99.35%
 413  KC774417    0.00%    passed     99.63%
 414  GQ377582    0.00%    passed     98.74%
 415  EU306699    0.00%    passed     98.20%
 416  OM669583    0.00%    passed     99.90%
 417  FJ562236    0.00%    passed     97.50%
 418  OM669589    0.00%    passed     98.41%
 419  OM669603    0.00%    passed     99.88%
 420  GQ924648    0.00%    passed     99.95%
 421  DQ993698    0.00%    passed     96.92%
 422  DQ993699    0.00%    passed     98.60%
 423  DQ993710    0.00%    passed     97.31%
 424  KX276799    0.90%    passed     99.88%
 425  KX276810    0.59%    passed     99.84%
 426  FJ562222    0.03%    passed     97.02%
 427  MZ934426    0.00%    passed     97.79%
 428  MZ934436    0.03%    passed     98.90%
 429  MZ934440    0.00%    passed     99.15%
 430  MW497299    0.00%    passed     99.13%
 431  MZ934435    0.03%    passed     99.04%
 432  MZ934437    0.00%    passed     99.31%
 433  MZ934438    0.00%    passed     98.72%
 434  MZ934439    0.00%    passed     98.14%
 435  MF674480    0.00%    passed     99.31%
 436  JQ801514    0.00%    passed     98.52%
 437  AY167089    0.00%    passed     99.64%
 438  MF674512    0.00%    passed     99.25%
 439  DQ448620    0.00%    passed     98.87%
 440  AY167094    0.25%    passed     98.74%
 441  MF674503    0.00%    passed     98.26%
 442  MF674506    0.00%    passed     98.67%
 443  KJ803764    0.00%    passed     98.13%
 444  MF674485    0.00%    passed     99.06%
 445  GQ924607    0.00%    passed     98.32%
 446  GQ924644    0.00%    passed     98.81%
 447  FJ386642    0.03%    passed     98.12%
 448  OM669661    0.00%    passed     98.11%
 449  AP011084    0.00%    passed     98.06%
 450  KC510641    0.00%    passed     99.01%
 451  KC774378    0.00%    passed     98.38%
 452  KC774387    0.00%    passed     98.72%
 453  KC774388    0.00%    passed     99.49%
 454  KC774390    0.00%    passed     98.80%
 455  KC774363    0.00%    passed     99.56%
 456  KC774379    0.00%    passed     99.23%
 457  KC774386    0.00%    passed     99.70%
 458  MK534627    0.00%    passed     99.64%
 459  EU796068    0.00%    passed     99.29%
 460  KC774404    0.00%    passed     97.67%
 461  MK534570    0.00%    passed     99.90%
 462  KP148336    0.00%    passed     99.97%
 463  KP148347    0.00%    passed     99.96%
 464  KP148338    0.00%    passed     99.90%
 465  KP148339    0.00%    passed     99.96%
 466  KP148348    0.00%    passed     99.94%
 467  KP148340    0.00%    passed     99.81%
 468  KP148343    0.00%    passed     99.90%
 469  KP148349    0.00%    passed     99.84%
 470  KP148344    0.00%    passed     99.93%
 471  KP148341    0.00%    passed     99.76%
 472  KP148342    0.00%    passed     99.80%
 473  KP148345    0.00%    passed     99.71%
 474  MK534705    0.00%    passed     99.62%
 475  AB675676    0.00%    passed     99.90%
 476  KP148579    0.00%    passed     99.68%
 477  KP148581    0.00%    passed     99.71%
 478  KP148582    0.00%    passed     99.66%
 479  KP148580    0.00%    passed     99.97%
 480  KP148583    0.03%    passed     99.91%
 481  KU963817    0.00%    passed     99.96%
 482  KU963823    0.00%    passed     99.96%
 483  EU306695    0.00%    passed     99.42%
 484  EU306698    0.00%    passed     99.41%
 485  EU306697    0.00%    passed     99.55%
 486  EU306696    0.00%    passed     98.02%
 487  MK052962    0.00%    passed     98.68%
 488  MK052964    0.00%    passed     99.30%
 489  MK052965    0.00%    passed     98.13%
 490  MT111595    0.00%    passed     99.43%
 491  KX276777    0.16%    passed     93.11%
 492  GQ924634    0.00%    passed     98.98%
 493  LC365289    0.00%    passed     99.81%
 494  AB642094    0.06%    passed     99.42%
 495  KX276773    0.16%    passed     99.83%
 496  GQ924631    0.03%    passed     99.95%
 497  GU357842    0.00%    passed     96.28%
 498  KX276803    0.09%    passed     96.15%
 499  AY167101    0.00%    passed     99.49%
 500  MT426907    1.80%    passed     97.93%
 501  MT426909    1.80%    passed     98.23%
 502  MT426934    1.80%    passed     98.12%
 503  MT426916    1.80%    passed     97.41%
 504  MT426948    1.80%    passed     98.37%
 505  MT426982    1.80%    passed     98.75%
 506  MT427007    1.80%    passed     98.30%
 507  MT426932    1.80%    passed     96.90%
 508  MT426954    1.80%    passed     97.81%
 509  MT426931    1.80%    passed     97.07%
 510  MT426950    1.80%    passed     97.52%
 511  MT426976    1.80%    passed     99.04%
 512  MT426988    1.80%    passed     99.03%
 513  MT426938    1.80%    passed     97.66%
 514  MT426910    1.80%    passed     97.12%
 515  MT426990    1.80%    passed     97.65%
 516  MT426973    1.80%    passed     98.57%
 517  MT426981    1.80%    passed     98.12%
 518  MT427005    1.80%    passed     97.66%
 519  MT426994    1.80%    passed     98.82%
 520  MT426961    1.80%    passed     98.87%
 521  FJ562240    0.00%    passed     99.39%
 522  EU939676    0.00%    passed     99.44%
 523  KC774376    0.00%    passed     99.97%
 524  AY217359    0.00%    passed     99.13%
 525  AY217360    0.00%    passed     99.68%
 526  JQ040134    0.50%    passed     99.52%
 527  FJ386634    0.00%    passed     98.63%
 528  EU796066    0.00%    passed     99.62%
 529  EU796067    0.00%    passed     98.78%
 530  EU796071    0.00%    passed     98.78%
 531  AJ627225    0.03%    passed     98.66%
 532  GQ924647    0.00%    passed     95.92%
 533  OM669598    0.00%    passed     99.42%
 534  MF674465    0.03%    passed     99.55%
 535  AB981581    0.96%    passed     99.97%
 536  AB981582    1.12%    passed     99.94%
 537  AB981583    1.09%    passed     99.95%
 538  KC774416    0.00%    passed     99.89%
 539  EF473973    0.00%    passed     99.97%
 540  EU939679    0.00%    passed     99.28%
 541  KJ843165    0.06%    passed     97.86%
 542  OM669591    0.00%    passed     98.75%
 543  DQ448622    0.00%    passed     99.62%
 544  OM669597    0.00%    passed     98.83%
 545  EF473975    0.00%    passed     98.92%
 546  EU305543    0.00%    passed     99.31%
 547  EU305544    0.00%    passed     98.78%
 548  EU305545    0.03%    passed     99.12%
 549  OM669588    0.00%    passed     99.93%
 550  KU964251    0.03%    passed     99.70%
 551  KU964252    3.95%    passed     97.58%
 552  KU964255    0.00%    passed     98.95%
 553  OM669627    0.00%    passed     99.82%
 554  OM669657    0.00%    passed     99.68%
 555  FJ386600    0.00%    passed     99.36%
 556  GQ377525    0.00%    passed     99.87%
 557  FJ386682    0.09%    passed     98.41%
 558  OM669616    0.00%    passed     99.72%
 559  KU964145    0.00%    passed     99.37%
 560  KU964147    0.00%    passed     99.20%
 561  KU964152    0.00%    passed     99.52%
 562  OM669582    0.00%    passed     98.83%
 563  OM669594    0.00%    passed     97.56%
 564  OM669626    0.00%    passed     99.62%
 565  OM669607    0.00%    passed     98.10%
 566  KX276801    0.19%    passed     98.04%
 567  KP406176    1.09%    passed     94.67%
 568  KP406180    1.09%    passed     94.67%
 569  KP406177    1.09%    passed     97.61%
 570  KP406184    1.12%    passed     97.24%
 571  KP406178    1.09%    passed     96.88%
 572  KP406183    1.09%    passed     96.88%
 573  KP406185    1.09%    passed     96.88%
 574  KP406181    1.09%    passed     96.40%
 575  KP406182    1.09%    passed     98.29%
 576  KP406179    1.09%    passed     98.96%
 577  KP406186    1.09%    passed     97.73%
 578  KP406198    1.09%    passed     97.73%
 579  KP406210    1.09%    passed     98.10%
 580  KP406187    1.09%    passed     98.62%
 581  KP406199    1.09%    passed     98.62%
 582  KP406189    1.09%    passed     97.73%
 583  KP406192    1.09%    passed     97.73%
 584  KP406208    1.09%    passed     97.73%
 585  KP406214    1.09%    passed     97.73%
 586  KP406203    1.09%    passed     98.39%
 587  KP406197    1.09%    passed     99.25%
 588  KP406219    1.09%    passed     99.25%
 589  KP406191    1.09%    passed     97.76%
 590  KP406193    1.09%    passed     97.76%
 591  KP406196    1.09%    passed     97.76%
 592  KP406213    1.09%    passed     97.76%
 593  KP406215    1.09%    passed     97.76%
 594  KP406218    1.09%    passed     97.76%
 595  KP406204    1.09%    passed     98.26%
 596  KP406209    1.09%    passed     98.17%
 597  KP406201    1.06%    passed     97.54%
 598  KP406202    1.09%    passed     97.26%
 599  KP406207    1.09%    passed     97.26%
 600  KP406211    1.09%    passed     97.26%
 601  KP406205    1.09%    passed     97.26%
 602  KP406188    1.09%    passed     98.64%
 603  KP406195    1.09%    passed     98.64%
 604  KP406200    1.09%    passed     98.64%
 605  KP406217    1.09%    passed     98.64%
 606  KP406194    1.24%    passed     97.29%
 607  KP406216    1.24%    passed     97.29%
 608  KP406190    1.09%    passed     98.24%
 609  KP406212    1.09%    passed     98.24%
 610  KP406206    1.09%    passed     99.23%
 611  JQ801516    0.00%    passed     98.21%
 612  FJ562259    0.00%    passed     99.16%
 613  OM669653    0.00%    passed     98.95%
 614  OM669608    0.00%    passed     99.91%
 615  OM669590    0.00%    passed     99.91%
 616  AF282917    0.00%    passed     99.85%
 617  AF282918    0.00%    passed     99.72%
 618  KU964257    0.00%    passed     99.68%
 619  KU964268    0.00%    passed     99.66%
 620  KU964261    0.00%    passed     99.66%
 621  KU964263    0.00%    passed     99.68%
 622  KU964260    0.00%    passed     98.10%
 623  KU964267    0.00%    passed     98.84%
 624  FJ899779    0.00%    passed     98.01%
 625  EU939663    0.00%    passed     99.68%
 626  KX276781    0.16%    passed     99.10%
 627  GQ924632    0.00%    passed     99.50%
 628  AY220697    0.06%    passed     99.31%
 629  AY220698    0.06%    passed     99.72%
 630  AY220703    0.06%    passed     99.38%
 631  AY220704    0.06%    passed     99.31%
 632  AY206377    0.06%    passed     99.63%
 633  AY206375    0.06%    passed     97.67%
 634  OM669619    0.00%    passed     99.95%
 635  OM669576    0.00%    passed     98.78%
 636  AY217366    0.03%    passed     99.98%
 637  AY217368    2.52%    passed     99.14%
 638  AY217367    0.09%    passed     99.33%
 639  KJ803756    0.00%    passed     96.16%
 640  HM011483    0.78%    passed     99.91%
 641  OM669599    0.00%    passed     99.94%
 642  OM669655    0.00%    passed     99.05%
 643  FJ562303    0.00%    passed     94.60%
 644  KJ803781    0.00%    passed     99.26%
 645  KJ803783    0.00%    passed     99.52%
 646  KJ803782    0.00%    passed     99.65%
 647  JQ027315    0.12%    passed     98.13%
 648  OM669577    0.00%    passed     99.91%
 649  OM669600    0.00%    passed     99.59%
 650  OM669584    0.00%    passed     99.79%
 651  KJ803768    0.00%    passed     99.49%
 652  AY217355    0.00%    passed     99.80%
 653  AY217356    0.00%    passed     99.80%
 654  FJ386615    0.03%    passed     99.45%
 655  OM669567    1.65%    passed     88.68%
 656  OM669652    0.00%    passed     97.84%
 657  OM669660    0.00%    passed     99.82%
 658  OM669656    0.00%    passed     98.63%
 659  OM669659    0.00%    passed     99.34%
 660  GQ377567    0.03%    passed     99.85%
 661  OM669654    0.00%    passed     98.07%
 662  AY217369    0.09%    passed     99.41%
 663  FJ562316    0.00%    passed     98.66%
 664  MZ934427    0.06%    passed     99.32%
 665  FJ386688    0.00%    passed     99.84%
 666  AY167100    0.00%    passed     99.56%
 667  KX276771    0.25%    passed     94.21%
 668  KJ410502    0.00%    passed     98.77%
 669  HM011470    0.09%    passed     99.04%
 670  KX276784    0.06%    passed     99.21%
 671  GQ924646    0.00%    passed     97.57%
 672  EF473974    0.00%    passed     97.21%
 673  OM669573    0.00%    passed     97.51%
 674  KX276788    0.16%    passed     99.69%
 675  OM669662    0.00%    passed     99.99%
 676  FJ562246    0.19%    passed     99.26%
 677  EU939639    0.00%    passed     99.05%
 678  OM669587    0.00%    passed     98.50%
 679  EU939667    0.00%    passed     97.20%
 680  OM669574    0.00%    passed     99.16%
 681  OM669666    0.00%    passed     97.87%
 682  KC774405    0.00%    passed     96.17%
 683  FJ386680    0.00%    passed     97.99%
 684  GQ377550    0.12%    passed     98.39%
 685  AY217361    0.00%    passed     99.86%
 686  AY217362    0.00%    passed     97.84%
 687  OM669663    0.00%    passed     97.29%
 688  HM011473    0.87%    passed     98.91%
 689  DQ993711    0.06%    passed     96.39%
 690  KX276778    0.72%    passed     98.52%
 691  JQ801506    0.03%    passed     98.61%
 692  KX276809    0.25%    passed     97.20%
 693  AY217365    0.09%    passed     98.39%
 694  JQ040157    0.34%    passed     99.70%
 695  HQ684848    0.00%    passed     99.54%
 696  OM669596    0.00%    passed     97.63%
 697  OM669624    0.00%    passed     98.79%
 698  JQ040169    4.73%    passed     89.83%
 699  FJ787477    0.00%    passed     99.94%
 700  OM669571    0.00%    passed     99.31%
 701  KT749820    0.00%    passed     98.81%
 702  KU964291    0.00%    passed     99.52%
 703  KU964301    0.00%    passed     98.83%
 704  KU964302    0.00%    passed     98.66%
 705  KU964292    0.00%    passed     99.50%
 706  OM669613    0.00%    passed     97.83%
 707  OM669668    0.00%    passed     97.05%
 708  JQ801474    0.00%    passed     99.58%
 709  JQ027325    0.19%    passed     96.40%
 710  OM669593    0.00%    passed     99.33%
 711  OM669575    0.00%    passed     99.45%
 712  FJ787476    0.00%    passed     99.06%
 713  AB365445    0.03%    passed     97.62%
 714  FJ562312    0.00%    passed     99.87%
 715  EU547563    0.16%    passed     97.90%
 716  JQ801494    0.00%    passed     99.45%
 717  OM669595    0.00%    passed     98.89%
 718  OM669580    0.00%    passed     99.77%
 719  HM011498    0.19%    passed     99.08%
 720  KX276779    1.43%    passed     99.82%
 721  HM011478    1.21%    passed     98.66%
 722  AB900110    0.03%    passed     98.65%
 723  HM011503    0.68%    passed     97.69%
 724  EU939636    0.00%    passed     99.44%
 725  OM669609    0.00%    passed     99.06%
 726  OM669617    0.00%    passed     97.84%
 727  KJ803773    0.00%    passed     99.15%
 728  KJ803775    0.00%    passed     99.87%
 729  OM669658    0.00%    passed     98.63%
 730  EU939662    0.12%    passed     98.94%
 731  EU439024    0.65%    passed     99.93%
 732  EU306684    0.65%    passed     99.91%
 733  KC774397    0.00%    passed     99.40%
 734  OM669664    0.00%    passed     96.39%
 735  OM669670    0.00%    passed     96.14%
 736  KJ410500    0.00%    passed     99.95%
 737  KX276804    0.84%    passed     99.00%
 738  EU306670    2.92%    passed     90.98%
 739  OM669669    0.00%    passed     99.10%
 740  OM669674    0.00%    passed     99.96%
 741  OM669612    0.00%    passed     99.99%
 742  OM669618    0.00%    passed     97.16%
 743  OM669621    0.00%    passed     99.79%
 744  GQ377644    0.00%    passed     99.36%
 745  OM669611    0.00%    passed     95.97%
 746  KJ803817    0.00%    passed     99.72%
 747  KC492740    5.32%    passed     76.22%
 748  MG372436    0.00%    passed     99.13%
 749  JQ801485    0.09%    passed     97.68%
 750  KJ803825    0.00%    passed     99.65%
 751  OM669586    0.00%    passed     99.01%
 752  AY206373    4.79%    passed     96.18%
 753  AY206380    0.06%    passed     97.22%
 754  OM669568    1.65%    passed     99.75%
 755  OM669570    0.00%    passed     99.76%
 756  OM669572    0.00%    passed     99.33%
 757  OM669614    0.00%    passed     99.13%
 758  OM669675    0.00%    passed     99.92%
 759  OM669578    0.00%    passed     94.09%
 760  OM669606    0.00%    passed     99.82%
 761  OM669671    0.00%    passed     98.47%
 762  OM669672    0.00%    passed     99.81%
 763  KJ803820    0.00%    passed     98.10%
 764  OM669673    0.00%    passed     99.81%
 765  OM669665    0.00%    passed     99.72%
 766  OM669615    0.00%    passed     98.73%
 767  HM011471    0.28%    passed     94.88%
 768  KX276782    0.25%    passed     94.33%
 769  DQ993696    0.34%    passed     99.98%
 770  OM669610    0.00%    passed     99.86%
 771  EU158262    0.87%    passed     99.25%
 772  KJ790200    0.00%    passed     99.22%
 773  GQ924630    0.00%    passed     97.82%
 774  OM669651    0.00%    passed     99.39%
 775  KY417926    0.00%    passed     99.21%
 776  FJ562311    0.09%    passed     99.82%
 777  EU939677    0.00%    passed     98.22%
 778  OM669579    0.00%    passed     97.94%
 779  FJ899790    0.00%    passed     99.80%
 780  EU939674    0.00%    passed     99.62%
 781  OM669592    0.00%    passed     98.29%
 782  OM669581    0.00%    passed     93.10%
 783  HM011504    0.50%    passed     99.12%
 784  AF461360    0.72%    passed     99.59%
 785  KX276772    0.81%    passed     99.41%
 786  KJ803789    0.00%    passed     98.00%
 787  HM011476    0.31%    passed     99.97%
 788  OM669667    0.00%    passed     99.31%
 789  AB555498    0.00%    passed     92.16%
 790  MK534555    0.00%    passed     99.23%
 791  MK534558    0.00%    passed     98.43%
 792  MK534561    0.00%    passed     98.85%
 793  MK534564    0.00%    passed     99.83%
 794  MK534607    0.00%    passed     99.77%
 795  MK534633    0.00%    passed     99.26%
 796  MK534567    0.00%    passed     99.28%
 797  MK534568    0.00%    passed     99.23%
 798  MK534583    0.00%    passed     99.72%
 799  MK534672    0.00%    passed     99.80%
 800  MK534688    0.00%    passed     99.88%
 801  MK534690    0.00%    passed     99.82%
 802  MK534736    0.00%    passed     99.94%
 803  MK534617    0.00%    passed     96.77%
 804  MK534654    0.00%    passed     94.99%
 805  MK534623    0.00%    passed     95.85%
 806  MK534655    0.00%    passed     98.69%
 807  MK534566    0.00%    passed     99.73%
 808  MK534695    0.00%    passed     98.73%
 809  MK534675    0.00%    passed     98.64%
 810  KC774414    0.00%    passed     99.27%
 811  KJ410497    0.00%    passed     99.11%
 812  EU939627    0.16%    passed     99.96%
 813  MK534611    0.00%    passed     99.09%
 814  MK534576    0.00%    passed     99.21%
 815  MK534727    0.00%    passed     99.38%
 816  MK534732    0.00%    passed     96.23%
 817  MK534684    0.00%    passed     98.86%
 818  MK534712    0.00%    passed     99.77%
 819  MK534728    0.00%    passed     98.18%
 820  MK534646    0.00%    passed     98.91%
 821  JQ801477    0.03%    passed     99.96%
 822  MK534616    0.00%    passed     98.57%
 823  MK534731    0.00%    passed     86.50%
 824  MK534704    0.00%    passed     96.55%
 825  MK534660    0.00%    passed     89.35%
 826  KP148337    0.00%    passed     99.91%
 827  JQ801524    0.00%    passed     94.22%
 828  MT622522    0.00%    passed     96.26%
 829  KX276813    0.93%    passed     99.95%
 830  KJ803816    0.00%    passed     99.80%
 831  HM011466    0.62%    passed     99.75%
 832  KX276786    1.12%    passed     99.94%
 833  EU939634    0.03%    passed     99.61%
 834  EU939637    0.03%    passed     99.12%
 835  AY167093    0.00%    passed     99.79%
 836  KJ803805    0.00%    passed     99.61%
 837  FJ562260    0.12%    passed     95.94%
 838  KU964276    0.09%    passed     99.91%
 839  KU964279    0.09%    passed     99.98%
 840  KU964278    0.09%    passed     99.98%
 841  FJ386608    0.00%    passed     99.71%
 842  FJ386656    0.06%    passed     98.31%
 843  EU589335    0.00%    passed     98.36%
 844  EU579441    0.00%    passed     98.95%
 845  EU570075    0.00%    passed     97.55%
 846  FJ032344    0.00%    passed     96.93%
 847  FJ032342    0.00%    passed     97.92%
 848  OM669620    0.00%    passed     99.92%
 849  KX276774    1.31%    passed     98.83%
 850  KX276802    1.03%    passed     98.16%
 851  KX276791    1.00%    passed     97.74%
 852  HM011475    1.49%    passed     98.50%
 853  EU939678    0.00%    passed     91.32%
 854  OM669604    0.00%    passed     99.03%
 855  KX276787    1.93%    passed     92.74%
 856  JQ027312    1.21%    passed     98.22%
 857  OM669602    0.00%    passed     99.16%
 858  KX276798    2.67%    passed     99.73%
 859  KX276812    0.44%    passed     98.69%
 860  AY206391    0.06%    passed     97.87%
 861  KX276794    1.77%    passed     97.82%
 862  JQ027313    1.96%    passed     96.82%
 863  OM669677    0.00%    passed     98.52%
 864  AY206390    0.06%    passed     99.91%
 865  AY217363    5.79%    passed     81.64%
 866  OM669676    0.00%    passed     90.55%
 867  OM669679    0.00%    passed     99.72%
 868  KJ803821    0.00%    passed     95.73%
 869  KJ803791    0.00%    passed     95.49%
 870  KJ803802    0.00%    passed     99.67%
 871  KJ803807    0.03%    passed     99.52%
 872  KC315400    0.03%    passed     99.34%
 873  KJ803808    0.00%    passed     99.83%
 874  KX276795    1.96%    passed     98.34%
 875  HM011477    1.62%    passed     98.07%
 876  EU939661    0.00%    passed     99.06%
 877  AB555499    0.00%    passed     97.20%
 878  JF436921    0.00%    passed     99.76%
 879  OM669678    0.00%    passed     99.65%
 880  EF494381    0.00%    passed     99.15%
 881  KJ803801    0.00%    passed     99.71%
 882  KX276770    0.34%    passed     98.60%
 883  KX276797    1.99%    passed     99.09%
 884  KX276796    1.65%    passed     99.61%
 885  KX276780    0.37%    passed     97.48%
 886  KJ803806    0.00%    passed     95.15%
 887  AY206383    0.06%    passed     93.03%
 888  AY217364    3.55%    passed     83.54%
 889  FJ518811    2.55%    passed     95.52%
 890  GQ924659    0.65%    passed     93.81%
 891  OM669680    0.00%    passed     97.85%
 892  KX276792    1.40%    passed     96.68%
 893  EF494382    0.47%    passed     96.72%
 894  KJ803795    0.00%    passed     99.62%
 895  KJ803797    0.00%    passed     97.23%
 896  KX276776    3.58%    passed     90.69%
 897  KX276789    1.93%    passed     96.65%
 898  JQ040126    3.61%    passed     97.23%
 899  JQ040137    5.16%    passed     94.82%
 900  GQ377539    0.03%    passed     91.07%
 901  GQ377594    0.03%    passed     93.46%
 902  GQ377549    0.09%    passed     97.66%
 903  GQ377564    0.03%    passed     95.83%
 904  GQ377614    0.00%    passed     94.85%
 905  GQ377596    0.03%    passed     94.13%
 906  GQ377590    0.50%    passed     93.55%
 907  GQ377573    0.06%    passed     95.97%
 908  GQ377613    0.06%    passed     96.66%
 909  GQ377565    0.00%    passed     94.97%
 910  GQ377604    0.00%    passed     98.46%
 911  GQ377626    0.03%    passed     89.65%
 912  GQ377556    0.16%    passed     95.12%
 913  EU939632    2.52%    passed     95.58%
 914  EU939630    0.00%    passed     95.72%
 915  GQ377592    0.00%    passed     93.90%
 916  FJ386648    0.34%    passed     96.47%
 917  MK534710    0.00%    passed     98.31%
 918  OM669569    1.65%    passed     99.54%
 919  U87747      0.25%    passed     94.58%
 920  MK534632    0.00%    passed     94.27%
 921  MK534717    0.00%    passed     98.26%
 922  KC774364    0.00%    passed     99.31%
 923  EU939629    0.00%    passed     95.45%
 924  KJ803778    0.00%    passed     89.11%
 925  MZ934423    0.00%    passed     99.97%
 926  MZ934428    0.00%    passed     99.65%
 927  MZ934429    0.00%    passed     99.49%
 928  MZ934430    0.00%    passed     99.40%
 929  AB713528    0.00%    passed     99.04%
 930  LC416036    0.00%    passed     99.75%
 931  KX276824    0.40%    passed     99.52%
 932  AB713531    0.00%    passed     99.96%
 933  LC416038    0.00%    passed     99.32%
 934  AB713527    0.00%    passed     99.04%
 935  AB554017    0.00%    passed     99.41%
 936  AB713532    0.00%    passed     99.86%
 937  GQ924625    0.00%    passed     99.07%
 938  KP341012    0.00%    passed     99.19%
 939  AP011091    0.06%    passed     98.98%
 940  GQ358138    0.00%    passed     99.17%
 941  GQ358141    0.00%    passed     98.48%
 942  AP011090    0.00%    passed     99.31%
 943  AP011092    0.00%    passed     99.17%
 944  EF473976    0.00%    passed     99.55%
 945  AP011088    0.00%    passed     99.09%
 946  GQ358143    0.00%    passed     99.72%
 947  EF473977    0.00%    passed     99.24%
 948  GQ358137    0.00%    passed     99.76%
 949  GQ358139    0.00%    passed     97.82%
 950  GQ358140    0.00%    passed     99.19%
 951  LC036263    0.00%    passed     99.04%
 952  KP341013    0.00%    passed     99.97%
 953  AB540582    0.00%    passed     97.31%
 954  GQ924651    0.00%    passed     99.74%
 955  GQ924654    0.00%    passed     99.60%
 956  AP011095    0.06%    passed     99.87%
 957  AP011096    0.03%    passed     97.67%
 958  GQ358148    0.00%    passed     89.74%
 959  GQ358149    0.00%    passed     98.44%
 960  GQ358152    0.00%    passed     97.94%
 961  GQ358150    0.00%    passed     97.96%
 962  GQ358151    0.00%    passed     95.00%
 963  AP011089    0.03%    passed     99.55%
 964  GQ358142    0.00%    passed     97.13%
 965  LC416037    0.00%    passed     99.42%
 966  GQ924638    0.00%    passed     99.29%
 967  GQ924639    0.00%    passed     99.69%
 968  GQ924628    0.00%    passed     99.58%
 969  LC416039    0.00%    passed     98.10%
 970  KX276814    0.22%    passed     92.11%
 971  KX276829    1.15%    passed     99.12%
 972  KP341009    0.00%    passed     98.76%
 973  AP011085    0.00%    passed     98.19%
 974  KJ803787    0.37%    passed     92.75%
 975  EF473972    0.00%    passed     99.26%
 976  EF473971    0.00%    passed     98.25%
 977  GQ358136    0.00%    passed     96.39%
 978  HM011492    0.28%    passed     98.91%
 979  JQ429082    0.00%    passed     96.23%
 980  KJ803755    0.00%    passed     94.38%
 981  KJ803758    0.00%    passed     93.68%
 982  KJ803784    0.00%    passed     98.03%
 983  JQ429081    0.00%    passed     85.86%
 984  KX276818    0.47%    passed     99.47%
 985  JQ027328    3.83%    passed     93.51%
 986  AB713529    0.00%    passed     88.32%
 987  AB713530    0.00%    passed     89.33%
 988  GQ924617    0.00%    passed     90.48%
 989  KX276826    0.09%    passed     99.46%
 990  JQ429079    2.86%    passed     99.84%
 991  KJ803819    0.56%    passed     91.22%
 992  KX276820    0.72%    passed     97.91%
 993  MK534634    0.00%    passed     96.06%
 994  MK534709    0.00%    passed     95.51%
 995  MK534641    0.00%    passed     96.44%
 996  KP148367    0.00%    passed     95.13%
 997  KP148368    0.00%    passed     96.22%
 998  KP148370    0.00%    passed     95.40%
 999  KP148386    0.00%    passed     95.05%
1000  KP148385    0.00%    passed     95.88%
1001  KP148401    0.00%    passed     95.40%
1002  KP148390    0.00%    passed     95.64%
1003  KP148395    0.00%    passed     94.45%
1004  KP148397    0.00%    passed     95.05%
1005  KP148376    0.00%    passed     96.91%
1006  KP148388    0.00%    passed     95.54%
1007  KP148382    0.00%    passed     96.22%
1008  KP148400    0.00%    passed     95.44%
1009  KP148384    0.00%    passed     96.31%
1010  KP148398    0.00%    passed     95.88%
1011  KP148396    0.00%    passed     93.31%
1012  KP148379    0.00%    passed     97.50%
1013  KP148372    0.00%    passed     95.25%
1014  KP148374    0.00%    passed     97.24%
1015  KP148381    0.00%    passed     96.22%
1016  KP148394    0.00%    passed     93.92%
1017  KP148369    0.00%    passed     94.35%
1018  KP148451    0.00%    passed     94.35%
1019  KP148373    0.00%    passed     98.55%
1020  KP148380    0.00%    passed     96.44%
1021  KP148391    0.00%    passed     96.21%
1022  KP148371    0.00%    passed     98.16%
1023  KP148377    0.00%    passed     97.92%
1024  KP148407    0.00%    passed     95.63%
1025  KP148433    0.00%    passed     97.15%
1026  KP148432    0.00%    passed     97.13%
1027  KP148408    0.03%    passed     98.00%
1028  KP148413    0.00%    passed     95.74%
1029  KP148439    0.00%    passed     92.53%
1030  KP148436    0.00%    passed     92.56%
1031  KP148435    0.00%    passed     95.65%
1032  KP148434    0.03%    passed     91.94%
1033  KP148438    0.00%    passed     98.88%
1034  KP148420    0.00%    passed     97.29%
1035  KP148423    0.00%    passed     96.99%
1036  KP148425    0.00%    passed     96.29%
1037  KP148414    0.00%    passed     97.55%
1038  KP148431    0.03%    passed     97.00%
1039  KP148437    0.00%    passed     88.67%
1040  KP148426    0.00%    passed     99.04%
1041  KP148427    0.19%    passed     96.28%
1042  KP148416    0.00%    passed     95.64%
1043  KP148422    0.00%    passed     97.30%
1044  KP148404    2.77%    passed     91.95%
1045  KX276830    0.16%    passed     86.24%
1046  KX276821    0.93%    passed     99.06%
1047  KX276825    0.09%    passed     99.48%
1048  KX276828    0.00%    passed     92.27%
1049  AP011093    0.00%    passed     99.11%
1050  AP011094    0.03%    passed     99.32%
1051  MK534626    0.00%    passed     98.09%
1052  KP148452    0.00%    passed     96.61%
1053  KP148455    0.00%    passed     94.05%
1054  KP148456    0.00%    passed     89.84%
1055  KP148453    0.00%    passed     92.48%
1056  KP148454    0.03%    passed     93.46%
1057  KP148459    0.00%    passed     83.85%
1058  KP148460    0.00%    passed     92.68%
1059  DQ361535    0.93%    passed     97.36%
1060  MK534635    0.00%    passed     87.29%
1061  MT757436    0.00%    passed     99.65%
1062  MT757438    0.00%    passed     99.80%
1063  MT757440    0.00%    passed     99.81%
1064  MT757441    0.00%    passed     99.80%
1065  MT757443    0.00%    passed     99.92%
1066  MT757446    0.00%    passed     99.87%
1067  MT757456    0.00%    passed     99.91%
1068  MT757444    0.00%    passed     99.67%
1069  MT757454    0.00%    passed     99.56%
1070  MT757452    0.00%    passed     99.70%
1071  MT757445    0.00%    passed     99.97%
1072  MT757455    0.00%    passed     99.79%
1073  MT757449    0.00%    passed     99.79%
1074  MT757442    0.00%    passed     99.98%
1075  MT757447    0.00%    passed     99.67%
1076  MT757439    0.00%    passed     99.83%
1077  MT757448    0.00%    passed     99.83%
1078  MT757453    0.00%    passed     99.83%
1079  MT757457    0.00%    passed     99.83%
1080  MT757451    0.00%    passed     99.79%
1081  MT757450    0.00%    passed     95.73%
1082  MT757437    0.00%    passed     99.28%
1083  AB241116    1.12%    passed     99.78%
1084  AB241117    0.00%    passed     99.25%
1085  GQ924640    0.00%    passed     99.49%
1086  AP011086    0.03%    passed     99.94%
1087  AP011087    0.03%    passed     99.73%
1088  GQ924624    0.03%    passed     99.73%
1089  KX276827    1.43%    passed     93.52%
1090  GQ924637    0.00%    passed     98.78%
1091  GQ358144    0.00%    passed     98.43%
1092  GQ358145    0.00%    passed     99.44%
1093  GQ358146    0.00%    passed     97.64%
1094  GQ358147    0.00%    passed     96.58%
1095  KX276817    0.81%    passed     99.10%
1096  GQ924656    0.00%    passed     98.22%
1097  GQ924621    0.00%    passed     99.12%
1098  KY629635    0.06%    passed     98.49%
1099  KY629636    0.00%    passed     98.90%
1100  KC774370    0.00%    passed     99.06%
1101  MK534608    0.00%    passed     96.57%
1102  MK534698    0.00%    passed     94.45%
1103  MK534699    0.00%    passed     97.94%
1104  JQ429080    5.26%    passed     79.61%
1105  KJ803786    0.00%    passed     98.13%
1106  GQ924645    0.00%    passed     98.21%
1107  HM011496    0.59%    passed     98.43%
1108  KJ803824    0.00%    passed     84.81%
1109  KX276858    3.11%    passed     90.02%
1110  MK534697    0.00%    passed     97.23%
1111  MK534701    0.00%    passed     94.91%
1112  MK534714    0.00%    passed     90.13%
1113  KX276815    0.16%    passed     99.10%
1114  KJ803796    0.00%    passed     99.65%
1115  KX276819    1.37%    passed     98.09%
1116  GQ924641    0.00%    passed     96.72%
1117  AY800391    0.00%    passed     99.14%
1118  AY800392    0.00%    passed     99.14%
1119  GQ924635    0.56%    passed     95.23%
1120  HM011487    0.25%    passed     98.29%
1121  AB976562    0.00%    passed     97.43%
1122  KX276816    2.40%    passed     99.99%
1123  MZ439519    0.00%    passed     98.10%
1124  MZ439522    0.00%    passed     99.52%
1125  MZ439524    0.00%    passed     99.45%
1126  MZ439531    0.00%    passed     99.20%
1127  MZ439525    0.00%    passed     98.76%
1128  MZ439528    0.00%    passed     98.31%
1129  MZ439534    0.00%    passed     99.20%
1130  MZ439550    0.00%    passed     99.27%
1131  MZ439542    0.00%    passed     98.14%
1132  MZ439543    0.00%    passed     98.88%
1133  MZ439545    0.00%    passed     98.98%
1134  MZ439549    0.00%    passed     98.99%
1135  MZ439551    0.00%    passed     98.77%
1136  MZ439544    0.00%    passed     99.54%
1137  MZ439538    0.00%    passed     99.13%
1138  MZ439540    0.00%    passed     99.41%
1139  MZ439548    0.00%    passed     99.59%
1140  MZ439539    0.00%    passed     99.45%
1141  MZ439541    0.00%    passed     98.67%
1142  MZ439547    0.00%    passed     98.67%
1143  MZ439546    0.00%    passed     98.92%
1144  MZ439521    0.00%    passed     98.72%
1145  MF674382    0.00%    passed     88.15%
1146  MF674397    0.00%    passed     87.74%
1147  MF674509    0.00%    passed     96.10%
1148  MF674384    0.00%    passed     97.50%
1149  MF674438    0.00%    passed     99.69%
1150  FJ349236    0.00%    passed     95.92%
1151  MF674453    0.00%    passed     97.70%
1152  MF674488    0.00%    passed     99.16%
1153  MF674490    0.00%    passed     98.53%
1154  MF674470    0.00%    passed     99.17%
1155  MF674410    0.00%    passed     96.95%
1156  MF674416    0.00%    passed     94.26%
1157  MF674421    0.00%    passed     98.15%
1158  MF674424    0.00%    passed     96.29%
1159  LC064373    0.00%    passed     95.39%
1160  LC064374    0.47%    passed     92.20%
1161  LC064376    0.00%    passed     91.79%
1162  MF674487    0.00%    passed     97.81%
1163  MF674496    0.00%    passed     96.04%
1164  MF674497    0.00%    passed     99.01%
1165  MF674387    0.00%    passed     98.19%
1166  MF674393    0.00%    passed     99.14%
1167  MF674395    0.00%    passed     99.54%
1168  MF674413    0.00%    passed     99.58%
1169  MF674510    0.00%    passed     99.51%
1170  KP341010    0.00%    passed     98.79%
1171  MF674401    0.00%    passed     96.73%
1172  MF674482    0.00%    passed     98.37%
1173  MF674513    0.00%    passed     99.07%
1174  MF674500    0.00%    passed     99.00%
1175  LC064375    0.00%    passed     99.54%
1176  MF674507    0.00%    passed     98.85%
1177  MF674409    0.00%    passed     98.15%
1178  LC064377    0.00%    passed     97.29%
1179  MF674466    0.00%    passed     99.54%
1180  MF674451    0.00%    passed     98.11%
1181  MF674456    0.00%    passed     99.45%
1182  MF674423    0.00%    passed     97.53%
1183  MF674495    0.00%    passed     97.18%
1184  MF674434    0.00%    passed     98.51%
1185  MF674515    0.00%    passed     97.71%
1186  MF674392    0.00%    passed     99.80%
1187  MF674508    0.00%    passed     94.06%
1188  MF674460    0.00%    passed     96.48%
1189  MF674461    0.00%    passed     99.45%
1190  MF674476    0.00%    passed     99.68%
1191  MF674389    0.03%    passed     99.99%
1192  MF674479    0.00%    passed     99.55%
1193  MF674406    0.09%    passed     97.86%
1194  MF674383    0.00%    passed     99.50%
1195  MF674405    0.00%    passed     98.69%
1196  MF674511    0.00%    passed     99.25%
1197  MF674477    0.00%    passed     99.78%
1198  MF674469    0.00%    passed     99.17%
1199  MF674437    0.00%    passed     99.22%
1200  MF674493    0.00%    passed     98.79%
1201  LC063767    0.00%    passed     99.18%
1202  MF674499    0.00%    passed     97.60%
1203  MF674498    0.00%    passed     98.21%
1204  MF674431    0.65%    passed     97.37%
1205  MF674483    0.00%    passed     99.75%
1206  LC064370    0.00%    passed     99.59%
1207  LC064371    0.00%    passed     99.90%
1208  LC057378    0.03%    passed     96.44%
1209  LC064367    0.09%    passed     96.95%
1210  MF674505    0.00%    passed     99.60%
1211  MF674491    0.00%    passed     98.82%
1212  LC064368    0.12%    passed     99.15%
1213  LC064378    0.00%    passed     99.09%
1214  MF674443    0.00%    passed     96.84%
1215  LC064381    0.00%    passed     97.75%
1216  MF674396    0.00%    passed     94.06%
1217  LC064369    2.52%    passed     97.36%
1218  MF674441    0.00%    passed     96.59%
1219  MF674448    0.00%    passed     91.80%
1220  DQ993680    0.03%    passed     93.52%
1221  DQ993685    0.09%    passed     92.46%
1222  DQ993681    0.12%    passed     98.83%
1223  MF674415    0.00%    passed     95.77%
1224  MF674385    0.00%    passed     98.28%
1225  MF674432    0.00%    passed     98.13%
1226  MF674473    0.00%    passed     98.88%
1227  DQ993683    0.09%    passed     99.71%
1228  MF674481    0.00%    passed     96.03%
1229  DQ993686    0.09%    passed     99.32%
1230  MF674464    0.00%    passed     96.27%
1231  LC060789    0.00%    passed     99.57%
1232  LC064380    0.00%    passed     95.92%
1233  GQ924626    0.06%    passed     80.10%
1234  LC064372    0.50%    passed     93.21%
1235  MF674478    0.00%    passed     98.70%
1236  LC057377    0.03%    passed     98.09%
1237  LC060790    0.25%    passed     98.10%
1238  LC064366    0.47%    passed     95.00%
1239  MF674440    0.00%    passed     98.52%
1240  MF674436    0.03%    passed     98.16%
1241  LC456112    0.00%    passed     98.41%
1242  MF674439    0.06%    passed     96.61%
1243  DQ993694    0.12%    passed     97.55%
1244  DQ993684    0.03%    passed     99.31%
1245  DQ993687    0.50%    passed     97.38%
1246  MF674492    0.00%    passed     94.99%
1247  DQ993695    0.16%    passed     97.27%
1248  DQ993682    0.06%    passed     94.78%
1249  LC603637    0.00%    passed     85.27%
1250  LC603638    0.03%    passed     95.23%
1251  MH932712    0.00%    passed     99.96%
1252  KP341007    0.00%    passed     98.22%
1253  AB602818    0.00%    passed     99.02%
1254  AB900095    0.00%    passed     98.19%
1255  AB900104    0.06%    passed     95.12%
1256  AB900102    0.25%    passed     94.40%
1257  AB900111    0.12%    passed     97.68%
1258  AB014366    0.00%    passed     99.14%
1259  AB900112    0.28%    passed     91.12%
1260  AB900106    0.00%    passed     95.40%
1261  AB642098    0.03%    passed     68.10%
1262  AB900108    0.03%    passed     94.87%
1263  AB900105    0.03%    passed     95.71%
1264  LC461174    0.72%    passed     97.22%
1265  LC461175    0.68%    passed     96.74%
1266  AB900100    0.00%    passed     99.45%
1267  AB642092    0.40%    passed     94.87%
1268  AB900103    0.09%    passed     90.50%
1269  AB900101    0.19%    passed     97.03%
1270  AB900098    0.19%    passed     95.07%
1271  AB642091    0.03%    passed     99.35%
1272  AB828708    0.37%    passed     97.46%
1273  AB900114    0.12%    passed     92.16%
1274  AB900097    0.22%    passed     84.88%
1275  AB931168    0.00%    passed     97.45%
1276  AB931169    0.00%    passed     99.27%
1277  AB900107    0.00%    passed     96.02%
1278  AB900096    0.00%    passed     87.20%
1279  AB642101    0.06%    passed     99.50%
1280  AB642093    1.46%    passed     95.68%
1281  KP659219    0.03%    passed     77.55%
1282  KP659223    0.00%    passed     77.12%
1283  KP659234    0.00%    passed     40.59%
1284  KP659235    0.09%    passed     65.81%
1285  KP659237    0.00%    passed     62.69%
1286  KP659246    0.03%    passed     70.08%
1287  KP659247    0.00%    passed     77.11%
1288  KP659254    0.03%    passed     68.16%
1289  KP659253    0.19%    passed     77.94%
1290  KP659240    1.71%    passed     75.87%
1291  KP659251    0.34%    passed     87.59%
1292  KP659252    0.22%    passed     77.18%
1293  KP659245    0.16%    passed     67.98%
1294  KP341011    0.00%    passed     94.11%
1295  DQ463788    0.00%    passed     93.45%
1296  JN792897    0.03%    passed     94.62%
1297  JN792898    0.00%    passed     95.67%
1298  DQ463800    0.00%    passed     95.67%
1299  DQ463792    0.00%    passed     87.99%
1300  JN792900    0.00%    passed     95.65%
1301  DQ463790    0.00%    passed     93.80%
1302  DQ463796    0.00%    passed     82.93%
1303  DQ463794    0.00%    passed     92.27%
1304  JN792899    0.00%    passed     94.52%
1305  DQ463798    0.00%    passed     94.52%
1306  JN792894    0.06%    passed     91.40%
1307  DQ463787    0.00%    passed     92.30%
1308  DQ463795    0.00%    passed     96.14%
1309  JN792893    0.00%    passed     90.83%
1310  DQ463801    0.00%    passed     90.83%
1311  DQ463793    0.00%    passed     91.30%
1312  DQ463802    0.00%    passed     92.96%
1313  DQ463791    0.00%    passed     94.86%
1314  DQ463799    0.00%    passed     78.52%
1315  KP659244    1.46%    passed     68.71%
1316  JN792895    0.03%    passed     90.41%
1317  DQ463797    0.03%    passed     90.41%
1318  DQ463789    0.03%    passed     87.19%
1319  JN792896    0.00%    passed     85.89%
1320  JN792901    0.00%    passed     82.77%
1321  JN792902    0.03%    passed     87.39%
1322  KP659248    0.34%    passed     83.33%
1323  KP659250    0.25%    passed     93.48%
1324  KP659224    0.00%    passed     78.33%
1325  KP659249    0.28%    passed     74.32%
1326  KP659255    0.09%    passed     83.72%
1327  KP659220    0.22%    passed     88.55%
1328  KP659239    2.08%    passed     63.65%
1329  KP659221    5.69%    passed     64.70%
1330  GQ924660    5.01%    passed     85.61%
1331  AY217370    7.37%    passed     87.05%
1332  EU939668    0.00%    passed     94.45%
1333  AY800390    0.28%    passed     89.49%
1334  AY217374    0.47%    passed     95.90%
1335  KJ803827    0.00%    passed     95.70%
1336  EU939681    1.03%    passed     78.97%
1337  MW845286   43.61%    passed     39.86%
1338  MW845300   43.73%    passed     22.58%
1339  MW845299   43.67%    passed     40.04%
1340  MW845301   43.61%    passed     29.54%
1341  MW845305   43.67%    passed     37.05%
1342  KX765841   43.61%    passed     34.61%
1343  MW845304   43.79%    passed     23.52%
1344  AY033072   43.39%    passed     30.70%
1345  AY033073   43.39%    passed     36.20%
1346  MW845311   43.61%    passed     25.47%
1347  MW845302   43.61%    passed     41.33%
1348  MW845288   43.89%    passed     43.82%
1349  MW845296   43.64%    passed     34.67%
1350  JQ707734   44.32%    passed     36.78%
1351  JQ707743   44.32%    passed     38.95%
1352  JQ707737   44.32%    passed     36.78%
1353  JQ707749   44.32%    passed     39.28%
1354  JQ707759   44.32%    passed     38.50%
1355  JQ707764   44.32%    passed     41.07%
1356  JQ707758   44.32%    passed     35.69%
1357  JQ707738   44.32%    passed     38.95%
1358  JQ707742   44.32%    passed     41.07%
1359  JQ707763   44.32%    passed     38.95%
1360  JQ707767   44.32%    passed     36.78%
1361  JQ707765   44.32%    passed     38.50%
1362  JQ707744   44.32%    passed     41.89%
1363  JQ707735   44.32%    passed     43.11%
1364  JQ707745   44.32%    passed     46.59%
1365  JQ707746   44.32%    passed     43.47%
1366  JQ707766   44.32%    passed     43.11%
1367  JQ707753   44.32%    passed     41.41%
1368  JQ707739   44.32%    passed     43.67%
1369  JQ707755   44.32%    passed     43.08%
1370  JQ707747   44.32%    passed     45.38%
1371  JQ707750   44.32%    passed     28.55%
1372  JQ707762   44.32%    passed     44.50%
1373  JQ707740   44.32%    passed     60.75%
1374  JQ707736   44.32%    passed     37.77%
1375  JQ707748   44.32%    passed     38.95%
1376  JQ707752   44.32%    passed     38.95%
1377  JQ707756   44.32%    passed     38.95%
1378  JQ707761   44.32%    passed     41.71%
1379  JQ707754   44.32%    passed     41.07%
1380  JQ707757   44.32%    passed     35.81%
1381  JQ707760   44.32%    passed     38.04%
1382  JQ707741   44.32%    passed     43.08%
1383  JQ707751   44.32%    passed     41.89%
1384  MW845290   43.61%    passed     20.76%
1385  MW845287   43.61%    passed     53.50%
1386  MW845289   43.67%    passed     33.04%
1387  MW845293   43.61%    passed     30.25%
1388  MW845308   43.61%    passed     39.28%
1389  MW845303   43.67%    passed     37.77%
1390  JX661471   43.39%    passed     23.19%
1391  JX661472   43.39%    passed     49.16%
1392  JX661473   43.39%    passed     51.60%
1393  JX661478   43.39%    passed     39.51%
1394  JX661474   43.39%    passed     42.83%
1395  JX661475   43.39%    passed     54.86%
1396  JX978431   43.39%    passed     39.85%
1397  JX661479   43.39%    passed     40.12%
1398  KX765856   43.61%    passed     64.43%
1399  MW845309   43.61%    passed     46.59%
1400  JX661470   43.39%    passed     58.59%
1401  EF134945   43.39%    passed     51.05%
1402  EF134946   43.39%    passed     49.88%
1403  MW845295   43.61%    passed     36.78%
1404  JX661482   43.39%    passed     40.96%
1405  JX661483   43.39%    passed     24.54%
1406  JX661484   43.39%    passed     40.76%
1407  MW845307   43.61%    passed     48.09%
1408  MW845292   43.67%    passed     23.85%
1409  MW845291   43.73%    passed     35.19%
1410  MW845306   43.64%    passed     36.31%
1411  MW845312   43.61%    passed     35.04%
1412  MW845294   43.70%    passed     48.35%
1413  MW845310   43.61%    passed     47.86%
1414  MH094410   43.39%    passed     35.15%
1415  MW845297   43.61%    passed     28.86%
1416  MW847940   41.43%    passed     22.82%
1417  MW847943   42.08%    passed     13.22%
1418  MW847941   41.56%    passed     17.84%
1419  MW845298   43.61%    passed     12.63%
1420  KX765854   43.73%    passed     39.99%
1421  KX774505   43.61%    passed     39.73%
1422  JX661476   43.39%    passed     33.01%
1423  JX661480   43.39%    passed     59.36%
1424  JX661477   43.39%    passed     57.27%
1425  JX661481   43.39%    passed     26.20%
1426  AY293309   57.29%    passed     41.26%
WARNING: 1 sequences contain more than 50% gaps/ambiguity
****  TOTAL       3.11%  0 sequences failed composition chi2 test (p-value<5%; df=3)
NOTE: AF121245 is identical to AF121243 but kept for subsequent analysis
NOTE: KU963808 is identical to KU963803 but kept for subsequent analysis
NOTE: KU963848 is identical to KU963844 but kept for subsequent analysis
NOTE: EU306680 is identical to EU306679 but kept for subsequent analysis
NOTE: KY470958 is identical to KY470957 but kept for subsequent analysis
NOTE: AY217358 is identical to AY217357 but kept for subsequent analysis
NOTE: KP406221 is identical to KP406220 but kept for subsequent analysis
NOTE: KP406243 is identical to KP406232 but kept for subsequent analysis
NOTE: KP406235 is identical to KP406233 but kept for subsequent analysis
NOTE: KP406240 is identical to KP406238 but kept for subsequent analysis
NOTE: KP406329 is identical to KP406320 but kept for subsequent analysis
NOTE: KP406321 is identical to KP406319 but kept for subsequent analysis
NOTE: KP406254 is identical to KP406244 but kept for subsequent analysis
NOTE: KP406312 is identical to KP406305 but kept for subsequent analysis
NOTE: KP406308 is identical to KP406307 but kept for subsequent analysis
NOTE: KY470839 is identical to KY470836 but kept for subsequent analysis
NOTE: KY470837 is identical to KY470834 but kept for subsequent analysis
NOTE: KU963823 is identical to KU963817 but kept for subsequent analysis
NOTE: KP406180 is identical to KP406176 but kept for subsequent analysis
NOTE: KP406183 is identical to KP406178 but kept for subsequent analysis
NOTE: KP406198 is identical to KP406186 but kept for subsequent analysis
NOTE: KP406199 is identical to KP406187 but kept for subsequent analysis
NOTE: KP406192 is identical to KP406189 but kept for subsequent analysis
NOTE: KP406219 is identical to KP406197 but kept for subsequent analysis
NOTE: KP406193 is identical to KP406191 but kept for subsequent analysis
NOTE: KP406207 is identical to KP406202 but kept for subsequent analysis
NOTE: KP406195 is identical to KP406188 but kept for subsequent analysis
NOTE: KP406212 is identical to KP406190 but kept for subsequent analysis
NOTE: KP148451 is identical to KP148369 but kept for subsequent analysis
NOTE: MT757453 is identical to MT757448 but kept for subsequent analysis
NOTE: AY800392 is identical to AY800391 but kept for subsequent analysis
NOTE: DQ463800 is identical to JN792898 but kept for subsequent analysis
NOTE: DQ463798 is identical to JN792899 but kept for subsequent analysis
NOTE: DQ463801 is identical to JN792893 but kept for subsequent analysis
NOTE: DQ463797 is identical to JN792895 but kept for subsequent analysis
NOTE: JQ707738 is identical to JQ707743 but kept for subsequent analysis
NOTE: JQ707752 is identical to JQ707748 but kept for subsequent analysis
Checking for duplicate sequences: done in 0.0134909 secs using 94.1% CPU
Identifying sites to remove: done in 0.0316401 secs using 81.38% CPU
NOTE: 32 identical sequences (see below) will be ignored for subsequent analysis
NOTE: KU963849 (identical to KU963844) is ignored but added at the end
NOTE: KU963850 (identical to KU963844) is ignored but added at the end
NOTE: KY470964 (identical to KY470957) is ignored but added at the end
NOTE: KP406222 (identical to KP406220) is ignored but added at the end
NOTE: KP406223 (identical to KP406220) is ignored but added at the end
NOTE: KP406224 (identical to KP406220) is ignored but added at the end
NOTE: KP406225 (identical to KP406220) is ignored but added at the end
NOTE: KP406227 (identical to KP406220) is ignored but added at the end
NOTE: KP406228 (identical to KP406220) is ignored but added at the end
NOTE: KP406230 (identical to KP406220) is ignored but added at the end
NOTE: KP406231 (identical to KP406220) is ignored but added at the end
NOTE: KP406242 (identical to KP406233) is ignored but added at the end
NOTE: KP406324 (identical to KP406319) is ignored but added at the end
NOTE: KP406314 (identical to KP406305) is ignored but added at the end
NOTE: KP406309 (identical to KP406307) is ignored but added at the end
NOTE: KP406310 (identical to KP406307) is ignored but added at the end
NOTE: KP406313 (identical to KP406307) is ignored but added at the end
NOTE: KP406315 (identical to KP406307) is ignored but added at the end
NOTE: KP406316 (identical to KP406307) is ignored but added at the end
NOTE: KP406185 (identical to KP406178) is ignored but added at the end
NOTE: KP406208 (identical to KP406189) is ignored but added at the end
NOTE: KP406214 (identical to KP406189) is ignored but added at the end
NOTE: KP406196 (identical to KP406191) is ignored but added at the end
NOTE: KP406213 (identical to KP406191) is ignored but added at the end
NOTE: KP406215 (identical to KP406191) is ignored but added at the end
NOTE: KP406218 (identical to KP406191) is ignored but added at the end
NOTE: KP406211 (identical to KP406202) is ignored but added at the end
NOTE: KP406200 (identical to KP406188) is ignored but added at the end
NOTE: KP406217 (identical to KP406188) is ignored but added at the end
NOTE: MT757457 (identical to MT757448) is ignored but added at the end
NOTE: JQ707763 (identical to JQ707743) is ignored but added at the end
NOTE: JQ707756 (identical to JQ707748) is ignored but added at the end
Alignment was printed to results/aligned_hepatitisB_B-delim.fasta.uniqueseq.phy

For your convenience alignment with unique sequences printed to results/aligned_hepatitisB_B-delim.fasta.uniqueseq.phy

Create initial parsimony tree by phylogenetic likelihood library (PLL)... 0.032 seconds

NOTE: 114 MB RAM (0 GB) is required!
Estimate model parameters (epsilon = 0.500)
1. Initial log-likelihood: -530521.970
2. Current log-likelihood: -500720.937
3. Current log-likelihood: -500594.705
4. Current log-likelihood: -500585.217
Optimal log-likelihood: -500584.660
Rate parameters:  A-C: 2.43091  A-G: 5.29573  A-T: 1.44010  C-G: 0.58340  C-T: 3.69985  G-T: 1.00000
Base frequencies:  A: 0.226  C: 0.267  G: 0.226  T: 0.281
Parameters optimization took 4 rounds (13.426 sec)
Wrote distance file to... 
Computing ML distances based on estimated model parameters...
Calculating distance matrix: done in 7.10717 secs using 99.86% CPU
Computing ML distances took 7.126764 sec (of wall-clock time) 7.110540 sec (of CPU time)
Setting up auxiliary I and S matrices: done in 0.0396371 secs using 180.1% CPU
Constructing RapidNJ tree: done in 0.210713 secs using 186.7% CPU
Computing RapidNJ tree took 0.250700 sec (of wall-clock time) 0.465237 sec (of CPU time)
Log-likelihood of RapidNJ tree: -208075.161
--------------------------------------------------------------------
|             INITIALIZING CANDIDATE TREE SET                      |
--------------------------------------------------------------------

Do NNI search on 2 best initial trees
Optimizing NNI: done in 9.40089 secs using 99.77% CPU
Estimate model parameters (epsilon = 0.500)
BETTER TREE FOUND at iteration 1: -205543.406
Optimizing NNI: done in 45.1005 secs using 99.76% CPU
Finish initializing candidate tree set (4)
Current best tree score: -205543.406 / CPU time: 58.756
Number of iterations: 2
TREE SEARCH COMPLETED AFTER 2 ITERATIONS / Time: 0h:1m:23s

--------------------------------------------------------------------
|                    FINALIZING TREE SEARCH                        |
--------------------------------------------------------------------
Performs final model parameters optimization
Estimate model parameters (epsilon = 0.050)
1. Initial log-likelihood: -205543.406
Optimal log-likelihood: -205543.401
Rate parameters:  A-C: 2.37110  A-G: 4.56560  A-T: 1.19294  C-G: 0.63312  C-T: 2.84063  G-T: 1.00000
Base frequencies:  A: 0.226  C: 0.267  G: 0.226  T: 0.281
Parameters optimization took 1 rounds (0.935 sec)
BEST SCORE FOUND : -205543.401
Total tree length: 9.473

Total number of iterations: 2
CPU time used for tree search: 58.619 sec (0h:0m:58s)
Wall-clock time used for tree search: 58.759 sec (0h:0m:58s)
Total CPU time used: 84.311 sec (0h:1m:24s)
Total wall-clock time used: 84.226 sec (0h:1m:24s)

Analysis results written to: 
  IQ-TREE report:                results/aligned_hepatitisB_B-delim.fasta.iqtree
  Maximum-likelihood tree:       results/aligned_hepatitisB_B-delim.fasta.treefile
  Likelihood distances:          results/aligned_hepatitisB_B-delim.fasta.mldist
  Screen log file:               results/aligned_hepatitisB_B-delim.fasta.log

Date and Time: Tue Nov 15 15:00:42 2022
