IQ-TREE multicore version 2.2.0-beta COVID-edition for Mac OS X 64-bit built Mar  3 2022 built Mar  3 2022
Developed by Bui Quang Minh, James Barbetti, Nguyen Lam Tung,
Olga Chernomor, Heiko Schmidt, Dominik Schrempf, Michael Woodhams, Ly Trong Nhan.

Host:    MacBook-Pro-2.local (SSE4.2, 8 GB RAM)
Command: iqtree2 -nt 1 -s results/aligned_hepatitisB_A-delim.fasta -m GTR -ninit 2 -n 2 -me 0.05
Seed:    970382 (Using SPRNG - Scalable Parallel Random Number Generator)
Time:    Tue Nov 15 14:25:29 2022
Kernel:  SSE2 - 1 threads (8 CPU cores detected)

HINT: Use -nt option to specify number of threads because your CPU has 8 cores!
HINT: -nt AUTO will automatically determine the best number of threads to use.

Reading alignment file results/aligned_hepatitisB_A-delim.fasta ... Fasta format detected
Reading fasta file: done in 0.064424 secs using 90.68% CPU
Alignment most likely contains DNA/RNA sequences
Constructing alignment: done in 0.030412 secs using 74.52% CPU
Alignment has 1103 sequences with 3221 columns, 2340 distinct patterns
1448 parsimony-informative, 736 singleton sites, 1037 constant sites
          Gap/Ambiguity  Composition  p-value
Analyzing sequences: done in 0.00534797 secs using 89.72% CPU
   1  JN182321    0.00%    passed     97.72%
   2  JN182322    0.59%    passed     96.55%
   3  JN182329    1.37%    passed     98.79%
   4  JN182330    0.00%    passed     98.33%
   5  JN182324    0.00%    passed     98.51%
   6  JN182333    0.00%    passed     98.20%
   7  JN182325    0.00%    passed     98.36%
   8  JN182331    0.00%    passed     97.50%
   9  JN182328    0.00%    passed     96.97%
  10  JN182323    0.65%    passed     98.19%
  11  JN182320    0.87%    passed     99.11%
  12  JN182332    0.00%    passed     99.56%
  13  JN182327    0.84%    passed     98.84%
  14  JN182326    1.83%    passed     96.53%
  15  JN182319    0.78%    passed     97.53%
  16  JN182334    0.62%    passed     98.27%
  17  KP234050    0.00%    passed     88.27%
  18  AM494718    0.03%    passed     87.74%
  19  AY934773    0.06%    passed     84.56%
  20  AY233288    0.00%    passed     95.41%
  21  KP168423    0.03%    passed     81.84%
  22  JX154579    0.00%    passed     71.54%
  23  JX154581    0.00%    passed     76.01%
  24  JX154580    0.00%    passed     75.31%
  25  JX154582    0.00%    passed     72.84%
  26  KX648547    0.93%    passed     85.43%
  27  KX648548    0.00%    passed     84.67%
  28  KT347088    0.00%    passed     88.56%
  29  KJ010776    0.00%    passed     79.90%
  30  KJ010778    0.00%    passed     78.60%
  31  KJ010777    0.00%    passed     64.89%
  32  AY233285    0.00%    passed     84.89%
  33  AY233289    0.00%    passed     85.32%
  34  HM535200    0.00%    passed     87.88%
  35  KU605535    0.19%    passed     84.05%
  36  AY233282    0.00%    passed     83.48%
  37  AY233283    0.00%    passed     80.79%
  38  AY233274    0.00%    passed     78.24%
  39  KF922406    0.00%    passed     81.77%
  40  KF922407    0.00%    passed     91.55%
  41  KF922409    0.00%    passed     88.11%
  42  KF922408    0.00%    passed     78.40%
  43  HM535205    0.00%    passed     92.17%
  44  KU605533    0.00%    passed     80.17%
  45  KU605534    0.00%    passed     82.04%
  46  AY233284    0.00%    passed     85.54%
  47  KT347091    2.05%    passed     81.31%
  48  KT347092    2.05%    passed     66.47%
  49  KX357646    0.00%    passed     87.70%
  50  AY934765    0.16%    passed     95.25%
  51  AY934766    0.06%    passed     91.98%
  52  KP168424    0.06%    passed     95.33%
  53  KP168425    0.09%    passed     92.44%
  54  AY934772    0.06%    passed     97.37%
  55  KP168426    0.43%    passed     85.66%
  56  KU736918    0.03%    passed     84.93%
  57  KU736919    0.09%    passed     82.83%
  58  MK512457    0.00%    passed     87.57%
  59  MK512460    1.21%    passed     58.84%
  60  MK512473    0.00%    passed     75.72%
  61  FM199979    0.00%    passed     82.77%
  62  GU563545    0.00%    passed     71.54%
  63  FM199978    0.71%    passed     73.41%
  64  GU563548    0.00%    passed     80.50%
  65  FM199980    0.09%    passed     77.76%
  66  FM199981    0.28%    passed     76.07%
  67  FM199976    0.25%    passed     86.07%
  68  FM199977    0.16%    passed     80.11%
  69  MK512474    0.00%    passed     76.97%
  70  MK512470    0.00%    passed     51.69%
  71  MK512459    1.68%    passed     76.28%
  72  MK512458    1.68%    passed     67.71%
  73  MK512468    0.00%    passed     82.65%
  74  MK512467    0.00%    passed     80.09%
  75  MK512476    1.68%    passed     80.39%
  76  MK512477    1.68%    passed     83.70%
  77  MK512465    0.00%    passed     78.31%
  78  DQ020002    0.00%    passed     88.05%
  79  FM199974    0.12%    passed     91.75%
  80  MK512461    1.58%    passed     82.46%
  81  GU563547    0.00%    passed     73.35%
  82  MK512475    0.00%    passed     70.23%
  83  KT347087    0.19%    passed     79.77%
  84  AY233275    0.00%    passed     94.29%
  85  AY233281    0.00%    passed     88.27%
  86  KX648549    5.18%    passed     86.50%
  87  KP168427    0.19%    passed     95.73%
  88  KP168422    0.12%    passed     74.25%
  89  AY233276    0.00%    passed     75.89%
  90  AY233287    0.00%    passed     75.51%
  91  AY233279    0.00%    passed     83.88%
  92  AY233277    0.00%    passed     78.91%
  93  MK512463    1.02%    passed     59.08%
  94  MK512471    0.00%    passed     95.47%
  95  MK512464    0.00%    passed     87.50%
  96  FJ692573    1.74%    passed     88.30%
  97  FJ692592    0.16%    passed     90.53%
  98  AF297625    0.65%    passed     73.47%
  99  ON585698    0.31%    passed     98.21%
 100  ON585700    4.97%    passed     65.46%
 101  OK274310    0.00%    passed     90.85%
 102  LC519823    0.00%    passed     81.08%
 103  LC519820    0.09%    passed     74.68%
 104  LC519794    0.00%    passed     85.08%
 105  KT366468    0.00%    passed     86.14%
 106  KR905430    0.00%    passed     87.80%
 107  KT366470    0.00%    passed     88.50%
 108  KR905431    0.56%    passed     85.73%
 109  KT366469    0.00%    passed     88.63%
 110  KT366471    0.00%    passed     84.76%
 111  KT366462    0.03%    passed     91.19%
 112  KR905428    0.03%    passed     91.37%
 113  MF925361    0.00%    passed     83.93%
 114  KF214663    0.00%    passed     92.74%
 115  MZ093431    1.68%    passed     74.54%
 116  LC519806    1.71%    passed     82.17%
 117  KT151613    3.69%    passed     83.23%
 118  KM243029    6.86%    passed     79.88%
 119  KT151615    0.53%    passed     90.29%
 120  AB241114    0.00%    passed     80.99%
 121  KR905429    0.00%    passed     85.74%
 122  KT366466    0.00%    passed     76.21%
 123  KR905425    0.00%    passed     76.21%
 124  LC519791    0.00%    passed     94.03%
 125  MF925407    0.00%    passed     94.56%
 126  MF925385    0.00%    passed     92.44%
 127  LC519817    1.68%    passed     95.24%
 128  KT151616    4.59%    passed     83.61%
 129  KF214659    0.00%    passed     83.28%
 130  KC875251    0.09%    passed     97.35%
 131  KC875256    0.09%    passed     94.64%
 132  KC875255    0.09%    passed     95.99%
 133  KC875258    0.09%    passed     94.67%
 134  KC875252    0.09%    passed     93.60%
 135  KC875253    0.09%    passed     95.69%
 136  KC875257    0.09%    passed     93.48%
 137  KC875254    0.09%    passed     90.03%
 138  KC875259    0.09%    passed     98.24%
 139  DQ315786    0.09%    passed     93.26%
 140  KT366467    0.00%    passed     83.32%
 141  KR905426    0.00%    passed     85.20%
 142  KT151618    4.22%    passed     83.14%
 143  KT151611    2.70%    passed     82.73%
 144  MF925372    0.00%    passed     87.87%
 145  MF925373    0.00%    passed     95.52%
 146  AY373429    0.00%    passed     81.88%
 147  KT151614    0.59%    passed     95.59%
 148  AB937795    0.16%    passed     95.69%
 149  LC519811    0.00%    passed     96.47%
 150  DQ315784    0.09%    passed     90.37%
 151  KF214657    0.56%    passed     76.29%
 152  LC519798    0.00%    passed     94.24%
 153  DQ315785    0.75%    passed     82.51%
 154  KR905427    0.00%    passed     93.85%
 155  KF214664    0.03%    passed     89.68%
 156  AB453986    0.00%    passed     91.54%
 157  KF214660    0.00%    passed     84.35%
 158  KF214665    0.00%    passed     88.74%
 159  KF214661    0.00%    passed     95.73%
 160  MN476102    0.00%    passed     91.33%
 161  KP168432    0.00%    passed     75.40%
 162  KP168433    0.12%    passed     85.51%
 163  KP168430    0.06%    passed     83.89%
 164  KP168431    0.12%    passed     94.80%
 165  KP168429    0.16%    passed     83.41%
 166  KP168428    0.12%    passed     97.22%
 167  MG877723    0.43%    passed     76.29%
 168  MG877725    0.43%    passed     77.64%
 169  MF772351    0.00%    passed     91.00%
 170  MF772353    0.03%    passed     92.21%
 171  KJ854687    0.00%    passed     89.29%
 172  KJ854690    0.00%    passed     91.77%
 173  KJ854694    0.00%    passed     92.45%
 174  KJ854698    1.86%    passed     89.47%
 175  KJ854700    0.03%    passed     85.72%
 176  KJ854707    0.00%    passed     87.92%
 177  KJ854695    3.45%    passed     85.95%
 178  KM606748    0.00%    passed     80.79%
 179  KJ854699    0.12%    passed     86.75%
 180  KJ854693    0.99%    passed     93.06%
 181  MF772352    0.25%    passed     91.59%
 182  DQ020003    0.00%    passed     92.95%
 183  KX357642    0.00%    passed     86.38%
 184  KX357643    0.00%    passed     90.42%
 185  KX357645    0.00%    passed     92.49%
 186  KX357647    0.00%    passed     88.44%
 187  KU736920    0.12%    passed     84.51%
 188  AY934767    0.00%    passed     89.69%
 189  AY934768    0.00%    passed     82.09%
 190  AY934769    0.03%    passed     87.75%
 191  AY934770    0.00%    passed     80.14%
 192  LC051141    0.00%    passed     95.47%
 193  AY934774    0.00%    passed     89.40%
 194  AB453987    0.00%    passed     91.92%
 195  EU410082    0.00%    passed     86.98%
 196  KJ854686    0.06%    passed     90.81%
 197  KJ854689    0.03%    passed     89.28%
 198  KJ854703    0.06%    passed     90.85%
 199  KJ854692    0.00%    passed     92.36%
 200  KJ854696    0.00%    passed     87.92%
 201  KJ854702    0.00%    passed     91.03%
 202  KJ854704    0.03%    passed     88.94%
 203  KJ854705    0.00%    passed     88.18%
 204  KJ854697    0.00%    passed     97.40%
 205  KJ843183    0.03%    passed     96.14%
 206  AF043560    0.12%    passed     88.82%
 207  KJ854706    0.00%    passed     93.07%
 208  KJ854691    0.06%    passed     90.85%
 209  AY903452    0.19%    passed     93.48%
 210  FJ692575    0.40%    passed     94.52%
 211  KF922424    1.74%    passed     85.76%
 212  KF922425    1.74%    passed     85.76%
 213  KF922426    0.00%    passed     91.54%
 214  KF922427    0.00%    passed     93.68%
 215  KF922428    0.00%    passed     95.00%
 216  FJ692557    0.00%    passed     90.25%
 217  FJ692578    0.00%    passed     89.02%
 218  FJ692580    0.00%    passed     89.02%
 219  FJ692581    0.00%    passed     89.02%
 220  FJ692582    0.00%    passed     89.02%
 221  FJ692583    0.00%    passed     89.02%
 222  FJ692584    0.00%    passed     89.02%
 223  FJ692585    0.00%    passed     89.02%
 224  FJ692574    0.00%    passed     94.45%
 225  FJ692571    0.19%    passed     90.79%
 226  FJ692563    0.06%    passed     84.21%
 227  FJ692560    0.06%    passed     90.30%
 228  AB937791    0.00%    passed     87.57%
 229  AB937796    0.00%    passed     88.29%
 230  FJ692590    0.00%    passed     93.01%
 231  FJ692591    0.62%    passed     93.39%
 232  FJ692565    0.25%    passed     96.16%
 233  FJ692569    0.03%    passed     86.67%
 234  AB241115    0.00%    passed     78.12%
 235  KM519452    0.00%    passed     88.61%
 236  KM519453    0.00%    passed     89.53%
 237  KJ854688    0.12%    passed     95.33%
 238  FJ692559    0.09%    passed     94.66%
 239  FJ692577    0.12%    passed     88.46%
 240  FJ692572    0.09%    passed     89.50%
 241  FJ692561    0.40%    passed     94.49%
 242  AB453988    0.00%    passed     86.71%
 243  AY233278    0.00%    passed     86.85%
 244  FJ692562    0.16%    passed     85.22%
 245  FJ692568    0.47%    passed     89.14%
 246  FJ692576    0.09%    passed     88.18%
 247  KF922422    0.00%    passed     80.72%
 248  KF922423    0.00%    passed     82.00%
 249  FJ692570    3.29%    passed     87.04%
 250  AY934771    0.03%    passed     85.76%
 251  JQ023660    0.00%    passed     88.10%
 252  JQ023662    0.09%    passed     88.59%
 253  JQ023663    0.00%    passed     85.17%
 254  JQ023661    0.00%    passed     92.03%
 255  FJ692566    0.03%    passed     93.77%
 256  KX357644    1.58%    passed     90.58%
 257  LC519788    0.00%    passed     87.28%
 258  AY373428    0.00%    passed     69.31%
 259  MN476101    0.00%    passed     81.62%
 260  KP168434    0.00%    passed     81.70%
 261  MF925404    0.00%    passed     96.34%
 262  KX276769    0.53%    passed     96.97%
 263  FJ692586    1.80%    passed     97.90%
 264  AB453989    0.00%    passed     81.49%
 265  HM011485    0.12%    passed     94.41%
 266  KF214658    2.55%    passed     84.18%
 267  LC519815    0.22%    passed     78.22%
 268  KF214666    0.19%    passed     93.17%
 269  KX357649    0.03%    passed     95.25%
 270  FJ692558    0.22%    passed     89.60%
 271  KF214662    0.00%    passed     93.29%
 272  MF925368    0.00%    passed     95.21%
 273  MF925400    0.00%    passed     88.72%
 274  MK512472    0.00%    passed     81.33%
 275  MK512456    0.00%    passed     70.18%
 276  MK512466    1.96%    passed     47.12%
 277  MK512462    0.00%    passed     93.02%
 278  MT210032    0.00%    passed     62.23%
 279  KU605536    0.09%    passed     68.98%
 280  KU605537    0.00%    passed     69.37%
 281  KU605538    0.00%    passed     69.37%
 282  KU605539    0.00%    passed     69.37%
 283  KU605540    0.03%    passed     57.53%
 284  KF922435    0.00%    passed     73.05%
 285  KF922436    0.00%    passed     74.06%
 286  KF922437    0.00%    passed     70.34%
 287  KF922414    0.00%    passed     69.81%
 288  KF922415    0.00%    passed     72.30%
 289  KF922416    0.00%    passed     76.96%
 290  KF922417    0.00%    passed     77.05%
 291  KF922418    0.00%    passed     81.35%
 292  KF922419    0.00%    passed     77.00%
 293  KF922420    0.00%    passed     78.02%
 294  KF922421    0.00%    passed     71.16%
 295  KF922433    0.65%    passed     72.87%
 296  KF922434    0.65%    passed     73.56%
 297  AF297621    0.65%    passed     80.13%
 298  AY233290    0.00%    passed     79.51%
 299  KF922429    0.00%    passed     79.94%
 300  KF922430    0.00%    passed     75.62%
 301  KF922431    0.00%    passed     81.87%
 302  AF297623    2.24%    passed     91.35%
 303  MT210034    1.96%    passed     96.11%
 304  ON585702    1.58%    passed     93.42%
 305  KJ854701    0.16%    passed     97.99%
 306  KJ854685    0.31%    passed     99.82%
 307  KC836879    0.09%    passed     93.97%
 308  KT151612    0.22%    passed     98.91%
 309  KT151617    0.22%    passed     98.31%
 310  MT114170    0.00%    passed     88.69%
 311  AB937799    1.02%    passed     95.80%
 312  KF214656    0.19%    passed     93.75%
 313  MF925362    0.03%    passed     97.56%
 314  KX357648    0.00%    passed     81.71%
 315  EU366129    0.28%    passed     98.78%
 316  LC519819    1.21%    passed     94.57%
 317  MK512455    0.65%    passed     92.01%
 318  AB246317    1.12%    passed     90.22%
 319  MT108214    4.66%    passed     15.35%
 320  GQ331046    0.00%    passed     93.62%
 321  GQ331047    0.00%    passed     92.91%
 322  EU859952    0.00%    passed     92.09%
 323  GQ331048    0.00%    passed     79.20%
 324  MN585096    0.56%    passed     53.55%
 325  MW784518    0.09%    passed     89.58%
 326  MW567973    6.18%    passed     78.21%
 327  KM606737    0.00%    passed     93.42%
 328  MW567975    2.02%    passed     78.98%
 329  MW567977    3.57%    passed     96.43%
 330  MW567980    1.33%    passed     81.12%
 331  MW567976    0.03%    passed     79.08%
 332  MW567972    4.16%    passed     79.13%
 333  MW567978    3.91%    passed     87.71%
 334  MT622525    0.00%    passed     91.91%
 335  MH580627    0.00%    passed     97.15%
 336  MH580639    0.00%    passed     95.09%
 337  MH580642    0.00%    passed     95.39%
 338  MH580643    0.00%    passed     95.39%
 339  KP234052    0.00%    passed     88.29%
 340  LC462120    0.03%    passed     97.49%
 341  LC462121    0.03%    passed     97.99%
 342  FJ692554    0.00%    passed     94.29%
 343  KP234053    0.00%    passed     93.42%
 344  FJ692601    0.06%    passed     88.59%
 345  FJ692612    0.34%    passed     93.14%
 346  FJ692605    0.37%    passed     91.76%
 347  FJ692602    0.09%    passed     91.97%
 348  FJ692604    0.06%    passed     96.22%
 349  FJ692594    0.22%    passed     88.27%
 350  FJ692606    0.09%    passed     90.02%
 351  FJ692608    0.00%    passed     94.20%
 352  FJ692596    0.16%    passed     89.12%
 353  FJ692598    0.47%    passed     89.36%
 354  FJ692600    0.47%    passed     92.00%
 355  FJ692607    0.03%    passed     92.45%
 356  FJ692609    0.06%    passed     95.86%
 357  FJ692603    0.40%    passed     89.42%
 358  FJ692593    0.43%    passed     91.98%
 359  FJ692599    0.06%    passed     87.20%
 360  FJ692597    0.65%    passed     93.50%
 361  FJ692611    0.06%    passed     95.72%
 362  FJ692613    0.06%    passed     91.81%
 363  FJ692595    0.22%    passed     90.45%
 364  GQ161813    0.09%    passed     84.44%
 365  AY934764    0.00%    passed     87.39%
 366  FJ692556    0.28%    passed     87.81%
 367  MN544634    0.00%    passed     76.21%
 368  AM184125    0.00%    passed     84.57%
 369  AM184126    0.00%    passed     95.77%
 370  AY934763    0.00%    passed     82.51%
 371  MW567971    1.86%    passed     72.50%
 372  HM363612    3.23%    passed     95.98%
 373  HM363613    3.23%    passed     94.27%
 374  MW567974    4.41%    passed     87.62%
 375  MW567967    2.55%    passed     47.46%
 376  MW567969    3.94%    passed     73.02%
 377  HQ646552    0.00%    passed     67.06%
 378  HQ646553    0.03%    passed     87.35%
 379  HQ646554    0.03%    passed     84.34%
 380  HQ646555    0.03%    passed     82.74%
 381  HQ646556    2.92%    passed     89.36%
 382  OK143477    1.21%    passed     93.32%
 383  OK143482    1.21%    passed     88.81%
 384  OK143483    1.21%    passed     86.79%
 385  OK143484    1.21%    passed     84.98%
 386  LC517161    0.00%    passed     91.06%
 387  MH932713    0.00%    passed     93.48%
 388  LC365288    0.00%    passed     93.02%
 389  AB697489    0.00%    passed     93.02%
 390  AB697501    0.00%    passed     93.02%
 391  AB697512    0.00%    passed     93.36%
 392  LC311241    0.03%    passed     93.21%
 393  LC074724    0.00%    passed     92.28%
 394  AB697491    0.03%    passed     92.87%
 395  AB697496    0.00%    passed     91.94%
 396  AB697499    0.00%    passed     91.94%
 397  AB697503    0.00%    passed     91.94%
 398  AB697508    0.00%    passed     91.94%
 399  AB697497    0.00%    passed     91.49%
 400  AB697505    0.06%    passed     92.36%
 401  AB937798    0.00%    passed     92.59%
 402  AB697504    0.00%    passed     91.49%
 403  AB453979    0.00%    passed     91.49%
 404  AB697509    0.00%    passed     90.38%
 405  AB453980    0.00%    passed     92.96%
 406  AB697488    0.16%    passed     94.24%
 407  LC311243    0.03%    passed     92.50%
 408  LC311242    0.00%    passed     91.96%
 409  AB697506    0.06%    passed     89.07%
 410  AB697507    0.06%    passed     90.74%
 411  AB453981    0.00%    passed     90.45%
 412  AB697511    0.03%    passed     93.13%
 413  KT749824    0.00%    passed     90.51%
 414  EU859933    0.00%    passed     91.06%
 415  EU859941    0.00%    passed     89.87%
 416  EU859943    0.00%    passed     90.94%
 417  GU563555    0.00%    passed     91.49%
 418  EU859954    0.00%    passed     89.37%
 419  KT749838    0.00%    passed     91.06%
 420  AP007263    0.00%    passed     88.16%
 421  KY886219    0.00%    passed     93.54%
 422  EU859930    0.00%    passed     90.78%
 423  AB697492    0.00%    passed     88.26%
 424  AB937792    0.00%    passed     89.13%
 425  AB937793    0.00%    passed     87.70%
 426  AB937794    0.00%    passed     87.70%
 427  AB775199    0.03%    passed     87.40%
 428  AB775198    0.00%    passed     88.07%
 429  AB775200    0.00%    passed     87.23%
 430  AB775201    0.00%    passed     87.23%
 431  AB697495    0.09%    passed     88.12%
 432  AB697493    0.06%    passed     91.28%
 433  EU859932    0.00%    passed     89.77%
 434  KT749829    0.00%    passed     89.04%
 435  KT749844    0.00%    passed     88.33%
 436  EU859940    0.00%    passed     88.07%
 437  EU859946    0.00%    passed     84.78%
 438  EU859947    0.00%    passed     88.66%
 439  EU859951    0.00%    passed     84.14%
 440  EU859948    0.00%    passed     86.23%
 441  EU859949    0.00%    passed     86.34%
 442  KP274927    0.00%    passed     87.97%
 443  KT749835    0.00%    passed     89.46%
 444  KY003230    0.00%    passed     87.55%
 445  KP234051    0.00%    passed     89.04%
 446  GQ477461    0.00%    passed     89.46%
 447  GU563554    0.00%    passed     87.02%
 448  EU859931    0.00%    passed     88.52%
 449  EU859953    0.00%    passed     89.25%
 450  EU859937    0.00%    passed     88.09%
 451  EU594394    0.00%    passed     87.97%
 452  EU594395    0.00%    passed     87.55%
 453  EU859942    0.00%    passed     91.06%
 454  EU086721    0.00%    passed     89.04%
 455  EU594390    0.00%    passed     89.49%
 456  EU594392    0.00%    passed     89.49%
 457  EU594391    0.00%    passed     87.70%
 458  FJ349224    0.00%    passed     91.49%
 459  GU563546    0.00%    passed     88.05%
 460  EU594388    0.00%    passed     89.09%
 461  EU594383    0.00%    passed     87.28%
 462  KT749840    0.00%    passed     87.02%
 463  GU563562    0.03%    passed     83.96%
 464  EU594393    0.00%    passed     86.23%
 465  EU859935    0.00%    passed     87.97%
 466  EU859936    0.00%    passed     89.31%
 467  AF043580    0.03%    passed     86.02%
 468  KT749830    0.00%    passed     90.65%
 469  EU859914    0.00%    passed     91.40%
 470  EU859918    0.00%    passed     91.40%
 471  EU859929    0.00%    passed     91.40%
 472  EU859904    0.00%    passed     92.05%
 473  EU859915    0.00%    passed     92.05%
 474  EU859912    0.00%    passed     91.51%
 475  EU859919    0.00%    passed     92.90%
 476  KT749837    0.00%    passed     92.90%
 477  EU859899    0.00%    passed     92.90%
 478  EU859905    0.00%    passed     92.90%
 479  EU859908    0.00%    passed     92.90%
 480  EU859909    0.00%    passed     92.90%
 481  EU859922    0.00%    passed     92.90%
 482  EU859926    0.00%    passed     92.90%
 483  EU859928    0.00%    passed     92.90%
 484  EU859902    0.00%    passed     93.79%
 485  EU859910    0.00%    passed     93.79%
 486  EU859916    0.00%    passed     93.48%
 487  EU859921    0.00%    passed     93.48%
 488  EU859925    0.00%    passed     93.48%
 489  EU859923    0.00%    passed     92.96%
 490  EU859898    0.00%    passed     92.90%
 491  EU859924    0.00%    passed     92.47%
 492  EU859903    0.00%    passed     92.69%
 493  EU859906    0.00%    passed     92.69%
 494  EU859913    0.00%    passed     91.40%
 495  EU859917    0.00%    passed     91.40%
 496  EU859920    0.00%    passed     92.38%
 497  KT749843    0.00%    passed     90.45%
 498  EU859907    0.00%    passed     91.40%
 499  EU859927    0.00%    passed     92.59%
 500  KP274928    0.00%    passed     93.01%
 501  EU859911    0.00%    passed     93.12%
 502  EU594389    0.00%    passed     88.05%
 503  EU859945    0.00%    passed     91.00%
 504  KM606749    0.00%    passed     89.13%
 505  EU594385    0.00%    passed     87.55%
 506  JQ687529    0.00%    passed     88.09%
 507  KM519454    0.00%    passed     87.55%
 508  AM410963    0.00%    passed     86.79%
 509  AM295795    0.00%    passed     87.40%
 510  AM295797    0.00%    passed     87.40%
 511  AM295800    0.00%    passed     85.94%
 512  AM295796    4.00%    passed     81.01%
 513  GQ477467    0.00%    passed     91.56%
 514  GU563558    0.00%    passed     96.42%
 515  KT749850    0.00%    passed     90.70%
 516  KP274925    0.00%    passed     89.74%
 517  KJ843166    0.00%    passed     89.93%
 518  KJ843215    0.00%    passed     91.29%
 519  KJ843192    0.00%    passed     91.31%
 520  KJ843214    0.00%    passed     89.93%
 521  KJ843216    0.00%    passed     90.07%
 522  KU605532    0.00%    passed     84.78%
 523  GU563553    0.00%    passed     81.45%
 524  GQ477503    0.00%    passed     82.53%
 525  KT749836    0.00%    passed     89.77%
 526  KM606742    0.00%    passed     83.08%
 527  KM606746    0.00%    passed     83.35%
 528  KJ854708    0.03%    passed     90.41%
 529  KJ854709    0.65%    passed     92.96%
 530  EU859955    0.00%    passed     88.11%
 531  EU859956    0.00%    passed     86.71%
 532  JX507080    0.00%    passed     89.67%
 533  GQ477496    0.00%    passed     90.19%
 534  EU594387    0.00%    passed     86.89%
 535  EU594384    0.00%    passed     92.30%
 536  EU594386    0.00%    passed     89.60%
 537  KJ843173    0.00%    passed     94.88%
 538  KJ843182    0.00%    passed     89.67%
 539  KJ843218    0.00%    passed     91.96%
 540  KJ843186    0.00%    passed     84.89%
 541  KJ843217    0.00%    passed     89.35%
 542  GU563557    0.00%    passed     88.09%
 543  AY862867    0.00%    passed     89.94%
 544  KX827293    0.00%    passed     92.22%
 545  KT749831    0.00%    passed     88.60%
 546  KT749825    0.00%    passed     93.21%
 547  KT749826    0.00%    passed     91.94%
 548  KT749842    0.00%    passed     92.28%
 549  KT749834    0.00%    passed     92.28%
 550  KT749846    0.00%    passed     89.94%
 551  KT749847    0.00%    passed     89.94%
 552  KT749849    0.00%    passed     89.94%
 553  KT749839    0.00%    passed     91.52%
 554  KJ854710    0.16%    passed     94.58%
 555  HE576988    0.00%    passed     81.86%
 556  HE576989    0.00%    passed     89.25%
 557  KY382410    0.12%    passed     82.82%
 558  KX827298    0.00%    passed     93.92%
 559  EU859950    0.19%    passed     84.63%
 560  JQ687533    0.00%    passed     90.84%
 561  GQ184323    0.00%    passed     86.05%
 562  GQ184324    0.00%    passed     85.37%
 563  KJ843188    0.00%    passed     88.60%
 564  AY233280    0.00%    passed     91.51%
 565  EU859900    0.00%    passed     84.27%
 566  EU859901    0.00%    passed     84.27%
 567  KT749833    0.00%    passed     84.69%
 568  KT749848    0.25%    passed     82.99%
 569  EF208113    0.00%    passed     86.70%
 570  EF208114    1.83%    passed     87.65%
 571  EF208115    1.83%    passed     79.06%
 572  LC488828    0.09%    passed     93.13%
 573  AY128092    0.06%    passed     92.31%
 574  GU563550    0.00%    passed     89.73%
 575  AB014370    0.00%    passed     91.56%
 576  EU747320    0.00%    passed     84.84%
 577  EU859934    0.00%    passed     80.42%
 578  GQ477468    0.03%    passed     93.04%
 579  EU859944    0.00%    passed     80.18%
 580  EU859939    0.00%    passed     92.28%
 581  AM282986    0.00%    passed     94.02%
 582  GQ477484    0.00%    passed     92.11%
 583  GQ477482    0.00%    passed     86.05%
 584  DQ788725    0.00%    passed     85.54%
 585  KJ843172    0.00%    passed     93.92%
 586  AY738139    0.03%    passed     92.01%
 587  AY738143    0.03%    passed     92.30%
 588  AY738140    0.03%    passed     88.51%
 589  AY738141    0.03%    passed     88.51%
 590  AY738142    0.03%    passed     88.53%
 591  AB222707    0.00%    passed     84.78%
 592  GQ477460    0.00%    passed     92.90%
 593  GQ477492    0.00%    passed     90.94%
 594  AB126580    0.03%    passed     91.24%
 595  AB453984    0.00%    passed     88.09%
 596  KX827297    0.03%    passed     93.68%
 597  GQ477498    0.28%    passed     83.94%
 598  GQ477465    0.00%    passed     92.68%
 599  GQ477490    0.00%    passed     89.31%
 600  KX827294    0.00%    passed     82.55%
 601  KX827296    0.00%    passed     81.46%
 602  KX827295    0.00%    passed     78.98%
 603  AY902775    0.00%    passed     81.27%
 604  AB453983    0.00%    passed     88.16%
 605  KT749832    0.00%    passed     87.32%
 606  EU859938    0.00%    passed     88.66%
 607  GQ477470    0.03%    passed     80.34%
 608  GQ477472    0.00%    passed     76.83%
 609  GQ477479    0.00%    passed     74.70%
 610  AF297624    0.65%    passed     85.07%
 611  KJ586809    0.00%    passed     86.07%
 612  KC836877    0.43%    passed     84.89%
 613  KC836878    0.53%    passed     94.37%
 614  KC836881    0.16%    passed     91.15%
 615  AY233286    0.00%    passed     90.38%
 616  GQ477466    0.03%    passed     92.46%
 617  GQ477483    0.06%    passed     85.08%
 618  GQ477491    0.00%    passed     85.88%
 619  GQ477475    0.00%    passed     74.98%
 620  GQ477486    0.00%    passed     88.07%
 621  GQ477495    0.00%    passed     92.76%
 622  GQ477494    0.06%    passed     92.09%
 623  GU563551    0.00%    passed     88.29%
 624  GQ477497    0.00%    passed     80.32%
 625  AB453982    0.00%    passed     94.81%
 626  GQ477488    0.00%    passed     89.77%
 627  KJ843184    0.09%    passed     94.19%
 628  GQ477489    0.03%    passed     85.74%
 629  KP995108    0.00%    passed     88.97%
 630  GQ477485    0.03%    passed     88.46%
 631  GQ477478    0.00%    passed     81.63%
 632  GQ477504    0.00%    passed     88.87%
 633  OK143492    1.21%    passed     91.20%
 634  OK143495    1.21%    passed     93.94%
 635  EU185786    0.81%    passed     87.39%
 636  EU185787    0.47%    passed     91.18%
 637  EU185789    0.53%    passed     92.27%
 638  GQ477500    0.00%    passed     77.04%
 639  GQ477499    0.03%    passed     87.70%
 640  OK143498    1.21%    passed     92.27%
 641  AB697487    1.65%    passed     92.19%
 642  AB697498    1.58%    passed     93.54%
 643  GQ477471    0.06%    passed     96.31%
 644  GQ477501    0.00%    passed     85.37%
 645  AB330371    0.03%    passed     82.02%
 646  AB330372    0.03%    passed     85.39%
 647  AB330373    0.06%    passed     73.86%
 648  GQ477480    0.00%    passed     80.82%
 649  GQ477487    0.00%    passed     87.89%
 650  AJ627228    0.40%    passed     88.34%
 651  AB453985    0.00%    passed     86.81%
 652  GQ477476    0.00%    passed     89.13%
 653  AJ627226    0.28%    passed     88.35%
 654  GQ477463    0.03%    passed     78.87%
 655  DQ788726    3.32%    passed     87.46%
 656  DQ788728    2.98%    passed     86.05%
 657  DQ788727    2.98%    passed     92.20%
 658  DQ788729    2.98%    passed     86.56%
 659  GQ477469    0.00%    passed     87.28%
 660  OK143481    1.27%    passed     94.11%
 661  MF925386    0.03%    passed     91.83%
 662  KC875260    0.00%    passed     93.58%
 663  OK143478    1.21%    passed     94.91%
 664  GQ477477    0.00%    passed     81.58%
 665  GQ477493    0.03%    passed     92.31%
 666  GQ477502    0.00%    passed     86.61%
 667  AB270536    0.03%    passed     96.01%
 668  GQ477462    0.03%    passed     83.35%
 669  KT749822    0.00%    passed     92.26%
 670  AJ627227    0.62%    passed     80.38%
 671  GQ477481    0.00%    passed     73.62%
 672  GQ477474    0.03%    passed     87.46%
 673  MF772344    0.00%    passed     84.69%
 674  MF772350    0.00%    passed     85.21%
 675  MF772346    0.00%    passed     86.62%
 676  MF772347    0.00%    passed     86.85%
 677  GQ477464    0.00%    passed     85.64%
 678  MF772345    0.00%    passed     86.23%
 679  AB937797    0.81%    passed     76.92%
 680  GQ477473    0.00%    passed     97.33%
 681  KC836880    0.31%    passed     93.61%
 682  FJ349222    1.77%    passed     80.96%
 683  FJ349223    5.74%    passed     76.58%
 684  AF297622    0.65%    passed     70.83%
 685  FJ904411    1.09%    passed     92.99%
 686  FJ904434    1.02%    passed     85.58%
 687  U87742      0.06%    passed     64.98%
 688  MK512469    1.68%    passed     76.54%
 689  LC533934    0.28%    passed     94.06%
 690  AB222708    0.09%    passed     91.61%
 691  U87746      0.06%    passed     83.55%
 692  MN585097    0.28%    passed     76.57%
 693  KP168435    0.40%    passed     68.07%
 694  MW567970    2.20%    passed     72.80%
 695  MN476099    1.58%    passed     88.78%
 696  MW567979    1.68%    passed     60.88%
 697  KF922410    0.00%    passed     42.49%
 698  KF922411    0.00%    passed     39.06%
 699  KF922412    0.00%    passed     42.01%
 700  KF922413    0.00%    passed     42.54%
 701  MN053840   60.20%    passed     67.21%
 702  MZ043025   43.74%    passed     54.43%
 703  MZ043026   43.71%    passed     57.01%
 704  MZ043040   43.71%    passed     43.96%
 705  MZ043083   43.71%    passed     41.47%
 706  MZ043084   43.71%    passed     46.59%
 707  MZ043061   43.74%    passed     34.00%
 708  JX310722   43.87%    passed     46.64%
 709  JX310723   43.87%    passed     49.59%
 710  KF779227   44.46%    passed     42.93%
 711  KF779266   44.46%    passed     42.93%
 712  KF779350   44.46%    passed     40.15%
 713  KF779317   44.46%    passed     39.40%
 714  KF779338   44.46%    passed     36.11%
 715  KF779339   44.46%    passed     36.11%
 716  KF779355   44.46%    passed     36.55%
 717  KF779275   44.46%    passed     39.40%
 718  KF779344   44.46%    passed     39.88%
 719  KF779363   44.46%    passed     39.40%
 720  KF779345   44.46%    passed     36.37%
 721  KF779362   44.46%    passed     41.92%
 722  KF779364   44.46%    passed     42.93%
 723  KF779378   44.46%    passed     42.49%
 724  KF779336   44.46%    passed     39.49%
 725  KF779279   44.46%    passed     33.23%
 726  KF779346   44.46%    passed     35.75%
 727  KF779347   44.46%    passed     35.75%
 728  KF779367   44.46%    passed     44.72%
 729  KF779326   44.46%    passed     38.94%
 730  KF779348   44.46%    passed     36.11%
 731  KF779352   44.46%    passed     38.09%
 732  KF779368   44.46%    passed     42.78%
 733  KF779369   44.46%    passed     42.78%
 734  KF779373   44.46%    passed     42.14%
 735  KF779329   44.46%    passed     46.00%
 736  KF779371   44.46%    passed     42.78%
 737  KF779243   44.46%    passed     42.93%
 738  KF779251   44.46%    passed     45.39%
 739  KF779262   44.46%    passed     42.93%
 740  KF779310   44.46%    passed     44.65%
 741  KF779314   44.46%    passed     42.14%
 742  KF779313   44.46%    passed     42.14%
 743  KF779258   44.46%    passed     43.29%
 744  KF779253   44.46%    passed     43.63%
 745  KF779255   44.46%    passed     42.14%
 746  KF779259   44.46%    passed     34.37%
 747  KF779244   44.46%    passed     42.93%
 748  KF779366   44.46%    passed     38.80%
 749  KF779246   44.46%    passed     49.66%
 750  KF779247   44.46%    passed     46.80%
 751  KF779248   44.46%    passed     41.92%
 752  KF779245   44.46%    passed     34.07%
 753  KF779286   44.46%    passed     46.27%
 754  KF779287   44.46%    passed     42.91%
 755  KF779290   44.46%    passed     42.12%
 756  KF779294   44.46%    passed     45.52%
 757  KF779291   44.46%    passed     43.55%
 758  KF779298   44.46%    passed     44.04%
 759  KF779232   44.46%    passed     36.11%
 760  KF779231   44.46%    passed     43.63%
 761  KF779319   44.46%    passed     51.97%
 762  KF779304   44.46%    passed     48.12%
 763  KF779322   44.46%    passed     46.89%
 764  KF779323   44.46%    passed     47.97%
 765  KF779325   44.46%    passed     48.68%
 766  KF779324   44.46%    passed     47.65%
 767  KF779386   44.46%    passed     41.37%
 768  KF779305   44.46%    passed     46.00%
 769  KF779238   44.46%    passed     46.02%
 770  KF779278   44.46%    passed     41.92%
 771  KF779370   44.46%    passed     47.65%
 772  KF779240   44.46%    passed     41.77%
 773  KF779385   44.46%    passed     48.77%
 774  KF779316   44.46%    passed     47.97%
 775  KF779337   44.46%    passed     38.80%
 776  KF779252   44.46%    passed     44.65%
 777  KF779239   44.46%    passed     44.04%
 778  KF779312   44.46%    passed     44.04%
 779  KF779342   44.46%    passed     44.04%
 780  KF779331   44.46%    passed     40.94%
 781  KF779328   44.46%    passed     44.02%
 782  KF779359   44.46%    passed     44.40%
 783  KF779358   44.46%    passed     47.00%
 784  KF779354   44.46%    passed     47.72%
 785  KF779330   44.46%    passed     44.63%
 786  KF779249   44.46%    passed     41.56%
 787  KF779309   44.46%    passed     41.56%
 788  KF779308   44.46%    passed     35.55%
 789  KF779372   44.46%    passed     41.56%
 790  KF779280   44.46%    passed     40.19%
 791  KF779283   44.46%    passed     45.09%
 792  KF779281   44.46%    passed     33.92%
 793  KF779270   44.46%    passed     40.94%
 794  KF779306   44.46%    passed     41.56%
 795  KF779383   44.46%    passed     40.94%
 796  KF779274   44.46%    passed     40.94%
 797  KF779282   44.46%    passed     44.63%
 798  KF779269   44.46%    passed     41.56%
 799  KF779349   44.46%    passed     42.43%
 800  KF779356   44.46%    passed     49.66%
 801  KF779374   44.46%    passed     42.06%
 802  KF779276   44.46%    passed     38.80%
 803  KF779375   44.46%    passed     42.06%
 804  KF779277   44.46%    passed     42.14%
 805  KF779261   44.46%    passed     38.80%
 806  KF779264   44.46%    passed     43.95%
 807  KF779360   44.46%    passed     55.06%
 808  KF779263   44.46%    passed     41.23%
 809  KF779320   44.46%    passed     46.16%
 810  KF779321   44.46%    passed     42.91%
 811  KF779257   44.46%    passed     42.93%
 812  KF779365   44.46%    passed     36.88%
 813  KF779297   44.46%    passed     48.90%
 814  KF779334   44.46%    passed     35.75%
 815  KF779268   44.46%    passed     47.12%
 816  KF779284   44.46%    passed     40.50%
 817  KF779361   44.46%    passed     39.40%
 818  KF779311   44.46%    passed     49.29%
 819  KF779295   44.46%    passed     44.72%
 820  KF779254   44.46%    passed     36.88%
 821  KF779333   44.46%    passed     43.63%
 822  MZ043078   43.71%    passed     43.24%
 823  JQ707532   44.43%    passed     53.53%
 824  JQ707533   44.43%    passed     46.94%
 825  JQ707535   44.43%    passed     39.58%
 826  JQ707539   44.43%    passed     45.72%
 827  JQ707542   44.43%    passed     49.68%
 828  JQ707554   44.43%    passed     46.38%
 829  JQ707545   44.43%    passed     42.96%
 830  JQ707538   44.43%    passed     42.96%
 831  JQ707541   44.43%    passed     48.95%
 832  JQ707543   44.43%    passed     46.12%
 833  JQ707546   44.43%    passed     46.12%
 834  JQ707549   44.43%    passed     49.25%
 835  JQ707555   44.43%    passed     49.68%
 836  JQ707566   44.43%    passed     46.12%
 837  JQ707567   44.43%    passed     46.12%
 838  JQ707568   44.43%    passed     46.75%
 839  JQ707564   44.43%    passed     49.68%
 840  JQ707560   44.43%    passed     52.93%
 841  JQ707573   44.43%    passed     45.86%
 842  JQ707562   44.43%    passed     42.28%
 843  JQ707556   44.43%    passed     46.75%
 844  JQ707558   44.43%    passed     46.75%
 845  JQ707552   44.43%    passed     45.35%
 846  JQ707557   44.43%    passed     49.29%
 847  JQ707548   44.43%    passed     45.07%
 848  JQ707550   44.43%    passed     38.82%
 849  JQ707544   44.43%    passed     48.07%
 850  JQ707559   44.46%    passed     43.92%
 851  JQ707572   44.43%    passed     50.36%
 852  JQ707547   44.43%    passed     49.95%
 853  JQ707569   44.43%    passed     42.61%
 854  JQ707571   44.43%    passed     46.38%
 855  JQ707534   44.43%    passed     46.94%
 856  JQ707570   44.43%    passed     52.57%
 857  JQ707561   44.43%    passed     43.46%
 858  JQ707551   44.43%    passed     45.86%
 859  JQ707563   44.43%    passed     52.45%
 860  JQ707536   44.43%    passed     48.46%
 861  JQ707577   44.43%    passed     37.30%
 862  JQ707601   44.43%    passed     46.54%
 863  JQ707575   44.43%    passed     52.16%
 864  JQ707583   44.43%    passed     56.31%
 865  JQ707581   44.43%    passed     52.19%
 866  JQ707587   44.43%    passed     53.76%
 867  JQ707579   44.43%    passed     42.52%
 868  JQ707588   44.43%    passed     52.05%
 869  JQ707591   44.43%    passed     51.15%
 870  JQ707580   44.43%    passed     52.84%
 871  JQ707576   44.43%    passed     47.51%
 872  JQ707589   44.43%    passed     52.45%
 873  JQ707590   44.43%    passed     45.35%
 874  JQ707592   44.43%    passed     38.34%
 875  JQ707537   44.43%    passed     34.61%
 876  JQ707609   44.43%    passed     39.87%
 877  JQ707624   44.43%    passed     39.87%
 878  JQ707637   44.43%    passed     39.87%
 879  JQ707612   44.43%    passed     39.87%
 880  JQ707618   44.43%    passed     43.28%
 881  JQ707620   44.43%    passed     39.87%
 882  JQ707614   44.43%    passed     36.54%
 883  JQ707631   44.43%    passed     39.87%
 884  JQ707629   44.43%    passed     39.87%
 885  JQ707611   44.43%    passed     42.61%
 886  JQ707619   44.43%    passed     39.17%
 887  JQ707621   44.43%    passed     39.87%
 888  JQ707626   44.43%    passed     39.17%
 889  JQ707632   44.43%    passed     36.93%
 890  JQ707613   44.43%    passed     43.28%
 891  JQ707610   44.43%    passed     36.54%
 892  JQ707616   44.43%    passed     39.39%
 893  JQ707623   44.43%    passed     40.44%
 894  JQ707625   44.43%    passed     46.75%
 895  JQ707617   44.43%    passed     42.61%
 896  JQ707615   44.43%    passed     39.17%
 897  JQ707633   44.43%    passed     39.17%
 898  JQ707636   44.43%    passed     39.17%
 899  JQ707622   44.43%    passed     43.46%
 900  JQ707627   44.43%    passed     39.87%
 901  JQ707638   44.43%    passed     41.22%
 902  JQ707639   44.43%    passed     41.22%
 903  JQ707640   44.43%    passed     40.86%
 904  JQ707648   44.43%    passed     44.82%
 905  JQ707651   44.43%    passed     44.82%
 906  JQ707642   44.43%    passed     41.46%
 907  JQ707643   44.43%    passed     41.22%
 908  JQ707645   44.43%    passed     41.22%
 909  JQ707653   44.43%    passed     44.82%
 910  JQ707656   44.43%    passed     44.82%
 911  JQ707644   44.43%    passed     45.07%
 912  JQ707650   44.43%    passed     48.48%
 913  JQ707652   44.43%    passed     40.86%
 914  JQ707647   44.43%    passed     42.11%
 915  JQ707646   44.43%    passed     44.14%
 916  JQ707641   44.43%    passed     41.80%
 917  JQ707649   44.43%    passed     41.22%
 918  JQ707654   44.43%    passed     44.82%
 919  JQ707655   44.43%    passed     41.22%
 920  JQ707630   44.43%    passed     40.44%
 921  JQ707628   44.43%    passed     37.42%
 922  JQ707634   44.43%    passed     40.44%
 923  JQ707635   44.43%    passed     41.80%
 924  JQ707582   44.43%    passed     46.54%
 925  JQ707595   44.43%    passed     55.41%
 926  JQ707659   44.43%    passed     38.35%
 927  JQ707663   44.43%    passed     44.89%
 928  JQ707667   44.43%    passed     41.37%
 929  JQ707664   44.43%    passed     41.37%
 930  JQ707665   44.43%    passed     41.37%
 931  JQ707672   44.43%    passed     37.94%
 932  JQ707674   44.43%    passed     44.89%
 933  JQ707676   44.43%    passed     41.80%
 934  JQ707661   44.43%    passed     35.06%
 935  JQ707669   44.43%    passed     41.73%
 936  KF779221   44.46%    passed     34.23%
 937  KF779381   44.46%    passed     41.21%
 938  KF779272   44.46%    passed     43.32%
 939  KF779260   44.46%    passed     56.62%
 940  KF779265   44.46%    passed     41.05%
 941  JQ707299   44.43%    passed     35.15%
 942  JQ707302   44.43%    passed     35.01%
 943  JQ707311   44.43%    passed     35.01%
 944  JQ707333   44.43%    passed     38.53%
 945  JQ707308   44.43%    passed     35.01%
 946  JQ707341   44.43%    passed     35.01%
 947  JQ707342   44.43%    passed     32.55%
 948  JQ707320   44.43%    passed     35.01%
 949  JQ707339   44.43%    passed     38.68%
 950  JQ707304   44.43%    passed     36.33%
 951  JQ707310   44.43%    passed     36.72%
 952  JQ707307   44.43%    passed     34.34%
 953  JQ707336   44.43%    passed     36.72%
 954  JQ707321   44.43%    passed     35.92%
 955  JQ707343   44.43%    passed     39.09%
 956  JQ707334   44.43%    passed     39.09%
 957  JQ707338   44.43%    passed     35.92%
 958  JQ707322   44.43%    passed     37.72%
 959  JQ707331   44.43%    passed     36.94%
 960  JQ707330   44.43%    passed     36.33%
 961  JQ707315   44.43%    passed     43.31%
 962  JQ707327   44.43%    passed     43.31%
 963  JQ707324   44.43%    passed     36.72%
 964  JQ707326   44.43%    passed     36.72%
 965  JQ707344   44.43%    passed     36.33%
 966  JQ707332   44.43%    passed     33.35%
 967  JQ707303   44.43%    passed     38.25%
 968  JQ707323   44.43%    passed     39.09%
 969  JQ707312   44.43%    passed     41.88%
 970  JQ707309   44.43%    passed     36.72%
 971  JQ707305   44.43%    passed     36.33%
 972  JQ707313   44.43%    passed     39.44%
 973  JQ707306   44.43%    passed     50.53%
 974  JQ707317   44.43%    passed     45.15%
 975  JQ707301   44.43%    passed     35.92%
 976  JQ707300   44.43%    passed     34.34%
 977  JQ707314   44.43%    passed     32.55%
 978  JQ707340   44.43%    passed     48.07%
 979  JQ707316   44.43%    passed     33.51%
 980  JQ707325   44.43%    passed     47.84%
 981  JQ707335   44.43%    passed     40.22%
 982  JQ707319   44.43%    passed     32.82%
 983  JQ707337   44.43%    passed     32.74%
 984  JQ707329   44.43%    passed     39.66%
 985  JQ707373   44.43%    passed     49.94%
 986  JQ707381   44.43%    passed     47.05%
 987  JQ707393   44.43%    passed     47.05%
 988  JQ707387   44.43%    passed     47.16%
 989  JQ707391   44.43%    passed     45.93%
 990  JQ707385   44.43%    passed     48.86%
 991  JQ707389   44.43%    passed     48.03%
 992  JQ707386   44.43%    passed     47.12%
 993  JQ707400   44.43%    passed     48.51%
 994  JQ707403   44.43%    passed     48.51%
 995  JQ707404   44.43%    passed     45.93%
 996  JQ707409   44.43%    passed     45.93%
 997  JQ707412   44.43%    passed     45.93%
 998  JQ707413   44.43%    passed     46.10%
 999  JQ707416   44.43%    passed     49.75%
1000  JQ707417   44.43%    passed     49.75%
1001  JQ707420   44.43%    passed     45.93%
1002  JQ707418   44.43%    passed     42.34%
1003  JQ707405   44.43%    passed     47.05%
1004  JQ707410   44.43%    passed     43.07%
1005  JQ707419   44.43%    passed     45.93%
1006  JQ707411   44.43%    passed     44.67%
1007  JQ707414   44.43%    passed     46.10%
1008  JQ707407   44.43%    passed     48.76%
1009  JQ707408   44.43%    passed     48.51%
1010  JQ707395   44.43%    passed     47.51%
1011  JQ707406   44.43%    passed     41.56%
1012  JQ707398   44.43%    passed     44.31%
1013  JQ707328   44.43%    passed     39.44%
1014  JQ707345   44.43%    passed     39.09%
1015  JQ707348   44.43%    passed     34.53%
1016  JQ707357   44.43%    passed     32.49%
1017  JQ707351   44.43%    passed     31.34%
1018  JQ707352   44.43%    passed     33.93%
1019  JQ707359   44.43%    passed     33.93%
1020  JQ707369   44.43%    passed     37.35%
1021  JQ707354   44.43%    passed     31.86%
1022  JQ707362   44.43%    passed     37.35%
1023  JQ707370   44.43%    passed     34.76%
1024  JQ707366   44.43%    passed     34.40%
1025  JQ707364   44.43%    passed     33.93%
1026  JQ707360   44.43%    passed     36.97%
1027  JQ707363   44.43%    passed     32.54%
1028  JQ707367   44.43%    passed     30.79%
1029  JQ707368   44.43%    passed     31.37%
1030  JQ707401   44.43%    passed     95.79%
1031  JQ707318   44.43%    passed     29.60%
1032  KF779293   44.46%    passed     32.69%
1033  KF779256   44.46%    passed     39.40%
1034  KF779234   44.46%    passed     33.33%
1035  KF779210   44.46%    passed     40.15%
1036  KF779211   44.46%    passed     40.58%
1037  MZ043070   43.74%    passed     30.79%
1038  MZ043028   43.71%    passed     40.77%
1039  MZ043047   43.71%    passed     59.38%
1040  MZ043072   43.74%    passed     42.95%
1041  MZ043095   43.71%    passed     46.71%
1042  MZ043042   43.81%    passed     35.60%
1043  MZ043097   43.71%    passed     46.59%
1044  MZ043082   43.74%    passed     43.76%
1045  MZ043051   43.71%    passed     59.15%
1046  MZ043077   43.71%    passed     42.10%
1047  MZ043075   43.74%    passed     48.58%
1048  MZ043060   43.71%    passed     43.19%
1049  MZ043046   43.71%    passed     44.12%
1050  MZ043043   43.78%    passed     30.49%
1051  MZ043094   43.74%    passed     47.84%
1052  MZ043065   43.84%    passed     44.07%
1053  MZ043074   43.78%    passed     27.44%
1054  MZ043050   43.74%    passed     32.40%
1055  MZ043053   43.71%    passed     42.07%
1056  MZ043032   43.74%    passed     55.42%
1057  MZ043081   43.78%    passed     32.78%
1058  MZ043031   43.71%    passed     46.55%
1059  MZ043092   43.71%    passed     39.05%
1060  MZ043052   43.74%    passed     44.07%
1061  MZ043069   43.78%    passed     37.85%
1062  MZ043044   43.71%    passed     44.49%
1063  MZ043033   43.74%    passed     38.29%
1064  KF779213   44.46%    passed     19.94%
1065  KF779215   44.46%    passed     40.26%
1066  MZ043090   43.71%    passed     32.58%
1067  MZ043071   43.71%    passed     34.51%
1068  MZ043038   43.74%    passed     23.48%
1069  MZ043067   43.71%    passed     40.54%
1070  MZ043059   43.81%    passed     42.71%
1071  MZ043066   43.71%    passed     26.14%
1072  MZ043068   43.71%    passed     49.76%
1073  MZ043062   43.71%    passed     42.53%
1074  MZ043093   43.74%    passed     48.01%
1075  MZ043045   43.71%    passed     44.86%
1076  MZ043029   43.71%    passed     46.25%
1077  MZ043054   43.78%    passed     39.59%
1078  MZ043073   43.71%    passed     27.88%
1079  MZ043087   43.74%    passed     29.52%
1080  MZ043057   43.71%    passed     40.23%
1081  MZ043058   43.74%    passed     21.41%
1082  MZ043085   43.84%    passed     59.77%
1083  DQ298161   43.34%    passed     60.74%
1084  DQ298163   43.34%    passed     44.15%
1085  DQ298164   43.34%    passed     33.55%
1086  DQ298165   43.34%    passed     40.87%
1087  DQ298162   43.34%    passed     58.20%
1088  MZ043064   45.42%    passed     28.91%
1089  MZ043027   43.84%    passed     53.10%
1090  MZ043079   43.71%    passed     66.31%
1091  MN104805   45.48%    passed     46.60%
1092  MZ043030   43.71%    passed     51.99%
1093  MZ043080   43.74%    passed     40.36%
1094  MZ043089   43.78%    passed     34.84%
1095  KF779332   44.46%    passed     60.12%
1096  KF779384   44.46%    passed     44.38%
1097  MZ043088   44.52%    passed     47.27%
1098  MZ043096   43.81%    passed     55.41%
1099  MZ043086   43.71%    passed     38.81%
1100  MZ043037   43.71%    passed     35.82%
1101  MZ043041   43.74%    passed     66.82%
1102  GQ414522   57.37%    passed     74.14%
1103  MZ043034   44.86%    passed     56.02%
WARNING: 2 sequences contain more than 50% gaps/ambiguity
****  TOTAL      16.43%  0 sequences failed composition chi2 test (p-value<5%; df=3)
NOTE: KR905425 is identical to KT366466 but kept for subsequent analysis
NOTE: KF922425 is identical to KF922424 but kept for subsequent analysis
NOTE: FJ692580 is identical to FJ692578 but kept for subsequent analysis
NOTE: KU605538 is identical to KU605537 but kept for subsequent analysis
NOTE: MH580643 is identical to MH580642 but kept for subsequent analysis
NOTE: AB697489 is identical to LC365288 but kept for subsequent analysis
NOTE: AB697499 is identical to AB697496 but kept for subsequent analysis
NOTE: AB453979 is identical to AB697504 but kept for subsequent analysis
NOTE: AB937794 is identical to AB937793 but kept for subsequent analysis
NOTE: AB775201 is identical to AB775200 but kept for subsequent analysis
NOTE: EU594392 is identical to EU594390 but kept for subsequent analysis
NOTE: EU859918 is identical to EU859914 but kept for subsequent analysis
NOTE: EU859915 is identical to EU859904 but kept for subsequent analysis
NOTE: EU859899 is identical to KT749837 but kept for subsequent analysis
NOTE: EU859910 is identical to EU859902 but kept for subsequent analysis
NOTE: AM295797 is identical to AM295795 but kept for subsequent analysis
NOTE: KT749847 is identical to KT749846 but kept for subsequent analysis
NOTE: KF779243 is identical to KF779227 but kept for subsequent analysis
NOTE: KF779339 is identical to KF779338 but kept for subsequent analysis
NOTE: KF779347 is identical to KF779346 but kept for subsequent analysis
NOTE: KF779369 is identical to KF779368 but kept for subsequent analysis
NOTE: KF779309 is identical to KF779249 but kept for subsequent analysis
NOTE: JQ707566 is identical to JQ707546 but kept for subsequent analysis
NOTE: JQ707624 is identical to JQ707609 but kept for subsequent analysis
NOTE: JQ707613 is identical to JQ707618 but kept for subsequent analysis
NOTE: JQ707633 is identical to JQ707615 but kept for subsequent analysis
NOTE: JQ707639 is identical to JQ707638 but kept for subsequent analysis
NOTE: JQ707664 is identical to JQ707667 but kept for subsequent analysis
NOTE: JQ707311 is identical to JQ707302 but kept for subsequent analysis
NOTE: JQ707326 is identical to JQ707324 but kept for subsequent analysis
NOTE: JQ707393 is identical to JQ707381 but kept for subsequent analysis
NOTE: JQ707409 is identical to JQ707404 but kept for subsequent analysis
NOTE: JQ707359 is identical to JQ707352 but kept for subsequent analysis
Checking for duplicate sequences: done in 0.00855803 secs using 94.17% CPU
Identifying sites to remove: done in 0.0215709 secs using 87.31% CPU
NOTE: 38 identical sequences (see below) will be ignored for subsequent analysis
NOTE: FJ692581 (identical to FJ692578) is ignored but added at the end
NOTE: FJ692582 (identical to FJ692578) is ignored but added at the end
NOTE: FJ692583 (identical to FJ692578) is ignored but added at the end
NOTE: FJ692584 (identical to FJ692578) is ignored but added at the end
NOTE: FJ692585 (identical to FJ692578) is ignored but added at the end
NOTE: KU605539 (identical to KU605537) is ignored but added at the end
NOTE: AB697501 (identical to LC365288) is ignored but added at the end
NOTE: AB697503 (identical to AB697496) is ignored but added at the end
NOTE: AB697508 (identical to AB697496) is ignored but added at the end
NOTE: EU859929 (identical to EU859914) is ignored but added at the end
NOTE: EU859905 (identical to KT749837) is ignored but added at the end
NOTE: EU859908 (identical to KT749837) is ignored but added at the end
NOTE: EU859909 (identical to KT749837) is ignored but added at the end
NOTE: EU859922 (identical to KT749837) is ignored but added at the end
NOTE: EU859926 (identical to KT749837) is ignored but added at the end
NOTE: EU859928 (identical to KT749837) is ignored but added at the end
NOTE: KT749849 (identical to KT749846) is ignored but added at the end
NOTE: KF779334 (identical to KF779346) is ignored but added at the end
NOTE: KF779306 (identical to KF779249) is ignored but added at the end
NOTE: JQ707567 (identical to JQ707546) is ignored but added at the end
NOTE: JQ707637 (identical to JQ707609) is ignored but added at the end
NOTE: JQ707612 (identical to JQ707609) is ignored but added at the end
NOTE: JQ707620 (identical to JQ707609) is ignored but added at the end
NOTE: JQ707631 (identical to JQ707609) is ignored but added at the end
NOTE: JQ707629 (identical to JQ707609) is ignored but added at the end
NOTE: JQ707621 (identical to JQ707609) is ignored but added at the end
NOTE: JQ707636 (identical to JQ707615) is ignored but added at the end
NOTE: JQ707643 (identical to JQ707638) is ignored but added at the end
NOTE: JQ707645 (identical to JQ707638) is ignored but added at the end
NOTE: JQ707649 (identical to JQ707638) is ignored but added at the end
NOTE: JQ707655 (identical to JQ707638) is ignored but added at the end
NOTE: JQ707665 (identical to JQ707667) is ignored but added at the end
NOTE: JQ707308 (identical to JQ707302) is ignored but added at the end
NOTE: JQ707341 (identical to JQ707302) is ignored but added at the end
NOTE: JQ707320 (identical to JQ707302) is ignored but added at the end
NOTE: JQ707412 (identical to JQ707404) is ignored but added at the end
NOTE: JQ707420 (identical to JQ707404) is ignored but added at the end
NOTE: JQ707419 (identical to JQ707404) is ignored but added at the end
Alignment was printed to results/aligned_hepatitisB_A-delim.fasta.uniqueseq.phy

For your convenience alignment with unique sequences printed to results/aligned_hepatitisB_A-delim.fasta.uniqueseq.phy

Create initial parsimony tree by phylogenetic likelihood library (PLL)... 0.018 seconds

NOTE: 80 MB RAM (0 GB) is required!
Estimate model parameters (epsilon = 0.500)
1. Initial log-likelihood: -342404.388
2. Current log-likelihood: -322596.221
3. Current log-likelihood: -322290.707
4. Current log-likelihood: -322237.047
Optimal log-likelihood: -322236.593
Rate parameters:  A-C: 1.86337  A-G: 3.95878  A-T: 1.19566  C-G: 0.40604  C-T: 3.33120  G-T: 1.00000
Base frequencies:  A: 0.225  C: 0.270  G: 0.221  T: 0.284
Parameters optimization took 4 rounds (5.651 sec)
Wrote distance file to... 
Computing ML distances based on estimated model parameters...
Calculating distance matrix: done in 3.29037 secs using 99.51% CPU
Computing ML distances took 3.301936 sec (of wall-clock time) 3.282539 sec (of CPU time)
Setting up auxiliary I and S matrices: done in 0.0206721 secs using 187% CPU
Constructing RapidNJ tree: done in 0.125906 secs using 192.7% CPU
Computing RapidNJ tree took 0.146685 sec (of wall-clock time) 0.281357 sec (of CPU time)
Log-likelihood of RapidNJ tree: -107803.236
--------------------------------------------------------------------
|             INITIALIZING CANDIDATE TREE SET                      |
--------------------------------------------------------------------

Do NNI search on 2 best initial trees
Optimizing NNI: done in 5.38073 secs using 99.46% CPU
Estimate model parameters (epsilon = 0.500)
BETTER TREE FOUND at iteration 1: -105695.299
Optimizing NNI: done in 26.4268 secs using 99.48% CPU
Finish initializing candidate tree set (4)
Current best tree score: -105695.299 / CPU time: 34.401
Number of iterations: 2
TREE SEARCH COMPLETED AFTER 2 ITERATIONS / Time: 0h:0m:46s

--------------------------------------------------------------------
|                    FINALIZING TREE SEARCH                        |
--------------------------------------------------------------------
Performs final model parameters optimization
Estimate model parameters (epsilon = 0.050)
1. Initial log-likelihood: -105695.299
Optimal log-likelihood: -105695.298
Rate parameters:  A-C: 1.88568  A-G: 3.80793  A-T: 1.26710  C-G: 0.63642  C-T: 2.99942  G-T: 1.00000
Base frequencies:  A: 0.225  C: 0.270  G: 0.221  T: 0.284
Parameters optimization took 1 rounds (0.638 sec)
BEST SCORE FOUND : -105695.298
Total tree length: 4.935

Total number of iterations: 2
CPU time used for tree search: 34.219 sec (0h:0m:34s)
Wall-clock time used for tree search: 34.403 sec (0h:0m:34s)
Total CPU time used: 46.818 sec (0h:0m:46s)
Total wall-clock time used: 46.818 sec (0h:0m:46s)

Analysis results written to: 
  IQ-TREE report:                results/aligned_hepatitisB_A-delim.fasta.iqtree
  Maximum-likelihood tree:       results/aligned_hepatitisB_A-delim.fasta.treefile
  Likelihood distances:          results/aligned_hepatitisB_A-delim.fasta.mldist
  Screen log file:               results/aligned_hepatitisB_A-delim.fasta.log

Date and Time: Tue Nov 15 14:26:17 2022
