IQ-TREE multicore version 2.2.0-beta COVID-edition for Mac OS X 64-bit built Mar  3 2022 built Mar  3 2022
Developed by Bui Quang Minh, James Barbetti, Nguyen Lam Tung,
Olga Chernomor, Heiko Schmidt, Dominik Schrempf, Michael Woodhams, Ly Trong Nhan.

Host:    MacBook-Pro-2.local (SSE4.2, 8 GB RAM)
Command: iqtree2 -nt 1 -s results/aligned_hepatitisB_D-delim.fasta -m GTR -ninit 2 -n 2 -me 0.05
Seed:    345169 (Using SPRNG - Scalable Parallel Random Number Generator)
Time:    Tue Nov 15 14:46:59 2022
Kernel:  SSE2 - 1 threads (8 CPU cores detected)

HINT: Use -nt option to specify number of threads because your CPU has 8 cores!
HINT: -nt AUTO will automatically determine the best number of threads to use.

Reading alignment file results/aligned_hepatitisB_D-delim.fasta ... Fasta format detected
Reading fasta file: done in 0.0967848 secs using 84.86% CPU
Alignment most likely contains DNA/RNA sequences
Constructing alignment: done in 0.039885 secs using 77.39% CPU
Alignment has 1538 sequences with 3182 columns, 2517 distinct patterns
1785 parsimony-informative, 620 singleton sites, 777 constant sites
          Gap/Ambiguity  Composition  p-value
Analyzing sequences: done in 0.00844097 secs using 87.96% CPU
   1  MH724252    0.09%    passed     95.52%
   2  JN257155    0.00%    passed     95.09%
   3  JN257156    0.25%    passed     92.75%
   4  JN257196    0.06%    passed     93.71%
   5  JN257197    0.31%    passed     92.55%
   6  JN257164    0.09%    passed     93.41%
   7  JN257169    0.00%    passed     92.98%
   8  JN257198    0.25%    passed     91.70%
   9  JN257199    0.00%    passed     94.15%
  10  JN257157    0.03%    passed     92.67%
  11  JN257158    1.23%    passed     89.03%
  12  JN040826    0.00%    passed     94.65%
  13  JN257149    0.50%    passed     90.62%
  14  JN257174    0.41%    passed     92.62%
  15  JN257175    0.66%    passed     90.59%
  16  JN257216    0.25%    passed     83.95%
  17  JN257217    2.70%    passed     77.58%
  18  JF754601    0.00%    passed     92.21%
  19  JN257189    0.38%    passed     90.34%
  20  JN257206    0.50%    passed     90.00%
  21  JN257207    3.61%    passed     84.48%
  22  JN642145    0.00%    passed     96.20%
  23  JN257210    0.16%    passed     96.63%
  24  JN257205    0.00%    passed     91.22%
  25  JN642139    0.00%    passed     95.78%
  26  MN310705    0.35%    passed     97.29%
  27  KF584163    0.35%    passed     97.90%
  28  KF584164    0.25%    passed     97.82%
  29  KF584161    0.19%    passed     97.40%
  30  KF584162    0.09%    passed     98.14%
  31  KF584165    0.31%    passed     97.40%
  32  KF584166    0.13%    passed     98.07%
  33  KY382414    0.03%    passed     98.29%
  34  KY382412    0.28%    passed     97.57%
  35  KY382413    0.31%    passed     98.51%
  36  KF584158    0.79%    passed     94.22%
  37  GQ477459    0.00%    passed     94.76%
  38  KF584160    0.88%    passed     98.90%
  39  JN257186    0.19%    passed     93.74%
  40  KF584159    1.95%    passed     91.68%
  41  JN257191    0.53%    passed     91.48%
  42  JN257192    0.79%    passed     88.38%
  43  JN642141    0.00%    passed     94.86%
  44  JN642152    0.00%    passed     93.72%
  45  JN257201    0.09%    passed     97.85%
  46  JN257203    0.28%    passed     94.02%
  47  FJ349233    0.00%    passed     90.83%
  48  JF754595    0.03%    passed     88.87%
  49  KF471647    0.00%    passed     95.10%
  50  KF471651    0.28%    passed     98.41%
  51  KF471652    0.00%    passed     98.87%
  52  JN040807    0.00%    passed     96.01%
  53  JF754596    0.00%    passed     97.22%
  54  KF471649    0.00%    passed     96.11%
  55  JN040806    0.00%    passed     92.63%
  56  JN257152    0.16%    passed     98.35%
  57  JN040813    0.00%    passed     96.09%
  58  AB222713    0.00%    passed     95.69%
  59  JN040815    0.00%    passed     95.91%
  60  GU456649    0.00%    passed     93.35%
  61  JN040817    1.32%    passed     94.73%
  62  AY796030    0.06%    passed     97.87%
  63  AY721612    0.06%    passed     96.38%
  64  AY721605    0.06%    passed     99.18%
  65  AY721606    0.06%    passed     99.30%
  66  AB104709    0.06%    passed     96.78%
  67  AB104711    0.06%    passed     98.85%
  68  AY721608    0.06%    passed     99.10%
  69  AY721607    0.06%    passed     98.91%
  70  AY721609    0.06%    passed     98.41%
  71  GU456641    0.00%    passed     92.97%
  72  JN040797    0.00%    passed     98.02%
  73  JN040798    0.00%    passed     94.61%
  74  JN040809    0.00%    passed     96.96%
  75  GU456640    0.00%    passed     90.09%
  76  JN040829    0.00%    passed     92.03%
  77  KM524339    0.00%    passed     97.48%
  78  JF754633    0.00%    passed     85.45%
  79  JN257187    1.29%    passed     97.48%
  80  JN257188    0.50%    passed     96.48%
  81  JN040800    0.00%    passed     81.84%
  82  JN040801    0.00%    passed     80.06%
  83  JN040823    0.00%    passed     92.95%
  84  JN040796    0.00%    passed     97.48%
  85  JN040799    0.00%    passed     96.74%
  86  JN040814    0.00%    passed     82.68%
  87  JN040795    0.00%    passed     97.84%
  88  JF754608    1.60%    passed     93.61%
  89  JN040827    0.00%    passed     96.08%
  90  FJ349231    0.03%    passed     96.09%
  91  JN040824    0.00%    passed     84.86%
  92  AY741797    0.06%    passed     93.64%
  93  AB104712    0.06%    passed     88.70%
  94  KT963508    0.00%    passed     90.12%
  95  GU456646    0.00%    passed     94.25%
  96  JN040812    0.00%    passed     94.01%
  97  JN257148    0.00%    passed     93.72%
  98  MT591276    0.00%    passed     91.14%
  99  MT591277    0.00%    passed     94.31%
 100  KP995100    0.00%    passed     97.27%
 101  JN642153    0.00%    passed     93.02%
 102  JN040778    0.00%    passed     96.83%
 103  JN642167    0.00%    passed     90.09%
 104  GU456683    0.00%    passed     87.26%
 105  MT591278    0.00%    passed     91.63%
 106  MT591279    0.00%    passed     94.69%
 107  FJ904415    0.00%    passed     87.80%
 108  FJ904420    0.06%    passed     89.34%
 109  FJ904421    0.06%    passed     91.74%
 110  MK507910    0.00%    passed     95.73%
 111  MK507914    0.00%    passed     98.06%
 112  KP322599    0.00%    passed     97.44%
 113  KP322600    0.00%    passed     97.42%
 114  AB222711    0.00%    passed     94.68%
 115  MK507913    0.03%    passed     96.32%
 116  EU787446    0.00%    passed     96.96%
 117  JN257185    0.00%    passed     95.45%
 118  MK507911    0.00%    passed     95.31%
 119  EU594397    0.00%    passed     94.96%
 120  AB583680    0.00%    passed     96.91%
 121  LC365689    0.06%    passed     96.66%
 122  GQ377589    0.00%    passed     98.45%
 123  AB270543    0.03%    passed     93.58%
 124  FJ386590    0.03%    passed     93.80%
 125  GQ183480    0.00%    passed     98.79%
 126  AF280817    0.00%    passed     94.65%
 127  EU787436    0.00%    passed     96.59%
 128  AB270544    0.28%    passed     94.73%
 129  JN257171    0.00%    passed     98.46%
 130  JF754628    0.00%    passed     98.60%
 131  JN257193    0.03%    passed     98.98%
 132  JN257208    0.41%    passed     97.40%
 133  JN257209    0.16%    passed     96.61%
 134  JF754618    0.03%    passed     98.46%
 135  FJ904412    0.00%    passed     99.22%
 136  FJ904443    0.00%    passed     99.32%
 137  EU594396    0.03%    passed     95.66%
 138  JN257163    0.03%    passed     92.86%
 139  AF121239    0.00%    passed     89.92%
 140  AF121240    0.00%    passed     97.58%
 141  AF121241    0.00%    passed     98.21%
 142  AF121242    0.00%    passed     97.60%
 143  FJ349228    0.00%    passed     98.45%
 144  KT366498    0.00%    passed     98.47%
 145  KT366500    0.00%    passed     98.47%
 146  KT366502    0.00%    passed     99.08%
 147  KT366499    0.00%    passed     94.71%
 148  KT366501    0.00%    passed     99.08%
 149  KY629630    0.03%    passed     98.62%
 150  HQ833465    0.00%    passed     97.55%
 151  HQ833471    0.03%    passed     97.24%
 152  HM750154    0.00%    passed     99.32%
 153  EU787441    0.00%    passed     96.23%
 154  EU787447    0.00%    passed     94.68%
 155  EU787437    0.00%    passed     94.03%
 156  EU787440    0.00%    passed     96.15%
 157  HQ833469    0.06%    passed     99.41%
 158  HQ833470    0.03%    passed     97.46%
 159  EU787442    0.00%    passed     97.42%
 160  HQ833468    0.03%    passed     97.15%
 161  HM750153    0.00%    passed     96.08%
 162  HQ833467    0.09%    passed     95.60%
 163  KC875277    0.00%    passed     97.99%
 164  KC875278    0.00%    passed     96.63%
 165  KC875280    0.00%    passed     97.63%
 166  KC875281    0.00%    passed     97.54%
 167  KC875283    0.00%    passed     98.46%
 168  KC875284    0.00%    passed     97.47%
 169  KC875291    0.00%    passed     97.58%
 170  KC875288    0.00%    passed     96.94%
 171  KC875294    0.00%    passed     96.66%
 172  KC875308    0.00%    passed     96.56%
 173  KC875295    0.00%    passed     98.28%
 174  KC875299    0.00%    passed     95.40%
 175  KC875300    0.00%    passed     98.06%
 176  KC875290    0.00%    passed     93.59%
 177  KC875303    0.00%    passed     96.39%
 178  JN040792    0.00%    passed     94.01%
 179  JN040793    0.00%    passed     94.72%
 180  JN040794    0.00%    passed     95.41%
 181  JF754624    0.00%    passed     98.26%
 182  JF754587    0.09%    passed     98.49%
 183  AB222712    0.03%    passed     97.79%
 184  HM750152    0.00%    passed     99.92%
 185  HM750155    0.00%    passed     98.61%
 186  HM750156    0.00%    passed     99.46%
 187  GQ183470    0.00%    passed     97.55%
 188  KM524342    0.00%    passed     98.29%
 189  KM606753    0.00%    passed     93.46%
 190  KT366508    0.00%    passed     96.44%
 191  GU357846    0.00%    passed     99.73%
 192  AB270545    1.45%    passed     92.88%
 193  AB270546    0.03%    passed     95.46%
 194  JN040785    0.00%    passed     96.42%
 195  JN040789    0.82%    passed     95.26%
 196  KF471656    0.00%    passed     99.25%
 197  GU563549    0.50%    passed     99.35%
 198  AY945307    0.00%    passed     98.45%
 199  AB270548    0.03%    passed     98.51%
 200  KX827300    0.00%    passed     99.29%
 201  KF471645    0.00%    passed     93.68%
 202  JN257151    0.00%    passed     96.47%
 203  JN040759    0.00%    passed     96.09%
 204  JN040758    0.00%    passed     95.69%
 205  AB270547    0.03%    passed     94.16%
 206  GQ183448    0.00%    passed     96.03%
 207  GQ183449    0.00%    passed     93.80%
 208  GQ183450    0.00%    passed     94.15%
 209  GQ183451    0.00%    passed     94.15%
 210  GQ183453    0.00%    passed     94.15%
 211  GQ183454    0.00%    passed     94.15%
 212  GQ183462    0.00%    passed     94.15%
 213  GQ183466    0.00%    passed     94.15%
 214  GQ183455    0.00%    passed     92.90%
 215  GQ183456    0.00%    passed     94.15%
 216  GQ183452    0.00%    passed     95.12%
 217  GQ183464    0.00%    passed     94.18%
 218  GQ183465    0.00%    passed     93.00%
 219  GQ183468    0.00%    passed     96.96%
 220  GQ183459    0.00%    passed     95.15%
 221  GQ183457    0.00%    passed     95.12%
 222  GQ183463    0.00%    passed     92.90%
 223  GQ183458    0.00%    passed     93.84%
 224  GQ183460    0.00%    passed     96.70%
 225  GQ183469    0.00%    passed     97.66%
 226  GQ183461    0.00%    passed     96.44%
 227  GQ183467    0.00%    passed     94.18%
 228  JF754615    0.00%    passed     97.68%
 229  FJ349210    0.22%    passed     99.18%
 230  FJ349216    0.00%    passed     99.59%
 231  FJ349220    0.00%    passed     99.08%
 232  FJ349217    1.51%    passed     93.03%
 233  FJ349219    0.00%    passed     97.69%
 234  JN040770    0.00%    passed     97.53%
 235  KF471641    0.00%    passed     93.50%
 236  KF471650    0.00%    passed     94.68%
 237  JN257182    0.00%    passed     94.90%
 238  JN642166    0.00%    passed     96.42%
 239  JN257179    0.13%    passed     98.29%
 240  JN257180    0.38%    passed     97.45%
 241  JN257200    0.09%    passed     98.70%
 242  JN257167    3.08%    passed     92.67%
 243  JN257168    3.71%    passed     87.77%
 244  AB222709    0.03%    passed     97.89%
 245  JN040751    0.00%    passed     95.59%
 246  GU456680    0.00%    passed     95.95%
 247  JN642131    0.00%    passed     98.16%
 248  JF754627    0.00%    passed     91.95%
 249  JN040790    0.00%    passed     94.41%
 250  JN257150    0.35%    passed     96.45%
 251  JF754599    0.00%    passed     96.03%
 252  JF754623    0.00%    passed     94.15%
 253  JN642130    0.00%    passed     95.30%
 254  JN642151    0.00%    passed     94.53%
 255  JN642134    0.00%    passed     98.50%
 256  JN642132    0.00%    passed     95.91%
 257  JF754605    0.31%    passed     95.64%
 258  FJ349234    0.00%    passed     96.17%
 259  FJ349229    0.00%    passed     94.81%
 260  FJ349230    0.00%    passed     97.99%
 261  JF754614    0.03%    passed     93.90%
 262  EU919197    0.28%    passed     97.28%
 263  EU787445    0.00%    passed     90.23%
 264  JN040786    0.00%    passed     94.10%
 265  JN040788    0.00%    passed     97.25%
 266  JN040787    1.04%    passed     90.11%
 267  FJ904399    0.13%    passed     89.64%
 268  JN040756    0.57%    passed     96.90%
 269  FJ904402    0.13%    passed     94.54%
 270  FJ904432    0.03%    passed     95.21%
 271  FJ904446    0.00%    passed     96.52%
 272  JN257170    0.00%    passed     95.82%
 273  GU456653    0.00%    passed     99.05%
 274  EU787443    0.00%    passed     97.21%
 275  MK693108    0.06%    passed     98.30%
 276  MK355500    0.06%    passed     95.19%
 277  AY741794    0.06%    passed     99.03%
 278  AY741795    0.06%    passed     98.15%
 279  AY741796    0.06%    passed     98.10%
 280  MK693109    0.06%    passed     89.55%
 281  KF471646    0.00%    passed     96.65%
 282  GU456673    0.00%    passed     90.69%
 283  JN040761    0.00%    passed     91.31%
 284  JN040765    0.00%    passed     88.94%
 285  JN040767    0.00%    passed     94.15%
 286  GU456661    0.00%    passed     94.55%
 287  KF471654    0.00%    passed     99.55%
 288  KF471658    0.00%    passed     90.68%
 289  GU456664    0.00%    passed     96.63%
 290  JN040757    0.00%    passed     92.89%
 291  FJ904424    0.06%    passed     97.85%
 292  FJ904445    0.06%    passed     96.34%
 293  JN040784    0.00%    passed     96.24%
 294  KX827291    0.00%    passed     99.97%
 295  LC519816    0.00%    passed     91.97%
 296  MN585095    0.00%    passed     97.62%
 297  JF754604    0.00%    passed     98.26%
 298  JN040777    0.00%    passed     93.96%
 299  MF925391    0.00%    passed     96.99%
 300  AB583681    1.54%    passed     88.78%
 301  JN040750    0.00%    passed     87.65%
 302  JN642155    0.00%    passed     99.33%
 303  JN040821    0.00%    passed     92.63%
 304  JF754602    0.00%    passed     90.13%
 305  FJ349235    0.00%    passed     97.29%
 306  JF754607    0.00%    passed     84.57%
 307  JN040802    0.00%    passed     94.76%
 308  JN040819    0.00%    passed     77.03%
 309  GU456638    0.00%    passed     88.82%
 310  JQ687531    0.00%    passed     97.74%
 311  JN642126    0.00%    passed     79.36%
 312  KY629633    0.31%    passed     98.02%
 313  JF754590    0.00%    passed     98.69%
 314  AB270540    0.69%    passed     96.71%
 315  JN642133    0.00%    passed     98.82%
 316  JN642156    0.00%    passed     88.36%
 317  JN642150    0.00%    passed     92.06%
 318  JN257159    0.41%    passed     89.96%
 319  JN642164    0.00%    passed     87.76%
 320  FJ904418    0.00%    passed     96.63%
 321  AB270549    2.26%    passed     84.64%
 322  JN257172    0.28%    passed     98.39%
 323  JN257173    0.85%    passed     98.46%
 324  GU456666    0.00%    passed     98.60%
 325  GU456676    0.22%    passed     89.97%
 326  JN040760    3.74%    passed     92.48%
 327  GU456659    0.00%    passed     91.87%
 328  GU456670    0.00%    passed     98.81%
 329  JN040771    0.00%    passed     95.91%
 330  JN040755    0.00%    passed     86.01%
 331  JN642129    0.00%    passed     92.46%
 332  FJ904427    0.06%    passed     71.62%
 333  FJ904426    0.03%    passed     87.88%
 334  JN040774    0.00%    passed     98.63%
 335  JN040781    0.00%    passed     97.45%
 336  KY629634    0.00%    passed     98.21%
 337  FJ899792    0.00%    passed     99.68%
 338  EU787438    0.09%    passed     88.39%
 339  JN040752    2.95%    passed     82.05%
 340  AB222710    0.13%    passed     89.78%
 341  AB270541    0.09%    passed     98.17%
 342  AJ627224    0.00%    passed     99.10%
 343  JF754635    0.00%    passed     99.01%
 344  JF754634    0.06%    passed     83.51%
 345  JN642165    0.00%    passed     97.01%
 346  AB270550    0.06%    passed     96.26%
 347  MK693107    0.06%    passed     96.82%
 348  AY796032    0.06%    passed     94.72%
 349  AY721611    0.06%    passed     97.56%
 350  AB126581    0.06%    passed     97.52%
 351  JN040754    4.15%    passed     83.02%
 352  JF754598    0.03%    passed     89.99%
 353  JF754619    0.16%    passed     90.64%
 354  JN040775    0.00%    passed     97.75%
 355  AB270542    0.09%    passed     98.57%
 356  JN257214    2.67%    passed     90.20%
 357  JN257215    1.92%    passed     95.09%
 358  JN040753    0.00%    passed     91.06%
 359  JN040820    0.00%    passed     87.58%
 360  JN040822    0.00%    passed     98.55%
 361  GQ358159    1.19%    passed     97.46%
 362  KC774436    0.00%    passed     89.01%
 363  KC774450    0.00%    passed     81.59%
 364  AB270538    0.03%    passed     90.43%
 365  AB270539    0.00%    passed     88.82%
 366  KC774440    0.00%    passed     87.22%
 367  KC774444    0.00%    passed     95.49%
 368  KC774445    0.00%    passed     62.34%
 369  KC774477    0.00%    passed     94.65%
 370  KF471643    0.00%    passed     99.21%
 371  JF754603    0.03%    passed     85.60%
 372  KF471655    0.03%    passed     99.21%
 373  JN642127    0.00%    passed     88.55%
 374  JN257202    0.03%    passed     88.11%
 375  JN642149    0.00%    passed     94.72%
 376  JN642161    0.00%    passed     88.12%
 377  JN642140    0.00%    passed     95.37%
 378  JF754616    0.03%    passed     95.35%
 379  JF754610    0.00%    passed     91.18%
 380  JN040830    0.00%    passed     91.82%
 381  JN257183    0.22%    passed     93.60%
 382  JN642137    0.00%    passed     93.94%
 383  JN642142    0.00%    passed     96.59%
 384  JF754620    0.13%    passed     91.97%
 385  JN642146    0.00%    passed     87.18%
 386  FJ904431    0.13%    passed     92.45%
 387  JN257160    0.91%    passed     94.46%
 388  JN257161    1.48%    passed     93.08%
 389  JN040779    0.00%    passed     89.88%
 390  JN040763    0.00%    passed     80.30%
 391  JN040764    0.00%    passed     81.62%
 392  GU456675    0.00%    passed     96.79%
 393  JN257211    1.73%    passed     96.40%
 394  JN642157    0.00%    passed     91.81%
 395  JN642158    0.00%    passed     77.49%
 396  JF754593    0.00%    passed     86.10%
 397  KF170739    0.69%    passed     95.48%
 398  JF754606    0.22%    passed     93.81%
 399  GU456637    0.00%    passed     97.42%
 400  KF471640    0.00%    passed     87.25%
 401  JF754630    0.00%    passed     96.31%
 402  JN040810    0.00%    passed     87.56%
 403  JN040804    0.09%    passed     87.09%
 404  JN257212    2.33%    passed     96.43%
 405  JN257213    4.18%    passed     94.51%
 406  JN642136    0.00%    passed     82.34%
 407  JN642138    0.00%    passed     81.39%
 408  JN040776    1.79%    passed     93.92%
 409  AB188244    0.09%    passed     84.68%
 410  JN257165    0.16%    passed     98.07%
 411  JN257166    0.25%    passed     97.34%
 412  JN642135    0.00%    passed     95.34%
 413  JN642147    0.00%    passed     96.60%
 414  OK143493    0.91%    passed     83.34%
 415  GQ477458    0.00%    passed     81.12%
 416  FJ349215    0.00%    passed     92.74%
 417  JN257176    1.13%    passed     97.37%
 418  JN257177    1.13%    passed     95.95%
 419  JF754589    3.27%    passed     88.44%
 420  JF754626    0.00%    passed     95.32%
 421  FJ904429    0.57%    passed     94.75%
 422  JN040772    2.36%    passed     91.37%
 423  JN040773    0.00%    passed     96.52%
 424  OK143470    0.00%    passed     97.96%
 425  OK143487    0.85%    passed     86.03%
 426  OK143489    0.00%    passed     90.01%
 427  MH724216    0.19%    passed     98.48%
 428  MH724217    0.00%    passed     96.30%
 429  MH724223    0.00%    passed     95.81%
 430  MH724231    0.00%    passed     95.48%
 431  EU594424    0.00%    passed     97.97%
 432  MH724246    0.00%    passed     95.34%
 433  EU594400    0.00%    passed     92.06%
 434  EU594403    0.00%    passed     93.80%
 435  EU594405    0.00%    passed     94.01%
 436  EU594410    0.00%    passed     89.75%
 437  EU594407    0.00%    passed     93.25%
 438  EU594427    0.00%    passed     93.25%
 439  EU594401    0.00%    passed     89.75%
 440  EU594402    0.00%    passed     87.98%
 441  EU594409    0.00%    passed     92.74%
 442  EU594416    0.00%    passed     91.77%
 443  EU594431    0.00%    passed     92.22%
 444  EU594432    0.00%    passed     92.48%
 445  EU594415    0.00%    passed     92.77%
 446  EU594421    0.00%    passed     90.97%
 447  EU594408    0.00%    passed     89.91%
 448  EU594422    0.00%    passed     94.48%
 449  EU594423    0.00%    passed     90.35%
 450  EU594428    0.00%    passed     92.03%
 451  MH724244    0.03%    passed     90.93%
 452  MH724238    0.09%    passed     98.07%
 453  KX827290    0.00%    passed     97.86%
 454  KX827301    0.00%    passed     98.21%
 455  EU594399    0.00%    passed     96.09%
 456  EU594430    0.00%    passed     96.76%
 457  EU594433    0.00%    passed     93.40%
 458  EU594425    0.06%    passed     98.48%
 459  EU594426    0.00%    passed     94.01%
 460  AB330369    0.00%    passed     99.20%
 461  AB330370    0.00%    passed     96.69%
 462  MH724241    0.00%    passed     94.39%
 463  EU594398    0.00%    passed     99.37%
 464  GQ477452    0.00%    passed     96.94%
 465  EU594406    0.00%    passed     97.44%
 466  AJ627220    0.03%    passed     92.40%
 467  AJ627223    0.00%    passed     95.92%
 468  EU594404    0.03%    passed     92.55%
 469  AB188242    0.00%    passed     99.77%
 470  MT114172    0.00%    passed     98.61%
 471  LC519789    0.00%    passed     99.42%
 472  MF925364    0.00%    passed     99.74%
 473  MF925393    0.00%    passed     99.06%
 474  KT366496    0.00%    passed     99.55%
 475  KT366495    0.00%    passed     99.47%
 476  KT366509    0.00%    passed     99.56%
 477  KT366506    0.00%    passed     98.90%
 478  KR905424    0.00%    passed     98.90%
 479  GQ183475    0.00%    passed     99.22%
 480  MF925358    0.00%    passed     99.85%
 481  KF679994    0.00%    passed     99.75%
 482  KF679996    0.00%    passed     99.91%
 483  KF679998    0.00%    passed     99.41%
 484  GQ183476    0.00%    passed     99.01%
 485  GQ183481    0.00%    passed     98.79%
 486  GQ183482    0.00%    passed     98.74%
 487  GQ183483    0.00%    passed     98.49%
 488  MF925363    0.00%    passed     99.79%
 489  KM524353    0.00%    passed     99.60%
 490  GQ183477    0.00%    passed     98.24%
 491  GQ183479    0.00%    passed     98.54%
 492  KT366510    0.00%    passed     99.78%
 493  KT366503    0.00%    passed     99.47%
 494  KR905422    0.00%    passed     99.59%
 495  KM524357    0.00%    passed     99.41%
 496  LC519793    0.00%    passed     91.67%
 497  KM524341    0.00%    passed     99.08%
 498  GQ183472    0.00%    passed     98.60%
 499  KF679997    0.00%    passed     99.70%
 500  KP322601    0.00%    passed     98.22%
 501  KM524352    0.00%    passed     97.90%
 502  KT366511    0.00%    passed     99.57%
 503  GQ183473    0.00%    passed     96.50%
 504  GQ183474    0.00%    passed     99.97%
 505  KU668449    0.00%    passed     99.09%
 506  KM524354    0.00%    passed     98.47%
 507  MH932714    0.00%    passed     99.34%
 508  KC875310    0.00%    passed     97.61%
 509  AB471856    0.00%    passed     99.34%
 510  AB471857    0.00%    passed     99.34%
 511  AB210821    0.00%    passed     99.32%
 512  AB210822    0.00%    passed     99.32%
 513  AB109475    0.00%    passed     98.67%
 514  AB109476    0.00%    passed     97.69%
 515  AB109477    0.00%    passed     98.62%
 516  AB267090    0.00%    passed     99.80%
 517  KC875311    0.00%    passed     98.28%
 518  AB090270    0.00%    passed     99.18%
 519  AB119252    0.00%    passed     96.61%
 520  AB120308    0.00%    passed     99.15%
 521  AB090268    0.00%    passed     99.34%
 522  AB109479    0.00%    passed     95.55%
 523  AB090269    0.00%    passed     98.88%
 524  GQ183471    0.00%    passed     99.57%
 525  KT366491    0.00%    passed     99.08%
 526  MK516278    0.00%    passed     99.79%
 527  KT366465    0.00%    passed     97.78%
 528  KM524346    0.00%    passed     97.13%
 529  KM524351    0.00%    passed     98.24%
 530  MF925383    0.00%    passed     99.47%
 531  JN664939    0.00%    passed     99.56%
 532  JN664918    0.00%    passed     99.86%
 533  KT366494    0.00%    passed     98.06%
 534  KR905423    0.00%    passed     99.49%
 535  KF679995    0.00%    passed     99.51%
 536  GQ183484    0.00%    passed     97.63%
 537  KT366493    0.00%    passed     97.85%
 538  KM524347    0.00%    passed     98.29%
 539  MF618350    0.03%    passed     97.24%
 540  KT151620    0.53%    passed     99.79%
 541  LC519814    0.00%    passed     99.76%
 542  GQ924652    0.00%    passed     99.40%
 543  AB119251    0.00%    passed     98.21%
 544  AB119253    0.00%    passed     98.46%
 545  AB109478    0.00%    passed     96.50%
 546  AB119254    0.00%    passed     97.59%
 547  LC519808    0.03%    passed     99.33%
 548  MN839643    0.00%    passed     98.11%
 549  JN664946    0.00%    passed     94.98%
 550  MN560188    0.03%    passed     99.91%
 551  FJ349218    0.00%    passed     99.76%
 552  KX357637    0.00%    passed     86.62%
 553  KX357638    0.00%    passed     93.46%
 554  KX357639    0.00%    passed     85.22%
 555  KU736924    0.06%    passed     94.89%
 556  KU736925    0.00%    passed     95.70%
 557  AY090453    0.09%    passed     98.94%
 558  KX276857    0.57%    passed     99.42%
 559  AB119255    0.00%    passed     99.14%
 560  AB119256    0.00%    passed     99.42%
 561  GQ477456    0.00%    passed     96.81%
 562  AB210820    0.00%    passed     85.04%
 563  KJ647352    0.25%    passed     97.71%
 564  KT749821    0.06%    passed     95.40%
 565  FJ349206    0.00%    passed     95.09%
 566  KT749828    0.00%    passed     95.32%
 567  FJ349205    0.00%    passed     97.14%
 568  JQ687532    0.00%    passed     98.03%
 569  GQ477457    0.00%    passed     96.99%
 570  GQ477455    0.09%    passed     99.38%
 571  FJ349208    0.00%    passed     98.28%
 572  JQ687530    0.00%    passed     98.15%
 573  KT749827    0.00%    passed     94.23%
 574  JF754621    0.03%    passed     99.21%
 575  JF754597    0.00%    passed     96.88%
 576  OK143490    0.47%    passed     92.86%
 577  MN310706    0.00%    passed     98.11%
 578  MN310707    0.00%    passed     97.67%
 579  KX260231    3.77%    passed     97.36%
 580  KM577668    0.00%    passed     99.50%
 581  JN642143    0.00%    passed     98.67%
 582  JN642163    0.00%    passed     95.73%
 583  JN257190    0.16%    passed     93.98%
 584  JN642144    0.00%    passed     91.18%
 585  JN257178    4.27%    passed     98.52%
 586  JN257204    0.00%    passed     94.36%
 587  JN642148    0.00%    passed     93.01%
 588  JN642159    0.00%    passed     97.82%
 589  JN642160    0.00%    passed     96.38%
 590  JN642162    0.38%    passed     97.12%
 591  KM577669    0.00%    passed     95.50%
 592  KM577671    0.00%    passed     97.42%
 593  JN664927    0.00%    passed     97.51%
 594  JN664928    0.00%    passed     96.99%
 595  JN664930    0.00%    passed     95.25%
 596  AB188241    0.06%    passed     97.33%
 597  JN664941    0.00%    passed     99.54%
 598  MT114173    0.00%    passed     99.94%
 599  MF925390    1.60%    passed     98.17%
 600  MF925371    0.00%    passed     98.20%
 601  MF925388    0.03%    passed     98.91%
 602  MF925396    0.00%    passed     93.38%
 603  MF925379    0.00%    passed     99.60%
 604  MF925392    0.00%    passed     99.16%
 605  MF925401    0.00%    passed     98.43%
 606  MF925397    0.00%    passed     92.84%
 607  LC519810    0.66%    passed     96.27%
 608  KM524348    0.00%    passed     98.79%
 609  JN664931    0.00%    passed     99.61%
 610  MF925384    0.00%    passed     96.06%
 611  AJ627222    0.19%    passed     97.32%
 612  MH724247    0.19%    passed     95.64%
 613  MF618348    0.00%    passed     98.47%
 614  KM524358    0.00%    passed     97.97%
 615  KU668441    0.00%    passed     96.65%
 616  JN664912    0.00%    passed     96.26%
 617  MF618349    0.00%    passed     92.65%
 618  JN664944    0.09%    passed     98.94%
 619  AB210818    0.00%    passed     98.46%
 620  MT603383    3.71%    passed     91.49%
 621  MT603384    3.68%    passed     93.85%
 622  MT603396    0.66%    passed     97.80%
 623  MT603399    0.35%    passed     92.80%
 624  MT603400    0.06%    passed     96.11%
 625  MT603401    0.03%    passed     96.00%
 626  JN792909    0.00%    passed     95.98%
 627  JN792910    0.00%    passed     95.98%
 628  MT603403    0.03%    passed     95.74%
 629  MT603402    0.00%    passed     95.08%
 630  JN792903    0.00%    passed     94.32%
 631  JN792907    0.00%    passed     92.09%
 632  MT603398    0.09%    passed     88.71%
 633  MT603397    0.03%    passed     83.53%
 634  JN792904    0.00%    passed     98.96%
 635  JN792905    0.00%    passed     89.09%
 636  JN792906    0.00%    passed     94.57%
 637  JN792908    0.03%    passed     91.18%
 638  MT603393    0.19%    passed     93.37%
 639  MT603394    0.00%    passed     94.08%
 640  MT603395    0.00%    passed     85.44%
 641  MT603390    0.00%    passed     97.05%
 642  MT603391    0.06%    passed     97.21%
 643  MT603392    0.06%    passed     91.23%
 644  MT603389    0.00%    passed     85.55%
 645  MT603387    0.00%    passed     91.14%
 646  MT603388    0.00%    passed     77.55%
 647  MT603404    0.00%    passed     77.58%
 648  JN792911    0.00%    passed     90.81%
 649  JN792912    0.03%    passed     94.75%
 650  MH724236    0.00%    passed     97.28%
 651  AB555496    0.00%    passed     91.63%
 652  AB555497    0.00%    passed     93.77%
 653  AB555501    0.00%    passed     97.22%
 654  JN688695    0.19%    passed     89.81%
 655  JF754613    0.03%    passed     94.39%
 656  DQ315778    0.00%    passed     98.21%
 657  FJ904422    0.06%    passed     95.73%
 658  JF754600    0.06%    passed     91.95%
 659  JF754592    0.00%    passed     97.47%
 660  JN040762    0.00%    passed     99.68%
 661  JN040769    0.00%    passed     98.60%
 662  GU456672    1.32%    passed     76.47%
 663  JN040768    0.00%    passed     93.93%
 664  JN040766    0.00%    passed     94.05%
 665  GU456665    0.00%    passed     93.78%
 666  JF754588    0.03%    passed     86.72%
 667  GU456682    0.00%    passed     94.69%
 668  OK143475    0.06%    passed     98.44%
 669  JN040803    0.00%    passed     91.30%
 670  JN040782    0.00%    passed     97.38%
 671  MK355501    0.06%    passed     98.80%
 672  AB104710    0.06%    passed     97.07%
 673  JF754594    0.00%    passed     97.93%
 674  JF754622    0.53%    passed     94.77%
 675  AY741798    0.06%    passed     98.73%
 676  JF754611    0.16%    passed     95.50%
 677  JN257162    1.26%    passed     95.90%
 678  JN642154    0.00%    passed     78.49%
 679  JF754586    0.09%    passed     85.80%
 680  JF754629    0.00%    passed     94.27%
 681  JF754632    0.00%    passed     92.96%
 682  JN040818    0.00%    passed     93.61%
 683  JF754631    0.00%    passed     94.94%
 684  JF754612    0.00%    passed     96.39%
 685  JF754609    0.09%    passed     92.04%
 686  JF754617    0.00%    passed     89.04%
 687  FJ562309    0.06%    passed     91.77%
 688  LC519809    0.47%    passed     97.25%
 689  KT749823    0.00%    passed     84.91%
 690  GU456674    0.00%    passed     85.45%
 691  GU456678    0.03%    passed     81.21%
 692  JN257154    0.00%    passed     87.94%
 693  GQ184322    0.00%    passed     94.65%
 694  GQ167301    0.00%    passed     94.12%
 695  GQ167302    0.00%    passed     95.05%
 696  AB330367    0.00%    passed     99.80%
 697  JN257153    0.82%    passed     94.11%
 698  JN257195    0.79%    passed     93.70%
 699  JN642128    0.00%    passed     92.28%
 700  AB330368    0.19%    passed     92.79%
 701  KM606747    0.25%    passed     89.26%
 702  ON585703    0.60%    passed     85.78%
 703  OK143479    0.00%    passed     92.97%
 704  EU594382    0.00%    passed     96.97%
 705  EU594436    0.00%    passed     96.57%
 706  EU594435    0.00%    passed     95.09%
 707  AJ627217    0.06%    passed     90.27%
 708  OK143491    0.00%    passed     83.45%
 709  LC519787    2.11%    passed     88.44%
 710  KM577663    0.00%    passed     97.20%
 711  KM577664    0.00%    passed     96.42%
 712  AB583679    0.00%    passed     91.38%
 713  KM577665    0.00%    passed     82.03%
 714  KT366504    0.00%    passed     93.56%
 715  MK507912    0.00%    passed     96.64%
 716  KT366497    0.00%    passed     94.66%
 717  KT366507    0.00%    passed     94.66%
 718  KF679992    0.00%    passed     94.66%
 719  KF679993    0.00%    passed     94.66%
 720  KM524359    0.00%    passed     88.47%
 721  GQ183478    0.00%    passed     93.28%
 722  KF679989    0.00%    passed     97.42%
 723  AY373430    0.00%    passed     79.41%
 724  KT366492    0.00%    passed     90.23%
 725  GQ183485    0.00%    passed     96.97%
 726  HM750151    0.00%    passed     89.05%
 727  FJ562338    0.03%    passed     97.58%
 728  KM577667    0.00%    passed     94.13%
 729  DQ315777    2.73%    passed     83.80%
 730  GQ183486    0.00%    passed     96.31%
 731  EU939680    0.00%    passed     92.86%
 732  AB188245    0.00%    passed     97.66%
 733  KU736926    0.28%    passed     90.52%
 734  KU736927    0.03%    passed     86.02%
 735  MW675898    0.00%    passed     96.34%
 736  MT210033    0.00%    passed     93.96%
 737  KM519455    0.00%    passed     94.82%
 738  AY233291    0.00%    passed     97.75%
 739  AY233295    0.00%    passed     96.91%
 740  KT347090    0.00%    passed     96.91%
 741  MN310708    0.13%    passed     96.56%
 742  MN310713    0.00%    passed     94.01%
 743  KP322602    0.00%    passed     94.11%
 744  KC875317    0.00%    passed     95.75%
 745  KC875337    0.00%    passed     95.25%
 746  KP090181    0.00%    passed     95.48%
 747  KC875334    0.00%    passed     98.05%
 748  FJ349209    0.00%    passed     89.74%
 749  MH724218    0.00%    passed     94.98%
 750  MH724219    0.00%    passed     93.80%
 751  KP090177    0.00%    passed     93.80%
 752  KP090178    0.00%    passed     90.97%
 753  MF618339    0.00%    passed     92.69%
 754  KU668446    0.00%    passed     92.69%
 755  JN664911    0.00%    passed     92.69%
 756  MF618341    0.00%    passed     93.19%
 757  DQ315776    0.00%    passed     91.52%
 758  KU668438    0.00%    passed     92.09%
 759  KM524350    0.00%    passed     90.90%
 760  JN664938    0.00%    passed     93.13%
 761  KU668437    0.00%    passed     92.29%
 762  JN664937    0.00%    passed     92.20%
 763  JN664917    0.00%    passed     94.97%
 764  AM422939    0.00%    passed     97.05%
 765  KU668436    0.00%    passed     86.16%
 766  JN664914    0.00%    passed     92.29%
 767  JN257181    0.00%    passed     92.69%
 768  MF618340    0.00%    passed     92.98%
 769  KC875335    0.00%    passed     98.90%
 770  KC875326    0.00%    passed     95.51%
 771  KC875318    0.00%    passed     91.34%
 772  KC875323    0.00%    passed     94.11%
 773  KC875324    0.00%    passed     91.49%
 774  KC875330    0.00%    passed     96.66%
 775  KC875329    0.00%    passed     97.36%
 776  KC875331    0.00%    passed     96.75%
 777  KC875315    0.00%    passed     98.05%
 778  FJ692506    0.00%    passed     96.80%
 779  FJ692507    0.00%    passed     96.80%
 780  MH724214    0.00%    passed     94.03%
 781  MH724221    0.00%    passed     94.03%
 782  MH724215    0.00%    passed     94.75%
 783  MH724220    0.00%    passed     94.21%
 784  FJ349232    0.00%    passed     91.56%
 785  KP090180    0.00%    passed     90.21%
 786  GU563560    0.00%    passed     95.22%
 787  AY233292    0.00%    passed     93.80%
 788  AY233294    0.00%    passed     85.61%
 789  AY233293    0.00%    passed     89.54%
 790  KU668434    0.00%    passed     95.69%
 791  JN664936    0.00%    passed     88.34%
 792  MW082640    1.48%    passed     86.52%
 793  MW082641    0.16%    passed     88.74%
 794  MG877709    0.13%    passed     88.13%
 795  MG877711    0.41%    passed     84.07%
 796  KX827292    0.00%    passed     91.19%
 797  JX898686    0.00%    passed     93.58%
 798  JX898689    0.00%    passed     95.87%
 799  JX898690    0.00%    passed     94.23%
 800  JX898691    0.00%    passed     94.28%
 801  JX898692    0.00%    passed     94.28%
 802  JX898687    0.00%    passed     96.06%
 803  JX898688    0.00%    passed     95.92%
 804  JX898697    0.03%    passed     95.54%
 805  JX898698    0.19%    passed     93.15%
 806  JX898699    0.00%    passed     95.04%
 807  HE815465    0.00%    passed     94.48%
 808  JX898693    0.00%    passed     96.11%
 809  JX898694    0.00%    passed     95.15%
 810  JX898695    0.00%    passed     96.20%
 811  JX898696    0.16%    passed     97.15%
 812  KJ843187    0.00%    passed     89.43%
 813  KC012652    0.03%    passed     94.61%
 814  JX470760    0.03%    passed     94.41%
 815  AB210819    0.00%    passed     86.78%
 816  MF488704    0.00%    passed     91.07%
 817  KU668444    0.00%    passed     94.81%
 818  MH724224    0.00%    passed     94.90%
 819  MH724225    0.03%    passed     90.88%
 820  MH724227    0.00%    passed     90.15%
 821  MH724228    0.00%    passed     88.76%
 822  MH724229    0.13%    passed     90.74%
 823  MH724230    0.00%    passed     91.85%
 824  MH724248    0.09%    passed     92.38%
 825  MH724232    0.00%    passed     97.16%
 826  MN310711    0.16%    passed     99.53%
 827  MH724242    0.00%    passed     92.81%
 828  MN310712    0.13%    passed     97.70%
 829  HQ236014    0.00%    passed     95.93%
 830  HQ236015    0.00%    passed     98.60%
 831  HQ236016    0.00%    passed     97.79%
 832  MN310710    0.22%    passed     98.23%
 833  MN310709    0.13%    passed     97.59%
 834  MH724222    0.00%    passed     98.90%
 835  KP090179    0.00%    passed     97.77%
 836  MH724233    0.09%    passed     93.56%
 837  MF618343    0.00%    passed     94.79%
 838  MH724226    0.03%    passed     92.46%
 839  MH724249    0.03%    passed     91.52%
 840  MH724250    0.00%    passed     91.96%
 841  GQ922001    0.00%    passed     97.67%
 842  GQ922002    0.03%    passed     96.39%
 843  JN688678    0.13%    passed     93.82%
 844  JN688722    2.70%    passed     92.11%
 845  AY233296    0.00%    passed     84.12%
 846  KU668442    0.00%    passed     91.84%
 847  KU668443    0.03%    passed     89.85%
 848  KU668445    0.00%    passed     89.55%
 849  JN664909    0.00%    passed     95.20%
 850  JN664910    0.00%    passed     98.65%
 851  MH724235    0.00%    passed     93.50%
 852  MH724240    0.03%    passed     87.79%
 853  AB554016    0.09%    passed     98.08%
 854  AB554023    0.09%    passed     95.92%
 855  AB554024    0.09%    passed     98.24%
 856  EU921419    0.09%    passed     90.12%
 857  EU921418    0.09%    passed     96.17%
 858  MH724237    0.03%    passed     98.06%
 859  MN310714    0.09%    passed     99.82%
 860  MN310715    0.16%    passed     99.45%
 861  JN688708    0.44%    passed     95.59%
 862  MH724234    0.03%    passed     86.69%
 863  KJ647349    0.16%    passed     96.06%
 864  JN688679    0.00%    passed     92.55%
 865  KM386676    0.09%    passed     89.87%
 866  JN688685    0.16%    passed     89.51%
 867  KX827302    0.00%    passed     93.84%
 868  JN688683    0.69%    passed     89.99%
 869  KJ647353    0.47%    passed     87.41%
 870  JN664916    0.22%    passed     90.59%
 871  FJ349214    0.00%    passed     89.61%
 872  FJ349212    0.00%    passed     99.06%
 873  AJ627221    0.16%    passed     95.04%
 874  AY902768    0.03%    passed     90.06%
 875  AY902776    0.03%    passed     90.06%
 876  AY902769    0.03%    passed     92.76%
 877  AY902774    0.03%    passed     92.76%
 878  AY902772    0.03%    passed     92.79%
 879  AY902777    0.03%    passed     92.68%
 880  AY902773    0.03%    passed     93.87%
 881  AY902770    0.03%    passed     96.61%
 882  KJ647355    0.16%    passed     98.78%
 883  MG877718    0.72%    passed     97.83%
 884  MG877719    1.70%    passed     99.55%
 885  MG877720    0.85%    passed     99.05%
 886  MH724245    0.00%    passed     87.78%
 887  FJ349213    0.00%    passed     97.49%
 888  JN688710    0.09%    passed     86.43%
 889  MH724239    0.00%    passed     90.95%
 890  MH724243    0.00%    passed     89.00%
 891  MG877726    1.63%    passed     85.65%
 892  MG877727    1.63%    passed     85.65%
 893  MG877728    1.73%    passed     84.21%
 894  KM359442    0.03%    passed     81.77%
 895  MK541688    0.00%    passed     93.00%
 896  KF679988    1.38%    passed     86.76%
 897  KF679990    0.00%    passed     78.17%
 898  EU594434    0.00%    passed     98.31%
 899  AB270537    2.26%    passed     84.48%
 900  JN688689    0.82%    passed     89.47%
 901  MF488702    0.00%    passed     79.47%
 902  JN664943    0.09%    passed     91.69%
 903  OK143497    0.97%    passed     99.78%
 904  OK143467    0.00%    passed     98.62%
 905  OK143473    0.00%    passed     99.50%
 906  OK143468    0.00%    passed     99.16%
 907  OK143480    0.00%    passed     99.16%
 908  OK143488    0.00%    passed     99.67%
 909  OK143485    0.00%    passed     97.26%
 910  OK143494    0.00%    passed     96.02%
 911  OK143469    0.06%    passed     90.24%
 912  OK143476    0.00%    passed     98.02%
 913  OK143471    1.01%    passed     76.76%
 914  OK143486    0.00%    passed     93.07%
 915  OK143472    0.00%    passed     98.38%
 916  AB188243    0.00%    passed     87.66%
 917  JN688712    0.16%    passed     86.48%
 918  KM577666    0.00%    passed     67.91%
 919  JN688715    0.82%    passed     94.60%
 920  JN688713    0.19%    passed     92.54%
 921  ON585704    1.79%    passed     91.63%
 922  JN688711    0.19%    passed     93.52%
 923  KF679991    0.47%    passed     89.03%
 924  GQ922000    0.03%    passed     83.08%
 925  MK052947    0.00%    passed     97.23%
 926  MK052952    0.00%    passed     94.58%
 927  MK052972    0.00%    passed     94.22%
 928  MK052948    0.09%    passed     96.47%
 929  MK052951    0.09%    passed     86.90%
 930  MK052957    0.09%    passed     90.67%
 931  MK052950    0.09%    passed     97.05%
 932  MK052959    0.09%    passed     96.90%
 933  MK052955    0.09%    passed     98.14%
 934  MK052958    0.09%    passed     97.23%
 935  MK052956    0.09%    passed     98.00%
 936  MK052960    0.09%    passed     97.45%
 937  MK052949    0.09%    passed     98.21%
 938  MK052954    0.09%    passed     95.56%
 939  MK052953    0.09%    passed     96.13%
 940  MK052963    0.09%    passed     95.65%
 941  MK052966    0.09%    passed     96.18%
 942  MK052971    0.09%    passed     96.85%
 943  MK052974    0.09%    passed     98.36%
 944  MK052969    0.09%    passed     96.66%
 945  MK052973    0.00%    passed     91.18%
 946  MK052975    0.00%    passed     91.18%
 947  MK052961    0.09%    passed     97.55%
 948  JF754625    0.47%    passed     91.95%
 949  OM025254    0.09%    passed     98.24%
 950  OK143496    0.00%    passed     75.00%
 951  KJ647350    0.09%    passed     99.44%
 952  KJ647356    0.13%    passed     89.52%
 953  JN688717    0.31%    passed     89.96%
 954  GQ477453    0.03%    passed     92.64%
 955  KJ647351    0.09%    passed     93.08%
 956  OK143474    0.00%    passed     97.39%
 957  AY796031    0.06%    passed     99.52%
 958  AY090452    0.09%    passed     83.94%
 959  KM577670    0.38%    passed     81.05%
 960  GQ477454    1.04%    passed     96.48%
 961  AJ627215    0.03%    passed     98.70%
 962  AJ627216    0.16%    passed     98.91%
 963  AJ627218    0.00%    passed     98.70%
 964  LC519824    1.98%    passed     76.71%
 965  KT749845    1.04%    passed     97.68%
 966  FJ349221    0.00%    passed     97.33%
 967  JN688716    0.13%    passed     99.09%
 968  MT114169    0.00%    passed     91.88%
 969  MW675897    0.00%    passed     96.39%
 970  KM606744    0.00%    passed     97.90%
 971  KM606752    0.00%    passed     97.76%
 972  FJ692532    0.03%    passed     96.81%
 973  FJ692533    0.00%    passed     94.60%
 974  FJ692536    0.09%    passed     96.24%
 975  KM606754    0.00%    passed     99.35%
 976  KM606740    0.00%    passed     96.94%
 977  KM606755    0.00%    passed     97.12%
 978  AJ627219    0.19%    passed     97.39%
 979  OM194175    0.06%    passed     97.71%
 980  MN365240    0.00%    passed     98.72%
 981  KF922432    0.00%    passed     97.07%
 982  MH724251    0.00%    passed     98.66%
 983  KJ470884    0.00%    passed     99.62%
 984  KJ470886    0.00%    passed     99.51%
 985  KJ470888    0.06%    passed     99.48%
 986  KJ470890    0.00%    passed     99.51%
 987  KJ470889    0.16%    passed     99.13%
 988  KJ470887    0.03%    passed     99.76%
 989  KJ470891    0.03%    passed     99.42%
 990  KJ470885    0.13%    passed     96.06%
 991  KJ470894    0.03%    passed     98.52%
 992  KJ470896    0.38%    passed     99.65%
 993  KJ470897    0.00%    passed     98.13%
 994  KJ470898    0.31%    passed     97.81%
 995  KJ470893    0.00%    passed     98.94%
 996  KJ470895    0.06%    passed     99.50%
 997  KJ470892    0.66%    passed     99.40%
 998  MF618347    0.00%    passed     98.86%
 999  GQ922003    0.19%    passed     98.89%
1000  GQ922005    0.00%    passed     99.09%
1001  GQ922004    1.01%    passed     90.56%
1002  MZ312083    1.85%    passed     92.95%
1003  MZ312084    2.33%    passed     92.10%
1004  MT591274    0.00%    passed     95.46%
1005  MT591275    0.00%    passed     95.38%
1006  MT591280    0.00%    passed     96.22%
1007  KP322604    0.00%    passed     96.50%
1008  FJ904447    0.03%    passed     98.89%
1009  FJ904403    0.00%    passed     98.75%
1010  FJ904407    0.06%    passed     93.66%
1011  FJ904394    0.06%    passed     96.53%
1012  FJ904404    0.03%    passed     94.11%
1013  FJ904396    0.09%    passed     93.74%
1014  FJ904401    0.00%    passed     96.08%
1015  FJ904444    0.00%    passed     91.91%
1016  FJ904435    0.06%    passed     99.35%
1017  FJ904408    0.00%    passed     93.04%
1018  FJ904437    0.03%    passed     95.79%
1019  FJ904419    0.03%    passed     99.80%
1020  FJ904398    0.35%    passed     87.88%
1021  FJ904395    0.09%    passed     90.94%
1022  FJ904416    0.03%    passed     90.21%
1023  FJ904417    0.03%    passed     91.09%
1024  FJ904438    0.06%    passed     91.64%
1025  FJ904413    0.00%    passed     96.92%
1026  FJ904414    0.00%    passed     91.50%
1027  FJ904430    0.09%    passed     93.85%
1028  AM494716    0.00%    passed     88.09%
1029  FJ904397    0.57%    passed     94.31%
1030  FJ904442    0.03%    passed     83.66%
1031  FJ904409    0.03%    passed     92.15%
1032  FJ904410    0.03%    passed     94.49%
1033  FJ904405    0.00%    passed     72.62%
1034  MT591281    0.00%    passed     88.83%
1035  FJ904433    0.06%    passed     95.08%
1036  KX827299    0.00%    passed     89.54%
1037  FJ904406    0.00%    passed     73.91%
1038  KP995112    0.00%    passed     92.09%
1039  KM606750    0.00%    passed     91.49%
1040  KM606751    0.00%    passed     90.92%
1041  KM606741    0.00%    passed     84.86%
1042  FJ904440    0.00%    passed     95.91%
1043  FJ904441    0.03%    passed     95.56%
1044  FJ904400    0.00%    passed     78.51%
1045  FJ349207    0.00%    passed     93.60%
1046  KX357622    0.00%    passed     99.39%
1047  KX357623    0.00%    passed     99.41%
1048  KX357633    0.00%    passed     99.31%
1049  KX357635    0.00%    passed     99.36%
1050  KX357630    0.00%    passed     99.89%
1051  KX357634    0.00%    passed     99.73%
1052  KX357625    0.00%    passed     99.09%
1053  KX357629    0.00%    passed     95.62%
1054  KX357624    0.28%    passed     98.59%
1055  KX357626    0.00%    passed     99.45%
1056  KX357632    0.79%    passed     99.85%
1057  KX357628    0.00%    passed     99.75%
1058  KX357627    0.00%    passed     99.05%
1059  KX357636    0.00%    passed     96.57%
1060  KU736921    0.06%    passed     95.68%
1061  KU736922    0.06%    passed     95.59%
1062  KP168417    0.00%    passed     97.09%
1063  KP168418    0.00%    passed     96.51%
1064  KU736923    0.00%    passed     98.18%
1065  KX357631    0.19%    passed     98.88%
1066  KP168416    0.00%    passed     97.60%
1067  KF170740    0.03%    passed     98.89%
1068  FJ904425    0.16%    passed     83.64%
1069  KU711666    0.00%    passed     89.56%
1070  KP168419    0.16%    passed     96.52%
1071  JQ927384    0.19%    passed     97.71%
1072  FJ904428    3.14%    passed     74.13%
1073  FJ904436    0.09%    passed     94.40%
1074  FJ904439    0.00%    passed     79.45%
1075  LC519802    0.00%    passed     94.03%
1076  MK541689    0.09%    passed     88.74%
1077  MK516279    0.00%    passed     95.54%
1078  MK516280    0.00%    passed     95.54%
1079  KT366505    0.00%    passed     94.61%
1080  DQ315779    0.00%    passed     96.85%
1081  JN664940    0.00%    passed     94.30%
1082  KM524345    0.00%    passed     95.76%
1083  JN664926    0.00%    passed     98.71%
1084  GQ205379    0.00%    passed     92.35%
1085  MF618342    0.00%    passed     95.38%
1086  GQ205388    0.00%    passed     94.13%
1087  KP322603    0.00%    passed     96.84%
1088  GQ205389    0.00%    passed     91.86%
1089  GQ205377    0.00%    passed     93.27%
1090  GQ205378    0.00%    passed     95.73%
1091  GQ205387    0.00%    passed     95.77%
1092  GQ205386    1.04%    passed     97.83%
1093  KC875338    0.00%    passed     97.42%
1094  KC875340    0.00%    passed     97.21%
1095  JN664915    0.00%    passed     96.75%
1096  JN664925    0.00%    passed     96.60%
1097  GQ205385    0.00%    passed     92.53%
1098  GQ205382    0.00%    passed     92.00%
1099  GQ205381    1.45%    passed     91.86%
1100  GQ205384    0.00%    passed     95.55%
1101  GQ205383    5.75%    passed     73.55%
1102  KM524340    0.09%    passed     91.95%
1103  GQ205380    0.00%    passed     96.08%
1104  KT151619    1.63%    passed     98.77%
1105  JN664934    0.16%    passed     99.11%
1106  KU668439    0.00%    passed     97.85%
1107  KU668447    0.00%    passed     93.27%
1108  KU668448    0.00%    passed     99.27%
1109  JN664913    0.00%    passed     94.08%
1110  JN664929    0.00%    passed     79.93%
1111  JN664933    0.03%    passed     97.01%
1112  DQ315780    1.98%    passed     95.59%
1113  KU668433    0.00%    passed     98.45%
1114  KU668435    0.00%    passed     98.21%
1115  JN664923    0.00%    passed     90.32%
1116  JN664932    0.00%    passed     92.84%
1117  JN664947    0.28%    passed     85.87%
1118  JN664924    0.00%    passed     96.99%
1119  KU668440    0.00%    passed     96.43%
1120  MF488699    0.00%    passed     93.05%
1121  JN257184    5.19%    passed     89.67%
1122  KX276856    0.35%    passed     97.16%
1123  KJ803771    0.00%    passed     92.24%
1124  JN664919    0.00%    passed     95.76%
1125  JN664942    0.03%    passed     85.10%
1126  JN664948    0.75%    passed     97.26%
1127  JN664921    0.00%    passed     98.37%
1128  JN664920    0.00%    passed     96.69%
1129  JN664922    0.00%    passed     97.16%
1130  JN664935    0.09%    passed     93.08%
1131  AB330366    0.16%    passed     86.58%
1132  MN585094    0.03%    passed     93.96%
1133  MH220970    0.28%    passed     97.90%
1134  GU456644    3.58%    passed     74.18%
1135  FJ349211    2.48%    passed     98.25%
1136  MF925360    0.09%    passed     91.95%
1137  MF925380    0.13%    passed     93.42%
1138  MF925402    0.09%    passed     99.60%
1139  JN664945    0.75%    passed     98.80%
1140  JQ023666    0.06%    passed     95.50%
1141  GQ377532    0.38%    passed     97.14%
1142  GQ377627    0.31%    passed     81.40%
1143  AB555500    0.06%    passed     84.11%
1144  MF925366    0.00%    passed     90.54%
1145  KJ803812    0.00%    passed     95.75%
1146  KC774435    0.00%    passed     96.17%
1147  KC774455    0.00%    passed     95.87%
1148  KC774443    0.00%    passed     97.19%
1149  KC774442    0.00%    passed     96.13%
1150  KC774452    0.00%    passed     95.92%
1151  KC774439    0.00%    passed     98.81%
1152  KC774441    0.00%    passed     98.31%
1153  KC774474    0.00%    passed     99.09%
1154  KC774495    0.00%    passed     97.88%
1155  KC774499    0.00%    passed     99.11%
1156  KC774488    0.00%    passed     99.93%
1157  KC774493    0.00%    passed     99.93%
1158  KC774423    0.00%    passed     95.33%
1159  KC774471    0.00%    passed     97.80%
1160  KC774434    0.00%    passed     95.04%
1161  KC774463    0.00%    passed     96.67%
1162  KC774468    0.00%    passed     98.62%
1163  KC774472    0.00%    passed     97.50%
1164  KC774497    0.00%    passed     99.36%
1165  KC774483    0.00%    passed     99.89%
1166  KC774492    0.00%    passed     98.75%
1167  KC774487    0.00%    passed     99.36%
1168  KC774484    0.00%    passed     99.88%
1169  KC774448    0.00%    passed     95.58%
1170  KC774429    0.00%    passed     98.01%
1171  KC774430    0.00%    passed     94.94%
1172  KC774420    0.00%    passed     98.99%
1173  KC774466    0.00%    passed     98.49%
1174  KC774496    0.00%    passed     99.81%
1175  KC774458    0.00%    passed     99.34%
1176  KC774422    0.00%    passed     98.46%
1177  KC774449    0.00%    passed     95.53%
1178  KC774446    0.00%    passed     98.12%
1179  KC774425    0.00%    passed     99.08%
1180  KC774428    0.00%    passed     99.81%
1181  KC774479    0.00%    passed     99.74%
1182  KC774476    0.00%    passed     92.51%
1183  KC774453    0.00%    passed     96.67%
1184  KC774481    0.00%    passed     99.78%
1185  KC774427    0.00%    passed     98.25%
1186  KC774498    0.00%    passed     99.72%
1187  KC774438    0.00%    passed     96.42%
1188  KC774433    0.00%    passed     79.56%
1189  AB202072    0.75%    passed     99.99%
1190  AB195943    0.00%    passed     98.97%
1191  AB195948    0.06%    passed     99.80%
1192  AB195931    0.00%    passed     97.15%
1193  AB195937    0.00%    passed     99.40%
1194  AB195940    0.00%    passed     99.04%
1195  AB195956    0.00%    passed     99.85%
1196  AB195950    0.00%    passed     99.26%
1197  AB195953    0.00%    passed     98.90%
1198  KC774456    0.00%    passed     97.41%
1199  FJ562263    0.03%    passed     99.31%
1200  AB195934    0.09%    passed     60.96%
1201  MZ097625   43.05%    passed     13.19%
1202  MZ097868   43.02%    passed     13.96%
1203  MZ097635   43.02%    passed     26.82%
1204  MZ097640   43.02%    passed     18.37%
1205  MW601313   43.02%    passed     11.71%
1206  MZ097648   43.02%    passed     12.80%
1207  MZ097849   43.05%    passed     16.69%
1208  MW601232   44.41%    passed     15.05%
1209  MW601292   43.02%    passed     13.21%
1210  MW601283   43.02%    passed     14.70%
1211  MW601252   43.02%    passed     12.55%
1212  MZ097771   43.12%    passed     21.73%
1213  MW601300   43.02%    passed     20.28%
1214  MW601319   43.02%    passed     16.24%
1215  MW601280   43.02%    passed     18.38%
1216  MZ097876   43.02%    passed     10.43%
1217  MW601243   43.02%    passed     11.64%
1218  MW601244   43.02%    passed      9.16%
1219  MZ097875   43.09%    passed     13.77%
1220  MZ097848   43.02%    passed     13.14%
1221  MZ097650   43.02%    passed     14.81%
1222  MZ097732   43.02%    passed     18.33%
1223  MW601248   43.02%    passed     18.33%
1224  MW601302   43.02%    passed     19.85%
1225  MW601269   43.02%    passed     26.49%
1226  MW601282   43.02%    passed     16.20%
1227  MW601326   43.02%    passed     20.34%
1228  MW601261   43.02%    passed     13.16%
1229  MW601256   43.02%    passed     22.38%
1230  MW601309   43.02%    passed     22.42%
1231  MZ097643   43.02%    passed     20.34%
1232  MW601325   43.02%    passed     13.16%
1233  MZ097780   43.12%    passed     15.75%
1234  MW601315   43.02%    passed     14.78%
1235  MW601251   43.02%    passed     14.81%
1236  MZ097719   43.02%    passed     13.21%
1237  MW601230   43.02%    passed     13.21%
1238  MW601229   43.02%    passed     23.69%
1239  MW601289   43.68%    passed     23.35%
1240  MZ097670   43.15%    passed     12.64%
1241  MW601336   43.02%    passed     16.16%
1242  MW601291   43.02%    passed     19.39%
1243  MZ097837   43.02%    passed     11.63%
1244  MZ097810   43.81%    passed     16.99%
1245  MW601262   43.02%    passed     18.28%
1246  MW601335   43.02%    passed     22.53%
1247  MW601307   43.02%    passed      9.18%
1248  MW601338   44.78%    passed      6.44%
1249  MZ097639   43.05%    passed     11.88%
1250  MW601247   43.02%    passed     21.79%
1251  MW601339   43.02%    passed      7.07%
1252  MW601285   43.02%    passed     15.73%
1253  MW601303   43.02%    passed     18.97%
1254  MW601330   43.02%    passed     23.96%
1255  MW601297   43.02%    passed     16.16%
1256  MW601239   43.97%    passed     19.23%
1257  MZ097881   43.05%    passed     11.44%
1258  MZ097682   43.12%    passed     13.71%
1259  MZ097676   43.27%    passed     28.90%
1260  MW601279   43.02%    passed     16.16%
1261  MW601245   43.02%    passed     22.12%
1262  MZ097778   43.24%    passed     23.50%
1263  MW601312   43.02%    passed     22.22%
1264  MZ097664   43.24%    passed     28.24%
1265  MZ097878   43.05%    passed     16.67%
1266  MW601278   43.40%    passed     13.73%
1267  MZ097801   43.15%    passed     19.00%
1268  MW601258   44.37%    passed      8.25%
1269  MW601250   43.02%    passed     11.65%
1270  MW601294   43.02%    passed     20.68%
1271  MW601329   43.02%    passed      8.86%
1272  MW601306   44.15%    passed     11.86%
1273  MZ097770   43.21%    passed     22.09%
1274  MW601299   43.05%    passed     24.33%
1275  MZ097746   43.05%    passed     11.26%
1276  MW601265   43.02%    passed     12.35%
1277  MZ097824   43.02%    passed     20.25%
1278  MZ097871   43.02%    passed     22.03%
1279  MZ097818   43.02%    passed     26.66%
1280  MZ097822   43.02%    passed     32.37%
1281  MZ097660   43.05%    passed     18.52%
1282  MZ097874   43.02%    passed     18.06%
1283  MZ097866   43.12%    passed     18.71%
1284  MW601231   43.02%    passed     14.57%
1285  MZ097870   43.12%    passed      6.19%
1286  MZ097782   43.24%    passed     30.96%
1287  MW601318   43.02%    passed     29.63%
1288  MW601249   43.02%    passed     10.13%
1289  MW601331   43.02%    passed     11.76%
1290  MZ097819   43.02%    passed     16.29%
1291  MZ097626   43.12%    passed     12.60%
1292  MW601301   43.02%    passed     18.41%
1293  MZ097877   43.12%    passed      8.74%
1294  MZ097747   43.02%    passed     13.01%
1295  MW601266   43.02%    passed     13.01%
1296  MZ097883   43.02%    passed     10.31%
1297  KF779220   43.78%    passed      5.99%
1298  MZ097750   43.02%    passed     14.56%
1299  MW601274   43.02%    passed     14.56%
1300  MW601236   44.12%    passed     20.29%
1301  MZ097867   43.05%    passed     11.37%
1302  MW601228   43.02%    passed      6.80%
1303  MZ097865   43.15%    passed     10.85%
1304  MZ097873   43.02%    passed      7.90%
1305  JQ707476   43.75%    passed      6.11%
1306  JQ707482   43.75%    passed      6.11%
1307  JQ707502   43.75%    passed      6.11%
1308  JQ707503   43.75%    passed      6.07%
1309  JQ707508   43.75%    passed      6.07%
1310  JQ707478   43.75%    passed      5.32%
1311  JQ707496   43.75%    passed      6.11%
1312  JQ707500   43.75%    passed      6.11%
1313  JQ707485   43.75%    passed      6.98%
1314  JQ707487   43.75%    passed      6.07%
1315  JQ707490   43.75%    passed      5.32%
1316  JQ707489   43.75%    passed      6.12%
1317  JQ707494   43.75%    passed      7.01%
1318  JQ707480   43.75%    passed      6.07%
1319  JQ707507   43.75%    passed      5.32%
1320  JQ707479   43.75%    passed      6.93%
1321  JQ707499   43.75%    passed      6.13%
1322  JQ707488   43.75%    passed      6.10%
1323  JQ707481   43.75%    passed      6.98%
1324  JQ707505   43.75%    passed      6.02%
1325  JQ707483   43.75%    passed      7.98%
1326  JQ707486   43.75%    passed      7.98%
1327  JQ707527   43.75%    passed     10.25%
1328  JQ707512   43.75%    passed      7.96%
1329  JQ707514   43.75%    passed      7.96%
1330  JQ707519   43.75%    passed      9.02%
1331  JQ707521   43.75%    passed      7.96%
1332  JQ707522   43.75%    passed      7.96%
1333  JQ707523   43.75%    passed      7.96%
1334  JQ707520   43.75%    passed      6.95%
1335  JQ707513   43.75%    passed      7.93%
1336  JQ707517   43.75%    passed      7.89%
1337  JQ707515   43.75%    passed      7.96%
1338  JQ707516   43.75%    passed      9.02%
1339  JQ707528   43.75%    passed      6.99%
1340  JQ707530   43.75%    passed      7.98%
1341  JQ707524   43.75%    passed      7.96%
1342  JQ707526   43.75%    passed      6.95%
1343  JQ707529   43.75%    passed      7.96%
1344  JQ707525   43.75%    passed      9.04%
1345  JQ707518   43.75%    passed      7.96%
1346  JQ707493   43.75%    passed      9.00%
1347  JQ707497   43.75%    passed      7.98%
1348  JQ707491   43.75%    passed      8.95%
1349  JQ707682   43.75%    passed     29.50%
1350  JQ707694   43.75%    passed     29.50%
1351  JQ707695   43.75%    passed     29.50%
1352  JQ707688   43.75%    passed     26.88%
1353  JQ707684   43.75%    passed     24.38%
1354  JQ707685   43.75%    passed     24.41%
1355  JQ707700   43.75%    passed     26.88%
1356  JQ707690   43.75%    passed     27.04%
1357  JQ707705   43.75%    passed     26.88%
1358  JQ707706   43.75%    passed     27.04%
1359  JQ707703   43.78%    passed     24.77%
1360  JQ707702   43.75%    passed     24.55%
1361  JQ707699   43.75%    passed     24.57%
1362  JQ707698   43.75%    passed     24.41%
1363  JQ707691   43.75%    passed     24.38%
1364  JQ707704   43.75%    passed     26.64%
1365  JQ707692   43.75%    passed     26.80%
1366  JQ707696   43.75%    passed     29.50%
1367  JQ707701   43.75%    passed     32.23%
1368  JQ707693   43.75%    passed     29.46%
1369  JQ707697   43.75%    passed     24.55%
1370  JQ707686   43.75%    passed     26.88%
1371  JQ707683   43.75%    passed     22.34%
1372  JQ707687   43.75%    passed     22.29%
1373  JQ707689   43.75%    passed     26.88%
1374  MZ097651   43.05%    passed      7.41%
1375  MZ097710   43.02%    passed     13.16%
1376  MZ097781   43.40%    passed     21.36%
1377  MW601316   43.40%    passed     21.36%
1378  MW601293   43.02%    passed     13.07%
1379  MZ097872   43.05%    passed     11.87%
1380  MW601246   43.02%    passed     10.10%
1381  MW601253   43.02%    passed     14.56%
1382  MZ097672   43.09%    passed     10.74%
1383  MW601332   43.02%    passed     10.24%
1384  MW601333   43.02%    passed      7.09%
1385  MW601281   43.02%    passed     11.49%
1386  MZ097749   43.12%    passed     15.76%
1387  MW601273   43.02%    passed     14.66%
1388  MW601263   43.02%    passed     10.35%
1389  MW601271   43.02%    passed     16.14%
1390  MW601276   43.68%    passed      8.31%
1391  MZ097808   43.09%    passed      9.45%
1392  MW601337   43.02%    passed     10.22%
1393  MW601259   43.81%    passed      9.03%
1394  MZ097831   43.15%    passed      5.71%
1395  MW601240   43.02%    passed      8.66%
1396  MW601321   43.02%    passed      9.16%
1397  MZ097715   43.02%    passed     10.21%
1398  MZ097645   43.12%    passed     17.35%
1399  MZ097669   43.02%    passed     15.81%
1400  DQ464182   42.80%    passed     21.41%
1401  DQ304547   42.65%    passed     28.24%
1402  DQ304549   42.65%    passed     25.71%
1403  DQ304550   42.65%    passed     27.97%
1404  DQ304551   42.65%    passed     28.09%
1405  DQ304548   42.65%    passed     27.97%
1406  DQ336680   43.40%    passed     28.20%
1407  DQ336684   43.40%    passed     28.20%
1408  DQ336682   43.40%    passed     30.56%
1409  DQ336683   43.40%    passed     25.49%
1410  DQ336681   43.40%    passed     21.52%
1411  MW601254   43.02%    passed     20.08%
1412  MZ097769   43.09%    passed     14.60%
1413  MW601298   43.02%    passed     14.00%
1414  MZ097812   43.02%    passed     38.16%
1415  MZ097678   43.18%    passed     15.94%
1416  MW601320   43.02%    passed     32.41%
1417  MW601288   43.05%    passed     11.04%
1418  MZ097880   43.05%    passed     19.63%
1419  MZ097792   43.81%    passed     14.31%
1420  MW601255   43.68%    passed      9.72%
1421  MN844882   43.05%    passed     21.72%
1422  MW601237   43.02%    passed     12.93%
1423  MW601238   44.34%    passed     13.07%
1424  MZ097656   43.34%    passed     11.50%
1425  MZ097667   43.02%    passed     19.64%
1426  KF779209   43.78%    passed     20.70%
1427  KF779212   43.78%    passed     17.96%
1428  KF779285   43.78%    passed     17.96%
1429  KF779288   43.78%    passed     18.01%
1430  KF779303   43.78%    passed     17.96%
1431  KF779296   43.78%    passed     16.28%
1432  KF779318   43.78%    passed     20.24%
1433  KF779216   43.78%    passed     18.22%
1434  KF779301   43.78%    passed     22.27%
1435  KF779302   43.78%    passed     22.27%
1436  KF779292   43.78%    passed     20.49%
1437  KF779376   43.78%    passed     27.46%
1438  KF779377   43.78%    passed     27.35%
1439  KF779340   43.78%    passed     22.88%
1440  KF779341   43.78%    passed     20.70%
1441  KF779380   43.78%    passed     20.35%
1442  KF779218   43.78%    passed     20.30%
1443  KF779289   43.78%    passed     15.94%
1444  KF779228   43.78%    passed     22.79%
1445  KF779229   43.78%    passed     20.61%
1446  KF779230   43.78%    passed     21.86%
1447  KF779224   43.78%    passed     20.32%
1448  KF779241   43.78%    passed     22.45%
1449  KF779217   43.78%    passed     16.50%
1450  KF779223   43.78%    passed     22.70%
1451  KF779226   43.78%    passed     16.71%
1452  KF779343   43.78%    passed     44.00%
1453  KF779225   43.78%    passed     15.57%
1454  KF779219   43.78%    passed     17.62%
1455  KF779222   43.78%    passed     14.84%
1456  MZ097694   43.05%    passed     22.12%
1457  DQ464168   42.80%    passed     22.84%
1458  DQ464169   42.80%    passed     39.28%
1459  DQ464170   42.80%    passed     36.25%
1460  DQ486025   42.80%    passed     39.29%
1461  MZ097789   43.02%    passed     31.00%
1462  MW601275   43.02%    passed     13.05%
1463  MW601286   43.02%    passed      7.60%
1464  MW601241   43.02%    passed     12.58%
1465  MW601242   43.02%    passed     20.34%
1466  MW601334   43.02%    passed     29.67%
1467  KF779214   43.78%    passed     22.89%
1468  MW601260   43.02%    passed     24.83%
1469  MW601257   43.31%    passed     18.26%
1470  MW601235   43.02%    passed     13.79%
1471  MW601324   43.02%    passed     22.72%
1472  MW601290   43.02%    passed     15.98%
1473  MW601284   43.02%    passed     13.16%
1474  MW601295   43.02%    passed     24.71%
1475  MW601227   43.02%    passed     31.40%
1476  MZ097806   43.12%    passed     28.43%
1477  MW601308   43.02%    passed     29.77%
1478  MZ097882   43.05%    passed     15.46%
1479  MW601264   43.02%    passed     17.32%
1480  MW601287   43.02%    passed     21.16%
1481  MW601327   43.02%    passed     12.70%
1482  MW601267   43.02%    passed     18.13%
1483  MW601296   43.68%    passed     17.94%
1484  MW601233   43.02%    passed     16.35%
1485  MW601234   43.02%    passed     15.84%
1486  MZ097879   43.05%    passed     11.50%
1487  MW601311   43.02%    passed     21.22%
1488  MW601272   44.56%    passed     20.00%
1489  MW601305   43.56%    passed     19.01%
1490  MW601317   43.02%    passed     25.67%
1491  MW601310   43.02%    passed     21.42%
1492  DQ464171   48.43%    passed      5.20%
1493  DQ464180   48.43%    failed      4.79%
1494  DQ464172   42.80%    passed     29.18%
1495  DQ464174   42.80%    passed     16.02%
1496  DQ336674   42.65%    passed     22.63%
1497  DQ336675   42.65%    passed     22.41%
1498  DQ336678   42.65%    passed     22.53%
1499  DQ336676   42.65%    passed     27.46%
1500  DQ336679   42.65%    passed     29.59%
1501  DQ336677   42.65%    passed     32.62%
1502  DQ336686   42.65%    passed     16.35%
1503  DQ336687   42.65%    passed     16.35%
1504  DQ336688   42.65%    passed     16.35%
1505  DQ336692   42.65%    passed     16.35%
1506  DQ336689   42.65%    passed     20.53%
1507  DQ464178   42.83%    passed     30.42%
1508  DQ336685   42.65%    passed     18.38%
1509  DQ464173   42.80%    passed     30.04%
1510  DQ486022   42.80%    passed     30.69%
1511  DQ336690   42.65%    passed     19.79%
1512  DQ464175   42.80%    passed     32.99%
1513  DQ486021   42.80%    passed     28.08%
1514  DQ464176   45.07%    passed      9.13%
1515  DQ464177   45.07%    passed     10.30%
1516  DQ329356   42.65%    passed     21.29%
1517  DQ329357   42.65%    passed     21.29%
1518  KF779382   43.78%    passed     22.06%
1519  DQ486024   42.80%    passed     28.49%
1520  DQ464181   42.99%    passed     27.83%
1521  MN844881   43.05%    passed     12.49%
1522  MF967563   40.35%    passed     12.90%
1523  DQ399006   40.29%    passed      5.78%
1524  KF779237   43.78%    passed     28.93%
1525  KF779250   43.78%    passed     20.66%
1526  DQ464164   42.80%    passed     22.91%
1527  DQ464165   42.80%    passed     33.41%
1528  DQ464166   42.80%    passed     34.13%
1529  DQ464167   42.80%    passed     26.23%
1530  MZ097627   43.12%    passed      6.44%
1531  MW601323   43.02%    passed     42.45%
1532  MW601314   43.02%    passed     26.94%
1533  MZ097884   43.05%    passed     34.27%
1534  MW601328   43.05%    passed     10.53%
1535  DQ486023   43.46%    passed     32.37%
1536  KF779353   43.78%    passed     24.31%
1537  MZ097869   43.93%    passed     23.87%
1538  MW601268   43.12%    passed     15.81%
****  TOTAL       9.65%  1 sequences failed composition chi2 test (p-value<5%; df=3)
NOTE: KT366500 is identical to KT366498 but kept for subsequent analysis
NOTE: GQ183451 is identical to GQ183450 but kept for subsequent analysis
NOTE: EU594427 is identical to EU594407 but kept for subsequent analysis
NOTE: KR905424 is identical to KT366506 but kept for subsequent analysis
NOTE: AB471857 is identical to AB471856 but kept for subsequent analysis
NOTE: AB210822 is identical to AB210821 but kept for subsequent analysis
NOTE: JN792910 is identical to JN792909 but kept for subsequent analysis
NOTE: KT366507 is identical to KT366497 but kept for subsequent analysis
NOTE: KP090177 is identical to MH724219 but kept for subsequent analysis
NOTE: KU668446 is identical to MF618339 but kept for subsequent analysis
NOTE: FJ692507 is identical to FJ692506 but kept for subsequent analysis
NOTE: MH724221 is identical to MH724214 but kept for subsequent analysis
NOTE: JX898692 is identical to JX898691 but kept for subsequent analysis
NOTE: AY902776 is identical to AY902768 but kept for subsequent analysis
NOTE: AY902774 is identical to AY902769 but kept for subsequent analysis
NOTE: MG877727 is identical to MG877726 but kept for subsequent analysis
NOTE: MK052975 is identical to MK052973 but kept for subsequent analysis
NOTE: MK516280 is identical to MK516279 but kept for subsequent analysis
NOTE: MW601248 is identical to MZ097732 but kept for subsequent analysis
NOTE: MW601230 is identical to MZ097719 but kept for subsequent analysis
NOTE: MW601266 is identical to MZ097747 but kept for subsequent analysis
NOTE: MW601274 is identical to MZ097750 but kept for subsequent analysis
NOTE: JQ707482 is identical to JQ707476 but kept for subsequent analysis
NOTE: JQ707480 is identical to JQ707503 but kept for subsequent analysis
NOTE: JQ707514 is identical to JQ707512 but kept for subsequent analysis
NOTE: JQ707694 is identical to JQ707682 but kept for subsequent analysis
NOTE: JQ707705 is identical to JQ707700 but kept for subsequent analysis
NOTE: KF779285 is identical to KF779212 but kept for subsequent analysis
NOTE: KF779302 is identical to KF779301 but kept for subsequent analysis
NOTE: DQ336687 is identical to DQ336686 but kept for subsequent analysis
Checking for duplicate sequences: done in 0.013514 secs using 94.86% CPU
Identifying sites to remove: done in 0.0311239 secs using 81.64% CPU
NOTE: 22 identical sequences (see below) will be ignored for subsequent analysis
NOTE: GQ183453 (identical to GQ183450) is ignored but added at the end
NOTE: GQ183454 (identical to GQ183450) is ignored but added at the end
NOTE: GQ183462 (identical to GQ183450) is ignored but added at the end
NOTE: GQ183466 (identical to GQ183450) is ignored but added at the end
NOTE: KF679992 (identical to KT366497) is ignored but added at the end
NOTE: KF679993 (identical to KT366497) is ignored but added at the end
NOTE: JN664911 (identical to MF618339) is ignored but added at the end
NOTE: JQ707502 (identical to JQ707476) is ignored but added at the end
NOTE: JQ707496 (identical to JQ707476) is ignored but added at the end
NOTE: JQ707500 (identical to JQ707476) is ignored but added at the end
NOTE: JQ707521 (identical to JQ707512) is ignored but added at the end
NOTE: JQ707522 (identical to JQ707512) is ignored but added at the end
NOTE: JQ707523 (identical to JQ707512) is ignored but added at the end
NOTE: JQ707515 (identical to JQ707512) is ignored but added at the end
NOTE: JQ707524 (identical to JQ707512) is ignored but added at the end
NOTE: JQ707518 (identical to JQ707512) is ignored but added at the end
NOTE: JQ707695 (identical to JQ707682) is ignored but added at the end
NOTE: JQ707696 (identical to JQ707682) is ignored but added at the end
NOTE: JQ707686 (identical to JQ707700) is ignored but added at the end
NOTE: KF779303 (identical to KF779212) is ignored but added at the end
NOTE: DQ336688 (identical to DQ336686) is ignored but added at the end
NOTE: DQ336692 (identical to DQ336686) is ignored but added at the end
Alignment was printed to results/aligned_hepatitisB_D-delim.fasta.uniqueseq.phy

For your convenience alignment with unique sequences printed to results/aligned_hepatitisB_D-delim.fasta.uniqueseq.phy

Create initial parsimony tree by phylogenetic likelihood library (PLL)... 0.033 seconds

NOTE: 123 MB RAM (0 GB) is required!
Estimate model parameters (epsilon = 0.500)
1. Initial log-likelihood: -572420.797
2. Current log-likelihood: -544630.108
3. Current log-likelihood: -544339.541
4. Current log-likelihood: -544334.380
Optimal log-likelihood: -544334.105
Rate parameters:  A-C: 1.98535  A-G: 3.62381  A-T: 1.46008  C-G: 0.50264  C-T: 3.28370  G-T: 1.00000
Base frequencies:  A: 0.225  C: 0.271  G: 0.219  T: 0.285
Parameters optimization took 4 rounds (9.176 sec)
Wrote distance file to... 
Computing ML distances based on estimated model parameters...
Calculating distance matrix: done in 7.53228 secs using 99.32% CPU
Computing ML distances took 7.552804 sec (of wall-clock time) 7.495022 sec (of CPU time)
Setting up auxiliary I and S matrices: done in 0.045639 secs using 183.5% CPU
Constructing RapidNJ tree: done in 0.208886 secs using 188.6% CPU
Computing RapidNJ tree took 0.254620 sec (of wall-clock time) 0.477793 sec (of CPU time)
Log-likelihood of RapidNJ tree: -239579.564
--------------------------------------------------------------------
|             INITIALIZING CANDIDATE TREE SET                      |
--------------------------------------------------------------------

Do NNI search on 2 best initial trees
Optimizing NNI: done in 8.00101 secs using 99.65% CPU
Estimate model parameters (epsilon = 0.500)
BETTER TREE FOUND at iteration 1: -235990.563
Optimizing NNI: done in 96.8824 secs using 99.26% CPU
Finish initializing candidate tree set (4)
Current best tree score: -235990.563 / CPU time: 109.151
Number of iterations: 2
TREE SEARCH COMPLETED AFTER 2 ITERATIONS / Time: 0h:2m:11s

--------------------------------------------------------------------
|                    FINALIZING TREE SEARCH                        |
--------------------------------------------------------------------
Performs final model parameters optimization
Estimate model parameters (epsilon = 0.050)
1. Initial log-likelihood: -235990.563
Optimal log-likelihood: -235990.555
Rate parameters:  A-C: 1.90323  A-G: 3.66272  A-T: 1.30661  C-G: 0.54384  C-T: 2.72192  G-T: 1.00000
Base frequencies:  A: 0.225  C: 0.271  G: 0.219  T: 0.285
Parameters optimization took 1 rounds (1.093 sec)
BEST SCORE FOUND : -235990.555
Total tree length: 11.675

Total number of iterations: 2
CPU time used for tree search: 108.386 sec (0h:1m:48s)
Wall-clock time used for tree search: 109.154 sec (0h:1m:49s)
Total CPU time used: 132.367 sec (0h:2m:12s)
Total wall-clock time used: 133.098 sec (0h:2m:13s)

Analysis results written to: 
  IQ-TREE report:                results/aligned_hepatitisB_D-delim.fasta.iqtree
  Maximum-likelihood tree:       results/aligned_hepatitisB_D-delim.fasta.treefile
  Likelihood distances:          results/aligned_hepatitisB_D-delim.fasta.mldist
  Screen log file:               results/aligned_hepatitisB_D-delim.fasta.log

Date and Time: Tue Nov 15 14:49:12 2022
