IQ-TREE multicore version 2.2.0-beta COVID-edition for Mac OS X 64-bit built Mar  3 2022 built Mar  3 2022
Developed by Bui Quang Minh, James Barbetti, Nguyen Lam Tung,
Olga Chernomor, Heiko Schmidt, Dominik Schrempf, Michael Woodhams, Ly Trong Nhan.

Host:    MacBook-Pro-2.local (SSE4.2, 8 GB RAM)
Command: iqtree2 -nt 1 -s results/aligned_hepatitisB_C-delim.fasta -m GTR -ninit 2 -n 2 -me 0.05
Seed:    450902 (Using SPRNG - Scalable Parallel Random Number Generator)
Time:    Tue Nov 15 15:01:00 2022
Kernel:  SSE2 - 1 threads (8 CPU cores detected)

HINT: Use -nt option to specify number of threads because your CPU has 8 cores!
HINT: -nt AUTO will automatically determine the best number of threads to use.

Reading alignment file results/aligned_hepatitisB_C-delim.fasta ... Fasta format detected
Reading fasta file: done in 0.1172 secs using 94.33% CPU
Alignment most likely contains DNA/RNA sequences
Constructing alignment: done in 0.0477061 secs using 78.97% CPU
Alignment has 1791 sequences with 3215 columns, 2780 distinct patterns
1955 parsimony-informative, 698 singleton sites, 562 constant sites
          Gap/Ambiguity  Composition  p-value
Analyzing sequences: done in 0.0131969 secs using 91.25% CPU
   1  AB675675    0.00%    passed     99.91%
   2  KR013879    0.00%    passed     98.58%
   3  KR013881    1.87%    passed     92.44%
   4  KR013991    1.18%    passed     96.71%
   5  KC774285    0.00%    passed     99.92%
   6  EU939626    0.06%    passed     99.99%
   7  KC774282    0.00%    passed     99.45%
   8  KC774325    0.00%    passed     99.87%
   9  KC774321    0.00%    passed     99.94%
  10  KC774253    0.00%    passed     99.86%
  11  KC774221    0.00%    passed     97.88%
  12  AY206376    0.06%    passed     98.82%
  13  AY206379    0.06%    passed     98.82%
  14  FJ562256    0.03%    passed     99.15%
  15  AY206374    0.06%    passed     96.72%
  16  EU939624    1.12%    passed     90.18%
  17  MW675886    0.00%    passed     99.72%
  18  MW675891    0.03%    passed     99.61%
  19  MW675888    0.03%    passed     99.31%
  20  MW675893    0.03%    passed     97.95%
  21  MW675889    0.00%    passed     99.67%
  22  MW675890    0.00%    passed     99.31%
  23  MW675892    0.00%    passed     99.11%
  24  MW675895    0.00%    passed     97.91%
  25  MW675894    0.03%    passed     97.78%
  26  MK720629    0.00%    passed     97.86%
  27  MK720630    0.00%    passed     97.86%
  28  MK321266    0.19%    passed     98.35%
  29  AB644283    0.16%    passed     99.40%
  30  AB644284    0.00%    passed     99.71%
  31  OM669632    0.00%    passed     97.01%
  32  MG826126    0.00%    passed     99.58%
  33  MG826127    0.00%    passed     98.13%
  34  KY670782    0.03%    passed     99.41%
  35  KY470980    0.00%    passed     99.42%
  36  KY470981    0.00%    passed     99.42%
  37  KY470982    0.00%    passed     99.42%
  38  KY470984    0.00%    passed     99.42%
  39  KY470988    0.00%    passed     99.42%
  40  KY470985    0.00%    passed     98.96%
  41  KY470986    0.00%    passed     99.66%
  42  KY470987    0.00%    passed     99.28%
  43  KY470983    0.00%    passed     99.42%
  44  KY470990    0.00%    passed     99.42%
  45  KY470991    0.00%    passed     99.42%
  46  KY470989    0.03%    passed     99.17%
  47  KY629631    0.00%    passed     96.35%
  48  KY629637    0.06%    passed     99.75%
  49  KU963905    0.00%    passed     99.30%
  50  KU963906    0.00%    passed     99.30%
  51  KU963910    0.00%    passed     99.30%
  52  KJ598663    0.00%    passed     99.92%
  53  KJ598674    0.00%    passed     99.77%
  54  KJ598720    0.00%    passed     92.02%
  55  KJ598722    0.00%    passed     95.87%
  56  KJ598725    0.00%    passed     96.45%
  57  KJ598736    0.00%    passed     97.74%
  58  HM011493    0.09%    passed     94.35%
  59  EU547559    1.18%    passed     87.31%
  60  AB540584    0.06%    passed     98.33%
  61  MG826125    5.41%    passed     92.09%
  62  LC365290    0.00%    passed     99.96%
  63  KU964051    0.00%    passed     99.83%
  64  KU964055    0.00%    passed     99.83%
  65  KU964056    0.00%    passed     99.72%
  66  KU964032    0.00%    passed     99.55%
  67  KU964033    0.00%    passed     99.73%
  68  DQ089801    0.06%    passed     98.54%
  69  AB368297    4.57%    passed     97.48%
  70  EF494377    1.03%    passed     98.02%
  71  DQ089802    0.12%    passed     94.49%
  72  AB931170    0.00%    passed     97.62%
  73  AB931171    0.00%    passed     97.50%
  74  AY206385    1.09%    passed     99.50%
  75  AY167091    0.00%    passed     99.47%
  76  AB900113    0.00%    passed     94.72%
  77  AB900109    0.16%    passed     97.29%
  78  KX276833    1.00%    passed     98.08%
  79  KX276836    0.90%    passed     99.72%
  80  JQ027332    5.07%    passed     99.17%
  81  AY206386    0.09%    passed     98.41%
  82  KJ803777    0.00%    passed     99.69%
  83  GQ358158    0.00%    passed     99.93%
  84  MG826144    0.00%    passed     98.64%
  85  LC730886    0.00%    passed     99.82%
  86  FJ386574    0.00%    passed     99.89%
  87  AB426467    0.00%    passed     99.86%
  88  JQ040145    0.28%    passed     99.76%
  89  KR013816    0.00%    passed     99.41%
  90  JQ040131    0.03%    passed     99.86%
  91  KR013877    0.00%    passed     99.33%
  92  KC774318    0.00%    passed     99.32%
  93  KT284759    0.00%    passed     98.59%
  94  FJ386579    0.00%    passed     99.81%
  95  MT426580    1.80%    passed     95.95%
  96  MT426614    1.80%    passed     96.99%
  97  MT426642    1.80%    passed     96.42%
  98  MT426595    1.80%    passed     95.69%
  99  JQ040172    0.12%    passed     99.72%
 100  MK720627    0.00%    passed     99.71%
 101  MK720628    0.00%    passed     99.71%
 102  MK321265    0.12%    passed     99.70%
 103  LC373511    0.00%    passed     99.87%
 104  LC373512    0.00%    passed     99.93%
 105  KT284755    0.00%    passed     99.99%
 106  AB288026    0.06%    passed     99.04%
 107  GQ377544    0.00%    passed     99.83%
 108  KJ598688    1.03%    passed     99.35%
 109  KJ598696    1.03%    passed     99.40%
 110  KJ598689    0.00%    passed     99.79%
 111  KJ598747    0.00%    passed     99.94%
 112  KJ598754    0.00%    passed     99.80%
 113  KJ598751    0.00%    passed     99.96%
 114  KJ598752    0.00%    passed     99.99%
 115  KJ598750    0.56%    passed     99.44%
 116  KJ598743    0.00%    passed     99.30%
 117  KJ598700    6.10%    passed     95.99%
 118  MG893553    0.00%    passed     99.95%
 119  KP784761    0.00%    passed     99.02%
 120  KR013830    0.00%    passed     98.98%
 121  KR013831    0.00%    passed     99.73%
 122  AB471848    0.00%    passed     99.84%
 123  AB471850    0.00%    passed     99.84%
 124  AB471849    0.00%    passed     99.95%
 125  GQ377640    0.00%    passed     99.96%
 126  LC170477    0.00%    passed     99.01%
 127  AB642099    0.00%    passed     99.52%
 128  GQ377521    0.00%    passed     99.72%
 129  KU963893    0.00%    passed     99.62%
 130  KU963897    0.00%    passed     99.51%
 131  KU963894    0.00%    passed     99.32%
 132  KT284754    0.00%    passed     99.94%
 133  FJ032340    0.00%    passed     99.11%
 134  KU964069    0.00%    passed     99.59%
 135  KU964337    0.00%    passed     99.59%
 136  KU964340    0.00%    passed     99.59%
 137  KU964334    0.00%    passed     99.59%
 138  KU964071    0.00%    passed     99.77%
 139  KU964078    0.00%    passed     99.77%
 140  KU964178    0.93%    passed     99.81%
 141  KU964181    0.93%    passed     99.67%
 142  DQ089799    0.12%    passed     99.96%
 143  FJ032360    0.00%    passed     99.46%
 144  KU964192    0.00%    passed     99.30%
 145  KU964199    0.00%    passed     99.48%
 146  MG893561    0.00%    passed     99.86%
 147  KR013799    0.00%    passed     99.92%
 148  KC774241    0.00%    passed     99.84%
 149  KY470893    0.00%    passed     99.52%
 150  KY470897    0.00%    passed     99.86%
 151  KY470899    0.00%    passed     99.73%
 152  KY470894    0.00%    passed     99.87%
 153  KY470901    0.00%    passed     99.77%
 154  KY470902    0.00%    passed     99.77%
 155  KY470900    0.00%    passed     99.86%
 156  KC774293    0.00%    passed     99.75%
 157  KR013800    0.00%    passed     98.99%
 158  KR013969    0.28%    passed     97.72%
 159  KR013979    0.03%    passed     99.53%
 160  AF461357    0.06%    passed     99.90%
 161  AF461363    0.06%    passed     99.90%
 162  KU963992    0.00%    passed     98.30%
 163  KC774322    0.00%    passed     98.22%
 164  FJ386581    0.03%    passed     99.57%
 165  KR014094    0.22%    passed     97.10%
 166  FJ386597    0.00%    passed     94.71%
 167  FJ386637    0.00%    passed     99.45%
 168  FJ386632    0.06%    passed     99.77%
 169  KU964034    0.00%    passed     98.81%
 170  KU964048    0.00%    passed     98.81%
 171  KU964035    0.00%    passed     99.10%
 172  KU964044    0.00%    passed     98.95%
 173  JQ040162    0.06%    passed     98.77%
 174  AY206384    0.06%    passed     99.50%
 175  AF458664    0.06%    passed     99.88%
 176  EU939611    0.03%    passed     98.31%
 177  KC774326    0.00%    passed     99.81%
 178  LC090200    0.00%    passed     99.48%
 179  AB014362    0.03%    passed     99.35%
 180  MG893558    0.00%    passed     99.95%
 181  EU939619    0.00%    passed     99.58%
 182  KU963876    0.00%    passed     99.67%
 183  KU963881    0.00%    passed     99.80%
 184  KU963882    0.00%    passed     99.15%
 185  KU964210    0.00%    passed     99.72%
 186  KU964213    0.00%    passed     99.67%
 187  FJ562252    0.00%    passed     99.71%
 188  FJ386619    0.00%    passed     99.81%
 189  JQ040154    0.50%    passed    100.00%
 190  KU964360    4.39%    passed     95.78%
 191  DQ993689    0.03%    passed     99.89%
 192  AY306136    0.00%    passed     99.58%
 193  KR013803    0.00%    passed     99.46%
 194  KR013981    0.03%    passed     99.80%
 195  AB195952    0.00%    passed     99.80%
 196  AB195954    0.00%    passed     99.68%
 197  MZ934424    0.00%    passed     97.44%
 198  MT426649    1.80%    passed     96.84%
 199  MT426669    1.80%    passed     97.94%
 200  MT426686    1.80%    passed     97.94%
 201  MT426722    1.80%    passed     97.63%
 202  MT426726    1.80%    passed     97.13%
 203  MT426682    1.80%    passed     97.13%
 204  MT426666    1.80%    passed     96.84%
 205  MT426752    1.80%    passed     97.60%
 206  MT426754    1.80%    passed     96.69%
 207  MT426661    1.80%    passed     96.31%
 208  MT426680    1.80%    passed     98.11%
 209  MT426744    1.80%    passed     95.85%
 210  MT426737    1.80%    passed     97.63%
 211  MT426730    1.80%    passed     97.73%
 212  MT426742    1.80%    passed     96.42%
 213  LC516604    0.00%    passed     99.39%
 214  LC170476    0.00%    passed     99.80%
 215  KX276835    0.34%    passed     99.45%
 216  KJ790199    0.00%    passed     99.63%
 217  KP017272    0.16%    passed     99.73%
 218  DQ993693    0.00%    passed     99.67%
 219  AY167095    0.00%    passed     99.92%
 220  KM999991    0.00%    passed     99.97%
 221  KP017269    0.00%    passed     99.94%
 222  KP017271    0.03%    passed     99.86%
 223  JQ688404    0.00%    passed     99.91%
 224  GQ924633    0.00%    passed     98.45%
 225  KC774259    0.00%    passed     99.58%
 226  KC774263    0.00%    passed     99.94%
 227  KC774182    0.00%    passed     99.72%
 228  HM011489    0.03%    passed     99.57%
 229  GQ377617    0.00%    passed     98.56%
 230  GQ377637    0.00%    passed     99.96%
 231  DQ993691    0.00%    passed     98.83%
 232  DQ993692    0.00%    passed     99.62%
 233  MT426759    1.80%    passed     97.88%
 234  MT426797    1.80%    passed     98.86%
 235  MT426796    1.80%    passed     97.46%
 236  MT426805    1.80%    passed     98.57%
 237  MT426808    1.80%    passed     98.12%
 238  MT426760    1.80%    passed     98.44%
 239  MT426770    1.80%    passed     97.50%
 240  MT426838    1.80%    passed     99.37%
 241  KC774190    0.00%    passed     99.26%
 242  KY470873    0.00%    passed     99.89%
 243  KY470876    0.00%    passed     99.97%
 244  KY470884    0.00%    passed     99.87%
 245  KY470892    0.00%    passed     99.88%
 246  KY470888    0.00%    passed     99.41%
 247  KY470877    0.00%    passed     99.99%
 248  KY470874    0.00%    passed     99.99%
 249  KY470885    0.06%    passed     99.72%
 250  KY470890    0.00%    passed     99.98%
 251  KY470891    0.00%    passed    100.00%
 252  KY470880    0.00%    passed     99.60%
 253  GQ377563    0.00%    passed     99.82%
 254  KR013850    0.00%    passed     99.17%
 255  KR014030    0.03%    passed     99.88%
 256  KR014031    0.00%    passed     99.44%
 257  JQ040165    0.06%    passed     99.56%
 258  FJ562284    0.00%    passed     99.19%
 259  FJ787464    0.00%    passed     98.74%
 260  FJ899761    0.00%    passed     99.55%
 261  FJ899764    0.00%    passed     99.97%
 262  EU939538    0.03%    passed     99.82%
 263  EU560440    0.00%    passed     99.99%
 264  KC774195    0.00%    passed     98.45%
 265  EU939649    0.00%    passed     99.25%
 266  KC774339    0.00%    passed     98.86%
 267  EU306714    0.56%    passed     98.08%
 268  EU306720    0.00%    passed     98.39%
 269  EU306722    0.56%    passed     98.19%
 270  EU306724    0.56%    passed     99.65%
 271  EU939652    0.00%    passed     99.96%
 272  EU439007    0.53%    passed     98.98%
 273  EU939658    0.00%    passed     99.19%
 274  JQ040141    0.25%    passed     99.50%
 275  FJ787468    0.00%    passed     99.06%
 276  DQ089793    0.03%    passed     99.97%
 277  GQ377571    0.00%    passed     99.67%
 278  FJ787486    0.00%    passed     99.55%
 279  EU560441    0.00%    passed     99.55%
 280  GQ377607    0.03%    passed     98.92%
 281  GQ377600    0.06%    passed     99.95%
 282  GQ377553    0.00%    passed     99.12%
 283  AB675677    0.00%    passed     99.95%
 284  MN683729    0.00%    passed     99.33%
 285  KT284756    0.00%    passed     99.34%
 286  KY470922    0.62%    passed     96.52%
 287  KY470931    0.62%    passed     96.52%
 288  KY470932    0.62%    passed     98.86%
 289  KY470934    0.00%    passed     99.97%
 290  KY470923    3.33%    passed     94.32%
 291  KY470926    0.00%    passed     99.87%
 292  KY470924    0.62%    passed     97.45%
 293  KY470927    2.55%    passed     97.11%
 294  KC774270    0.00%    passed     99.72%
 295  FJ562318    0.00%    passed     99.30%
 296  MK534588    0.00%    passed     96.03%
 297  MH887433    0.00%    passed     99.97%
 298  AB900116    0.00%    passed     99.99%
 299  AB642100    0.00%    passed     99.99%
 300  LC170474    0.00%    passed     99.89%
 301  MH891502    0.00%    passed     99.94%
 302  AB195936    0.00%    passed     98.95%
 303  AB195938    0.00%    passed     98.95%
 304  HQ622095    0.00%    passed     98.48%
 305  KU964305    0.00%    passed     98.62%
 306  KU964310    0.00%    passed     98.62%
 307  KM229703    0.00%    passed     99.12%
 308  FJ386652    0.00%    passed     99.96%
 309  GQ377577    0.00%    passed     98.17%
 310  JX560519    0.00%    passed     99.48%
 311  AY167096    0.03%    passed     99.67%
 312  HM011465    0.03%    passed     99.27%
 313  KU963856    0.00%    passed     99.74%
 314  KU963859    0.00%    passed     99.74%
 315  KJ598635    0.00%    passed     99.34%
 316  KJ598640    0.00%    passed     98.90%
 317  KJ598639    0.00%    passed     99.56%
 318  KJ598661    0.00%    passed     99.58%
 319  KJ598649    0.56%    passed     98.35%
 320  KJ598650    0.47%    passed     97.90%
 321  OM669643    0.00%    passed     98.98%
 322  MG893557    0.00%    passed     99.72%
 323  KY022423    0.03%    passed     99.67%
 324  KC774313    0.00%    passed     96.99%
 325  GQ377538    0.00%    passed     99.77%
 326  KT284753    0.00%    passed     99.38%
 327  EU570067    0.00%    passed     98.62%
 328  EU939578    0.00%    passed     97.28%
 329  EU939592    0.00%    passed     98.86%
 330  EU306675    0.28%    passed     99.52%
 331  LC155814    0.03%    passed     99.66%
 332  LC155815    0.00%    passed     99.72%
 333  AB195949    0.00%    passed     99.26%
 334  AB195951    0.00%    passed     99.83%
 335  AB113875    0.00%    passed     99.11%
 336  AB113876    0.00%    passed     99.11%
 337  KC875261    0.00%    passed     99.90%
 338  KC875262    0.00%    passed     99.99%
 339  KC875263    0.00%    passed     99.99%
 340  KU964172    4.48%    passed     95.66%
 341  GQ377636    0.12%    passed     98.14%
 342  KC774358    0.00%    passed     99.47%
 343  GQ377530    0.06%    passed     99.83%
 344  FJ386633    0.00%    passed     99.93%
 345  FJ386667    5.75%    passed     76.33%
 346  EU796070    0.00%    passed     97.94%
 347  EU796072    0.00%    passed     97.73%
 348  AY066028    0.06%    passed     97.07%
 349  AF411408    0.06%    passed     97.47%
 350  AF411411    0.06%    passed     97.47%
 351  FJ787462    0.56%    passed     98.58%
 352  EU939561    0.00%    passed     99.83%
 353  KC774301    0.00%    passed     99.11%
 354  EU939589    0.00%    passed     99.67%
 355  EU939590    0.00%    passed     99.67%
 356  KU963917    0.00%    passed     99.39%
 357  KU963918    0.00%    passed     99.33%
 358  KU963928    0.00%    passed     99.33%
 359  KR014055    0.75%    passed     99.81%
 360  KR014058    0.00%    passed     98.50%
 361  FJ787452    0.00%    passed     99.62%
 362  FJ899769    0.00%    passed     99.46%
 363  EU939563    0.03%    passed     99.38%
 364  KJ598711    0.00%    passed     99.66%
 365  KJ598718    0.00%    passed     99.80%
 366  KJ598717    0.00%    passed     99.47%
 367  JQ040150    0.87%    passed     99.81%
 368  GQ377520    0.00%    passed     99.80%
 369  FJ562290    5.47%    passed     91.13%
 370  KY470965    0.00%    passed     99.30%
 371  KY470969    0.00%    passed     99.30%
 372  KY470974    0.00%    passed     99.30%
 373  KY470968    0.00%    passed     99.42%
 374  KY470978    0.00%    passed     99.29%
 375  KY470979    0.00%    passed     99.06%
 376  KY470971    0.00%    passed     99.48%
 377  KY470972    0.00%    passed     99.48%
 378  KY470967    0.00%    passed     98.78%
 379  KY470970    0.00%    passed     98.96%
 380  KY470975    0.00%    passed     99.02%
 381  KU964319    0.00%    passed     99.54%
 382  KU964320    0.00%    passed     98.92%
 383  KU964331    0.00%    passed     99.21%
 384  KU964321    0.00%    passed     97.61%
 385  EU939645    5.69%    passed     92.26%
 386  AB014381    0.03%    passed     99.89%
 387  AB014399    0.03%    passed     99.58%
 388  AB014392    0.03%    passed     99.82%
 389  AB014379    0.06%    passed     99.89%
 390  AB014380    0.03%    passed     99.82%
 391  AB014389    1.56%    passed     99.91%
 392  AB014384    0.09%    passed     98.60%
 393  AB014396    0.03%    passed     99.47%
 394  AB014385    0.03%    passed     99.29%
 395  AB014383    0.03%    passed     99.28%
 396  AB014382    0.03%    passed     98.55%
 397  AB014391    0.06%    passed     98.89%
 398  AB014364    3.55%    passed     99.91%
 399  AB014397    0.96%    passed     99.95%
 400  KR013827    0.00%    passed     96.57%
 401  KR014006    1.21%    passed     98.34%
 402  KR013869    0.00%    passed     98.77%
 403  KR014064    0.03%    passed     98.43%
 404  KR014002    5.07%    passed     99.50%
 405  KC774344    0.00%    passed     99.77%
 406  JF436920    0.00%    passed     97.87%
 407  FJ518810    6.44%    passed     68.04%
 408  FJ386653    0.00%    passed     99.72%
 409  JQ040164    0.84%    passed     99.17%
 410  FJ562272    0.00%    passed     97.32%
 411  FJ386618    0.03%    passed     98.93%
 412  EU916235    0.06%    passed     99.19%
 413  MN683726    0.00%    passed     99.77%
 414  MN683727    0.00%    passed     99.95%
 415  MG893556    0.00%    passed     99.88%
 416  KC774247    0.00%    passed     98.26%
 417  KC774255    0.00%    passed     99.91%
 418  KC774309    0.00%    passed     99.97%
 419  HM750138    0.00%    passed     99.26%
 420  KC774254    0.00%    passed     99.91%
 421  KC774213    0.00%    passed     99.93%
 422  KC774211    0.00%    passed     99.67%
 423  KC774189    0.00%    passed     99.91%
 424  HM750136    0.00%    passed     99.60%
 425  KC774284    0.00%    passed     99.51%
 426  FJ787474    5.29%    passed     94.88%
 427  EU939587    0.00%    passed     99.60%
 428  EU939648    0.00%    passed     99.47%
 429  KC774283    0.00%    passed     99.43%
 430  MN683728    0.00%    passed     99.86%
 431  JQ040166    0.12%    passed     97.32%
 432  FJ386575    0.00%    passed     98.72%
 433  MG893559    0.00%    passed     97.95%
 434  MG893560    0.00%    passed     99.48%
 435  KM359441    0.03%    passed     99.33%
 436  KF485390    0.28%    passed     99.07%
 437  AB971714    0.00%    passed     99.82%
 438  AB971715    0.00%    passed     99.89%
 439  HM011502    4.63%    passed     95.72%
 440  JQ027323    0.22%    passed     99.03%
 441  KJ803765    0.00%    passed     98.37%
 442  AB195939    0.00%    passed     98.61%
 443  AB195955    0.00%    passed     99.63%
 444  AB195957    0.00%    passed     99.97%
 445  AB195941    0.00%    passed     99.39%
 446  DQ089795    0.09%    passed     99.03%
 447  DQ089796    0.06%    passed     99.75%
 448  KJ410520    0.00%    passed     99.88%
 449  KJ803769    0.65%    passed     99.72%
 450  AY206382    0.06%    passed     96.03%
 451  KR013794    0.00%    passed     99.76%
 452  KR013795    0.00%    passed     99.93%
 453  KR013955    0.06%    passed     99.60%
 454  KC774229    0.00%    passed     99.49%
 455  KC774200    0.00%    passed     93.26%
 456  KC774345    0.00%    passed     99.51%
 457  KC774348    0.00%    passed     99.76%
 458  KC774355    0.00%    passed     99.44%
 459  EU939647    0.00%    passed     99.90%
 460  GQ377518    0.16%    passed     99.93%
 461  EU939571    0.00%    passed     99.70%
 462  GQ259588    0.00%    passed     99.84%
 463  GQ227693    0.47%    passed     99.72%
 464  GQ227695    0.47%    passed     99.02%
 465  GQ227696    0.47%    passed     99.67%
 466  GQ227694    0.47%    passed     99.57%
 467  GQ227692    0.47%    passed     99.72%
 468  EU939651    0.00%    passed     98.73%
 469  JQ040151    0.47%    passed     99.23%
 470  EU562215    0.00%    passed     96.17%
 471  EU562217    0.00%    passed     97.61%
 472  EU916226    5.69%    passed     80.90%
 473  JX560520    0.00%    passed     99.71%
 474  FJ899788    0.00%    passed     99.11%
 475  FJ562226    0.00%    passed     96.39%
 476  JQ040155    4.04%    passed     92.39%
 477  FJ386607    0.00%    passed     98.73%
 478  KJ410510    0.03%    passed     96.62%
 479  KM359477    1.06%    passed     97.06%
 480  DQ089797    0.09%    passed     98.06%
 481  KR013894    0.03%    passed     95.37%
 482  FJ562297    5.75%    passed     89.97%
 483  FJ386686    0.53%    passed     99.87%
 484  KR013788    0.00%    passed     99.86%
 485  KR013789    0.00%    passed     98.28%
 486  FJ386679    0.00%    passed     99.32%
 487  EU939654    0.00%    passed     99.96%
 488  GQ377557    0.03%    passed     94.90%
 489  JQ040144    0.22%    passed     99.37%
 490  MT426471    2.36%    passed     99.77%
 491  MT426488    2.36%    passed     99.65%
 492  MT426472    2.36%    passed     99.37%
 493  MT426506    2.27%    passed     99.87%
 494  MT426520    2.27%    passed     99.56%
 495  MT426570    1.80%    passed     98.99%
 496  FJ562287    0.00%    passed     99.93%
 497  FJ386650    0.47%    passed     96.50%
 498  JQ040175    1.09%    passed     99.90%
 499  EU916209    0.65%    passed     98.54%
 500  AF533983    0.00%    passed     94.99%
 501  JQ040146    0.50%    passed     98.57%
 502  FJ386593    0.56%    passed     95.83%
 503  JQ040152    0.19%    passed     99.87%
 504  GQ377618    0.00%    passed     98.66%
 505  KC774340    0.00%    passed     99.94%
 506  KX276839    0.16%    passed     99.48%
 507  HM011481    0.22%    passed     99.67%
 508  KU964015    0.00%    passed     96.72%
 509  KU964019    0.00%    passed     97.98%
 510  GQ377575    0.09%    passed     97.83%
 511  EU939555    0.16%    passed     99.53%
 512  EU939656    0.00%    passed     99.47%
 513  FJ386663    0.03%    passed     99.33%
 514  EU939659    0.00%    passed     98.37%
 515  JQ040149    0.65%    passed     98.73%
 516  KY363262    1.87%    passed     99.10%
 517  KY363263    0.00%    passed     99.27%
 518  KY363286    0.00%    passed     99.87%
 519  KY363287    0.00%    passed     99.13%
 520  EU939644    0.00%    passed     97.19%
 521  AB250109    1.56%    passed     99.93%
 522  AB900099    0.03%    passed     99.14%
 523  FJ899778    0.00%    passed     98.77%
 524  JQ040160    1.77%    passed     98.69%
 525  JQ040168    0.12%    passed     99.24%
 526  FJ899772    3.45%    passed     93.44%
 527  EU939543    0.03%    passed     94.37%
 528  LC516606    0.00%    passed     93.75%
 529  AB014375    1.43%    passed     98.90%
 530  JQ040139    0.44%    passed     97.53%
 531  FJ386612    0.28%    passed     96.83%
 532  EU939642    0.56%    passed     99.68%
 533  AB014371    0.06%    passed     97.83%
 534  AB014369    0.09%    passed     99.90%
 535  EU939586    0.00%    passed     77.69%
 536  GU385774    0.00%    passed     98.89%
 537  EU589336    0.09%    passed     99.87%
 538  AF461361    0.31%    passed     98.98%
 539  AF411409    0.06%    passed     96.94%
 540  AF411410    0.90%    passed     97.74%
 541  DQ089800    1.24%    passed     99.37%
 542  KJ410521    0.00%    passed     98.80%
 543  KU964341    0.00%    passed     99.53%
 544  AY167090    0.00%    passed     99.34%
 545  FJ899774    0.00%    passed     95.05%
 546  EU939551    0.00%    passed     99.80%
 547  KX276838    0.16%    passed     96.32%
 548  HM011500    0.09%    passed     99.58%
 549  KR013913    3.45%    passed     78.68%
 550  KR013923    2.71%    passed     92.52%
 551  KR013916    0.28%    passed     97.13%
 552  KJ598757    5.13%    passed     93.89%
 553  KJ598768    3.73%    passed     91.66%
 554  KJ598770    4.29%    passed     90.65%
 555  KC774216    0.00%    passed     97.16%
 556  JQ040158    1.03%    passed     96.47%
 557  FJ787481    1.40%    passed     98.76%
 558  EU939653    0.00%    passed     92.50%
 559  DQ089798    0.03%    passed     98.90%
 560  KR013846    0.00%    passed     99.68%
 561  KR014026    0.03%    passed     97.02%
 562  KR013963    0.81%    passed     99.69%
 563  KR013967    0.28%    passed     98.90%
 564  KC774265    0.00%    passed     92.02%
 565  FJ899766    3.95%    passed     79.00%
 566  EU939541    0.56%    passed     74.21%
 567  FJ386606    0.16%    passed     99.47%
 568  KR013943    0.84%    passed     99.33%
 569  KR013949    0.00%    passed     97.26%
 570  KR013946    5.69%    passed     89.54%
 571  FJ386687    0.03%    passed     95.49%
 572  GQ377620    0.00%    passed     98.37%
 573  JQ040129    1.84%    passed     99.83%
 574  EU939650    1.00%    passed     98.45%
 575  AY217373    0.00%    passed     99.39%
 576  EU439009    4.48%    passed     99.98%
 577  MW755445    0.00%    passed     98.25%
 578  EU939577    0.56%    passed     97.25%
 579  JQ027322    0.65%    passed     98.11%
 580  GQ372968    0.00%    passed     96.90%
 581  FJ386624    0.00%    passed     98.64%
 582  MK534586    0.00%    passed     99.77%
 583  MG893554    0.00%    passed     98.42%
 584  MG893555    0.00%    passed     99.53%
 585  JQ040142    0.00%    passed     97.69%
 586  KT284758    0.00%    passed     99.73%
 587  GQ377559    0.00%    passed     99.46%
 588  GQ377554    0.00%    passed     99.73%
 589  GQ377562    0.00%    passed     99.96%
 590  JQ040140    1.37%    passed     98.49%
 591  GQ377545    0.00%    passed     99.74%
 592  JQ040148    0.96%    passed     99.92%
 593  FJ562268    0.03%    passed     99.36%
 594  EU939552    0.56%    passed     94.70%
 595  KT284757    0.00%    passed     99.88%
 596  FJ386689    0.03%    passed     98.75%
 597  FJ386589    0.00%    passed     98.59%
 598  FJ386613    0.00%    passed     99.96%
 599  LC516607    0.00%    passed     93.08%
 600  AB642095    0.22%    passed     98.86%
 601  AB365451    0.00%    passed     96.00%
 602  KY363268    0.56%    passed     99.86%
 603  KY363269    0.59%    passed     99.71%
 604  LC516608    0.00%    passed     98.66%
 605  LC516609    0.09%    passed     94.49%
 606  LC516610    0.00%    passed     97.02%
 607  LC155816    0.00%    passed     99.62%
 608  LC155819    0.00%    passed     99.62%
 609  LC155817    0.06%    passed     99.74%
 610  LC155818    0.12%    passed     99.83%
 611  AB222714    0.00%    passed     98.70%
 612  AB222715    0.03%    passed     98.27%
 613  KP017270    0.16%    passed     99.27%
 614  AP011098    0.00%    passed     99.62%
 615  KF485389    0.12%    passed     99.96%
 616  LC155820    0.37%    passed     98.45%
 617  AB640730    0.00%    passed     99.77%
 618  AB981580    0.00%    passed     99.99%
 619  AF330110    0.06%    passed     98.73%
 620  AB014376    0.03%    passed     99.78%
 621  DQ683578    0.00%    passed     99.83%
 622  AB195942    0.00%    passed     99.31%
 623  AB195944    0.00%    passed     98.99%
 624  AB202071    0.00%    passed     99.94%
 625  JN315779    0.19%    passed     99.99%
 626  LC170475    0.00%    passed     99.77%
 627  AB368296    0.00%    passed     95.35%
 628  KR184660    0.25%    passed     99.70%
 629  KR184662    0.25%    passed     99.50%
 630  KR184661    0.25%    passed     99.81%
 631  KR184665    0.25%    passed     99.81%
 632  KR184663    0.25%    passed     99.53%
 633  KR184664    0.25%    passed     99.68%
 634  AY641561    0.00%    passed     98.26%
 635  AB471851    0.00%    passed     99.69%
 636  AB471852    0.00%    passed     98.77%
 637  AB471853    0.00%    passed     98.47%
 638  AB014394    0.12%    passed     97.54%
 639  AB697490    0.00%    passed     98.18%
 640  AB014377    0.09%    passed     99.37%
 641  AB205152    0.09%    passed     99.10%
 642  KY363280    1.31%    passed     98.45%
 643  KY363281    0.00%    passed     99.91%
 644  AB113879    0.00%    passed     97.32%
 645  AB195947    0.00%    passed     99.85%
 646  KY363264    0.00%    passed     97.99%
 647  KY363265    0.47%    passed     99.37%
 648  AB014374    0.00%    passed     99.15%
 649  AY641562    0.56%    passed     99.80%
 650  AB697500    0.00%    passed     98.70%
 651  JN400086    0.03%    passed     99.57%
 652  JN400087    0.00%    passed     97.89%
 653  JN400089    0.00%    passed     97.89%
 654  JN400088    0.00%    passed     98.27%
 655  AY641558    0.00%    passed     98.27%
 656  DQ536410    0.00%    passed     98.72%
 657  DQ536412    4.48%    passed     89.04%
 658  AB014368    1.68%    passed     99.94%
 659  KY363274    0.00%    passed     98.81%
 660  KY363275    0.00%    passed     99.73%
 661  AY641559    0.00%    passed     99.89%
 662  KY363278    0.00%    passed     97.86%
 663  KY363279    0.00%    passed     97.77%
 664  AY641560    0.00%    passed     98.77%
 665  AY040627    0.00%    passed     97.92%
 666  AB014367    0.06%    passed    100.00%
 667  AB642096    0.19%    passed     99.03%
 668  KY363252    0.00%    passed     99.82%
 669  KY363253    0.00%    passed     99.79%
 670  MH818373    0.00%    passed     94.90%
 671  AB014365    0.06%    passed     99.89%
 672  AB697494    0.47%    passed     99.49%
 673  AB195945    0.56%    passed     99.82%
 674  AB195946    1.40%    passed     99.79%
 675  KY363282    0.00%    passed     99.19%
 676  KY363283    0.00%    passed     97.99%
 677  AB014372    0.62%    passed     94.34%
 678  AB014360    0.00%    passed     99.31%
 679  KY363256    1.03%    passed     99.03%
 680  KY363257    1.03%    passed     99.04%
 681  AB014363    0.03%    passed     96.22%
 682  KY363276    0.47%    passed     98.15%
 683  KY363277    3.92%    passed     97.04%
 684  KY363284    0.00%    passed     99.77%
 685  KY363285    5.04%    passed     99.09%
 686  AB298720    0.00%    passed     99.71%
 687  AB298721    0.06%    passed     99.61%
 688  JQ027319    1.00%    passed     96.52%
 689  AB014390    1.24%    passed     99.74%
 690  AB014398    1.52%    passed     96.63%
 691  LC516605    0.00%    passed     99.83%
 692  AB014378    0.03%    passed     99.18%
 693  AY641563    0.47%    passed     98.82%
 694  KY363254    0.00%    passed     99.43%
 695  KY363255    1.24%    passed     98.88%
 696  KY363260    0.00%    passed     95.21%
 697  KY363261    3.55%    passed     94.16%
 698  AB014361    1.49%    passed     99.01%
 699  MK534592    0.00%    passed     99.10%
 700  KR014046    5.23%    passed     75.09%
 701  GQ377552    0.16%    passed     98.52%
 702  FJ562329    0.00%    passed     99.69%
 703  MG826124    0.00%    passed     99.53%
 704  AY206389    0.62%    passed     99.03%
 705  AB014388    1.84%    passed     99.59%
 706  AB014393    0.09%    passed     99.26%
 707  AB014395    3.05%    passed     98.68%
 708  KJ803762    0.00%    passed     94.35%
 709  KF214651    1.09%    passed     99.97%
 710  KF214654    1.87%    passed     98.61%
 711  KF214655    0.06%    passed     97.94%
 712  EU939641    3.92%    passed     98.75%
 713  KF214652    0.09%    passed     92.38%
 714  EU589344    3.27%    passed     97.13%
 715  AY206381    0.06%    passed     99.18%
 716  AF458665    0.06%    passed     99.52%
 717  AY206392    0.06%    passed     97.26%
 718  AF411412    0.06%    passed     99.82%
 719  OM669691    0.00%    passed     99.05%
 720  EU560439    0.00%    passed     96.73%
 721  AY206378    1.40%    passed     88.84%
 722  EU939546    0.00%    passed     98.98%
 723  EU547561    0.00%    passed     94.74%
 724  EU547562    0.09%    passed     98.78%
 725  AB900115    0.00%    passed     99.65%
 726  AB697510    0.03%    passed     98.95%
 727  KR014008    2.89%    passed     82.39%
 728  KC774269    0.00%    passed     99.13%
 729  EU939548    0.00%    passed     98.26%
 730  FJ562241    0.00%    passed     99.96%
 731  KR014052    1.18%    passed     97.13%
 732  EU570073    0.00%    passed     99.36%
 733  KU963944    1.59%    passed    100.00%
 734  JQ040156    4.14%    passed     99.87%
 735  FJ787490    0.84%    passed     82.92%
 736  AB642097    0.44%    passed     99.91%
 737  KX276834    0.22%    passed     99.32%
 738  KX276837    1.99%    passed     98.91%
 739  HM011479    1.84%    passed     99.59%
 740  KY363266    1.87%    passed     99.35%
 741  KY363267    1.87%    passed     99.95%
 742  EU939657    0.00%    passed     95.81%
 743  AB195930    0.00%    passed     98.98%
 744  AB113878    0.00%    passed     96.20%
 745  AB195932    0.00%    passed     97.50%
 746  AB113877    1.12%    passed     96.39%
 747  FJ899767    0.00%    passed     90.27%
 748  DQ089794    2.15%    passed     96.11%
 749  DQ993688    0.06%    passed     98.77%
 750  OM669690    0.00%    passed     99.73%
 751  AB540585    0.09%    passed     99.78%
 752  AB697502    0.31%    passed     98.13%
 753  FJ787483    0.93%    passed     99.55%
 754  FJ386628    0.00%    passed     92.49%
 755  FJ386651    0.03%    passed     94.33%
 756  KY363258    0.00%    passed     93.97%
 757  KY363259    3.45%    passed     97.19%
 758  KX276831    2.08%    passed     99.85%
 759  AB014386    6.28%    passed     96.40%
 760  KY470843    0.00%    passed     94.43%
 761  KY470846    0.00%    passed     94.43%
 762  KY470847    0.00%    passed     94.43%
 763  KY470849    0.00%    passed     94.43%
 764  KY470850    0.00%    passed     94.43%
 765  KY470855    0.00%    passed     94.43%
 766  KY470854    0.00%    passed     95.48%
 767  KY470844    0.00%    passed     92.50%
 768  KY470845    4.95%    passed     97.84%
 769  KY470848    4.95%    passed     97.84%
 770  KY470851    4.95%    passed     97.84%
 771  KY470852    4.95%    passed     97.84%
 772  KY470853    0.00%    passed     96.46%
 773  EU678471    0.00%    passed     97.85%
 774  KY363272    1.49%    passed     99.81%
 775  KY363273    1.49%    passed     99.72%
 776  AB014387    1.59%    passed     97.74%
 777  AB014373    1.71%    passed     96.60%
 778  KX276832    0.37%    passed     94.31%
 779  JF436919    0.00%    passed     99.17%
 780  KR013907    1.12%    passed     89.06%
 781  KY363270    3.02%    passed     92.59%
 782  KY363271    3.02%    passed     89.01%
 783  DQ993690    0.00%    passed     70.91%
 784  MW675885    0.06%    passed     97.78%
 785  MW675887    0.09%    passed     97.19%
 786  AB554019    0.03%    passed     98.18%
 787  AB554020    0.03%    passed     97.99%
 788  MW675896    0.03%    passed     93.31%
 789  AB554018    0.00%    passed     93.82%
 790  GQ358157    0.00%    passed     96.52%
 791  AB560662    0.00%    passed     95.83%
 792  AB554025    0.09%    passed     88.81%
 793  AB560661    0.00%    passed     97.35%
 794  KU695741    0.00%    passed     98.66%
 795  KU695743    0.00%    passed     99.62%
 796  KU695744    0.00%    passed     97.91%
 797  KU695746    0.00%    passed     96.53%
 798  KU695742    0.00%    passed     94.75%
 799  KU695745    0.06%    passed     85.25%
 800  KM999993    0.00%    passed     86.00%
 801  AB554015    0.00%    passed     82.82%
 802  GQ358156    0.00%    passed     88.96%
 803  GQ358155    0.00%    passed     95.18%
 804  AB554014    0.00%    passed     86.14%
 805  AB554021    0.28%    passed     87.86%
 806  AB554022    0.22%    passed     89.90%
 807  AP011103    0.00%    passed     98.47%
 808  AB105172    0.00%    passed    100.00%
 809  AP011102    0.00%    passed     97.35%
 810  AB644287    0.00%    passed     98.93%
 811  AB644286    0.00%    passed     97.67%
 812  AP011108    0.00%    passed     98.27%
 813  EU670263    0.00%    passed     96.00%
 814  LC416040    0.00%    passed     98.04%
 815  AP011104    0.00%    passed     92.97%
 816  AP011105    0.00%    passed     93.40%
 817  AP011107    0.00%    passed     89.60%
 818  AP011106    0.00%    passed     93.48%
 819  MG826128    0.00%    passed     97.67%
 820  MG826131    0.00%    passed     98.17%
 821  MG826133    0.00%    passed     95.24%
 822  MG826135    0.00%    passed     93.60%
 823  MG826134    0.00%    passed     98.08%
 824  MG826129    0.00%    passed     94.27%
 825  MG826130    0.65%    passed     98.44%
 826  KP148352    0.00%    passed     98.95%
 827  MG826136    0.00%    passed     99.11%
 828  KT003704    0.00%    passed     88.55%
 829  EU306672    3.36%    passed     90.72%
 830  MG826132    0.00%    passed     93.95%
 831  KX276855    1.28%    passed     97.60%
 832  MG826137    0.00%    passed     99.80%
 833  MG826138    0.00%    passed     93.98%
 834  MG826139    0.00%    passed     76.49%
 835  MG826141    0.00%    passed     93.94%
 836  MG826142    0.00%    passed     99.51%
 837  MG826143    0.00%    passed     98.58%
 838  MG826140    0.00%    passed     99.06%
 839  OM669692    0.00%    passed     99.80%
 840  KJ803809    0.00%    passed     91.20%
 841  AB365452    0.03%    passed     97.83%
 842  AY206388    4.26%    passed     82.30%
 843  KT343273    0.12%    passed     99.87%
 844  KJ410503    5.04%    passed     98.67%
 845  AB115417    0.00%    passed     78.51%
 846  MZ934425    0.00%    passed     95.94%
 847  OM669629    0.00%    passed     98.00%
 848  OM669631    0.00%    passed     99.02%
 849  AF223958    0.00%    passed     97.65%
 850  OM669637    0.00%    passed     99.42%
 851  OM669641    0.00%    passed     98.45%
 852  OM669645    0.00%    passed     97.63%
 853  AF223961    0.12%    passed     98.35%
 854  KJ410501    0.00%    passed     99.16%
 855  KJ410513    0.00%    passed     99.27%
 856  DQ089769    0.03%    passed     99.81%
 857  DQ089770    0.16%    passed     98.28%
 858  AP011097    0.00%    passed     99.36%
 859  MK534650    0.00%    passed     98.58%
 860  MK534656    0.00%    passed     98.58%
 861  OM669633    0.00%    passed     98.93%
 862  MF674398    0.00%    passed     99.73%
 863  MF674399    0.65%    passed     97.81%
 864  MF674463    0.06%    passed     99.49%
 865  MF674486    0.00%    passed     98.16%
 866  MF674494    0.00%    passed     98.99%
 867  MF674435    0.00%    passed     99.75%
 868  EU305540    0.00%    passed     97.34%
 869  EU305542    0.00%    passed     99.10%
 870  EU305541    0.00%    passed     99.61%
 871  KJ410504    0.00%    passed     94.65%
 872  DQ089765    0.00%    passed     99.24%
 873  OM669683    0.00%    passed     96.89%
 874  KX276851    0.06%    passed     99.98%
 875  DQ089764    0.00%    passed     97.44%
 876  AF223960    0.06%    passed     98.74%
 877  OM669642    0.00%    passed     99.57%
 878  OM669684    0.00%    passed     96.92%
 879  DQ089760    0.03%    passed     99.25%
 880  MK534628    0.00%    passed     97.11%
 881  AF223957    0.00%    passed     98.82%
 882  OM669644    0.00%    passed     99.01%
 883  DQ089763    0.00%    passed     99.32%
 884  OM669685    0.00%    passed     99.74%
 885  DQ089759    0.09%    passed     98.83%
 886  JX507214    0.00%    passed     97.05%
 887  OM669682    0.00%    passed     99.65%
 888  GQ377536    0.00%    passed     99.45%
 889  MF674471    0.00%    passed     99.23%
 890  MF674489    0.00%    passed     99.18%
 891  DQ089762    0.25%    passed     99.16%
 892  MF674386    0.00%    passed     99.55%
 893  OM669630    0.00%    passed     99.15%
 894  EF494379    0.00%    passed     97.22%
 895  DQ089774    0.19%    passed     99.64%
 896  JQ801495    0.00%    passed     98.88%
 897  OM669640    0.00%    passed     98.08%
 898  OM669635    0.00%    passed     97.57%
 899  DQ089767    0.16%    passed     99.63%
 900  MF674429    0.00%    passed     99.97%
 901  MF674457    0.00%    passed     98.09%
 902  MF674514    0.00%    passed     98.63%
 903  DQ089773    0.06%    passed     95.65%
 904  OM669628    0.00%    passed     94.19%
 905  KJ410518    0.00%    passed     99.94%
 906  DQ089766    0.06%    passed     99.60%
 907  HM011488    1.46%    passed     99.07%
 908  DQ089757    0.65%    passed     99.96%
 909  KJ410489    0.00%    passed     96.94%
 910  KJ410495    0.00%    passed     99.83%
 911  KJ410491    0.00%    passed     98.15%
 912  KJ410499    0.00%    passed     96.02%
 913  KJ410494    0.00%    passed     99.05%
 914  KJ410492    0.00%    passed     97.03%
 915  AJ748098    0.56%    passed     99.03%
 916  DQ089761    0.06%    passed     99.83%
 917  KC774227    0.00%    passed     79.66%
 918  KJ803826    0.00%    passed     99.56%
 919  MK534557    0.00%    passed     99.98%
 920  DQ089771    0.00%    passed     99.83%
 921  DQ089772    0.00%    passed     98.64%
 922  DQ089756    1.06%    passed     99.67%
 923  AY167092    1.12%    passed     98.56%
 924  JX870000    0.25%    passed     98.20%
 925  KX276852    0.59%    passed     99.11%
 926  AY217375    0.28%    passed     99.70%
 927  KJ410493    0.00%    passed     99.80%
 928  DQ089758    0.12%    passed     99.73%
 929  AY217371    1.31%    passed     95.96%
 930  AY217376    0.31%    passed     95.06%
 931  HM011501    0.12%    passed     96.82%
 932  KJ410496    0.00%    passed     97.96%
 933  KJ410498    0.00%    passed     96.86%
 934  JX507212    0.16%    passed     98.54%
 935  DQ089768    0.19%    passed     97.58%
 936  FJ904423    1.12%    passed     98.25%
 937  MK534674    0.00%    passed     99.93%
 938  GQ377605    0.09%    passed     99.49%
 939  GQ377631    0.22%    passed     99.99%
 940  KJ410505    0.28%    passed     99.31%
 941  OM669639    0.00%    passed     99.10%
 942  KJ410514    0.00%    passed     98.22%
 943  OM669646    0.00%    passed     92.04%
 944  DQ089792    0.47%    passed     97.37%
 945  OM669649    0.00%    passed     99.22%
 946  MK534671    0.00%    passed     99.15%
 947  MZ439335    0.00%    passed     99.58%
 948  MZ439359    0.00%    passed     99.64%
 949  MZ439338    0.00%    passed     98.92%
 950  MZ439343    0.00%    passed     99.33%
 951  MZ439344    0.00%    passed     97.74%
 952  MZ439358    0.00%    passed     99.37%
 953  MZ439341    0.00%    passed     99.58%
 954  MZ439339    0.00%    passed     99.50%
 955  MZ439360    0.00%    passed     99.07%
 956  MZ439357    0.00%    passed     99.37%
 957  MZ439375    0.00%    passed     98.92%
 958  MZ439336    0.00%    passed     99.31%
 959  MZ439368    0.00%    passed     99.53%
 960  MZ439386    0.00%    passed     99.31%
 961  MZ439348    0.37%    passed     98.36%
 962  MZ439362    0.00%    passed     96.50%
 963  MZ439347    0.00%    passed     99.28%
 964  MZ439356    0.00%    passed     99.87%
 965  MZ439387    0.00%    passed     98.59%
 966  MZ439382    0.00%    passed     97.73%
 967  MZ439394    0.19%    passed     99.25%
 968  MZ439396    0.19%    passed     97.24%
 969  MZ439401    0.19%    passed     98.16%
 970  MZ439399    0.19%    passed     96.23%
 971  MZ439403    0.19%    passed     95.65%
 972  MZ439400    0.19%    passed     97.40%
 973  MZ439397    0.19%    passed     99.48%
 974  MZ439409    0.00%    passed     98.46%
 975  MZ439414    0.00%    passed     97.61%
 976  MZ439413    0.00%    passed     99.56%
 977  MZ439423    0.00%    passed     99.65%
 978  MZ439435    0.00%    passed     99.49%
 979  MZ439415    0.00%    passed     99.05%
 980  MZ439416    0.00%    passed     99.03%
 981  MZ439429    0.00%    passed     99.03%
 982  MZ439431    0.00%    passed     99.73%
 983  MZ439445    0.00%    passed     99.39%
 984  MZ439453    0.00%    passed     99.47%
 985  MZ439464    0.00%    passed     98.55%
 986  MZ439477    0.00%    passed     99.28%
 987  MZ439468    0.00%    passed     98.46%
 988  MZ439514    0.00%    passed     98.31%
 989  MZ439511    0.00%    passed     97.91%
 990  MZ439470    0.00%    passed     98.46%
 991  MZ439487    0.00%    passed     99.30%
 992  MZ439491    0.00%    passed     98.70%
 993  MZ439471    0.00%    passed     99.51%
 994  MZ439494    0.00%    passed     96.02%
 995  MZ439502    0.00%    passed     97.21%
 996  MZ439474    0.00%    passed     97.52%
 997  MZ439485    0.00%    passed     98.59%
 998  MZ439417    0.00%    passed     99.56%
 999  MZ439437    0.00%    passed     99.83%
1000  MZ439504    0.00%    passed     99.56%
1001  MZ439506    0.00%    passed     99.73%
1002  MZ439458    0.00%    passed     99.98%
1003  MZ439473    0.00%    passed     99.68%
1004  MZ439495    0.00%    passed     99.98%
1005  MZ439509    0.00%    passed     99.97%
1006  MZ439513    0.00%    passed     99.99%
1007  MZ439472    0.00%    passed     99.58%
1008  MZ439492    0.00%    passed     99.94%
1009  MZ439500    0.00%    passed     99.77%
1010  MZ439476    0.00%    passed     99.51%
1011  MZ439480    0.00%    passed     99.77%
1012  MZ439507    0.00%    passed     99.24%
1013  MZ439510    0.00%    passed     99.75%
1014  MZ439497    0.00%    passed     99.87%
1015  MZ439486    0.00%    passed     99.96%
1016  MF674502    0.00%    passed     98.59%
1017  LC456130    0.00%    passed     99.12%
1018  MF674474    0.00%    passed     99.90%
1019  JQ040133    0.09%    passed     99.58%
1020  MZ439556    0.00%    passed     99.44%
1021  MZ439572    0.47%    passed     97.81%
1022  MZ439565    0.00%    passed     98.22%
1023  MZ439564    0.00%    passed     98.27%
1024  MZ439562    0.47%    passed     97.21%
1025  MZ439557    0.00%    passed     99.52%
1026  MZ439558    0.00%    passed     99.15%
1027  MZ439567    0.00%    passed     98.98%
1028  MZ439566    0.00%    passed     99.49%
1029  MZ439563    0.00%    passed     98.50%
1030  MZ439581    0.00%    passed     99.02%
1031  MZ439599    0.00%    passed     99.09%
1032  MZ439594    0.00%    passed     99.46%
1033  MZ439590    0.56%    passed     98.66%
1034  MZ439585    0.00%    passed     99.62%
1035  MZ439595    0.00%    passed     99.32%
1036  MZ439600    0.00%    passed     99.09%
1037  MZ439582    0.00%    passed     99.65%
1038  MZ439589    0.00%    passed     99.40%
1039  MZ439597    0.00%    passed     99.75%
1040  MZ439587    0.00%    passed     99.88%
1041  MZ439583    0.00%    passed     99.29%
1042  MF674388    0.00%    passed     97.64%
1043  MF674501    0.00%    passed     98.91%
1044  MF674402    0.00%    passed     98.48%
1045  MF674412    0.00%    passed     99.27%
1046  MF674472    0.00%    passed     98.18%
1047  MF674454    0.03%    passed     97.59%
1048  MF674468    0.00%    passed     96.53%
1049  KP017267    0.06%    passed     99.39%
1050  JQ688403    0.00%    passed     99.17%
1051  AF223954    0.00%    passed     99.25%
1052  MF674403    0.00%    passed     98.21%
1053  MF674442    0.00%    passed     99.32%
1054  DQ089781    0.00%    passed     98.56%
1055  DQ089782    0.00%    passed     96.17%
1056  DQ089779    0.06%    passed     98.66%
1057  DQ089784    0.06%    passed     99.54%
1058  AF223955    0.00%    passed     97.52%
1059  AF223956    0.56%    passed     97.49%
1060  AF223959    0.56%    passed     97.33%
1061  DQ246215    0.00%    passed     97.79%
1062  AB105173    0.00%    passed     97.91%
1063  DQ089783    0.00%    passed     97.16%
1064  KJ803793    0.00%    passed     99.64%
1065  LC535915    0.00%    passed     98.17%
1066  LC456119    0.00%    passed     96.52%
1067  MF674417    0.00%    passed     97.29%
1068  MF674408    0.03%    passed     93.17%
1069  MF674484    0.00%    passed     95.29%
1070  MF674418    0.00%    passed     96.29%
1071  MF674467    0.00%    passed     97.85%
1072  MT426258    1.80%    passed     98.97%
1073  MT426299    1.80%    passed     99.66%
1074  MT426306    1.80%    passed     99.04%
1075  MT426291    1.80%    passed     98.91%
1076  MT426287    1.80%    passed     99.68%
1077  MT426348    1.80%    passed     94.68%
1078  MT426365    1.80%    passed     94.44%
1079  MT426432    1.80%    passed     94.81%
1080  MT426433    1.80%    passed     94.81%
1081  MT426444    1.80%    passed     94.68%
1082  MT426439    1.80%    passed     93.64%
1083  MT426387    1.80%    passed     94.79%
1084  MT426405    1.80%    passed     93.74%
1085  MT426409    1.80%    passed     95.73%
1086  MT426421    1.80%    passed     94.80%
1087  MT426349    1.80%    passed     93.78%
1088  MT426369    1.80%    passed     94.68%
1089  MF674504    0.00%    passed     94.25%
1090  KP017266    0.00%    passed     97.07%
1091  KC875271    0.00%    passed     98.41%
1092  KC875267    0.00%    passed     95.69%
1093  KC875265    0.00%    passed     96.65%
1094  KC875274    0.00%    passed     98.19%
1095  KC875270    0.00%    passed     97.91%
1096  KC875272    0.00%    passed     95.71%
1097  KC875269    0.00%    passed     98.92%
1098  KC875268    0.00%    passed     97.77%
1099  KC875273    0.00%    passed     96.10%
1100  KC875266    0.68%    passed     87.78%
1101  KC875264    0.00%    passed     97.67%
1102  MF674444    0.00%    passed     95.32%
1103  KJ410519    0.00%    passed     99.86%
1104  HM011497    0.00%    passed     98.21%
1105  LC535912    0.00%    passed     98.67%
1106  MF674411    2.24%    passed     96.74%
1107  AY167099    0.03%    passed     99.03%
1108  KJ410506    0.00%    passed     99.49%
1109  MZ439640    0.47%    passed     98.16%
1110  MZ439641    0.47%    passed     98.65%
1111  MZ439644    0.47%    passed     98.84%
1112  MZ439645    0.47%    passed     97.98%
1113  MZ439648    0.47%    passed     96.87%
1114  MZ439651    0.47%    passed     96.17%
1115  MZ439647    0.00%    passed     97.27%
1116  MZ439695    0.47%    passed     94.63%
1117  MZ439697    0.47%    passed     97.03%
1118  MZ439698    0.47%    passed     96.42%
1119  MZ439701    0.47%    passed     95.91%
1120  MZ439709    0.47%    passed     97.17%
1121  MZ439704    0.47%    passed     94.81%
1122  MZ439714    0.47%    passed     95.87%
1123  MZ439703    0.47%    passed     92.51%
1124  MZ439721    0.47%    passed     96.84%
1125  MZ439725    0.47%    passed     97.86%
1126  MZ439728    0.47%    passed     94.72%
1127  MZ439723    0.47%    passed     98.16%
1128  MZ439733    0.47%    passed     93.67%
1129  MZ439736    0.47%    passed     94.71%
1130  MZ439737    0.47%    passed     93.84%
1131  MZ439715    0.47%    passed     94.24%
1132  MZ439731    0.50%    passed     96.69%
1133  MZ439649    0.47%    passed     98.62%
1134  MZ439665    0.47%    passed     98.51%
1135  MZ439661    0.47%    passed     96.80%
1136  MZ439663    0.47%    passed     98.08%
1137  MZ439650    0.47%    passed     98.73%
1138  MZ439646    0.44%    passed     98.54%
1139  MZ439681    0.00%    passed     96.29%
1140  MZ439658    0.47%    passed     96.85%
1141  MZ439664    0.00%    passed     97.87%
1142  MZ439717    0.00%    passed     95.02%
1143  DQ089780    0.19%    passed     95.88%
1144  HM011486    0.93%    passed     99.84%
1145  DQ089789    0.06%    passed     99.72%
1146  KR013823    0.00%    passed     98.03%
1147  KR013994    0.03%    passed     98.67%
1148  KR013826    0.00%    passed     99.36%
1149  OM669688    0.00%    passed     91.59%
1150  LC535913    0.03%    passed     99.77%
1151  LC535923    0.00%    passed     99.46%
1152  LC456131    0.03%    passed     99.68%
1153  LC456124    0.00%    passed     99.86%
1154  LC535916    0.00%    passed     99.53%
1155  LC535917    1.40%    passed     99.84%
1156  LC535918    0.03%    passed     98.32%
1157  LC535919    0.03%    passed     98.92%
1158  FJ349225    0.00%    passed     98.97%
1159  LC456111    0.00%    passed     96.75%
1160  KX276854    0.28%    passed     99.18%
1161  GQ358154    0.00%    passed     99.79%
1162  LC535931    0.00%    passed     99.51%
1163  LC535949    0.03%    passed     99.37%
1164  LC535950    0.00%    passed     98.63%
1165  LC535947    0.00%    passed     97.16%
1166  LC535948    0.00%    passed     97.16%
1167  LC456135    0.06%    passed     99.19%
1168  LC456128    0.03%    passed     95.24%
1169  LC456114    0.00%    passed     99.41%
1170  LC456126    0.09%    passed     99.63%
1171  LC456129    0.00%    passed     96.50%
1172  LC456132    0.00%    passed     99.21%
1173  LC456121    0.00%    passed     99.88%
1174  LC456115    0.00%    passed     99.18%
1175  LC456116    0.00%    passed     99.72%
1176  GQ924636    0.00%    passed     97.17%
1177  OM669697    0.47%    passed     98.98%
1178  GQ924655    0.00%    passed     99.41%
1179  KR013836    0.00%    passed     99.97%
1180  KR013840    0.00%    passed     99.92%
1181  JQ801490    0.00%    passed     99.39%
1182  KR013926    0.84%    passed     99.27%
1183  KR013935    0.65%    passed     99.57%
1184  KX276840    0.47%    passed     95.42%
1185  DQ089776    0.19%    passed     99.98%
1186  DQ089777    0.06%    passed     99.96%
1187  DQ089778    0.12%    passed     98.80%
1188  DQ089786    0.22%    passed     97.96%
1189  OM669648    0.00%    passed     90.54%
1190  DQ089775    0.09%    passed     96.35%
1191  MZ439274    0.00%    passed     99.16%
1192  MZ439276    0.00%    passed     98.76%
1193  MZ439287    0.00%    passed     98.91%
1194  MZ439283    0.00%    passed     97.69%
1195  MZ439291    0.00%    passed     98.74%
1196  MZ439292    0.00%    passed     98.05%
1197  MZ439295    0.00%    passed     98.58%
1198  MZ439297    0.00%    passed     98.82%
1199  MZ439299    0.00%    passed     98.01%
1200  MZ439306    0.00%    passed     98.26%
1201  MZ439300    0.00%    passed     98.15%
1202  MZ439301    0.00%    passed     98.48%
1203  MZ439303    0.00%    passed     98.38%
1204  MZ439294    0.00%    passed     99.18%
1205  MZ439304    0.00%    passed     98.74%
1206  MZ439302    0.00%    passed     98.50%
1207  LC535928    0.75%    passed     92.82%
1208  DQ089791    0.19%    passed     99.95%
1209  DQ089788    0.03%    passed     98.22%
1210  MF674425    0.00%    passed     92.76%
1211  MF674458    0.00%    passed     92.76%
1212  MF674430    0.00%    passed     96.89%
1213  AB112065    0.00%    passed     98.06%
1214  DQ089787    0.03%    passed     97.69%
1215  KJ803774    0.00%    passed     96.91%
1216  KJ803810    0.00%    passed     97.07%
1217  MF674428    0.00%    passed     99.08%
1218  MF674390    0.00%    passed     98.17%
1219  DQ089790    0.28%    passed     95.91%
1220  KX276853    0.81%    passed     98.24%
1221  KJ803766    0.00%    passed     99.76%
1222  AY217372    4.48%    passed     99.12%
1223  OM669650    0.00%    passed     99.28%
1224  LC064379    0.28%    passed     99.12%
1225  JX507211    0.19%    passed     91.97%
1226  KP995102    0.00%    passed     98.38%
1227  LC456113    0.00%    passed     95.12%
1228  LC456134    1.12%    passed     99.14%
1229  GQ924643    0.00%    passed     99.98%
1230  KJ410511    0.00%    passed     99.44%
1231  EU547560    0.81%    passed     98.19%
1232  OM669636    0.00%    passed     97.62%
1233  KJ803770    0.00%    passed     99.64%
1234  KX276845    1.28%    passed     95.95%
1235  MF674475    0.00%    passed     97.91%
1236  EU547558    0.28%    passed     99.28%
1237  KX276842    1.28%    passed     96.99%
1238  AB112063    0.00%    passed     99.35%
1239  OM669686    0.00%    passed     99.28%
1240  MK534622    0.00%    passed    100.00%
1241  MK534652    0.00%    passed     99.97%
1242  MK534644    0.00%    passed     99.86%
1243  EU306686    0.00%    passed     99.88%
1244  EU306687    0.00%    passed     99.96%
1245  EU306691    0.00%    passed     99.92%
1246  MK534597    0.00%    passed     99.24%
1247  KY470906    0.00%    passed     97.52%
1248  KY470907    0.00%    passed     98.05%
1249  KY470920    0.00%    passed     98.54%
1250  KY470917    0.00%    passed     99.26%
1251  KY470910    0.00%    passed     99.58%
1252  KY470918    0.00%    passed     97.52%
1253  KY470913    0.00%    passed     98.94%
1254  KY470915    0.00%    passed     98.08%
1255  KY470919    0.03%    passed     99.31%
1256  KY470912    0.00%    passed     99.30%
1257  KY470914    0.00%    passed     98.47%
1258  KY470916    0.00%    passed     98.39%
1259  MK534604    0.00%    passed     98.66%
1260  MK534605    0.00%    passed     99.44%
1261  JQ801481    0.00%    passed     98.91%
1262  JQ801505    0.00%    passed     99.09%
1263  MK534619    0.00%    passed     96.20%
1264  MK534645    0.00%    passed     96.56%
1265  KP148462    0.00%    passed     98.55%
1266  KP148466    0.00%    passed     97.91%
1267  KP148551    0.00%    passed     97.91%
1268  KP148520    0.00%    passed     98.44%
1269  KP148538    0.00%    passed     98.66%
1270  KP148570    0.00%    passed     97.26%
1271  KP148546    0.00%    passed     97.25%
1272  KP148548    0.00%    passed     97.86%
1273  KP148547    0.00%    passed     98.49%
1274  KP148464    0.00%    passed     97.91%
1275  KP148561    0.00%    passed     99.61%
1276  KP148474    0.00%    passed     96.32%
1277  KP148479    0.00%    passed     96.62%
1278  KP148476    0.00%    passed     96.62%
1279  KP148556    0.59%    passed     97.84%
1280  KP148565    0.31%    passed     97.39%
1281  KP148550    0.00%    passed     97.92%
1282  KP148526    0.00%    passed     99.28%
1283  KP148534    0.03%    passed     95.67%
1284  KP148465    0.28%    passed     97.38%
1285  KP148522    0.59%    passed     98.13%
1286  KP148483    0.28%    passed     97.64%
1287  KP148544    0.03%    passed     96.52%
1288  KP148576    0.00%    passed     97.51%
1289  KP148478    1.59%    passed     99.04%
1290  KJ803759    0.00%    passed     98.91%
1291  KJ803761    0.00%    passed     99.98%
1292  GQ924618    0.00%    passed     97.61%
1293  GQ924615    0.03%    passed     98.09%
1294  LC535927    0.00%    passed     99.17%
1295  KJ803811    0.00%    passed     97.54%
1296  KJ803813    0.00%    passed     96.34%
1297  KJ803814    0.00%    passed     92.26%
1298  KJ803815    0.00%    passed     94.72%
1299  GQ924604    0.06%    passed     98.33%
1300  GQ924623    1.49%    passed     98.34%
1301  JQ801501    0.00%    passed     93.82%
1302  JQ801504    0.00%    passed     98.07%
1303  JQ801522    0.00%    passed     96.03%
1304  MK534595    0.00%    passed     99.65%
1305  JQ801483    0.65%    passed     99.94%
1306  OM669687    0.00%    passed     98.83%
1307  MK534631    0.00%    passed     99.56%
1308  MT111596    0.00%    passed     99.24%
1309  LC535914    0.00%    passed     99.12%
1310  LC456117    0.00%    passed     99.94%
1311  LC456125    0.00%    passed     99.94%
1312  KM999990    0.00%    passed     98.46%
1313  GU563561    0.00%    passed     99.91%
1314  JQ801470    0.00%    passed     98.83%
1315  AB247916    0.00%    passed     97.77%
1316  GQ924649    0.00%    passed     98.28%
1317  JN827417    0.00%    passed     96.52%
1318  JN827416    0.00%    passed     99.54%
1319  KJ803799    0.00%    passed     98.44%
1320  LC535934    0.00%    passed     93.28%
1321  MK534643    0.00%    passed     98.64%
1322  MK534649    0.00%    passed     98.40%
1323  KC774236    0.00%    passed     97.52%
1324  MK628732    0.00%    passed     97.49%
1325  MF925375    0.00%    passed     97.33%
1326  KT987426    0.00%    passed     97.92%
1327  KU051426    0.00%    passed     99.41%
1328  KU051427    0.00%    passed     99.25%
1329  KT307718    0.00%    passed     98.17%
1330  KT307719    0.00%    passed     99.31%
1331  KT364718    0.00%    passed     97.13%
1332  KT364721    0.00%    passed     99.80%
1333  KT987424    0.00%    passed     93.03%
1334  JQ801496    0.00%    passed     99.20%
1335  KT987425    0.00%    passed     96.01%
1336  JQ801511    0.00%    passed     99.65%
1337  JQ801513    0.00%    passed     98.64%
1338  JQ801519    0.00%    passed     97.25%
1339  JN827420    0.00%    passed     94.75%
1340  MF925408    0.00%    passed     99.67%
1341  JQ801486    0.00%    passed     97.26%
1342  GQ924612    0.00%    passed     98.22%
1343  GQ924613    0.00%    passed     98.11%
1344  GQ924614    0.28%    passed     98.28%
1345  MF925410    0.00%    passed     94.46%
1346  KU051425    0.00%    passed     95.41%
1347  MK534647    0.00%    passed     99.33%
1348  MF925377    0.00%    passed     99.81%
1349  KJ803800    0.00%    passed     99.50%
1350  KT364719    0.00%    passed     97.20%
1351  KT364720    0.00%    passed     96.79%
1352  LC519796    0.00%    passed     96.93%
1353  JN827422    0.00%    passed     98.24%
1354  LC519818    0.00%    passed     97.68%
1355  MF925365    0.00%    passed     95.94%
1356  MF925359    0.00%    passed     99.79%
1357  MF925374    0.00%    passed     99.33%
1358  MF925387    0.00%    passed     99.94%
1359  MF925398    0.00%    passed     99.03%
1360  JQ801502    0.00%    passed     99.81%
1361  KT366463    0.00%    passed     98.64%
1362  MK534624    0.00%    passed     97.06%
1363  MK534666    0.00%    passed     95.40%
1364  JQ801475    0.00%    passed     98.81%
1365  MK534667    0.00%    passed     98.46%
1366  JN827421    0.00%    passed     99.60%
1367  JN827424    0.00%    passed     98.67%
1368  JN827425    0.00%    passed     98.22%
1369  JN827418    0.00%    passed     97.63%
1370  JQ801497    0.00%    passed     97.52%
1371  JN827423    0.00%    passed     98.62%
1372  KY470935    1.06%    passed     98.85%
1373  KY470939    1.06%    passed     98.85%
1374  KY470940    1.06%    passed     98.67%
1375  KY470949    1.56%    passed     98.18%
1376  KY470936    0.00%    passed     99.33%
1377  KY470946    0.59%    passed     99.53%
1378  KY470950    0.59%    passed     99.53%
1379  KY470942    0.59%    passed     99.57%
1380  KY470944    0.59%    passed     99.33%
1381  KY470947    0.59%    passed     99.95%
1382  KY470952    0.59%    passed     99.95%
1383  KY470937    0.47%    passed     98.84%
1384  GQ924609    0.06%    passed     96.84%
1385  GQ924616    0.00%    passed     90.44%
1386  KU051423    0.00%    passed     98.06%
1387  KF214668    0.00%    passed     92.23%
1388  KT987423    0.00%    passed     95.73%
1389  LC519807    0.00%    passed     97.54%
1390  MF925406    0.00%    passed     97.72%
1391  LC535926    0.00%    passed     98.37%
1392  LC535937    0.00%    passed     99.05%
1393  LC535933    0.00%    passed     99.15%
1394  JQ801503    0.00%    passed     98.47%
1395  MF925394    0.00%    passed     98.06%
1396  LC535925    0.56%    passed     99.71%
1397  LC535935    0.00%    passed     92.35%
1398  LC535946    0.00%    passed     97.51%
1399  JQ801493    0.00%    passed     98.90%
1400  JQ801520    0.00%    passed     96.92%
1401  JQ801521    3.27%    passed     98.70%
1402  MK534642    0.00%    passed     90.17%
1403  LC519812    0.00%    passed     97.05%
1404  KF214674    0.00%    passed     92.49%
1405  LC519799    0.00%    passed     99.81%
1406  MF925367    0.00%    passed     99.55%
1407  DQ315781    0.09%    passed     96.94%
1408  DQ315783    0.09%    passed     96.75%
1409  DQ315782    0.37%    passed     98.06%
1410  LC456122    0.00%    passed     97.74%
1411  MH220971    0.00%    passed     95.85%
1412  MF925409    0.00%    passed     91.29%
1413  KU051424    0.00%    passed     99.42%
1414  LC519797    0.72%    passed     99.46%
1415  LC519803    0.28%    passed     99.33%
1416  LC519804    1.74%    passed     98.86%
1417  LC535930    0.00%    passed     91.66%
1418  LC535936    1.31%    passed     96.51%
1419  MF925395    0.00%    passed     97.51%
1420  MF925376    0.03%    passed     99.31%
1421  KF214672    1.68%    passed     87.88%
1422  KT366464    0.19%    passed     87.44%
1423  LC535922    1.80%    passed     93.51%
1424  MF925378    0.00%    passed     95.24%
1425  LC456118    0.00%    passed     98.51%
1426  MF925369    0.47%    passed     93.36%
1427  MF925405    0.00%    passed     98.97%
1428  LC519792    0.00%    passed     93.16%
1429  KF214676    0.00%    passed     99.32%
1430  JQ801489    2.71%    passed     98.97%
1431  JQ801518    0.00%    passed     94.14%
1432  DQ089803    0.00%    passed     97.29%
1433  LC535921    0.56%    passed     98.57%
1434  GQ924629    0.12%    passed     96.31%
1435  MF925370    0.00%    passed     95.35%
1436  MF925381    0.00%    passed     94.64%
1437  GQ924650    0.00%    passed     96.45%
1438  MK534657    0.00%    passed     95.85%
1439  KX276847    0.40%    passed     98.37%
1440  KJ803767    0.00%    passed     89.97%
1441  JQ429078    0.00%    passed     97.54%
1442  LC519790    0.59%    passed     86.55%
1443  KT347089    0.00%    passed     97.54%
1444  GQ184326    0.09%    passed     98.68%
1445  DQ361534    0.65%    passed     96.50%
1446  JQ801515    0.00%    passed     88.70%
1447  KF214667    0.00%    passed     95.55%
1448  LC519813    0.56%    passed     97.97%
1449  KF214675    0.56%    passed     89.16%
1450  LC519805    0.09%    passed     88.94%
1451  KJ803780    0.00%    passed     96.91%
1452  JQ801509    1.21%    passed     99.99%
1453  JQ801472    0.00%    passed     97.86%
1454  JQ801473    0.00%    passed     99.28%
1455  JQ801523    0.00%    passed     98.96%
1456  LC519822    1.77%    passed     96.48%
1457  JQ801510    1.31%    passed     93.09%
1458  JQ801499    0.93%    passed     93.16%
1459  KF214673    0.00%    passed     95.39%
1460  KX276844    0.37%    passed     99.45%
1461  HM011491    0.09%    passed     98.17%
1462  GQ924642    0.00%    passed     98.31%
1463  JQ801500    0.00%    passed     98.31%
1464  KJ803754    0.00%    passed     94.51%
1465  JQ027317    0.65%    passed     99.04%
1466  GQ924658    0.19%    passed     96.27%
1467  KJ803776    0.00%    passed     99.95%
1468  JQ801480    1.71%    passed     99.50%
1469  KJ803757    0.00%    passed     98.37%
1470  JQ801482    0.00%    passed     99.80%
1471  JQ801484    1.40%    passed     98.17%
1472  LC535942    0.72%    passed     95.12%
1473  LC535938    0.00%    passed     95.12%
1474  MK534560    0.00%    passed     96.46%
1475  MK534596    0.00%    passed     95.98%
1476  KY470908    0.00%    passed     99.87%
1477  KY470911    0.00%    passed     99.19%
1478  KF214669    1.21%    passed     86.29%
1479  KF214677    0.84%    passed     92.65%
1480  JQ801488    0.00%    passed     98.78%
1481  LC456133    1.12%    passed     97.33%
1482  KX276849    1.80%    passed     93.52%
1483  KC315399    0.37%    passed     96.24%
1484  KF214671    0.00%    passed     90.47%
1485  KX276850    2.12%    passed     91.38%
1486  KJ803792    0.37%    passed     93.82%
1487  GQ358153    0.00%    passed     95.06%
1488  MK534593    0.00%    passed     98.72%
1489  GQ377632    0.03%    passed     98.07%
1490  KJ410508    0.00%    passed     99.26%
1491  AB105174    0.00%    passed     99.51%
1492  MK534678    0.00%    passed     99.32%
1493  MF488701    1.03%    passed     92.87%
1494  AB112066    0.00%    passed     99.62%
1495  HM011468    0.16%    passed     92.70%
1496  KJ803760    0.00%    passed     95.67%
1497  KJ803794    0.00%    passed     76.60%
1498  JQ801491    0.00%    passed     88.02%
1499  LC535932    1.68%    passed     99.61%
1500  LC519821    0.87%    passed     98.55%
1501  KJ803823    0.00%    passed     98.77%
1502  DQ089804    0.06%    passed     99.38%
1503  MG826122    0.00%    passed     97.33%
1504  MT114171    0.00%    passed     93.11%
1505  LC519800    0.56%    passed     94.95%
1506  LC519801    0.56%    passed     94.27%
1507  LC456120    0.09%    passed     97.42%
1508  KF214670    0.00%    passed     80.15%
1509  KJ803785    0.00%    passed     99.90%
1510  JQ027326    1.12%    passed     95.25%
1511  JQ801508    1.77%    passed     97.07%
1512  MF925399    0.00%    passed     95.43%
1513  OM669634    0.00%    passed     97.73%
1514  OM669694    0.47%    passed     96.67%
1515  KX276841    0.28%    passed     99.45%
1516  DQ089785    0.06%    passed     99.30%
1517  KX276848    0.75%    passed     86.27%
1518  JQ027327    5.32%    passed     99.22%
1519  GQ924619    2.12%    passed     92.12%
1520  LC456110    0.00%    passed     99.06%
1521  LC456123    0.75%    passed     99.24%
1522  JQ801498    0.00%    passed     98.84%
1523  EU498227    0.00%    passed     96.43%
1524  KJ410515    0.00%    passed     94.56%
1525  GQ184325    0.65%    passed     89.54%
1526  MF925403    0.00%    passed     92.31%
1527  JQ801517    2.71%    passed     97.61%
1528  MK534574    0.00%    passed     98.41%
1529  MK534682    0.00%    passed     97.77%
1530  KJ803753    0.00%    passed     99.85%
1531  MK534585    0.00%    passed     98.61%
1532  EU796069    0.00%    passed     93.80%
1533  MK534679    0.00%    passed     92.68%
1534  KJ410512    0.00%    passed     96.81%
1535  JQ040174    0.44%    passed     96.13%
1536  EU939620    0.00%    passed     87.40%
1537  MK534720    0.00%    passed     98.33%
1538  MK534719    0.00%    passed     98.91%
1539  KJ803804    0.00%    passed     99.98%
1540  MF488703    1.03%    passed     99.62%
1541  MF925382    0.00%    passed     99.86%
1542  KJ803779    0.00%    passed     99.36%
1543  KJ803818    0.00%    passed     93.67%
1544  KJ803798    0.00%    passed     99.43%
1545  AY217378    0.40%    passed     96.11%
1546  OM669638    0.00%    passed     93.36%
1547  GQ377635    0.00%    passed     71.97%
1548  FJ386646    0.06%    passed     97.80%
1549  MF925389    0.00%    passed     89.87%
1550  KX276846    1.28%    passed     96.10%
1551  KX276843    0.56%    passed     99.14%
1552  JQ801478    2.67%    passed     94.70%
1553  KU964368    0.00%    passed     99.42%
1554  KU964379    6.16%    passed     65.35%
1555  FJ349241    0.00%    passed     99.48%
1556  AB540583    0.31%    passed     95.65%
1557  KF214653    6.35%    passed     88.22%
1558  AB115418    1.40%    passed     89.36%
1559  KJ803822    0.00%    passed     85.08%
1560  KC774336    0.00%    passed     58.33%
1561  AY206393    3.51%    passed     88.33%
1562  EF494376    0.00%    passed     92.05%
1563  AB644280    1.15%    passed     98.79%
1564  AB644281    0.09%    passed     99.72%
1565  MZ934422    0.00%    passed     93.35%
1566  MZ934432    0.00%    passed     94.49%
1567  MZ934431    0.00%    passed     92.04%
1568  MZ934434    0.00%    passed     96.04%
1569  MZ934433    0.00%    passed     93.97%
1570  MZ439608    0.00%    passed     87.89%
1571  MZ439628    0.00%    passed     98.87%
1572  MZ439629    0.00%    passed     98.76%
1573  MZ439630    0.00%    passed     99.28%
1574  MZ439635    0.00%    passed     99.11%
1575  KR014065    0.78%    passed     91.48%
1576  KR014082    5.23%    passed     91.55%
1577  MK534636    0.00%    passed     71.72%
1578  MK534640    0.00%    passed     77.49%
1579  MK534638    0.00%    passed     87.53%
1580  JN827414    0.00%    passed     92.03%
1581  JN827415    0.00%    passed     93.29%
1582  MK534677    0.00%    passed     96.90%
1583  GQ924620    0.09%    passed     99.08%
1584  OM669647    0.00%    passed     87.26%
1585  OL780537    0.12%    passed     95.33%
1586  MZ439307    0.00%    passed     98.93%
1587  MZ439312    0.00%    passed     98.92%
1588  MZ439316    0.00%    passed     99.39%
1589  MZ439321    0.00%    passed     99.27%
1590  MZ439314    0.00%    passed     99.13%
1591  MZ439325    0.00%    passed     99.43%
1592  MZ439323    0.00%    passed     99.10%
1593  KM999992    0.00%    passed     97.40%
1594  EU410081    0.16%    passed     92.59%
1595  AB241110    0.00%    passed     95.19%
1596  EU410080    0.03%    passed     97.39%
1597  AP011099    0.00%    passed     94.56%
1598  AP011100    0.00%    passed     94.79%
1599  AB241111    0.00%    passed     91.76%
1600  AP011101    0.00%    passed     95.92%
1601  EU410079    0.16%    passed     98.57%
1602  GQ924622    0.03%    passed     89.40%
1603  AB241112    4.85%    passed     69.73%
1604  AB241113    4.85%    passed     50.18%
1605  GQ924657    0.72%    passed     72.72%
1606  KJ803790    0.00%    passed     91.55%
1607  EF494378    0.00%    passed     96.73%
1608  JQ801492    0.65%    passed     93.96%
1609  KU679936    0.47%    passed     74.83%
1610  KF873521    0.03%    passed     76.70%
1611  KU679955    0.31%    passed     78.80%
1612  KU679938    3.39%    passed     68.31%
1613  KF873519    0.19%    passed     87.11%
1614  KU679946    0.09%    passed     93.31%
1615  KU679959    5.69%    passed     91.34%
1616  KF873517    0.03%    passed     90.78%
1617  KF873518    0.25%    passed     91.10%
1618  KU679948    0.31%    passed     94.57%
1619  KF873511    0.00%    passed     83.01%
1620  KF873513    0.12%    passed     84.38%
1621  KF873515    0.03%    passed     84.26%
1622  KU679944    0.19%    passed     79.61%
1623  KU679953    0.25%    passed     81.28%
1624  KF873516    0.19%    passed     88.49%
1625  KF873514    0.28%    passed     89.21%
1626  KF873520    0.12%    passed     89.98%
1627  KU679950    0.09%    passed     86.51%
1628  KU679949    1.52%    passed     85.56%
1629  KF873512    2.58%    passed     83.57%
1630  KU679942    0.06%    passed     98.57%
1631  KU679943    0.44%    passed     99.05%
1632  KU679954    0.53%    passed     99.80%
1633  KU679951    1.12%    passed     96.93%
1634  KU679956    0.59%    passed     99.60%
1635  KF873526    0.16%    passed     99.92%
1636  KF873527    0.00%    passed     99.94%
1637  KF873529    4.35%    passed     91.85%
1638  KF873528    4.76%    passed     87.77%
1639  KU679947    0.00%    passed     92.00%
1640  KU679957    0.31%    passed     95.80%
1641  KU679941    0.22%    passed     98.61%
1642  KF873524    0.03%    passed     97.54%
1643  KF873523    0.34%    passed     97.04%
1644  KF873522    0.37%    passed     97.09%
1645  KU679958    1.28%    passed     98.89%
1646  KF873525    3.48%    passed     98.94%
1647  KU679937    0.72%    passed     96.02%
1648  KF873531    0.09%    passed     96.09%
1649  KF873532    0.03%    passed     96.31%
1650  KF873533    0.16%    passed     95.36%
1651  KF873534    0.00%    passed     95.76%
1652  KU679952    2.24%    passed     99.81%
1653  KU679945    0.31%    passed     95.53%
1654  KF873538    0.00%    passed     99.00%
1655  KF873543    0.03%    passed     99.20%
1656  KF873542    0.03%    passed     99.25%
1657  KF873539    0.22%    passed     98.48%
1658  KF873540    0.40%    passed     98.71%
1659  KF873541    0.12%    passed     99.15%
1660  KF873537    0.65%    passed     98.85%
1661  KU679939    0.00%    passed     99.02%
1662  KU679940    0.34%    passed     98.47%
1663  KF873535    0.34%    passed     95.93%
1664  KF873536    1.43%    passed     98.28%
1665  KU679960    0.37%    passed     95.06%
1666  KF873544    1.90%    passed     97.06%
1667  KF873545    0.03%    passed     93.89%
1668  KF873530    0.22%    passed     82.20%
1669  KP148577    4.60%    passed     96.56%
1670  LC535945    0.03%    passed     92.65%
1671  KM392072    0.03%    passed     78.71%
1672  KM392076    0.03%    passed     79.69%
1673  KM392083    0.03%    passed     79.30%
1674  KM392073    0.09%    passed     84.91%
1675  KM392074    0.12%    passed     82.63%
1676  KM392079    0.06%    passed     81.19%
1677  KM392081    0.16%    passed     84.82%
1678  KM392084    0.25%    passed     83.66%
1679  JX870001    0.12%    passed     87.18%
1680  KM392077    0.65%    passed     85.59%
1681  KM392082    0.03%    passed     85.38%
1682  KJ803803    0.03%    passed     76.05%
1683  KM392080    4.39%    passed     97.99%
1684  KM392071    3.58%    passed     45.73%
1685  FJ386674    0.06%    passed     94.59%
1686  KM392078    0.22%    passed     88.95%
1687  AF461362    4.79%    passed     60.43%
1688  KJ803772    0.03%    passed     79.82%
1689  KJ803788    0.03%    passed     99.00%
1690  FJ882610    0.00%    passed     94.83%
1691  FJ882614    0.03%    passed     94.13%
1692  FJ882615    0.19%    passed     94.28%
1693  FJ882611    0.00%    passed     95.39%
1694  FJ882612    0.03%    passed     92.31%
1695  FJ882618    0.00%    passed     91.66%
1696  FJ882617    0.37%    passed     95.85%
1697  FJ882613    0.09%    passed     97.20%
1698  FJ882616    1.74%    passed     97.69%
1699  KM392075    3.51%    passed     59.01%
1700  FJ562223    1.12%    passed     80.88%
1701  MW847942   41.46%    passed     15.40%
1702  MW887642   43.61%    passed     32.47%
1703  MW887645   43.64%    passed     23.17%
1704  MW887646   43.64%    passed     18.92%
1705  MW887649   43.67%    passed     32.48%
1706  JX661492   43.39%    passed     20.44%
1707  KF779300   44.35%    passed     24.85%
1708  KF779327   44.35%    passed     28.71%
1709  MW887647   43.64%    passed     20.70%
1710  MW887643   43.61%    passed     19.81%
1711  MW887650   43.79%    passed     19.26%
1712  KX765824   43.61%    passed     16.70%
1713  KX765819   43.61%    passed     19.51%
1714  KX765847   43.61%    passed     15.78%
1715  KX765855   43.61%    passed     15.47%
1716  KX765823   43.61%    passed     24.59%
1717  KX765845   43.61%    passed     15.26%
1718  KX774507   47.87%    passed     30.32%
1719  MG725248   43.61%    passed     42.12%
1720  KX765818   43.61%    passed     37.11%
1721  KX765833   43.61%    passed     32.37%
1722  KX765846   43.61%    passed     35.30%
1723  KX765831   43.61%    passed     32.94%
1724  KX765838   43.61%    passed     32.24%
1725  KX765832   43.64%    passed     35.83%
1726  KX765820   43.61%    passed     24.75%
1727  KX765853   43.61%    passed     24.85%
1728  KX765837   43.61%    passed     23.35%
1729  KX765840   43.61%    passed     22.36%
1730  KX765826   43.61%    passed     23.21%
1731  KX765825   43.61%    passed     28.86%
1732  KX765844   43.61%    passed     28.32%
1733  KX765848   43.61%    passed     25.39%
1734  KX765850   43.61%    passed     30.37%
1735  KX774503   45.16%    passed     27.34%
1736  KX765821   43.61%    passed     25.39%
1737  KX765834   43.64%    passed     26.45%
1738  KX765843   43.61%    passed     13.99%
1739  KX765851   43.61%    passed     24.22%
1740  KX765829   43.61%    passed     27.07%
1741  KX765822   43.67%    passed     26.12%
1742  KX765842   43.61%    passed     27.78%
1743  KX765849   43.61%    passed     36.97%
1744  KX774504   45.10%    passed     37.19%
1745  KX765828   43.61%    passed     18.94%
1746  KX774506   44.29%    passed     26.08%
1747  KX765827   43.61%    passed     28.39%
1748  KX765836   43.61%    passed     27.01%
1749  KX765839   43.61%    passed     36.68%
1750  KX765830   43.61%    passed     24.77%
1751  KX765852   44.04%    passed     36.07%
1752  MW887651   43.61%    passed     29.91%
1753  MW887652   44.54%    passed     26.10%
1754  JQ707768   45.07%    passed     12.87%
1755  JQ707773   45.07%    passed     12.44%
1756  JQ707770   45.07%    passed     13.26%
1757  JQ707772   45.07%    passed     12.88%
1758  JQ707774   45.07%    passed     12.87%
1759  JQ707769   45.07%    passed     11.22%
1760  JQ707771   45.97%    passed     11.26%
1761  MW887641   44.76%    passed     40.89%
1762  JQ707707   46.00%    passed      8.70%
1763  JQ707713   46.00%    passed      8.70%
1764  JQ707715   46.00%    passed      7.71%
1765  JQ707709   46.00%    passed      9.90%
1766  JQ707730   46.00%    passed      7.61%
1767  JQ707710   46.00%    passed     11.21%
1768  JQ707712   46.00%    passed      9.90%
1769  JQ707720   46.00%    passed      9.90%
1770  JQ707717   46.00%    passed      9.84%
1771  JQ707719   46.00%    passed      9.90%
1772  JQ707721   46.00%    passed     11.09%
1773  JQ707723   46.00%    passed      9.93%
1774  JQ707726   46.00%    passed      9.84%
1775  JQ707727   46.00%    passed      9.84%
1776  JQ707729   46.00%    passed      9.90%
1777  JQ707731   46.00%    passed      8.79%
1778  JQ707725   46.00%    passed     11.12%
1779  JQ707718   46.00%    passed      8.79%
1780  JQ707722   46.00%    passed      9.93%
1781  JQ707711   46.00%    passed     11.21%
1782  JQ707716   46.00%    passed      9.90%
1783  JQ707724   46.00%    passed      9.90%
1784  JQ707728   46.00%    passed     10.04%
1785  JQ707732   46.00%    passed      9.90%
1786  JQ707708   46.00%    passed     12.35%
1787  JQ707714   46.00%    passed      7.54%
1788  JQ707733   46.00%    passed      6.85%
1789  MW887644   43.67%    passed     16.26%
1790  KF779242   44.39%    passed     20.39%
1791  MW887648   43.61%    passed     44.36%
****  TOTAL       2.64%  0 sequences failed composition chi2 test (p-value<5%; df=3)
NOTE: AY206379 is identical to AY206376 but kept for subsequent analysis
NOTE: MK720630 is identical to MK720629 but kept for subsequent analysis
NOTE: KY470981 is identical to KY470980 but kept for subsequent analysis
NOTE: KY470990 is identical to KY470983 but kept for subsequent analysis
NOTE: KU963906 is identical to KU963905 but kept for subsequent analysis
NOTE: KU964055 is identical to KU964051 but kept for subsequent analysis
NOTE: MK720628 is identical to MK720627 but kept for subsequent analysis
NOTE: AB471850 is identical to AB471848 but kept for subsequent analysis
NOTE: KU964337 is identical to KU964069 but kept for subsequent analysis
NOTE: KY470902 is identical to KY470901 but kept for subsequent analysis
NOTE: AF461363 is identical to AF461357 but kept for subsequent analysis
NOTE: KU964048 is identical to KU964034 but kept for subsequent analysis
NOTE: EU560441 is identical to FJ787486 but kept for subsequent analysis
NOTE: KY470931 is identical to KY470922 but kept for subsequent analysis
NOTE: KU964310 is identical to KU964305 but kept for subsequent analysis
NOTE: AB113876 is identical to AB113875 but kept for subsequent analysis
NOTE: AF411411 is identical to AF411408 but kept for subsequent analysis
NOTE: KU963928 is identical to KU963918 but kept for subsequent analysis
NOTE: KY470969 is identical to KY470965 but kept for subsequent analysis
NOTE: KY470972 is identical to KY470971 but kept for subsequent analysis
NOTE: LC155819 is identical to LC155816 but kept for subsequent analysis
NOTE: KR184665 is identical to KR184661 but kept for subsequent analysis
NOTE: JN400089 is identical to JN400087 but kept for subsequent analysis
NOTE: AY641558 is identical to JN400088 but kept for subsequent analysis
NOTE: KY470846 is identical to KY470843 but kept for subsequent analysis
NOTE: KY470848 is identical to KY470845 but kept for subsequent analysis
NOTE: MK534656 is identical to MK534650 but kept for subsequent analysis
NOTE: MT426433 is identical to MT426432 but kept for subsequent analysis
NOTE: LC535948 is identical to LC535947 but kept for subsequent analysis
NOTE: MF674458 is identical to MF674425 but kept for subsequent analysis
NOTE: LC456125 is identical to LC456117 but kept for subsequent analysis
NOTE: KY470939 is identical to KY470935 but kept for subsequent analysis
NOTE: KY470950 is identical to KY470946 but kept for subsequent analysis
NOTE: KY470952 is identical to KY470947 but kept for subsequent analysis
NOTE: JQ707774 is identical to JQ707768 but kept for subsequent analysis
NOTE: JQ707713 is identical to JQ707707 but kept for subsequent analysis
NOTE: JQ707720 is identical to JQ707712 but kept for subsequent analysis
Checking for duplicate sequences: done in 0.019269 secs using 95.29% CPU
Identifying sites to remove: done in 0.0409601 secs using 78.29% CPU
NOTE: 18 identical sequences (see below) will be ignored for subsequent analysis
NOTE: KY470982 (identical to KY470980) is ignored but added at the end
NOTE: KY470984 (identical to KY470980) is ignored but added at the end
NOTE: KY470988 (identical to KY470980) is ignored but added at the end
NOTE: KY470991 (identical to KY470983) is ignored but added at the end
NOTE: KU963910 (identical to KU963905) is ignored but added at the end
NOTE: KU964340 (identical to KU964069) is ignored but added at the end
NOTE: KY470974 (identical to KY470965) is ignored but added at the end
NOTE: KY470847 (identical to KY470843) is ignored but added at the end
NOTE: KY470849 (identical to KY470843) is ignored but added at the end
NOTE: KY470850 (identical to KY470843) is ignored but added at the end
NOTE: KY470855 (identical to KY470843) is ignored but added at the end
NOTE: KY470851 (identical to KY470845) is ignored but added at the end
NOTE: KY470852 (identical to KY470845) is ignored but added at the end
NOTE: JQ707719 (identical to JQ707712) is ignored but added at the end
NOTE: JQ707729 (identical to JQ707712) is ignored but added at the end
NOTE: JQ707716 (identical to JQ707712) is ignored but added at the end
NOTE: JQ707724 (identical to JQ707712) is ignored but added at the end
NOTE: JQ707732 (identical to JQ707712) is ignored but added at the end
Alignment was printed to results/aligned_hepatitisB_C-delim.fasta.uniqueseq.phy

For your convenience alignment with unique sequences printed to results/aligned_hepatitisB_C-delim.fasta.uniqueseq.phy

Create initial parsimony tree by phylogenetic likelihood library (PLL)... 0.041 seconds

NOTE: 160 MB RAM (0 GB) is required!
Estimate model parameters (epsilon = 0.500)
1. Initial log-likelihood: -776912.400
2. Current log-likelihood: -737604.104
3. Current log-likelihood: -737312.933
4. Current log-likelihood: -737309.798
Optimal log-likelihood: -737309.633
Rate parameters:  A-C: 2.29367  A-G: 4.79469  A-T: 1.36068  C-G: 0.59756  C-T: 3.70750  G-T: 1.00000
Base frequencies:  A: 0.225  C: 0.270  G: 0.221  T: 0.284
Parameters optimization took 4 rounds (18.938 sec)
Wrote distance file to... 
Computing ML distances based on estimated model parameters...
Calculating distance matrix: done in 12.16 secs using 99.84% CPU
Computing ML distances took 12.204928 sec (of wall-clock time) 12.166018 sec (of CPU time)
Setting up auxiliary I and S matrices: done in 0.0701931 secs using 179.5% CPU
Constructing RapidNJ tree: done in 0.342338 secs using 196.1% CPU
Computing RapidNJ tree took 0.412634 sec (of wall-clock time) 0.797438 sec (of CPU time)
Log-likelihood of RapidNJ tree: -280704.604
--------------------------------------------------------------------
|             INITIALIZING CANDIDATE TREE SET                      |
--------------------------------------------------------------------

Do NNI search on 2 best initial trees
Optimizing NNI: done in 12.2161 secs using 99.1% CPU
Estimate model parameters (epsilon = 0.500)
BETTER TREE FOUND at iteration 1: -276940.093
Optimizing NNI: done in 117.814 secs using 99.71% CPU
Finish initializing candidate tree set (4)
Current best tree score: -276940.093 / CPU time: 135.510
Number of iterations: 2
TREE SEARCH COMPLETED AFTER 2 ITERATIONS / Time: 0h:2m:53s

--------------------------------------------------------------------
|                    FINALIZING TREE SEARCH                        |
--------------------------------------------------------------------
Performs final model parameters optimization
Estimate model parameters (epsilon = 0.050)
1. Initial log-likelihood: -276940.093
Optimal log-likelihood: -276940.087
Rate parameters:  A-C: 2.12617  A-G: 4.44001  A-T: 1.19946  C-G: 0.54580  C-T: 3.12880  G-T: 1.00000
Base frequencies:  A: 0.225  C: 0.270  G: 0.221  T: 0.284
Parameters optimization took 1 rounds (1.288 sec)
BEST SCORE FOUND : -276940.087
Total tree length: 12.743

Total number of iterations: 2
CPU time used for tree search: 135.048 sec (0h:2m:15s)
Wall-clock time used for tree search: 135.514 sec (0h:2m:15s)
Total CPU time used: 174.560 sec (0h:2m:54s)
Total wall-clock time used: 174.705 sec (0h:2m:54s)

Analysis results written to: 
  IQ-TREE report:                results/aligned_hepatitisB_C-delim.fasta.iqtree
  Maximum-likelihood tree:       results/aligned_hepatitisB_C-delim.fasta.treefile
  Likelihood distances:          results/aligned_hepatitisB_C-delim.fasta.mldist
  Screen log file:               results/aligned_hepatitisB_C-delim.fasta.log

Date and Time: Tue Nov 15 15:03:55 2022
