IQ-TREE multicore version 2.2.0-beta COVID-edition for Mac OS X 64-bit built Mar  3 2022 built Mar  3 2022
Developed by Bui Quang Minh, James Barbetti, Nguyen Lam Tung,
Olga Chernomor, Heiko Schmidt, Dominik Schrempf, Michael Woodhams, Ly Trong Nhan.

Host:    MacBook-Pro.local (SSE4.2, 8 GB RAM)
Command: iqtree2 -nt 1 -s results/aligned_B_dup-delim.fasta -m GTR -ninit 2 -n 2 -me 0.05
Seed:    803468 (Using SPRNG - Scalable Parallel Random Number Generator)
Time:    Wed Apr  6 10:40:47 2022
Kernel:  SSE2 - 1 threads (8 CPU cores detected)

HINT: Use -nt option to specify number of threads because your CPU has 8 cores!
HINT: -nt AUTO will automatically determine the best number of threads to use.

Reading alignment file results/aligned_B_dup-delim.fasta ... Fasta format detected
Reading fasta file: done in 0.211191 secs using 86.82% CPU
Alignment most likely contains DNA/RNA sequences
Constructing alignment: done in 0.091728 secs using 81.92% CPU
Alignment has 786 sequences with 15285 columns, 5628 distinct patterns
4064 parsimony-informative, 1947 singleton sites, 9274 constant sites
          Gap/Ambiguity  Composition  p-value
Analyzing sequences: done in 0.0233569 secs using 92.52% CPU
   1  JQ582844    0.04%    passed     97.89%
   2  KP317925    1.47%    passed     98.75%
   3  KF826829    0.46%    passed     97.64%
   4  KP317941    1.84%    passed     89.79%
   5  KP317928    0.33%    passed     99.78%
   6  KP317934    0.34%    passed     99.73%
   7  KF640637    0.06%    passed     99.75%
   8  LC474554    0.41%    passed     99.14%
   9  KP317932    0.34%    passed     99.62%
  10  KF826825    0.17%    passed     99.79%
  11  KF826844    0.44%    passed     99.96%
  12  KJ939925    0.13%    passed     98.75%
  13  KP317945    0.35%    passed     99.85%
  14  KP663729    0.33%    passed     99.71%
  15  KJ939933    0.16%    passed     99.01%
  16  KP317917    0.34%    passed     99.86%
  17  KP317927    0.34%    passed     99.86%
  18  KJ939930    0.14%    passed     99.42%
  19  KP663730    0.33%    passed     99.99%
  20  KJ939923    0.14%    passed     98.12%
  21  KJ939931    0.18%    passed     98.78%
  22  KJ939929    0.14%    passed     99.50%
  23  KJ939934    0.21%    passed     99.36%
  24  KJ939932    0.14%    passed     99.82%
  25  KJ939920    0.14%    passed     99.82%
  26  KJ939921    0.14%    passed     98.38%
  27  KJ939928    0.17%    passed     99.90%
  28  JX576757    0.07%    passed     98.68%
  29  JX576744    0.07%    passed     99.94%
  30  JX576761    0.03%    passed     99.99%
  31  JX576733    0.07%    passed     99.63%
  32  JX576759    0.07%    passed     99.67%
  33  JX576737    0.07%    passed     99.97%
  34  JX576731    0.09%    passed     99.14%
  35  JX576750    0.07%    passed     92.85%
  36  KF530259    0.55%    passed     99.87%
  37  KF826859    0.14%    passed     99.91%
  38  JX576738    0.07%    passed     99.88%
  39  JX576749    0.07%    passed     99.86%
  40  JX576735    0.07%    passed     97.91%
  41  KF826860    0.24%    passed     99.93%
  42  JX576740    0.07%    passed     99.77%
  43  KJ627342    0.74%    passed     99.99%
  44  JX576762    0.03%    passed     99.47%
  45  JX576751    0.07%    passed     99.64%
  46  JX576753    0.07%    passed     99.81%
  47  JX576758    0.03%    passed     98.96%
  48  JX576754    0.07%    passed     99.98%
  49  JX576739    0.07%    passed     99.58%
  50  JX576741    0.07%    passed     99.90%
  51  JX576743    0.07%    passed     99.72%
  52  JX576746    0.07%    passed     99.54%
  53  JX576736    0.07%    passed     99.98%
  54  JX576742    0.07%    passed     99.94%
  55  JX576730    0.07%    passed     99.95%
  56  JX576752    0.07%    passed     99.90%
  57  JX576756    0.07%    passed     99.90%
  58  JX576745    0.07%    passed     99.70%
  59  JX576734    0.07%    passed     99.98%
  60  JX576747    0.07%    passed     99.59%
  61  JX576748    0.07%    passed     99.73%
  62  JX576732    0.07%    passed     99.66%
  63  JX576729    0.09%    passed     99.59%
  64  KF826820    4.17%    passed     89.36%
  65  KF826845    0.90%    passed     99.74%
  66  KJ627348    0.74%    passed     99.43%
  67  KF826835    0.39%    passed     99.16%
  68  KF826842    0.10%    passed     99.97%
  69  JX576755    0.07%    passed     99.76%
  70  KF826857    0.13%    passed     99.15%
  71  KF826834    0.52%    passed     99.49%
  72  KF826858    0.34%    passed     98.92%
  73  KJ627340    0.74%    passed     99.70%
  74  KJ627341    0.74%    passed     99.82%
  75  KJ627330    0.74%    passed     99.99%
  76  KF826851    0.07%    passed     99.65%
  77  KJ627277    0.74%    passed     99.50%
  78  KJ627247    0.74%    passed     99.93%
  79  KJ627332    0.74%    passed     99.94%
  80  KJ627285    0.74%    passed     99.97%
  81  KF826822    0.11%    passed     99.60%
  82  KJ627254    0.75%    passed     99.80%
  83  KJ627299    0.74%    passed     99.57%
  84  KJ627280    0.74%    passed     99.48%
  85  KJ627251    0.74%    passed     99.94%
  86  KJ627364    0.74%    passed     98.67%
  87  KJ627278    0.74%    passed     99.83%
  88  KJ627262    0.74%    passed     99.99%
  89  KJ627302    0.74%    passed     99.28%
  90  KJ627317    0.74%    passed     99.25%
  91  KJ627310    0.74%    passed     98.81%
  92  KU950577    0.74%    passed     99.86%
  93  KJ672430    0.75%    passed     99.45%
  94  KU316105    0.71%    passed     98.96%
  95  KU950510    0.37%    passed     99.92%
  96  KJ627359    0.74%    passed     99.90%
  97  KJ939924    0.20%    passed     97.31%
  98  KU950588    0.74%    passed     98.81%
  99  KU950619    0.37%    passed     98.99%
 100  KU316172    0.31%    passed     99.29%
 101  KJ672476    0.74%    passed     99.57%
 102  KP258739    0.71%    passed     99.05%
 103  KJ939927    0.13%    passed     99.34%
 104  KJ672473    0.74%    passed     97.89%
 105  KU316158    0.71%    passed     99.58%
 106  KJ672481    0.74%    passed     99.47%
 107  KJ672438    0.74%    passed     98.64%
 108  KJ672425    0.74%    passed     99.74%
 109  KM517573    0.07%    passed     99.83%
 110  KJ939926    0.18%    passed     99.75%
 111  KU950530    0.35%    passed     99.76%
 112  KU950553    0.35%    passed     99.99%
 113  KU950656    0.57%    passed     99.99%
 114  KU950663    0.35%    passed     99.96%
 115  KU950488    0.37%    passed     97.95%
 116  KM042393    0.74%    passed     99.19%
 117  KU839632    0.74%    passed     99.88%
 118  KU950516    0.37%    passed     99.95%
 119  KU950503    0.35%    passed     99.99%
 120  KU950688    0.36%    passed     99.94%
 121  KU950611    0.50%    passed     99.89%
 122  KU950533    0.37%    passed     98.60%
 123  KU950603    0.35%    passed     99.00%
 124  KU950681    0.36%    passed     99.93%
 125  KU950665    0.74%    passed     99.95%
 126  KU950543    0.75%    passed     99.84%
 127  KU950599    0.74%    passed     99.91%
 128  KU950606    0.35%    passed     99.87%
 129  KU950584    0.35%    passed     99.90%
 130  KU950675    0.35%    passed     99.86%
 131  KU950659    0.35%    passed     99.91%
 132  KU950489    0.74%    passed     99.65%
 133  KU950630    0.35%    passed     99.98%
 134  KU950695    0.74%    passed     99.89%
 135  KU950625    0.74%    passed     99.77%
 136  KU950602    0.35%    passed     99.58%
 137  KU950693    0.35%    passed     99.64%
 138  KU950467    0.35%    passed     99.91%
 139  KU950586    0.37%    passed     99.11%
 140  KR350475    0.07%    passed     99.92%
 141  KU950476    0.36%    passed     99.94%
 142  KU950558    0.42%    passed     99.71%
 143  KU950601    0.61%    passed     99.93%
 144  KU950462    0.35%    passed     99.85%
 145  KU950539    0.35%    passed     99.69%
 146  KU950525    0.37%    passed     99.95%
 147  KU839627    0.74%    passed     99.90%
 148  KU839623    0.74%    passed     99.89%
 149  KU950621    0.79%    passed     99.46%
 150  KU950562    0.35%    passed     99.98%
 151  KU950535    0.35%    passed     99.97%
 152  KU950477    0.35%    passed     99.97%
 153  KU839635    0.74%    passed     99.89%
 154  KU950676    0.74%    passed     99.82%
 155  KU950669    0.35%    passed     99.76%
 156  KU950548    0.35%    passed     99.24%
 157  KU950461    0.78%    passed     99.26%
 158  KU950574    0.34%    passed     99.30%
 159  KU950635    0.35%    passed     99.82%
 160  KU839636    0.74%    passed     99.77%
 161  KU950687    0.74%    passed     99.85%
 162  KU839634    0.74%    passed     99.84%
 163  KU950495    0.37%    passed     99.98%
 164  KU950481    0.37%    passed     99.98%
 165  KU950512    0.37%    passed     99.94%
 166  KU950691    0.37%    passed     99.95%
 167  KU950613    0.37%    passed     99.96%
 168  KU950571    0.37%    passed     99.28%
 169  KU839641    0.74%    passed     99.96%
 170  KU839628    0.74%    passed     99.80%
 171  KU839633    0.74%    passed     98.90%
 172  KU950648    0.67%    passed     99.96%
 173  KU950534    0.37%    passed     99.98%
 174  KU950637    0.37%    passed     99.92%
 175  KU950618    0.35%    passed     99.99%
 176  KU950689    0.48%    passed     99.97%
 177  KU839629    0.74%    passed     99.78%
 178  KU950591    0.37%    passed     99.97%
 179  KU950614    0.35%    passed     99.60%
 180  KU950576    0.35%    passed     98.34%
 181  KU839625    0.74%    passed     99.88%
 182  KU950657    0.35%    passed     99.89%
 183  KU950514    0.54%    passed     99.99%
 184  KU950565    0.74%    passed     99.80%
 185  KU950587    0.34%    passed     99.91%
 186  KU950463    0.37%    passed     99.93%
 187  KU950504    0.37%    passed     99.98%
 188  KU950568    0.35%    passed     99.95%
 189  KU950478    0.37%    passed     99.95%
 190  KU950580    0.35%    passed     99.92%
 191  KU950593    0.35%    passed     99.94%
 192  KU950559    0.74%    passed     99.84%
 193  KU950484    0.35%    passed     99.76%
 194  KU950682    0.35%    passed     99.93%
 195  KU950458    0.36%    passed     98.49%
 196  KU950578    0.35%    passed     99.94%
 197  KU950684    0.37%    passed     99.99%
 198  KU950526    0.35%    passed     99.89%
 199  KU950500    0.35%    passed     99.37%
 200  KU950496    0.37%    passed     99.97%
 201  KU950678    0.35%    passed     99.88%
 202  KU950515    0.35%    passed     99.94%
 203  KU950604    0.37%    passed     99.83%
 204  KU950465    0.37%    passed     99.97%
 205  KU950633    0.74%    passed     99.88%
 206  KU950569    0.35%    passed     99.10%
 207  KU950532    0.35%    passed     99.83%
 208  KU950690    0.48%    passed    100.00%
 209  KU950662    0.35%    passed     99.79%
 210  KU950622    0.37%    passed     99.93%
 211  KU950582    0.35%    passed     99.89%
 212  KU950679    0.35%    passed     99.98%
 213  KU950542    0.37%    passed     98.76%
 214  KU950471    0.36%    passed     99.99%
 215  KU950466    0.37%    passed     99.96%
 216  KU950517    0.37%    passed     99.76%
 217  KU950555    0.35%    passed     99.67%
 218  KU950589    0.74%    passed     99.93%
 219  KU950668    0.35%    passed     99.95%
 220  KU950482    0.36%    passed     99.93%
 221  KU950697    1.34%    passed    100.00%
 222  KU950607    0.37%    passed     99.74%
 223  KU950647    0.67%    passed     99.60%
 224  KU950497    0.37%    passed    100.00%
 225  KU839638    0.74%    passed     99.89%
 226  MN306044    0.43%    passed     99.68%
 227  KU950457    0.35%    passed     99.63%
 228  MH685715    0.29%    passed     99.39%
 229  KU839640    0.74%    passed     99.90%
 230  KU950547    0.35%    passed     99.42%
 231  LC385004    0.39%    passed     99.87%
 232  KU950508    0.37%    passed     98.92%
 233  KU950672    0.35%    passed     99.99%
 234  LC488177    1.00%    passed     96.81%
 235  LC474542    0.37%    passed     99.56%
 236  KX655624    0.74%    passed     99.21%
 237  KX655629    0.35%    passed     99.89%
 238  KX655642    0.37%    passed     99.48%
 239  KX655633    0.74%    passed     99.26%
 240  KX655641    0.35%    passed     99.36%
 241  KX655645    0.74%    passed     99.50%
 242  KX655646    0.35%    passed     97.80%
 243  KX655648    0.35%    passed     99.84%
 244  KX655661    0.75%    passed     99.85%
 245  KX655655    0.74%    passed     99.36%
 246  KX655649    0.37%    passed     99.87%
 247  KX655653    0.55%    passed     99.17%
 248  KX655669    0.74%    passed     99.16%
 249  KX655654    0.48%    passed     99.98%
 250  KX655664    0.35%    passed     99.09%
 251  KX655685    0.74%    passed     98.98%
 252  KX655671    0.35%    passed     99.98%
 253  KX655686    0.37%    passed     99.60%
 254  KX655683    0.74%    passed     99.44%
 255  KX655681    0.37%    passed     99.94%
 256  KX655684    0.75%    passed     99.62%
 257  KX655693    0.74%    passed     99.59%
 258  KX655698    0.48%    passed     99.24%
 259  KX765888    0.75%    passed     99.70%
 260  KX655700    0.74%    passed     99.47%
 261  KX765889    0.74%    passed     99.56%
 262  KX765890    0.75%    passed     99.88%
 263  KX765892    0.35%    passed     99.96%
 264  KX765893    0.75%    passed     99.76%
 265  KX765895    0.35%    passed     99.93%
 266  KX765899    0.48%    passed     99.82%
 267  KX765897    0.74%    passed     99.94%
 268  KX765900    0.74%    passed     99.67%
 269  KX765903    0.74%    passed     99.64%
 270  KX765905    0.48%    passed     99.89%
 271  KX765908    0.74%    passed     99.94%
 272  KX765907    0.74%    passed     99.69%
 273  KX765906    0.35%    passed     99.87%
 274  KX765912    0.35%    passed     99.93%
 275  KX765909    0.74%    passed     99.22%
 276  KX765921    0.35%    passed     99.68%
 277  KX765922    0.75%    passed     99.84%
 278  KX765929    0.35%    passed     99.97%
 279  KY674984    1.38%    passed     99.87%
 280  KX765923    0.74%    passed     99.27%
 281  KX765927    0.74%    passed     99.72%
 282  KX765935    0.35%    passed     99.79%
 283  KX765930    0.48%    passed     99.83%
 284  KY249668    0.10%    passed     99.05%
 285  KY249666    0.06%    passed     99.95%
 286  KY249667    0.06%    passed     99.98%
 287  KY249669    0.11%    passed     98.93%
 288  KY249671    0.06%    passed     99.69%
 289  KY249670    0.23%    passed     99.83%
 290  KY249672    0.07%    passed     99.91%
 291  KY249674    0.06%    passed     99.79%
 292  KY249673    0.25%    passed     99.94%
 293  KY249675    0.06%    passed     98.19%
 294  KY249678    0.06%    passed     99.98%
 295  KY249680    0.26%    passed     99.40%
 296  KY249676    0.06%    passed     97.77%
 297  KY249677    0.06%    passed     99.69%
 298  KY249679    0.21%    passed     99.43%
 299  KY249682    0.39%    passed     99.69%
 300  KY249681    0.31%    passed     99.01%
 301  KY249683    0.41%    passed     98.64%
 302  KY249658    0.06%    passed     99.98%
 303  KY249656    0.06%    passed     99.07%
 304  KY249659    0.06%    passed     99.36%
 305  KY249660    0.25%    passed     98.21%
 306  KY249657    0.06%    passed     99.76%
 307  KY249662    0.07%    passed     99.95%
 308  KY249661    0.25%    passed     99.97%
 309  KY249663    0.10%    passed     99.98%
 310  KX765975    0.35%    passed    100.00%
 311  KX765976    0.74%    passed     99.66%
 312  KY249664    0.07%    passed     99.33%
 313  KX765973    0.74%    passed     99.57%
 314  KY249665    0.07%    passed     99.93%
 315  MK749904    0.61%    passed     99.62%
 316  KX765978    0.75%    passed     99.74%
 317  KX765943    0.74%    passed     99.81%
 318  KX765949    0.74%    passed     99.90%
 319  KX765945    0.35%    passed     99.70%
 320  KX765947    0.35%    passed     99.78%
 321  KX765952    0.74%    passed     98.54%
 322  KX765957    0.35%    passed     99.54%
 323  KX765961    0.35%    passed     97.01%
 324  KX765959    0.35%    passed     99.70%
 325  KX765962    0.35%    passed     99.20%
 326  KY684758    0.65%    passed     99.96%
 327  MH327947    0.14%    passed     99.82%
 328  KX765964    0.74%    passed     99.33%
 329  KX765965    0.74%    passed     99.69%
 330  KX765963    0.74%    passed     98.37%
 331  KX765966    0.35%    passed     99.10%
 332  KX765968    0.35%    passed     99.94%
 333  MG431251    0.26%    passed     99.79%
 334  KY883568    0.33%    passed     99.16%
 335  MK481079    0.85%    passed     99.80%
 336  KY883571    0.37%    passed     99.50%
 337  MF001044    0.74%    passed     99.97%
 338  MK167034    0.58%    passed     99.73%
 339  KY883570    0.44%    passed     99.23%
 340  MF001058    0.95%    passed     99.91%
 341  MK534512    0.86%    passed     99.82%
 342  MK534510    0.85%    passed     99.80%
 343  MK534511    0.86%    passed     99.82%
 344  MK453523    0.57%    passed     99.63%
 345  MK749866    0.61%    passed     99.71%
 346  MK749870    0.66%    passed     99.94%
 347  MK749869    0.39%    passed     99.97%
 348  MK749868    0.56%    passed     99.89%
 349  MK749871    0.61%    passed     99.66%
 350  MK749873    0.54%    passed     99.41%
 351  MK749872    0.63%    passed     99.51%
 352  MK749874    0.54%    passed     99.87%
 353  MK749875    0.75%    passed     99.68%
 354  MK749876    0.62%    passed     99.78%
 355  MK749878    0.63%    passed     99.81%
 356  MK749880    0.46%    passed     99.49%
 357  MK749877    0.65%    passed     97.89%
 358  MK749879    0.46%    passed     99.36%
 359  MK749881    0.54%    passed     99.50%
 360  MK749882    0.61%    passed     99.85%
 361  MK749885    0.46%    passed     99.85%
 362  MK749891    0.52%    passed     97.55%
 363  MK749889    0.62%    passed     99.65%
 364  MK749892    0.56%    passed     99.64%
 365  MK749887    0.63%    passed     99.73%
 366  MK749894    0.39%    passed     99.95%
 367  MK749896    0.52%    passed     99.64%
 368  MK749888    0.62%    passed     99.79%
 369  MK749901    0.45%    passed     99.69%
 370  MG839545    0.42%    passed     99.28%
 371  MK749898    0.62%    passed     99.45%
 372  MK749897    0.62%    passed     99.88%
 373  MK749899    0.61%    passed     98.16%
 374  LC474539    0.39%    passed     99.85%
 375  MK749902    0.62%    passed     95.83%
 376  MK749903    0.66%    passed     99.87%
 377  LC385000    0.37%    passed     99.86%
 378  MG839547    0.21%    passed     99.96%
 379  LC384999    0.37%    passed     99.09%
 380  LC384997    0.37%    passed     99.27%
 381  LC385001    0.37%    passed     99.90%
 382  LC385002    0.37%    passed     99.75%
 383  LC384998    0.39%    passed     97.98%
 384  LC385003    0.21%    passed     99.78%
 385  LC385008    0.37%    passed     99.68%
 386  LC385006    0.37%    passed     99.96%
 387  LC474522    0.37%    passed     98.68%
 388  LC385007    0.37%    passed     99.88%
 389  LC385005    0.37%    passed     98.91%
 390  LC474524    0.37%    passed     99.08%
 391  LC474526    0.37%    passed     98.84%
 392  LC474523    0.37%    passed     99.55%
 393  LC474528    0.37%    passed     99.77%
 394  LC474527    0.37%    passed     99.49%
 395  LC474534    0.37%    passed     99.92%
 396  LC474529    0.37%    passed     99.40%
 397  LC474531    0.37%    passed     99.48%
 398  LC474533    0.37%    passed     99.67%
 399  LC474530    0.37%    passed     99.40%
 400  LC474532    0.37%    passed     99.52%
 401  LC474535    0.39%    passed     98.65%
 402  LC474537    0.44%    passed     99.30%
 403  LC474540    0.37%    passed     99.78%
 404  LC474541    0.38%    passed     99.74%
 405  LC474538    0.37%    passed     99.87%
 406  LC474536    0.37%    passed     99.94%
 407  LC474543    0.37%    passed     99.17%
 408  LC474544    0.43%    passed     99.76%
 409  LC474546    0.38%    passed     99.44%
 410  LC474549    0.37%    passed     99.86%
 411  LC474550    0.38%    passed     99.36%
 412  LC474552    0.39%    passed     99.99%
 413  LC474545    0.43%    passed     99.71%
 414  LC474553    0.38%    passed     99.20%
 415  LC474551    0.39%    passed     99.75%
 416  LC474547    0.37%    passed     99.64%
 417  MF185753    1.41%    passed     99.60%
 418  MF185752    1.46%    passed     94.49%
 419  LC474555    0.38%    passed     99.98%
 420  LC474560    0.38%    passed     99.99%
 421  LC474559    0.38%    passed     99.99%
 422  MK109766    0.74%    passed     99.43%
 423  MK109764    0.74%    passed     99.86%
 424  MK109767    0.75%    passed     99.92%
 425  MK109765    0.47%    passed     99.18%
 426  MK109768    0.74%    passed     98.86%
 427  MK109769    0.74%    passed     98.80%
 428  MK109778    0.74%    passed     99.29%
 429  MK109770    0.35%    passed     98.89%
 430  MK109771    0.74%    passed     99.29%
 431  MK109779    0.75%    passed     99.53%
 432  MK109789    0.35%    passed     97.21%
 433  MK109780    0.74%    passed     99.29%
 434  MK109781    0.35%    passed     99.57%
 435  MK109782    0.35%    passed     99.85%
 436  MK109784    0.74%    passed     99.37%
 437  MK109788    0.74%    passed     99.59%
 438  MK749906    0.61%    passed     99.87%
 439  MK109783    0.48%    passed     99.63%
 440  MK749905    0.61%    passed     99.83%
 441  MK749907    0.61%    passed     99.52%
 442  MK749910    0.46%    passed     99.83%
 443  MK749908    0.44%    passed     98.91%
 444  MK749915    0.47%    passed     99.41%
 445  MK109786    0.35%    passed     99.80%
 446  MK749916    0.41%    passed     99.97%
 447  MK749914    0.47%    passed     99.53%
 448  MT107528    0.07%    passed     99.89%
 449  MT373704    0.85%    passed     99.86%
 450  LC495297    1.73%    passed     98.16%
 451  MN163125    0.24%    passed     99.16%
 452  MT373703    0.85%    passed     99.71%
 453  MN163126    0.07%    passed     99.49%
 454  MT373705    0.85%    passed     99.99%
 455  MW582529    0.07%    passed     95.90%
 456  MW020595    0.41%    passed     99.78%
 457  MW160745    0.68%    passed     99.97%
 458  MW160744    0.44%    passed     99.84%
 459  MW160748    0.45%    passed     99.99%
 460  MW160750    0.44%    passed     99.37%
 461  MW160751    0.69%    passed     99.97%
 462  MW160770    0.44%    passed     99.84%
 463  MW160752    0.44%    passed     98.94%
 464  MW160765    0.44%    passed     99.88%
 465  MW160763    0.45%    passed     99.62%
 466  MW160757    0.44%    passed     99.80%
 467  MW160777    0.44%    passed     99.72%
 468  MW160775    0.44%    passed     99.94%
 469  MW160760    0.44%    passed     99.70%
 470  MW160784    0.45%    passed     99.72%
 471  MW160781    0.44%    passed     99.86%
 472  MW160780    0.45%    passed     99.54%
 473  MW160788    0.44%    passed     99.58%
 474  MW160786    0.44%    passed     99.50%
 475  MW160790    0.68%    passed     99.98%
 476  MW160791    0.68%    passed     99.98%
 477  MW160789    0.44%    passed     99.91%
 478  MW160793    0.44%    passed     99.97%
 479  MW160798    0.94%    passed     99.87%
 480  MW160792    0.44%    passed     99.25%
 481  MW160794    0.44%    passed     99.84%
 482  MW160800    0.45%    passed     99.04%
 483  MW160796    0.44%    passed     99.76%
 484  MW160802    0.44%    passed     99.92%
 485  MW160804    0.45%    passed     99.02%
 486  MW160806    0.45%    passed     99.92%
 487  MW160805    0.44%    passed     99.87%
 488  MW160811    0.44%    passed     99.48%
 489  MW160810    0.44%    passed     99.44%
 490  MW160808    0.44%    passed     99.57%
 491  MW160812    0.45%    passed     99.77%
 492  MW160823    0.46%    passed     98.92%
 493  MW160821    0.96%    passed     99.95%
 494  MW160815    0.44%    passed     99.75%
 495  MW160813    0.44%    passed     99.57%
 496  MW160829    0.44%    passed     99.89%
 497  MW160817    0.44%    passed     99.72%
 498  MW160826    0.45%    passed     99.92%
 499  MW160816    0.44%    passed     99.03%
 500  MW160832    0.72%    passed     99.11%
 501  MW160818    0.45%    passed     99.63%
 502  MW160834    0.44%    passed     99.64%
 503  MW160831    0.45%    passed     99.40%
 504  MW160833    0.69%    passed     99.89%
 505  MW160835    0.44%    passed     99.57%
 506  MZ515553    0.07%    passed     99.99%
 507  MW160838    0.45%    passed     99.96%
 508  MW160837    0.45%    passed     99.90%
 509  MZ515554    0.36%    passed     99.97%
 510  MW160836    0.45%    passed     98.74%
 511  MZ515557    0.09%    passed     98.49%
 512  MZ515558    0.08%    passed     99.27%
 513  MZ515560    0.07%    passed     99.58%
 514  MZ515561    0.07%    passed     99.97%
 515  MZ515562    0.07%    passed     99.19%
 516  MZ515574    0.10%    passed     99.21%
 517  MZ515565    0.07%    passed     99.84%
 518  MZ515586    0.45%    passed     96.74%
 519  MZ515817    0.07%    passed     99.97%
 520  MZ515824    0.35%    passed     99.99%
 521  MZ515581    0.09%    passed     98.98%
 522  MZ515578    0.09%    passed     99.60%
 523  MZ515584    0.06%    passed     99.35%
 524  MZ515820    0.07%    passed     99.97%
 525  MZ515587    0.07%    passed     99.98%
 526  MZ515823    0.06%    passed     99.93%
 527  MZ515827    0.07%    passed     99.61%
 528  MZ515830    0.07%    passed     99.14%
 529  MZ515831    0.06%    passed     99.52%
 530  MZ515832    1.51%    passed     95.46%
 531  MZ515839    0.07%    passed     99.76%
 532  MZ515836    0.09%    passed     99.95%
 533  MZ515837    0.06%    passed     99.89%
 534  MZ515844    0.07%    passed     99.08%
 535  MZ515846    0.07%    passed     99.69%
 536  MZ515843    0.09%    passed     99.60%
 537  MZ515845    0.09%    passed     99.83%
 538  MZ515849    0.07%    passed     99.99%
 539  MZ515857    0.07%    passed     99.45%
 540  MZ515863    0.07%    passed     99.59%
 541  MZ515869    0.09%    passed     99.95%
 542  MZ515865    0.10%    passed    100.00%
 543  MZ515871    0.06%    passed     99.53%
 544  MZ515868    0.07%    passed     99.87%
 545  MZ515872    0.07%    passed     99.70%
 546  MZ515889    0.06%    passed     99.97%
 547  MZ515883    0.09%    passed     99.89%
 548  MZ515886    0.07%    passed     99.97%
 549  MZ515892    0.06%    passed     99.96%
 550  MZ515890    0.07%    passed     99.87%
 551  MZ515895    0.06%    passed     99.84%
 552  MZ515894    0.07%    passed     99.95%
 553  MZ515899    0.09%    passed     99.52%
 554  MZ515904    0.06%    passed     99.32%
 555  MZ515903    0.07%    passed     99.36%
 556  MZ515916    0.12%    passed     99.86%
 557  MZ515914    0.07%    passed     99.36%
 558  MZ515917    0.07%    passed     99.95%
 559  MZ515924    0.05%    passed     99.94%
 560  MZ515918    0.08%    passed     99.94%
 561  MZ515925    0.06%    passed     99.67%
 562  MZ515934    0.07%    passed     99.36%
 563  MZ515926    0.07%    passed     99.15%
 564  MZ515930    0.07%    passed     99.61%
 565  MZ515936    0.16%    passed     99.97%
 566  MZ515937    0.35%    passed     95.19%
 567  MZ515944    0.09%    passed     99.62%
 568  MZ515950    0.33%    passed     98.99%
 569  MZ515938    0.07%    passed     98.66%
 570  MZ515953    0.06%    passed     98.99%
 571  MZ515972    0.07%    passed     99.80%
 572  MZ515946    0.08%    passed     99.32%
 573  MZ515955    0.08%    passed     99.85%
 574  MZ515970    0.07%    passed     99.14%
 575  MZ515988    0.59%    passed     98.70%
 576  MZ515975    0.07%    passed     99.83%
 577  MZ515974    0.09%    passed     99.34%
 578  MZ515977    0.09%    passed     99.21%
 579  MZ515978    0.07%    passed     98.87%
 580  MZ515981    0.06%    passed     99.77%
 581  MZ515979    0.35%    passed     99.25%
 582  MZ515990    0.06%    passed     99.98%
 583  MZ515995    0.08%    passed     99.80%
 584  MZ515991    0.07%    passed     99.87%
 585  MZ515997    0.09%    passed     98.75%
 586  MZ515996    0.06%    passed     99.96%
 587  MZ516003    0.07%    passed     99.24%
 588  MZ516022    0.07%    passed     99.71%
 589  MZ516016    0.41%    passed     95.80%
 590  MZ516021    0.07%    passed     99.09%
 591  MZ516020    0.06%    passed     99.98%
 592  MZ516025    0.32%    passed     99.69%
 593  MZ516032    0.06%    passed     99.98%
 594  MZ516030    0.06%    passed     99.95%
 595  MZ516034    0.07%    passed     99.97%
 596  MZ516037    0.07%    passed     99.97%
 597  MZ516042    0.07%    passed     99.45%
 598  MZ516045    0.06%    passed     99.10%
 599  MZ516041    0.07%    passed     99.73%
 600  MZ516049    0.07%    passed     99.87%
 601  MZ516054    0.06%    passed     99.34%
 602  MZ516051    0.07%    passed     99.94%
 603  MZ516056    0.07%    passed     98.17%
 604  MZ516059    0.11%    passed     99.19%
 605  MZ516061    0.06%    passed     99.48%
 606  MZ516081    0.07%    passed     99.45%
 607  MZ516062    0.06%    passed     99.20%
 608  MZ516065    0.07%    passed     99.33%
 609  MZ516060    0.07%    passed     98.61%
 610  MZ516082    0.06%    passed     99.63%
 611  MZ516083    0.07%    passed     99.96%
 612  MZ516089    0.07%    passed     99.97%
 613  MZ516094    0.15%    passed     99.69%
 614  MZ516101    0.07%    passed     99.08%
 615  MZ516098    0.06%    passed     99.82%
 616  MZ516095    0.06%    passed     99.11%
 617  MZ516104    0.35%    passed     99.98%
 618  MZ516102    0.07%    passed     99.67%
 619  MZ516105    0.06%    passed     99.53%
 620  MZ516113    0.07%    passed     99.92%
 621  MZ516107    0.07%    passed     99.58%
 622  MZ516109    0.64%    passed     99.03%
 623  MZ515786    0.07%    passed     99.49%
 624  MZ516114    0.06%    passed     99.72%
 625  MZ515792    1.44%    passed     99.71%
 626  MZ515779    0.07%    passed     97.06%
 627  MZ515805    0.18%    passed    100.00%
 628  MZ515799    0.06%    passed     99.96%
 629  MZ515791    0.07%    passed     99.45%
 630  MZ515793    0.08%    passed     99.90%
 631  MZ515794    0.07%    passed     99.15%
 632  MZ515807    0.06%    passed     99.99%
 633  MZ515809    0.07%    passed     99.93%
 634  MZ516122    0.06%    passed     99.98%
 635  MZ515812    0.07%    passed     99.62%
 636  MZ516116    0.07%    passed     99.95%
 637  MZ516123    0.07%    passed     99.89%
 638  MZ516140    0.07%    passed     99.71%
 639  MZ516139    0.06%    passed     99.44%
 640  MZ516126    0.06%    passed     99.96%
 641  MZ516125    0.07%    passed     99.97%
 642  MZ516135    0.09%    passed     98.78%
 643  MZ516143    0.07%    passed     99.80%
 644  MZ516141    0.08%    passed     99.95%
 645  MZ515591    0.07%    passed     99.82%
 646  MZ515590    0.07%    passed     99.14%
 647  MZ515594    0.35%    passed     97.49%
 648  MZ515595    0.07%    passed     99.12%
 649  MZ515596    0.07%    passed     99.94%
 650  MZ515598    0.10%    passed     99.81%
 651  MZ515599    0.07%    passed     99.05%
 652  MZ515603    0.09%    passed     99.61%
 653  MZ515605    0.07%    passed     99.00%
 654  MZ515607    0.07%    passed     99.36%
 655  MZ515612    0.07%    passed     99.66%
 656  MZ515608    0.07%    passed     99.99%
 657  MZ515613    0.07%    passed     99.08%
 658  MZ515611    0.07%    passed     99.87%
 659  MZ515622    0.50%    passed     98.55%
 660  MZ515625    0.07%    passed    100.00%
 661  MZ515627    0.07%    passed     99.93%
 662  MZ515637    0.06%    passed     99.77%
 663  MZ515635    0.07%    passed     99.36%
 664  MZ515636    0.07%    passed     99.40%
 665  MZ515638    0.06%    passed     99.98%
 666  MZ515639    0.09%    passed     99.25%
 667  MZ515653    0.06%    passed     98.71%
 668  MZ515648    0.17%    passed     99.90%
 669  MZ515665    0.07%    passed     99.97%
 670  MZ515660    0.08%    passed     98.36%
 671  MZ515658    0.07%    passed     99.83%
 672  MZ515663    0.09%    passed     98.92%
 673  MZ515656    0.07%    passed     99.80%
 674  MZ515670    3.70%    passed     98.22%
 675  MZ515667    0.07%    passed     99.95%
 676  MZ515669    0.07%    passed     99.79%
 677  MZ515678    0.06%    passed     99.93%
 678  MZ515672    0.07%    passed     97.85%
 679  MZ515671    0.07%    passed     99.08%
 680  MZ515677    0.06%    passed     98.99%
 681  MZ515674    0.09%    passed     99.85%
 682  MZ515683    0.07%    passed     99.96%
 683  MZ515694    0.07%    passed     99.70%
 684  MZ515684    0.16%    passed     99.64%
 685  MZ515691    0.07%    passed     99.08%
 686  MZ515704    0.09%    passed     99.98%
 687  MZ515699    0.07%    passed     99.44%
 688  MZ515707    0.07%    passed     98.68%
 689  MZ515713    0.86%    passed     99.86%
 690  MZ515710    0.07%    passed     99.81%
 691  MZ515698    0.07%    passed     99.74%
 692  MZ515712    0.06%    passed     99.78%
 693  MZ515727    0.61%    passed     99.92%
 694  MZ515724    0.07%    passed     99.29%
 695  MZ515715    0.07%    passed     99.75%
 696  MZ515729    0.06%    passed     99.96%
 697  MZ515719    0.07%    passed     99.75%
 698  MZ515716    0.06%    passed     99.85%
 699  MZ515726    0.07%    passed     99.45%
 700  MZ515728    0.07%    passed     99.80%
 701  MZ515730    0.07%    passed     99.97%
 702  MZ515743    0.09%    passed     99.87%
 703  MZ515732    0.06%    passed     99.47%
 704  MZ515738    0.07%    passed     98.62%
 705  MZ515748    0.06%    passed     99.64%
 706  MZ515751    0.07%    passed     99.88%
 707  MZ515746    0.16%    passed     99.64%
 708  MZ515753    0.08%    passed     99.36%
 709  MZ515757    0.35%    passed     99.28%
 710  MZ515756    0.07%    passed     98.38%
 711  MZ515769    0.06%    passed     99.14%
 712  MZ515761    0.07%    passed     99.69%
 713  MZ515759    0.07%    passed     96.96%
 714  MZ515762    0.07%    passed     99.96%
 715  MZ515764    0.08%    passed     99.98%
 716  MZ515770    0.09%    passed     99.97%
 717  MZ515767    0.07%    passed     99.94%
 718  MZ515775    0.06%    passed     99.52%
 719  MZ151849    0.86%    passed     99.15%
 720  MZ515771    0.06%    passed     99.97%
 721  MZ151850    0.85%    passed    100.00%
 722  OK649685    0.24%    passed     99.78%
 723  MZ515778    0.06%    passed     99.53%
 724  OK649686    0.22%    passed     99.63%
 725  MZ151856    0.85%    passed     99.99%
 726  MZ515776    0.08%    passed     99.83%
 727  MZ151851    1.98%    passed     99.83%
 728  OK649688    0.29%    passed     99.95%
 729  OK649690    0.18%    passed     99.43%
 730  OK649687    0.22%    passed     99.89%
 731  OK649689    0.23%    passed     99.78%
 732  OK649693    0.22%    passed     99.26%
 733  OK649692    0.29%    passed     99.29%
 734  OK649695    0.24%    passed     99.88%
 735  OK649694    0.29%    passed     99.86%
 736  OK649696    0.23%    passed     99.89%
 737  OK649698    0.15%    passed     99.83%
 738  OK649697    0.26%    passed     98.65%
 739  OK649699    0.21%    passed     99.82%
 740  OK649701    0.29%    passed     99.93%
 741  OK649700    0.31%    passed     99.87%
 742  OK649703    0.22%    passed     99.79%
 743  OK649705    0.26%    passed     99.25%
 744  OK649702    0.28%    passed     99.54%
 745  OK649704    0.24%    passed     98.85%
 746  OK649707    0.26%    passed     99.78%
 747  OK649706    0.26%    passed     99.46%
 748  OK649708    0.24%    passed     99.58%
 749  OK649709    0.14%    passed     99.91%
 750  OK649712    0.21%    passed     99.58%
 751  OK649711    0.24%    passed     99.83%
 752  OK649714    0.20%    passed     99.56%
 753  OK649710    0.22%    passed     99.84%
 754  OK649713    0.16%    passed     99.73%
 755  OK649715    0.20%    passed     99.61%
 756  OK649716    0.27%    passed     99.36%
 757  OK649719    0.22%    passed     99.92%
 758  OK649718    0.24%    passed     99.56%
 759  OK649717    0.24%    passed     99.54%
 760  OK649721    0.23%    passed     99.32%
 761  OK649720    0.20%    passed     99.68%
 762  OK649722    0.23%    passed     99.76%
 763  OK649724    0.24%    passed     99.73%
 764  OK649723    0.29%    passed     99.74%
 765  OK649726    0.19%    passed     99.71%
 766  OK649725    0.22%    passed     99.99%
 767  OK649727    0.29%    passed     99.56%
 768  OK649729    0.23%    passed     99.72%
 769  OK649731    0.23%    passed     99.79%
 770  OK649736    0.31%    passed     98.75%
 771  OK649728    0.21%    passed     99.55%
 772  OK649732    0.24%    passed     99.86%
 773  OK649730    0.26%    passed     97.52%
 774  OK649733    0.30%    passed     97.67%
 775  OK649734    0.23%    passed     99.83%
 776  OK649735    0.22%    passed     98.02%
 777  OK649737    0.24%    passed     99.39%
 778  OK649738    0.24%    passed     99.92%
 779  OK649739    0.22%    passed     99.63%
 780  OK649742    0.22%    passed     99.83%
 781  OK649753    0.10%    passed     99.95%
 782  OK649741    0.26%    passed     98.84%
 783  OK649743    0.25%    passed     99.33%
 784  OK649744    0.24%    passed     99.95%
 785  OK649754    0.20%    passed     99.33%
 786  OK649755    0.23%    passed     99.81%
****  TOTAL       0.36%  0 sequences failed composition chi2 test (p-value<5%; df=3)
NOTE: KU839635 is identical to KU950695 but kept for subsequent analysis
NOTE: MK534510 is identical to MK481079 but kept for subsequent analysis
NOTE: MK534511 is identical to MK534512 but kept for subsequent analysis
NOTE: LC474530 is identical to LC474529 but kept for subsequent analysis
NOTE: MW160835 is identical to MW160813 but kept for subsequent analysis
NOTE: MZ515843 is identical to MZ515578 but kept for subsequent analysis
NOTE: MZ516037 is identical to MZ515820 but kept for subsequent analysis
NOTE: MZ515678 is identical to MZ515823 but kept for subsequent analysis
NOTE: MZ515930 is identical to MZ515827 but kept for subsequent analysis
NOTE: MZ516101 is identical to MZ515844 but kept for subsequent analysis
NOTE: MZ516042 is identical to MZ515857 but kept for subsequent analysis
NOTE: MZ515991 is identical to MZ515868 but kept for subsequent analysis
NOTE: MZ516034 is identical to MZ515886 but kept for subsequent analysis
NOTE: MZ516126 is identical to MZ515892 but kept for subsequent analysis
NOTE: MZ515917 is identical to MZ515894 but kept for subsequent analysis
NOTE: MZ515934 is identical to MZ515914 but kept for subsequent analysis
NOTE: MZ515677 is identical to MZ515953 but kept for subsequent analysis
NOTE: MZ515637 is identical to MZ515981 but kept for subsequent analysis
NOTE: MZ516122 is identical to MZ516020 but kept for subsequent analysis
NOTE: MZ515596 is identical to MZ516051 but kept for subsequent analysis
NOTE: MZ515778 is identical to MZ516105 but kept for subsequent analysis
NOTE: MZ515728 is identical to MZ516143 but kept for subsequent analysis
Checking for duplicate sequences: done in 0.0241511 secs using 94.23% CPU
Identifying sites to remove: done in 0.0842841 secs using 75.96% CPU
NOTE: 16 identical sequences (see below) will be ignored for subsequent analysis
NOTE: MZ516125 (identical to MZ515820) is ignored but added at the end
NOTE: MZ515671 (identical to MZ515844) is ignored but added at the end
NOTE: MZ515691 (identical to MZ515844) is ignored but added at the end
NOTE: MZ516081 (identical to MZ515857) is ignored but added at the end
NOTE: MZ515791 (identical to MZ515857) is ignored but added at the end
NOTE: MZ515726 (identical to MZ515857) is ignored but added at the end
NOTE: MZ516089 (identical to MZ515886) is ignored but added at the end
NOTE: MZ515665 (identical to MZ515886) is ignored but added at the end
NOTE: MZ515730 (identical to MZ515886) is ignored but added at the end
NOTE: MZ515729 (identical to MZ515892) is ignored but added at the end
NOTE: MZ516116 (identical to MZ515894) is ignored but added at the end
NOTE: MZ515667 (identical to MZ515894) is ignored but added at the end
NOTE: MZ515607 (identical to MZ515914) is ignored but added at the end
NOTE: MZ515635 (identical to MZ515914) is ignored but added at the end
NOTE: MZ515638 (identical to MZ516020) is ignored but added at the end
NOTE: MZ515767 (identical to MZ516051) is ignored but added at the end
Alignment was printed to results/aligned_B_dup-delim.fasta.uniqueseq.phy

For your convenience alignment with unique sequences printed to results/aligned_B_dup-delim.fasta.uniqueseq.phy

Create initial parsimony tree by phylogenetic likelihood library (PLL)... 0.016 seconds

NOTE: 140 MB RAM (0 GB) is required!
Estimate model parameters (epsilon = 0.500)
1. Initial log-likelihood: -577092.813
2. Current log-likelihood: -519280.420
3. Current log-likelihood: -508705.403
4. Current log-likelihood: -508623.532
5. Current log-likelihood: -508615.616
Optimal log-likelihood: -508614.751
Rate parameters:  A-C: 2.85843  A-G: 20.19807  A-T: 1.79926  C-G: 0.61663  C-T: 43.81032  G-T: 1.00000
Base frequencies:  A: 0.387  C: 0.179  G: 0.158  T: 0.276
Parameters optimization took 5 rounds (16.238 sec)
Wrote distance file to... 
Computing ML distances based on estimated model parameters...
Calculating distance matrix: done in 5.13505 secs using 94.05% CPU
Computing ML distances took 5.195376 sec (of wall-clock time) 4.861579 sec (of CPU time)
Setting up auxiliary I and S matrices: done in 0.011308 secs using 182.7% CPU
Constructing RapidNJ tree: done in 0.0246758 secs using 190% CPU
Computing RapidNJ tree took 0.036149 sec (of wall-clock time) 0.067913 sec (of CPU time)
Log-likelihood of RapidNJ tree: -140929.002
--------------------------------------------------------------------
|             INITIALIZING CANDIDATE TREE SET                      |
--------------------------------------------------------------------

Do NNI search on 2 best initial trees
Optimizing NNI: done in 5.09048 secs using 99.29% CPU
Estimate model parameters (epsilon = 0.500)
BETTER TREE FOUND at iteration 1: -140557.801
Optimizing NNI: done in 105.034 secs using 88.73% CPU
Finish initializing candidate tree set (4)
Current best tree score: -140557.801 / CPU time: 115.812
Number of iterations: 2
TREE SEARCH COMPLETED AFTER 2 ITERATIONS / Time: 0h:2m:19s

--------------------------------------------------------------------
|                    FINALIZING TREE SEARCH                        |
--------------------------------------------------------------------
Performs final model parameters optimization
Estimate model parameters (epsilon = 0.050)
1. Initial log-likelihood: -140557.801
Optimal log-likelihood: -140557.801
Rate parameters:  A-C: 1.95236  A-G: 12.15280  A-T: 1.25280  C-G: 0.19357  C-T: 25.67960  G-T: 1.00000
Base frequencies:  A: 0.387  C: 0.179  G: 0.158  T: 0.276
Parameters optimization took 1 rounds (1.455 sec)
BEST SCORE FOUND : -140557.801
Total tree length: 0.996

Total number of iterations: 2
CPU time used for tree search: 103.880 sec (0h:1m:43s)
Wall-clock time used for tree search: 115.814 sec (0h:1m:55s)
Total CPU time used: 127.797 sec (0h:2m:7s)
Total wall-clock time used: 141.226 sec (0h:2m:21s)

Analysis results written to: 
  IQ-TREE report:                results/aligned_B_dup-delim.fasta.iqtree
  Maximum-likelihood tree:       results/aligned_B_dup-delim.fasta.treefile
  Likelihood distances:          results/aligned_B_dup-delim.fasta.mldist
  Screen log file:               results/aligned_B_dup-delim.fasta.log

Date and Time: Wed Apr  6 10:43:10 2022
