IQ-TREE multicore version 2.2.0-beta COVID-edition for Mac OS X 64-bit built Mar  3 2022 built Mar  3 2022
Developed by Bui Quang Minh, James Barbetti, Nguyen Lam Tung,
Olga Chernomor, Heiko Schmidt, Dominik Schrempf, Michael Woodhams, Ly Trong Nhan.

Host:    MacBook-Pro.local (SSE4.2, 8 GB RAM)
Command: iqtree2 -nt 1 -s results/aligned_A-delim.fasta -m GTR -ninit 2 -n 2 -me 0.05
Seed:    181193 (Using SPRNG - Scalable Parallel Random Number Generator)
Time:    Thu Mar 31 10:38:16 2022
Kernel:  SSE2 - 1 threads (8 CPU cores detected)

HINT: Use -nt option to specify number of threads because your CPU has 8 cores!
HINT: -nt AUTO will automatically determine the best number of threads to use.

Reading alignment file results/aligned_A-delim.fasta ... Fasta format detected
Reading fasta file: done in 0.292806 secs using 90.85% CPU
Alignment most likely contains DNA/RNA sequences
Constructing alignment: done in 0.124083 secs using 87.08% CPU
Alignment has 1206 sequences with 15277 columns, 7164 distinct patterns
5435 parsimony-informative, 1619 singleton sites, 8223 constant sites
          Gap/Ambiguity  Composition  p-value
Analyzing sequences: done in 0.043736 secs using 92.39% CPU
   1  JQ901447    0.48%    passed     99.87%
   2  JX069799    0.61%    passed     98.31%
   3  KP856968    1.18%    passed     98.12%
   4  JX069801    0.60%    passed     99.94%
   5  KF530268    1.05%    passed     99.12%
   6  JX069803    0.61%    passed     99.34%
   7  KP856967    1.32%    passed     96.30%
   8  KF826840    1.14%    passed     99.74%
   9  JX069798    0.56%    passed     98.38%
  10  KP663728    0.69%    passed     99.45%
  11  JX069802    0.61%    passed     99.64%
  12  KJ939954    0.62%    passed     99.16%
  13  KU316142    2.16%    passed     98.21%
  14  KF826836    0.79%    passed     99.81%
  15  KP856969    1.32%    passed     99.84%
  16  KP317953    0.48%    passed     99.36%
  17  KJ939941    0.48%    passed     99.72%
  18  FJ948820    0.48%    passed     99.80%
  19  KF826837    0.60%    passed     99.83%
  20  KJ939969    0.48%    passed     99.67%
  21  KJ939939    0.48%    passed     99.71%
  22  KF826826    0.58%    passed     99.38%
  23  KJ939967    0.48%    passed     99.82%
  24  KJ939955    0.61%    passed     98.59%
  25  KJ939957    0.60%    passed     99.17%
  26  KJ939953    0.84%    passed     99.19%
  27  KJ939945    0.48%    passed     99.69%
  28  KJ939944    0.52%    passed     99.78%
  29  KJ939968    0.48%    passed     99.90%
  30  JX069800    0.61%    passed     99.93%
  31  KJ939960    0.48%    passed     99.89%
  32  KJ939962    0.48%    passed     99.90%
  33  KJ939965    0.48%    passed     97.96%
  34  KJ939971    0.50%    passed     98.71%
  35  JQ901453    0.48%    passed     98.48%
  36  JQ901448    0.48%    passed     99.32%
  37  JQ901456    0.49%    passed     95.35%
  38  KJ939966    0.49%    passed     99.11%
  39  JQ901452    0.48%    passed     99.25%
  40  KJ939936    0.48%    passed     99.52%
  41  JX627336    0.01%    passed     99.48%
  42  KJ939952    0.63%    passed     99.94%
  43  JQ901450    0.48%    passed     98.77%
  44  JQ901457    0.48%    passed     98.22%
  45  KJ939943    0.48%    passed     99.61%
  46  KJ939947    0.50%    passed     99.14%
  47  JQ901458    0.49%    passed     97.86%
  48  JQ901449    0.48%    passed     98.59%
  49  KT285064    0.09%    passed     97.77%
  50  JQ901455    0.48%    passed     99.60%
  51  JQ901451    0.48%    passed     97.58%
  52  JQ901454    0.48%    passed     95.72%
  53  KC731483    0.67%    passed     99.01%
  54  KC731482    0.30%    passed     98.93%
  55  KJ627356    1.17%    passed     99.40%
  56  KJ627268    1.16%    passed     99.20%
  57  KJ627324    1.17%    passed     97.05%
  58  KJ627361    1.17%    passed     99.48%
  59  KJ627339    1.17%    passed     97.65%
  60  KF530260    1.96%    passed     98.64%
  61  KJ627306    1.16%    passed     99.99%
  62  KF826824    0.94%    passed     98.39%
  63  KJ627287    1.16%    passed     99.35%
  64  KF826831    0.56%    passed     98.52%
  65  KJ627338    1.17%    passed     99.68%
  66  KJ627301    1.16%    passed     99.35%
  67  KJ627293    1.17%    passed     99.14%
  68  KF530269    1.49%    passed     99.65%
  69  KF826846    0.94%    passed     99.89%
  70  KF826848    0.64%    passed     99.61%
  71  KJ627325    1.16%    passed     99.97%
  72  KF530261    1.17%    passed     99.07%
  73  KF826849    0.62%    passed     99.03%
  74  KJ627319    1.17%    passed     99.92%
  75  KF826827    0.52%    passed     99.69%
  76  KF826856    0.60%    passed     98.88%
  77  KF826838    0.60%    passed     97.54%
  78  KF826828    0.62%    passed     98.28%
  79  KF826823    0.58%    passed     98.37%
  80  KF826850    0.62%    passed     99.91%
  81  KF826852    0.78%    passed     99.77%
  82  KF826830    0.61%    passed     98.89%
  83  KF826854    0.61%    passed     97.44%
  84  KF826841    0.60%    passed     99.87%
  85  KJ627269    1.16%    passed     99.96%
  86  KJ627337    2.10%    passed     99.22%
  87  KJ627349    1.16%    passed     99.94%
  88  KF826855    0.76%    passed     99.73%
  89  KJ627245    1.16%    passed     99.35%
  90  KJ627292    1.16%    passed     99.99%
  91  KF826832    0.75%    passed     96.00%
  92  KJ627350    1.16%    passed     99.27%
  93  KJ627312    1.16%    passed     98.22%
  94  KJ627372    1.16%    passed     99.12%
  95  KJ627351    1.16%    passed     99.43%
  96  KJ627357    1.16%    passed     99.97%
  97  KJ627326    1.16%    passed     99.49%
  98  KJ627267    1.16%    passed     99.49%
  99  KJ627362    1.15%    passed     99.05%
 100  KJ627259    1.16%    passed     99.93%
 101  KJ627365    1.16%    passed     99.78%
 102  KJ627272    1.16%    passed     99.80%
 103  KJ627294    1.16%    passed     99.29%
 104  KJ627288    1.22%    passed     99.52%
 105  KJ627252    1.20%    passed     98.81%
 106  KJ627304    1.17%    passed     99.68%
 107  KJ627305    1.18%    passed     99.74%
 108  KF826833    0.98%    passed     99.79%
 109  KF826847    0.69%    passed     99.30%
 110  KF826821    0.67%    passed     99.72%
 111  KJ627335    1.16%    passed     99.09%
 112  KJ627366    2.22%    passed     95.46%
 113  KJ627327    1.17%    passed     95.24%
 114  KJ627270    1.16%    passed     99.99%
 115  KJ627318    1.17%    passed     99.95%
 116  KJ627296    1.16%    passed     99.97%
 117  KJ627374    1.16%    passed     99.75%
 118  KJ627303    2.00%    passed     98.54%
 119  KJ627370    1.17%    passed     99.37%
 120  KJ627264    0.68%    passed     99.95%
 121  KJ627274    1.15%    passed     99.26%
 122  KJ627256    1.16%    passed     99.71%
 123  KJ627316    1.22%    passed     97.40%
 124  KJ627373    1.20%    passed     99.91%
 125  KJ627329    1.17%    passed     99.98%
 126  KJ627334    1.16%    passed    100.00%
 127  KJ627346    1.16%    passed     99.49%
 128  KJ627313    1.16%    passed    100.00%
 129  KJ627322    1.16%    passed     99.89%
 130  KJ627266    1.15%    passed     99.81%
 131  KJ627300    1.16%    passed     99.79%
 132  KJ627344    1.17%    passed     99.97%
 133  KJ627291    1.22%    passed     99.94%
 134  KJ627253    2.15%    passed     99.37%
 135  KJ627289    1.17%    passed     97.65%
 136  KJ627352    1.17%    passed     99.61%
 137  KJ627369    1.17%    passed     99.61%
 138  KJ627358    1.26%    passed     99.97%
 139  KJ627261    1.17%    passed     99.38%
 140  KJ627367    1.17%    passed     99.62%
 141  KJ627275    1.16%    passed     99.31%
 142  KJ627298    1.16%    passed     99.99%
 143  KJ627371    1.16%    passed     99.97%
 144  KJ627282    1.17%    passed     95.88%
 145  KJ627315    1.17%    passed     99.83%
 146  KJ627276    1.17%    passed     96.13%
 147  KJ627309    1.16%    passed     99.41%
 148  KJ627343    1.16%    passed     99.40%
 149  KJ627353    1.17%    passed     97.34%
 150  KJ627314    1.17%    passed     97.65%
 151  KJ627333    1.16%    passed     99.94%
 152  KJ627321    1.17%    passed     97.11%
 153  KJ627250    1.17%    passed     98.83%
 154  KJ627295    1.16%    passed     99.49%
 155  KJ627283    1.16%    passed     98.62%
 156  KJ627307    1.16%    passed     99.79%
 157  KJ627258    1.16%    passed     99.91%
 158  KJ627263    1.16%    passed    100.00%
 159  KJ627355    1.16%    passed     98.48%
 160  KJ627248    1.18%    passed     95.41%
 161  KJ627290    1.16%    passed     99.04%
 162  KJ627260    1.17%    passed     97.57%
 163  KJ627354    1.17%    passed     99.49%
 164  KJ627281    1.17%    passed     99.63%
 165  KJ627297    2.00%    passed     99.78%
 166  KJ627246    1.99%    passed     98.19%
 167  KJ627271    1.17%    passed     97.29%
 168  KJ627311    1.18%    passed     98.05%
 169  KJ627336    1.17%    passed     98.24%
 170  KJ627308    1.16%    passed     99.63%
 171  KJ627279    2.07%    passed     99.76%
 172  KJ627328    1.18%    passed     99.52%
 173  KJ627360    1.16%    passed     99.95%
 174  KJ627255    1.19%    passed     95.16%
 175  KJ627320    1.17%    passed     98.68%
 176  KJ627286    1.16%    passed     99.64%
 177  KJ627345    1.16%    passed     99.96%
 178  KJ627257    1.16%    passed     98.86%
 179  KJ627273    1.16%    passed     99.99%
 180  KM042391    0.80%    passed     99.96%
 181  KM578843    0.48%    passed     99.95%
 182  KP258711    1.15%    passed     99.17%
 183  KP258723    1.16%    passed     98.45%
 184  KP258740    1.16%    passed     99.36%
 185  KJ672478    1.16%    passed     99.43%
 186  KP258700    1.17%    passed     99.65%
 187  KP258697    1.16%    passed     98.86%
 188  KP258709    1.17%    passed     98.31%
 189  JF920047    1.04%    passed     98.41%
 190  KJ723483    1.17%    passed     99.61%
 191  KF973331    0.48%    passed     96.30%
 192  KF973333    0.76%    passed     94.77%
 193  KF973325    0.59%    passed     95.94%
 194  KF973329    0.88%    passed     94.55%
 195  KF973336    1.03%    passed     94.95%
 196  KF973334    0.56%    passed     96.14%
 197  KU316180    0.95%    passed     99.71%
 198  KU316150    1.70%    passed     99.74%
 199  KJ939940    0.48%    passed     99.87%
 200  KF973319    0.98%    passed     97.47%
 201  KM042386    0.68%    passed     99.84%
 202  KF973340    0.97%    passed     97.19%
 203  KP258696    1.18%    passed     98.41%
 204  KP258725    1.16%    passed     98.11%
 205  KP258707    1.15%    passed     98.77%
 206  KJ672465    0.68%    passed     99.90%
 207  KJ672441    0.68%    passed     99.78%
 208  KJ723487    1.17%    passed     99.44%
 209  KJ627716    0.98%    passed     99.39%
 210  KJ723464    1.18%    passed     98.99%
 211  KP258710    1.16%    passed     99.21%
 212  KU950505    0.29%    passed     99.98%
 213  KF973339    0.86%    passed     96.50%
 214  KJ627662    1.06%    passed     98.18%
 215  KJ723490    1.17%    passed     99.15%
 216  KC978856    0.89%    passed     96.49%
 217  KJ627720    0.98%    passed     98.70%
 218  KJ939950    0.48%    passed     99.38%
 219  KJ939964    0.48%    passed     99.89%
 220  KU950594    1.16%    passed     98.69%
 221  KJ939938    0.48%    passed     99.38%
 222  KU316157    2.21%    passed     95.37%
 223  KU316121    1.21%    passed     99.45%
 224  KU950531    0.37%    passed     99.96%
 225  KJ723488    1.32%    passed     97.04%
 226  KU316148    1.18%    passed     99.61%
 227  JX015486    0.49%    passed     96.73%
 228  KJ627703    1.49%    passed     99.79%
 229  KP258743    1.17%    passed     99.85%
 230  KJ939963    0.48%    passed     99.86%
 231  KJ672482    1.16%    passed     99.50%
 232  KJ627690    1.01%    passed     98.10%
 233  KJ627693    1.00%    passed     98.75%
 234  KJ723465    1.16%    passed     99.34%
 235  KJ627667    1.06%    passed     98.15%
 236  JX015483    0.48%    passed     99.23%
 237  KJ672467    0.69%    passed     99.90%
 238  KJ672470    0.68%    passed     99.78%
 239  KJ627718    1.17%    passed     99.05%
 240  KJ672469    0.68%    passed    100.00%
 241  KU316166    1.73%    passed     99.05%
 242  KJ627696    0.88%    passed     98.58%
 243  KJ672477    1.16%    passed     99.40%
 244  JX015487    0.49%    passed     99.33%
 245  KU316137    1.17%    passed     99.89%
 246  KJ672459    1.15%    passed     98.96%
 247  KF973321    0.76%    passed     94.77%
 248  KJ672453    1.16%    passed     99.65%
 249  JF920062    1.04%    passed     99.51%
 250  KJ939935    0.48%    passed     99.70%
 251  KJ627687    0.90%    passed     99.18%
 252  JX015485    0.49%    passed     99.53%
 253  KF973320    0.77%    passed     94.86%
 254  KJ627656    0.88%    passed     99.70%
 255  KJ672433    0.68%    passed     99.93%
 256  KJ939958    0.60%    passed     99.59%
 257  KJ723462    1.17%    passed     99.80%
 258  KP258734    1.17%    passed     99.83%
 259  KF973335    1.27%    passed     97.89%
 260  KU316141    1.18%    passed     98.27%
 261  KJ672455    1.16%    passed     99.32%
 262  JF920057    0.92%    passed     98.88%
 263  KJ939949    0.48%    passed     99.74%
 264  KJ672435    1.16%    passed     99.78%
 265  JF920065    0.89%    passed     99.86%
 266  KJ672428    0.69%    passed     99.86%
 267  KJ627676    1.15%    passed     99.09%
 268  JX015481    0.48%    passed     99.66%
 269  JX015496    0.48%    passed     99.47%
 270  JX015499    0.50%    passed     97.48%
 271  JX015489    0.48%    passed     99.12%
 272  KJ627731    0.98%    passed     99.10%
 273  JX015498    0.50%    passed     99.21%
 274  JX015488    0.48%    passed     99.37%
 275  KJ627679    0.96%    passed     98.74%
 276  KJ627672    0.90%    passed     99.43%
 277  JX015482    1.03%    passed     99.77%
 278  KJ627670    1.27%    passed     99.49%
 279  JX015480    0.48%    passed     98.88%
 280  KF973332    1.28%    passed     97.64%
 281  KU316090    1.16%    passed     98.10%
 282  KJ672475    0.68%    passed     99.96%
 283  KJ672466    0.68%    passed     99.78%
 284  JX015495    0.48%    passed     99.23%
 285  KU316143    0.79%    passed     99.87%
 286  KJ939946    0.48%    passed     99.33%
 287  KJ672448    0.69%    passed     99.79%
 288  KJ939937    0.48%    passed     99.37%
 289  KJ627686    0.71%    passed     99.45%
 290  KJ672432    0.69%    passed     99.70%
 291  KJ672452    0.68%    passed     99.55%
 292  KJ672464    0.68%    passed     99.83%
 293  KJ627683    1.03%    passed     97.37%
 294  KJ627733    0.88%    passed     99.35%
 295  KJ627702    0.97%    passed     96.93%
 296  KJ627709    1.06%    passed     99.41%
 297  KJ627725    0.93%    passed     98.40%
 298  KJ627706    0.84%    passed     97.67%
 299  KJ672456    1.16%    passed     99.62%
 300  KJ627674    0.98%    passed     99.11%
 301  KJ627688    1.07%    passed     99.48%
 302  KJ627648    0.81%    passed     97.36%
 303  KJ627714    0.89%    passed     97.57%
 304  KJ627707    0.98%    passed     98.42%
 305  KJ627657    0.96%    passed     99.34%
 306  KJ627652    0.98%    passed     99.26%
 307  KJ672424    0.68%    passed     99.82%
 308  KJ672446    0.69%    passed     99.92%
 309  KJ672484    1.16%    passed     99.56%
 310  KJ672458    0.69%    passed     99.96%
 311  KJ627721    1.24%    passed     98.86%
 312  KF973322    0.76%    passed     94.77%
 313  KJ627682    1.10%    passed     98.99%
 314  KJ672447    1.17%    passed     99.22%
 315  KJ672444    0.69%    passed     99.48%
 316  KJ627675    1.05%    passed     99.45%
 317  KJ627685    0.95%    passed     99.32%
 318  KJ672479    1.17%    passed     99.22%
 319  KJ627664    1.08%    passed     99.56%
 320  KF973327    0.97%    passed     97.28%
 321  KJ672427    1.16%    passed     99.31%
 322  KJ672429    0.69%    passed     99.56%
 323  KJ627666    1.06%    passed     98.13%
 324  KJ672449    0.68%    passed     99.99%
 325  KJ672461    0.68%    passed     99.82%
 326  KJ627710    1.02%    passed     99.32%
 327  KJ672462    1.18%    passed     99.18%
 328  KJ627723    1.13%    passed     98.96%
 329  KJ627668    0.73%    passed     99.49%
 330  KJ627705    0.73%    passed     96.92%
 331  KJ627704    1.15%    passed     98.17%
 332  KJ672471    0.69%    passed     99.93%
 333  KJ627717    0.70%    passed     99.48%
 334  KJ627715    1.27%    passed     99.07%
 335  KJ672437    0.69%    passed     99.91%
 336  KJ672442    0.69%    passed     99.88%
 337  KJ627722    0.94%    passed     98.63%
 338  KJ672439    1.16%    passed     99.19%
 339  KJ672431    1.16%    passed     99.54%
 340  KJ627649    1.05%    passed     97.34%
 341  KJ672454    0.69%    passed     99.56%
 342  KJ627727    1.26%    passed     99.14%
 343  KJ672450    1.16%    passed     99.72%
 344  KJ627663    1.28%    passed     99.75%
 345  KJ672463    1.16%    passed     99.65%
 346  KJ672443    1.16%    passed     99.59%
 347  KJ627659    0.95%    passed     98.81%
 348  KJ672440    0.69%    passed     99.98%
 349  KJ627708    1.05%    passed     99.10%
 350  KJ627729    0.77%    passed     98.13%
 351  KJ627671    0.86%    passed     99.47%
 352  KJ627647    0.92%    passed     98.39%
 353  KJ627724    0.98%    passed     99.14%
 354  KJ672434    1.16%    passed     99.62%
 355  KJ672483    1.18%    passed     98.76%
 356  KJ672472    0.68%    passed     99.91%
 357  KJ627728    1.26%    passed     99.30%
 358  KM042390    0.69%    passed     99.61%
 359  KM042384    0.69%    passed     99.90%
 360  KJ627678    0.96%    passed     99.27%
 361  KJ672460    1.16%    passed     99.62%
 362  KJ627695    0.88%    passed     98.58%
 363  KM042388    0.68%    passed     99.99%
 364  KJ672436    1.15%    passed     98.90%
 365  KP258732    1.16%    passed     99.37%
 366  KJ627719    0.88%    passed     96.21%
 367  KJ627684    0.84%    passed     98.72%
 368  KJ672457    0.69%    passed     99.90%
 369  KJ672468    0.69%    passed     99.78%
 370  KJ672426    1.16%    passed     99.43%
 371  JX015493    0.48%    passed     99.05%
 372  KP258701    1.15%    passed     98.47%
 373  KJ672474    1.17%    passed     99.03%
 374  KP258737    1.17%    passed     99.67%
 375  KF973338    0.76%    passed     95.12%
 376  KP258699    1.18%    passed     99.21%
 377  KP258704    1.32%    passed     96.97%
 378  KP258703    1.15%    passed     98.77%
 379  JF920051    1.07%    passed     99.67%
 380  KP258733    1.16%    passed     99.46%
 381  JF920054    1.19%    passed     99.31%
 382  JF920052    1.03%    passed     98.96%
 383  JF920049    0.89%    passed     99.27%
 384  JF920053    1.22%    passed     99.39%
 385  JF920048    0.89%    passed     99.68%
 386  KF973323    0.77%    passed     94.86%
 387  KM042383    0.68%    passed     99.74%
 388  KJ939961    0.50%    passed     97.64%
 389  KF973330    0.77%    passed     94.62%
 390  KJ939948    0.48%    passed     99.66%
 391  JX015491    0.48%    passed     98.86%
 392  KP258728    1.16%    passed     99.23%
 393  KF973326    1.03%    passed     94.95%
 394  KU316093    1.17%    passed     93.13%
 395  KJ939959    0.61%    passed     99.84%
 396  JF920046    0.93%    passed     98.32%
 397  JX015479    0.48%    passed     99.63%
 398  KP258715    1.17%    passed     92.77%
 399  KJ672480    0.82%    passed     99.64%
 400  KU316178    1.17%    passed     99.94%
 401  KP258726    1.16%    passed     98.07%
 402  KJ939956    0.62%    passed     99.74%
 403  KU316145    1.17%    passed     99.58%
 404  KF973328    0.76%    passed     94.30%
 405  KU316161    1.16%    passed     99.20%
 406  KU316149    1.17%    passed     99.38%
 407  JX015494    0.48%    passed     99.60%
 408  KJ627284    1.17%    passed     97.45%
 409  KF973324    0.94%    passed     97.65%
 410  KM517572    0.48%    passed     98.63%
 411  KM042392    0.68%    passed     99.99%
 412  KM042385    0.69%    passed     99.93%
 413  JX015492    0.48%    passed     98.53%
 414  JX015484    0.49%    passed     98.29%
 415  KJ939951    0.48%    passed     99.96%
 416  KM042381    1.30%    passed     99.61%
 417  JX015490    0.48%    passed     99.19%
 418  JX015497    0.48%    passed     99.92%
 419  KU839637    0.68%    passed    100.00%
 420  KJ939970    0.48%    passed     99.08%
 421  KM042389    0.97%    passed     99.69%
 422  KJ723468    1.18%    passed     91.98%
 423  KU316131    1.16%    passed     98.29%
 424  KJ723492    1.18%    passed     99.75%
 425  KU950567    0.29%    passed     99.90%
 426  KJ939942    0.48%    passed     99.91%
 427  KJ723473    1.16%    passed     99.78%
 428  KU950628    0.37%    passed     99.99%
 429  KP258727    1.15%    passed     99.57%
 430  KU316176    1.15%    passed     99.04%
 431  KU316098    1.82%    passed     99.99%
 432  KP258722    1.16%    passed     99.33%
 433  KU316096    1.15%    passed     99.22%
 434  KU950683    0.29%    passed    100.00%
 435  KU316167    1.17%    passed     99.62%
 436  KU316104    1.76%    passed     99.86%
 437  KU316110    1.17%    passed     99.92%
 438  KU316091    2.06%    passed     96.01%
 439  KU316126    1.18%    passed     99.92%
 440  KU316170    1.15%    passed     98.75%
 441  KU950590    0.29%    passed     99.99%
 442  KU950524    0.29%    passed     99.47%
 443  KU316118    1.19%    passed     99.96%
 444  KU316135    1.16%    passed     98.10%
 445  KU950644    1.23%    passed     97.35%
 446  KU950557    0.34%    passed     99.98%
 447  KU839631    0.69%    passed     99.97%
 448  KU950513    1.44%    passed     94.13%
 449  KU950506    0.49%    passed     99.71%
 450  KU950643    0.31%    passed     99.99%
 451  KU950473    1.17%    passed     99.16%
 452  KU950654    0.29%    passed     99.69%
 453  KU950491    1.73%    passed     98.28%
 454  KU950485    0.30%    passed     99.82%
 455  KU950636    0.30%    passed     99.98%
 456  KU950546    0.77%    passed     99.57%
 457  KU950698    0.29%    passed    100.00%
 458  KU950629    0.80%    passed     97.13%
 459  KU839630    0.69%    passed     99.97%
 460  KU950472    1.06%    passed     99.25%
 461  KU950498    0.77%    passed     99.34%
 462  KU950475    0.29%    passed     99.84%
 463  KU950661    0.76%    passed     98.71%
 464  KU950642    0.37%    passed     99.92%
 465  KU950511    0.28%    passed     99.80%
 466  KU950464    0.29%    passed     99.98%
 467  KU950696    0.29%    passed     99.76%
 468  KU950474    0.29%    passed     99.77%
 469  KU950519    0.31%    passed    100.00%
 470  KU950655    0.29%    passed     99.91%
 471  KU950518    0.31%    passed    100.00%
 472  KU316139    2.15%    passed     99.07%
 473  KU950483    0.39%    passed     99.67%
 474  KU950677    0.29%    passed     99.88%
 475  KU950456    0.30%    passed    100.00%
 476  KU950615    0.35%    passed     98.92%
 477  KU950666    1.41%    passed     98.74%
 478  KU316138    1.16%    passed     99.40%
 479  KU316092    1.16%    passed     98.53%
 480  KU950469    0.77%    passed     99.44%
 481  KU950541    0.84%    passed     98.94%
 482  KU839639    0.69%    passed     99.98%
 483  KU950480    0.31%    passed     99.71%
 484  KU950680    0.34%    passed     99.84%
 485  KU950499    1.49%    passed     93.81%
 486  KU950617    0.40%    passed     99.76%
 487  KU950487    0.77%    passed     98.82%
 488  KU950540    0.34%    passed     99.93%
 489  KU950493    0.39%    passed     99.90%
 490  KU950671    0.43%    passed     99.61%
 491  KU950627    0.32%    passed     99.99%
 492  KU950624    0.77%    passed     99.68%
 493  KU950651    0.29%    passed     99.94%
 494  KU950639    0.29%    passed    100.00%
 495  KU950507    0.77%    passed     99.66%
 496  KU950585    0.39%    passed     99.77%
 497  KU950564    0.77%    passed     98.95%
 498  KU316125    2.15%    passed     99.77%
 499  KU950670    0.62%    passed     99.82%
 500  KU950634    1.47%    passed     99.72%
 501  KU950563    1.16%    passed     99.91%
 502  KU316133    1.19%    passed     99.52%
 503  KU839624    0.69%    passed     99.97%
 504  KU950521    0.41%    passed     99.29%
 505  KU950528    0.85%    passed     99.56%
 506  KU950523    0.34%    passed     99.98%
 507  KU950646    0.77%    passed     99.30%
 508  KU950455    0.39%    passed    100.00%
 509  KU950560    1.20%    passed     96.86%
 510  KU950579    0.77%    passed     99.30%
 511  KU950620    0.86%    passed     99.40%
 512  KU950664    0.32%    passed     99.98%
 513  KU950694    0.37%    passed     99.86%
 514  KU950529    0.77%    passed     99.33%
 515  KU950509    0.28%    passed     99.84%
 516  KU950486    0.30%    passed     99.99%
 517  KU950544    0.29%    passed     99.98%
 518  KU950573    1.95%    passed     99.61%
 519  KU950501    1.17%    passed     99.11%
 520  KU950685    0.31%    passed     99.96%
 521  KU950538    0.79%    passed     99.20%
 522  KU950595    0.77%    passed     99.14%
 523  KU950667    0.84%    passed     99.27%
 524  KU950608    1.45%    passed     95.50%
 525  KU950623    0.29%    passed     99.98%
 526  KU950652    0.84%    passed     99.73%
 527  KU950554    1.16%    passed     99.59%
 528  KU950673    0.43%    passed     99.97%
 529  KU950556    0.73%    passed     99.93%
 530  KU950537    0.30%    passed     99.95%
 531  KU950522    0.77%    passed     99.45%
 532  KU950686    0.30%    passed     99.95%
 533  KU950520    0.66%    passed     99.40%
 534  KU950692    0.31%    passed     99.88%
 535  KU950616    1.18%    passed     99.31%
 536  KU950610    0.30%    passed     99.83%
 537  KU950502    0.38%    passed     99.96%
 538  KU950598    0.37%    passed     99.66%
 539  KU950631    0.29%    passed     99.15%
 540  KU839626    0.69%    passed     99.98%
 541  KU950632    1.16%    passed     99.52%
 542  KU950550    0.31%    passed     99.99%
 543  KU950609    0.79%    passed     99.26%
 544  KU950626    1.76%    passed     99.90%
 545  KU950536    0.78%    passed     99.41%
 546  KU950583    0.37%    passed     99.95%
 547  KU950549    0.31%    passed    100.00%
 548  KU950658    1.28%    passed     99.75%
 549  KU950674    0.29%    passed     99.79%
 550  KU950527    0.96%    passed     99.89%
 551  KU950470    0.38%    passed     99.81%
 552  MN306045    0.64%    passed     99.16%
 553  KU950638    0.29%    passed     99.97%
 554  KU950459    1.03%    passed     98.87%
 555  KU950596    0.32%    passed     99.99%
 556  KU950645    1.17%    passed     99.78%
 557  KU950581    0.30%    passed     99.99%
 558  KU950650    0.29%    passed    100.00%
 559  MN306048    0.29%    passed     99.35%
 560  MN306029    0.58%    passed     99.78%
 561  MN306050    0.79%    passed     99.95%
 562  MN310477    1.57%    passed     99.79%
 563  MN306030    1.10%    passed     90.93%
 564  MN306054    1.07%    passed     99.73%
 565  MN306017    0.12%    passed     99.79%
 566  MN306021    1.19%    passed     98.51%
 567  MN306031    0.49%    passed     87.01%
 568  KX765920    1.17%    passed     99.74%
 569  KU950561    0.86%    passed     99.06%
 570  KX655615    1.16%    passed     99.54%
 571  KX655616    1.17%    passed     99.75%
 572  MH383066    0.76%    passed     99.42%
 573  KX655617    1.17%    passed     99.96%
 574  KX655619    1.60%    passed     99.71%
 575  KX655618    1.16%    passed     99.98%
 576  KX655622    1.17%    passed     99.95%
 577  KX655620    2.09%    passed     90.30%
 578  KX655621    2.00%    passed     96.59%
 579  KX655623    1.89%    passed     97.99%
 580  KX655626    1.75%    passed     95.79%
 581  KX655627    1.30%    passed     99.90%
 582  KX655628    1.17%    passed     99.90%
 583  KX655630    1.16%    passed     99.75%
 584  KX655631    1.85%    passed     98.14%
 585  KX655632    1.20%    passed     99.89%
 586  KX655634    1.16%    passed    100.00%
 587  KX655635    1.90%    passed     99.57%
 588  KX655636    1.93%    passed     95.83%
 589  KX655638    1.18%    passed     98.62%
 590  KX655637    1.17%    passed     99.87%
 591  KX655639    1.16%    passed     98.98%
 592  KX655640    0.75%    passed     96.31%
 593  KX655643    1.77%    passed     99.69%
 594  KX655644    0.38%    passed     98.83%
 595  KX655651    2.34%    passed     97.90%
 596  KX655652    1.16%    passed     99.65%
 597  KX655647    1.18%    passed     99.90%
 598  KX655650    1.17%    passed     99.94%
 599  KX655656    1.92%    passed     99.91%
 600  KX655658    1.20%    passed     99.96%
 601  KX655659    0.79%    passed     99.65%
 602  KX655657    1.24%    passed     99.65%
 603  KX655662    1.16%    passed     99.88%
 604  KX655663    2.36%    passed     96.00%
 605  KX655665    1.78%    passed     93.75%
 606  KX655666    1.64%    passed     99.92%
 607  KX655667    1.70%    passed     99.82%
 608  KX655670    2.23%    passed     97.60%
 609  KX655672    1.16%    passed     99.99%
 610  KX655675    0.35%    passed     99.83%
 611  KX655676    1.20%    passed     99.95%
 612  KX655673    1.17%    passed     99.90%
 613  KX655677    2.23%    passed     99.41%
 614  KX655682    1.98%    passed     96.37%
 615  KX655680    1.21%    passed     99.93%
 616  KX655678    1.17%    passed     99.93%
 617  KX655687    2.01%    passed     95.88%
 618  KX655689    2.20%    passed     95.47%
 619  KX655691    1.16%    passed     99.75%
 620  KX655695    2.12%    passed     86.52%
 621  KX655694    1.03%    passed     91.07%
 622  KX655696    1.16%    passed     99.97%
 623  KX655697    1.16%    passed    100.00%
 624  KX655699    2.20%    passed     88.51%
 625  KX655679    1.51%    passed     99.87%
 626  KX765887    0.35%    passed     99.50%
 627  KX765886    0.35%    passed     99.44%
 628  KX655692    1.39%    passed     99.99%
 629  KX765894    0.35%    passed     98.27%
 630  KX765904    0.35%    passed     99.90%
 631  KX765891    1.18%    passed     98.20%
 632  KX765902    0.36%    passed     99.76%
 633  KX765898    0.35%    passed     99.49%
 634  KX765910    1.17%    passed     99.45%
 635  KX765896    1.17%    passed     99.16%
 636  KX765901    1.99%    passed     99.87%
 637  KX765911    0.35%    passed     99.05%
 638  KX765914    0.35%    passed     99.66%
 639  KX765913    1.16%    passed     99.59%
 640  KX765916    0.34%    passed     99.90%
 641  KX765915    0.34%    passed     99.76%
 642  KX765917    0.34%    passed     99.53%
 643  KX765918    1.16%    passed     99.70%
 644  KX765919    0.35%    passed     99.90%
 645  MG642063    1.16%    passed     99.86%
 646  MG642070    1.17%    passed     99.90%
 647  KY967363    0.98%    passed     99.92%
 648  MG642071    1.16%    passed     99.35%
 649  KY967362    1.26%    passed     99.29%
 650  MG642074    1.16%    passed     99.21%
 651  KY782635    0.48%    passed     97.73%
 652  KY982516    0.39%    passed     99.77%
 653  KY982517    0.36%    passed     99.91%
 654  KY460517    1.24%    passed     95.64%
 655  KX765925    0.34%    passed     99.95%
 656  KX765932    0.35%    passed     99.50%
 657  KX765931    0.35%    passed     98.83%
 658  KX765928    0.78%    passed     99.29%
 659  KX765926    0.34%    passed     99.75%
 660  KX765934    1.16%    passed     99.47%
 661  KX765936    0.35%    passed     99.79%
 662  KX765933    0.79%    passed     97.76%
 663  KX765972    0.35%    passed     99.90%
 664  KX765971    0.35%    passed     99.89%
 665  KX765974    0.35%    passed     99.88%
 666  KX765977    0.34%    passed     99.59%
 667  MG642031    1.15%    passed     99.77%
 668  MG642030    1.17%    passed     99.72%
 669  MG642033    1.17%    passed     98.16%
 670  MG642032    1.17%    passed     98.54%
 671  MG642040    1.17%    passed     98.13%
 672  MG642035    1.16%    passed     99.49%
 673  MG642034    1.16%    passed     99.55%
 674  MG642048    1.15%    passed     99.64%
 675  MG642052    1.15%    passed     98.98%
 676  MG642055    1.15%    passed     98.94%
 677  MG642058    1.17%    passed     98.23%
 678  MG642050    1.16%    passed     98.37%
 679  MG642056    1.16%    passed     99.70%
 680  KX765937    1.22%    passed     99.82%
 681  KX765938    0.35%    passed     98.65%
 682  MG642061    1.15%    passed     98.94%
 683  KX765939    0.35%    passed     99.90%
 684  KX765941    0.34%    passed     99.83%
 685  KX765940    0.35%    passed     99.80%
 686  KX765944    0.34%    passed     99.96%
 687  KX765942    0.77%    passed     99.34%
 688  KX765954    0.69%    passed     99.73%
 689  KX765946    1.99%    passed     98.00%
 690  KX765948    0.35%    passed     99.50%
 691  KX765950    0.35%    passed     99.55%
 692  KX765951    0.35%    passed     99.68%
 693  KX765953    1.16%    passed     99.79%
 694  KX765955    0.35%    passed     99.62%
 695  KX765956    0.35%    passed     99.46%
 696  KX765958    1.22%    passed     99.96%
 697  KX765967    0.35%    passed     99.33%
 698  KX894797    0.68%    passed     99.99%
 699  KX765960    0.35%    passed     99.58%
 700  KX894799    0.69%    passed     99.79%
 701  KX765969    1.17%    passed     99.72%
 702  KX765970    0.34%    passed     99.97%
 703  KX894804    0.68%    passed     99.78%
 704  KX894806    0.69%    passed     99.79%
 705  KX894805    0.68%    passed     99.96%
 706  KX894796    1.15%    passed     98.90%
 707  KX894802    0.82%    passed     99.28%
 708  KX894803    0.35%    passed     99.72%
 709  MH279547    0.71%    passed     99.65%
 710  KX894798    1.18%    passed     99.18%
 711  MH290724    0.36%    passed     99.64%
 712  KX894800    1.17%    passed     99.22%
 713  KY883567    0.75%    passed     99.27%
 714  MG431254    0.60%    passed     99.97%
 715  KY883566    0.39%    passed     99.77%
 716  MG431255    0.63%    passed     99.06%
 717  MG642024    1.17%    passed     97.80%
 718  MG642026    1.16%    passed     99.50%
 719  MG642028    1.17%    passed     97.99%
 720  MF001039    1.97%    passed     99.78%
 721  MF001043    1.05%    passed     99.36%
 722  MG027862    0.77%    passed     93.06%
 723  MF001047    1.24%    passed     99.39%
 724  MF001049    1.05%    passed     99.45%
 725  MF001051    1.03%    passed     99.67%
 726  MF001052    0.91%    passed     99.20%
 727  MF001050    0.93%    passed     99.81%
 728  MF001056    1.68%    passed     99.49%
 729  MF001057    0.86%    passed     99.13%
 730  MF001041    1.05%    passed     98.72%
 731  MG642077    1.17%    passed     99.04%
 732  MG642079    1.15%    passed     99.77%
 733  MF001053    1.30%    passed     99.97%
 734  MG642081    1.16%    passed     99.68%
 735  MF001054    1.03%    passed     99.98%
 736  MG642080    1.16%    passed     98.36%
 737  MK167035    0.86%    passed     99.28%
 738  MG642083    1.18%    passed     99.71%
 739  MK749895    1.20%    passed     99.96%
 740  MK167036    0.62%    passed     98.55%
 741  MK749884    1.19%    passed     98.81%
 742  MK749867    1.19%    passed     97.75%
 743  MK749893    1.19%    passed     97.70%
 744  MH447952    1.09%    passed     95.99%
 745  MK749886    1.19%    passed     98.19%
 746  MK749890    1.20%    passed     98.60%
 747  MF614946    0.30%    passed     99.85%
 748  MH447951    0.38%    passed     99.76%
 749  MF614947    0.27%    passed     99.98%
 750  MH447953    0.46%    passed     99.73%
 751  MH447954    0.40%    passed     99.70%
 752  MH447956    0.37%    passed     99.82%
 753  MH447955    0.35%    passed     99.71%
 754  MH447957    0.45%    passed     99.09%
 755  MH447958    0.43%    passed     99.46%
 756  LC474557    0.31%    passed     99.86%
 757  LC474556    0.32%    passed     98.51%
 758  LC474558    0.31%    passed     99.92%
 759  MH447960    0.37%    passed     99.94%
 760  MG793382    0.29%    passed     99.83%
 761  MH447959    0.37%    passed     99.84%
 762  MG839543    0.41%    passed     99.93%
 763  MK109773    1.16%    passed    100.00%
 764  MK109763    1.21%    passed     99.89%
 765  MK109775    1.17%    passed     99.91%
 766  MK109772    1.18%    passed     99.95%
 767  MK109774    1.17%    passed     99.96%
 768  MK109776    1.16%    passed     99.98%
 769  MK749911    1.21%    passed     99.25%
 770  MK749913    1.13%    passed     98.99%
 771  MK109777    2.00%    passed     95.27%
 772  MK109785    1.17%    passed     99.87%
 773  MK109787    0.82%    passed     99.71%
 774  MK749909    1.19%    passed     99.90%
 775  MK749912    1.20%    passed     97.57%
 776  MK749917    1.19%    passed     98.98%
 777  MN630088    0.58%    passed     99.25%
 778  MN630089    0.49%    passed     99.69%
 779  MN630092    4.44%    passed     79.41%
 780  MN630098    1.23%    passed     97.88%
 781  MN630101    2.79%    passed     75.43%
 782  MN630090    0.67%    passed     99.63%
 783  MN630102    1.64%    passed     92.24%
 784  MN630096    0.89%    passed     99.08%
 785  MN630093    0.66%    passed     99.72%
 786  MN630105    2.07%    passed     89.50%
 787  MN630097    1.63%    passed     99.45%
 788  MN630100    0.27%    passed     99.08%
 789  MN630099    0.62%    passed     99.79%
 790  MN630104    0.25%    passed     99.96%
 791  MN630107    4.90%    passed     80.17%
 792  MN630103    2.93%    passed     91.23%
 793  MG813982    1.60%    passed     98.20%
 794  MG813978    1.30%    passed     94.14%
 795  MG813981    1.30%    passed     98.17%
 796  MG813979    1.30%    passed     94.14%
 797  MG813980    1.30%    passed     98.17%
 798  MG813987    1.77%    passed     98.64%
 799  MG813977    1.32%    passed     96.25%
 800  MG813985    1.29%    passed     98.61%
 801  MG813983    1.30%    passed     97.77%
 802  MG813984    1.29%    passed     98.61%
 803  MG813990    1.29%    passed     98.08%
 804  MG813986    1.57%    passed     99.58%
 805  MG813988    1.32%    passed     98.09%
 806  MG813991    1.29%    passed     98.08%
 807  MG813992    1.33%    passed     96.46%
 808  MN630106    0.77%    passed     99.52%
 809  MG813993    1.30%    passed     95.76%
 810  MN531557    2.45%    passed     93.03%
 811  MN251607    3.34%    passed     81.04%
 812  LC530050    0.29%    passed     99.83%
 813  MT422269    2.26%    passed     96.58%
 814  MT422270    2.08%    passed     99.01%
 815  MW020598    0.46%    passed     99.79%
 816  MW020596    0.45%    passed     99.67%
 817  MW020597    0.46%    passed     99.95%
 818  MW020599    0.44%    passed     99.57%
 819  MT422273    2.12%    passed     90.36%
 820  MT422271    2.08%    passed     89.73%
 821  MT422272    2.08%    passed     89.73%
 822  MW160747    0.39%    passed     99.57%
 823  MW033958    0.07%    passed     99.98%
 824  MW582528    0.00%    passed     99.78%
 825  MT506703    0.87%    passed     99.71%
 826  MW160746    0.86%    passed     99.44%
 827  MW160749    0.39%    passed     99.97%
 828  MW160753    0.40%    passed     98.88%
 829  MW160754    0.43%    passed     99.92%
 830  MW160759    0.43%    passed     99.85%
 831  MW160762    0.39%    passed     96.06%
 832  MW160758    0.39%    passed     99.96%
 833  MW160761    0.39%    passed    100.00%
 834  MW160764    0.63%    passed     99.99%
 835  MW160756    0.39%    passed     99.16%
 836  MW160766    0.39%    passed     98.93%
 837  MW160778    1.45%    passed     97.59%
 838  MW160767    0.40%    passed     99.98%
 839  MW160771    0.49%    passed     99.88%
 840  MW160768    0.39%    passed     99.82%
 841  MW160772    0.39%    passed     99.99%
 842  MW160782    1.34%    passed     98.87%
 843  MW160773    0.39%    passed     99.97%
 844  MW160774    0.39%    passed     99.33%
 845  MW160776    0.39%    passed     99.92%
 846  MW160779    0.62%    passed     99.87%
 847  MW160783    0.39%    passed     99.82%
 848  MW160785    0.39%    passed     99.22%
 849  MW160787    0.39%    passed     99.98%
 850  MW160795    0.39%    passed     99.92%
 851  MW160797    0.39%    passed     99.97%
 852  MW160801    0.39%    passed     99.97%
 853  MW160799    0.39%    passed     99.98%
 854  MW160820    1.43%    passed     86.87%
 855  MW160803    0.39%    passed     99.90%
 856  MW160807    0.40%    passed     99.95%
 857  MW160809    0.40%    passed     97.79%
 858  MW160819    0.39%    passed     90.52%
 859  MW160822    0.39%    passed     99.82%
 860  MW160824    0.39%    passed     98.95%
 861  MW160825    0.39%    passed     99.76%
 862  MW160827    0.43%    passed     98.61%
 863  MW160828    0.41%    passed     99.06%
 864  MW160830    0.39%    passed     99.98%
 865  MZ515645    0.01%    passed     97.94%
 866  MZ515643    0.01%    passed     98.84%
 867  MZ515646    0.08%    passed     99.52%
 868  MZ515647    0.00%    passed     99.04%
 869  MZ515649    0.01%    passed     99.37%
 870  MZ515650    0.00%    passed     99.75%
 871  MZ515651    0.01%    passed     99.21%
 872  MZ515652    0.03%    passed     99.56%
 873  MZ515655    0.00%    passed     99.75%
 874  MZ515666    0.01%    passed     99.90%
 875  MZ515668    0.00%    passed     99.97%
 876  MZ515679    0.00%    passed     99.90%
 877  MZ515680    0.01%    passed     98.84%
 878  MZ515681    0.01%    passed     99.97%
 879  MZ515682    0.01%    passed     99.71%
 880  MZ515687    0.01%    passed     98.66%
 881  MZ515685    0.01%    passed     99.64%
 882  MZ515689    0.01%    passed     99.30%
 883  MZ515688    0.03%    passed     96.82%
 884  MZ515690    0.12%    passed     99.96%
 885  MZ515692    0.01%    passed     99.94%
 886  MZ516053    0.03%    passed     99.99%
 887  MZ516055    0.02%    passed     99.75%
 888  MZ516057    0.03%    passed     99.86%
 889  MZ516058    0.03%    passed     99.94%
 890  MZ516063    0.00%    passed     99.01%
 891  MZ516067    0.00%    passed     99.01%
 892  MZ516066    0.02%    passed     99.25%
 893  MZ516068    0.01%    passed     98.78%
 894  MZ516071    0.04%    passed     96.93%
 895  MZ516072    0.00%    passed     99.80%
 896  MZ516073    0.01%    passed     99.90%
 897  MZ516074    0.01%    passed     99.64%
 898  MZ516076    0.00%    passed     99.81%
 899  MZ516077    0.02%    passed     99.82%
 900  MZ516086    0.01%    passed    100.00%
 901  MZ516075    0.02%    passed     97.47%
 902  MZ516080    0.01%    passed     99.60%
 903  MZ516097    0.36%    passed     97.09%
 904  MZ516087    0.03%    passed     99.64%
 905  MZ516090    0.01%    passed     96.71%
 906  MZ516088    0.03%    passed     99.39%
 907  MZ516096    0.54%    passed     99.85%
 908  MZ516092    0.00%    passed     99.67%
 909  MZ516093    0.03%    passed     99.71%
 910  MZ516100    0.01%    passed     99.83%
 911  MZ516108    0.04%    passed     99.95%
 912  MZ516110    0.03%    passed     99.59%
 913  MZ516103    0.09%    passed     99.63%
 914  MZ516111    0.01%    passed     99.94%
 915  MZ516118    0.03%    passed     99.69%
 916  MZ516112    0.00%    passed     99.18%
 917  MZ516117    0.10%    passed     97.20%
 918  MZ516120    0.01%    passed     97.82%
 919  MZ516129    0.03%    passed     99.55%
 920  MZ515999    0.54%    passed     99.90%
 921  MZ516130    0.05%    passed     98.91%
 922  MZ516132    0.03%    passed     99.58%
 923  MZ516137    0.01%    passed     99.76%
 924  MZ516005    1.49%    passed     99.18%
 925  MZ516134    0.01%    passed     99.85%
 926  MZ515998    0.10%    passed     99.79%
 927  MZ516000    0.03%    passed     97.10%
 928  MZ516002    0.01%    passed     98.93%
 929  MZ516004    5.48%    passed     68.14%
 930  MZ516010    0.36%    passed     99.52%
 931  MZ516008    0.01%    passed     96.67%
 932  MZ516007    0.05%    passed     96.94%
 933  MZ516011    0.01%    passed     96.79%
 934  MZ516019    1.55%    passed     97.53%
 935  MZ516012    0.03%    passed     96.94%
 936  MZ516014    0.01%    passed     97.82%
 937  MZ516017    0.01%    passed    100.00%
 938  MZ516015    0.01%    passed     99.90%
 939  MZ516024    0.01%    passed     99.82%
 940  MZ516023    0.01%    passed     99.91%
 941  MZ516026    0.02%    passed     99.72%
 942  MZ516028    0.03%    passed     99.79%
 943  MZ516027    0.00%    passed     99.51%
 944  MZ516029    0.01%    passed     96.32%
 945  MZ516031    0.04%    passed     96.93%
 946  MZ516033    0.01%    passed     97.55%
 947  MZ516039    0.00%    passed     99.44%
 948  MZ516038    0.01%    passed     99.43%
 949  MZ516043    0.02%    passed     99.86%
 950  MZ516040    0.03%    passed     98.60%
 951  MZ516044    0.02%    passed     99.72%
 952  MZ516052    0.02%    passed     99.76%
 953  MZ516047    0.02%    passed     99.25%
 954  MZ515567    0.03%    passed     96.42%
 955  MZ515559    0.03%    passed     99.98%
 956  MZ515555    0.00%    passed     99.92%
 957  MZ515566    0.00%    passed     98.95%
 958  MZ515564    0.39%    passed     99.09%
 959  MZ515568    0.01%    passed     99.67%
 960  MZ515570    0.04%    passed     99.13%
 961  MZ515569    0.02%    passed     99.94%
 962  MZ515571    0.01%    passed     97.42%
 963  MZ515573    0.01%    passed     96.96%
 964  MZ515572    0.37%    passed     99.95%
 965  MZ515575    0.02%    passed     99.96%
 966  MZ515576    0.03%    passed     98.92%
 967  MZ515593    0.58%    passed     99.49%
 968  MZ515579    0.04%    passed     97.71%
 969  MZ515580    0.03%    passed     99.51%
 970  MZ515583    0.01%    passed     95.72%
 971  MZ515585    0.02%    passed     97.47%
 972  MZ515592    0.01%    passed     99.76%
 973  MZ515588    0.08%    passed     99.47%
 974  MZ515606    0.07%    passed     97.81%
 975  MZ515600    0.02%    passed     99.59%
 976  MZ515597    0.03%    passed     99.91%
 977  MZ515609    0.02%    passed     99.69%
 978  MZ515616    0.01%    passed     99.62%
 979  MZ515614    0.01%    passed     97.59%
 980  MZ515617    0.00%    passed     99.01%
 981  MZ515619    0.00%    passed     99.38%
 982  MZ515626    0.47%    passed     99.92%
 983  MZ515623    0.01%    passed     99.69%
 984  MZ515620    0.02%    passed     99.68%
 985  MZ515631    0.01%    passed     98.69%
 986  MZ515628    0.01%    passed     99.92%
 987  MZ515629    0.26%    passed     99.96%
 988  MZ515632    0.03%    passed     99.64%
 989  MZ515633    0.02%    passed     99.77%
 990  MZ515634    0.00%    passed     97.76%
 991  MZ515640    0.01%    passed     96.36%
 992  MZ515641    0.03%    passed     99.75%
 993  MZ515695    0.05%    passed     99.98%
 994  MZ515696    0.01%    passed     99.51%
 995  MZ515693    0.01%    passed     99.83%
 996  MZ515700    0.01%    passed     99.67%
 997  MZ515703    0.03%    passed     99.61%
 998  MZ515701    0.03%    passed     99.34%
 999  MZ515709    0.03%    passed     99.48%
1000  MZ515706    0.01%    passed     97.96%
1001  MZ515717    0.01%    passed     99.62%
1002  MZ515718    0.03%    passed     99.73%
1003  MZ515720    0.03%    passed     99.48%
1004  MZ515723    0.00%    passed     99.94%
1005  MZ515731    0.03%    passed     99.52%
1006  MZ515734    3.12%    passed     95.38%
1007  MZ515735    0.00%    passed     99.74%
1008  MZ515737    0.16%    passed     98.07%
1009  MZ515740    0.02%    passed     99.77%
1010  MZ515752    0.00%    passed     99.94%
1011  MZ515749    0.03%    passed     95.50%
1012  MZ515744    0.01%    passed     98.47%
1013  MZ515755    0.03%    passed     99.64%
1014  MZ515768    1.17%    passed     98.34%
1015  MZ515758    0.04%    passed     99.37%
1016  MZ515766    0.03%    passed     99.46%
1017  MZ515760    1.34%    passed     97.63%
1018  MZ515772    0.03%    passed     99.54%
1019  MZ515777    0.01%    passed     98.09%
1020  MZ515773    0.01%    passed     97.79%
1021  MZ515780    0.01%    passed     99.91%
1022  MZ515782    0.01%    passed     96.09%
1023  MZ515784    0.01%    passed     98.66%
1024  MZ515781    0.02%    passed     99.77%
1025  MZ515789    0.03%    passed     99.82%
1026  MZ515790    0.01%    passed     99.54%
1027  MZ515795    1.11%    passed     99.35%
1028  MZ515800    0.01%    passed     99.79%
1029  MZ515797    0.22%    passed     99.28%
1030  MZ515801    0.01%    passed     99.39%
1031  MZ515802    0.04%    passed     99.83%
1032  MZ515803    0.01%    passed     98.84%
1033  MZ515804    0.00%    passed     99.74%
1034  MZ515814    0.03%    passed     99.80%
1035  MZ515811    0.01%    passed     98.70%
1036  MZ515819    0.00%    passed     99.63%
1037  MZ515821    0.07%    passed     99.24%
1038  MZ515825    0.03%    passed     98.82%
1039  MZ515828    0.00%    passed     99.74%
1040  MZ515834    0.01%    passed     99.90%
1041  MZ515841    0.01%    passed     99.49%
1042  MZ515840    0.02%    passed     99.69%
1043  MZ515833    0.03%    passed     99.87%
1044  MZ515842    0.01%    passed     99.52%
1045  MZ515835    0.03%    passed     99.99%
1046  MZ515847    0.01%    passed     99.46%
1047  MZ515851    0.00%    passed     99.73%
1048  MZ515848    0.01%    passed     99.76%
1049  MZ515850    0.02%    passed     99.91%
1050  MZ515852    0.02%    passed     99.64%
1051  MZ515853    0.00%    passed     99.63%
1052  MZ515854    0.00%    passed     99.54%
1053  MZ515859    0.03%    passed     99.28%
1054  MZ515860    0.01%    passed     96.20%
1055  MZ515862    0.05%    passed     99.78%
1056  MZ515878    0.94%    passed     96.70%
1057  MZ515861    0.21%    passed     99.69%
1058  MZ515864    0.01%    passed     99.90%
1059  MZ515870    0.02%    passed     99.70%
1060  MZ515866    0.05%    passed     99.31%
1061  MZ515873    0.02%    passed     97.47%
1062  MZ515877    0.01%    passed     99.34%
1063  MZ515882    0.00%    passed     99.85%
1064  MZ515880    0.03%    passed     99.46%
1065  MZ515884    0.01%    passed     99.77%
1066  MZ515888    2.22%    passed     99.89%
1067  MZ515887    0.00%    passed     99.45%
1068  MZ515891    0.00%    passed     99.67%
1069  MZ515901    0.00%    passed     99.46%
1070  MZ515898    0.03%    passed     99.18%
1071  MZ515902    0.02%    passed     99.63%
1072  MZ515905    0.03%    passed     99.98%
1073  MZ515909    0.03%    passed     99.94%
1074  MZ515907    0.01%    passed     98.27%
1075  MZ515908    0.03%    passed     99.64%
1076  MZ515911    0.01%    passed     98.27%
1077  MZ515910    0.00%    passed     99.92%
1078  MZ515913    0.03%    passed     99.73%
1079  MZ515921    0.03%    passed     99.85%
1080  MZ515922    0.00%    passed     99.63%
1081  MZ515923    0.00%    passed     99.88%
1082  MZ515927    0.00%    passed     99.67%
1083  MZ515928    0.00%    passed     99.92%
1084  MZ515931    0.02%    passed     99.60%
1085  MZ515929    0.01%    passed     99.02%
1086  MZ515933    0.01%    passed     99.46%
1087  MZ515939    0.05%    passed     99.46%
1088  MZ515940    0.01%    passed     96.36%
1089  MZ515941    0.01%    passed     98.65%
1090  MZ515942    0.00%    passed     99.97%
1091  MZ515943    0.04%    passed     97.71%
1092  MZ515945    0.04%    passed     98.67%
1093  MZ515948    0.03%    passed     96.95%
1094  MZ515951    0.01%    passed     99.36%
1095  MZ515956    0.02%    passed     99.63%
1096  MZ515961    0.01%    passed     97.35%
1097  MZ515954    0.00%    passed     99.01%
1098  MZ515959    0.02%    passed     99.59%
1099  MZ515957    0.24%    passed     99.48%
1100  MZ515962    0.02%    passed     99.77%
1101  MZ515963    0.01%    passed     98.76%
1102  MZ515964    0.00%    passed     99.04%
1103  MZ515966    0.01%    passed     99.07%
1104  MZ515969    0.01%    passed     98.55%
1105  MZ515967    0.02%    passed     99.45%
1106  MZ515971    0.01%    passed     99.81%
1107  MZ515980    0.43%    passed     99.55%
1108  MZ515973    0.03%    passed     99.71%
1109  MZ515985    0.03%    passed     99.92%
1110  MZ515984    0.02%    passed     97.65%
1111  MZ515989    0.01%    passed     99.64%
1112  MZ515992    0.03%    passed     99.64%
1113  MZ515987    0.02%    passed     97.70%
1114  MZ515986    0.01%    passed     96.32%
1115  MZ515993    0.01%    passed     99.90%
1116  MZ151853    2.55%    passed     98.38%
1117  MZ151852    2.08%    passed     98.19%
1118  MZ151855    2.08%    passed     84.84%
1119  MZ151854    2.08%    passed     84.84%
1120  OK649590    0.67%    passed     99.66%
1121  OK649592    0.62%    passed     98.50%
1122  OK649597    0.61%    passed     97.08%
1123  OK649595    0.59%    passed     99.64%
1124  OK649596    0.70%    passed     98.38%
1125  OK649598    0.66%    passed     98.95%
1126  OK649599    0.64%    passed     95.81%
1127  OK649600    0.67%    passed     97.89%
1128  OK649601    0.61%    passed     98.00%
1129  OK649604    0.67%    passed     99.30%
1130  OK649605    0.66%    passed     99.51%
1131  OK649603    0.71%    passed     99.49%
1132  OK649602    0.56%    passed     97.35%
1133  OK649607    0.56%    passed     96.63%
1134  OK649609    0.79%    passed     98.65%
1135  OK649606    0.52%    passed     99.63%
1136  OK649608    0.80%    passed     99.87%
1137  OK649614    0.77%    passed     98.16%
1138  OK649610    0.50%    passed     99.76%
1139  OK649613    0.82%    passed     99.28%
1140  OK649615    0.67%    passed     97.07%
1141  OK649612    0.63%    passed     98.50%
1142  OK649616    0.56%    passed     98.09%
1143  OK649617    0.63%    passed     97.00%
1144  OK649619    0.67%    passed     97.08%
1145  OK649618    0.69%    passed     98.28%
1146  OK649621    0.70%    passed     98.21%
1147  OK649622    0.79%    passed     97.09%
1148  OK649620    0.71%    passed     96.98%
1149  OK649623    0.69%    passed     98.87%
1150  OK649624    0.66%    passed     98.60%
1151  OK649625    0.62%    passed     97.70%
1152  OK649611    0.72%    passed     97.42%
1153  OK649629    0.63%    passed     97.31%
1154  OK649626    0.71%    passed     99.19%
1155  OK649628    0.63%    passed     98.88%
1156  OK649627    0.75%    passed     98.47%
1157  OK649631    0.82%    passed     96.71%
1158  OK649630    0.84%    passed     96.73%
1159  OK649633    0.66%    passed     97.23%
1160  OK649632    0.73%    passed     98.21%
1161  OK649636    0.66%    passed     99.79%
1162  OK649634    0.59%    passed     98.81%
1163  OK649635    0.54%    passed     99.43%
1164  OK649637    0.72%    passed     99.95%
1165  OK649639    0.86%    passed     98.90%
1166  OK649638    0.68%    passed     98.64%
1167  OK649640    0.63%    passed     99.24%
1168  OK649643    0.64%    passed     99.04%
1169  OK649641    0.69%    passed     99.61%
1170  OK649642    0.68%    passed     98.11%
1171  OK649644    0.67%    passed     99.02%
1172  OK649645    0.58%    passed     99.44%
1173  OK649647    0.60%    passed     98.92%
1174  OK649646    0.66%    passed     98.41%
1175  OK649648    0.54%    passed     99.66%
1176  OK649651    1.04%    passed     99.22%
1177  OK649650    0.83%    passed     98.16%
1178  OK649652    0.62%    passed    100.00%
1179  OK649655    0.69%    passed     97.48%
1180  OK649654    0.68%    passed     97.44%
1181  OK649653    0.80%    passed     99.56%
1182  OK649656    0.69%    passed     99.36%
1183  OK649661    0.84%    passed     99.94%
1184  OK649657    0.89%    passed     98.48%
1185  OK649649    0.59%    passed     99.67%
1186  OK649658    0.67%    passed     99.75%
1187  OK649659    0.74%    passed     99.70%
1188  OK649660    0.73%    passed     94.38%
1189  OK649662    0.71%    passed     99.62%
1190  OK649663    0.78%    passed     98.21%
1191  OK649666    0.70%    passed     99.69%
1192  OK649667    0.71%    passed     98.75%
1193  OK649665    0.73%    passed     99.79%
1194  OK649664    0.81%    passed     99.90%
1195  OK649669    0.74%    passed     99.76%
1196  OK649671    0.76%    passed     99.78%
1197  OK649672    0.64%    passed     90.12%
1198  OK649674    0.68%    passed     99.23%
1199  OK649676    0.65%    passed     99.75%
1200  OK649677    0.63%    passed     99.09%
1201  OK649681    0.34%    passed     99.96%
1202  OK649678    0.69%    passed     99.88%
1203  OK649683    0.24%    passed     99.92%
1204  OK649679    0.69%    passed     94.89%
1205  OK649682    0.23%    passed     99.82%
1206  OK649684    0.18%    passed     99.94%
****  TOTAL       0.74%  0 sequences failed composition chi2 test (p-value<5%; df=3)
NOTE: KJ627245 is identical to KJ627301 but kept for subsequent analysis
NOTE: KJ627346 is identical to KJ627326 but kept for subsequent analysis
NOTE: KJ627263 is identical to KJ627334 but kept for subsequent analysis
NOTE: KF973321 is identical to KF973333 but kept for subsequent analysis
NOTE: KF973326 is identical to KF973336 but kept for subsequent analysis
NOTE: KJ672466 is identical to KJ672470 but kept for subsequent analysis
NOTE: KJ627695 is identical to KJ627696 but kept for subsequent analysis
NOTE: KF973323 is identical to KF973320 but kept for subsequent analysis
NOTE: KX894806 is identical to KJ672448 but kept for subsequent analysis
NOTE: KJ672460 is identical to KJ672456 but kept for subsequent analysis
NOTE: KJ672461 is identical to KJ672424 but kept for subsequent analysis
NOTE: KX894800 is identical to KJ672447 but kept for subsequent analysis
NOTE: KJ672454 is identical to KJ672429 but kept for subsequent analysis
NOTE: KX894798 is identical to KJ672462 but kept for subsequent analysis
NOTE: KX894796 is identical to KJ672436 but kept for subsequent analysis
NOTE: KU950686 is identical to KU950537 but kept for subsequent analysis
NOTE: MG642079 is identical to MG642031 but kept for subsequent analysis
NOTE: LC530050 is identical to MG793382 but kept for subsequent analysis
NOTE: MG813979 is identical to MG813978 but kept for subsequent analysis
NOTE: MG813980 is identical to MG813981 but kept for subsequent analysis
NOTE: MG813984 is identical to MG813985 but kept for subsequent analysis
NOTE: MG813991 is identical to MG813990 but kept for subsequent analysis
NOTE: MT422272 is identical to MT422271 but kept for subsequent analysis
NOTE: MZ515680 is identical to MZ515643 but kept for subsequent analysis
NOTE: MZ515964 is identical to MZ515647 but kept for subsequent analysis
NOTE: MZ515655 is identical to MZ515650 but kept for subsequent analysis
NOTE: MZ515993 is identical to MZ515666 but kept for subsequent analysis
NOTE: MZ515942 is identical to MZ515668 but kept for subsequent analysis
NOTE: MZ515784 is identical to MZ515687 but kept for subsequent analysis
NOTE: MZ516074 is identical to MZ515685 but kept for subsequent analysis
NOTE: MZ516111 is identical to MZ515692 but kept for subsequent analysis
NOTE: MZ516067 is identical to MZ516063 but kept for subsequent analysis
NOTE: MZ516047 is identical to MZ516066 but kept for subsequent analysis
NOTE: MZ516031 is identical to MZ516071 but kept for subsequent analysis
NOTE: MZ516017 is identical to MZ516086 but kept for subsequent analysis
NOTE: MZ515585 is identical to MZ516075 but kept for subsequent analysis
NOTE: MZ515891 is identical to MZ516092 but kept for subsequent analysis
NOTE: MZ515693 is identical to MZ516100 but kept for subsequent analysis
NOTE: MZ516014 is identical to MZ516120 but kept for subsequent analysis
NOTE: MZ515864 is identical to MZ516015 but kept for subsequent analysis
NOTE: MZ515986 is identical to MZ516029 but kept for subsequent analysis
NOTE: MZ515700 is identical to MZ515568 but kept for subsequent analysis
NOTE: MZ515943 is identical to MZ515579 but kept for subsequent analysis
NOTE: MZ515959 is identical to MZ515600 but kept for subsequent analysis
NOTE: MZ515781 is identical to MZ515633 but kept for subsequent analysis
NOTE: MZ515940 is identical to MZ515640 but kept for subsequent analysis
NOTE: MZ515720 is identical to MZ515709 but kept for subsequent analysis
NOTE: MZ515804 is identical to MZ515735 but kept for subsequent analysis
NOTE: MZ515908 is identical to MZ515755 but kept for subsequent analysis
NOTE: MZ515853 is identical to MZ515819 but kept for subsequent analysis
NOTE: MZ515933 is identical to MZ515847 but kept for subsequent analysis
NOTE: MZ151854 is identical to MZ151855 but kept for subsequent analysis
Checking for duplicate sequences: done in 0.0402391 secs using 97.54% CPU
Identifying sites to remove: done in 0.095331 secs using 88.9% CPU
NOTE: 11 identical sequences (see below) will be ignored for subsequent analysis
NOTE: KJ627295 (identical to KJ627326) is ignored but added at the end
NOTE: KF973322 (identical to KF973333) is ignored but added at the end
NOTE: KX894804 (identical to KJ672470) is ignored but added at the end
NOTE: MZ515803 (identical to MZ515643) is ignored but added at the end
NOTE: MZ515989 (identical to MZ515685) is ignored but added at the end
NOTE: MZ515617 (identical to MZ516063) is ignored but added at the end
NOTE: MZ515954 (identical to MZ516063) is ignored but added at the end
NOTE: MZ515873 (identical to MZ516075) is ignored but added at the end
NOTE: MZ515927 (identical to MZ516092) is ignored but added at the end
NOTE: MZ515962 (identical to MZ515633) is ignored but added at the end
NOTE: MZ515922 (identical to MZ515819) is ignored but added at the end
Alignment was printed to results/aligned_A-delim.fasta.uniqueseq.phy

For your convenience alignment with unique sequences printed to results/aligned_A-delim.fasta.uniqueseq.phy

Create initial parsimony tree by phylogenetic likelihood library (PLL)... 0.027 seconds

NOTE: 277 MB RAM (0 GB) is required!
Estimate model parameters (epsilon = 0.500)
1. Initial log-likelihood: -1324899.858
2. Current log-likelihood: -1184836.438
3. Current log-likelihood: -1183312.001
4. Current log-likelihood: -1183084.184
Optimal log-likelihood: -1183084.088
Rate parameters:  A-C: 1.99477  A-G: 10.08811  A-T: 1.91238  C-G: 0.11203  C-T: 20.87035  G-T: 1.00000
Base frequencies:  A: 0.389  C: 0.177  G: 0.156  T: 0.278
Parameters optimization took 4 rounds (34.492 sec)
Wrote distance file to... 
Computing ML distances based on estimated model parameters...
Calculating distance matrix: done in 13.326 secs using 98.24% CPU
Computing ML distances took 13.411991 sec (of wall-clock time) 13.150616 sec (of CPU time)
Setting up auxiliary I and S matrices: done in 0.031589 secs using 173.5% CPU
Constructing RapidNJ tree: done in 0.0557101 secs using 182.5% CPU
Computing RapidNJ tree took 0.087432 sec (of wall-clock time) 0.156528 sec (of CPU time)
Log-likelihood of RapidNJ tree: -197386.344
--------------------------------------------------------------------
|             INITIALIZING CANDIDATE TREE SET                      |
--------------------------------------------------------------------

Do NNI search on 2 best initial trees
Optimizing NNI: done in 9.83513 secs using 99.37% CPU
Estimate model parameters (epsilon = 0.500)
BETTER TREE FOUND at iteration 1: -196556.480
Optimizing NNI: done in 210.249 secs using 97.52% CPU
Finish initializing candidate tree set (4)
Current best tree score: -196556.480 / CPU time: 229.442
Number of iterations: 2
TREE SEARCH COMPLETED AFTER 2 ITERATIONS / Time: 0h:4m:45s

--------------------------------------------------------------------
|                    FINALIZING TREE SEARCH                        |
--------------------------------------------------------------------
Performs final model parameters optimization
Estimate model parameters (epsilon = 0.050)
1. Initial log-likelihood: -196556.480
Optimal log-likelihood: -196556.444
Rate parameters:  A-C: 1.79898  A-G: 10.20447  A-T: 1.46373  C-G: 0.16194  C-T: 19.38060  G-T: 1.00000
Base frequencies:  A: 0.389  C: 0.177  G: 0.156  T: 0.278
Parameters optimization took 1 rounds (2.613 sec)
BEST SCORE FOUND : -196556.444
Total tree length: 1.478

Total number of iterations: 2
CPU time used for tree search: 224.117 sec (0h:3m:44s)
Wall-clock time used for tree search: 229.445 sec (0h:3m:49s)
Total CPU time used: 280.348 sec (0h:4m:40s)
Total wall-clock time used: 288.102 sec (0h:4m:48s)

Analysis results written to: 
  IQ-TREE report:                results/aligned_A-delim.fasta.iqtree
  Maximum-likelihood tree:       results/aligned_A-delim.fasta.treefile
  Likelihood distances:          results/aligned_A-delim.fasta.mldist
  Screen log file:               results/aligned_A-delim.fasta.log

Date and Time: Thu Mar 31 10:43:05 2022
