IQ-TREE multicore version 2.2.0-beta COVID-edition for Mac OS X 64-bit built Mar  3 2022 built Mar  3 2022
Developed by Bui Quang Minh, James Barbetti, Nguyen Lam Tung,
Olga Chernomor, Heiko Schmidt, Dominik Schrempf, Michael Woodhams, Ly Trong Nhan.

Host:    MacBook-Pro.local (SSE4.2, 8 GB RAM)
Command: iqtree2 -nt 1 -s results/aligned_B-delim.fasta -m GTR -ninit 2 -n 2 -me 0.05
Seed:    44250 (Using SPRNG - Scalable Parallel Random Number Generator)
Time:    Tue Apr  5 12:12:47 2022
Kernel:  SSE2 - 1 threads (8 CPU cores detected)

HINT: Use -nt option to specify number of threads because your CPU has 8 cores!
HINT: -nt AUTO will automatically determine the best number of threads to use.

Reading alignment file results/aligned_B-delim.fasta ... Fasta format detected
Reading fasta file: done in 0.21919 secs using 88.36% CPU
Alignment most likely contains DNA/RNA sequences
Constructing alignment: done in 0.0871918 secs using 84.3% CPU
Alignment has 898 sequences with 15285 columns, 6321 distinct patterns
4739 parsimony-informative, 1840 singleton sites, 8706 constant sites
          Gap/Ambiguity  Composition  p-value
Analyzing sequences: done in 0.0381141 secs using 91.92% CPU
   1  JQ582844    0.04%    passed     97.17%
   2  KP317925    1.47%    passed     98.23%
   3  KP856961    1.09%    passed     99.96%
   4  LC474554    0.41%    passed     99.25%
   5  KP317923    0.69%    passed     97.57%
   6  KP856963    1.09%    passed     59.27%
   7  JQ582843    0.45%    passed     98.89%
   8  KP317928    0.33%    passed     99.66%
   9  KP317941    1.84%    passed     88.20%
  10  KP317934    0.34%    passed     99.70%
  11  KP856965    1.09%    passed     99.97%
  12  KF640637    0.06%    passed     99.68%
  13  KF826825    0.17%    passed     99.66%
  14  KF826829    0.46%    passed     97.15%
  15  KP856966    0.71%    passed    100.00%
  16  KF826844    0.44%    passed     99.93%
  17  KP317932    0.34%    passed     99.42%
  18  KJ939933    0.16%    passed     98.70%
  19  KJ939925    0.13%    passed     98.82%
  20  KP663729    0.33%    passed     99.85%
  21  KP317917    0.34%    passed     99.82%
  22  KP317927    0.34%    passed     99.74%
  23  KP317945    0.35%    passed     99.72%
  24  KJ939930    0.14%    passed     99.18%
  25  KP663730    0.33%    passed    100.00%
  26  KJ939929    0.14%    passed     99.43%
  27  KJ939934    0.21%    passed     99.47%
  28  KJ939920    0.14%    passed     99.84%
  29  KJ939923    0.14%    passed     97.75%
  30  KJ939931    0.18%    passed     98.55%
  31  KJ939921    0.14%    passed     98.15%
  32  KJ939932    0.14%    passed     99.85%
  33  KJ939928    0.17%    passed     99.92%
  34  JX576744    0.07%    passed     99.86%
  35  JX576761    0.03%    passed     99.94%
  36  JX576733    0.07%    passed     99.37%
  37  JX576757    0.07%    passed     98.33%
  38  JX576750    0.07%    passed     91.60%
  39  JX576737    0.07%    passed     99.98%
  40  JX576759    0.07%    passed     99.54%
  41  JX576731    0.09%    passed     99.42%
  42  JX576735    0.07%    passed     97.30%
  43  JX576749    0.07%    passed     99.74%
  44  JX576738    0.07%    passed     99.95%
  45  KF826859    0.14%    passed     99.79%
  46  JX576760    0.45%    passed     98.97%
  47  KF530259    0.55%    passed     99.77%
  48  KJ627342    0.74%    passed     99.99%
  49  JX576740    0.07%    passed     99.83%
  50  KF826860    0.24%    passed     99.89%
  51  JX576762    0.03%    passed     99.17%
  52  JX576753    0.07%    passed     99.64%
  53  JX576758    0.03%    passed     98.74%
  54  JX576751    0.07%    passed     99.39%
  55  JX576739    0.07%    passed     99.77%
  56  JX576743    0.07%    passed     99.79%
  57  JX576754    0.07%    passed     99.97%
  58  JX576741    0.07%    passed     99.80%
  59  JX576746    0.07%    passed     99.70%
  60  JX576742    0.07%    passed     99.89%
  61  JX576736    0.07%    passed     99.97%
  62  JX576730    0.07%    passed     99.88%
  63  JX576748    0.07%    passed     99.54%
  64  JX576734    0.07%    passed     99.94%
  65  JX576752    0.07%    passed     99.84%
  66  JX576756    0.07%    passed     99.80%
  67  JX576745    0.07%    passed     99.51%
  68  JX576747    0.07%    passed     99.33%
  69  JX576732    0.07%    passed     99.47%
  70  JX576755    0.07%    passed     99.60%
  71  KF826820    4.17%    passed     87.86%
  72  JX576729    0.09%    passed     99.76%
  73  KJ627348    0.74%    passed     99.64%
  74  KF826842    0.10%    passed     99.99%
  75  KF826845    0.90%    passed     99.61%
  76  KF826835    0.39%    passed     99.47%
  77  KF826858    0.34%    passed     98.52%
  78  KF826834    0.52%    passed     99.70%
  79  KJ627340    0.74%    passed     99.83%
  80  KJ627341    0.74%    passed     99.64%
  81  KF826851    0.07%    passed     99.82%
  82  KJ627277    0.74%    passed     99.19%
  83  KF826857    0.13%    passed     99.47%
  84  KJ627330    0.74%    passed     99.97%
  85  KJ627285    0.74%    passed     99.96%
  86  KJ627247    0.74%    passed     99.83%
  87  KF826822    0.11%    passed     99.33%
  88  KJ627332    0.74%    passed     99.85%
  89  KJ627251    0.74%    passed     99.96%
  90  KJ627254    0.75%    passed     99.84%
  91  KJ627280    0.74%    passed     99.36%
  92  KJ627262    0.74%    passed     99.99%
  93  KJ627299    0.74%    passed     99.66%
  94  KJ627364    0.74%    passed     99.09%
  95  KJ627278    0.74%    passed     99.72%
  96  KJ627302    0.74%    passed     98.96%
  97  KJ627317    0.74%    passed     99.05%
  98  KF826853    0.67%    passed     99.52%
  99  KJ627310    0.74%    passed     98.61%
 100  KJ627359    0.74%    passed     99.92%
 101  KJ723466    1.11%    passed     99.91%
 102  KP258731    1.11%    passed     99.45%
 103  KJ672430    0.75%    passed     99.21%
 104  KP258713    1.10%    passed     99.97%
 105  KP258712    1.07%    passed     99.02%
 106  KP258745    1.10%    passed     99.72%
 107  KP258698    1.07%    passed     94.75%
 108  KJ723460    1.09%    passed     95.00%
 109  KP258724    1.12%    passed     99.96%
 110  KJ723480    1.07%    passed     96.15%
 111  KP258705    1.10%    passed     98.37%
 112  KP258721    1.11%    passed     98.33%
 113  KU950577    0.74%    passed     99.88%
 114  KP258702    1.10%    passed     98.56%
 115  KU316105    0.71%    passed     99.21%
 116  KU950619    0.37%    passed     98.60%
 117  KU950510    0.37%    passed     99.86%
 118  KU316172    0.31%    passed     99.31%
 119  KU950588    0.74%    passed     98.38%
 120  KJ723477    1.09%    passed     95.75%
 121  KJ939924    0.20%    passed     97.12%
 122  KU316147    0.69%    passed     74.48%
 123  KJ672473    0.74%    passed     97.21%
 124  KJ672476    0.74%    passed     99.29%
 125  KU316158    0.71%    passed     99.47%
 126  KJ723485    1.09%    passed     79.87%
 127  KJ723482    1.07%    passed     98.22%
 128  KJ672425    0.74%    passed     99.59%
 129  KP258708    1.11%    passed     99.95%
 130  KJ672481    0.74%    passed     99.23%
 131  KP258736    1.09%    passed     48.88%
 132  KU316097    0.69%    passed     57.42%
 133  KU316116    0.69%    passed     61.10%
 134  KP258714    1.07%    passed     98.39%
 135  KJ672438    0.74%    passed     98.16%
 136  KP258739    0.71%    passed     98.75%
 137  KJ723479    1.10%    passed     68.07%
 138  KP258742    1.10%    passed     99.92%
 139  KJ723469    1.13%    passed     97.48%
 140  KJ723470    1.07%    passed     94.96%
 141  KJ939927    0.13%    passed     99.07%
 142  KP258738    1.09%    passed     83.86%
 143  KP258718    1.09%    passed     67.41%
 144  KP258720    1.11%    passed     99.81%
 145  KU316181    1.10%    passed     97.38%
 146  KU316136    1.10%    passed     81.28%
 147  KJ723484    1.10%    passed     98.72%
 148  KU316182    1.09%    passed     97.25%
 149  KJ939926    0.18%    passed     99.85%
 150  KU316132    1.09%    passed     96.43%
 151  KJ723481    1.07%    passed     97.74%
 152  KU316156    1.10%    passed     99.65%
 153  KU316113    1.09%    passed     98.60%
 154  KU316102    0.69%    passed     98.94%
 155  KM517573    0.07%    passed     99.93%
 156  KU316117    1.10%    passed     98.62%
 157  KU316101    0.72%    passed     51.66%
 158  KU316122    0.69%    passed     55.19%
 159  KM042393    0.74%    passed     98.83%
 160  KU316094    1.10%    passed     99.95%
 161  KU950663    0.35%    passed     99.94%
 162  KU950488    0.37%    passed     97.27%
 163  KU950656    0.57%    passed     99.99%
 164  KU316114    1.10%    passed     99.00%
 165  KU316111    1.10%    passed     99.46%
 166  KU950553    0.35%    passed     99.98%
 167  KU316144    1.09%    passed     95.84%
 168  KU950530    0.35%    passed     99.62%
 169  KU316173    1.09%    passed     98.11%
 170  KU316130    1.09%    passed     98.35%
 171  KU316095    0.69%    passed     73.77%
 172  KU316163    1.11%    passed     99.93%
 173  KU316115    1.09%    passed     68.93%
 174  KU316175    0.69%    passed     98.09%
 175  KU316127    1.09%    passed     96.17%
 176  KU950688    0.36%    passed     99.90%
 177  KU950681    0.36%    passed     99.91%
 178  KU950611    0.50%    passed     99.95%
 179  KU950503    0.35%    passed     99.96%
 180  KU950516    0.37%    passed     99.94%
 181  KU950603    0.35%    passed     98.67%
 182  KU950659    0.35%    passed     99.89%
 183  KU950606    0.35%    passed     99.81%
 184  KU950533    0.37%    passed     98.06%
 185  KU950543    0.75%    passed     99.84%
 186  KU839632    0.74%    passed     99.83%
 187  KU950675    0.35%    passed     99.85%
 188  KU950665    0.74%    passed     99.95%
 189  KU950599    0.74%    passed     99.92%
 190  KU950630    0.35%    passed     99.96%
 191  KU950695    0.74%    passed     99.92%
 192  KU950489    0.74%    passed     99.49%
 193  KU316179    1.11%    passed     99.28%
 194  KU950584    0.35%    passed     99.82%
 195  KU950625    0.74%    passed     99.74%
 196  KR350475    0.07%    passed     99.81%
 197  KU950467    0.35%    passed     99.96%
 198  KU950693    0.35%    passed     99.42%
 199  KU950586    0.37%    passed     98.67%
 200  KU950476    0.36%    passed     99.94%
 201  KU950462    0.35%    passed     99.80%
 202  KU950602    0.35%    passed     99.56%
 203  KU950601    0.61%    passed     99.89%
 204  KU950525    0.37%    passed     99.97%
 205  KU950558    0.42%    passed     99.54%
 206  KU950539    0.35%    passed     99.62%
 207  KU839627    0.74%    passed     99.93%
 208  KU839623    0.74%    passed     99.90%
 209  KU950477    0.35%    passed     99.98%
 210  KU839635    0.74%    passed     99.92%
 211  KU950535    0.35%    passed     99.97%
 212  KU950562    0.35%    passed     99.99%
 213  KU950621    0.79%    passed     99.26%
 214  KU950676    0.74%    passed     99.80%
 215  KU950669    0.35%    passed     99.57%
 216  KU950548    0.35%    passed     98.85%
 217  KU950461    0.78%    passed     98.98%
 218  KU950574    0.34%    passed     99.02%
 219  KU950635    0.35%    passed     99.87%
 220  KU839634    0.74%    passed     99.83%
 221  KU316128    1.11%    passed     99.27%
 222  KU316177    0.70%    passed     51.19%
 223  KU316134    0.71%    passed     99.81%
 224  KU839636    0.74%    passed     99.64%
 225  KU950687    0.74%    passed     99.88%
 226  KU950481    0.37%    passed     99.97%
 227  KU950495    0.37%    passed     99.97%
 228  KU950512    0.37%    passed     99.92%
 229  KU950691    0.37%    passed     99.94%
 230  KU950613    0.37%    passed     99.93%
 231  KU950571    0.37%    passed     98.90%
 232  KU839641    0.74%    passed     99.91%
 233  KU950534    0.37%    passed     99.97%
 234  KU839628    0.74%    passed     99.81%
 235  KU839633    0.74%    passed     98.45%
 236  KU950618    0.35%    passed     99.97%
 237  KU950648    0.67%    passed     99.95%
 238  KU950689    0.48%    passed     99.95%
 239  KU950657    0.35%    passed     99.90%
 240  KU950637    0.37%    passed     99.96%
 241  KU839629    0.74%    passed     99.78%
 242  KU950591    0.37%    passed     99.95%
 243  KU950614    0.35%    passed     99.41%
 244  KU839625    0.74%    passed     99.88%
 245  KU950565    0.74%    passed     99.81%
 246  KU950576    0.35%    passed     97.82%
 247  KU950514    0.54%    passed    100.00%
 248  KU950568    0.35%    passed     99.96%
 249  KU950478    0.37%    passed     99.94%
 250  KU950580    0.35%    passed     99.89%
 251  KU950504    0.37%    passed     99.99%
 252  KU316100    1.10%    passed     99.72%
 253  KU950463    0.37%    passed     99.93%
 254  KU950587    0.34%    passed     99.93%
 255  KU950593    0.35%    passed     99.92%
 256  KU950458    0.36%    passed     98.92%
 257  KU950484    0.35%    passed     99.61%
 258  KU950578    0.35%    passed     99.92%
 259  KU950682    0.35%    passed     99.95%
 260  KU950526    0.35%    passed     99.86%
 261  KU950559    0.74%    passed     99.89%
 262  KU950684    0.37%    passed     99.99%
 263  KU950500    0.35%    passed     99.10%
 264  KU950678    0.35%    passed     99.85%
 265  KU950604    0.37%    passed     99.89%
 266  KU950496    0.37%    passed     99.98%
 267  KU316159    1.10%    passed     98.78%
 268  KU950633    0.74%    passed     99.76%
 269  KU950515    0.35%    passed     99.92%
 270  KU950465    0.37%    passed     99.92%
 271  KU950569    0.35%    passed     99.41%
 272  KU950622    0.37%    passed     99.91%
 273  KU950662    0.35%    passed     99.87%
 274  KU950532    0.35%    passed     99.81%
 275  KU950582    0.35%    passed     99.86%
 276  KU950517    0.37%    passed     99.64%
 277  KU950542    0.37%    passed     98.26%
 278  KU950466    0.37%    passed     99.93%
 279  KU950690    0.48%    passed    100.00%
 280  KU950605    1.11%    passed     99.66%
 281  KU950471    0.36%    passed     99.99%
 282  KU950555    0.35%    passed     99.51%
 283  KU950679    0.35%    passed     99.96%
 284  KU950697    1.34%    passed     99.98%
 285  KU950668    0.35%    passed     99.94%
 286  KU950589    0.74%    passed     99.95%
 287  KU950482    0.36%    passed     99.91%
 288  KU839638    0.74%    passed     99.90%
 289  KU950647    0.67%    passed     99.45%
 290  KU950607    0.37%    passed     99.75%
 291  KU950497    0.37%    passed     99.98%
 292  KU950457    0.35%    passed     99.46%
 293  MN306044    0.43%    passed     99.74%
 294  KU950672    0.35%    passed     99.99%
 295  MH685715    0.29%    passed     99.10%
 296  KU950547    0.35%    passed     99.08%
 297  KU839640    0.74%    passed     99.90%
 298  KU950508    0.37%    passed     98.48%
 299  LC474542    0.37%    passed     99.60%
 300  LC385004    0.39%    passed     99.94%
 301  KX655624    0.74%    passed     98.83%
 302  LC488177    1.00%    passed     96.78%
 303  KX655629    0.35%    passed     99.80%
 304  KX655633    0.74%    passed     98.88%
 305  KX655641    0.35%    passed     99.00%
 306  KX655642    0.37%    passed     99.17%
 307  KX655645    0.74%    passed     99.20%
 308  KX655646    0.35%    passed     97.44%
 309  KX655648    0.35%    passed     99.84%
 310  KX655649    0.37%    passed     99.81%
 311  KX655654    0.48%    passed     99.94%
 312  KX655655    0.74%    passed     99.01%
 313  KX655653    0.55%    passed     99.48%
 314  KX655664    0.35%    passed     99.29%
 315  KX655669    0.74%    passed     98.78%
 316  KX655661    0.75%    passed     99.72%
 317  KX655671    0.35%    passed     99.99%
 318  KX655683    0.74%    passed     99.13%
 319  KX655681    0.37%    passed     99.92%
 320  KX655684    0.75%    passed     99.50%
 321  KX655686    0.37%    passed     99.36%
 322  KX655685    0.74%    passed     98.63%
 323  KX655690    1.13%    passed     98.64%
 324  KX655693    0.74%    passed     99.34%
 325  KX655698    0.48%    passed     98.85%
 326  KX655700    0.74%    passed     99.18%
 327  KX765888    0.75%    passed     99.57%
 328  KX765890    0.75%    passed     99.83%
 329  KX765889    0.74%    passed     99.36%
 330  KX765892    0.35%    passed     99.90%
 331  KX765893    0.75%    passed     99.65%
 332  KX765895    0.35%    passed     99.88%
 333  KX765897    0.74%    passed     99.88%
 334  KX765903    0.74%    passed     99.80%
 335  KX765900    0.74%    passed     99.83%
 336  KX765905    0.48%    passed     99.93%
 337  KX765899    0.48%    passed     99.72%
 338  KX765906    0.35%    passed     99.86%
 339  KX765908    0.74%    passed     99.94%
 340  KX765909    0.74%    passed     99.11%
 341  KX765907    0.74%    passed     99.63%
 342  KX765912    0.35%    passed     99.93%
 343  KX765921    0.35%    passed     99.53%
 344  KX765923    0.74%    passed     99.10%
 345  KX765922    0.75%    passed     99.77%
 346  MG642065    0.69%    passed     52.62%
 347  MG642064    1.10%    passed     98.11%
 348  MG642066    1.09%    passed     98.25%
 349  MG642072    1.09%    passed     95.54%
 350  KY674984    1.38%    passed     99.80%
 351  KX765929    0.35%    passed     99.95%
 352  KX765927    0.74%    passed     99.85%
 353  KX765935    0.35%    passed     99.89%
 354  KY249666    0.06%    passed     99.95%
 355  KX765930    0.48%    passed     99.72%
 356  KY249667    0.06%    passed     99.98%
 357  KY249669    0.11%    passed     98.55%
 358  KY249668    0.10%    passed     98.66%
 359  KY249670    0.23%    passed     99.90%
 360  KY249672    0.07%    passed     99.84%
 361  KY249673    0.25%    passed     99.93%
 362  KY249671    0.06%    passed     99.59%
 363  KY249675    0.06%    passed     97.54%
 364  KY249674    0.06%    passed     99.74%
 365  KY249676    0.06%    passed     97.03%
 366  KY249677    0.06%    passed     99.50%
 367  KY249678    0.06%    passed     99.98%
 368  KY249679    0.21%    passed     99.20%
 369  KY249681    0.31%    passed     99.36%
 370  KY249682    0.39%    passed     99.83%
 371  KY249680    0.26%    passed     99.06%
 372  KY249683    0.41%    passed     99.05%
 373  KY249656    0.06%    passed     98.79%
 374  KY249657    0.06%    passed     99.87%
 375  KY249659    0.06%    passed     99.32%
 376  KY249658    0.06%    passed     99.97%
 377  KY249661    0.25%    passed     99.97%
 378  KY249660    0.25%    passed     98.70%
 379  KY249662    0.07%    passed     99.89%
 380  KY249663    0.10%    passed     99.97%
 381  KY249664    0.07%    passed     99.19%
 382  KY249665    0.07%    passed     99.88%
 383  KX765975    0.35%    passed     99.98%
 384  KX765973    0.74%    passed     99.48%
 385  KX765976    0.74%    passed     99.50%
 386  KX765978    0.75%    passed     99.62%
 387  MG642036    1.09%    passed     98.36%
 388  MG642037    0.71%    passed     64.35%
 389  MG642039    0.69%    passed     98.06%
 390  MG642042    1.09%    passed     97.91%
 391  MG642043    0.69%    passed     98.74%
 392  MG642044    0.69%    passed     51.41%
 393  MG642045    0.69%    passed     63.25%
 394  MG642047    0.70%    passed     62.86%
 395  MG642049    1.11%    passed     99.96%
 396  MG642054    1.09%    passed     95.07%
 397  MG642057    1.09%    passed     98.15%
 398  MG642062    1.10%    passed     98.87%
 399  MG642059    0.69%    passed     57.29%
 400  MK749904    0.61%    passed     99.42%
 401  KX765943    0.74%    passed     99.79%
 402  KX765945    0.35%    passed     99.51%
 403  KX765947    0.35%    passed     99.85%
 404  KX765949    0.74%    passed     99.97%
 405  KX765952    0.74%    passed     98.02%
 406  KX765957    0.35%    passed     99.41%
 407  KX765959    0.35%    passed     99.78%
 408  KX765962    0.35%    passed     98.95%
 409  KX765961    0.35%    passed     97.72%
 410  MH327947    0.14%    passed     99.71%
 411  KX765964    0.74%    passed     99.06%
 412  KX765963    0.74%    passed     97.84%
 413  KX765965    0.74%    passed     99.73%
 414  KX765968    0.35%    passed     99.91%
 415  KX765966    0.35%    passed     98.80%
 416  KY684758    0.65%    passed     99.93%
 417  MG642027    1.09%    passed     96.35%
 418  MG642025    0.69%    passed     50.39%
 419  MG431251    0.26%    passed     99.69%
 420  KY883568    0.33%    passed     99.44%
 421  MG431253    0.63%    passed     99.97%
 422  KY883570    0.44%    passed     99.44%
 423  MF001048    1.07%    passed     99.95%
 424  KY883571    0.37%    passed     99.30%
 425  MF001042    0.71%    passed     99.96%
 426  MF001040    1.05%    passed     98.60%
 427  MF001045    0.57%    passed     99.56%
 428  MF001044    0.74%    passed     99.97%
 429  MF001058    0.95%    passed     99.96%
 430  MK481079    0.85%    passed     99.88%
 431  MK534510    0.85%    passed     99.88%
 432  MK534511    0.86%    passed     99.72%
 433  MG642078    0.71%    passed     54.60%
 434  MG642082    1.09%    passed     98.12%
 435  MK167034    0.58%    passed     99.53%
 436  MK534512    0.86%    passed     99.72%
 437  MK453523    0.57%    passed     99.38%
 438  MK749866    0.61%    passed     99.56%
 439  MK749868    0.56%    passed     99.96%
 440  MK749869    0.39%    passed     99.98%
 441  MK749873    0.54%    passed     99.65%
 442  MK749872    0.63%    passed     99.70%
 443  MK749871    0.61%    passed     99.80%
 444  MK749870    0.66%    passed     99.88%
 445  MK749874    0.54%    passed     99.78%
 446  MK749875    0.75%    passed     99.52%
 447  MK749876    0.62%    passed     99.69%
 448  MK749877    0.65%    passed     98.45%
 449  MK749878    0.63%    passed     99.69%
 450  MK749881    0.54%    passed     99.70%
 451  MK749879    0.46%    passed     99.11%
 452  MK749880    0.46%    passed     99.27%
 453  MK749882    0.61%    passed     99.92%
 454  MK749885    0.46%    passed     99.92%
 455  MK749887    0.63%    passed     99.85%
 456  MK749894    0.39%    passed     99.98%
 457  MK749891    0.52%    passed     98.20%
 458  MK749892    0.56%    passed     99.78%
 459  MK749889    0.62%    passed     99.50%
 460  MK749888    0.62%    passed     99.68%
 461  MK749896    0.52%    passed     99.53%
 462  MK749897    0.62%    passed     99.82%
 463  MK749898    0.62%    passed     99.66%
 464  MK749901    0.45%    passed     99.82%
 465  MK749899    0.61%    passed     98.58%
 466  MG839545    0.42%    passed     99.26%
 467  MK749903    0.66%    passed     99.77%
 468  LC474539    0.39%    passed     99.85%
 469  MK749902    0.62%    passed     96.72%
 470  LC384997    0.37%    passed     99.50%
 471  MG839547    0.21%    passed     99.96%
 472  LC384998    0.39%    passed     98.54%
 473  LC384999    0.37%    passed     99.42%
 474  LC385001    0.37%    passed     99.94%
 475  LC385003    0.21%    passed     99.77%
 476  LC385000    0.37%    passed     99.89%
 477  LC385002    0.37%    passed     99.87%
 478  LC385006    0.37%    passed     99.98%
 479  LC385007    0.37%    passed     99.91%
 480  LC385008    0.37%    passed     99.82%
 481  LC385005    0.37%    passed     99.28%
 482  LC474524    0.37%    passed     98.76%
 483  LC474523    0.37%    passed     99.32%
 484  LC474522    0.37%    passed     98.25%
 485  LC474526    0.37%    passed     98.42%
 486  LC474527    0.37%    passed     99.26%
 487  LC474528    0.37%    passed     99.84%
 488  LC474529    0.37%    passed     99.10%
 489  LC474530    0.37%    passed     99.10%
 490  LC474531    0.37%    passed     99.30%
 491  LC474532    0.37%    passed     99.35%
 492  LC474533    0.37%    passed     99.50%
 493  LC474534    0.37%    passed     99.89%
 494  LC474536    0.37%    passed     99.94%
 495  LC474535    0.39%    passed     98.57%
 496  LC474537    0.44%    passed     99.53%
 497  LC474538    0.37%    passed     99.91%
 498  LC474541    0.38%    passed     99.86%
 499  LC474543    0.37%    passed     99.29%
 500  LC474540    0.37%    passed     99.76%
 501  LC474544    0.43%    passed     99.84%
 502  LC474547    0.37%    passed     99.63%
 503  LC474545    0.43%    passed     99.69%
 504  LC474546    0.38%    passed     99.61%
 505  LC474549    0.37%    passed     99.87%
 506  LC474551    0.39%    passed     99.81%
 507  LC474552    0.39%    passed     99.99%
 508  LC474550    0.38%    passed     99.60%
 509  MF185752    1.46%    passed     93.28%
 510  MF185753    1.41%    passed     99.37%
 511  LC474553    0.38%    passed     99.50%
 512  LC474555    0.38%    passed     99.95%
 513  MF185751    1.96%    passed     99.28%
 514  LC474560    0.38%    passed     99.96%
 515  LC474559    0.38%    passed     99.97%
 516  MF185754    2.21%    passed     98.14%
 517  MK109764    0.74%    passed     99.78%
 518  MK109766    0.74%    passed     99.13%
 519  MK109765    0.47%    passed     98.86%
 520  MK109767    0.75%    passed     99.91%
 521  MK109768    0.74%    passed     98.38%
 522  MK109769    0.74%    passed     98.53%
 523  MK109770    0.35%    passed     98.73%
 524  MK109771    0.74%    passed     98.95%
 525  MK109778    0.74%    passed     98.95%
 526  MK109779    0.75%    passed     99.38%
 527  MK109780    0.74%    passed     98.95%
 528  MK109781    0.35%    passed     99.55%
 529  MK109782    0.35%    passed     99.82%
 530  MK109783    0.48%    passed     99.38%
 531  MK109784    0.74%    passed     99.03%
 532  MK109788    0.74%    passed     99.34%
 533  MK109789    0.35%    passed     96.65%
 534  MK749905    0.61%    passed     99.76%
 535  MK749906    0.61%    passed     99.80%
 536  MK749907    0.61%    passed     99.29%
 537  MK749908    0.44%    passed     98.51%
 538  MK749910    0.46%    passed     99.90%
 539  MK749914    0.47%    passed     99.32%
 540  MK749915    0.47%    passed     99.17%
 541  MK749916    0.41%    passed     99.98%
 542  LC495297    1.73%    passed     98.38%
 543  MK109786    0.35%    passed     99.87%
 544  MG813994    0.44%    passed     99.43%
 545  MN163126    0.07%    passed     99.50%
 546  MN163124    0.90%    passed     97.53%
 547  MG813995    0.79%    passed     73.33%
 548  MN163125    0.24%    passed     99.30%
 549  MT040081    0.72%    passed     99.53%
 550  MT040084    0.61%    passed     99.58%
 551  MT373704    0.85%    passed     99.80%
 552  MT373703    0.85%    passed     99.77%
 553  MT107528    0.07%    passed     99.91%
 554  MT373705    0.85%    passed     99.99%
 555  MT040085    0.90%    passed     91.66%
 556  MT040087    0.61%    passed     99.96%
 557  MW020595    0.41%    passed     99.85%
 558  MT040089    1.43%    passed     99.22%
 559  MW160744    0.44%    passed     99.78%
 560  MW582529    0.07%    passed     94.87%
 561  MW160745    0.68%    passed     99.94%
 562  MW160751    0.69%    passed     99.98%
 563  MW160748    0.45%    passed     99.99%
 564  MW160750    0.44%    passed     99.62%
 565  MW160752    0.44%    passed     99.28%
 566  MW160757    0.44%    passed     99.91%
 567  MW160760    0.44%    passed     99.79%
 568  MW160763    0.45%    passed     99.80%
 569  MW160770    0.44%    passed     99.90%
 570  MW160775    0.44%    passed     99.96%
 571  MW160780    0.45%    passed     99.55%
 572  MW160765    0.44%    passed     99.95%
 573  MW160777    0.44%    passed     99.86%
 574  MW160789    0.44%    passed     99.88%
 575  MW160781    0.44%    passed     99.94%
 576  MW160784    0.45%    passed     99.83%
 577  MW160786    0.44%    passed     99.51%
 578  MW160788    0.44%    passed     99.78%
 579  MW160791    0.68%    passed     99.96%
 580  MW160790    0.68%    passed     99.95%
 581  MW160792    0.44%    passed     99.52%
 582  MW160793    0.44%    passed     99.98%
 583  MW160794    0.44%    passed     99.92%
 584  MW160796    0.44%    passed     99.89%
 585  MW160798    0.94%    passed     99.86%
 586  MW160802    0.44%    passed     99.96%
 587  MW160800    0.45%    passed     99.34%
 588  MW160804    0.45%    passed     99.36%
 589  MW160805    0.44%    passed     99.88%
 590  MW160806    0.45%    passed     99.94%
 591  MW160810    0.44%    passed     99.60%
 592  MW160808    0.44%    passed     99.72%
 593  MW160813    0.44%    passed     99.63%
 594  MW160811    0.44%    passed     99.70%
 595  MW160812    0.45%    passed     99.81%
 596  MW160815    0.44%    passed     99.80%
 597  MW160821    0.96%    passed     99.96%
 598  MW160816    0.44%    passed     99.38%
 599  MW160817    0.44%    passed     99.85%
 600  MW160818    0.45%    passed     99.70%
 601  MW160832    0.72%    passed     99.17%
 602  MW160823    0.46%    passed     99.12%
 603  MW160829    0.44%    passed     99.84%
 604  MW160826    0.45%    passed     99.90%
 605  MW160831    0.45%    passed     99.62%
 606  MW160833    0.69%    passed     99.95%
 607  MW160834    0.44%    passed     99.79%
 608  MW160835    0.44%    passed     99.63%
 609  MW160838    0.45%    passed     99.93%
 610  MW160836    0.45%    passed     99.14%
 611  MW160837    0.45%    passed     99.89%
 612  MZ515553    0.07%    passed     99.98%
 613  MZ515554    0.36%    passed     99.94%
 614  MZ515557    0.09%    passed     98.71%
 615  MZ515558    0.08%    passed     99.39%
 616  MZ515561    0.07%    passed     99.94%
 617  MZ515560    0.07%    passed     99.77%
 618  MZ515562    0.07%    passed     99.32%
 619  MZ515565    0.07%    passed     99.85%
 620  MZ515574    0.10%    passed     99.37%
 621  MZ515586    0.45%    passed     97.14%
 622  MZ515578    0.09%    passed     99.77%
 623  MZ515581    0.09%    passed     99.05%
 624  MZ515584    0.06%    passed     99.51%
 625  MZ515587    0.07%    passed     99.97%
 626  MZ515817    0.07%    passed     99.99%
 627  MZ515820    0.07%    passed     99.95%
 628  MZ515823    0.06%    passed     99.84%
 629  MZ515824    0.35%    passed     99.98%
 630  MZ515827    0.07%    passed     99.76%
 631  MZ515830    0.07%    passed     99.30%
 632  MZ515831    0.06%    passed     99.66%
 633  MZ515832    1.51%    passed     95.74%
 634  MZ515843    0.09%    passed     99.77%
 635  MZ515836    0.09%    passed     99.94%
 636  MZ515837    0.06%    passed     99.77%
 637  MZ515839    0.07%    passed     99.82%
 638  MZ515844    0.07%    passed     99.22%
 639  MZ515845    0.09%    passed     99.92%
 640  MZ515846    0.07%    passed     99.74%
 641  MZ515849    0.07%    passed     99.99%
 642  MZ515857    0.07%    passed     99.53%
 643  MZ515863    0.07%    passed     99.73%
 644  MZ515865    0.10%    passed     99.98%
 645  MZ515868    0.07%    passed     99.88%
 646  MZ515869    0.09%    passed     99.98%
 647  MZ515871    0.06%    passed     99.52%
 648  MZ515872    0.07%    passed     99.81%
 649  MZ515883    0.09%    passed     99.92%
 650  MZ515886    0.07%    passed     99.94%
 651  MZ515889    0.06%    passed     99.94%
 652  MZ515890    0.07%    passed     99.75%
 653  MZ515892    0.06%    passed     99.99%
 654  MZ515894    0.07%    passed     99.95%
 655  MZ515895    0.06%    passed     99.89%
 656  MZ515899    0.09%    passed     99.71%
 657  MZ515903    0.07%    passed     99.37%
 658  MZ515916    0.12%    passed     99.88%
 659  MZ515904    0.06%    passed     99.49%
 660  MZ515917    0.07%    passed     99.95%
 661  MZ515918    0.08%    passed     99.98%
 662  MZ515914    0.07%    passed     99.43%
 663  MZ515924    0.05%    passed     99.98%
 664  MZ515930    0.07%    passed     99.76%
 665  MZ515926    0.07%    passed     99.35%
 666  MZ515925    0.06%    passed     99.82%
 667  MZ515934    0.07%    passed     99.43%
 668  MZ515950    0.33%    passed     98.98%
 669  MZ515936    0.16%    passed     99.96%
 670  MZ515937    0.35%    passed     95.53%
 671  MZ515938    0.07%    passed     98.93%
 672  MZ515944    0.09%    passed     99.73%
 673  MZ515946    0.08%    passed     99.35%
 674  MZ515953    0.06%    passed     99.19%
 675  MZ515970    0.07%    passed     99.30%
 676  MZ515955    0.08%    passed     99.90%
 677  MZ515972    0.07%    passed     99.89%
 678  MZ515974    0.09%    passed     99.51%
 679  MZ515975    0.07%    passed     99.89%
 680  MZ515977    0.09%    passed     99.34%
 681  MZ515978    0.07%    passed     99.11%
 682  MZ515979    0.35%    passed     99.36%
 683  MZ515988    0.59%    passed     98.91%
 684  MZ515981    0.06%    passed     99.80%
 685  MZ515995    0.08%    passed     99.86%
 686  MZ515990    0.06%    passed     99.94%
 687  MZ515996    0.06%    passed     99.97%
 688  MZ515997    0.09%    passed     99.00%
 689  MZ515991    0.07%    passed     99.88%
 690  MZ516016    0.41%    passed     96.46%
 691  MZ516003    0.07%    passed     99.38%
 692  MZ516020    0.06%    passed     99.95%
 693  MZ516022    0.07%    passed     99.72%
 694  MZ516021    0.07%    passed     99.17%
 695  MZ516030    0.06%    passed     99.98%
 696  MZ516025    0.32%    passed     99.82%
 697  MZ516037    0.07%    passed     99.95%
 698  MZ516032    0.06%    passed     99.95%
 699  MZ516034    0.07%    passed     99.94%
 700  MZ516041    0.07%    passed     99.87%
 701  MZ516042    0.07%    passed     99.53%
 702  MZ516045    0.06%    passed     99.33%
 703  MZ516054    0.06%    passed     98.97%
 704  MZ516059    0.11%    passed     99.36%
 705  MZ516049    0.07%    passed     99.84%
 706  MZ516056    0.07%    passed     98.52%
 707  MZ516051    0.07%    passed     99.96%
 708  MZ516065    0.07%    passed     99.44%
 709  MZ516061    0.06%    passed     99.62%
 710  MZ516062    0.06%    passed     99.38%
 711  MZ516060    0.07%    passed     98.92%
 712  MZ516081    0.07%    passed     99.53%
 713  MZ516082    0.06%    passed     99.78%
 714  MZ516083    0.07%    passed     99.93%
 715  MZ516089    0.07%    passed     99.94%
 716  MZ516095    0.06%    passed     99.31%
 717  MZ516094    0.15%    passed     99.78%
 718  MZ516098    0.06%    passed     99.68%
 719  MZ516102    0.07%    passed     99.77%
 720  MZ516101    0.07%    passed     99.22%
 721  MZ516104    0.35%    passed     99.99%
 722  MZ516105    0.06%    passed     99.62%
 723  MZ516107    0.07%    passed     99.74%
 724  MZ516109    0.64%    passed     99.19%
 725  MZ516113    0.07%    passed     99.87%
 726  MZ515792    1.44%    passed     99.73%
 727  MZ516114    0.06%    passed     99.78%
 728  MZ515779    0.07%    passed     97.28%
 729  MZ515786    0.07%    passed     99.63%
 730  MZ515791    0.07%    passed     99.53%
 731  MZ515805    0.18%    passed     99.98%
 732  MZ515793    0.08%    passed     99.95%
 733  MZ515799    0.06%    passed     99.92%
 734  MZ515794    0.07%    passed     99.22%
 735  MZ515807    0.06%    passed    100.00%
 736  MZ515809    0.07%    passed     99.88%
 737  MZ516122    0.06%    passed     99.95%
 738  MZ515812    0.07%    passed     99.73%
 739  MZ516116    0.07%    passed     99.95%
 740  MZ516123    0.07%    passed     99.89%
 741  MZ516125    0.07%    passed     99.95%
 742  MZ516126    0.06%    passed     99.99%
 743  MZ516135    0.09%    passed     98.99%
 744  MZ516139    0.06%    passed     99.56%
 745  MZ516141    0.08%    passed     99.98%
 746  MZ516140    0.07%    passed     99.83%
 747  MZ515591    0.07%    passed     99.82%
 748  MZ515590    0.07%    passed     99.36%
 749  MZ516143    0.07%    passed     99.89%
 750  MZ515596    0.07%    passed     99.96%
 751  MZ515594    0.35%    passed     97.87%
 752  MZ515595    0.07%    passed     99.21%
 753  MZ515598    0.10%    passed     99.89%
 754  MZ515603    0.09%    passed     99.76%
 755  MZ515605    0.07%    passed     99.24%
 756  MZ515599    0.07%    passed     99.27%
 757  MZ515607    0.07%    passed     99.43%
 758  MZ515612    0.07%    passed     99.74%
 759  MZ515611    0.07%    passed     99.88%
 760  MZ515613    0.07%    passed     99.22%
 761  MZ515608    0.07%    passed     99.96%
 762  MZ515627    0.07%    passed     99.85%
 763  MZ515622    0.50%    passed     98.70%
 764  MZ515625    0.07%    passed     99.98%
 765  MZ515635    0.07%    passed     99.43%
 766  MZ515638    0.06%    passed     99.95%
 767  MZ515637    0.06%    passed     99.80%
 768  MZ515636    0.07%    passed     99.40%
 769  MZ515639    0.09%    passed     99.39%
 770  MZ515648    0.17%    passed     99.96%
 771  MZ515653    0.06%    passed     98.96%
 772  MZ515656    0.07%    passed     99.85%
 773  MZ515658    0.07%    passed     99.90%
 774  MZ515660    0.08%    passed     98.60%
 775  MZ515670    3.70%    passed     97.73%
 776  MZ515663    0.09%    passed     99.20%
 777  MZ515665    0.07%    passed     99.94%
 778  MZ515667    0.07%    passed     99.95%
 779  MZ515669    0.07%    passed     99.84%
 780  MZ515671    0.07%    passed     99.22%
 781  MZ515672    0.07%    passed     98.03%
 782  MZ515674    0.09%    passed     99.93%
 783  MZ515677    0.06%    passed     99.19%
 784  MZ515683    0.07%    passed     99.94%
 785  MZ515678    0.06%    passed     99.84%
 786  MZ515684    0.16%    passed     99.80%
 787  MZ515691    0.07%    passed     99.22%
 788  MZ515698    0.07%    passed     99.79%
 789  MZ515694    0.07%    passed     99.83%
 790  MZ515713    0.86%    passed     99.79%
 791  MZ515699    0.07%    passed     99.59%
 792  MZ515704    0.09%    passed     99.95%
 793  MZ515707    0.07%    passed     98.91%
 794  MZ515710    0.07%    passed     99.87%
 795  MZ515712    0.06%    passed     99.82%
 796  MZ515727    0.61%    passed     99.93%
 797  MZ515716    0.06%    passed     99.88%
 798  MZ515724    0.07%    passed     99.37%
 799  MZ515715    0.07%    passed     99.85%
 800  MZ515719    0.07%    passed     99.83%
 801  MZ515726    0.07%    passed     99.53%
 802  MZ515728    0.07%    passed     99.89%
 803  MZ515729    0.06%    passed     99.99%
 804  MZ515730    0.07%    passed     99.94%
 805  MZ515732    0.06%    passed     99.42%
 806  MZ515738    0.07%    passed     98.44%
 807  MZ515743    0.09%    passed     99.93%
 808  MZ515746    0.16%    passed     99.76%
 809  MZ515748    0.06%    passed     99.76%
 810  MZ515751    0.07%    passed     99.91%
 811  MZ515753    0.08%    passed     99.45%
 812  MZ515756    0.07%    passed     98.73%
 813  MZ515757    0.35%    passed     99.37%
 814  MZ515759    0.07%    passed     97.17%
 815  MZ515761    0.07%    passed     99.67%
 816  MZ515762    0.07%    passed     99.96%
 817  MZ515764    0.08%    passed     99.98%
 818  MZ515767    0.07%    passed     99.96%
 819  MZ515769    0.06%    passed     99.39%
 820  MZ515770    0.09%    passed     99.97%
 821  MZ151849    0.86%    passed     99.47%
 822  MZ151850    0.85%    passed     99.99%
 823  MZ515771    0.06%    passed     99.94%
 824  MZ515775    0.06%    passed     99.54%
 825  MZ515776    0.08%    passed     99.91%
 826  MZ151856    0.85%    passed    100.00%
 827  MZ515778    0.06%    passed     99.62%
 828  MZ151851    1.98%    passed     99.84%
 829  OK649685    0.24%    passed     99.60%
 830  OK649686    0.22%    passed     99.39%
 831  OK649688    0.29%    passed     99.90%
 832  OK649687    0.22%    passed     99.77%
 833  OK649689    0.23%    passed     99.75%
 834  OK649690    0.18%    passed     99.43%
 835  OK649692    0.29%    passed     99.33%
 836  OK649693    0.22%    passed     99.11%
 837  OK649696    0.23%    passed     99.77%
 838  OK649695    0.24%    passed     99.75%
 839  OK649694    0.29%    passed     99.95%
 840  OK649698    0.15%    passed     99.87%
 841  OK649697    0.26%    passed     98.40%
 842  OK649699    0.21%    passed     99.73%
 843  OK649700    0.31%    passed     99.73%
 844  OK649701    0.29%    passed     99.90%
 845  OK649702    0.28%    passed     99.54%
 846  OK649704    0.24%    passed     98.64%
 847  OK649703    0.22%    passed     99.61%
 848  OK649705    0.26%    passed     99.18%
 849  OK649706    0.26%    passed     99.31%
 850  OK649707    0.26%    passed     99.81%
 851  OK649708    0.24%    passed     99.40%
 852  OK649709    0.14%    passed     99.94%
 853  OK649710    0.22%    passed     99.68%
 854  OK649712    0.21%    passed     99.33%
 855  OK649711    0.24%    passed     99.83%
 856  OK649713    0.16%    passed     99.85%
 857  OK649715    0.20%    passed     99.35%
 858  OK649714    0.20%    passed     99.76%
 859  OK649716    0.27%    passed     99.01%
 860  OK649717    0.24%    passed     99.26%
 861  OK649719    0.22%    passed     99.85%
 862  OK649718    0.24%    passed     99.28%
 863  OK649720    0.20%    passed     99.46%
 864  OK649722    0.23%    passed     99.56%
 865  OK649723    0.29%    passed     99.66%
 866  OK649721    0.23%    passed     99.15%
 867  OK649724    0.24%    passed     99.58%
 868  OK649725    0.22%    passed     99.99%
 869  OK649726    0.19%    passed     99.75%
 870  OK649729    0.23%    passed     99.61%
 871  OK649731    0.23%    passed     99.70%
 872  OK649728    0.21%    passed     99.39%
 873  OK649727    0.29%    passed     99.31%
 874  OK649732    0.24%    passed     99.85%
 875  OK649730    0.26%    passed     96.86%
 876  OK649734    0.23%    passed     99.74%
 877  OK649733    0.30%    passed     97.05%
 878  OK649735    0.22%    passed     97.62%
 879  OK649736    0.31%    passed     98.24%
 880  OK649737    0.24%    passed     99.15%
 881  OK649739    0.22%    passed     99.71%
 882  OK649738    0.24%    passed     99.82%
 883  OK649740    0.84%    passed     99.96%
 884  OK649741    0.26%    passed     98.63%
 885  OK649742    0.22%    passed     99.72%
 886  OK649743    0.25%    passed     99.01%
 887  OK649744    0.24%    passed     99.88%
 888  OK649745    0.60%    passed     97.98%
 889  OK649746    0.58%    passed     98.02%
 890  OK649748    0.65%    passed     99.99%
 891  OK649747    0.63%    passed     99.99%
 892  OK649749    0.49%    passed     96.90%
 893  OK649750    0.61%    passed     98.85%
 894  OK649752    0.54%    passed    100.00%
 895  OK649753    0.10%    passed     99.93%
 896  OK649751    0.57%    passed     97.54%
 897  OK649754    0.20%    passed     98.98%
 898  OK649755    0.23%    passed     99.66%
****  TOTAL       0.43%  0 sequences failed composition chi2 test (p-value<5%; df=3)
NOTE: KU839635 is identical to KU950695 but kept for subsequent analysis
NOTE: MK534510 is identical to MK481079 but kept for subsequent analysis
NOTE: MK534512 is identical to MK534511 but kept for subsequent analysis
NOTE: LC474530 is identical to LC474529 but kept for subsequent analysis
NOTE: MW160835 is identical to MW160813 but kept for subsequent analysis
NOTE: MZ515843 is identical to MZ515578 but kept for subsequent analysis
NOTE: MZ516037 is identical to MZ515820 but kept for subsequent analysis
NOTE: MZ515678 is identical to MZ515823 but kept for subsequent analysis
NOTE: MZ515930 is identical to MZ515827 but kept for subsequent analysis
NOTE: MZ516101 is identical to MZ515844 but kept for subsequent analysis
NOTE: MZ516042 is identical to MZ515857 but kept for subsequent analysis
NOTE: MZ515991 is identical to MZ515868 but kept for subsequent analysis
NOTE: MZ516034 is identical to MZ515886 but kept for subsequent analysis
NOTE: MZ516126 is identical to MZ515892 but kept for subsequent analysis
NOTE: MZ515917 is identical to MZ515894 but kept for subsequent analysis
NOTE: MZ515934 is identical to MZ515914 but kept for subsequent analysis
NOTE: MZ515677 is identical to MZ515953 but kept for subsequent analysis
NOTE: MZ515637 is identical to MZ515981 but kept for subsequent analysis
NOTE: MZ516122 is identical to MZ516020 but kept for subsequent analysis
NOTE: MZ515596 is identical to MZ516051 but kept for subsequent analysis
NOTE: MZ515778 is identical to MZ516105 but kept for subsequent analysis
NOTE: MZ515728 is identical to MZ516143 but kept for subsequent analysis
Checking for duplicate sequences: done in 0.0365102 secs using 94.81% CPU
Identifying sites to remove: done in 0.0655742 secs using 93.45% CPU
NOTE: 16 identical sequences (see below) will be ignored for subsequent analysis
NOTE: MZ516125 (identical to MZ515820) is ignored but added at the end
NOTE: MZ515671 (identical to MZ515844) is ignored but added at the end
NOTE: MZ515691 (identical to MZ515844) is ignored but added at the end
NOTE: MZ516081 (identical to MZ515857) is ignored but added at the end
NOTE: MZ515791 (identical to MZ515857) is ignored but added at the end
NOTE: MZ515726 (identical to MZ515857) is ignored but added at the end
NOTE: MZ516089 (identical to MZ515886) is ignored but added at the end
NOTE: MZ515665 (identical to MZ515886) is ignored but added at the end
NOTE: MZ515730 (identical to MZ515886) is ignored but added at the end
NOTE: MZ515729 (identical to MZ515892) is ignored but added at the end
NOTE: MZ516116 (identical to MZ515894) is ignored but added at the end
NOTE: MZ515667 (identical to MZ515894) is ignored but added at the end
NOTE: MZ515607 (identical to MZ515914) is ignored but added at the end
NOTE: MZ515635 (identical to MZ515914) is ignored but added at the end
NOTE: MZ515638 (identical to MZ516020) is ignored but added at the end
NOTE: MZ515767 (identical to MZ516051) is ignored but added at the end
Alignment was printed to results/aligned_B-delim.fasta.uniqueseq.phy

For your convenience alignment with unique sequences printed to results/aligned_B-delim.fasta.uniqueseq.phy

Create initial parsimony tree by phylogenetic likelihood library (PLL)... 0.022 seconds

NOTE: 180 MB RAM (0 GB) is required!
Estimate model parameters (epsilon = 0.500)
1. Initial log-likelihood: -822465.415
2. Current log-likelihood: -737235.479
3. Current log-likelihood: -722184.207

******************************************************
CHECKPOINT: Resuming analysis from results/aligned_B-delim.fasta.ckp.gz

IQ-TREE multicore version 2.2.0-beta COVID-edition for Mac OS X 64-bit built Mar  3 2022 built Mar  3 2022
Developed by Bui Quang Minh, James Barbetti, Nguyen Lam Tung,
Olga Chernomor, Heiko Schmidt, Dominik Schrempf, Michael Woodhams, Ly Trong Nhan.

Host:    MacBook-Pro.local (SSE4.2, 8 GB RAM)
Command: iqtree2 -nt 1 -s results/aligned_B-delim.fasta -m GTR -ninit 2 -n 2 -me 0.05
Seed:    322882 (Using SPRNG - Scalable Parallel Random Number Generator)
Time:    Tue Apr  5 12:13:54 2022
Kernel:  SSE2 - 1 threads (8 CPU cores detected)

HINT: Use -nt option to specify number of threads because your CPU has 8 cores!
HINT: -nt AUTO will automatically determine the best number of threads to use.

Reading alignment file results/aligned_B-delim.fasta ... Fasta format detected
Reading fasta file: done in 0.208168 secs using 92.89% CPU
Alignment most likely contains DNA/RNA sequences
Constructing alignment: done in 0.085978 secs using 84.37% CPU
Alignment has 898 sequences with 15285 columns, 6321 distinct patterns
4739 parsimony-informative, 1840 singleton sites, 8706 constant sites
          Gap/Ambiguity  Composition  p-value
Analyzing sequences: done in 0.0385649 secs using 93.65% CPU
   1  JQ582844    0.04%    passed     97.17%
   2  KP317925    1.47%    passed     98.23%
   3  KP856961    1.09%    passed     99.96%
   4  LC474554    0.41%    passed     99.25%
   5  KP317923    0.69%    passed     97.57%
   6  KP856963    1.09%    passed     59.27%
   7  JQ582843    0.45%    passed     98.89%
   8  KP317928    0.33%    passed     99.66%
   9  KP317941    1.84%    passed     88.20%
  10  KP317934    0.34%    passed     99.70%
  11  KP856965    1.09%    passed     99.97%
  12  KF640637    0.06%    passed     99.68%
  13  KF826825    0.17%    passed     99.66%
  14  KF826829    0.46%    passed     97.15%
  15  KP856966    0.71%    passed    100.00%
  16  KF826844    0.44%    passed     99.93%
  17  KP317932    0.34%    passed     99.42%
  18  KJ939933    0.16%    passed     98.70%
  19  KJ939925    0.13%    passed     98.82%
  20  KP663729    0.33%    passed     99.85%
  21  KP317917    0.34%    passed     99.82%
  22  KP317927    0.34%    passed     99.74%
  23  KP317945    0.35%    passed     99.72%
  24  KJ939930    0.14%    passed     99.18%
  25  KP663730    0.33%    passed    100.00%
  26  KJ939929    0.14%    passed     99.43%
  27  KJ939934    0.21%    passed     99.47%
  28  KJ939920    0.14%    passed     99.84%
  29  KJ939923    0.14%    passed     97.75%
  30  KJ939931    0.18%    passed     98.55%
  31  KJ939921    0.14%    passed     98.15%
  32  KJ939932    0.14%    passed     99.85%
  33  KJ939928    0.17%    passed     99.92%
  34  JX576744    0.07%    passed     99.86%
  35  JX576761    0.03%    passed     99.94%
  36  JX576733    0.07%    passed     99.37%
  37  JX576757    0.07%    passed     98.33%
  38  JX576750    0.07%    passed     91.60%
  39  JX576737    0.07%    passed     99.98%
  40  JX576759    0.07%    passed     99.54%
  41  JX576731    0.09%    passed     99.42%
  42  JX576735    0.07%    passed     97.30%
  43  JX576749    0.07%    passed     99.74%
  44  JX576738    0.07%    passed     99.95%
  45  KF826859    0.14%    passed     99.79%
  46  JX576760    0.45%    passed     98.97%
  47  KF530259    0.55%    passed     99.77%
  48  KJ627342    0.74%    passed     99.99%
  49  JX576740    0.07%    passed     99.83%
  50  KF826860    0.24%    passed     99.89%
  51  JX576762    0.03%    passed     99.17%
  52  JX576753    0.07%    passed     99.64%
  53  JX576758    0.03%    passed     98.74%
  54  JX576751    0.07%    passed     99.39%
  55  JX576739    0.07%    passed     99.77%
  56  JX576743    0.07%    passed     99.79%
  57  JX576754    0.07%    passed     99.97%
  58  JX576741    0.07%    passed     99.80%
  59  JX576746    0.07%    passed     99.70%
  60  JX576742    0.07%    passed     99.89%
  61  JX576736    0.07%    passed     99.97%
  62  JX576730    0.07%    passed     99.88%
  63  JX576748    0.07%    passed     99.54%
  64  JX576734    0.07%    passed     99.94%
  65  JX576752    0.07%    passed     99.84%
  66  JX576756    0.07%    passed     99.80%
  67  JX576745    0.07%    passed     99.51%
  68  JX576747    0.07%    passed     99.33%
  69  JX576732    0.07%    passed     99.47%
  70  JX576755    0.07%    passed     99.60%
  71  KF826820    4.17%    passed     87.86%
  72  JX576729    0.09%    passed     99.76%
  73  KJ627348    0.74%    passed     99.64%
  74  KF826842    0.10%    passed     99.99%
  75  KF826845    0.90%    passed     99.61%
  76  KF826835    0.39%    passed     99.47%
  77  KF826858    0.34%    passed     98.52%
  78  KF826834    0.52%    passed     99.70%
  79  KJ627340    0.74%    passed     99.83%
  80  KJ627341    0.74%    passed     99.64%
  81  KF826851    0.07%    passed     99.82%
  82  KJ627277    0.74%    passed     99.19%
  83  KF826857    0.13%    passed     99.47%
  84  KJ627330    0.74%    passed     99.97%
  85  KJ627285    0.74%    passed     99.96%
  86  KJ627247    0.74%    passed     99.83%
  87  KF826822    0.11%    passed     99.33%
  88  KJ627332    0.74%    passed     99.85%
  89  KJ627251    0.74%    passed     99.96%
  90  KJ627254    0.75%    passed     99.84%
  91  KJ627280    0.74%    passed     99.36%
  92  KJ627262    0.74%    passed     99.99%
  93  KJ627299    0.74%    passed     99.66%
  94  KJ627364    0.74%    passed     99.09%
  95  KJ627278    0.74%    passed     99.72%
  96  KJ627302    0.74%    passed     98.96%
  97  KJ627317    0.74%    passed     99.05%
  98  KF826853    0.67%    passed     99.52%
  99  KJ627310    0.74%    passed     98.61%
 100  KJ627359    0.74%    passed     99.92%
 101  KJ723466    1.11%    passed     99.91%
 102  KP258731    1.11%    passed     99.45%
 103  KJ672430    0.75%    passed     99.21%
 104  KP258713    1.10%    passed     99.97%
 105  KP258712    1.07%    passed     99.02%
 106  KP258745    1.10%    passed     99.72%
 107  KP258698    1.07%    passed     94.75%
 108  KJ723460    1.09%    passed     95.00%
 109  KP258724    1.12%    passed     99.96%
 110  KJ723480    1.07%    passed     96.15%
 111  KP258705    1.10%    passed     98.37%
 112  KP258721    1.11%    passed     98.33%
 113  KU950577    0.74%    passed     99.88%
 114  KP258702    1.10%    passed     98.56%
 115  KU316105    0.71%    passed     99.21%
 116  KU950619    0.37%    passed     98.60%
 117  KU950510    0.37%    passed     99.86%
 118  KU316172    0.31%    passed     99.31%
 119  KU950588    0.74%    passed     98.38%
 120  KJ723477    1.09%    passed     95.75%
 121  KJ939924    0.20%    passed     97.12%
 122  KU316147    0.69%    passed     74.48%
 123  KJ672473    0.74%    passed     97.21%
 124  KJ672476    0.74%    passed     99.29%
 125  KU316158    0.71%    passed     99.47%
 126  KJ723485    1.09%    passed     79.87%
 127  KJ723482    1.07%    passed     98.22%
 128  KJ672425    0.74%    passed     99.59%
 129  KP258708    1.11%    passed     99.95%
 130  KJ672481    0.74%    passed     99.23%
 131  KP258736    1.09%    passed     48.88%
 132  KU316097    0.69%    passed     57.42%
 133  KU316116    0.69%    passed     61.10%
 134  KP258714    1.07%    passed     98.39%
 135  KJ672438    0.74%    passed     98.16%
 136  KP258739    0.71%    passed     98.75%
 137  KJ723479    1.10%    passed     68.07%
 138  KP258742    1.10%    passed     99.92%
 139  KJ723469    1.13%    passed     97.48%
 140  KJ723470    1.07%    passed     94.96%
 141  KJ939927    0.13%    passed     99.07%
 142  KP258738    1.09%    passed     83.86%
 143  KP258718    1.09%    passed     67.41%
 144  KP258720    1.11%    passed     99.81%
 145  KU316181    1.10%    passed     97.38%
 146  KU316136    1.10%    passed     81.28%
 147  KJ723484    1.10%    passed     98.72%
 148  KU316182    1.09%    passed     97.25%
 149  KJ939926    0.18%    passed     99.85%
 150  KU316132    1.09%    passed     96.43%
 151  KJ723481    1.07%    passed     97.74%
 152  KU316156    1.10%    passed     99.65%
 153  KU316113    1.09%    passed     98.60%
 154  KU316102    0.69%    passed     98.94%
 155  KM517573    0.07%    passed     99.93%
 156  KU316117    1.10%    passed     98.62%
 157  KU316101    0.72%    passed     51.66%
 158  KU316122    0.69%    passed     55.19%
 159  KM042393    0.74%    passed     98.83%
 160  KU316094    1.10%    passed     99.95%
 161  KU950663    0.35%    passed     99.94%
 162  KU950488    0.37%    passed     97.27%
 163  KU950656    0.57%    passed     99.99%
 164  KU316114    1.10%    passed     99.00%
 165  KU316111    1.10%    passed     99.46%
 166  KU950553    0.35%    passed     99.98%
 167  KU316144    1.09%    passed     95.84%
 168  KU950530    0.35%    passed     99.62%
 169  KU316173    1.09%    passed     98.11%
 170  KU316130    1.09%    passed     98.35%
 171  KU316095    0.69%    passed     73.77%
 172  KU316163    1.11%    passed     99.93%
 173  KU316115    1.09%    passed     68.93%
 174  KU316175    0.69%    passed     98.09%
 175  KU316127    1.09%    passed     96.17%
 176  KU950688    0.36%    passed     99.90%
 177  KU950681    0.36%    passed     99.91%
 178  KU950611    0.50%    passed     99.95%
 179  KU950503    0.35%    passed     99.96%
 180  KU950516    0.37%    passed     99.94%
 181  KU950603    0.35%    passed     98.67%
 182  KU950659    0.35%    passed     99.89%
 183  KU950606    0.35%    passed     99.81%
 184  KU950533    0.37%    passed     98.06%
 185  KU950543    0.75%    passed     99.84%
 186  KU839632    0.74%    passed     99.83%
 187  KU950675    0.35%    passed     99.85%
 188  KU950665    0.74%    passed     99.95%
 189  KU950599    0.74%    passed     99.92%
 190  KU950630    0.35%    passed     99.96%
 191  KU950695    0.74%    passed     99.92%
 192  KU950489    0.74%    passed     99.49%
 193  KU316179    1.11%    passed     99.28%
 194  KU950584    0.35%    passed     99.82%
 195  KU950625    0.74%    passed     99.74%
 196  KR350475    0.07%    passed     99.81%
 197  KU950467    0.35%    passed     99.96%
 198  KU950693    0.35%    passed     99.42%
 199  KU950586    0.37%    passed     98.67%
 200  KU950476    0.36%    passed     99.94%
 201  KU950462    0.35%    passed     99.80%
 202  KU950602    0.35%    passed     99.56%
 203  KU950601    0.61%    passed     99.89%
 204  KU950525    0.37%    passed     99.97%
 205  KU950558    0.42%    passed     99.54%
 206  KU950539    0.35%    passed     99.62%
 207  KU839627    0.74%    passed     99.93%
 208  KU839623    0.74%    passed     99.90%
 209  KU950477    0.35%    passed     99.98%
 210  KU839635    0.74%    passed     99.92%
 211  KU950535    0.35%    passed     99.97%
 212  KU950562    0.35%    passed     99.99%
 213  KU950621    0.79%    passed     99.26%
 214  KU950676    0.74%    passed     99.80%
 215  KU950669    0.35%    passed     99.57%
 216  KU950548    0.35%    passed     98.85%
 217  KU950461    0.78%    passed     98.98%
 218  KU950574    0.34%    passed     99.02%
 219  KU950635    0.35%    passed     99.87%
 220  KU839634    0.74%    passed     99.83%
 221  KU316128    1.11%    passed     99.27%
 222  KU316177    0.70%    passed     51.19%
 223  KU316134    0.71%    passed     99.81%
 224  KU839636    0.74%    passed     99.64%
 225  KU950687    0.74%    passed     99.88%
 226  KU950481    0.37%    passed     99.97%
 227  KU950495    0.37%    passed     99.97%
 228  KU950512    0.37%    passed     99.92%
 229  KU950691    0.37%    passed     99.94%
 230  KU950613    0.37%    passed     99.93%
 231  KU950571    0.37%    passed     98.90%
 232  KU839641    0.74%    passed     99.91%
 233  KU950534    0.37%    passed     99.97%
 234  KU839628    0.74%    passed     99.81%
 235  KU839633    0.74%    passed     98.45%
 236  KU950618    0.35%    passed     99.97%
 237  KU950648    0.67%    passed     99.95%
 238  KU950689    0.48%    passed     99.95%
 239  KU950657    0.35%    passed     99.90%
 240  KU950637    0.37%    passed     99.96%
 241  KU839629    0.74%    passed     99.78%
 242  KU950591    0.37%    passed     99.95%
 243  KU950614    0.35%    passed     99.41%
 244  KU839625    0.74%    passed     99.88%
 245  KU950565    0.74%    passed     99.81%
 246  KU950576    0.35%    passed     97.82%
 247  KU950514    0.54%    passed    100.00%
 248  KU950568    0.35%    passed     99.96%
 249  KU950478    0.37%    passed     99.94%
 250  KU950580    0.35%    passed     99.89%
 251  KU950504    0.37%    passed     99.99%
 252  KU316100    1.10%    passed     99.72%
 253  KU950463    0.37%    passed     99.93%
 254  KU950587    0.34%    passed     99.93%
 255  KU950593    0.35%    passed     99.92%
 256  KU950458    0.36%    passed     98.92%
 257  KU950484    0.35%    passed     99.61%
 258  KU950578    0.35%    passed     99.92%
 259  KU950682    0.35%    passed     99.95%
 260  KU950526    0.35%    passed     99.86%
 261  KU950559    0.74%    passed     99.89%
 262  KU950684    0.37%    passed     99.99%
 263  KU950500    0.35%    passed     99.10%
 264  KU950678    0.35%    passed     99.85%
 265  KU950604    0.37%    passed     99.89%
 266  KU950496    0.37%    passed     99.98%
 267  KU316159    1.10%    passed     98.78%
 268  KU950633    0.74%    passed     99.76%
 269  KU950515    0.35%    passed     99.92%
 270  KU950465    0.37%    passed     99.92%
 271  KU950569    0.35%    passed     99.41%
 272  KU950622    0.37%    passed     99.91%
 273  KU950662    0.35%    passed     99.87%
 274  KU950532    0.35%    passed     99.81%
 275  KU950582    0.35%    passed     99.86%
 276  KU950517    0.37%    passed     99.64%
 277  KU950542    0.37%    passed     98.26%
 278  KU950466    0.37%    passed     99.93%
 279  KU950690    0.48%    passed    100.00%
 280  KU950605    1.11%    passed     99.66%
 281  KU950471    0.36%    passed     99.99%
 282  KU950555    0.35%    passed     99.51%
 283  KU950679    0.35%    passed     99.96%
 284  KU950697    1.34%    passed     99.98%
 285  KU950668    0.35%    passed     99.94%
 286  KU950589    0.74%    passed     99.95%
 287  KU950482    0.36%    passed     99.91%
 288  KU839638    0.74%    passed     99.90%
 289  KU950647    0.67%    passed     99.45%
 290  KU950607    0.37%    passed     99.75%
 291  KU950497    0.37%    passed     99.98%
 292  KU950457    0.35%    passed     99.46%
 293  MN306044    0.43%    passed     99.74%
 294  KU950672    0.35%    passed     99.99%
 295  MH685715    0.29%    passed     99.10%
 296  KU950547    0.35%    passed     99.08%
 297  KU839640    0.74%    passed     99.90%
 298  KU950508    0.37%    passed     98.48%
 299  LC474542    0.37%    passed     99.60%
 300  LC385004    0.39%    passed     99.94%
 301  KX655624    0.74%    passed     98.83%
 302  LC488177    1.00%    passed     96.78%
 303  KX655629    0.35%    passed     99.80%
 304  KX655633    0.74%    passed     98.88%
 305  KX655641    0.35%    passed     99.00%
 306  KX655642    0.37%    passed     99.17%
 307  KX655645    0.74%    passed     99.20%
 308  KX655646    0.35%    passed     97.44%
 309  KX655648    0.35%    passed     99.84%
 310  KX655649    0.37%    passed     99.81%
 311  KX655654    0.48%    passed     99.94%
 312  KX655655    0.74%    passed     99.01%
 313  KX655653    0.55%    passed     99.48%
 314  KX655664    0.35%    passed     99.29%
 315  KX655669    0.74%    passed     98.78%
 316  KX655661    0.75%    passed     99.72%
 317  KX655671    0.35%    passed     99.99%
 318  KX655683    0.74%    passed     99.13%
 319  KX655681    0.37%    passed     99.92%
 320  KX655684    0.75%    passed     99.50%
 321  KX655686    0.37%    passed     99.36%
 322  KX655685    0.74%    passed     98.63%
 323  KX655690    1.13%    passed     98.64%
 324  KX655693    0.74%    passed     99.34%
 325  KX655698    0.48%    passed     98.85%
 326  KX655700    0.74%    passed     99.18%
 327  KX765888    0.75%    passed     99.57%
 328  KX765890    0.75%    passed     99.83%
 329  KX765889    0.74%    passed     99.36%
 330  KX765892    0.35%    passed     99.90%
 331  KX765893    0.75%    passed     99.65%
 332  KX765895    0.35%    passed     99.88%
 333  KX765897    0.74%    passed     99.88%
 334  KX765903    0.74%    passed     99.80%
 335  KX765900    0.74%    passed     99.83%
 336  KX765905    0.48%    passed     99.93%
 337  KX765899    0.48%    passed     99.72%
 338  KX765906    0.35%    passed     99.86%
 339  KX765908    0.74%    passed     99.94%
 340  KX765909    0.74%    passed     99.11%
 341  KX765907    0.74%    passed     99.63%
 342  KX765912    0.35%    passed     99.93%
 343  KX765921    0.35%    passed     99.53%
 344  KX765923    0.74%    passed     99.10%
 345  KX765922    0.75%    passed     99.77%
 346  MG642065    0.69%    passed     52.62%
 347  MG642064    1.10%    passed     98.11%
 348  MG642066    1.09%    passed     98.25%
 349  MG642072    1.09%    passed     95.54%
 350  KY674984    1.38%    passed     99.80%
 351  KX765929    0.35%    passed     99.95%
 352  KX765927    0.74%    passed     99.85%
 353  KX765935    0.35%    passed     99.89%
 354  KY249666    0.06%    passed     99.95%
 355  KX765930    0.48%    passed     99.72%
 356  KY249667    0.06%    passed     99.98%
 357  KY249669    0.11%    passed     98.55%
 358  KY249668    0.10%    passed     98.66%
 359  KY249670    0.23%    passed     99.90%
 360  KY249672    0.07%    passed     99.84%
 361  KY249673    0.25%    passed     99.93%
 362  KY249671    0.06%    passed     99.59%
 363  KY249675    0.06%    passed     97.54%
 364  KY249674    0.06%    passed     99.74%
 365  KY249676    0.06%    passed     97.03%
 366  KY249677    0.06%    passed     99.50%
 367  KY249678    0.06%    passed     99.98%
 368  KY249679    0.21%    passed     99.20%
 369  KY249681    0.31%    passed     99.36%
 370  KY249682    0.39%    passed     99.83%
 371  KY249680    0.26%    passed     99.06%
 372  KY249683    0.41%    passed     99.05%
 373  KY249656    0.06%    passed     98.79%
 374  KY249657    0.06%    passed     99.87%
 375  KY249659    0.06%    passed     99.32%
 376  KY249658    0.06%    passed     99.97%
 377  KY249661    0.25%    passed     99.97%
 378  KY249660    0.25%    passed     98.70%
 379  KY249662    0.07%    passed     99.89%
 380  KY249663    0.10%    passed     99.97%
 381  KY249664    0.07%    passed     99.19%
 382  KY249665    0.07%    passed     99.88%
 383  KX765975    0.35%    passed     99.98%
 384  KX765973    0.74%    passed     99.48%
 385  KX765976    0.74%    passed     99.50%
 386  KX765978    0.75%    passed     99.62%
 387  MG642036    1.09%    passed     98.36%
 388  MG642037    0.71%    passed     64.35%
 389  MG642039    0.69%    passed     98.06%
 390  MG642042    1.09%    passed     97.91%
 391  MG642043    0.69%    passed     98.74%
 392  MG642044    0.69%    passed     51.41%
 393  MG642045    0.69%    passed     63.25%
 394  MG642047    0.70%    passed     62.86%
 395  MG642049    1.11%    passed     99.96%
 396  MG642054    1.09%    passed     95.07%
 397  MG642057    1.09%    passed     98.15%
 398  MG642062    1.10%    passed     98.87%
 399  MG642059    0.69%    passed     57.29%
 400  MK749904    0.61%    passed     99.42%
 401  KX765943    0.74%    passed     99.79%
 402  KX765945    0.35%    passed     99.51%
 403  KX765947    0.35%    passed     99.85%
 404  KX765949    0.74%    passed     99.97%
 405  KX765952    0.74%    passed     98.02%
 406  KX765957    0.35%    passed     99.41%
 407  KX765959    0.35%    passed     99.78%
 408  KX765962    0.35%    passed     98.95%
 409  KX765961    0.35%    passed     97.72%
 410  MH327947    0.14%    passed     99.71%
 411  KX765964    0.74%    passed     99.06%
 412  KX765963    0.74%    passed     97.84%
 413  KX765965    0.74%    passed     99.73%
 414  KX765968    0.35%    passed     99.91%
 415  KX765966    0.35%    passed     98.80%
 416  KY684758    0.65%    passed     99.93%
 417  MG642027    1.09%    passed     96.35%
 418  MG642025    0.69%    passed     50.39%
 419  MG431251    0.26%    passed     99.69%
 420  KY883568    0.33%    passed     99.44%
 421  MG431253    0.63%    passed     99.97%
 422  KY883570    0.44%    passed     99.44%
 423  MF001048    1.07%    passed     99.95%
 424  KY883571    0.37%    passed     99.30%
 425  MF001042    0.71%    passed     99.96%
 426  MF001040    1.05%    passed     98.60%
 427  MF001045    0.57%    passed     99.56%
 428  MF001044    0.74%    passed     99.97%
 429  MF001058    0.95%    passed     99.96%
 430  MK481079    0.85%    passed     99.88%
 431  MK534510    0.85%    passed     99.88%
 432  MK534511    0.86%    passed     99.72%
 433  MG642078    0.71%    passed     54.60%
 434  MG642082    1.09%    passed     98.12%
 435  MK167034    0.58%    passed     99.53%
 436  MK534512    0.86%    passed     99.72%
 437  MK453523    0.57%    passed     99.38%
 438  MK749866    0.61%    passed     99.56%
 439  MK749868    0.56%    passed     99.96%
 440  MK749869    0.39%    passed     99.98%
 441  MK749873    0.54%    passed     99.65%
 442  MK749872    0.63%    passed     99.70%
 443  MK749871    0.61%    passed     99.80%
 444  MK749870    0.66%    passed     99.88%
 445  MK749874    0.54%    passed     99.78%
 446  MK749875    0.75%    passed     99.52%
 447  MK749876    0.62%    passed     99.69%
 448  MK749877    0.65%    passed     98.45%
 449  MK749878    0.63%    passed     99.69%
 450  MK749881    0.54%    passed     99.70%
 451  MK749879    0.46%    passed     99.11%
 452  MK749880    0.46%    passed     99.27%
 453  MK749882    0.61%    passed     99.92%
 454  MK749885    0.46%    passed     99.92%
 455  MK749887    0.63%    passed     99.85%
 456  MK749894    0.39%    passed     99.98%
 457  MK749891    0.52%    passed     98.20%
 458  MK749892    0.56%    passed     99.78%
 459  MK749889    0.62%    passed     99.50%
 460  MK749888    0.62%    passed     99.68%
 461  MK749896    0.52%    passed     99.53%
 462  MK749897    0.62%    passed     99.82%
 463  MK749898    0.62%    passed     99.66%
 464  MK749901    0.45%    passed     99.82%
 465  MK749899    0.61%    passed     98.58%
 466  MG839545    0.42%    passed     99.26%
 467  MK749903    0.66%    passed     99.77%
 468  LC474539    0.39%    passed     99.85%
 469  MK749902    0.62%    passed     96.72%
 470  LC384997    0.37%    passed     99.50%
 471  MG839547    0.21%    passed     99.96%
 472  LC384998    0.39%    passed     98.54%
 473  LC384999    0.37%    passed     99.42%
 474  LC385001    0.37%    passed     99.94%
 475  LC385003    0.21%    passed     99.77%
 476  LC385000    0.37%    passed     99.89%
 477  LC385002    0.37%    passed     99.87%
 478  LC385006    0.37%    passed     99.98%
 479  LC385007    0.37%    passed     99.91%
 480  LC385008    0.37%    passed     99.82%
 481  LC385005    0.37%    passed     99.28%
 482  LC474524    0.37%    passed     98.76%
 483  LC474523    0.37%    passed     99.32%
 484  LC474522    0.37%    passed     98.25%
 485  LC474526    0.37%    passed     98.42%
 486  LC474527    0.37%    passed     99.26%
 487  LC474528    0.37%    passed     99.84%
 488  LC474529    0.37%    passed     99.10%
 489  LC474530    0.37%    passed     99.10%
 490  LC474531    0.37%    passed     99.30%
 491  LC474532    0.37%    passed     99.35%
 492  LC474533    0.37%    passed     99.50%
 493  LC474534    0.37%    passed     99.89%
 494  LC474536    0.37%    passed     99.94%
 495  LC474535    0.39%    passed     98.57%
 496  LC474537    0.44%    passed     99.53%
 497  LC474538    0.37%    passed     99.91%
 498  LC474541    0.38%    passed     99.86%
 499  LC474543    0.37%    passed     99.29%
 500  LC474540    0.37%    passed     99.76%
 501  LC474544    0.43%    passed     99.84%
 502  LC474547    0.37%    passed     99.63%
 503  LC474545    0.43%    passed     99.69%
 504  LC474546    0.38%    passed     99.61%
 505  LC474549    0.37%    passed     99.87%
 506  LC474551    0.39%    passed     99.81%
 507  LC474552    0.39%    passed     99.99%
 508  LC474550    0.38%    passed     99.60%
 509  MF185752    1.46%    passed     93.28%
 510  MF185753    1.41%    passed     99.37%
 511  LC474553    0.38%    passed     99.50%
 512  LC474555    0.38%    passed     99.95%
 513  MF185751    1.96%    passed     99.28%
 514  LC474560    0.38%    passed     99.96%
 515  LC474559    0.38%    passed     99.97%
 516  MF185754    2.21%    passed     98.14%
 517  MK109764    0.74%    passed     99.78%
 518  MK109766    0.74%    passed     99.13%
 519  MK109765    0.47%    passed     98.86%
 520  MK109767    0.75%    passed     99.91%
 521  MK109768    0.74%    passed     98.38%
 522  MK109769    0.74%    passed     98.53%
 523  MK109770    0.35%    passed     98.73%
 524  MK109771    0.74%    passed     98.95%
 525  MK109778    0.74%    passed     98.95%
 526  MK109779    0.75%    passed     99.38%
 527  MK109780    0.74%    passed     98.95%
 528  MK109781    0.35%    passed     99.55%
 529  MK109782    0.35%    passed     99.82%
 530  MK109783    0.48%    passed     99.38%
 531  MK109784    0.74%    passed     99.03%
 532  MK109788    0.74%    passed     99.34%
 533  MK109789    0.35%    passed     96.65%
 534  MK749905    0.61%    passed     99.76%
 535  MK749906    0.61%    passed     99.80%
 536  MK749907    0.61%    passed     99.29%
 537  MK749908    0.44%    passed     98.51%
 538  MK749910    0.46%    passed     99.90%
 539  MK749914    0.47%    passed     99.32%
 540  MK749915    0.47%    passed     99.17%
 541  MK749916    0.41%    passed     99.98%
 542  LC495297    1.73%    passed     98.38%
 543  MK109786    0.35%    passed     99.87%
 544  MG813994    0.44%    passed     99.43%
 545  MN163126    0.07%    passed     99.50%
 546  MN163124    0.90%    passed     97.53%
 547  MG813995    0.79%    passed     73.33%
 548  MN163125    0.24%    passed     99.30%
 549  MT040081    0.72%    passed     99.53%
 550  MT040084    0.61%    passed     99.58%
 551  MT373704    0.85%    passed     99.80%
 552  MT373703    0.85%    passed     99.77%
 553  MT107528    0.07%    passed     99.91%
 554  MT373705    0.85%    passed     99.99%
 555  MT040085    0.90%    passed     91.66%
 556  MT040087    0.61%    passed     99.96%
 557  MW020595    0.41%    passed     99.85%
 558  MT040089    1.43%    passed     99.22%
 559  MW160744    0.44%    passed     99.78%
 560  MW582529    0.07%    passed     94.87%
 561  MW160745    0.68%    passed     99.94%
 562  MW160751    0.69%    passed     99.98%
 563  MW160748    0.45%    passed     99.99%
 564  MW160750    0.44%    passed     99.62%
 565  MW160752    0.44%    passed     99.28%
 566  MW160757    0.44%    passed     99.91%
 567  MW160760    0.44%    passed     99.79%
 568  MW160763    0.45%    passed     99.80%
 569  MW160770    0.44%    passed     99.90%
 570  MW160775    0.44%    passed     99.96%
 571  MW160780    0.45%    passed     99.55%
 572  MW160765    0.44%    passed     99.95%
 573  MW160777    0.44%    passed     99.86%
 574  MW160789    0.44%    passed     99.88%
 575  MW160781    0.44%    passed     99.94%
 576  MW160784    0.45%    passed     99.83%
 577  MW160786    0.44%    passed     99.51%
 578  MW160788    0.44%    passed     99.78%
 579  MW160791    0.68%    passed     99.96%
 580  MW160790    0.68%    passed     99.95%
 581  MW160792    0.44%    passed     99.52%
 582  MW160793    0.44%    passed     99.98%
 583  MW160794    0.44%    passed     99.92%
 584  MW160796    0.44%    passed     99.89%
 585  MW160798    0.94%    passed     99.86%
 586  MW160802    0.44%    passed     99.96%
 587  MW160800    0.45%    passed     99.34%
 588  MW160804    0.45%    passed     99.36%
 589  MW160805    0.44%    passed     99.88%
 590  MW160806    0.45%    passed     99.94%
 591  MW160810    0.44%    passed     99.60%
 592  MW160808    0.44%    passed     99.72%
 593  MW160813    0.44%    passed     99.63%
 594  MW160811    0.44%    passed     99.70%
 595  MW160812    0.45%    passed     99.81%
 596  MW160815    0.44%    passed     99.80%
 597  MW160821    0.96%    passed     99.96%
 598  MW160816    0.44%    passed     99.38%
 599  MW160817    0.44%    passed     99.85%
 600  MW160818    0.45%    passed     99.70%
 601  MW160832    0.72%    passed     99.17%
 602  MW160823    0.46%    passed     99.12%
 603  MW160829    0.44%    passed     99.84%
 604  MW160826    0.45%    passed     99.90%
 605  MW160831    0.45%    passed     99.62%
 606  MW160833    0.69%    passed     99.95%
 607  MW160834    0.44%    passed     99.79%
 608  MW160835    0.44%    passed     99.63%
 609  MW160838    0.45%    passed     99.93%
 610  MW160836    0.45%    passed     99.14%
 611  MW160837    0.45%    passed     99.89%
 612  MZ515553    0.07%    passed     99.98%
 613  MZ515554    0.36%    passed     99.94%
 614  MZ515557    0.09%    passed     98.71%
 615  MZ515558    0.08%    passed     99.39%
 616  MZ515561    0.07%    passed     99.94%
 617  MZ515560    0.07%    passed     99.77%
 618  MZ515562    0.07%    passed     99.32%
 619  MZ515565    0.07%    passed     99.85%
 620  MZ515574    0.10%    passed     99.37%
 621  MZ515586    0.45%    passed     97.14%
 622  MZ515578    0.09%    passed     99.77%
 623  MZ515581    0.09%    passed     99.05%
 624  MZ515584    0.06%    passed     99.51%
 625  MZ515587    0.07%    passed     99.97%
 626  MZ515817    0.07%    passed     99.99%
 627  MZ515820    0.07%    passed     99.95%
 628  MZ515823    0.06%    passed     99.84%
 629  MZ515824    0.35%    passed     99.98%
 630  MZ515827    0.07%    passed     99.76%
 631  MZ515830    0.07%    passed     99.30%
 632  MZ515831    0.06%    passed     99.66%
 633  MZ515832    1.51%    passed     95.74%
 634  MZ515843    0.09%    passed     99.77%
 635  MZ515836    0.09%    passed     99.94%
 636  MZ515837    0.06%    passed     99.77%
 637  MZ515839    0.07%    passed     99.82%
 638  MZ515844    0.07%    passed     99.22%
 639  MZ515845    0.09%    passed     99.92%
 640  MZ515846    0.07%    passed     99.74%
 641  MZ515849    0.07%    passed     99.99%
 642  MZ515857    0.07%    passed     99.53%
 643  MZ515863    0.07%    passed     99.73%
 644  MZ515865    0.10%    passed     99.98%
 645  MZ515868    0.07%    passed     99.88%
 646  MZ515869    0.09%    passed     99.98%
 647  MZ515871    0.06%    passed     99.52%
 648  MZ515872    0.07%    passed     99.81%
 649  MZ515883    0.09%    passed     99.92%
 650  MZ515886    0.07%    passed     99.94%
 651  MZ515889    0.06%    passed     99.94%
 652  MZ515890    0.07%    passed     99.75%
 653  MZ515892    0.06%    passed     99.99%
 654  MZ515894    0.07%    passed     99.95%
 655  MZ515895    0.06%    passed     99.89%
 656  MZ515899    0.09%    passed     99.71%
 657  MZ515903    0.07%    passed     99.37%
 658  MZ515916    0.12%    passed     99.88%
 659  MZ515904    0.06%    passed     99.49%
 660  MZ515917    0.07%    passed     99.95%
 661  MZ515918    0.08%    passed     99.98%
 662  MZ515914    0.07%    passed     99.43%
 663  MZ515924    0.05%    passed     99.98%
 664  MZ515930    0.07%    passed     99.76%
 665  MZ515926    0.07%    passed     99.35%
 666  MZ515925    0.06%    passed     99.82%
 667  MZ515934    0.07%    passed     99.43%
 668  MZ515950    0.33%    passed     98.98%
 669  MZ515936    0.16%    passed     99.96%
 670  MZ515937    0.35%    passed     95.53%
 671  MZ515938    0.07%    passed     98.93%
 672  MZ515944    0.09%    passed     99.73%
 673  MZ515946    0.08%    passed     99.35%
 674  MZ515953    0.06%    passed     99.19%
 675  MZ515970    0.07%    passed     99.30%
 676  MZ515955    0.08%    passed     99.90%
 677  MZ515972    0.07%    passed     99.89%
 678  MZ515974    0.09%    passed     99.51%
 679  MZ515975    0.07%    passed     99.89%
 680  MZ515977    0.09%    passed     99.34%
 681  MZ515978    0.07%    passed     99.11%
 682  MZ515979    0.35%    passed     99.36%
 683  MZ515988    0.59%    passed     98.91%
 684  MZ515981    0.06%    passed     99.80%
 685  MZ515995    0.08%    passed     99.86%
 686  MZ515990    0.06%    passed     99.94%
 687  MZ515996    0.06%    passed     99.97%
 688  MZ515997    0.09%    passed     99.00%
 689  MZ515991    0.07%    passed     99.88%
 690  MZ516016    0.41%    passed     96.46%
 691  MZ516003    0.07%    passed     99.38%
 692  MZ516020    0.06%    passed     99.95%
 693  MZ516022    0.07%    passed     99.72%
 694  MZ516021    0.07%    passed     99.17%
 695  MZ516030    0.06%    passed     99.98%
 696  MZ516025    0.32%    passed     99.82%
 697  MZ516037    0.07%    passed     99.95%
 698  MZ516032    0.06%    passed     99.95%
 699  MZ516034    0.07%    passed     99.94%
 700  MZ516041    0.07%    passed     99.87%
 701  MZ516042    0.07%    passed     99.53%
 702  MZ516045    0.06%    passed     99.33%
 703  MZ516054    0.06%    passed     98.97%
 704  MZ516059    0.11%    passed     99.36%
 705  MZ516049    0.07%    passed     99.84%
 706  MZ516056    0.07%    passed     98.52%
 707  MZ516051    0.07%    passed     99.96%
 708  MZ516065    0.07%    passed     99.44%
 709  MZ516061    0.06%    passed     99.62%
 710  MZ516062    0.06%    passed     99.38%
 711  MZ516060    0.07%    passed     98.92%
 712  MZ516081    0.07%    passed     99.53%
 713  MZ516082    0.06%    passed     99.78%
 714  MZ516083    0.07%    passed     99.93%
 715  MZ516089    0.07%    passed     99.94%
 716  MZ516095    0.06%    passed     99.31%
 717  MZ516094    0.15%    passed     99.78%
 718  MZ516098    0.06%    passed     99.68%
 719  MZ516102    0.07%    passed     99.77%
 720  MZ516101    0.07%    passed     99.22%
 721  MZ516104    0.35%    passed     99.99%
 722  MZ516105    0.06%    passed     99.62%
 723  MZ516107    0.07%    passed     99.74%
 724  MZ516109    0.64%    passed     99.19%
 725  MZ516113    0.07%    passed     99.87%
 726  MZ515792    1.44%    passed     99.73%
 727  MZ516114    0.06%    passed     99.78%
 728  MZ515779    0.07%    passed     97.28%
 729  MZ515786    0.07%    passed     99.63%
 730  MZ515791    0.07%    passed     99.53%
 731  MZ515805    0.18%    passed     99.98%
 732  MZ515793    0.08%    passed     99.95%
 733  MZ515799    0.06%    passed     99.92%
 734  MZ515794    0.07%    passed     99.22%
 735  MZ515807    0.06%    passed    100.00%
 736  MZ515809    0.07%    passed     99.88%
 737  MZ516122    0.06%    passed     99.95%
 738  MZ515812    0.07%    passed     99.73%
 739  MZ516116    0.07%    passed     99.95%
 740  MZ516123    0.07%    passed     99.89%
 741  MZ516125    0.07%    passed     99.95%
 742  MZ516126    0.06%    passed     99.99%
 743  MZ516135    0.09%    passed     98.99%
 744  MZ516139    0.06%    passed     99.56%
 745  MZ516141    0.08%    passed     99.98%
 746  MZ516140    0.07%    passed     99.83%
 747  MZ515591    0.07%    passed     99.82%
 748  MZ515590    0.07%    passed     99.36%
 749  MZ516143    0.07%    passed     99.89%
 750  MZ515596    0.07%    passed     99.96%
 751  MZ515594    0.35%    passed     97.87%
 752  MZ515595    0.07%    passed     99.21%
 753  MZ515598    0.10%    passed     99.89%
 754  MZ515603    0.09%    passed     99.76%
 755  MZ515605    0.07%    passed     99.24%
 756  MZ515599    0.07%    passed     99.27%
 757  MZ515607    0.07%    passed     99.43%
 758  MZ515612    0.07%    passed     99.74%
 759  MZ515611    0.07%    passed     99.88%
 760  MZ515613    0.07%    passed     99.22%
 761  MZ515608    0.07%    passed     99.96%
 762  MZ515627    0.07%    passed     99.85%
 763  MZ515622    0.50%    passed     98.70%
 764  MZ515625    0.07%    passed     99.98%
 765  MZ515635    0.07%    passed     99.43%
 766  MZ515638    0.06%    passed     99.95%
 767  MZ515637    0.06%    passed     99.80%
 768  MZ515636    0.07%    passed     99.40%
 769  MZ515639    0.09%    passed     99.39%
 770  MZ515648    0.17%    passed     99.96%
 771  MZ515653    0.06%    passed     98.96%
 772  MZ515656    0.07%    passed     99.85%
 773  MZ515658    0.07%    passed     99.90%
 774  MZ515660    0.08%    passed     98.60%
 775  MZ515670    3.70%    passed     97.73%
 776  MZ515663    0.09%    passed     99.20%
 777  MZ515665    0.07%    passed     99.94%
 778  MZ515667    0.07%    passed     99.95%
 779  MZ515669    0.07%    passed     99.84%
 780  MZ515671    0.07%    passed     99.22%
 781  MZ515672    0.07%    passed     98.03%
 782  MZ515674    0.09%    passed     99.93%
 783  MZ515677    0.06%    passed     99.19%
 784  MZ515683    0.07%    passed     99.94%
 785  MZ515678    0.06%    passed     99.84%
 786  MZ515684    0.16%    passed     99.80%
 787  MZ515691    0.07%    passed     99.22%
 788  MZ515698    0.07%    passed     99.79%
 789  MZ515694    0.07%    passed     99.83%
 790  MZ515713    0.86%    passed     99.79%
 791  MZ515699    0.07%    passed     99.59%
 792  MZ515704    0.09%    passed     99.95%
 793  MZ515707    0.07%    passed     98.91%
 794  MZ515710    0.07%    passed     99.87%
 795  MZ515712    0.06%    passed     99.82%
 796  MZ515727    0.61%    passed     99.93%
 797  MZ515716    0.06%    passed     99.88%
 798  MZ515724    0.07%    passed     99.37%
 799  MZ515715    0.07%    passed     99.85%
 800  MZ515719    0.07%    passed     99.83%
 801  MZ515726    0.07%    passed     99.53%
 802  MZ515728    0.07%    passed     99.89%
 803  MZ515729    0.06%    passed     99.99%
 804  MZ515730    0.07%    passed     99.94%
 805  MZ515732    0.06%    passed     99.42%
 806  MZ515738    0.07%    passed     98.44%
 807  MZ515743    0.09%    passed     99.93%
 808  MZ515746    0.16%    passed     99.76%
 809  MZ515748    0.06%    passed     99.76%
 810  MZ515751    0.07%    passed     99.91%
 811  MZ515753    0.08%    passed     99.45%
 812  MZ515756    0.07%    passed     98.73%
 813  MZ515757    0.35%    passed     99.37%
 814  MZ515759    0.07%    passed     97.17%
 815  MZ515761    0.07%    passed     99.67%
 816  MZ515762    0.07%    passed     99.96%
 817  MZ515764    0.08%    passed     99.98%
 818  MZ515767    0.07%    passed     99.96%
 819  MZ515769    0.06%    passed     99.39%
 820  MZ515770    0.09%    passed     99.97%
 821  MZ151849    0.86%    passed     99.47%
 822  MZ151850    0.85%    passed     99.99%
 823  MZ515771    0.06%    passed     99.94%
 824  MZ515775    0.06%    passed     99.54%
 825  MZ515776    0.08%    passed     99.91%
 826  MZ151856    0.85%    passed    100.00%
 827  MZ515778    0.06%    passed     99.62%
 828  MZ151851    1.98%    passed     99.84%
 829  OK649685    0.24%    passed     99.60%
 830  OK649686    0.22%    passed     99.39%
 831  OK649688    0.29%    passed     99.90%
 832  OK649687    0.22%    passed     99.77%
 833  OK649689    0.23%    passed     99.75%
 834  OK649690    0.18%    passed     99.43%
 835  OK649692    0.29%    passed     99.33%
 836  OK649693    0.22%    passed     99.11%
 837  OK649696    0.23%    passed     99.77%
 838  OK649695    0.24%    passed     99.75%
 839  OK649694    0.29%    passed     99.95%
 840  OK649698    0.15%    passed     99.87%
 841  OK649697    0.26%    passed     98.40%
 842  OK649699    0.21%    passed     99.73%
 843  OK649700    0.31%    passed     99.73%
 844  OK649701    0.29%    passed     99.90%
 845  OK649702    0.28%    passed     99.54%
 846  OK649704    0.24%    passed     98.64%
 847  OK649703    0.22%    passed     99.61%
 848  OK649705    0.26%    passed     99.18%
 849  OK649706    0.26%    passed     99.31%
 850  OK649707    0.26%    passed     99.81%
 851  OK649708    0.24%    passed     99.40%
 852  OK649709    0.14%    passed     99.94%
 853  OK649710    0.22%    passed     99.68%
 854  OK649712    0.21%    passed     99.33%
 855  OK649711    0.24%    passed     99.83%
 856  OK649713    0.16%    passed     99.85%
 857  OK649715    0.20%    passed     99.35%
 858  OK649714    0.20%    passed     99.76%
 859  OK649716    0.27%    passed     99.01%
 860  OK649717    0.24%    passed     99.26%
 861  OK649719    0.22%    passed     99.85%
 862  OK649718    0.24%    passed     99.28%
 863  OK649720    0.20%    passed     99.46%
 864  OK649722    0.23%    passed     99.56%
 865  OK649723    0.29%    passed     99.66%
 866  OK649721    0.23%    passed     99.15%
 867  OK649724    0.24%    passed     99.58%
 868  OK649725    0.22%    passed     99.99%
 869  OK649726    0.19%    passed     99.75%
 870  OK649729    0.23%    passed     99.61%
 871  OK649731    0.23%    passed     99.70%
 872  OK649728    0.21%    passed     99.39%
 873  OK649727    0.29%    passed     99.31%
 874  OK649732    0.24%    passed     99.85%
 875  OK649730    0.26%    passed     96.86%
 876  OK649734    0.23%    passed     99.74%
 877  OK649733    0.30%    passed     97.05%
 878  OK649735    0.22%    passed     97.62%
 879  OK649736    0.31%    passed     98.24%
 880  OK649737    0.24%    passed     99.15%
 881  OK649739    0.22%    passed     99.71%
 882  OK649738    0.24%    passed     99.82%
 883  OK649740    0.84%    passed     99.96%
 884  OK649741    0.26%    passed     98.63%
 885  OK649742    0.22%    passed     99.72%
 886  OK649743    0.25%    passed     99.01%
 887  OK649744    0.24%    passed     99.88%
 888  OK649745    0.60%    passed     97.98%
 889  OK649746    0.58%    passed     98.02%
 890  OK649748    0.65%    passed     99.99%
 891  OK649747    0.63%    passed     99.99%
 892  OK649749    0.49%    passed     96.90%
 893  OK649750    0.61%    passed     98.85%
 894  OK649752    0.54%    passed    100.00%
 895  OK649753    0.10%    passed     99.93%
 896  OK649751    0.57%    passed     97.54%
 897  OK649754    0.20%    passed     98.98%
 898  OK649755    0.23%    passed     99.66%
****  TOTAL       0.43%  0 sequences failed composition chi2 test (p-value<5%; df=3)
NOTE: KU839635 is identical to KU950695 but kept for subsequent analysis
NOTE: MK534510 is identical to MK481079 but kept for subsequent analysis
NOTE: MK534512 is identical to MK534511 but kept for subsequent analysis
NOTE: LC474530 is identical to LC474529 but kept for subsequent analysis
NOTE: MW160835 is identical to MW160813 but kept for subsequent analysis
NOTE: MZ515843 is identical to MZ515578 but kept for subsequent analysis
NOTE: MZ516037 is identical to MZ515820 but kept for subsequent analysis
NOTE: MZ515678 is identical to MZ515823 but kept for subsequent analysis
NOTE: MZ515930 is identical to MZ515827 but kept for subsequent analysis
NOTE: MZ516101 is identical to MZ515844 but kept for subsequent analysis
NOTE: MZ516042 is identical to MZ515857 but kept for subsequent analysis
NOTE: MZ515991 is identical to MZ515868 but kept for subsequent analysis
NOTE: MZ516034 is identical to MZ515886 but kept for subsequent analysis
NOTE: MZ516126 is identical to MZ515892 but kept for subsequent analysis
NOTE: MZ515917 is identical to MZ515894 but kept for subsequent analysis
NOTE: MZ515934 is identical to MZ515914 but kept for subsequent analysis
NOTE: MZ515677 is identical to MZ515953 but kept for subsequent analysis
NOTE: MZ515637 is identical to MZ515981 but kept for subsequent analysis
NOTE: MZ516122 is identical to MZ516020 but kept for subsequent analysis
NOTE: MZ515596 is identical to MZ516051 but kept for subsequent analysis
NOTE: MZ515778 is identical to MZ516105 but kept for subsequent analysis
NOTE: MZ515728 is identical to MZ516143 but kept for subsequent analysis
Checking for duplicate sequences: done in 0.0374012 secs using 95.72% CPU
Identifying sites to remove: done in 0.071872 secs using 86.13% CPU
NOTE: 16 identical sequences (see below) will be ignored for subsequent analysis
NOTE: MZ516125 (identical to MZ515820) is ignored but added at the end
NOTE: MZ515671 (identical to MZ515844) is ignored but added at the end
NOTE: MZ515691 (identical to MZ515844) is ignored but added at the end
NOTE: MZ516081 (identical to MZ515857) is ignored but added at the end
NOTE: MZ515791 (identical to MZ515857) is ignored but added at the end
NOTE: MZ515726 (identical to MZ515857) is ignored but added at the end
NOTE: MZ516089 (identical to MZ515886) is ignored but added at the end
NOTE: MZ515665 (identical to MZ515886) is ignored but added at the end
NOTE: MZ515730 (identical to MZ515886) is ignored but added at the end
NOTE: MZ515729 (identical to MZ515892) is ignored but added at the end
NOTE: MZ516116 (identical to MZ515894) is ignored but added at the end
NOTE: MZ515667 (identical to MZ515894) is ignored but added at the end
NOTE: MZ515607 (identical to MZ515914) is ignored but added at the end
NOTE: MZ515635 (identical to MZ515914) is ignored but added at the end
NOTE: MZ515638 (identical to MZ516020) is ignored but added at the end
NOTE: MZ515767 (identical to MZ516051) is ignored but added at the end
Alignment was printed to results/aligned_B-delim.fasta.uniqueseq.phy

For your convenience alignment with unique sequences printed to results/aligned_B-delim.fasta.uniqueseq.phy

CHECKPOINT: Initial tree restored

NOTE: 180 MB RAM (0 GB) is required!
Estimate model parameters (epsilon = 0.500)
1. Initial log-likelihood: -822465.415
2. Current log-likelihood: -737235.479
3. Current log-likelihood: -722184.207
4. Current log-likelihood: -722087.467
5. Current log-likelihood: -722061.552
6. Current log-likelihood: -722053.564
7. Current log-likelihood: -722051.046
Optimal log-likelihood: -722051.042
Rate parameters:  A-C: 2.82636  A-G: 16.55028  A-T: 1.66846  C-G: 0.44266  C-T: 37.00527  G-T: 1.00000
Base frequencies:  A: 0.387  C: 0.179  G: 0.158  T: 0.276
Parameters optimization took 7 rounds (21.885 sec)
Wrote distance file to... 
Computing ML distances based on estimated model parameters...
Calculating distance matrix: done in 6.33267 secs using 99.75% CPU
Computing ML distances took 6.375746 sec (of wall-clock time) 6.348550 sec (of CPU time)
Setting up auxiliary I and S matrices: done in 0.0153079 secs using 178% CPU
Constructing RapidNJ tree: done in 0.027843 secs using 193% CPU
Computing RapidNJ tree took 0.043231 sec (of wall-clock time) 0.081121 sec (of CPU time)
Log-likelihood of RapidNJ tree: -169112.020
--------------------------------------------------------------------
|             INITIALIZING CANDIDATE TREE SET                      |
--------------------------------------------------------------------

Do NNI search on 2 best initial trees
Optimizing NNI: done in 7.61037 secs using 99.82% CPU
Estimate model parameters (epsilon = 0.500)
BETTER TREE FOUND at iteration 1: -168362.556
Optimizing NNI: done in 126.655 secs using 99.51% CPU
Finish initializing candidate tree set (4)
Current best tree score: -168362.556 / CPU time: 140.524
Number of iterations: 2
TREE SEARCH COMPLETED AFTER 2 ITERATIONS / Time: 0h:2m:52s

--------------------------------------------------------------------
|                    FINALIZING TREE SEARCH                        |
--------------------------------------------------------------------
Performs final model parameters optimization
Estimate model parameters (epsilon = 0.050)
1. Initial log-likelihood: -168362.556
Optimal log-likelihood: -168362.555
Rate parameters:  A-C: 1.90698  A-G: 11.96655  A-T: 1.26312  C-G: 0.16080  C-T: 24.95788  G-T: 1.00000
Base frequencies:  A: 0.387  C: 0.179  G: 0.158  T: 0.276
Parameters optimization took 1 rounds (1.637 sec)
BEST SCORE FOUND : -168362.555
Total tree length: 1.248

Total number of iterations: 2
CPU time used for tree search: 139.860 sec (0h:2m:19s)
Wall-clock time used for tree search: 140.526 sec (0h:2m:20s)
Total CPU time used: 173.226 sec (0h:2m:53s)
Total wall-clock time used: 174.100 sec (0h:2m:54s)

Analysis results written to: 
  IQ-TREE report:                results/aligned_B-delim.fasta.iqtree
  Maximum-likelihood tree:       results/aligned_B-delim.fasta.treefile
  Likelihood distances:          results/aligned_B-delim.fasta.mldist
  Screen log file:               results/aligned_B-delim.fasta.log

Date and Time: Tue Apr  5 12:16:49 2022
