IQ-TREE multicore version 2.1.2 COVID-edition for Linux 64-bit built Oct 22 2020
Developed by Bui Quang Minh, James Barbetti, Nguyen Lam Tung,
Olga Chernomor, Heiko Schmidt, Dominik Schrempf, Michael Woodhams.

Host:    ip-172-31-84-113.ec2.internal (AVX512, FMA3, 15 GB RAM)
Command: iqtree -nt 1 -s results/aligned_cdc_yam_pa_60y_cell_hi-delim.fasta -m GTR -ninit 2 -n 2 -me 0.05
Seed:    869707 (Using SPRNG - Scalable Parallel Random Number Generator)
Time:    Fri Aug 26 21:43:45 2022
Kernel:  AVX+FMA - 1 threads (8 CPU cores detected)

HINT: Use -nt option to specify number of threads because your CPU has 8 cores!
HINT: -nt AUTO will automatically determine the best number of threads to use.

Reading alignment file results/aligned_cdc_yam_pa_60y_cell_hi-delim.fasta ... Fasta format detected
Alignment most likely contains DNA/RNA sequences
Alignment has 320 sequences with 2269 columns, 626 distinct patterns
383 parsimony-informative, 232 singleton sites, 1654 constant sites
                                                                                                                            Gap/Ambiguity  Composition  p-value
   1  B_DELIM-LGSRNXBOKZEMHNZKGQFH_Managua_DELIM-LGSRNXBOKZEMHNZKGQFH_265002_DELIM-LGSRNXBOKZEMHNZKGQFH_2008                        0.09%    passed     98.89%
   2  B_DELIM-LGSRNXBOKZEMHNZKGQFH_NorthDakota_DELIM-LGSRNXBOKZEMHNZKGQFH_7_DELIM-LGSRNXBOKZEMHNZKGQFH_2020                         0.04%    passed     99.95%
   3  B_DELIM-LGSRNXBOKZEMHNZKGQFH_Guam_DELIM-LGSRNXBOKZEMHNZKGQFH_204_DELIM-LGSRNXBOKZEMHNZKGQFH_2019                              0.04%    passed     99.40%
   4  B_DELIM-LGSRNXBOKZEMHNZKGQFH_Bahrain_DELIM-LGSRNXBOKZEMHNZKGQFH_311_DELIM-LGSRNXBOKZEMHNZKGQFH_2018                           0.04%    passed     99.84%
   5  B_DELIM-LGSRNXBOKZEMHNZKGQFH_Afghanistan_DELIM-LGSRNXBOKZEMHNZKGQFH_8243_DELIM-LGSRNXBOKZEMHNZKGQFH_2018                      0.09%    passed     99.72%
   6  B_DELIM-LGSRNXBOKZEMHNZKGQFH_Alaska_DELIM-LGSRNXBOKZEMHNZKGQFH_48_DELIM-LGSRNXBOKZEMHNZKGQFH_2015                             3.88%    passed     96.75%
   7  B_DELIM-LGSRNXBOKZEMHNZKGQFH_California_DELIM-LGSRNXBOKZEMHNZKGQFH_NHRC0001_DELIM-LGSRNXBOKZEMHNZKGQFH_2004                   0.53%    passed     99.94%
   8  B_DELIM-LGSRNXBOKZEMHNZKGQFH_California_DELIM-LGSRNXBOKZEMHNZKGQFH_NHRC0002_DELIM-LGSRNXBOKZEMHNZKGQFH_2005                   0.53%    passed     99.87%
   9  B_DELIM-LGSRNXBOKZEMHNZKGQFH_Nonthaburi_DELIM-LGSRNXBOKZEMHNZKGQFH_275_DELIM-LGSRNXBOKZEMHNZKGQFH_2017                        0.04%    passed     99.92%
  10  B_DELIM-LGSRNXBOKZEMHNZKGQFH_HongKong_DELIM-LGSRNXBOKZEMHNZKGQFH_1406_DELIM-LGSRNXBOKZEMHNZKGQFH_2018                         0.04%    passed     99.61%
  11  B_DELIM-LGSRNXBOKZEMHNZKGQFH_NewYork_DELIM-LGSRNXBOKZEMHNZKGQFH_1146_DELIM-LGSRNXBOKZEMHNZKGQFH_2008                          3.88%    passed     99.13%
  12  B_DELIM-LGSRNXBOKZEMHNZKGQFH_NewYork_DELIM-LGSRNXBOKZEMHNZKGQFH_1069_DELIM-LGSRNXBOKZEMHNZKGQFH_2005                          0.09%    passed     99.84%
  13  B_DELIM-LGSRNXBOKZEMHNZKGQFH_Colombia_DELIM-LGSRNXBOKZEMHNZKGQFH_4930_DELIM-LGSRNXBOKZEMHNZKGQFH_2017                         0.04%    passed     99.83%
  14  B_DELIM-LGSRNXBOKZEMHNZKGQFH_NewYork_DELIM-LGSRNXBOKZEMHNZKGQFH_1078_DELIM-LGSRNXBOKZEMHNZKGQFH_2005                          0.31%    passed     99.61%
  15  B_DELIM-LGSRNXBOKZEMHNZKGQFH_Singapore_DELIM-LGSRNXBOKZEMHNZKGQFH_INFGP-16-1079_DELIM-LGSRNXBOKZEMHNZKGQFH_2016               3.88%    passed     98.57%
  16  B_DELIM-LGSRNXBOKZEMHNZKGQFH_Philippines_DELIM-LGSRNXBOKZEMHNZKGQFH_992_DELIM-LGSRNXBOKZEMHNZKGQFH_2017                       0.04%    passed     99.82%
  17  B_DELIM-LGSRNXBOKZEMHNZKGQFH_Managua_DELIM-LGSRNXBOKZEMHNZKGQFH_342501_DELIM-LGSRNXBOKZEMHNZKGQFH_2008                        0.04%    passed     99.16%
  18  B_DELIM-LGSRNXBOKZEMHNZKGQFH_Managua_DELIM-LGSRNXBOKZEMHNZKGQFH_67302_DELIM-LGSRNXBOKZEMHNZKGQFH_2008                         0.04%    passed     98.76%
  19  B_DELIM-LGSRNXBOKZEMHNZKGQFH_Mali_DELIM-LGSRNXBOKZEMHNZKGQFH_39_DELIM-LGSRNXBOKZEMHNZKGQFH_2018                               0.04%    passed     99.76%
  20  B_DELIM-LGSRNXBOKZEMHNZKGQFH_Peru_DELIM-LGSRNXBOKZEMHNZKGQFH_1619_DELIM-LGSRNXBOKZEMHNZKGQFH_2019                             0.04%    passed     99.90%
  21  B_DELIM-LGSRNXBOKZEMHNZKGQFH_HongKong_DELIM-LGSRNXBOKZEMHNZKGQFH_1355_DELIM-LGSRNXBOKZEMHNZKGQFH_2018                         0.09%    passed     99.92%
  22  B_DELIM-LGSRNXBOKZEMHNZKGQFH_Singapore_DELIM-LGSRNXBOKZEMHNZKGQFH_KK1286_DELIM-LGSRNXBOKZEMHNZKGQFH_2019                      3.92%    passed     93.15%
  23  B_DELIM-LGSRNXBOKZEMHNZKGQFH_AbuDhabi_DELIM-LGSRNXBOKZEMHNZKGQFH_46_DELIM-LGSRNXBOKZEMHNZKGQFH_2018                           0.04%    passed     99.91%
  24  B_DELIM-LGSRNXBOKZEMHNZKGQFH_NewYork_DELIM-LGSRNXBOKZEMHNZKGQFH_1112_DELIM-LGSRNXBOKZEMHNZKGQFH_2007                          0.18%    passed     99.75%
  25  B_DELIM-LGSRNXBOKZEMHNZKGQFH_SouthAfrica_DELIM-LGSRNXBOKZEMHNZKGQFH_VW0594_DELIM-LGSRNXBOKZEMHNZKGQFH_2018                    0.04%    passed     99.82%
  26  B_DELIM-LGSRNXBOKZEMHNZKGQFH_California_DELIM-LGSRNXBOKZEMHNZKGQFH_NHRC0006_DELIM-LGSRNXBOKZEMHNZKGQFH_2005                   0.53%    passed     99.85%
  27  B_DELIM-LGSRNXBOKZEMHNZKGQFH_Togo_DELIM-LGSRNXBOKZEMHNZKGQFH_679_DELIM-LGSRNXBOKZEMHNZKGQFH_2016                              0.04%    passed     99.98%
  28  B_DELIM-LGSRNXBOKZEMHNZKGQFH_Peru_DELIM-LGSRNXBOKZEMHNZKGQFH_516_DELIM-LGSRNXBOKZEMHNZKGQFH_2016                              0.04%    passed     99.72%
  29  B_DELIM-LGSRNXBOKZEMHNZKGQFH_Bangladesh_DELIM-LGSRNXBOKZEMHNZKGQFH_2008_DELIM-LGSRNXBOKZEMHNZKGQFH_2017                       0.04%    passed     99.81%
  30  B_DELIM-LGSRNXBOKZEMHNZKGQFH_Colombia_DELIM-LGSRNXBOKZEMHNZKGQFH_872_DELIM-LGSRNXBOKZEMHNZKGQFH_2016                          0.04%    passed     99.81%
  31  B_DELIM-LGSRNXBOKZEMHNZKGQFH_Bangladesh_DELIM-LGSRNXBOKZEMHNZKGQFH_8007_DELIM-LGSRNXBOKZEMHNZKGQFH_2019                       0.04%    passed     98.42%
  32  B_DELIM-LGSRNXBOKZEMHNZKGQFH_Tokyo_DELIM-LGSRNXBOKZEMHNZKGQFH_EH19_DELIM-LGSRNXBOKZEMHNZKGQFH_2016                            3.88%    passed     96.80%
  33  B_DELIM-LGSRNXBOKZEMHNZKGQFH_HongKong_DELIM-LGSRNXBOKZEMHNZKGQFH_731_DELIM-LGSRNXBOKZEMHNZKGQFH_2017                          0.04%    passed     99.63%
  34  B_DELIM-LGSRNXBOKZEMHNZKGQFH_Missouri_DELIM-LGSRNXBOKZEMHNZKGQFH_NHRC0001_DELIM-LGSRNXBOKZEMHNZKGQFH_2005                     0.66%    passed     99.87%
  35  B_DELIM-LGSRNXBOKZEMHNZKGQFH_Pakistan_DELIM-LGSRNXBOKZEMHNZKGQFH_37_DELIM-LGSRNXBOKZEMHNZKGQFH_2017                           0.04%    passed     99.83%
  36  B_DELIM-LGSRNXBOKZEMHNZKGQFH_Fiji_DELIM-LGSRNXBOKZEMHNZKGQFH_95_DELIM-LGSRNXBOKZEMHNZKGQFH_2015                               3.66%    passed     96.99%
  37  B_DELIM-LGSRNXBOKZEMHNZKGQFH_Maryland_DELIM-LGSRNXBOKZEMHNZKGQFH_26_DELIM-LGSRNXBOKZEMHNZKGQFH_2015                           3.88%    passed     95.61%
  38  B_DELIM-LGSRNXBOKZEMHNZKGQFH_Pakistan_DELIM-LGSRNXBOKZEMHNZKGQFH_433_DELIM-LGSRNXBOKZEMHNZKGQFH_2015                          0.04%    passed     98.12%
  39  B_DELIM-LGSRNXBOKZEMHNZKGQFH_Brazil_DELIM-LGSRNXBOKZEMHNZKGQFH_643_DELIM-LGSRNXBOKZEMHNZKGQFH_2015                            0.04%    passed     99.74%
  40  B_DELIM-LGSRNXBOKZEMHNZKGQFH_CoteDIvoire_DELIM-LGSRNXBOKZEMHNZKGQFH_2058_DELIM-LGSRNXBOKZEMHNZKGQFH_2015                      0.09%    passed     98.63%
  41  B_DELIM-LGSRNXBOKZEMHNZKGQFH_Guyane_DELIM-LGSRNXBOKZEMHNZKGQFH_550_DELIM-LGSRNXBOKZEMHNZKGQFH_2018                            0.04%    passed     99.64%
  42  B_DELIM-LGSRNXBOKZEMHNZKGQFH_Chanthaburi_DELIM-LGSRNXBOKZEMHNZKGQFH_315_DELIM-LGSRNXBOKZEMHNZKGQFH_2015                       3.88%    passed     99.24%
  43  B_DELIM-LGSRNXBOKZEMHNZKGQFH_Peru_DELIM-LGSRNXBOKZEMHNZKGQFH_719_DELIM-LGSRNXBOKZEMHNZKGQFH_2019                              0.04%    passed     99.88%
  44  B_DELIM-LGSRNXBOKZEMHNZKGQFH_Stockholm_DELIM-LGSRNXBOKZEMHNZKGQFH_8_DELIM-LGSRNXBOKZEMHNZKGQFH_2015                           3.88%    passed     99.42%
  45  B_DELIM-LGSRNXBOKZEMHNZKGQFH_Hawaii_DELIM-LGSRNXBOKZEMHNZKGQFH_35_DELIM-LGSRNXBOKZEMHNZKGQFH_2016                             0.04%    passed     99.80%
  46  B_DELIM-LGSRNXBOKZEMHNZKGQFH_England_DELIM-LGSRNXBOKZEMHNZKGQFH_49_DELIM-LGSRNXBOKZEMHNZKGQFH_2017                            3.88%    passed     96.80%
  47  B_DELIM-LGSRNXBOKZEMHNZKGQFH_HongKong_DELIM-LGSRNXBOKZEMHNZKGQFH_1553_DELIM-LGSRNXBOKZEMHNZKGQFH_2016                         0.04%    passed     99.05%
  48  B_DELIM-LGSRNXBOKZEMHNZKGQFH_Lao_DELIM-LGSRNXBOKZEMHNZKGQFH_3225_DELIM-LGSRNXBOKZEMHNZKGQFH_2018                              0.04%    passed     99.84%
  49  B_DELIM-LGSRNXBOKZEMHNZKGQFH_California_DELIM-LGSRNXBOKZEMHNZKGQFH_NHRC0001_DELIM-LGSRNXBOKZEMHNZKGQFH_2005                   0.66%    passed     99.74%
  50  B_DELIM-LGSRNXBOKZEMHNZKGQFH_Bangladesh_DELIM-LGSRNXBOKZEMHNZKGQFH_1002_DELIM-LGSRNXBOKZEMHNZKGQFH_2018                       0.04%    passed     98.99%
  51  B_DELIM-LGSRNXBOKZEMHNZKGQFH_NorthCarolina_DELIM-LGSRNXBOKZEMHNZKGQFH_5_DELIM-LGSRNXBOKZEMHNZKGQFH_2019                       0.04%    passed     99.69%
  52  B_DELIM-LGSRNXBOKZEMHNZKGQFH_Bahrain_DELIM-LGSRNXBOKZEMHNZKGQFH_206_DELIM-LGSRNXBOKZEMHNZKGQFH_2018                           0.04%    passed     99.91%
  53  B_DELIM-LGSRNXBOKZEMHNZKGQFH_NewYork_DELIM-LGSRNXBOKZEMHNZKGQFH_1162_DELIM-LGSRNXBOKZEMHNZKGQFH_2008                          3.88%    passed     97.86%
  54  B_DELIM-LGSRNXBOKZEMHNZKGQFH_Peru_DELIM-LGSRNXBOKZEMHNZKGQFH_3716_DELIM-LGSRNXBOKZEMHNZKGQFH_2016                             0.04%    passed     99.10%
  55  B_DELIM-LGSRNXBOKZEMHNZKGQFH_Mali_DELIM-LGSRNXBOKZEMHNZKGQFH_8039_DELIM-LGSRNXBOKZEMHNZKGQFH_2018                             0.04%    passed     99.95%
  56  B_DELIM-LGSRNXBOKZEMHNZKGQFH_SouthCarolina_DELIM-LGSRNXBOKZEMHNZKGQFH_NHRC0001_DELIM-LGSRNXBOKZEMHNZKGQFH_2005                0.66%    passed     99.89%
  57  B_DELIM-LGSRNXBOKZEMHNZKGQFH_England_DELIM-LGSRNXBOKZEMHNZKGQFH_200240762_DELIM-LGSRNXBOKZEMHNZKGQFH_2019                     3.88%    passed     96.46%
  58  B_DELIM-LGSRNXBOKZEMHNZKGQFH_Bangladesh_DELIM-LGSRNXBOKZEMHNZKGQFH_208013_DELIM-LGSRNXBOKZEMHNZKGQFH_2015                     0.04%    passed     99.75%
  59  B_DELIM-LGSRNXBOKZEMHNZKGQFH_HongKong_DELIM-LGSRNXBOKZEMHNZKGQFH_18_DELIM-LGSRNXBOKZEMHNZKGQFH_2017                           0.04%    passed     99.87%
  60  B_DELIM-LGSRNXBOKZEMHNZKGQFH_Managua_DELIM-LGSRNXBOKZEMHNZKGQFH_3601_DELIM-LGSRNXBOKZEMHNZKGQFH_2008                          0.09%    passed     99.25%
  61  B_DELIM-LGSRNXBOKZEMHNZKGQFH_Kungalv_DELIM-LGSRNXBOKZEMHNZKGQFH_10_DELIM-LGSRNXBOKZEMHNZKGQFH_2016                            3.88%    passed     95.58%
  62  B_DELIM-LGSRNXBOKZEMHNZKGQFH_Boston_DELIM-LGSRNXBOKZEMHNZKGQFH_YGB_01020_DELIM-LGSRNXBOKZEMHNZKGQFH_2013                      0.00%    passed     95.76%
  63  B_DELIM-LGSRNXBOKZEMHNZKGQFH_England_DELIM-LGSRNXBOKZEMHNZKGQFH_22_DELIM-LGSRNXBOKZEMHNZKGQFH_2017                            3.88%    passed     97.50%
  64  B_DELIM-LGSRNXBOKZEMHNZKGQFH_Maryland_DELIM-LGSRNXBOKZEMHNZKGQFH_13_DELIM-LGSRNXBOKZEMHNZKGQFH_2020                           0.09%    passed     99.83%
  65  B_DELIM-LGSRNXBOKZEMHNZKGQFH_Stockholm_DELIM-LGSRNXBOKZEMHNZKGQFH_17_DELIM-LGSRNXBOKZEMHNZKGQFH_2016                          3.88%    passed     96.80%
  66  B_DELIM-LGSRNXBOKZEMHNZKGQFH_Virginia_DELIM-LGSRNXBOKZEMHNZKGQFH_19_DELIM-LGSRNXBOKZEMHNZKGQFH_2019                           0.09%    passed     99.59%
  67  B_DELIM-LGSRNXBOKZEMHNZKGQFH_Cambodia_DELIM-LGSRNXBOKZEMHNZKGQFH_1141_DELIM-LGSRNXBOKZEMHNZKGQFH_2015                         0.04%    passed     98.30%
  68  B_DELIM-LGSRNXBOKZEMHNZKGQFH_Florida_DELIM-LGSRNXBOKZEMHNZKGQFH_24_DELIM-LGSRNXBOKZEMHNZKGQFH_2019                            0.04%    passed     99.73%
  69  B_DELIM-LGSRNXBOKZEMHNZKGQFH_Stockholm_DELIM-LGSRNXBOKZEMHNZKGQFH_4_DELIM-LGSRNXBOKZEMHNZKGQFH_2018                           3.88%    passed     92.02%
  70  B_DELIM-LGSRNXBOKZEMHNZKGQFH_Brazil_DELIM-LGSRNXBOKZEMHNZKGQFH_71888_DELIM-LGSRNXBOKZEMHNZKGQFH_2015                          0.04%    passed     99.49%
  71  B_DELIM-LGSRNXBOKZEMHNZKGQFH_NewYork_DELIM-LGSRNXBOKZEMHNZKGQFH_1130_DELIM-LGSRNXBOKZEMHNZKGQFH_2007                          3.13%    passed     98.99%
  72  B_DELIM-LGSRNXBOKZEMHNZKGQFH_StPetersburg_DELIM-LGSRNXBOKZEMHNZKGQFH_RII-3881S_DELIM-LGSRNXBOKZEMHNZKGQFH_2020                0.00%    passed     98.87%
  73  B_DELIM-LGSRNXBOKZEMHNZKGQFH_Mali_DELIM-LGSRNXBOKZEMHNZKGQFH_80_DELIM-LGSRNXBOKZEMHNZKGQFH_2018                               0.04%    passed     99.89%
  74  B_DELIM-LGSRNXBOKZEMHNZKGQFH_Lebanon_DELIM-LGSRNXBOKZEMHNZKGQFH_399_DELIM-LGSRNXBOKZEMHNZKGQFH_2019                           0.04%    passed     99.95%
  75  B_DELIM-LGSRNXBOKZEMHNZKGQFH_Hawaii_DELIM-LGSRNXBOKZEMHNZKGQFH_31_DELIM-LGSRNXBOKZEMHNZKGQFH_2019                             0.04%    passed     99.18%
  76  B_DELIM-LGSRNXBOKZEMHNZKGQFH_Managua_DELIM-LGSRNXBOKZEMHNZKGQFH_46801_DELIM-LGSRNXBOKZEMHNZKGQFH_2008                         0.09%    passed     98.89%
  77  B_DELIM-LGSRNXBOKZEMHNZKGQFH_Lao_DELIM-LGSRNXBOKZEMHNZKGQFH_1046_DELIM-LGSRNXBOKZEMHNZKGQFH_2018                              0.04%    passed     99.92%
  78  B_DELIM-LGSRNXBOKZEMHNZKGQFH_Bangladesh_DELIM-LGSRNXBOKZEMHNZKGQFH_1659_DELIM-LGSRNXBOKZEMHNZKGQFH_2019                       0.04%    passed     99.85%
  79  B_DELIM-LGSRNXBOKZEMHNZKGQFH_Nicaragua_DELIM-LGSRNXBOKZEMHNZKGQFH_1086_DELIM-LGSRNXBOKZEMHNZKGQFH_2019                        0.04%    passed     99.95%
  80  B_DELIM-LGSRNXBOKZEMHNZKGQFH_England_DELIM-LGSRNXBOKZEMHNZKGQFH_515_DELIM-LGSRNXBOKZEMHNZKGQFH_2014                           3.88%    passed     98.98%
  81  B_DELIM-LGSRNXBOKZEMHNZKGQFH_Kyrgyzstan_DELIM-LGSRNXBOKZEMHNZKGQFH_105_DELIM-LGSRNXBOKZEMHNZKGQFH_2015                        3.88%    passed     97.95%
  82  B_DELIM-LGSRNXBOKZEMHNZKGQFH_Suriname_DELIM-LGSRNXBOKZEMHNZKGQFH_1442_DELIM-LGSRNXBOKZEMHNZKGQFH_2016                         0.04%    passed     98.86%
  83  B_DELIM-LGSRNXBOKZEMHNZKGQFH_Hawaii_DELIM-LGSRNXBOKZEMHNZKGQFH_31_DELIM-LGSRNXBOKZEMHNZKGQFH_2018                             0.04%    passed     99.98%
  84  B_DELIM-LGSRNXBOKZEMHNZKGQFH_NewYork_DELIM-LGSRNXBOKZEMHNZKGQFH_1116_DELIM-LGSRNXBOKZEMHNZKGQFH_2007                          3.13%    passed     97.60%
  85  B_DELIM-LGSRNXBOKZEMHNZKGQFH_Bahia_DELIM-LGSRNXBOKZEMHNZKGQFH_125_DELIM-LGSRNXBOKZEMHNZKGQFH_2017                             0.04%    passed     99.51%
  86  B_DELIM-LGSRNXBOKZEMHNZKGQFH_California_DELIM-LGSRNXBOKZEMHNZKGQFH_NHRC0002_DELIM-LGSRNXBOKZEMHNZKGQFH_2006                   0.66%    passed     99.74%
  87  B_DELIM-LGSRNXBOKZEMHNZKGQFH_Boston_DELIM-LGSRNXBOKZEMHNZKGQFH_YGB_01018_DELIM-LGSRNXBOKZEMHNZKGQFH_2013                      0.00%    passed     97.78%
  88  B_DELIM-LGSRNXBOKZEMHNZKGQFH_Maldives_DELIM-LGSRNXBOKZEMHNZKGQFH_1168_DELIM-LGSRNXBOKZEMHNZKGQFH_2017                         0.04%    passed     99.95%
  89  B_DELIM-LGSRNXBOKZEMHNZKGQFH_SouthCarolina_DELIM-LGSRNXBOKZEMHNZKGQFH_NHRC0002_DELIM-LGSRNXBOKZEMHNZKGQFH_2000                0.66%    passed     98.61%
  90  B_DELIM-LGSRNXBOKZEMHNZKGQFH_NewYork_DELIM-LGSRNXBOKZEMHNZKGQFH_WC-LVD-14-039_DELIM-LGSRNXBOKZEMHNZKGQFH_2014                 3.88%    passed     98.98%
  91  B_DELIM-LGSRNXBOKZEMHNZKGQFH_England_DELIM-LGSRNXBOKZEMHNZKGQFH_964_DELIM-LGSRNXBOKZEMHNZKGQFH_2016                           3.88%    passed     97.95%
  92  B_DELIM-LGSRNXBOKZEMHNZKGQFH_Ulaanbaatar_DELIM-LGSRNXBOKZEMHNZKGQFH_442_DELIM-LGSRNXBOKZEMHNZKGQFH_2018                       0.04%    passed     99.95%
  93  B_DELIM-LGSRNXBOKZEMHNZKGQFH_HongKong_DELIM-LGSRNXBOKZEMHNZKGQFH_54_DELIM-LGSRNXBOKZEMHNZKGQFH_2016                           0.13%    passed     99.69%
  94  B_DELIM-LGSRNXBOKZEMHNZKGQFH_Managua_DELIM-LGSRNXBOKZEMHNZKGQFH_449801_DELIM-LGSRNXBOKZEMHNZKGQFH_2008                        0.26%    passed     99.66%
  95  B_DELIM-LGSRNXBOKZEMHNZKGQFH_NewYork_DELIM-LGSRNXBOKZEMHNZKGQFH_WC-LVD-14-003_DELIM-LGSRNXBOKZEMHNZKGQFH_2014                 3.88%    passed     98.59%
  96  B_DELIM-LGSRNXBOKZEMHNZKGQFH_Santiago_DELIM-LGSRNXBOKZEMHNZKGQFH_34517_DELIM-LGSRNXBOKZEMHNZKGQFH_2018                        0.04%    passed     99.89%
  97  B_DELIM-LGSRNXBOKZEMHNZKGQFH_NewYork_DELIM-LGSRNXBOKZEMHNZKGQFH_1104_DELIM-LGSRNXBOKZEMHNZKGQFH_2007                          0.35%    passed     99.84%
  98  B_DELIM-LGSRNXBOKZEMHNZKGQFH_Philippines_DELIM-LGSRNXBOKZEMHNZKGQFH_268_DELIM-LGSRNXBOKZEMHNZKGQFH_2018                       0.04%    passed     99.93%
  99  B_DELIM-LGSRNXBOKZEMHNZKGQFH_Lebanon_DELIM-LGSRNXBOKZEMHNZKGQFH_1379_DELIM-LGSRNXBOKZEMHNZKGQFH_2016                          0.04%    passed     98.99%
 100  B_DELIM-LGSRNXBOKZEMHNZKGQFH_SouthCarolina_DELIM-LGSRNXBOKZEMHNZKGQFH_NHRC0002_DELIM-LGSRNXBOKZEMHNZKGQFH_2001                0.66%    passed     98.08%
 101  B_DELIM-LGSRNXBOKZEMHNZKGQFH_Singapore_DELIM-LGSRNXBOKZEMHNZKGQFH_INFTT-16-0430_DELIM-LGSRNXBOKZEMHNZKGQFH_2016               4.14%    passed     98.25%
 102  B_DELIM-LGSRNXBOKZEMHNZKGQFH_Lebanon_DELIM-LGSRNXBOKZEMHNZKGQFH_1634_DELIM-LGSRNXBOKZEMHNZKGQFH_2016                          0.04%    passed     98.99%
 103  B_DELIM-LGSRNXBOKZEMHNZKGQFH_Bangladesh_DELIM-LGSRNXBOKZEMHNZKGQFH_4012_DELIM-LGSRNXBOKZEMHNZKGQFH_2019                       0.04%    passed     99.67%
 104  B_DELIM-LGSRNXBOKZEMHNZKGQFH_NewYork_DELIM-LGSRNXBOKZEMHNZKGQFH_1129_DELIM-LGSRNXBOKZEMHNZKGQFH_2007                          0.18%    passed     99.94%
 105  B_DELIM-LGSRNXBOKZEMHNZKGQFH_Mali_DELIM-LGSRNXBOKZEMHNZKGQFH_103_DELIM-LGSRNXBOKZEMHNZKGQFH_2016                              0.04%    passed     98.12%
 106  B_DELIM-LGSRNXBOKZEMHNZKGQFH_California_DELIM-LGSRNXBOKZEMHNZKGQFH_NHRC0008_DELIM-LGSRNXBOKZEMHNZKGQFH_2005                   0.53%    passed     99.92%
 107  B_DELIM-LGSRNXBOKZEMHNZKGQFH_Philippines_DELIM-LGSRNXBOKZEMHNZKGQFH_248_DELIM-LGSRNXBOKZEMHNZKGQFH_2017                       0.04%    passed     99.93%
 108  B_DELIM-LGSRNXBOKZEMHNZKGQFH_Managua_DELIM-LGSRNXBOKZEMHNZKGQFH_136502_DELIM-LGSRNXBOKZEMHNZKGQFH_2008                        0.09%    passed     98.89%
 109  B_DELIM-LGSRNXBOKZEMHNZKGQFH_NewYork_DELIM-LGSRNXBOKZEMHNZKGQFH_WC-LVD-14-013_DELIM-LGSRNXBOKZEMHNZKGQFH_2014                 3.88%    passed     99.13%
 110  B_DELIM-LGSRNXBOKZEMHNZKGQFH_Managua_DELIM-LGSRNXBOKZEMHNZKGQFH_364001_DELIM-LGSRNXBOKZEMHNZKGQFH_2008                        0.04%    passed     98.76%
 111  B_DELIM-LGSRNXBOKZEMHNZKGQFH_NewYork_DELIM-LGSRNXBOKZEMHNZKGQFH_1123_DELIM-LGSRNXBOKZEMHNZKGQFH_2007                          0.09%    passed     99.96%
 112  B_DELIM-LGSRNXBOKZEMHNZKGQFH_California_DELIM-LGSRNXBOKZEMHNZKGQFH_NHRC0007_DELIM-LGSRNXBOKZEMHNZKGQFH_2005                   0.66%    passed     99.74%
 113  B_DELIM-LGSRNXBOKZEMHNZKGQFH_Valencia_DELIM-LGSRNXBOKZEMHNZKGQFH_10_1629_DELIM-LGSRNXBOKZEMHNZKGQFH_2020                      3.88%    passed     91.12%
 114  B_DELIM-LGSRNXBOKZEMHNZKGQFH_Bangladesh_DELIM-LGSRNXBOKZEMHNZKGQFH_1300_DELIM-LGSRNXBOKZEMHNZKGQFH_2017                       0.04%    passed     99.90%
 115  B_DELIM-LGSRNXBOKZEMHNZKGQFH_Nevada_DELIM-LGSRNXBOKZEMHNZKGQFH_9_DELIM-LGSRNXBOKZEMHNZKGQFH_2017                              0.04%    passed     99.75%
 116  B_DELIM-LGSRNXBOKZEMHNZKGQFH_Kristianstad_DELIM-LGSRNXBOKZEMHNZKGQFH_1_DELIM-LGSRNXBOKZEMHNZKGQFH_2016                        3.88%    passed     95.52%
 117  B_DELIM-LGSRNXBOKZEMHNZKGQFH_England_DELIM-LGSRNXBOKZEMHNZKGQFH_75000585_DELIM-LGSRNXBOKZEMHNZKGQFH_2017                      3.88%    passed     95.32%
 118  B_DELIM-LGSRNXBOKZEMHNZKGQFH_Tanzania_DELIM-LGSRNXBOKZEMHNZKGQFH_2096_DELIM-LGSRNXBOKZEMHNZKGQFH_2015                         0.04%    passed     99.70%
 119  B_DELIM-LGSRNXBOKZEMHNZKGQFH_Florida_DELIM-LGSRNXBOKZEMHNZKGQFH_95_DELIM-LGSRNXBOKZEMHNZKGQFH_2017                            0.04%    passed     99.90%
 120  B_DELIM-LGSRNXBOKZEMHNZKGQFH_Brazil_DELIM-LGSRNXBOKZEMHNZKGQFH_584_DELIM-LGSRNXBOKZEMHNZKGQFH_2015                            0.04%    passed     99.50%
 121  B_DELIM-LGSRNXBOKZEMHNZKGQFH_Ecuador_DELIM-LGSRNXBOKZEMHNZKGQFH_12015_DELIM-LGSRNXBOKZEMHNZKGQFH_2015                         3.88%    passed     98.98%
 122  B_DELIM-LGSRNXBOKZEMHNZKGQFH_Bolivia_DELIM-LGSRNXBOKZEMHNZKGQFH_158_DELIM-LGSRNXBOKZEMHNZKGQFH_2018                           0.35%    passed     99.84%
 123  B_DELIM-LGSRNXBOKZEMHNZKGQFH_Guatemala_DELIM-LGSRNXBOKZEMHNZKGQFH_6697_DELIM-LGSRNXBOKZEMHNZKGQFH_2016                        0.04%    passed     99.70%
 124  B_DELIM-LGSRNXBOKZEMHNZKGQFH_Amazonas_DELIM-LGSRNXBOKZEMHNZKGQFH_134602-IEC_DELIM-LGSRNXBOKZEMHNZKGQFH_2015                   3.88%    passed     98.57%
 125  B_DELIM-LGSRNXBOKZEMHNZKGQFH_Brazil_DELIM-LGSRNXBOKZEMHNZKGQFH_5244_DELIM-LGSRNXBOKZEMHNZKGQFH_2016                           0.04%    passed     99.72%
 126  B_DELIM-LGSRNXBOKZEMHNZKGQFH_Managua_DELIM-LGSRNXBOKZEMHNZKGQFH_498202_DELIM-LGSRNXBOKZEMHNZKGQFH_2008                        0.09%    passed     98.89%
 127  B_DELIM-LGSRNXBOKZEMHNZKGQFH_Philippines_DELIM-LGSRNXBOKZEMHNZKGQFH_103_DELIM-LGSRNXBOKZEMHNZKGQFH_2018                       0.04%    passed     99.94%
 128  B_DELIM-LGSRNXBOKZEMHNZKGQFH_Peru_DELIM-LGSRNXBOKZEMHNZKGQFH_6819_DELIM-LGSRNXBOKZEMHNZKGQFH_2019                             0.04%    passed     99.95%
 129  B_DELIM-LGSRNXBOKZEMHNZKGQFH_NewYork_DELIM-LGSRNXBOKZEMHNZKGQFH_WC-LVD-14-024_DELIM-LGSRNXBOKZEMHNZKGQFH_2014                 3.88%    passed     98.93%
 130  B_DELIM-LGSRNXBOKZEMHNZKGQFH_Petropavlovsk-Kamchatski_DELIM-LGSRNXBOKZEMHNZKGQFH_RII-3472S_DELIM-LGSRNXBOKZEMHNZKGQFH_2018    0.04%    passed     99.94%
 131  B_DELIM-LGSRNXBOKZEMHNZKGQFH_Brazil_DELIM-LGSRNXBOKZEMHNZKGQFH_7643_DELIM-LGSRNXBOKZEMHNZKGQFH_2015                           3.88%    passed     97.86%
 132  B_DELIM-LGSRNXBOKZEMHNZKGQFH_Arizona_DELIM-LGSRNXBOKZEMHNZKGQFH_12_DELIM-LGSRNXBOKZEMHNZKGQFH_2020                            0.04%    passed     99.95%
 133  B_DELIM-LGSRNXBOKZEMHNZKGQFH_Kanagawa_DELIM-LGSRNXBOKZEMHNZKGQFH_AC28_DELIM-LGSRNXBOKZEMHNZKGQFH_2016                         3.88%    passed     99.42%
 134  B_DELIM-LGSRNXBOKZEMHNZKGQFH_SouthAfrica_DELIM-LGSRNXBOKZEMHNZKGQFH_R07346_DELIM-LGSRNXBOKZEMHNZKGQFH_2017                    0.04%    passed     99.91%
 135  B_DELIM-LGSRNXBOKZEMHNZKGQFH_Mali_DELIM-LGSRNXBOKZEMHNZKGQFH_39_DELIM-LGSRNXBOKZEMHNZKGQFH_2016                               0.04%    passed     99.71%
 136  B_DELIM-LGSRNXBOKZEMHNZKGQFH_NewJersey_DELIM-LGSRNXBOKZEMHNZKGQFH_12_DELIM-LGSRNXBOKZEMHNZKGQFH_2019                          0.04%    passed     99.98%
 137  B_DELIM-LGSRNXBOKZEMHNZKGQFH_Congo_DELIM-LGSRNXBOKZEMHNZKGQFH_410_DELIM-LGSRNXBOKZEMHNZKGQFH_2018                             0.04%    passed     99.95%
 138  B_DELIM-LGSRNXBOKZEMHNZKGQFH_Managua_DELIM-LGSRNXBOKZEMHNZKGQFH_294101_DELIM-LGSRNXBOKZEMHNZKGQFH_2008                        0.00%    passed     99.70%
 139  B_DELIM-LGSRNXBOKZEMHNZKGQFH_Jamaica_DELIM-LGSRNXBOKZEMHNZKGQFH_5800_DELIM-LGSRNXBOKZEMHNZKGQFH_2020                          0.04%    passed     99.91%
 140  B_DELIM-LGSRNXBOKZEMHNZKGQFH_NewYork_DELIM-LGSRNXBOKZEMHNZKGQFH_1164_DELIM-LGSRNXBOKZEMHNZKGQFH_2008                          3.88%    passed     98.90%
 141  B_DELIM-LGSRNXBOKZEMHNZKGQFH_Mozambique_DELIM-LGSRNXBOKZEMHNZKGQFH_468_DELIM-LGSRNXBOKZEMHNZKGQFH_2017                        0.04%    passed     99.95%
 142  B_DELIM-LGSRNXBOKZEMHNZKGQFH_Lebanon_DELIM-LGSRNXBOKZEMHNZKGQFH_2483_DELIM-LGSRNXBOKZEMHNZKGQFH_2017                          0.09%    passed     99.84%
 143  B_DELIM-LGSRNXBOKZEMHNZKGQFH_HongKong_DELIM-LGSRNXBOKZEMHNZKGQFH_7804_DELIM-LGSRNXBOKZEMHNZKGQFH_2017                         0.04%    passed     99.80%
 144  B_DELIM-LGSRNXBOKZEMHNZKGQFH_NewYork_DELIM-LGSRNXBOKZEMHNZKGQFH_1132_DELIM-LGSRNXBOKZEMHNZKGQFH_2007                          0.22%    passed     98.96%
 145  B_DELIM-LGSRNXBOKZEMHNZKGQFH_England_DELIM-LGSRNXBOKZEMHNZKGQFH_294_DELIM-LGSRNXBOKZEMHNZKGQFH_2019                           3.88%    passed     91.63%
 146  B_DELIM-LGSRNXBOKZEMHNZKGQFH_Boston_DELIM-LGSRNXBOKZEMHNZKGQFH_YGB_01038_DELIM-LGSRNXBOKZEMHNZKGQFH_2013                      0.00%    passed     96.86%
 147  B_DELIM-LGSRNXBOKZEMHNZKGQFH_Mozambique_DELIM-LGSRNXBOKZEMHNZKGQFH_1618_DELIM-LGSRNXBOKZEMHNZKGQFH_2018                       0.04%    passed     99.75%
 148  B_DELIM-LGSRNXBOKZEMHNZKGQFH_BurkinaFaso_DELIM-LGSRNXBOKZEMHNZKGQFH_73_DELIM-LGSRNXBOKZEMHNZKGQFH_2015                        0.04%    passed     98.69%
 149  B_DELIM-LGSRNXBOKZEMHNZKGQFH_Boston_DELIM-LGSRNXBOKZEMHNZKGQFH_YGB_01032_DELIM-LGSRNXBOKZEMHNZKGQFH_2013                      0.00%    passed     99.23%
 150  B_DELIM-LGSRNXBOKZEMHNZKGQFH_Massachusetts_DELIM-LGSRNXBOKZEMHNZKGQFH_10_DELIM-LGSRNXBOKZEMHNZKGQFH_2017                      0.04%    passed     99.84%
 151  B_DELIM-LGSRNXBOKZEMHNZKGQFH_Chile_DELIM-LGSRNXBOKZEMHNZKGQFH_7845_DELIM-LGSRNXBOKZEMHNZKGQFH_2019                            0.04%    passed     99.98%
 152  B_DELIM-LGSRNXBOKZEMHNZKGQFH_NewJersey_DELIM-LGSRNXBOKZEMHNZKGQFH_NHRC0001_DELIM-LGSRNXBOKZEMHNZKGQFH_2005                    0.66%    passed     99.61%
 153  B_DELIM-LGSRNXBOKZEMHNZKGQFH_SouthCarolina_DELIM-LGSRNXBOKZEMHNZKGQFH_NHRC0001_DELIM-LGSRNXBOKZEMHNZKGQFH_2001                0.66%    passed     99.35%
 154  B_DELIM-LGSRNXBOKZEMHNZKGQFH_Bangladesh_DELIM-LGSRNXBOKZEMHNZKGQFH_1005_DELIM-LGSRNXBOKZEMHNZKGQFH_2015                       0.04%    passed     98.26%
 155  B_DELIM-LGSRNXBOKZEMHNZKGQFH_Novosibirsk_DELIM-LGSRNXBOKZEMHNZKGQFH_RII-26927S_DELIM-LGSRNXBOKZEMHNZKGQFH_2020                0.00%    passed     98.39%
 156  B_DELIM-LGSRNXBOKZEMHNZKGQFH_Peru_DELIM-LGSRNXBOKZEMHNZKGQFH_9319_DELIM-LGSRNXBOKZEMHNZKGQFH_2019                             0.04%    passed     99.84%
 157  B_DELIM-LGSRNXBOKZEMHNZKGQFH_Florida_DELIM-LGSRNXBOKZEMHNZKGQFH_55_DELIM-LGSRNXBOKZEMHNZKGQFH_2018                            0.04%    passed     99.87%
 158  B_DELIM-LGSRNXBOKZEMHNZKGQFH_Bahrain_DELIM-LGSRNXBOKZEMHNZKGQFH_364_DELIM-LGSRNXBOKZEMHNZKGQFH_2019                           0.04%    passed     99.93%
 159  B_DELIM-LGSRNXBOKZEMHNZKGQFH_Saitama_DELIM-LGSRNXBOKZEMHNZKGQFH_7_DELIM-LGSRNXBOKZEMHNZKGQFH_2018                             3.88%    passed     96.00%
 160  B_DELIM-LGSRNXBOKZEMHNZKGQFH_Pakistan_DELIM-LGSRNXBOKZEMHNZKGQFH_1944_DELIM-LGSRNXBOKZEMHNZKGQFH_2019                         0.04%    passed     99.23%
 161  B_DELIM-LGSRNXBOKZEMHNZKGQFH_Bretagne_DELIM-LGSRNXBOKZEMHNZKGQFH_118_DELIM-LGSRNXBOKZEMHNZKGQFH_2020                          3.88%    passed     92.17%
 162  B_DELIM-LGSRNXBOKZEMHNZKGQFH_WestVirginia_DELIM-LGSRNXBOKZEMHNZKGQFH_11_DELIM-LGSRNXBOKZEMHNZKGQFH_2019                       0.04%    passed     99.98%
 163  B_DELIM-LGSRNXBOKZEMHNZKGQFH_Boston_DELIM-LGSRNXBOKZEMHNZKGQFH_YGB_01002_DELIM-LGSRNXBOKZEMHNZKGQFH_2013                      0.00%    passed     97.73%
 164  B_DELIM-LGSRNXBOKZEMHNZKGQFH_HongKong_DELIM-LGSRNXBOKZEMHNZKGQFH_1147_DELIM-LGSRNXBOKZEMHNZKGQFH_2016                         0.04%    passed     98.19%
 165  B_DELIM-LGSRNXBOKZEMHNZKGQFH_Singapore_DELIM-LGSRNXBOKZEMHNZKGQFH_GP0164_DELIM-LGSRNXBOKZEMHNZKGQFH_2017                      3.88%    passed     97.95%
 166  B_DELIM-LGSRNXBOKZEMHNZKGQFH_Santiago_DELIM-LGSRNXBOKZEMHNZKGQFH_64839_DELIM-LGSRNXBOKZEMHNZKGQFH_2019                        0.04%    passed     99.95%
 167  B_DELIM-LGSRNXBOKZEMHNZKGQFH_Skovde_DELIM-LGSRNXBOKZEMHNZKGQFH_2_DELIM-LGSRNXBOKZEMHNZKGQFH_2017                              3.88%    passed     96.79%
 168  B_DELIM-LGSRNXBOKZEMHNZKGQFH_Lao_DELIM-LGSRNXBOKZEMHNZKGQFH_459_DELIM-LGSRNXBOKZEMHNZKGQFH_2019                               0.09%    passed     99.62%
 169  B_DELIM-LGSRNXBOKZEMHNZKGQFH_Managua_DELIM-LGSRNXBOKZEMHNZKGQFH_205603_DELIM-LGSRNXBOKZEMHNZKGQFH_2008                        0.00%    passed     99.42%
 170  B_DELIM-LGSRNXBOKZEMHNZKGQFH_RioGrandeDoNorte_DELIM-LGSRNXBOKZEMHNZKGQFH_140088_DELIM-LGSRNXBOKZEMHNZKGQFH_2016               0.04%    passed     99.35%
 171  B_DELIM-LGSRNXBOKZEMHNZKGQFH_Bretagne_DELIM-LGSRNXBOKZEMHNZKGQFH_2404_DELIM-LGSRNXBOKZEMHNZKGQFH_2019                         0.40%    passed     99.95%
 172  B_DELIM-LGSRNXBOKZEMHNZKGQFH_Pakistan_DELIM-LGSRNXBOKZEMHNZKGQFH_367_DELIM-LGSRNXBOKZEMHNZKGQFH_2015                          0.04%    passed     99.84%
 173  B_DELIM-LGSRNXBOKZEMHNZKGQFH_Santiago_DELIM-LGSRNXBOKZEMHNZKGQFH_12585_DELIM-LGSRNXBOKZEMHNZKGQFH_2016                        0.04%    passed     99.93%
 174  B_DELIM-LGSRNXBOKZEMHNZKGQFH_Bangladesh_DELIM-LGSRNXBOKZEMHNZKGQFH_3019_DELIM-LGSRNXBOKZEMHNZKGQFH_2016                       0.04%    passed     99.70%
 175  B_DELIM-LGSRNXBOKZEMHNZKGQFH_Arizona_DELIM-LGSRNXBOKZEMHNZKGQFH_10_DELIM-LGSRNXBOKZEMHNZKGQFH_2015                            3.92%    passed     97.46%
 176  B_DELIM-LGSRNXBOKZEMHNZKGQFH_Myanmar_DELIM-LGSRNXBOKZEMHNZKGQFH_18M198_DELIM-LGSRNXBOKZEMHNZKGQFH_2018                        3.97%    passed     97.96%
 177  B_DELIM-LGSRNXBOKZEMHNZKGQFH_Cambodia_DELIM-LGSRNXBOKZEMHNZKGQFH_894_DELIM-LGSRNXBOKZEMHNZKGQFH_2015                          0.13%    passed     99.54%
 178  B_DELIM-LGSRNXBOKZEMHNZKGQFH_Afghanistan_DELIM-LGSRNXBOKZEMHNZKGQFH_1909_DELIM-LGSRNXBOKZEMHNZKGQFH_2019                      0.04%    passed     99.89%
 179  B_DELIM-LGSRNXBOKZEMHNZKGQFH_Bangladesh_DELIM-LGSRNXBOKZEMHNZKGQFH_218_DELIM-LGSRNXBOKZEMHNZKGQFH_2016                        0.04%    passed     99.90%
 180  B_DELIM-LGSRNXBOKZEMHNZKGQFH_Lao_DELIM-LGSRNXBOKZEMHNZKGQFH_920_DELIM-LGSRNXBOKZEMHNZKGQFH_2019                               0.04%    passed     99.96%
 181  B_DELIM-LGSRNXBOKZEMHNZKGQFH_Bangladesh_DELIM-LGSRNXBOKZEMHNZKGQFH_5006_DELIM-LGSRNXBOKZEMHNZKGQFH_2016                       0.04%    passed     98.22%
 182  B_DELIM-LGSRNXBOKZEMHNZKGQFH_Missouri_DELIM-LGSRNXBOKZEMHNZKGQFH_NHRC0001_DELIM-LGSRNXBOKZEMHNZKGQFH_2001                     0.66%    passed     99.28%
 183  B_DELIM-LGSRNXBOKZEMHNZKGQFH_Alaska_DELIM-LGSRNXBOKZEMHNZKGQFH_8_DELIM-LGSRNXBOKZEMHNZKGQFH_2019                              0.04%    passed     99.75%
 184  B_DELIM-LGSRNXBOKZEMHNZKGQFH_Managua_DELIM-LGSRNXBOKZEMHNZKGQFH_108901_DELIM-LGSRNXBOKZEMHNZKGQFH_2008                        0.26%    passed     99.02%
 185  B_DELIM-LGSRNXBOKZEMHNZKGQFH_Lebanon_DELIM-LGSRNXBOKZEMHNZKGQFH_1948_DELIM-LGSRNXBOKZEMHNZKGQFH_2016                          0.04%    passed     99.50%
 186  B_DELIM-LGSRNXBOKZEMHNZKGQFH_AbuDhabi_DELIM-LGSRNXBOKZEMHNZKGQFH_26_DELIM-LGSRNXBOKZEMHNZKGQFH_2017                           0.09%    passed     99.92%
 187  B_DELIM-LGSRNXBOKZEMHNZKGQFH_Lao_DELIM-LGSRNXBOKZEMHNZKGQFH_1909_DELIM-LGSRNXBOKZEMHNZKGQFH_2019                              0.04%    passed     99.92%
 188  B_DELIM-LGSRNXBOKZEMHNZKGQFH_Vietnam_DELIM-LGSRNXBOKZEMHNZKGQFH_GS151180_DELIM-LGSRNXBOKZEMHNZKGQFH_2015                      0.04%    passed     99.55%
 189  B_DELIM-LGSRNXBOKZEMHNZKGQFH_HongKong_DELIM-LGSRNXBOKZEMHNZKGQFH_1363_DELIM-LGSRNXBOKZEMHNZKGQFH_2018                         0.09%    passed     99.86%
 190  B_DELIM-LGSRNXBOKZEMHNZKGQFH_NewYork_DELIM-LGSRNXBOKZEMHNZKGQFH_WC-LVD-14-029_DELIM-LGSRNXBOKZEMHNZKGQFH_2014                 3.88%    passed     97.96%
 191  B_DELIM-LGSRNXBOKZEMHNZKGQFH_NewYork_DELIM-LGSRNXBOKZEMHNZKGQFH_1177_DELIM-LGSRNXBOKZEMHNZKGQFH_2008                          3.88%    passed     99.33%
 192  B_DELIM-LGSRNXBOKZEMHNZKGQFH_NewYork_DELIM-LGSRNXBOKZEMHNZKGQFH_1131_DELIM-LGSRNXBOKZEMHNZKGQFH_2007                          0.71%    passed     99.40%
 193  B_DELIM-LGSRNXBOKZEMHNZKGQFH_Serbia_DELIM-LGSRNXBOKZEMHNZKGQFH_2213_DELIM-LGSRNXBOKZEMHNZKGQFH_2018                           0.04%    passed     99.86%
 194  B_DELIM-LGSRNXBOKZEMHNZKGQFH_Ecuador_DELIM-LGSRNXBOKZEMHNZKGQFH_472_DELIM-LGSRNXBOKZEMHNZKGQFH_2019                           0.09%    passed     99.38%
 195  B_DELIM-LGSRNXBOKZEMHNZKGQFH_Bangladesh_DELIM-LGSRNXBOKZEMHNZKGQFH_4018_DELIM-LGSRNXBOKZEMHNZKGQFH_2019                       0.04%    passed     99.64%
 196  B_DELIM-LGSRNXBOKZEMHNZKGQFH_California_DELIM-LGSRNXBOKZEMHNZKGQFH_NHRC0003_DELIM-LGSRNXBOKZEMHNZKGQFH_2005                   0.53%    passed     99.87%
 197  B_DELIM-LGSRNXBOKZEMHNZKGQFH_Brazil_DELIM-LGSRNXBOKZEMHNZKGQFH_580_DELIM-LGSRNXBOKZEMHNZKGQFH_2015                            0.09%    passed     99.34%
 198  B_DELIM-LGSRNXBOKZEMHNZKGQFH_DominicanRepublic_DELIM-LGSRNXBOKZEMHNZKGQFH_8939_DELIM-LGSRNXBOKZEMHNZKGQFH_2014                3.88%    passed     99.27%
 199  B_DELIM-LGSRNXBOKZEMHNZKGQFH_England_DELIM-LGSRNXBOKZEMHNZKGQFH_725_DELIM-LGSRNXBOKZEMHNZKGQFH_2016                           3.88%    passed     97.65%
 200  B_DELIM-LGSRNXBOKZEMHNZKGQFH_Congo_DELIM-LGSRNXBOKZEMHNZKGQFH_351_DELIM-LGSRNXBOKZEMHNZKGQFH_2018                             0.04%    passed     99.93%
 201  B_DELIM-LGSRNXBOKZEMHNZKGQFH_Valparaiso_DELIM-LGSRNXBOKZEMHNZKGQFH_51090_DELIM-LGSRNXBOKZEMHNZKGQFH_2016                      0.04%    passed     98.86%
 202  B_DELIM-LGSRNXBOKZEMHNZKGQFH_Mali_DELIM-LGSRNXBOKZEMHNZKGQFH_1CS_DELIM-LGSRNXBOKZEMHNZKGQFH_2015                              3.88%    passed     99.62%
 203  B_DELIM-LGSRNXBOKZEMHNZKGQFH_NewYork_DELIM-LGSRNXBOKZEMHNZKGQFH_1136_DELIM-LGSRNXBOKZEMHNZKGQFH_2008                          3.88%    passed     99.13%
 204  B_DELIM-LGSRNXBOKZEMHNZKGQFH_PaysDeLoire_DELIM-LGSRNXBOKZEMHNZKGQFH_1150_DELIM-LGSRNXBOKZEMHNZKGQFH_2020                      3.88%    passed     94.82%
 205  B_DELIM-LGSRNXBOKZEMHNZKGQFH_Bangladesh_DELIM-LGSRNXBOKZEMHNZKGQFH_1012_DELIM-LGSRNXBOKZEMHNZKGQFH_2017                       0.04%    passed     99.95%
 206  B_DELIM-LGSRNXBOKZEMHNZKGQFH_Bangladesh_DELIM-LGSRNXBOKZEMHNZKGQFH_4012_DELIM-LGSRNXBOKZEMHNZKGQFH_2018                       0.04%    passed     99.55%
 207  B_DELIM-LGSRNXBOKZEMHNZKGQFH_Trollhattan_DELIM-LGSRNXBOKZEMHNZKGQFH_1_DELIM-LGSRNXBOKZEMHNZKGQFH_2017                         3.88%    passed     98.34%
 208  B_DELIM-LGSRNXBOKZEMHNZKGQFH_Chile_DELIM-LGSRNXBOKZEMHNZKGQFH_5746_DELIM-LGSRNXBOKZEMHNZKGQFH_2019                            0.04%    passed     99.98%
 209  B_DELIM-LGSRNXBOKZEMHNZKGQFH_Philippines_DELIM-LGSRNXBOKZEMHNZKGQFH_1096_DELIM-LGSRNXBOKZEMHNZKGQFH_2016                      0.04%    passed     99.44%
 210  B_DELIM-LGSRNXBOKZEMHNZKGQFH_BurkinaFaso_DELIM-LGSRNXBOKZEMHNZKGQFH_1607_DELIM-LGSRNXBOKZEMHNZKGQFH_2015                      0.04%    passed     95.65%
 211  B_DELIM-LGSRNXBOKZEMHNZKGQFH_Brazil_DELIM-LGSRNXBOKZEMHNZKGQFH_3079_DELIM-LGSRNXBOKZEMHNZKGQFH_2015                           3.88%    passed     98.20%
 212  B_DELIM-LGSRNXBOKZEMHNZKGQFH_NewYork_DELIM-LGSRNXBOKZEMHNZKGQFH_1147_DELIM-LGSRNXBOKZEMHNZKGQFH_2008                          3.88%    passed     99.13%
 213  B_DELIM-LGSRNXBOKZEMHNZKGQFH_HongKong_DELIM-LGSRNXBOKZEMHNZKGQFH_354_DELIM-LGSRNXBOKZEMHNZKGQFH_2017                          0.04%    passed     99.94%
 214  B_DELIM-LGSRNXBOKZEMHNZKGQFH_Colombia_DELIM-LGSRNXBOKZEMHNZKGQFH_7437_DELIM-LGSRNXBOKZEMHNZKGQFH_2019                         0.04%    passed     99.60%
 215  B_DELIM-LGSRNXBOKZEMHNZKGQFH_Kenya_DELIM-LGSRNXBOKZEMHNZKGQFH_121_DELIM-LGSRNXBOKZEMHNZKGQFH_2018                             0.04%    passed     99.86%
 216  B_DELIM-LGSRNXBOKZEMHNZKGQFH_Congo_DELIM-LGSRNXBOKZEMHNZKGQFH_334_DELIM-LGSRNXBOKZEMHNZKGQFH_2019                             0.04%    passed     99.74%
 217  B_DELIM-LGSRNXBOKZEMHNZKGQFH_Philippines_DELIM-LGSRNXBOKZEMHNZKGQFH_958_DELIM-LGSRNXBOKZEMHNZKGQFH_2016                       0.04%    passed     99.70%
 218  B_DELIM-LGSRNXBOKZEMHNZKGQFH_Bahia_DELIM-LGSRNXBOKZEMHNZKGQFH_863_DELIM-LGSRNXBOKZEMHNZKGQFH_2017                             0.04%    passed     99.51%
 219  B_DELIM-LGSRNXBOKZEMHNZKGQFH_Peru_DELIM-LGSRNXBOKZEMHNZKGQFH_5195_DELIM-LGSRNXBOKZEMHNZKGQFH_2019                             0.04%    passed     99.67%
 220  B_DELIM-LGSRNXBOKZEMHNZKGQFH_Lao_DELIM-LGSRNXBOKZEMHNZKGQFH_3770_DELIM-LGSRNXBOKZEMHNZKGQFH_2016                              0.04%    passed     99.90%
 221  B_DELIM-LGSRNXBOKZEMHNZKGQFH_Bhutan_DELIM-LGSRNXBOKZEMHNZKGQFH_1062_DELIM-LGSRNXBOKZEMHNZKGQFH_2019                           0.04%    passed     99.56%
 222  B_DELIM-LGSRNXBOKZEMHNZKGQFH_NewYork_DELIM-LGSRNXBOKZEMHNZKGQFH_1175_DELIM-LGSRNXBOKZEMHNZKGQFH_2008                          3.88%    passed     98.98%
 223  B_DELIM-LGSRNXBOKZEMHNZKGQFH_Santiago_DELIM-LGSRNXBOKZEMHNZKGQFH_78162_DELIM-LGSRNXBOKZEMHNZKGQFH_2019                        0.09%    passed     99.97%
 224  B_DELIM-LGSRNXBOKZEMHNZKGQFH_NewYork_DELIM-LGSRNXBOKZEMHNZKGQFH_1124_DELIM-LGSRNXBOKZEMHNZKGQFH_2007                          0.35%    passed     99.77%
 225  B_DELIM-LGSRNXBOKZEMHNZKGQFH_Martinique_DELIM-LGSRNXBOKZEMHNZKGQFH_2109_DELIM-LGSRNXBOKZEMHNZKGQFH_2015                       3.88%    passed     97.78%
 226  B_DELIM-LGSRNXBOKZEMHNZKGQFH_Washington_DELIM-LGSRNXBOKZEMHNZKGQFH_65_DELIM-LGSRNXBOKZEMHNZKGQFH_2015                         3.88%    passed     98.92%
 227  B_DELIM-LGSRNXBOKZEMHNZKGQFH_Honduras_DELIM-LGSRNXBOKZEMHNZKGQFH_9061_DELIM-LGSRNXBOKZEMHNZKGQFH_2016                         0.04%    passed     98.88%
 228  B_DELIM-LGSRNXBOKZEMHNZKGQFH_NewYork_DELIM-LGSRNXBOKZEMHNZKGQFH_1145_DELIM-LGSRNXBOKZEMHNZKGQFH_2008                          3.88%    passed     98.90%
 229  B_DELIM-LGSRNXBOKZEMHNZKGQFH_Boras_DELIM-LGSRNXBOKZEMHNZKGQFH_1_DELIM-LGSRNXBOKZEMHNZKGQFH_2016                               3.92%    passed     97.38%
 230  B_DELIM-LGSRNXBOKZEMHNZKGQFH_Mississippi_DELIM-LGSRNXBOKZEMHNZKGQFH_UR06-0031_DELIM-LGSRNXBOKZEMHNZKGQFH_2007                 0.22%    passed     99.85%
 231  B_DELIM-LGSRNXBOKZEMHNZKGQFH_Managua_DELIM-LGSRNXBOKZEMHNZKGQFH_17702_DELIM-LGSRNXBOKZEMHNZKGQFH_2008                         0.26%    passed     99.02%
 232  B_DELIM-LGSRNXBOKZEMHNZKGQFH_Mali_DELIM-LGSRNXBOKZEMHNZKGQFH_18_DELIM-LGSRNXBOKZEMHNZKGQFH_2018                               0.04%    passed     99.75%
 233  B_DELIM-LGSRNXBOKZEMHNZKGQFH_Delaware_DELIM-LGSRNXBOKZEMHNZKGQFH_4_DELIM-LGSRNXBOKZEMHNZKGQFH_2020                            0.04%    passed     99.95%
 234  B_DELIM-LGSRNXBOKZEMHNZKGQFH_NewYork_DELIM-LGSRNXBOKZEMHNZKGQFH_WC-LVD-13-002_DELIM-LGSRNXBOKZEMHNZKGQFH_2013                 3.88%    passed     95.78%
 235  B_DELIM-LGSRNXBOKZEMHNZKGQFH_NewYork_DELIM-LGSRNXBOKZEMHNZKGQFH_1072_DELIM-LGSRNXBOKZEMHNZKGQFH_2005                          3.04%    passed     98.60%
 236  B_DELIM-LGSRNXBOKZEMHNZKGQFH_Santiago_DELIM-LGSRNXBOKZEMHNZKGQFH_81755_DELIM-LGSRNXBOKZEMHNZKGQFH_2019                        0.04%    passed     99.98%
 237  B_DELIM-LGSRNXBOKZEMHNZKGQFH_Uganda_DELIM-LGSRNXBOKZEMHNZKGQFH_2203_DELIM-LGSRNXBOKZEMHNZKGQFH_2016                           0.04%    passed     98.13%
 238  B_DELIM-LGSRNXBOKZEMHNZKGQFH_England_DELIM-LGSRNXBOKZEMHNZKGQFH_80600015_DELIM-LGSRNXBOKZEMHNZKGQFH_2018                      3.88%    passed     95.32%
 239  B_DELIM-LGSRNXBOKZEMHNZKGQFH_Haiti_DELIM-LGSRNXBOKZEMHNZKGQFH_90163_DELIM-LGSRNXBOKZEMHNZKGQFH_2019                           0.04%    passed     99.63%
 240  B_DELIM-LGSRNXBOKZEMHNZKGQFH_Georgia_DELIM-LGSRNXBOKZEMHNZKGQFH_NHRC0001_DELIM-LGSRNXBOKZEMHNZKGQFH_2001                      0.62%    passed     98.41%
 241  B_DELIM-LGSRNXBOKZEMHNZKGQFH_HongKong_DELIM-LGSRNXBOKZEMHNZKGQFH_1866_DELIM-LGSRNXBOKZEMHNZKGQFH_2015                         3.88%    passed     98.89%
 242  B_DELIM-LGSRNXBOKZEMHNZKGQFH_Lebanon_DELIM-LGSRNXBOKZEMHNZKGQFH_2184_DELIM-LGSRNXBOKZEMHNZKGQFH_2016                          0.04%    passed     97.97%
 243  B_DELIM-LGSRNXBOKZEMHNZKGQFH_NewYork_DELIM-LGSRNXBOKZEMHNZKGQFH_1173_DELIM-LGSRNXBOKZEMHNZKGQFH_2008                          3.88%    passed     99.27%
 244  B_DELIM-LGSRNXBOKZEMHNZKGQFH_NewYork_DELIM-LGSRNXBOKZEMHNZKGQFH_WC-LVD-13-001_DELIM-LGSRNXBOKZEMHNZKGQFH_2013                 3.88%    passed     98.90%
 245  B_DELIM-LGSRNXBOKZEMHNZKGQFH_Chile_DELIM-LGSRNXBOKZEMHNZKGQFH_6409_DELIM-LGSRNXBOKZEMHNZKGQFH_2019                            0.04%    passed     99.98%
 246  B_DELIM-LGSRNXBOKZEMHNZKGQFH_Singapore_DELIM-LGSRNXBOKZEMHNZKGQFH_INFTT-16-0074_DELIM-LGSRNXBOKZEMHNZKGQFH_2016               3.88%    passed     97.38%
 247  B_DELIM-LGSRNXBOKZEMHNZKGQFH_Bangladesh_DELIM-LGSRNXBOKZEMHNZKGQFH_3017_DELIM-LGSRNXBOKZEMHNZKGQFH_2016                       0.04%    passed     99.19%
 248  B_DELIM-LGSRNXBOKZEMHNZKGQFH_Netherlands_DELIM-LGSRNXBOKZEMHNZKGQFH_3810_DELIM-LGSRNXBOKZEMHNZKGQFH_2016                      3.97%    passed     98.91%
 249  B_DELIM-LGSRNXBOKZEMHNZKGQFH_Singapore_DELIM-LGSRNXBOKZEMHNZKGQFH_TT0427_DELIM-LGSRNXBOKZEMHNZKGQFH_2017                      4.01%    passed     98.37%
 250  B_DELIM-LGSRNXBOKZEMHNZKGQFH_Bangladesh_DELIM-LGSRNXBOKZEMHNZKGQFH_2014_DELIM-LGSRNXBOKZEMHNZKGQFH_2016                       0.04%    passed     98.99%
 251  B_DELIM-LGSRNXBOKZEMHNZKGQFH_Bahrain_DELIM-LGSRNXBOKZEMHNZKGQFH_353_DELIM-LGSRNXBOKZEMHNZKGQFH_2018                           0.04%    passed     99.95%
 252  B_DELIM-LGSRNXBOKZEMHNZKGQFH_Nigeria_DELIM-LGSRNXBOKZEMHNZKGQFH_313_DELIM-LGSRNXBOKZEMHNZKGQFH_2015                           3.88%    passed     97.49%
 253  B_DELIM-LGSRNXBOKZEMHNZKGQFH_Madagascar_DELIM-LGSRNXBOKZEMHNZKGQFH_904_DELIM-LGSRNXBOKZEMHNZKGQFH_2018                        0.04%    passed     99.95%
 254  B_DELIM-LGSRNXBOKZEMHNZKGQFH_Bangladesh_DELIM-LGSRNXBOKZEMHNZKGQFH_80000_DELIM-LGSRNXBOKZEMHNZKGQFH_2017                      0.04%    passed     99.92%
 255  B_DELIM-LGSRNXBOKZEMHNZKGQFH_Alaska_DELIM-LGSRNXBOKZEMHNZKGQFH_18_DELIM-LGSRNXBOKZEMHNZKGQFH_2018                             0.04%    passed     99.98%
 256  B_DELIM-LGSRNXBOKZEMHNZKGQFH_BurkinaFaso_DELIM-LGSRNXBOKZEMHNZKGQFH_1459_DELIM-LGSRNXBOKZEMHNZKGQFH_2019                      0.04%    passed     99.87%
 257  B_DELIM-LGSRNXBOKZEMHNZKGQFH_NewYork_DELIM-LGSRNXBOKZEMHNZKGQFH_WC-LVD-14-006_DELIM-LGSRNXBOKZEMHNZKGQFH_2014                 3.88%    passed     98.20%
 258  B_DELIM-LGSRNXBOKZEMHNZKGQFH_Brazil_DELIM-LGSRNXBOKZEMHNZKGQFH_20_DELIM-LGSRNXBOKZEMHNZKGQFH_2016                             0.04%    passed     99.92%
 259  B_DELIM-LGSRNXBOKZEMHNZKGQFH_Acre_DELIM-LGSRNXBOKZEMHNZKGQFH_145824-IEC_DELIM-LGSRNXBOKZEMHNZKGQFH_2017                       0.04%    passed     99.56%
 260  B_DELIM-LGSRNXBOKZEMHNZKGQFH_Bahia_DELIM-LGSRNXBOKZEMHNZKGQFH_127_DELIM-LGSRNXBOKZEMHNZKGQFH_2017                             0.04%    passed     94.17%
 261  B_DELIM-LGSRNXBOKZEMHNZKGQFH_Tanzania_DELIM-LGSRNXBOKZEMHNZKGQFH_2247_DELIM-LGSRNXBOKZEMHNZKGQFH_2016                         0.04%    passed     96.44%
 262  B_DELIM-LGSRNXBOKZEMHNZKGQFH_Mali_DELIM-LGSRNXBOKZEMHNZKGQFH_37CH_DELIM-LGSRNXBOKZEMHNZKGQFH_2015                             0.04%    passed     98.22%
 263  B_DELIM-LGSRNXBOKZEMHNZKGQFH_Boston_DELIM-LGSRNXBOKZEMHNZKGQFH_YGB_01046_DELIM-LGSRNXBOKZEMHNZKGQFH_2013                      0.00%    passed     97.71%
 264  B_DELIM-LGSRNXBOKZEMHNZKGQFH_Texas_DELIM-LGSRNXBOKZEMHNZKGQFH_NHRC0001_DELIM-LGSRNXBOKZEMHNZKGQFH_2005                        0.66%    passed     99.59%
 265  B_DELIM-LGSRNXBOKZEMHNZKGQFH_SouthCarolina_DELIM-LGSRNXBOKZEMHNZKGQFH_NHRC0001_DELIM-LGSRNXBOKZEMHNZKGQFH_2000                0.66%    passed     98.08%
 266  B_DELIM-LGSRNXBOKZEMHNZKGQFH_NewYork_DELIM-LGSRNXBOKZEMHNZKGQFH_1170_DELIM-LGSRNXBOKZEMHNZKGQFH_2008                          3.88%    passed     98.93%
 267  B_DELIM-LGSRNXBOKZEMHNZKGQFH_Bangladesh_DELIM-LGSRNXBOKZEMHNZKGQFH_801_DELIM-LGSRNXBOKZEMHNZKGQFH_2017                        0.09%    passed     99.87%
 268  B_DELIM-LGSRNXBOKZEMHNZKGQFH_Bahrain_DELIM-LGSRNXBOKZEMHNZKGQFH_450_DELIM-LGSRNXBOKZEMHNZKGQFH_2018                           0.09%    passed     99.87%
 269  B_DELIM-LGSRNXBOKZEMHNZKGQFH_Bangladesh_DELIM-LGSRNXBOKZEMHNZKGQFH_712021_DELIM-LGSRNXBOKZEMHNZKGQFH_2017                     0.04%    passed     99.93%
 270  B_DELIM-LGSRNXBOKZEMHNZKGQFH_Nicaragua_DELIM-LGSRNXBOKZEMHNZKGQFH_1186_DELIM-LGSRNXBOKZEMHNZKGQFH_2019                        0.04%    passed     99.87%
 271  B_DELIM-LGSRNXBOKZEMHNZKGQFH_NewYork_DELIM-LGSRNXBOKZEMHNZKGQFH_1144_DELIM-LGSRNXBOKZEMHNZKGQFH_2008                          1.06%    passed     99.56%
 272  B_DELIM-LGSRNXBOKZEMHNZKGQFH_Kanagawa_DELIM-LGSRNXBOKZEMHNZKGQFH_AC37_DELIM-LGSRNXBOKZEMHNZKGQFH_2016                         3.92%    passed     99.22%
 273  B_DELIM-LGSRNXBOKZEMHNZKGQFH_Bangladesh_DELIM-LGSRNXBOKZEMHNZKGQFH_3037_DELIM-LGSRNXBOKZEMHNZKGQFH_2017                       0.04%    passed     99.92%
 274  B_DELIM-LGSRNXBOKZEMHNZKGQFH_Gavle_DELIM-LGSRNXBOKZEMHNZKGQFH_1_DELIM-LGSRNXBOKZEMHNZKGQFH_2017                               3.88%    passed     98.97%
 275  B_DELIM-LGSRNXBOKZEMHNZKGQFH_NewYork_DELIM-LGSRNXBOKZEMHNZKGQFH_50_DELIM-LGSRNXBOKZEMHNZKGQFH_2016                            0.04%    passed     99.19%
 276  B_DELIM-LGSRNXBOKZEMHNZKGQFH_Managua_DELIM-LGSRNXBOKZEMHNZKGQFH_502401_DELIM-LGSRNXBOKZEMHNZKGQFH_2008                        0.04%    passed     98.76%
 277  B_DELIM-LGSRNXBOKZEMHNZKGQFH_HongKong_DELIM-LGSRNXBOKZEMHNZKGQFH_1402_DELIM-LGSRNXBOKZEMHNZKGQFH_2018                         0.04%    passed     99.92%
 278  B_DELIM-LGSRNXBOKZEMHNZKGQFH_Gothenburg_DELIM-LGSRNXBOKZEMHNZKGQFH_1_DELIM-LGSRNXBOKZEMHNZKGQFH_2014                          3.92%    passed     98.54%
 279  B_DELIM-LGSRNXBOKZEMHNZKGQFH_Bangladesh_DELIM-LGSRNXBOKZEMHNZKGQFH_3025_DELIM-LGSRNXBOKZEMHNZKGQFH_2018                       0.09%    passed     99.78%
 280  B_DELIM-LGSRNXBOKZEMHNZKGQFH_Texas_DELIM-LGSRNXBOKZEMHNZKGQFH_81_DELIM-LGSRNXBOKZEMHNZKGQFH_2016                              0.04%    passed     96.70%
 281  B_DELIM-LGSRNXBOKZEMHNZKGQFH_PuertoRico_DELIM-LGSRNXBOKZEMHNZKGQFH_6_DELIM-LGSRNXBOKZEMHNZKGQFH_2016                          0.04%    passed     93.71%
 282  B_DELIM-LGSRNXBOKZEMHNZKGQFH_Uruguay_DELIM-LGSRNXBOKZEMHNZKGQFH_338_DELIM-LGSRNXBOKZEMHNZKGQFH_2017                           0.04%    passed     99.80%
 283  B_DELIM-LGSRNXBOKZEMHNZKGQFH_Maldives_DELIM-LGSRNXBOKZEMHNZKGQFH_1260_DELIM-LGSRNXBOKZEMHNZKGQFH_2017                         0.04%    passed     99.75%
 284  B_DELIM-LGSRNXBOKZEMHNZKGQFH_Lao_DELIM-LGSRNXBOKZEMHNZKGQFH_2066_DELIM-LGSRNXBOKZEMHNZKGQFH_2018                              0.04%    passed     99.89%
 285  B_DELIM-LGSRNXBOKZEMHNZKGQFH_Singapore_DELIM-LGSRNXBOKZEMHNZKGQFH_KK0184_DELIM-LGSRNXBOKZEMHNZKGQFH_2019                      3.88%    passed     97.49%
 286  B_DELIM-LGSRNXBOKZEMHNZKGQFH_Minnesota_DELIM-LGSRNXBOKZEMHNZKGQFH_7_DELIM-LGSRNXBOKZEMHNZKGQFH_2020                           0.04%    passed     99.98%
 287  B_DELIM-LGSRNXBOKZEMHNZKGQFH_Guyane_DELIM-LGSRNXBOKZEMHNZKGQFH_5_DELIM-LGSRNXBOKZEMHNZKGQFH_2018                              0.04%    passed     99.98%
 288  B_DELIM-LGSRNXBOKZEMHNZKGQFH_Paraiba_DELIM-LGSRNXBOKZEMHNZKGQFH_143160-IEC_DELIM-LGSRNXBOKZEMHNZKGQFH_2016                    0.04%    passed     99.60%
 289  B_DELIM-LGSRNXBOKZEMHNZKGQFH_CoteDIvoire_DELIM-LGSRNXBOKZEMHNZKGQFH_378_DELIM-LGSRNXBOKZEMHNZKGQFH_2019                       0.04%    passed     99.95%
 290  B_DELIM-LGSRNXBOKZEMHNZKGQFH_Afghanistan_DELIM-LGSRNXBOKZEMHNZKGQFH_50430_DELIM-LGSRNXBOKZEMHNZKGQFH_2019                     0.04%    passed     99.49%
 291  B_DELIM-LGSRNXBOKZEMHNZKGQFH_Acre_DELIM-LGSRNXBOKZEMHNZKGQFH_133954-IEC_DELIM-LGSRNXBOKZEMHNZKGQFH_2015                       3.88%    passed     98.93%
 292  B_DELIM-LGSRNXBOKZEMHNZKGQFH_England_DELIM-LGSRNXBOKZEMHNZKGQFH_531_DELIM-LGSRNXBOKZEMHNZKGQFH_2014                           3.88%    passed     98.90%
 293  B_DELIM-LGSRNXBOKZEMHNZKGQFH_NewYork_DELIM-LGSRNXBOKZEMHNZKGQFH_1176_DELIM-LGSRNXBOKZEMHNZKGQFH_2008                          3.88%    passed     99.33%
 294  B_DELIM-LGSRNXBOKZEMHNZKGQFH_Sweden_DELIM-LGSRNXBOKZEMHNZKGQFH_62_DELIM-LGSRNXBOKZEMHNZKGQFH_2018                             3.88%    passed     95.67%
 295  B_DELIM-LGSRNXBOKZEMHNZKGQFH_NewYork_DELIM-LGSRNXBOKZEMHNZKGQFH_1179_DELIM-LGSRNXBOKZEMHNZKGQFH_2008                          3.88%    passed     99.20%
 296  B_DELIM-LGSRNXBOKZEMHNZKGQFH_England_DELIM-LGSRNXBOKZEMHNZKGQFH_74760564_DELIM-LGSRNXBOKZEMHNZKGQFH_2017                      3.88%    passed     97.78%
 297  B_DELIM-LGSRNXBOKZEMHNZKGQFH_AbuDhabi_DELIM-LGSRNXBOKZEMHNZKGQFH_202_DELIM-LGSRNXBOKZEMHNZKGQFH_2017                          0.04%    passed     99.91%
 298  B_DELIM-LGSRNXBOKZEMHNZKGQFH_Bangladesh_DELIM-LGSRNXBOKZEMHNZKGQFH_280_DELIM-LGSRNXBOKZEMHNZKGQFH_2018                        0.04%    passed     99.89%
 299  B_DELIM-LGSRNXBOKZEMHNZKGQFH_Togo_DELIM-LGSRNXBOKZEMHNZKGQFH_170_DELIM-LGSRNXBOKZEMHNZKGQFH_2017                              0.04%    passed     99.72%
 300  B_DELIM-LGSRNXBOKZEMHNZKGQFH_Alaska_DELIM-LGSRNXBOKZEMHNZKGQFH_46_DELIM-LGSRNXBOKZEMHNZKGQFH_2015                             3.88%    passed     98.69%
 301  B_DELIM-LGSRNXBOKZEMHNZKGQFH_Singapore_DELIM-LGSRNXBOKZEMHNZKGQFH_GP0543_DELIM-LGSRNXBOKZEMHNZKGQFH_2017                      4.01%    passed     96.36%
 302  B_DELIM-LGSRNXBOKZEMHNZKGQFH_Mozambique_DELIM-LGSRNXBOKZEMHNZKGQFH_432_DELIM-LGSRNXBOKZEMHNZKGQFH_2017                        0.04%    passed     99.94%
 303  B_DELIM-LGSRNXBOKZEMHNZKGQFH_Guatemala_DELIM-LGSRNXBOKZEMHNZKGQFH_5510_DELIM-LGSRNXBOKZEMHNZKGQFH_2016                        0.04%    passed     99.50%
 304  B_DELIM-LGSRNXBOKZEMHNZKGQFH_Wyoming_DELIM-LGSRNXBOKZEMHNZKGQFH_11_DELIM-LGSRNXBOKZEMHNZKGQFH_2018                            0.09%    passed     99.54%
 305  B_DELIM-LGSRNXBOKZEMHNZKGQFH_Santiago_DELIM-LGSRNXBOKZEMHNZKGQFH_20269_DELIM-LGSRNXBOKZEMHNZKGQFH_2016                        0.04%    passed     95.02%
 306  B_DELIM-LGSRNXBOKZEMHNZKGQFH_Brazil_DELIM-LGSRNXBOKZEMHNZKGQFH_6361_DELIM-LGSRNXBOKZEMHNZKGQFH_2015                           3.88%    passed     98.62%
 307  B_DELIM-LGSRNXBOKZEMHNZKGQFH_Montana_DELIM-LGSRNXBOKZEMHNZKGQFH_15_DELIM-LGSRNXBOKZEMHNZKGQFH_2015                            3.88%    passed     99.14%
 308  B_DELIM-LGSRNXBOKZEMHNZKGQFH_Togo_DELIM-LGSRNXBOKZEMHNZKGQFH_67_DELIM-LGSRNXBOKZEMHNZKGQFH_2017                               0.04%    passed     99.98%
 309  B_DELIM-LGSRNXBOKZEMHNZKGQFH_England_DELIM-LGSRNXBOKZEMHNZKGQFH_71900675_DELIM-LGSRNXBOKZEMHNZKGQFH_2017                      3.88%    passed     96.46%
 310  B_DELIM-LGSRNXBOKZEMHNZKGQFH_Macedonia_DELIM-LGSRNXBOKZEMHNZKGQFH_485_DELIM-LGSRNXBOKZEMHNZKGQFH_2018                         0.04%    passed     99.96%
 311  B_DELIM-LGSRNXBOKZEMHNZKGQFH_California_DELIM-LGSRNXBOKZEMHNZKGQFH_77_DELIM-LGSRNXBOKZEMHNZKGQFH_2019                         0.04%    passed     99.98%
 312  B_DELIM-LGSRNXBOKZEMHNZKGQFH_Managua_DELIM-LGSRNXBOKZEMHNZKGQFH_92101_DELIM-LGSRNXBOKZEMHNZKGQFH_2008                         0.26%    passed     99.02%
 313  B_DELIM-LGSRNXBOKZEMHNZKGQFH_Bangladesh_DELIM-LGSRNXBOKZEMHNZKGQFH_1001_DELIM-LGSRNXBOKZEMHNZKGQFH_2018                       0.04%    passed     99.88%
 314  B_DELIM-LGSRNXBOKZEMHNZKGQFH_NewYork_DELIM-LGSRNXBOKZEMHNZKGQFH_1167_DELIM-LGSRNXBOKZEMHNZKGQFH_2008                          3.88%    passed     99.13%
 315  B_DELIM-LGSRNXBOKZEMHNZKGQFH_Uruguay_DELIM-LGSRNXBOKZEMHNZKGQFH_106_DELIM-LGSRNXBOKZEMHNZKGQFH_2017                           0.04%    passed     99.88%
 316  B_DELIM-LGSRNXBOKZEMHNZKGQFH_Pernambuco_DELIM-LGSRNXBOKZEMHNZKGQFH_145026-IEC_DELIM-LGSRNXBOKZEMHNZKGQFH_2016                 0.35%    passed     99.72%
 317  B_DELIM-LGSRNXBOKZEMHNZKGQFH_Brazil_DELIM-LGSRNXBOKZEMHNZKGQFH_8134_DELIM-LGSRNXBOKZEMHNZKGQFH_2017                           0.04%    passed     96.25%
 318  B_DELIM-LGSRNXBOKZEMHNZKGQFH_Wisconsin_DELIM-LGSRNXBOKZEMHNZKGQFH_34_DELIM-LGSRNXBOKZEMHNZKGQFH_2019                          0.04%    passed     99.63%
 319  B_DELIM-LGSRNXBOKZEMHNZKGQFH_NewYork_DELIM-LGSRNXBOKZEMHNZKGQFH_1148_DELIM-LGSRNXBOKZEMHNZKGQFH_2008                          3.88%    passed     99.13%
 320  B_DELIM-LGSRNXBOKZEMHNZKGQFH_HongKong_DELIM-LGSRNXBOKZEMHNZKGQFH_50_DELIM-LGSRNXBOKZEMHNZKGQFH_2016                           0.04%    passed     98.61%
****  TOTAL                                                                                                                         1.11%  0 sequences failed composition chi2 test (p-value<5%; df=3)
NOTE: B_DELIM-LGSRNXBOKZEMHNZKGQFH_Managua_DELIM-LGSRNXBOKZEMHNZKGQFH_46801_DELIM-LGSRNXBOKZEMHNZKGQFH_2008 is identical to B_DELIM-LGSRNXBOKZEMHNZKGQFH_Managua_DELIM-LGSRNXBOKZEMHNZKGQFH_265002_DELIM-LGSRNXBOKZEMHNZKGQFH_2008 but kept for subsequent analysis
NOTE: B_DELIM-LGSRNXBOKZEMHNZKGQFH_California_DELIM-LGSRNXBOKZEMHNZKGQFH_NHRC0003_DELIM-LGSRNXBOKZEMHNZKGQFH_2005 is identical to B_DELIM-LGSRNXBOKZEMHNZKGQFH_California_DELIM-LGSRNXBOKZEMHNZKGQFH_NHRC0002_DELIM-LGSRNXBOKZEMHNZKGQFH_2005 but kept for subsequent analysis
NOTE: B_DELIM-LGSRNXBOKZEMHNZKGQFH_NewYork_DELIM-LGSRNXBOKZEMHNZKGQFH_1136_DELIM-LGSRNXBOKZEMHNZKGQFH_2008 is identical to B_DELIM-LGSRNXBOKZEMHNZKGQFH_NewYork_DELIM-LGSRNXBOKZEMHNZKGQFH_1146_DELIM-LGSRNXBOKZEMHNZKGQFH_2008 but kept for subsequent analysis
NOTE: B_DELIM-LGSRNXBOKZEMHNZKGQFH_Managua_DELIM-LGSRNXBOKZEMHNZKGQFH_364001_DELIM-LGSRNXBOKZEMHNZKGQFH_2008 is identical to B_DELIM-LGSRNXBOKZEMHNZKGQFH_Managua_DELIM-LGSRNXBOKZEMHNZKGQFH_67302_DELIM-LGSRNXBOKZEMHNZKGQFH_2008 but kept for subsequent analysis
NOTE: B_DELIM-LGSRNXBOKZEMHNZKGQFH_Valparaiso_DELIM-LGSRNXBOKZEMHNZKGQFH_51090_DELIM-LGSRNXBOKZEMHNZKGQFH_2016 is identical to B_DELIM-LGSRNXBOKZEMHNZKGQFH_Suriname_DELIM-LGSRNXBOKZEMHNZKGQFH_1442_DELIM-LGSRNXBOKZEMHNZKGQFH_2016 but kept for subsequent analysis
NOTE: B_DELIM-LGSRNXBOKZEMHNZKGQFH_Bahia_DELIM-LGSRNXBOKZEMHNZKGQFH_863_DELIM-LGSRNXBOKZEMHNZKGQFH_2017 is identical to B_DELIM-LGSRNXBOKZEMHNZKGQFH_Bahia_DELIM-LGSRNXBOKZEMHNZKGQFH_125_DELIM-LGSRNXBOKZEMHNZKGQFH_2017 but kept for subsequent analysis
NOTE: B_DELIM-LGSRNXBOKZEMHNZKGQFH_California_DELIM-LGSRNXBOKZEMHNZKGQFH_NHRC0007_DELIM-LGSRNXBOKZEMHNZKGQFH_2005 is identical to B_DELIM-LGSRNXBOKZEMHNZKGQFH_California_DELIM-LGSRNXBOKZEMHNZKGQFH_NHRC0002_DELIM-LGSRNXBOKZEMHNZKGQFH_2006 but kept for subsequent analysis
NOTE: B_DELIM-LGSRNXBOKZEMHNZKGQFH_Bangladesh_DELIM-LGSRNXBOKZEMHNZKGQFH_1012_DELIM-LGSRNXBOKZEMHNZKGQFH_2017 is identical to B_DELIM-LGSRNXBOKZEMHNZKGQFH_Maldives_DELIM-LGSRNXBOKZEMHNZKGQFH_1168_DELIM-LGSRNXBOKZEMHNZKGQFH_2017 but kept for subsequent analysis
NOTE: B_DELIM-LGSRNXBOKZEMHNZKGQFH_Lebanon_DELIM-LGSRNXBOKZEMHNZKGQFH_1634_DELIM-LGSRNXBOKZEMHNZKGQFH_2016 is identical to B_DELIM-LGSRNXBOKZEMHNZKGQFH_Lebanon_DELIM-LGSRNXBOKZEMHNZKGQFH_1379_DELIM-LGSRNXBOKZEMHNZKGQFH_2016 but kept for subsequent analysis
NOTE: B_DELIM-LGSRNXBOKZEMHNZKGQFH_Chile_DELIM-LGSRNXBOKZEMHNZKGQFH_6409_DELIM-LGSRNXBOKZEMHNZKGQFH_2019 is identical to B_DELIM-LGSRNXBOKZEMHNZKGQFH_NewJersey_DELIM-LGSRNXBOKZEMHNZKGQFH_12_DELIM-LGSRNXBOKZEMHNZKGQFH_2019 but kept for subsequent analysis
NOTE: B_DELIM-LGSRNXBOKZEMHNZKGQFH_Managua_DELIM-LGSRNXBOKZEMHNZKGQFH_17702_DELIM-LGSRNXBOKZEMHNZKGQFH_2008 is identical to B_DELIM-LGSRNXBOKZEMHNZKGQFH_Managua_DELIM-LGSRNXBOKZEMHNZKGQFH_108901_DELIM-LGSRNXBOKZEMHNZKGQFH_2008 but kept for subsequent analysis
NOTE: B_DELIM-LGSRNXBOKZEMHNZKGQFH_NewYork_DELIM-LGSRNXBOKZEMHNZKGQFH_1176_DELIM-LGSRNXBOKZEMHNZKGQFH_2008 is identical to B_DELIM-LGSRNXBOKZEMHNZKGQFH_NewYork_DELIM-LGSRNXBOKZEMHNZKGQFH_1177_DELIM-LGSRNXBOKZEMHNZKGQFH_2008 but kept for subsequent analysis
NOTE: B_DELIM-LGSRNXBOKZEMHNZKGQFH_Mozambique_DELIM-LGSRNXBOKZEMHNZKGQFH_432_DELIM-LGSRNXBOKZEMHNZKGQFH_2017 is identical to B_DELIM-LGSRNXBOKZEMHNZKGQFH_HongKong_DELIM-LGSRNXBOKZEMHNZKGQFH_354_DELIM-LGSRNXBOKZEMHNZKGQFH_2017 but kept for subsequent analysis
NOTE: B_DELIM-LGSRNXBOKZEMHNZKGQFH_Wisconsin_DELIM-LGSRNXBOKZEMHNZKGQFH_34_DELIM-LGSRNXBOKZEMHNZKGQFH_2019 is identical to B_DELIM-LGSRNXBOKZEMHNZKGQFH_Haiti_DELIM-LGSRNXBOKZEMHNZKGQFH_90163_DELIM-LGSRNXBOKZEMHNZKGQFH_2019 but kept for subsequent analysis
NOTE: 7 identical sequences (see below) will be ignored for subsequent analysis
NOTE: B_DELIM-LGSRNXBOKZEMHNZKGQFH_Managua_DELIM-LGSRNXBOKZEMHNZKGQFH_136502_DELIM-LGSRNXBOKZEMHNZKGQFH_2008 (identical to B_DELIM-LGSRNXBOKZEMHNZKGQFH_Managua_DELIM-LGSRNXBOKZEMHNZKGQFH_265002_DELIM-LGSRNXBOKZEMHNZKGQFH_2008) is ignored but added at the end
NOTE: B_DELIM-LGSRNXBOKZEMHNZKGQFH_Managua_DELIM-LGSRNXBOKZEMHNZKGQFH_498202_DELIM-LGSRNXBOKZEMHNZKGQFH_2008 (identical to B_DELIM-LGSRNXBOKZEMHNZKGQFH_Managua_DELIM-LGSRNXBOKZEMHNZKGQFH_265002_DELIM-LGSRNXBOKZEMHNZKGQFH_2008) is ignored but added at the end
NOTE: B_DELIM-LGSRNXBOKZEMHNZKGQFH_NewYork_DELIM-LGSRNXBOKZEMHNZKGQFH_1147_DELIM-LGSRNXBOKZEMHNZKGQFH_2008 (identical to B_DELIM-LGSRNXBOKZEMHNZKGQFH_NewYork_DELIM-LGSRNXBOKZEMHNZKGQFH_1146_DELIM-LGSRNXBOKZEMHNZKGQFH_2008) is ignored but added at the end
NOTE: B_DELIM-LGSRNXBOKZEMHNZKGQFH_NewYork_DELIM-LGSRNXBOKZEMHNZKGQFH_1167_DELIM-LGSRNXBOKZEMHNZKGQFH_2008 (identical to B_DELIM-LGSRNXBOKZEMHNZKGQFH_NewYork_DELIM-LGSRNXBOKZEMHNZKGQFH_1146_DELIM-LGSRNXBOKZEMHNZKGQFH_2008) is ignored but added at the end
NOTE: B_DELIM-LGSRNXBOKZEMHNZKGQFH_NewYork_DELIM-LGSRNXBOKZEMHNZKGQFH_1148_DELIM-LGSRNXBOKZEMHNZKGQFH_2008 (identical to B_DELIM-LGSRNXBOKZEMHNZKGQFH_NewYork_DELIM-LGSRNXBOKZEMHNZKGQFH_1146_DELIM-LGSRNXBOKZEMHNZKGQFH_2008) is ignored but added at the end
NOTE: B_DELIM-LGSRNXBOKZEMHNZKGQFH_Managua_DELIM-LGSRNXBOKZEMHNZKGQFH_502401_DELIM-LGSRNXBOKZEMHNZKGQFH_2008 (identical to B_DELIM-LGSRNXBOKZEMHNZKGQFH_Managua_DELIM-LGSRNXBOKZEMHNZKGQFH_67302_DELIM-LGSRNXBOKZEMHNZKGQFH_2008) is ignored but added at the end
NOTE: B_DELIM-LGSRNXBOKZEMHNZKGQFH_Managua_DELIM-LGSRNXBOKZEMHNZKGQFH_92101_DELIM-LGSRNXBOKZEMHNZKGQFH_2008 (identical to B_DELIM-LGSRNXBOKZEMHNZKGQFH_Managua_DELIM-LGSRNXBOKZEMHNZKGQFH_108901_DELIM-LGSRNXBOKZEMHNZKGQFH_2008) is ignored but added at the end
Alignment was printed to results/aligned_cdc_yam_pa_60y_cell_hi-delim.fasta.uniqueseq.phy

For your convenience alignment with unique sequences printed to results/aligned_cdc_yam_pa_60y_cell_hi-delim.fasta.uniqueseq.phy

Create initial parsimony tree by phylogenetic likelihood library (PLL)... 0.032 seconds

NOTE: 6 MB RAM (0 GB) is required!
Estimate model parameters (epsilon = 0.500)
1. Initial log-likelihood: -12376.120
2. Current log-likelihood: -11551.804
Optimal log-likelihood: -11551.795
Rate parameters:  A-C: 2.02440  A-G: 17.17325  A-T: 0.58939  C-G: 0.25851  C-T: 23.82050  G-T: 1.00000
Base frequencies:  A: 0.372  C: 0.156  G: 0.229  T: 0.243
Parameters optimization took 2 rounds (0.808 sec)
Computing ML distances based on estimated model parameters...
Computing ML distances took 0.260159 sec (of wall-clock time) 0.260166 sec(of CPU time)
Computing RapidNJ tree took 0.006378 sec (of wall-clock time) 0.010784 sec (of CPU time)
Log-likelihood of RapidNJ tree: -11563.359
--------------------------------------------------------------------
|             INITIALIZING CANDIDATE TREE SET                      |
--------------------------------------------------------------------

Do NNI search on 2 best initial trees
Estimate model parameters (epsilon = 0.500)
BETTER TREE FOUND at iteration 1: -11547.116
Estimate model parameters (epsilon = 0.500)
BETTER TREE FOUND at iteration 2: -11535.010
Finish initializing candidate tree set (4)
Current best tree score: -11535.010 / CPU time: 0.584
Number of iterations: 2
TREE SEARCH COMPLETED AFTER 2 ITERATIONS / Time: 0h:0m:1s

--------------------------------------------------------------------
|                    FINALIZING TREE SEARCH                        |
--------------------------------------------------------------------
Performs final model parameters optimization
Estimate model parameters (epsilon = 0.050)
1. Initial log-likelihood: -11535.010
Optimal log-likelihood: -11535.009
Rate parameters:  A-C: 2.03238  A-G: 17.19319  A-T: 0.59218  C-G: 0.26175  C-T: 23.79945  G-T: 1.00000
Base frequencies:  A: 0.372  C: 0.156  G: 0.229  T: 0.243
Parameters optimization took 1 rounds (0.059 sec)
BEST SCORE FOUND : -11535.009
Total tree length: 0.493

Total number of iterations: 2
CPU time used for tree search: 0.692 sec (0h:0m:0s)
Wall-clock time used for tree search: 0.586 sec (0h:0m:0s)
Total CPU time used: 2.059 sec (0h:0m:2s)
Total wall-clock time used: 1.877 sec (0h:0m:1s)

Analysis results written to: 
  IQ-TREE report:                results/aligned_cdc_yam_pa_60y_cell_hi-delim.fasta.iqtree
  Maximum-likelihood tree:       results/aligned_cdc_yam_pa_60y_cell_hi-delim.fasta.treefile
  Likelihood distances:          results/aligned_cdc_yam_pa_60y_cell_hi-delim.fasta.mldist
  Screen log file:               results/aligned_cdc_yam_pa_60y_cell_hi-delim.fasta.log

Date and Time: Fri Aug 26 21:43:47 2022
