IQ-TREE multicore version 2.1.2 COVID-edition for Linux 64-bit built Oct 22 2020
Developed by Bui Quang Minh, James Barbetti, Nguyen Lam Tung,
Olga Chernomor, Heiko Schmidt, Dominik Schrempf, Michael Woodhams.

Host:    ip-172-31-91-183.ec2.internal (AVX512, FMA3, 184 GB RAM)
Command: iqtree -nt 1 -s results/aligned_cdc_vic_pb1_60y_cell_hi-delim.fasta -m GTR -ninit 2 -n 2 -me 0.05
Seed:    29287 (Using SPRNG - Scalable Parallel Random Number Generator)
Time:    Wed May 11 02:27:39 2022
Kernel:  AVX+FMA - 1 threads (96 CPU cores detected)

HINT: Use -nt option to specify number of threads because your CPU has 96 cores!
HINT: -nt AUTO will automatically determine the best number of threads to use.

Reading alignment file results/aligned_cdc_vic_pb1_60y_cell_hi-delim.fasta ... Fasta format detected
Alignment most likely contains DNA/RNA sequences
Alignment has 502 sequences with 2328 columns, 828 distinct patterns
551 parsimony-informative, 239 singleton sites, 1538 constant sites
                                                                                                                    Gap/Ambiguity  Composition  p-value
   1  B_DELIM-HTFESZVLWTQSALNIMQAT_Florida_DELIM-HTFESZVLWTQSALNIMQAT_9_DELIM-HTFESZVLWTQSALNIMQAT_2020                     0.00%    passed     99.50%
   2  B_DELIM-HTFESZVLWTQSALNIMQAT_HongKong_DELIM-HTFESZVLWTQSALNIMQAT_3608_DELIM-HTFESZVLWTQSALNIMQAT_2012                 2.96%    passed     99.51%
   3  B_DELIM-HTFESZVLWTQSALNIMQAT_Arkansas_DELIM-HTFESZVLWTQSALNIMQAT_6_DELIM-HTFESZVLWTQSALNIMQAT_2016                    0.00%    passed     99.87%
   4  B_DELIM-HTFESZVLWTQSALNIMQAT_Wisconsin_DELIM-HTFESZVLWTQSALNIMQAT_44_DELIM-HTFESZVLWTQSALNIMQAT_2016                  0.00%    passed     99.98%
   5  B_DELIM-HTFESZVLWTQSALNIMQAT_Townsville_DELIM-HTFESZVLWTQSALNIMQAT_4_DELIM-HTFESZVLWTQSALNIMQAT_2005                  1.42%    passed     99.38%
   6  B_DELIM-HTFESZVLWTQSALNIMQAT_NewYork_DELIM-HTFESZVLWTQSALNIMQAT_1091_DELIM-HTFESZVLWTQSALNIMQAT_2006                  0.00%    passed     99.01%
   7  B_DELIM-HTFESZVLWTQSALNIMQAT_Austria_DELIM-HTFESZVLWTQSALNIMQAT_1359417_DELIM-HTFESZVLWTQSALNIMQAT_2021               0.00%    passed     99.83%
   8  B_DELIM-HTFESZVLWTQSALNIMQAT_Victoria_DELIM-HTFESZVLWTQSALNIMQAT_2_DELIM-HTFESZVLWTQSALNIMQAT_1987                    2.96%    passed     93.85%
   9  B_DELIM-HTFESZVLWTQSALNIMQAT_Colombia_DELIM-HTFESZVLWTQSALNIMQAT_7472_DELIM-HTFESZVLWTQSALNIMQAT_2020                 0.00%    passed     99.99%
  10  B_DELIM-HTFESZVLWTQSALNIMQAT_Iowa_DELIM-HTFESZVLWTQSALNIMQAT_6_DELIM-HTFESZVLWTQSALNIMQAT_2017                        0.00%    passed     99.84%
  11  B_DELIM-HTFESZVLWTQSALNIMQAT_Singapore_DELIM-HTFESZVLWTQSALNIMQAT_WUH5489_DELIM-HTFESZVLWTQSALNIMQAT_2021             3.01%    passed     98.09%
  12  B_DELIM-HTFESZVLWTQSALNIMQAT_Henan-Xigong_DELIM-HTFESZVLWTQSALNIMQAT_1449_DELIM-HTFESZVLWTQSALNIMQAT_2020             0.00%    passed     97.24%
  13  B_DELIM-HTFESZVLWTQSALNIMQAT_Stockholm_DELIM-HTFESZVLWTQSALNIMQAT_2_DELIM-HTFESZVLWTQSALNIMQAT_2021                   2.96%    passed     96.43%
  14  B_DELIM-HTFESZVLWTQSALNIMQAT_Bangladesh_DELIM-HTFESZVLWTQSALNIMQAT_9004_DELIM-HTFESZVLWTQSALNIMQAT_2018               0.00%    passed     99.27%
  15  B_DELIM-HTFESZVLWTQSALNIMQAT_Lao_DELIM-HTFESZVLWTQSALNIMQAT_2106_DELIM-HTFESZVLWTQSALNIMQAT_2017                      0.00%    passed     99.34%
  16  B_DELIM-HTFESZVLWTQSALNIMQAT_Chiba_DELIM-HTFESZVLWTQSALNIMQAT_447_DELIM-HTFESZVLWTQSALNIMQAT_1998                     2.96%    passed     99.83%
  17  B_DELIM-HTFESZVLWTQSALNIMQAT_Kazakhstan_DELIM-HTFESZVLWTQSALNIMQAT_54_DELIM-HTFESZVLWTQSALNIMQAT_2017                 0.00%    passed     99.77%
  18  B_DELIM-HTFESZVLWTQSALNIMQAT_Hawaii_DELIM-HTFESZVLWTQSALNIMQAT_22_DELIM-HTFESZVLWTQSALNIMQAT_2015                     2.32%    passed     99.90%
  19  B_DELIM-HTFESZVLWTQSALNIMQAT_Connecticut_DELIM-HTFESZVLWTQSALNIMQAT_2_DELIM-HTFESZVLWTQSALNIMQAT_1995                 1.16%    passed     99.41%
  20  B_DELIM-HTFESZVLWTQSALNIMQAT_Maryland_DELIM-HTFESZVLWTQSALNIMQAT_15_DELIM-HTFESZVLWTQSALNIMQAT_2016                   0.00%    passed     99.90%
  21  B_DELIM-HTFESZVLWTQSALNIMQAT_Taiwan_DELIM-HTFESZVLWTQSALNIMQAT_70690_DELIM-HTFESZVLWTQSALNIMQAT_2006                  0.30%    passed     98.93%
  22  B_DELIM-HTFESZVLWTQSALNIMQAT_Bahrain_DELIM-HTFESZVLWTQSALNIMQAT_256_DELIM-HTFESZVLWTQSALNIMQAT_2017                   0.00%    passed     99.62%
  23  B_DELIM-HTFESZVLWTQSALNIMQAT_Kanagawa_DELIM-HTFESZVLWTQSALNIMQAT_AC1623_DELIM-HTFESZVLWTQSALNIMQAT_2017               2.96%    passed     99.88%
  24  B_DELIM-HTFESZVLWTQSALNIMQAT_Congo_DELIM-HTFESZVLWTQSALNIMQAT_9752_DELIM-HTFESZVLWTQSALNIMQAT_2019                    0.00%    passed     99.71%
  25  B_DELIM-HTFESZVLWTQSALNIMQAT_Netherlands_DELIM-HTFESZVLWTQSALNIMQAT_10143_DELIM-HTFESZVLWTQSALNIMQAT_2022             2.96%    passed     96.52%
  26  B_DELIM-HTFESZVLWTQSALNIMQAT_HongKong_DELIM-HTFESZVLWTQSALNIMQAT_21_DELIM-HTFESZVLWTQSALNIMQAT_2017                   0.00%    passed     99.93%
  27  B_DELIM-HTFESZVLWTQSALNIMQAT_Bahrain_DELIM-HTFESZVLWTQSALNIMQAT_9938_DELIM-HTFESZVLWTQSALNIMQAT_2021                  0.00%    passed     99.75%
  28  B_DELIM-HTFESZVLWTQSALNIMQAT_Tehran_DELIM-HTFESZVLWTQSALNIMQAT_80_DELIM-HTFESZVLWTQSALNIMQAT_2002                     5.03%    passed     93.96%
  29  B_DELIM-HTFESZVLWTQSALNIMQAT_Vietnam_DELIM-HTFESZVLWTQSALNIMQAT_13VB-9_DELIM-HTFESZVLWTQSALNIMQAT_2013                0.00%    passed     99.32%
  30  B_DELIM-HTFESZVLWTQSALNIMQAT_Colombia_DELIM-HTFESZVLWTQSALNIMQAT_7429_DELIM-HTFESZVLWTQSALNIMQAT_2019                 0.00%    passed     99.87%
  31  B_DELIM-HTFESZVLWTQSALNIMQAT_Oita_DELIM-HTFESZVLWTQSALNIMQAT_15_DELIM-HTFESZVLWTQSALNIMQAT_1992                       1.59%    passed     99.98%
  32  B_DELIM-HTFESZVLWTQSALNIMQAT_Norway_DELIM-HTFESZVLWTQSALNIMQAT_2075_DELIM-HTFESZVLWTQSALNIMQAT_2011                   2.96%    passed     99.80%
  33  B_DELIM-HTFESZVLWTQSALNIMQAT_Bangladesh_DELIM-HTFESZVLWTQSALNIMQAT_19_DELIM-HTFESZVLWTQSALNIMQAT_2021                 0.00%    passed     99.94%
  34  B_DELIM-HTFESZVLWTQSALNIMQAT_Lao_DELIM-HTFESZVLWTQSALNIMQAT_3949_DELIM-HTFESZVLWTQSALNIMQAT_2017                      0.00%    passed     99.58%
  35  B_DELIM-HTFESZVLWTQSALNIMQAT_SouthCarolina_DELIM-HTFESZVLWTQSALNIMQAT_4_DELIM-HTFESZVLWTQSALNIMQAT_2003               2.15%    passed     99.65%
  36  B_DELIM-HTFESZVLWTQSALNIMQAT_Lisbon_DELIM-HTFESZVLWTQSALNIMQAT_5_DELIM-HTFESZVLWTQSALNIMQAT_2021                      2.96%    passed     98.59%
  37  B_DELIM-HTFESZVLWTQSALNIMQAT_Norway_DELIM-HTFESZVLWTQSALNIMQAT_1_DELIM-HTFESZVLWTQSALNIMQAT_1984                      2.96%    passed     97.49%
  38  B_DELIM-HTFESZVLWTQSALNIMQAT_Norway_DELIM-HTFESZVLWTQSALNIMQAT_1477_DELIM-HTFESZVLWTQSALNIMQAT_2012                   2.96%    passed     90.50%
  39  B_DELIM-HTFESZVLWTQSALNIMQAT_Christchurch_DELIM-HTFESZVLWTQSALNIMQAT_111_DELIM-HTFESZVLWTQSALNIMQAT_2002              1.25%    passed     98.48%
  40  B_DELIM-HTFESZVLWTQSALNIMQAT_Hubei-Xiacheng_DELIM-HTFESZVLWTQSALNIMQAT_11000_DELIM-HTFESZVLWTQSALNIMQAT_2021          0.00%    passed     99.34%
  41  B_DELIM-HTFESZVLWTQSALNIMQAT_Hunan-Louxing_DELIM-HTFESZVLWTQSALNIMQAT_160_DELIM-HTFESZVLWTQSALNIMQAT_2011             0.00%    passed     99.56%
  42  B_DELIM-HTFESZVLWTQSALNIMQAT_Brisbane_DELIM-HTFESZVLWTQSALNIMQAT_3_DELIM-HTFESZVLWTQSALNIMQAT_2002                    1.25%    passed     98.83%
  43  B_DELIM-HTFESZVLWTQSALNIMQAT_Sydney_DELIM-HTFESZVLWTQSALNIMQAT_1_DELIM-HTFESZVLWTQSALNIMQAT_2002                      0.39%    passed     99.61%
  44  B_DELIM-HTFESZVLWTQSALNIMQAT_Michigan_DELIM-HTFESZVLWTQSALNIMQAT_105_DELIM-HTFESZVLWTQSALNIMQAT_2020                  0.00%    passed     99.96%
  45  B_DELIM-HTFESZVLWTQSALNIMQAT_Chongqing-Banan_DELIM-HTFESZVLWTQSALNIMQAT_1840_DELIM-HTFESZVLWTQSALNIMQAT_2017          0.82%    passed     98.37%
  46  B_DELIM-HTFESZVLWTQSALNIMQAT_Chiba-C_DELIM-HTFESZVLWTQSALNIMQAT_75_DELIM-HTFESZVLWTQSALNIMQAT_2014                    2.96%    passed     99.75%
  47  B_DELIM-HTFESZVLWTQSALNIMQAT_Malaysia_DELIM-HTFESZVLWTQSALNIMQAT_15048_DELIM-HTFESZVLWTQSALNIMQAT_1998                0.00%    passed     99.05%
  48  B_DELIM-HTFESZVLWTQSALNIMQAT_India_DELIM-HTFESZVLWTQSALNIMQAT_2456_DELIM-HTFESZVLWTQSALNIMQAT_2018                    0.00%    passed     99.89%
  49  B_DELIM-HTFESZVLWTQSALNIMQAT_Bangladesh_DELIM-HTFESZVLWTQSALNIMQAT_1601_DELIM-HTFESZVLWTQSALNIMQAT_2019               0.00%    passed     99.97%
  50  B_DELIM-HTFESZVLWTQSALNIMQAT_Netherlands_DELIM-HTFESZVLWTQSALNIMQAT_11164_DELIM-HTFESZVLWTQSALNIMQAT_2022             2.96%    passed     98.00%
  51  B_DELIM-HTFESZVLWTQSALNIMQAT_India_DELIM-HTFESZVLWTQSALNIMQAT_4060_DELIM-HTFESZVLWTQSALNIMQAT_2020                    0.00%    passed     99.94%
  52  B_DELIM-HTFESZVLWTQSALNIMQAT_HongKong_DELIM-HTFESZVLWTQSALNIMQAT_1835_DELIM-HTFESZVLWTQSALNIMQAT_2015                 2.32%    passed     99.94%
  53  B_DELIM-HTFESZVLWTQSALNIMQAT_Virginia_DELIM-HTFESZVLWTQSALNIMQAT_8_DELIM-HTFESZVLWTQSALNIMQAT_2019                    0.00%    passed     99.62%
  54  B_DELIM-HTFESZVLWTQSALNIMQAT_Togo_DELIM-HTFESZVLWTQSALNIMQAT_1071_DELIM-HTFESZVLWTQSALNIMQAT_2019                     0.00%    passed     99.71%
  55  B_DELIM-HTFESZVLWTQSALNIMQAT_Bahrain_DELIM-HTFESZVLWTQSALNIMQAT_351_DELIM-HTFESZVLWTQSALNIMQAT_2019                   0.00%    passed     99.87%
  56  B_DELIM-HTFESZVLWTQSALNIMQAT_Nagasaki_DELIM-HTFESZVLWTQSALNIMQAT_68_DELIM-HTFESZVLWTQSALNIMQAT_2015                   2.96%    passed     99.93%
  57  B_DELIM-HTFESZVLWTQSALNIMQAT_AixEnProvence_DELIM-HTFESZVLWTQSALNIMQAT_1795_DELIM-HTFESZVLWTQSALNIMQAT_2011            2.96%    passed     97.96%
  58  B_DELIM-HTFESZVLWTQSALNIMQAT_Bahrain_DELIM-HTFESZVLWTQSALNIMQAT_871_DELIM-HTFESZVLWTQSALNIMQAT_2019                   0.00%    passed     99.65%
  59  B_DELIM-HTFESZVLWTQSALNIMQAT_Paris_DELIM-HTFESZVLWTQSALNIMQAT_9878_DELIM-HTFESZVLWTQSALNIMQAT_2020                    0.00%    passed     99.88%
  60  B_DELIM-HTFESZVLWTQSALNIMQAT_Vietnam_DELIM-HTFESZVLWTQSALNIMQAT_13VB-7_DELIM-HTFESZVLWTQSALNIMQAT_2013                0.00%    passed     99.98%
  61  B_DELIM-HTFESZVLWTQSALNIMQAT_Ayutthaya_DELIM-HTFESZVLWTQSALNIMQAT_118_DELIM-HTFESZVLWTQSALNIMQAT_2019                 0.00%    passed     98.46%
  62  B_DELIM-HTFESZVLWTQSALNIMQAT_Victoria_DELIM-HTFESZVLWTQSALNIMQAT_18_DELIM-HTFESZVLWTQSALNIMQAT_2012                   3.18%    passed     99.32%
  63  B_DELIM-HTFESZVLWTQSALNIMQAT_Arkansas_DELIM-HTFESZVLWTQSALNIMQAT_10_DELIM-HTFESZVLWTQSALNIMQAT_2016                   0.00%    passed     99.87%
  64  B_DELIM-HTFESZVLWTQSALNIMQAT_Missouri_DELIM-HTFESZVLWTQSALNIMQAT_9_DELIM-HTFESZVLWTQSALNIMQAT_2016                    0.00%    passed     99.50%
  65  B_DELIM-HTFESZVLWTQSALNIMQAT_Christchurch_DELIM-HTFESZVLWTQSALNIMQAT_86_DELIM-HTFESZVLWTQSALNIMQAT_2002               0.34%    passed     99.94%
  66  B_DELIM-HTFESZVLWTQSALNIMQAT_Florida_DELIM-HTFESZVLWTQSALNIMQAT_2_DELIM-HTFESZVLWTQSALNIMQAT_2006                     0.39%    passed     99.78%
  67  B_DELIM-HTFESZVLWTQSALNIMQAT_Bahrain_DELIM-HTFESZVLWTQSALNIMQAT_680_DELIM-HTFESZVLWTQSALNIMQAT_2016                   0.00%    passed     99.58%
  68  B_DELIM-HTFESZVLWTQSALNIMQAT_Nanchang_DELIM-HTFESZVLWTQSALNIMQAT_6_DELIM-HTFESZVLWTQSALNIMQAT_1998                    2.96%    passed     99.29%
  69  B_DELIM-HTFESZVLWTQSALNIMQAT_Bangladesh_DELIM-HTFESZVLWTQSALNIMQAT_11002_DELIM-HTFESZVLWTQSALNIMQAT_2015              0.00%    passed     99.96%
  70  B_DELIM-HTFESZVLWTQSALNIMQAT_HongKong_DELIM-HTFESZVLWTQSALNIMQAT_1545_DELIM-HTFESZVLWTQSALNIMQAT_2016                 0.00%    passed     99.98%
  71  B_DELIM-HTFESZVLWTQSALNIMQAT_Lorraine_DELIM-HTFESZVLWTQSALNIMQAT_1023_DELIM-HTFESZVLWTQSALNIMQAT_2012                 2.96%    passed     98.66%
  72  B_DELIM-HTFESZVLWTQSALNIMQAT_Sydney_DELIM-HTFESZVLWTQSALNIMQAT_56_DELIM-HTFESZVLWTQSALNIMQAT_2008                     0.34%    passed     99.79%
  73  B_DELIM-HTFESZVLWTQSALNIMQAT_Sweden_DELIM-HTFESZVLWTQSALNIMQAT_60_DELIM-HTFESZVLWTQSALNIMQAT_2018                     2.96%    passed     99.96%
  74  B_DELIM-HTFESZVLWTQSALNIMQAT_Bangladesh_DELIM-HTFESZVLWTQSALNIMQAT_21_DELIM-HTFESZVLWTQSALNIMQAT_2019                 0.00%    passed     99.96%
  75  B_DELIM-HTFESZVLWTQSALNIMQAT_Ceara_DELIM-HTFESZVLWTQSALNIMQAT_144745-IEC_DELIM-HTFESZVLWTQSALNIMQAT_2016              0.00%    passed     99.58%
  76  B_DELIM-HTFESZVLWTQSALNIMQAT_Guizhou_DELIM-HTFESZVLWTQSALNIMQAT_13587_DELIM-HTFESZVLWTQSALNIMQAT_2020                 0.04%    passed     99.97%
  77  B_DELIM-HTFESZVLWTQSALNIMQAT_Taiwan_DELIM-HTFESZVLWTQSALNIMQAT_694_DELIM-HTFESZVLWTQSALNIMQAT_2016                    0.00%    passed     98.46%
  78  B_DELIM-HTFESZVLWTQSALNIMQAT_Christchurch_DELIM-HTFESZVLWTQSALNIMQAT_1001_DELIM-HTFESZVLWTQSALNIMQAT_2010             0.39%    passed     98.46%
  79  B_DELIM-HTFESZVLWTQSALNIMQAT_Kyiv_DELIM-HTFESZVLWTQSALNIMQAT_358_DELIM-HTFESZVLWTQSALNIMQAT_2019                      0.00%    passed     99.90%
  80  B_DELIM-HTFESZVLWTQSALNIMQAT_Mozambique_DELIM-HTFESZVLWTQSALNIMQAT_203_DELIM-HTFESZVLWTQSALNIMQAT_2019                0.00%    passed     99.60%
  81  B_DELIM-HTFESZVLWTQSALNIMQAT_Kyiv_DELIM-HTFESZVLWTQSALNIMQAT_342_DELIM-HTFESZVLWTQSALNIMQAT_2020                      0.00%    passed     99.87%
  82  B_DELIM-HTFESZVLWTQSALNIMQAT_HongKong_DELIM-HTFESZVLWTQSALNIMQAT_2_DELIM-HTFESZVLWTQSALNIMQAT_1993                    0.00%    passed     99.50%
  83  B_DELIM-HTFESZVLWTQSALNIMQAT_Santiago_DELIM-HTFESZVLWTQSALNIMQAT_4824_DELIM-HTFESZVLWTQSALNIMQAT_2020                 0.00%    passed     99.95%
  84  B_DELIM-HTFESZVLWTQSALNIMQAT_Sydney_DELIM-HTFESZVLWTQSALNIMQAT_203_DELIM-HTFESZVLWTQSALNIMQAT_2002                    0.34%    passed     99.80%
  85  B_DELIM-HTFESZVLWTQSALNIMQAT_Bahrain_DELIM-HTFESZVLWTQSALNIMQAT_652_DELIM-HTFESZVLWTQSALNIMQAT_2018                   0.00%    passed     99.37%
  86  B_DELIM-HTFESZVLWTQSALNIMQAT_Jeju_DELIM-HTFESZVLWTQSALNIMQAT_303_DELIM-HTFESZVLWTQSALNIMQAT_2003                      3.74%    passed     95.86%
  87  B_DELIM-HTFESZVLWTQSALNIMQAT_Taiwan_DELIM-HTFESZVLWTQSALNIMQAT_42_DELIM-HTFESZVLWTQSALNIMQAT_2007                     0.04%    passed     99.69%
  88  B_DELIM-HTFESZVLWTQSALNIMQAT_Nanchang_DELIM-HTFESZVLWTQSALNIMQAT_6_DELIM-HTFESZVLWTQSALNIMQAT_1996                    2.96%    passed     98.93%
  89  B_DELIM-HTFESZVLWTQSALNIMQAT_Lund_DELIM-HTFESZVLWTQSALNIMQAT_3_DELIM-HTFESZVLWTQSALNIMQAT_2016                        2.96%    passed     99.94%
  90  B_DELIM-HTFESZVLWTQSALNIMQAT_Brisbane_DELIM-HTFESZVLWTQSALNIMQAT_38_DELIM-HTFESZVLWTQSALNIMQAT_2005                   0.21%    passed     99.96%
  91  B_DELIM-HTFESZVLWTQSALNIMQAT_Kanagawa_DELIM-HTFESZVLWTQSALNIMQAT_IC18169_DELIM-HTFESZVLWTQSALNIMQAT_2019              0.00%    passed     99.99%
  92  B_DELIM-HTFESZVLWTQSALNIMQAT_Jiangxi-Donghu_DELIM-HTFESZVLWTQSALNIMQAT_11572_DELIM-HTFESZVLWTQSALNIMQAT_2020          0.00%    passed     99.97%
  93  B_DELIM-HTFESZVLWTQSALNIMQAT_Beijing_DELIM-HTFESZVLWTQSALNIMQAT_243_DELIM-HTFESZVLWTQSALNIMQAT_1997                   2.96%    passed     97.34%
  94  B_DELIM-HTFESZVLWTQSALNIMQAT_Incheon_DELIM-HTFESZVLWTQSALNIMQAT_1610_DELIM-HTFESZVLWTQSALNIMQAT_2015                  0.00%    passed     99.37%
  95  B_DELIM-HTFESZVLWTQSALNIMQAT_Brisbane_DELIM-HTFESZVLWTQSALNIMQAT_60_DELIM-HTFESZVLWTQSALNIMQAT_2008                   2.79%    passed     98.56%
  96  B_DELIM-HTFESZVLWTQSALNIMQAT_Nonthaburi_DELIM-HTFESZVLWTQSALNIMQAT_351_DELIM-HTFESZVLWTQSALNIMQAT_2018                0.00%    passed     98.46%
  97  B_DELIM-HTFESZVLWTQSALNIMQAT_RibeiraoPreto_DELIM-HTFESZVLWTQSALNIMQAT_19246327-IAL_DELIM-HTFESZVLWTQSALNIMQAT_2019    0.00%    passed     99.58%
  98  B_DELIM-HTFESZVLWTQSALNIMQAT_Maldives_DELIM-HTFESZVLWTQSALNIMQAT_945_DELIM-HTFESZVLWTQSALNIMQAT_2018                  0.00%    passed     99.70%
  99  B_DELIM-HTFESZVLWTQSALNIMQAT_Yokohama_DELIM-HTFESZVLWTQSALNIMQAT_1_DELIM-HTFESZVLWTQSALNIMQAT_2020                    0.00%    passed     99.87%
 100  B_DELIM-HTFESZVLWTQSALNIMQAT_Nonthaburi_DELIM-HTFESZVLWTQSALNIMQAT_373_DELIM-HTFESZVLWTQSALNIMQAT_2014                2.32%    passed     99.53%
 101  B_DELIM-HTFESZVLWTQSALNIMQAT_HongKong_DELIM-HTFESZVLWTQSALNIMQAT_310_DELIM-HTFESZVLWTQSALNIMQAT_2004                  0.43%    passed     99.32%
 102  B_DELIM-HTFESZVLWTQSALNIMQAT_Bangladesh_DELIM-HTFESZVLWTQSALNIMQAT_1009_DELIM-HTFESZVLWTQSALNIMQAT_2016               0.09%    passed     99.94%
 103  B_DELIM-HTFESZVLWTQSALNIMQAT_Jiangxi-Donghu_DELIM-HTFESZVLWTQSALNIMQAT_11421_DELIM-HTFESZVLWTQSALNIMQAT_2020          0.00%    passed     99.97%
 104  B_DELIM-HTFESZVLWTQSALNIMQAT_StPetersburg_DELIM-HTFESZVLWTQSALNIMQAT_293_DELIM-HTFESZVLWTQSALNIMQAT_2016              0.00%    passed     99.68%
 105  B_DELIM-HTFESZVLWTQSALNIMQAT_Colombia_DELIM-HTFESZVLWTQSALNIMQAT_4924_DELIM-HTFESZVLWTQSALNIMQAT_2015                 2.32%    passed     99.24%
 106  B_DELIM-HTFESZVLWTQSALNIMQAT_Lao_DELIM-HTFESZVLWTQSALNIMQAT_798_DELIM-HTFESZVLWTQSALNIMQAT_2016                       0.04%    passed     99.48%
 107  B_DELIM-HTFESZVLWTQSALNIMQAT_SouthAfrica_DELIM-HTFESZVLWTQSALNIMQAT_5021_DELIM-HTFESZVLWTQSALNIMQAT_2021              2.96%    passed     98.19%
 108  B_DELIM-HTFESZVLWTQSALNIMQAT_Jiangxi-Donghu_DELIM-HTFESZVLWTQSALNIMQAT_11264_DELIM-HTFESZVLWTQSALNIMQAT_2020          0.00%    passed     99.89%
 109  B_DELIM-HTFESZVLWTQSALNIMQAT_Santiago_DELIM-HTFESZVLWTQSALNIMQAT_25385_DELIM-HTFESZVLWTQSALNIMQAT_2017                0.00%    passed     99.60%
 110  B_DELIM-HTFESZVLWTQSALNIMQAT_Sweden_DELIM-HTFESZVLWTQSALNIMQAT_60_DELIM-HTFESZVLWTQSALNIMQAT_2020                     2.96%    passed     99.10%
 111  B_DELIM-HTFESZVLWTQSALNIMQAT_RhodeIsland_DELIM-HTFESZVLWTQSALNIMQAT_1_DELIM-HTFESZVLWTQSALNIMQAT_2019                 0.00%    passed     99.99%
 112  B_DELIM-HTFESZVLWTQSALNIMQAT_India_DELIM-HTFESZVLWTQSALNIMQAT_4710_DELIM-HTFESZVLWTQSALNIMQAT_2018                    0.00%    passed     99.70%
 113  B_DELIM-HTFESZVLWTQSALNIMQAT_Brazil_DELIM-HTFESZVLWTQSALNIMQAT_80287_DELIM-HTFESZVLWTQSALNIMQAT_2015                  0.00%    passed     99.62%
 114  B_DELIM-HTFESZVLWTQSALNIMQAT_India_DELIM-HTFESZVLWTQSALNIMQAT_5420_DELIM-HTFESZVLWTQSALNIMQAT_2021                    0.04%    passed     99.75%
 115  B_DELIM-HTFESZVLWTQSALNIMQAT_Victoria_DELIM-HTFESZVLWTQSALNIMQAT_500_DELIM-HTFESZVLWTQSALNIMQAT_2012                  3.22%    passed     99.21%
 116  B_DELIM-HTFESZVLWTQSALNIMQAT_Brisbane_DELIM-HTFESZVLWTQSALNIMQAT_103_DELIM-HTFESZVLWTQSALNIMQAT_2005                  0.39%    passed     99.83%
 117  B_DELIM-HTFESZVLWTQSALNIMQAT_Zaporizhia_DELIM-HTFESZVLWTQSALNIMQAT_163_DELIM-HTFESZVLWTQSALNIMQAT_2017                0.04%    passed     99.37%
 118  B_DELIM-HTFESZVLWTQSALNIMQAT_California_DELIM-HTFESZVLWTQSALNIMQAT_26_DELIM-HTFESZVLWTQSALNIMQAT_2019                 0.00%    passed     99.79%
 119  B_DELIM-HTFESZVLWTQSALNIMQAT_Townsville_DELIM-HTFESZVLWTQSALNIMQAT_202_DELIM-HTFESZVLWTQSALNIMQAT_2008                2.96%    passed     99.06%
 120  B_DELIM-HTFESZVLWTQSALNIMQAT_SouthKorea_DELIM-HTFESZVLWTQSALNIMQAT_9963_DELIM-HTFESZVLWTQSALNIMQAT_2019               2.96%    passed     99.47%
 121  B_DELIM-HTFESZVLWTQSALNIMQAT_Yokohama_DELIM-HTFESZVLWTQSALNIMQAT_109_DELIM-HTFESZVLWTQSALNIMQAT_2016                  0.00%    passed     99.44%
 122  B_DELIM-HTFESZVLWTQSALNIMQAT_HongKong_DELIM-HTFESZVLWTQSALNIMQAT_330_DELIM-HTFESZVLWTQSALNIMQAT_2001                  0.00%    passed     97.51%
 123  B_DELIM-HTFESZVLWTQSALNIMQAT_NewJersey_DELIM-HTFESZVLWTQSALNIMQAT_4_DELIM-HTFESZVLWTQSALNIMQAT_2017                   0.00%    passed     99.99%
 124  B_DELIM-HTFESZVLWTQSALNIMQAT_Taiwan_DELIM-HTFESZVLWTQSALNIMQAT_1484_DELIM-HTFESZVLWTQSALNIMQAT_2001                   0.43%    passed     99.46%
 125  B_DELIM-HTFESZVLWTQSALNIMQAT_Nepal_DELIM-HTFESZVLWTQSALNIMQAT_383_DELIM-HTFESZVLWTQSALNIMQAT_2016                     0.00%    passed     99.90%
 126  B_DELIM-HTFESZVLWTQSALNIMQAT_Mali_DELIM-HTFESZVLWTQSALNIMQAT_16_DELIM-HTFESZVLWTQSALNIMQAT_2017                       0.00%    passed     99.62%
 127  B_DELIM-HTFESZVLWTQSALNIMQAT_England_DELIM-HTFESZVLWTQSALNIMQAT_220240687_DELIM-HTFESZVLWTQSALNIMQAT_2022             2.96%    passed     97.20%
 128  B_DELIM-HTFESZVLWTQSALNIMQAT_Guangxi-Xixiangtang_DELIM-HTFESZVLWTQSALNIMQAT_1545_DELIM-HTFESZVLWTQSALNIMQAT_2010      0.00%    passed     98.59%
 129  B_DELIM-HTFESZVLWTQSALNIMQAT_Connecticut_DELIM-HTFESZVLWTQSALNIMQAT_1_DELIM-HTFESZVLWTQSALNIMQAT_2021                 0.00%    passed     99.95%
 130  B_DELIM-HTFESZVLWTQSALNIMQAT_Sydney_DELIM-HTFESZVLWTQSALNIMQAT_503_DELIM-HTFESZVLWTQSALNIMQAT_2005                    0.04%    passed     99.73%
 131  B_DELIM-HTFESZVLWTQSALNIMQAT_Philippines_DELIM-HTFESZVLWTQSALNIMQAT_838_DELIM-HTFESZVLWTQSALNIMQAT_2017               0.00%    passed     99.71%
 132  B_DELIM-HTFESZVLWTQSALNIMQAT_Guangdong-Nanshan_DELIM-HTFESZVLWTQSALNIMQAT_36_DELIM-HTFESZVLWTQSALNIMQAT_2018          0.00%    passed     99.85%
 133  B_DELIM-HTFESZVLWTQSALNIMQAT_India_DELIM-HTFESZVLWTQSALNIMQAT_794_DELIM-HTFESZVLWTQSALNIMQAT_2019                     0.00%    passed     99.90%
 134  B_DELIM-HTFESZVLWTQSALNIMQAT_Texas_DELIM-HTFESZVLWTQSALNIMQAT_153_DELIM-HTFESZVLWTQSALNIMQAT_2019                     0.00%    passed     99.87%
 135  B_DELIM-HTFESZVLWTQSALNIMQAT_ChiangRai_DELIM-HTFESZVLWTQSALNIMQAT_481_DELIM-HTFESZVLWTQSALNIMQAT_2019                 0.00%    passed     99.46%
 136  B_DELIM-HTFESZVLWTQSALNIMQAT_Suriname_DELIM-HTFESZVLWTQSALNIMQAT_1027_DELIM-HTFESZVLWTQSALNIMQAT_2019                 0.00%    passed     99.58%
 137  B_DELIM-HTFESZVLWTQSALNIMQAT_Lebanon_DELIM-HTFESZVLWTQSALNIMQAT_16_DELIM-HTFESZVLWTQSALNIMQAT_2020                    0.00%    passed     99.42%
 138  B_DELIM-HTFESZVLWTQSALNIMQAT_BurkinaFaso_DELIM-HTFESZVLWTQSALNIMQAT_1479_DELIM-HTFESZVLWTQSALNIMQAT_2019              0.00%    passed     99.87%
 139  B_DELIM-HTFESZVLWTQSALNIMQAT_Mahajanga_DELIM-HTFESZVLWTQSALNIMQAT_4348_DELIM-HTFESZVLWTQSALNIMQAT_2016                0.00%    passed     99.89%
 140  B_DELIM-HTFESZVLWTQSALNIMQAT_HongKong_DELIM-HTFESZVLWTQSALNIMQAT_553a_DELIM-HTFESZVLWTQSALNIMQAT_2003                 1.80%    passed     99.39%
 141  B_DELIM-HTFESZVLWTQSALNIMQAT_Malaysia_DELIM-HTFESZVLWTQSALNIMQAT_33772_DELIM-HTFESZVLWTQSALNIMQAT_2005                0.00%    passed     99.38%
 142  B_DELIM-HTFESZVLWTQSALNIMQAT_Guyane_DELIM-HTFESZVLWTQSALNIMQAT_542_DELIM-HTFESZVLWTQSALNIMQAT_2018                    0.00%    passed     99.81%
 143  B_DELIM-HTFESZVLWTQSALNIMQAT_Iquique_DELIM-HTFESZVLWTQSALNIMQAT_75434_DELIM-HTFESZVLWTQSALNIMQAT_2019                 0.00%    passed     99.96%
 144  B_DELIM-HTFESZVLWTQSALNIMQAT_Lao_DELIM-HTFESZVLWTQSALNIMQAT_3354_DELIM-HTFESZVLWTQSALNIMQAT_2019                      0.00%    passed     99.70%
 145  B_DELIM-HTFESZVLWTQSALNIMQAT_Suriname_DELIM-HTFESZVLWTQSALNIMQAT_729_DELIM-HTFESZVLWTQSALNIMQAT_2019                  0.00%    passed     99.87%
 146  B_DELIM-HTFESZVLWTQSALNIMQAT_Kanagawa_DELIM-HTFESZVLWTQSALNIMQAT_AC1738_DELIM-HTFESZVLWTQSALNIMQAT_2018               0.00%    passed     99.89%
 147  B_DELIM-HTFESZVLWTQSALNIMQAT_Ekaterinburg_DELIM-HTFESZVLWTQSALNIMQAT_RII-02_DELIM-HTFESZVLWTQSALNIMQAT_2021           0.00%    passed     99.90%
 148  B_DELIM-HTFESZVLWTQSALNIMQAT_England_DELIM-HTFESZVLWTQSALNIMQAT_903_DELIM-HTFESZVLWTQSALNIMQAT_2016                   2.96%    passed     99.04%
 149  B_DELIM-HTFESZVLWTQSALNIMQAT_Pennsylvania_DELIM-HTFESZVLWTQSALNIMQAT_8_DELIM-HTFESZVLWTQSALNIMQAT_2020                0.00%    passed     99.87%
 150  B_DELIM-HTFESZVLWTQSALNIMQAT_Argentina_DELIM-HTFESZVLWTQSALNIMQAT_83_DELIM-HTFESZVLWTQSALNIMQAT_2020                  0.00%    passed     99.76%
 151  B_DELIM-HTFESZVLWTQSALNIMQAT_Singapore_DELIM-HTFESZVLWTQSALNIMQAT_KK0925_DELIM-HTFESZVLWTQSALNIMQAT_2019              2.96%    passed     99.32%
 152  B_DELIM-HTFESZVLWTQSALNIMQAT_England_DELIM-HTFESZVLWTQSALNIMQAT_71_DELIM-HTFESZVLWTQSALNIMQAT_2017                    3.14%    passed     99.92%
 153  B_DELIM-HTFESZVLWTQSALNIMQAT_Victoria_DELIM-HTFESZVLWTQSALNIMQAT_127_DELIM-HTFESZVLWTQSALNIMQAT_2002                  0.00%    passed     99.94%
 154  B_DELIM-HTFESZVLWTQSALNIMQAT_Brisbane_DELIM-HTFESZVLWTQSALNIMQAT_163_DELIM-HTFESZVLWTQSALNIMQAT_2008                  2.96%    passed     97.70%
 155  B_DELIM-HTFESZVLWTQSALNIMQAT_Malmo_DELIM-HTFESZVLWTQSALNIMQAT_2_DELIM-HTFESZVLWTQSALNIMQAT_2011                       2.96%    passed     98.64%
 156  B_DELIM-HTFESZVLWTQSALNIMQAT_Bangladesh_DELIM-HTFESZVLWTQSALNIMQAT_3004_DELIM-HTFESZVLWTQSALNIMQAT_2017               0.00%    passed     99.90%
 157  B_DELIM-HTFESZVLWTQSALNIMQAT_Victoria_DELIM-HTFESZVLWTQSALNIMQAT_505_DELIM-HTFESZVLWTQSALNIMQAT_2005                  0.21%    passed     99.91%
 158  B_DELIM-HTFESZVLWTQSALNIMQAT_Maldives_DELIM-HTFESZVLWTQSALNIMQAT_1291_DELIM-HTFESZVLWTQSALNIMQAT_2017                 0.00%    passed    100.00%
 159  B_DELIM-HTFESZVLWTQSALNIMQAT_Valparaiso_DELIM-HTFESZVLWTQSALNIMQAT_958_DELIM-HTFESZVLWTQSALNIMQAT_2018                0.00%    passed     99.18%
 160  B_DELIM-HTFESZVLWTQSALNIMQAT_Brazil_DELIM-HTFESZVLWTQSALNIMQAT_2786_DELIM-HTFESZVLWTQSALNIMQAT_2015                   2.32%    passed     99.98%
 161  B_DELIM-HTFESZVLWTQSALNIMQAT_Lao_DELIM-HTFESZVLWTQSALNIMQAT_186_DELIM-HTFESZVLWTQSALNIMQAT_2017                       0.00%    passed     99.40%
 162  B_DELIM-HTFESZVLWTQSALNIMQAT_Lao_DELIM-HTFESZVLWTQSALNIMQAT_F1664_DELIM-HTFESZVLWTQSALNIMQAT_2017                     0.00%    passed     99.34%
 163  B_DELIM-HTFESZVLWTQSALNIMQAT_Gangwon_DELIM-HTFESZVLWTQSALNIMQAT_1116_DELIM-HTFESZVLWTQSALNIMQAT_2017                  2.96%    passed     99.95%
 164  B_DELIM-HTFESZVLWTQSALNIMQAT_Bangladesh_DELIM-HTFESZVLWTQSALNIMQAT_1190903008_DELIM-HTFESZVLWTQSALNIMQAT_2019         0.00%    passed     99.94%
 165  B_DELIM-HTFESZVLWTQSALNIMQAT_Lebanon_DELIM-HTFESZVLWTQSALNIMQAT_454_DELIM-HTFESZVLWTQSALNIMQAT_2019                   0.00%    passed     99.79%
 166  B_DELIM-HTFESZVLWTQSALNIMQAT_Bolivia_DELIM-HTFESZVLWTQSALNIMQAT_1919_DELIM-HTFESZVLWTQSALNIMQAT_2017                  0.00%    passed     99.90%
 167  B_DELIM-HTFESZVLWTQSALNIMQAT_Shiga_DELIM-HTFESZVLWTQSALNIMQAT_51_DELIM-HTFESZVLWTQSALNIMQAT_1998                      2.96%    passed     95.80%
 168  B_DELIM-HTFESZVLWTQSALNIMQAT_Ulaanbaatar_DELIM-HTFESZVLWTQSALNIMQAT_1868_DELIM-HTFESZVLWTQSALNIMQAT_2017              0.00%    passed     99.71%
 169  B_DELIM-HTFESZVLWTQSALNIMQAT_SouthKorea_DELIM-HTFESZVLWTQSALNIMQAT_9962_DELIM-HTFESZVLWTQSALNIMQAT_2019               2.96%    passed     99.47%
 170  B_DELIM-HTFESZVLWTQSALNIMQAT_Mali_DELIM-HTFESZVLWTQSALNIMQAT_76_DELIM-HTFESZVLWTQSALNIMQAT_2018                       0.00%    passed     99.79%
 171  B_DELIM-HTFESZVLWTQSALNIMQAT_Houston_DELIM-HTFESZVLWTQSALNIMQAT_B71_DELIM-HTFESZVLWTQSALNIMQAT_2002                   0.34%    passed     99.51%
 172  B_DELIM-HTFESZVLWTQSALNIMQAT_Osaka_DELIM-HTFESZVLWTQSALNIMQAT_31_DELIM-HTFESZVLWTQSALNIMQAT_2020                      2.96%    passed     99.72%
 173  B_DELIM-HTFESZVLWTQSALNIMQAT_Utah_DELIM-HTFESZVLWTQSALNIMQAT_8_DELIM-HTFESZVLWTQSALNIMQAT_2012                        2.96%    passed     97.83%
 174  B_DELIM-HTFESZVLWTQSALNIMQAT_Waikato_DELIM-HTFESZVLWTQSALNIMQAT_27_DELIM-HTFESZVLWTQSALNIMQAT_2002                    0.00%    passed     99.88%
 175  B_DELIM-HTFESZVLWTQSALNIMQAT_India_DELIM-HTFESZVLWTQSALNIMQAT_4943_DELIM-HTFESZVLWTQSALNIMQAT_2021                    0.00%    passed     99.83%
 176  B_DELIM-HTFESZVLWTQSALNIMQAT_Mali_DELIM-HTFESZVLWTQSALNIMQAT_92_DELIM-HTFESZVLWTQSALNIMQAT_2018                       0.00%    passed     99.79%
 177  B_DELIM-HTFESZVLWTQSALNIMQAT_Dnipro_DELIM-HTFESZVLWTQSALNIMQAT_5_DELIM-HTFESZVLWTQSALNIMQAT_2018                      0.00%    passed     99.58%
 178  B_DELIM-HTFESZVLWTQSALNIMQAT_Bahrain_DELIM-HTFESZVLWTQSALNIMQAT_2852_DELIM-HTFESZVLWTQSALNIMQAT_2021                  0.00%    passed     99.94%
 179  B_DELIM-HTFESZVLWTQSALNIMQAT_Agadir_DELIM-HTFESZVLWTQSALNIMQAT_156_DELIM-HTFESZVLWTQSALNIMQAT_2011                    2.96%    passed     99.42%
 180  B_DELIM-HTFESZVLWTQSALNIMQAT_Singapore_DELIM-HTFESZVLWTQSALNIMQAT_SAR56916_DELIM-HTFESZVLWTQSALNIMQAT_2021            2.96%    passed     98.86%
 181  B_DELIM-HTFESZVLWTQSALNIMQAT_Singapore_DELIM-HTFESZVLWTQSALNIMQAT_TT0695_DELIM-HTFESZVLWTQSALNIMQAT_2019              2.96%    passed     99.24%
 182  B_DELIM-HTFESZVLWTQSALNIMQAT_Uganda_DELIM-HTFESZVLWTQSALNIMQAT_4822_DELIM-HTFESZVLWTQSALNIMQAT_2016                   0.00%    passed     99.70%
 183  B_DELIM-HTFESZVLWTQSALNIMQAT_Niger_DELIM-HTFESZVLWTQSALNIMQAT_7917_DELIM-HTFESZVLWTQSALNIMQAT_2020                    0.04%    passed     99.99%
 184  B_DELIM-HTFESZVLWTQSALNIMQAT_TimorLeste_DELIM-HTFESZVLWTQSALNIMQAT_52_DELIM-HTFESZVLWTQSALNIMQAT_2018                 2.79%    passed     99.95%
 185  B_DELIM-HTFESZVLWTQSALNIMQAT_DistrictOfColumbia_DELIM-HTFESZVLWTQSALNIMQAT_19_DELIM-HTFESZVLWTQSALNIMQAT_2019         0.00%    passed     99.99%
 186  B_DELIM-HTFESZVLWTQSALNIMQAT_Netherlands_DELIM-HTFESZVLWTQSALNIMQAT_11267_DELIM-HTFESZVLWTQSALNIMQAT_2022             2.96%    passed     98.05%
 187  B_DELIM-HTFESZVLWTQSALNIMQAT_Thailand_DELIM-HTFESZVLWTQSALNIMQAT_CU-364_DELIM-HTFESZVLWTQSALNIMQAT_2008               0.90%    passed     99.87%
 188  B_DELIM-HTFESZVLWTQSALNIMQAT_Indonesia_DELIM-HTFESZVLWTQSALNIMQAT_Nihrd-Bjm607_DELIM-HTFESZVLWTQSALNIMQAT_2017        0.00%    passed     99.87%
 189  B_DELIM-HTFESZVLWTQSALNIMQAT_Hawaii_DELIM-HTFESZVLWTQSALNIMQAT_38_DELIM-HTFESZVLWTQSALNIMQAT_2019                     0.00%    passed     99.62%
 190  B_DELIM-HTFESZVLWTQSALNIMQAT_Jordan_DELIM-HTFESZVLWTQSALNIMQAT_30465_DELIM-HTFESZVLWTQSALNIMQAT_2012                  2.96%    passed     99.32%
 191  B_DELIM-HTFESZVLWTQSALNIMQAT_Maine_DELIM-HTFESZVLWTQSALNIMQAT_10_DELIM-HTFESZVLWTQSALNIMQAT_2019                      0.00%    passed     99.02%
 192  B_DELIM-HTFESZVLWTQSALNIMQAT_Auckland_DELIM-HTFESZVLWTQSALNIMQAT_36_DELIM-HTFESZVLWTQSALNIMQAT_2002                   0.39%    passed     99.66%
 193  B_DELIM-HTFESZVLWTQSALNIMQAT_NewZealand_DELIM-HTFESZVLWTQSALNIMQAT_537_DELIM-HTFESZVLWTQSALNIMQAT_2015                2.32%    passed    100.00%
 194  B_DELIM-HTFESZVLWTQSALNIMQAT_Victoria_DELIM-HTFESZVLWTQSALNIMQAT_501_DELIM-HTFESZVLWTQSALNIMQAT_2006                  0.04%    passed     99.83%
 195  B_DELIM-HTFESZVLWTQSALNIMQAT_Israel_DELIM-HTFESZVLWTQSALNIMQAT_15_DELIM-HTFESZVLWTQSALNIMQAT_2011                     2.96%    passed     98.75%
 196  B_DELIM-HTFESZVLWTQSALNIMQAT_Malaysia_DELIM-HTFESZVLWTQSALNIMQAT_31529_DELIM-HTFESZVLWTQSALNIMQAT_2005                0.00%    passed     99.90%
 197  B_DELIM-HTFESZVLWTQSALNIMQAT_Taiwan_DELIM-HTFESZVLWTQSALNIMQAT_91061_DELIM-HTFESZVLWTQSALNIMQAT_2005                  0.04%    passed     99.28%
 198  B_DELIM-HTFESZVLWTQSALNIMQAT_Bolivia_DELIM-HTFESZVLWTQSALNIMQAT_1372_DELIM-HTFESZVLWTQSALNIMQAT_2019                  0.00%    passed     99.79%
 199  B_DELIM-HTFESZVLWTQSALNIMQAT_Ryazan_DELIM-HTFESZVLWTQSALNIMQAT_1_DELIM-HTFESZVLWTQSALNIMQAT_2015                      2.32%    passed     99.99%
 200  B_DELIM-HTFESZVLWTQSALNIMQAT_Kazakhstan_DELIM-HTFESZVLWTQSALNIMQAT_103_DELIM-HTFESZVLWTQSALNIMQAT_2018                0.00%    passed     99.78%
 201  B_DELIM-HTFESZVLWTQSALNIMQAT_Mali_DELIM-HTFESZVLWTQSALNIMQAT_47_DELIM-HTFESZVLWTQSALNIMQAT_2018                       0.00%    passed     99.84%
 202  B_DELIM-HTFESZVLWTQSALNIMQAT_Malaysia_DELIM-HTFESZVLWTQSALNIMQAT_29570_DELIM-HTFESZVLWTQSALNIMQAT_2004                0.00%    passed     99.61%
 203  B_DELIM-HTFESZVLWTQSALNIMQAT_Bahrain_DELIM-HTFESZVLWTQSALNIMQAT_1305_DELIM-HTFESZVLWTQSALNIMQAT_2021                  0.00%    passed     99.94%
 204  B_DELIM-HTFESZVLWTQSALNIMQAT_Bangladesh_DELIM-HTFESZVLWTQSALNIMQAT_8027_DELIM-HTFESZVLWTQSALNIMQAT_2021               0.00%    passed     99.94%
 205  B_DELIM-HTFESZVLWTQSALNIMQAT_Victoria_DELIM-HTFESZVLWTQSALNIMQAT_504_DELIM-HTFESZVLWTQSALNIMQAT_2000                  0.00%    passed     99.95%
 206  B_DELIM-HTFESZVLWTQSALNIMQAT_HongKong_DELIM-HTFESZVLWTQSALNIMQAT_1372_DELIM-HTFESZVLWTQSALNIMQAT_2015                 2.32%    passed     99.93%
 207  B_DELIM-HTFESZVLWTQSALNIMQAT_Lao_DELIM-HTFESZVLWTQSALNIMQAT_262_DELIM-HTFESZVLWTQSALNIMQAT_2020                       0.00%    passed     99.96%
 208  B_DELIM-HTFESZVLWTQSALNIMQAT_Sydney_DELIM-HTFESZVLWTQSALNIMQAT_20_DELIM-HTFESZVLWTQSALNIMQAT_2005                     1.16%    passed     99.36%
 209  B_DELIM-HTFESZVLWTQSALNIMQAT_AnnArbor_DELIM-HTFESZVLWTQSALNIMQAT_1_DELIM-HTFESZVLWTQSALNIMQAT_1986                    2.96%    passed     98.66%
 210  B_DELIM-HTFESZVLWTQSALNIMQAT_HongKong_DELIM-HTFESZVLWTQSALNIMQAT_5_DELIM-HTFESZVLWTQSALNIMQAT_1972                    2.96%    passed     99.99%
 211  B_DELIM-HTFESZVLWTQSALNIMQAT_Colorado_DELIM-HTFESZVLWTQSALNIMQAT_6_DELIM-HTFESZVLWTQSALNIMQAT_2017                    0.00%    passed    100.00%
 212  B_DELIM-HTFESZVLWTQSALNIMQAT_Mali_DELIM-HTFESZVLWTQSALNIMQAT_132_DELIM-HTFESZVLWTQSALNIMQAT_2018                      0.00%    passed     99.90%
 213  B_DELIM-HTFESZVLWTQSALNIMQAT_Victoria_DELIM-HTFESZVLWTQSALNIMQAT_705_DELIM-HTFESZVLWTQSALNIMQAT_2018                  0.00%    passed     99.84%
 214  B_DELIM-HTFESZVLWTQSALNIMQAT_Singapore_DELIM-HTFESZVLWTQSALNIMQAT_SAR77450_DELIM-HTFESZVLWTQSALNIMQAT_2021            3.01%    passed     98.03%
 215  B_DELIM-HTFESZVLWTQSALNIMQAT_Brisbane_DELIM-HTFESZVLWTQSALNIMQAT_13_DELIM-HTFESZVLWTQSALNIMQAT_2007                   0.04%    passed     99.88%
 216  B_DELIM-HTFESZVLWTQSALNIMQAT_Bahrain_DELIM-HTFESZVLWTQSALNIMQAT_6_DELIM-HTFESZVLWTQSALNIMQAT_2020                     0.00%    passed     99.96%
 217  B_DELIM-HTFESZVLWTQSALNIMQAT_Darwin_DELIM-HTFESZVLWTQSALNIMQAT_130_DELIM-HTFESZVLWTQSALNIMQAT_2017                    2.96%    passed     99.87%
 218  B_DELIM-HTFESZVLWTQSALNIMQAT_Taiwan_DELIM-HTFESZVLWTQSALNIMQAT_83280_DELIM-HTFESZVLWTQSALNIMQAT_2019                  0.00%    passed     99.82%
 219  B_DELIM-HTFESZVLWTQSALNIMQAT_Bangladesh_DELIM-HTFESZVLWTQSALNIMQAT_11005_DELIM-HTFESZVLWTQSALNIMQAT_2015              0.00%    passed     99.89%
 220  B_DELIM-HTFESZVLWTQSALNIMQAT_Bangladesh_DELIM-HTFESZVLWTQSALNIMQAT_11007_DELIM-HTFESZVLWTQSALNIMQAT_2015              0.00%    passed     99.97%
 221  B_DELIM-HTFESZVLWTQSALNIMQAT_Bangladesh_DELIM-HTFESZVLWTQSALNIMQAT_702014_DELIM-HTFESZVLWTQSALNIMQAT_2017             0.00%    passed     99.71%
 222  B_DELIM-HTFESZVLWTQSALNIMQAT_Lao_DELIM-HTFESZVLWTQSALNIMQAT_3395_DELIM-HTFESZVLWTQSALNIMQAT_2019                      0.00%    passed     99.94%
 223  B_DELIM-HTFESZVLWTQSALNIMQAT_Kanagawa_DELIM-HTFESZVLWTQSALNIMQAT_ZC1618_DELIM-HTFESZVLWTQSALNIMQAT_2017               2.96%    passed     99.90%
 224  B_DELIM-HTFESZVLWTQSALNIMQAT_Memphis_DELIM-HTFESZVLWTQSALNIMQAT_13_DELIM-HTFESZVLWTQSALNIMQAT_2003                    2.96%    passed     99.15%
 225  B_DELIM-HTFESZVLWTQSALNIMQAT_Netherlands_DELIM-HTFESZVLWTQSALNIMQAT_11032_DELIM-HTFESZVLWTQSALNIMQAT_2022             2.96%    passed     97.31%
 226  B_DELIM-HTFESZVLWTQSALNIMQAT_Bolivia_DELIM-HTFESZVLWTQSALNIMQAT_663_DELIM-HTFESZVLWTQSALNIMQAT_2019                   0.09%    passed     99.68%
 227  B_DELIM-HTFESZVLWTQSALNIMQAT_NewZealand_DELIM-HTFESZVLWTQSALNIMQAT_837_DELIM-HTFESZVLWTQSALNIMQAT_2016                0.00%    passed     99.44%
 228  B_DELIM-HTFESZVLWTQSALNIMQAT_Victoria_DELIM-HTFESZVLWTQSALNIMQAT_813_DELIM-HTFESZVLWTQSALNIMQAT_2013                  2.84%    passed     99.70%
 229  B_DELIM-HTFESZVLWTQSALNIMQAT_Lao_DELIM-HTFESZVLWTQSALNIMQAT_2545_DELIM-HTFESZVLWTQSALNIMQAT_2016                      0.00%    passed     99.87%
 230  B_DELIM-HTFESZVLWTQSALNIMQAT_Tehran_DELIM-HTFESZVLWTQSALNIMQAT_5277_DELIM-HTFESZVLWTQSALNIMQAT_2010                   4.64%    passed     97.45%
 231  B_DELIM-HTFESZVLWTQSALNIMQAT_AbuDhabi_DELIM-HTFESZVLWTQSALNIMQAT_3511581_DELIM-HTFESZVLWTQSALNIMQAT_2020              0.00%    passed     99.99%
 232  B_DELIM-HTFESZVLWTQSALNIMQAT_NewZealand_DELIM-HTFESZVLWTQSALNIMQAT_1475_DELIM-HTFESZVLWTQSALNIMQAT_2017               0.00%    passed     98.86%
 233  B_DELIM-HTFESZVLWTQSALNIMQAT_Sydney_DELIM-HTFESZVLWTQSALNIMQAT_15_DELIM-HTFESZVLWTQSALNIMQAT_2005                     0.04%    passed     99.82%
 234  B_DELIM-HTFESZVLWTQSALNIMQAT_Palmas_DELIM-HTFESZVLWTQSALNIMQAT_19015480-IAL_DELIM-HTFESZVLWTQSALNIMQAT_2019           0.00%    passed     99.67%
 235  B_DELIM-HTFESZVLWTQSALNIMQAT_Aichi_DELIM-HTFESZVLWTQSALNIMQAT_5_DELIM-HTFESZVLWTQSALNIMQAT_1988                       2.96%    passed     95.17%
 236  B_DELIM-HTFESZVLWTQSALNIMQAT_Minnesota_DELIM-HTFESZVLWTQSALNIMQAT_15_DELIM-HTFESZVLWTQSALNIMQAT_2019                  0.04%    passed     99.90%
 237  B_DELIM-HTFESZVLWTQSALNIMQAT_Maldives_DELIM-HTFESZVLWTQSALNIMQAT_49_DELIM-HTFESZVLWTQSALNIMQAT_2017                   0.00%    passed     99.60%
 238  B_DELIM-HTFESZVLWTQSALNIMQAT_Malaysia_DELIM-HTFESZVLWTQSALNIMQAT_1723975_DELIM-HTFESZVLWTQSALNIMQAT_2007              0.00%    passed     99.32%
 239  B_DELIM-HTFESZVLWTQSALNIMQAT_Christchurch_DELIM-HTFESZVLWTQSALNIMQAT_1_DELIM-HTFESZVLWTQSALNIMQAT_2010                0.39%    passed     96.20%
 240  B_DELIM-HTFESZVLWTQSALNIMQAT_Lao_DELIM-HTFESZVLWTQSALNIMQAT_1675_DELIM-HTFESZVLWTQSALNIMQAT_2017                      0.00%    passed     99.34%
 241  B_DELIM-HTFESZVLWTQSALNIMQAT_Oman_DELIM-HTFESZVLWTQSALNIMQAT_1961_DELIM-HTFESZVLWTQSALNIMQAT_2018                     0.00%    passed     98.83%
 242  B_DELIM-HTFESZVLWTQSALNIMQAT_Kentucky_DELIM-HTFESZVLWTQSALNIMQAT_27_DELIM-HTFESZVLWTQSALNIMQAT_2018                   0.04%    passed     99.90%
 243  B_DELIM-HTFESZVLWTQSALNIMQAT_Congo_DELIM-HTFESZVLWTQSALNIMQAT_306_DELIM-HTFESZVLWTQSALNIMQAT_2019                     0.00%    passed     99.71%
 244  B_DELIM-HTFESZVLWTQSALNIMQAT_Nakhonphanom_DELIM-HTFESZVLWTQSALNIMQAT_84_DELIM-HTFESZVLWTQSALNIMQAT_2019               0.00%    passed     98.91%
 245  B_DELIM-HTFESZVLWTQSALNIMQAT_Tokushima_DELIM-HTFESZVLWTQSALNIMQAT_19_DELIM-HTFESZVLWTQSALNIMQAT_2018                  0.00%    passed    100.00%
 246  B_DELIM-HTFESZVLWTQSALNIMQAT_Argentina_DELIM-HTFESZVLWTQSALNIMQAT_11461_DELIM-HTFESZVLWTQSALNIMQAT_2015               2.32%    passed     98.88%
 247  B_DELIM-HTFESZVLWTQSALNIMQAT_Bangladesh_DELIM-HTFESZVLWTQSALNIMQAT_60711005_DELIM-HTFESZVLWTQSALNIMQAT_2016           0.00%    passed     99.98%
 248  B_DELIM-HTFESZVLWTQSALNIMQAT_NewZealand_DELIM-HTFESZVLWTQSALNIMQAT_2347_DELIM-HTFESZVLWTQSALNIMQAT_2016               0.04%    passed     99.68%
 249  B_DELIM-HTFESZVLWTQSALNIMQAT_Yunnan-Zhaoyang_DELIM-HTFESZVLWTQSALNIMQAT_11160_DELIM-HTFESZVLWTQSALNIMQAT_2016         0.00%    passed     99.97%
 250  B_DELIM-HTFESZVLWTQSALNIMQAT_Hunan-Beihu_DELIM-HTFESZVLWTQSALNIMQAT_1222_DELIM-HTFESZVLWTQSALNIMQAT_2018              0.04%    passed     99.09%
 251  B_DELIM-HTFESZVLWTQSALNIMQAT_Peru_DELIM-HTFESZVLWTQSALNIMQAT_4417_DELIM-HTFESZVLWTQSALNIMQAT_2017                     0.00%    passed     99.84%
 252  B_DELIM-HTFESZVLWTQSALNIMQAT_Guatemala_DELIM-HTFESZVLWTQSALNIMQAT_22_DELIM-HTFESZVLWTQSALNIMQAT_2020                  0.00%    passed     99.97%
 253  B_DELIM-HTFESZVLWTQSALNIMQAT_HongKong_DELIM-HTFESZVLWTQSALNIMQAT_1154_DELIM-HTFESZVLWTQSALNIMQAT_2016                 0.00%    passed     99.39%
 254  B_DELIM-HTFESZVLWTQSALNIMQAT_NorthDakota_DELIM-HTFESZVLWTQSALNIMQAT_7_DELIM-HTFESZVLWTQSALNIMQAT_2019                 0.00%    passed     99.95%
 255  B_DELIM-HTFESZVLWTQSALNIMQAT_Sydney_DELIM-HTFESZVLWTQSALNIMQAT_2_DELIM-HTFESZVLWTQSALNIMQAT_2002                      0.39%    passed     99.61%
 256  B_DELIM-HTFESZVLWTQSALNIMQAT_Victoria_DELIM-HTFESZVLWTQSALNIMQAT_830_DELIM-HTFESZVLWTQSALNIMQAT_2013                  2.88%    passed     99.80%
 257  B_DELIM-HTFESZVLWTQSALNIMQAT_Lao_DELIM-HTFESZVLWTQSALNIMQAT_3153_DELIM-HTFESZVLWTQSALNIMQAT_2019                      0.00%    passed     99.84%
 258  B_DELIM-HTFESZVLWTQSALNIMQAT_Guyane_DELIM-HTFESZVLWTQSALNIMQAT_729_DELIM-HTFESZVLWTQSALNIMQAT_2019                    0.00%    passed     99.40%
 259  B_DELIM-HTFESZVLWTQSALNIMQAT_SouthCarolina_DELIM-HTFESZVLWTQSALNIMQAT_NHRC0001_DELIM-HTFESZVLWTQSALNIMQAT_2004        0.00%    passed     99.95%
 260  B_DELIM-HTFESZVLWTQSALNIMQAT_Thailand_DELIM-HTFESZVLWTQSALNIMQAT_CU-C1451_DELIM-HTFESZVLWTQSALNIMQAT_2010             0.00%    passed     98.55%
 261  B_DELIM-HTFESZVLWTQSALNIMQAT_Bangladesh_DELIM-HTFESZVLWTQSALNIMQAT_1003_DELIM-HTFESZVLWTQSALNIMQAT_2017               0.00%    passed     98.86%
 262  B_DELIM-HTFESZVLWTQSALNIMQAT_Texas_DELIM-HTFESZVLWTQSALNIMQAT_16_DELIM-HTFESZVLWTQSALNIMQAT_2020                      0.00%    passed     99.95%
 263  B_DELIM-HTFESZVLWTQSALNIMQAT_NewZealand_DELIM-HTFESZVLWTQSALNIMQAT_1230_DELIM-HTFESZVLWTQSALNIMQAT_2016               0.00%    passed     99.25%
 264  B_DELIM-HTFESZVLWTQSALNIMQAT_Pernambuco_DELIM-HTFESZVLWTQSALNIMQAT_145029-IEC_DELIM-HTFESZVLWTQSALNIMQAT_2016         0.00%    passed     99.87%
 265  B_DELIM-HTFESZVLWTQSALNIMQAT_Madagascar_DELIM-HTFESZVLWTQSALNIMQAT_2550_DELIM-HTFESZVLWTQSALNIMQAT_2011               2.96%    passed     99.56%
 266  B_DELIM-HTFESZVLWTQSALNIMQAT_Paraguay_DELIM-HTFESZVLWTQSALNIMQAT_636_DELIM-HTFESZVLWTQSALNIMQAT_2003                  0.34%    passed     99.87%
 267  B_DELIM-HTFESZVLWTQSALNIMQAT_Malaysia_DELIM-HTFESZVLWTQSALNIMQAT_30552_DELIM-HTFESZVLWTQSALNIMQAT_2004                0.00%    passed     99.80%
 268  B_DELIM-HTFESZVLWTQSALNIMQAT_Mali_DELIM-HTFESZVLWTQSALNIMQAT_20074_DELIM-HTFESZVLWTQSALNIMQAT_2020                    0.00%    passed     99.90%
 269  B_DELIM-HTFESZVLWTQSALNIMQAT_Victoria_DELIM-HTFESZVLWTQSALNIMQAT_905_DELIM-HTFESZVLWTQSALNIMQAT_2019                  0.04%    passed     99.12%
 270  B_DELIM-HTFESZVLWTQSALNIMQAT_Kyiv_DELIM-HTFESZVLWTQSALNIMQAT_185_DELIM-HTFESZVLWTQSALNIMQAT_2018                      0.00%    passed     99.93%
 271  B_DELIM-HTFESZVLWTQSALNIMQAT_Malaysia_DELIM-HTFESZVLWTQSALNIMQAT_31752_DELIM-HTFESZVLWTQSALNIMQAT_2005                0.00%    passed     99.61%
 272  B_DELIM-HTFESZVLWTQSALNIMQAT_Bhutan_DELIM-HTFESZVLWTQSALNIMQAT_1132_DELIM-HTFESZVLWTQSALNIMQAT_2020                   0.00%    passed    100.00%
 273  B_DELIM-HTFESZVLWTQSALNIMQAT_Lao_DELIM-HTFESZVLWTQSALNIMQAT_452_DELIM-HTFESZVLWTQSALNIMQAT_2020                       0.00%    passed     99.96%
 274  B_DELIM-HTFESZVLWTQSALNIMQAT_StPetersburg_DELIM-HTFESZVLWTQSALNIMQAT_RII-7762S_DELIM-HTFESZVLWTQSALNIMQAT_2021        0.00%    passed     99.96%
 275  B_DELIM-HTFESZVLWTQSALNIMQAT_Victoria_DELIM-HTFESZVLWTQSALNIMQAT_107_DELIM-HTFESZVLWTQSALNIMQAT_2005                  0.21%    passed     99.91%
 276  B_DELIM-HTFESZVLWTQSALNIMQAT_Shandong_DELIM-HTFESZVLWTQSALNIMQAT_7_DELIM-HTFESZVLWTQSALNIMQAT_1997                    3.74%    passed     94.12%
 277  B_DELIM-HTFESZVLWTQSALNIMQAT_Maine_DELIM-HTFESZVLWTQSALNIMQAT_9_DELIM-HTFESZVLWTQSALNIMQAT_2019                       0.00%    passed     99.02%
 278  B_DELIM-HTFESZVLWTQSALNIMQAT_Philippines_DELIM-HTFESZVLWTQSALNIMQAT_1_DELIM-HTFESZVLWTQSALNIMQAT_2021                 2.96%    passed     98.95%
 279  B_DELIM-HTFESZVLWTQSALNIMQAT_Florida_DELIM-HTFESZVLWTQSALNIMQAT_78_DELIM-HTFESZVLWTQSALNIMQAT_2015                    0.00%    passed     99.82%
 280  B_DELIM-HTFESZVLWTQSALNIMQAT_Suriname_DELIM-HTFESZVLWTQSALNIMQAT_2309_DELIM-HTFESZVLWTQSALNIMQAT_2017                 0.00%    passed     99.81%
 281  B_DELIM-HTFESZVLWTQSALNIMQAT_Kenya_DELIM-HTFESZVLWTQSALNIMQAT_111_DELIM-HTFESZVLWTQSALNIMQAT_2016                     0.00%    passed     98.88%
 282  B_DELIM-HTFESZVLWTQSALNIMQAT_Brisbane_DELIM-HTFESZVLWTQSALNIMQAT_95_DELIM-HTFESZVLWTQSALNIMQAT_2006                   0.00%    passed     99.90%
 283  B_DELIM-HTFESZVLWTQSALNIMQAT_Kazakhstan_DELIM-HTFESZVLWTQSALNIMQAT_128_DELIM-HTFESZVLWTQSALNIMQAT_2017                0.00%    passed     99.18%
 284  B_DELIM-HTFESZVLWTQSALNIMQAT_Trang_DELIM-HTFESZVLWTQSALNIMQAT_85_DELIM-HTFESZVLWTQSALNIMQAT_2019                      0.00%    passed     98.91%
 285  B_DELIM-HTFESZVLWTQSALNIMQAT_Louisiana_DELIM-HTFESZVLWTQSALNIMQAT_10_DELIM-HTFESZVLWTQSALNIMQAT_2017                  0.00%    passed     99.97%
 286  B_DELIM-HTFESZVLWTQSALNIMQAT_England_DELIM-HTFESZVLWTQSALNIMQAT_214120822_DELIM-HTFESZVLWTQSALNIMQAT_2021             2.96%    passed     95.41%
 287  B_DELIM-HTFESZVLWTQSALNIMQAT_Bahrain_DELIM-HTFESZVLWTQSALNIMQAT_7887_DELIM-HTFESZVLWTQSALNIMQAT_2021                  0.00%    passed     99.90%
 288  B_DELIM-HTFESZVLWTQSALNIMQAT_Karlstad_DELIM-HTFESZVLWTQSALNIMQAT_3_DELIM-HTFESZVLWTQSALNIMQAT_2016                    2.96%    passed     99.43%
 289  B_DELIM-HTFESZVLWTQSALNIMQAT_Kenya_DELIM-HTFESZVLWTQSALNIMQAT_134_DELIM-HTFESZVLWTQSALNIMQAT_2021                     0.00%    passed     99.31%
 290  B_DELIM-HTFESZVLWTQSALNIMQAT_Niger_DELIM-HTFESZVLWTQSALNIMQAT_8692_DELIM-HTFESZVLWTQSALNIMQAT_2021                    0.00%    passed     99.88%
 291  B_DELIM-HTFESZVLWTQSALNIMQAT_Togo_DELIM-HTFESZVLWTQSALNIMQAT_794_DELIM-HTFESZVLWTQSALNIMQAT_2019                      0.00%    passed     99.90%
 292  B_DELIM-HTFESZVLWTQSALNIMQAT_Mali_DELIM-HTFESZVLWTQSALNIMQAT_149_DELIM-HTFESZVLWTQSALNIMQAT_2019                      0.04%    passed     99.96%
 293  B_DELIM-HTFESZVLWTQSALNIMQAT_Victoria_DELIM-HTFESZVLWTQSALNIMQAT_506_DELIM-HTFESZVLWTQSALNIMQAT_2005                  0.21%    passed     99.91%
 294  B_DELIM-HTFESZVLWTQSALNIMQAT_Mali_DELIM-HTFESZVLWTQSALNIMQAT_154_DELIM-HTFESZVLWTQSALNIMQAT_2019                      0.00%    passed     99.71%
 295  B_DELIM-HTFESZVLWTQSALNIMQAT_Srilanka_DELIM-HTFESZVLWTQSALNIMQAT_2_DELIM-HTFESZVLWTQSALNIMQAT_2013                    3.18%    passed     99.18%
 296  B_DELIM-HTFESZVLWTQSALNIMQAT_Utah_DELIM-HTFESZVLWTQSALNIMQAT_41_DELIM-HTFESZVLWTQSALNIMQAT_2015                       2.32%    passed     99.99%
 297  B_DELIM-HTFESZVLWTQSALNIMQAT_Ibaraki_DELIM-HTFESZVLWTQSALNIMQAT_2_DELIM-HTFESZVLWTQSALNIMQAT_1985                     2.96%    passed     98.62%
 298  B_DELIM-HTFESZVLWTQSALNIMQAT_NewYork_DELIM-HTFESZVLWTQSALNIMQAT_1101_DELIM-HTFESZVLWTQSALNIMQAT_2007                  0.39%    passed     99.84%
 299  B_DELIM-HTFESZVLWTQSALNIMQAT_England_DELIM-HTFESZVLWTQSALNIMQAT_211560497_DELIM-HTFESZVLWTQSALNIMQAT_2021             2.96%    passed     98.68%
 300  B_DELIM-HTFESZVLWTQSALNIMQAT_FrenchGuiana_DELIM-HTFESZVLWTQSALNIMQAT_8123_DELIM-HTFESZVLWTQSALNIMQAT_2015             2.32%    passed     99.99%
 301  B_DELIM-HTFESZVLWTQSALNIMQAT_Brazil_DELIM-HTFESZVLWTQSALNIMQAT_5247_DELIM-HTFESZVLWTQSALNIMQAT_2016                   0.00%    passed     99.98%
 302  B_DELIM-HTFESZVLWTQSALNIMQAT_Rostov_DELIM-HTFESZVLWTQSALNIMQAT_340V_DELIM-HTFESZVLWTQSALNIMQAT_2021                   0.00%    passed     99.94%
 303  B_DELIM-HTFESZVLWTQSALNIMQAT_California_DELIM-HTFESZVLWTQSALNIMQAT_1_DELIM-HTFESZVLWTQSALNIMQAT_2021                  0.00%    passed    100.00%
 304  B_DELIM-HTFESZVLWTQSALNIMQAT_Taiwan_DELIM-HTFESZVLWTQSALNIMQAT_70061_DELIM-HTFESZVLWTQSALNIMQAT_2006                  0.69%    passed     99.04%
 305  B_DELIM-HTFESZVLWTQSALNIMQAT_Zhejiang-Nanhu_DELIM-HTFESZVLWTQSALNIMQAT_1854_DELIM-HTFESZVLWTQSALNIMQAT_2021           0.00%    passed     99.97%
 306  B_DELIM-HTFESZVLWTQSALNIMQAT_Memphis_DELIM-HTFESZVLWTQSALNIMQAT_3_DELIM-HTFESZVLWTQSALNIMQAT_1989                     2.96%    passed     97.61%
 307  B_DELIM-HTFESZVLWTQSALNIMQAT_Gansu-Baiyin_DELIM-HTFESZVLWTQSALNIMQAT_1281_DELIM-HTFESZVLWTQSALNIMQAT_2021             0.00%    passed     99.60%
 308  B_DELIM-HTFESZVLWTQSALNIMQAT_India_DELIM-HTFESZVLWTQSALNIMQAT_1591_DELIM-HTFESZVLWTQSALNIMQAT_2019                    0.00%    passed     99.80%
 309  B_DELIM-HTFESZVLWTQSALNIMQAT_Yokohama_DELIM-HTFESZVLWTQSALNIMQAT_1_DELIM-HTFESZVLWTQSALNIMQAT_2019                    2.96%    passed     99.74%
 310  B_DELIM-HTFESZVLWTQSALNIMQAT_Singapore_DELIM-HTFESZVLWTQSALNIMQAT_222_DELIM-HTFESZVLWTQSALNIMQAT_1979                 2.96%    passed     99.25%
 311  B_DELIM-HTFESZVLWTQSALNIMQAT_NewYork_DELIM-HTFESZVLWTQSALNIMQAT_8_DELIM-HTFESZVLWTQSALNIMQAT_2019                     0.00%    passed     99.99%
 312  B_DELIM-HTFESZVLWTQSALNIMQAT_Bangladesh_DELIM-HTFESZVLWTQSALNIMQAT_1017_DELIM-HTFESZVLWTQSALNIMQAT_2019               0.00%    passed     99.91%
 313  B_DELIM-HTFESZVLWTQSALNIMQAT_Brazil_DELIM-HTFESZVLWTQSALNIMQAT_36_DELIM-HTFESZVLWTQSALNIMQAT_2016                     0.00%    passed     99.84%
 314  B_DELIM-HTFESZVLWTQSALNIMQAT_Italy_DELIM-HTFESZVLWTQSALNIMQAT_9913_DELIM-HTFESZVLWTQSALNIMQAT_2019                    2.96%    passed     98.59%
 315  B_DELIM-HTFESZVLWTQSALNIMQAT_Jiangxi-Guixi_DELIM-HTFESZVLWTQSALNIMQAT_1645_DELIM-HTFESZVLWTQSALNIMQAT_2020            0.00%    passed    100.00%
 316  B_DELIM-HTFESZVLWTQSALNIMQAT_AbuDhabi_DELIM-HTFESZVLWTQSALNIMQAT_3330615_DELIM-HTFESZVLWTQSALNIMQAT_2021              0.00%    passed     99.90%
 317  B_DELIM-HTFESZVLWTQSALNIMQAT_Bangladesh_DELIM-HTFESZVLWTQSALNIMQAT_8028_DELIM-HTFESZVLWTQSALNIMQAT_2021               0.00%    passed     99.96%
 318  B_DELIM-HTFESZVLWTQSALNIMQAT_SriLanka_DELIM-HTFESZVLWTQSALNIMQAT_28_DELIM-HTFESZVLWTQSALNIMQAT_2020                   2.96%    passed     99.88%
 319  B_DELIM-HTFESZVLWTQSALNIMQAT_HongKong_DELIM-HTFESZVLWTQSALNIMQAT_48_DELIM-HTFESZVLWTQSALNIMQAT_2016                   0.00%    passed     99.39%
 320  B_DELIM-HTFESZVLWTQSALNIMQAT_Michigan_DELIM-HTFESZVLWTQSALNIMQAT_1_DELIM-HTFESZVLWTQSALNIMQAT_2021                    0.00%    passed     99.99%
 321  B_DELIM-HTFESZVLWTQSALNIMQAT_Malaysia_DELIM-HTFESZVLWTQSALNIMQAT_33922_DELIM-HTFESZVLWTQSALNIMQAT_2006                0.00%    passed     99.53%
 322  B_DELIM-HTFESZVLWTQSALNIMQAT_Dnipropetrovsk_DELIM-HTFESZVLWTQSALNIMQAT_420_DELIM-HTFESZVLWTQSALNIMQAT_2020            0.00%    passed     99.68%
 323  B_DELIM-HTFESZVLWTQSALNIMQAT_India_DELIM-HTFESZVLWTQSALNIMQAT_4673_DELIM-HTFESZVLWTQSALNIMQAT_2019                    0.00%    passed     99.79%
 324  B_DELIM-HTFESZVLWTQSALNIMQAT_Bangladesh_DELIM-HTFESZVLWTQSALNIMQAT_313_DELIM-HTFESZVLWTQSALNIMQAT_2019                0.00%    passed     99.96%
 325  B_DELIM-HTFESZVLWTQSALNIMQAT_Utah_DELIM-HTFESZVLWTQSALNIMQAT_53_DELIM-HTFESZVLWTQSALNIMQAT_2016                       0.00%    passed     99.95%
 326  B_DELIM-HTFESZVLWTQSALNIMQAT_Bhutan_DELIM-HTFESZVLWTQSALNIMQAT_1177_DELIM-HTFESZVLWTQSALNIMQAT_2020                   0.00%    passed    100.00%
 327  B_DELIM-HTFESZVLWTQSALNIMQAT_India_DELIM-HTFESZVLWTQSALNIMQAT_4711_DELIM-HTFESZVLWTQSALNIMQAT_2018                    0.00%    passed     99.10%
 328  B_DELIM-HTFESZVLWTQSALNIMQAT_Taiwan_DELIM-HTFESZVLWTQSALNIMQAT_94_DELIM-HTFESZVLWTQSALNIMQAT_2005                     0.04%    passed     99.71%
 329  B_DELIM-HTFESZVLWTQSALNIMQAT_Bolivia_DELIM-HTFESZVLWTQSALNIMQAT_1256_DELIM-HTFESZVLWTQSALNIMQAT_2017                  0.04%    passed     99.82%
 330  B_DELIM-HTFESZVLWTQSALNIMQAT_Analavory_DELIM-HTFESZVLWTQSALNIMQAT_2825_DELIM-HTFESZVLWTQSALNIMQAT_2017                0.00%    passed     99.77%
 331  B_DELIM-HTFESZVLWTQSALNIMQAT_Singapore_DELIM-HTFESZVLWTQSALNIMQAT_EN0958_DELIM-HTFESZVLWTQSALNIMQAT_2017              2.96%    passed     99.67%
 332  B_DELIM-HTFESZVLWTQSALNIMQAT_Blida_DELIM-HTFESZVLWTQSALNIMQAT_113_DELIM-HTFESZVLWTQSALNIMQAT_2012                     2.96%    passed     99.50%
 333  B_DELIM-HTFESZVLWTQSALNIMQAT_Arizona_DELIM-HTFESZVLWTQSALNIMQAT_6_DELIM-HTFESZVLWTQSALNIMQAT_2019                     0.00%    passed     99.80%
 334  B_DELIM-HTFESZVLWTQSALNIMQAT_Russia_DELIM-HTFESZVLWTQSALNIMQAT_1969                                                   0.00%    passed     96.27%
 335  B_DELIM-HTFESZVLWTQSALNIMQAT_Hawaii_DELIM-HTFESZVLWTQSALNIMQAT_33_DELIM-HTFESZVLWTQSALNIMQAT_2004                     0.13%    passed     99.38%
 336  B_DELIM-HTFESZVLWTQSALNIMQAT_Malaysia_DELIM-HTFESZVLWTQSALNIMQAT_33021_DELIM-HTFESZVLWTQSALNIMQAT_2005                0.00%    passed     99.33%
 337  B_DELIM-HTFESZVLWTQSALNIMQAT_Mali_DELIM-HTFESZVLWTQSALNIMQAT_187_DELIM-HTFESZVLWTQSALNIMQAT_2019                      0.00%    passed     99.94%
 338  B_DELIM-HTFESZVLWTQSALNIMQAT_HongKong_DELIM-HTFESZVLWTQSALNIMQAT_1362_DELIM-HTFESZVLWTQSALNIMQAT_2018                 0.00%    passed     99.76%
 339  B_DELIM-HTFESZVLWTQSALNIMQAT_Mali_DELIM-HTFESZVLWTQSALNIMQAT_8025_DELIM-HTFESZVLWTQSALNIMQAT_2018                     0.00%    passed     99.93%
 340  B_DELIM-HTFESZVLWTQSALNIMQAT_Philippines_DELIM-HTFESZVLWTQSALNIMQAT_875_DELIM-HTFESZVLWTQSALNIMQAT_2017               0.00%    passed     99.62%
 341  B_DELIM-HTFESZVLWTQSALNIMQAT_Singapore_DELIM-HTFESZVLWTQSALNIMQAT_TT0451_DELIM-HTFESZVLWTQSALNIMQAT_2019              2.96%    passed     97.96%
 342  B_DELIM-HTFESZVLWTQSALNIMQAT_Kenya_DELIM-HTFESZVLWTQSALNIMQAT_113_DELIM-HTFESZVLWTQSALNIMQAT_2020                     0.00%    passed     97.73%
 343  B_DELIM-HTFESZVLWTQSALNIMQAT_SouthAfrica_DELIM-HTFESZVLWTQSALNIMQAT_10097_DELIM-HTFESZVLWTQSALNIMQAT_2021             0.00%    passed     99.55%
 344  B_DELIM-HTFESZVLWTQSALNIMQAT_Nagasaki_DELIM-HTFESZVLWTQSALNIMQAT_635_DELIM-HTFESZVLWTQSALNIMQAT_2018                  2.96%    passed     99.74%
 345  B_DELIM-HTFESZVLWTQSALNIMQAT_India_DELIM-HTFESZVLWTQSALNIMQAT_4194_DELIM-HTFESZVLWTQSALNIMQAT_2018                    0.00%    passed     99.81%
 346  B_DELIM-HTFESZVLWTQSALNIMQAT_Madagascar_DELIM-HTFESZVLWTQSALNIMQAT_893_DELIM-HTFESZVLWTQSALNIMQAT_2019                0.00%    passed     99.60%
 347  B_DELIM-HTFESZVLWTQSALNIMQAT_Memphis_DELIM-HTFESZVLWTQSALNIMQAT_5_DELIM-HTFESZVLWTQSALNIMQAT_1993                     2.96%    passed     98.62%
 348  B_DELIM-HTFESZVLWTQSALNIMQAT_Netherlands_DELIM-HTFESZVLWTQSALNIMQAT_10007_DELIM-HTFESZVLWTQSALNIMQAT_2021             2.96%    passed     98.68%
 349  B_DELIM-HTFESZVLWTQSALNIMQAT_Togo_DELIM-HTFESZVLWTQSALNIMQAT_752_DELIM-HTFESZVLWTQSALNIMQAT_2019                      0.00%    passed     99.97%
 350  B_DELIM-HTFESZVLWTQSALNIMQAT_Djibouti_DELIM-HTFESZVLWTQSALNIMQAT_IP1157_DELIM-HTFESZVLWTQSALNIMQAT_2012               2.96%    passed     99.19%
 351  B_DELIM-HTFESZVLWTQSALNIMQAT_Texas_DELIM-HTFESZVLWTQSALNIMQAT_2_DELIM-HTFESZVLWTQSALNIMQAT_2013                       2.32%    passed     99.96%
 352  B_DELIM-HTFESZVLWTQSALNIMQAT_Malaysia_DELIM-HTFESZVLWTQSALNIMQAT_1781325_DELIM-HTFESZVLWTQSALNIMQAT_2007              0.00%    passed     99.32%
 353  B_DELIM-HTFESZVLWTQSALNIMQAT_Chile_DELIM-HTFESZVLWTQSALNIMQAT_8427_DELIM-HTFESZVLWTQSALNIMQAT_2019                    0.00%    passed    100.00%
 354  B_DELIM-HTFESZVLWTQSALNIMQAT_NewHampshire_DELIM-HTFESZVLWTQSALNIMQAT_1_DELIM-HTFESZVLWTQSALNIMQAT_2021                0.00%    passed     99.96%
 355  B_DELIM-HTFESZVLWTQSALNIMQAT_Victoria_DELIM-HTFESZVLWTQSALNIMQAT_532_DELIM-HTFESZVLWTQSALNIMQAT_2005                  0.39%    passed     99.78%
 356  B_DELIM-HTFESZVLWTQSALNIMQAT_NewYork_DELIM-HTFESZVLWTQSALNIMQAT_24_DELIM-HTFESZVLWTQSALNIMQAT_1993                    0.34%    passed     96.38%
 357  B_DELIM-HTFESZVLWTQSALNIMQAT_Venezuela_DELIM-HTFESZVLWTQSALNIMQAT_2_DELIM-HTFESZVLWTQSALNIMQAT_2016                   0.00%    passed     99.89%
 358  B_DELIM-HTFESZVLWTQSALNIMQAT_Argentina_DELIM-HTFESZVLWTQSALNIMQAT_2802_DELIM-HTFESZVLWTQSALNIMQAT_2019                0.00%    passed    100.00%
 359  B_DELIM-HTFESZVLWTQSALNIMQAT_Paris_DELIM-HTFESZVLWTQSALNIMQAT_2659_DELIM-HTFESZVLWTQSALNIMQAT_2018                    0.00%    passed     99.96%
 360  B_DELIM-HTFESZVLWTQSALNIMQAT_Jiangxi-Zhushan_DELIM-HTFESZVLWTQSALNIMQAT_1769_DELIM-HTFESZVLWTQSALNIMQAT_2020          0.00%    passed     99.97%
 361  B_DELIM-HTFESZVLWTQSALNIMQAT_Fukushima_DELIM-HTFESZVLWTQSALNIMQAT_67_DELIM-HTFESZVLWTQSALNIMQAT_2016                  2.96%    passed     99.99%
 362  B_DELIM-HTFESZVLWTQSALNIMQAT_Singapore_DELIM-HTFESZVLWTQSALNIMQAT_TT0476_DELIM-HTFESZVLWTQSALNIMQAT_2017              2.96%    passed     99.96%
 363  B_DELIM-HTFESZVLWTQSALNIMQAT_Lao_DELIM-HTFESZVLWTQSALNIMQAT_935_DELIM-HTFESZVLWTQSALNIMQAT_2020                       0.00%    passed    100.00%
 364  B_DELIM-HTFESZVLWTQSALNIMQAT_India_DELIM-HTFESZVLWTQSALNIMQAT_5275_DELIM-HTFESZVLWTQSALNIMQAT_2016                    0.00%    passed     99.70%
 365  B_DELIM-HTFESZVLWTQSALNIMQAT_Victoria_DELIM-HTFESZVLWTQSALNIMQAT_503_DELIM-HTFESZVLWTQSALNIMQAT_2010                  2.84%    passed     99.98%
 366  B_DELIM-HTFESZVLWTQSALNIMQAT_Congo_DELIM-HTFESZVLWTQSALNIMQAT_268_DELIM-HTFESZVLWTQSALNIMQAT_2019                     0.00%    passed     99.77%
 367  B_DELIM-HTFESZVLWTQSALNIMQAT_Guatemala_DELIM-HTFESZVLWTQSALNIMQAT_52_DELIM-HTFESZVLWTQSALNIMQAT_2012                  3.35%    passed     98.44%
 368  B_DELIM-HTFESZVLWTQSALNIMQAT_Taiwan_DELIM-HTFESZVLWTQSALNIMQAT_197_DELIM-HTFESZVLWTQSALNIMQAT_2015                    3.01%    passed     99.35%
 369  B_DELIM-HTFESZVLWTQSALNIMQAT_Brisbane_DELIM-HTFESZVLWTQSALNIMQAT_90_DELIM-HTFESZVLWTQSALNIMQAT_2005                   0.21%    passed     99.81%
 370  B_DELIM-HTFESZVLWTQSALNIMQAT_AbuDhabi_DELIM-HTFESZVLWTQSALNIMQAT_27_DELIM-HTFESZVLWTQSALNIMQAT_2019                   0.04%    passed     99.68%
 371  B_DELIM-HTFESZVLWTQSALNIMQAT_Sydney_DELIM-HTFESZVLWTQSALNIMQAT_3_DELIM-HTFESZVLWTQSALNIMQAT_2009                      0.00%    passed     99.38%
 372  B_DELIM-HTFESZVLWTQSALNIMQAT_HongKong_DELIM-HTFESZVLWTQSALNIMQAT_22_DELIM-HTFESZVLWTQSALNIMQAT_2001                   0.34%    passed     97.69%
 373  B_DELIM-HTFESZVLWTQSALNIMQAT_Niigata-C_DELIM-HTFESZVLWTQSALNIMQAT_6_DELIM-HTFESZVLWTQSALNIMQAT_2019                   0.00%    passed     99.94%
 374  B_DELIM-HTFESZVLWTQSALNIMQAT_Indonesia_DELIM-HTFESZVLWTQSALNIMQAT_Nihrd-Lpg584_DELIM-HTFESZVLWTQSALNIMQAT_2017        0.00%    passed     99.34%
 375  B_DELIM-HTFESZVLWTQSALNIMQAT_Jordan_DELIM-HTFESZVLWTQSALNIMQAT_30014_DELIM-HTFESZVLWTQSALNIMQAT_2012                  2.96%    passed     99.19%
 376  B_DELIM-HTFESZVLWTQSALNIMQAT_Sydney_DELIM-HTFESZVLWTQSALNIMQAT_86_DELIM-HTFESZVLWTQSALNIMQAT_2002                     0.39%    passed     99.32%
 377  B_DELIM-HTFESZVLWTQSALNIMQAT_Kuwait_DELIM-HTFESZVLWTQSALNIMQAT_8794_DELIM-HTFESZVLWTQSALNIMQAT_2018                   0.00%    passed     98.83%
 378  B_DELIM-HTFESZVLWTQSALNIMQAT_Argentina_DELIM-HTFESZVLWTQSALNIMQAT_6_DELIM-HTFESZVLWTQSALNIMQAT_2017                   0.00%    passed     99.37%
 379  B_DELIM-HTFESZVLWTQSALNIMQAT_Nepal_DELIM-HTFESZVLWTQSALNIMQAT_598_DELIM-HTFESZVLWTQSALNIMQAT_2016                     0.00%    passed     99.62%
 380  B_DELIM-HTFESZVLWTQSALNIMQAT_Nigeria_DELIM-HTFESZVLWTQSALNIMQAT_3352_DELIM-HTFESZVLWTQSALNIMQAT_2018                  0.00%    passed     99.87%
 381  B_DELIM-HTFESZVLWTQSALNIMQAT_Mexico_DELIM-HTFESZVLWTQSALNIMQAT_209_DELIM-HTFESZVLWTQSALNIMQAT_2017                    0.00%    passed     99.39%
 382  B_DELIM-HTFESZVLWTQSALNIMQAT_Hunan-Yuhua_DELIM-HTFESZVLWTQSALNIMQAT_11986_DELIM-HTFESZVLWTQSALNIMQAT_2017             0.00%    passed     99.87%
 383  B_DELIM-HTFESZVLWTQSALNIMQAT_Louisiana_DELIM-HTFESZVLWTQSALNIMQAT_16_DELIM-HTFESZVLWTQSALNIMQAT_2019                  0.00%    passed     99.58%
 384  B_DELIM-HTFESZVLWTQSALNIMQAT_Yaounde_DELIM-HTFESZVLWTQSALNIMQAT_11V-20231_DELIM-HTFESZVLWTQSALNIMQAT_2011             2.96%    passed     98.77%
 385  B_DELIM-HTFESZVLWTQSALNIMQAT_BurkinaFaso_DELIM-HTFESZVLWTQSALNIMQAT_164_DELIM-HTFESZVLWTQSALNIMQAT_2017               0.00%    passed     99.87%
 386  B_DELIM-HTFESZVLWTQSALNIMQAT_Bangladesh_DELIM-HTFESZVLWTQSALNIMQAT_524_DELIM-HTFESZVLWTQSALNIMQAT_2019                0.00%    passed     99.79%
 387  B_DELIM-HTFESZVLWTQSALNIMQAT_Bangladesh_DELIM-HTFESZVLWTQSALNIMQAT_1696_DELIM-HTFESZVLWTQSALNIMQAT_2019               0.00%    passed     99.62%
 388  B_DELIM-HTFESZVLWTQSALNIMQAT_Togo_DELIM-HTFESZVLWTQSALNIMQAT_750_DELIM-HTFESZVLWTQSALNIMQAT_2019                      0.00%    passed     99.96%
 389  B_DELIM-HTFESZVLWTQSALNIMQAT_Honduras_DELIM-HTFESZVLWTQSALNIMQAT_3676_DELIM-HTFESZVLWTQSALNIMQAT_2021                 0.04%    passed     99.65%
 390  B_DELIM-HTFESZVLWTQSALNIMQAT_England_DELIM-HTFESZVLWTQSALNIMQAT_507_DELIM-HTFESZVLWTQSALNIMQAT_2012                   2.96%    passed     97.79%
 391  B_DELIM-HTFESZVLWTQSALNIMQAT_California_DELIM-HTFESZVLWTQSALNIMQAT_87_DELIM-HTFESZVLWTQSALNIMQAT_2017                 0.00%    passed     99.97%
 392  B_DELIM-HTFESZVLWTQSALNIMQAT_Guatemala_DELIM-HTFESZVLWTQSALNIMQAT_817_DELIM-HTFESZVLWTQSALNIMQAT_2020                 0.00%    passed     99.95%
 393  B_DELIM-HTFESZVLWTQSALNIMQAT_SouthAfrica_DELIM-HTFESZVLWTQSALNIMQAT_5994_DELIM-HTFESZVLWTQSALNIMQAT_2015              0.00%    passed     99.71%
 394  B_DELIM-HTFESZVLWTQSALNIMQAT_Malaysia_DELIM-HTFESZVLWTQSALNIMQAT_30743_DELIM-HTFESZVLWTQSALNIMQAT_2005                0.00%    passed     99.72%
 395  B_DELIM-HTFESZVLWTQSALNIMQAT_Bahrain_DELIM-HTFESZVLWTQSALNIMQAT_157_DELIM-HTFESZVLWTQSALNIMQAT_2021                   0.00%    passed     99.83%
 396  B_DELIM-HTFESZVLWTQSALNIMQAT_Washington_DELIM-HTFESZVLWTQSALNIMQAT_2_DELIM-HTFESZVLWTQSALNIMQAT_2019                  0.00%    passed     99.79%
 397  B_DELIM-HTFESZVLWTQSALNIMQAT_NewYork_DELIM-HTFESZVLWTQSALNIMQAT_1075_DELIM-HTFESZVLWTQSALNIMQAT_2005                  0.21%    passed     99.91%
 398  B_DELIM-HTFESZVLWTQSALNIMQAT_NewYork_DELIM-HTFESZVLWTQSALNIMQAT_1394_DELIM-HTFESZVLWTQSALNIMQAT_2003                  0.34%    passed     99.93%
 399  B_DELIM-HTFESZVLWTQSALNIMQAT_Congo_DELIM-HTFESZVLWTQSALNIMQAT_144_DELIM-HTFESZVLWTQSALNIMQAT_2017                     0.00%    passed     99.70%
 400  B_DELIM-HTFESZVLWTQSALNIMQAT_Brisbane_DELIM-HTFESZVLWTQSALNIMQAT_13_DELIM-HTFESZVLWTQSALNIMQAT_2011                   2.84%    passed     98.81%
 401  B_DELIM-HTFESZVLWTQSALNIMQAT_Lulea_DELIM-HTFESZVLWTQSALNIMQAT_1_DELIM-HTFESZVLWTQSALNIMQAT_2019                       2.96%    passed     98.99%
 402  B_DELIM-HTFESZVLWTQSALNIMQAT_Christchurch_DELIM-HTFESZVLWTQSALNIMQAT_4_DELIM-HTFESZVLWTQSALNIMQAT_2006                0.00%    passed     99.89%
 403  B_DELIM-HTFESZVLWTQSALNIMQAT_RioGrandeDoNorte_DELIM-HTFESZVLWTQSALNIMQAT_140530_DELIM-HTFESZVLWTQSALNIMQAT_2016       0.00%    passed     99.39%
 404  B_DELIM-HTFESZVLWTQSALNIMQAT_Bahrain_DELIM-HTFESZVLWTQSALNIMQAT_232_DELIM-HTFESZVLWTQSALNIMQAT_2019                   0.00%    passed    100.00%
 405  B_DELIM-HTFESZVLWTQSALNIMQAT_Sydney_DELIM-HTFESZVLWTQSALNIMQAT_6_DELIM-HTFESZVLWTQSALNIMQAT_2002                      1.25%    passed     99.79%
 406  B_DELIM-HTFESZVLWTQSALNIMQAT_Bahia_DELIM-HTFESZVLWTQSALNIMQAT_128_DELIM-HTFESZVLWTQSALNIMQAT_2017                     0.04%    passed     98.32%
 407  B_DELIM-HTFESZVLWTQSALNIMQAT_BurkinaFaso_DELIM-HTFESZVLWTQSALNIMQAT_13_DELIM-HTFESZVLWTQSALNIMQAT_2017                0.00%    passed     99.65%
 408  B_DELIM-HTFESZVLWTQSALNIMQAT_Connecticut_DELIM-HTFESZVLWTQSALNIMQAT_5_DELIM-HTFESZVLWTQSALNIMQAT_2019                 0.00%    passed     99.95%
 409  B_DELIM-HTFESZVLWTQSALNIMQAT_Auckland_DELIM-HTFESZVLWTQSALNIMQAT_1_DELIM-HTFESZVLWTQSALNIMQAT_2003                    0.34%    passed     99.83%
 410  B_DELIM-HTFESZVLWTQSALNIMQAT_SuratThani_DELIM-HTFESZVLWTQSALNIMQAT_83_DELIM-HTFESZVLWTQSALNIMQAT_2019                 0.00%    passed     98.24%
 411  B_DELIM-HTFESZVLWTQSALNIMQAT_AbuDhabi_DELIM-HTFESZVLWTQSALNIMQAT_43_DELIM-HTFESZVLWTQSALNIMQAT_2019                   0.00%    passed     99.90%
 412  B_DELIM-HTFESZVLWTQSALNIMQAT_Stockholm_DELIM-HTFESZVLWTQSALNIMQAT_6_DELIM-HTFESZVLWTQSALNIMQAT_2014                   2.96%    passed     99.51%
 413  B_DELIM-HTFESZVLWTQSALNIMQAT_Brisbane_DELIM-HTFESZVLWTQSALNIMQAT_18_DELIM-HTFESZVLWTQSALNIMQAT_2013                   2.79%    passed     99.58%
 414  B_DELIM-HTFESZVLWTQSALNIMQAT_Bahrain_DELIM-HTFESZVLWTQSALNIMQAT_921_DELIM-HTFESZVLWTQSALNIMQAT_2015                   0.00%    passed     99.95%
 415  B_DELIM-HTFESZVLWTQSALNIMQAT_Malaysia_DELIM-HTFESZVLWTQSALNIMQAT_30238_DELIM-HTFESZVLWTQSALNIMQAT_2004                0.00%    passed     99.61%
 416  B_DELIM-HTFESZVLWTQSALNIMQAT_RhodeIsland_DELIM-HTFESZVLWTQSALNIMQAT_6_DELIM-HTFESZVLWTQSALNIMQAT_2021                 0.00%    passed     99.95%
 417  B_DELIM-HTFESZVLWTQSALNIMQAT_Bangladesh_DELIM-HTFESZVLWTQSALNIMQAT_2025_DELIM-HTFESZVLWTQSALNIMQAT_2017               0.00%    passed     99.39%
 418  B_DELIM-HTFESZVLWTQSALNIMQAT_Florida_DELIM-HTFESZVLWTQSALNIMQAT_1_DELIM-HTFESZVLWTQSALNIMQAT_2021                     0.04%    passed     99.70%
 419  B_DELIM-HTFESZVLWTQSALNIMQAT_Madagascar_DELIM-HTFESZVLWTQSALNIMQAT_1593_DELIM-HTFESZVLWTQSALNIMQAT_2012               2.96%    passed     97.44%
 420  B_DELIM-HTFESZVLWTQSALNIMQAT_Paraguay_DELIM-HTFESZVLWTQSALNIMQAT_5133_DELIM-HTFESZVLWTQSALNIMQAT_2015                 2.32%    passed     99.87%
 421  B_DELIM-HTFESZVLWTQSALNIMQAT_Paraguay_DELIM-HTFESZVLWTQSALNIMQAT_9900_DELIM-HTFESZVLWTQSALNIMQAT_2014                 2.36%    passed     99.63%
 422  B_DELIM-HTFESZVLWTQSALNIMQAT_HongKong_DELIM-HTFESZVLWTQSALNIMQAT_28_DELIM-HTFESZVLWTQSALNIMQAT_2001                   0.00%    passed     98.00%
 423  B_DELIM-HTFESZVLWTQSALNIMQAT_AbuDhabi_DELIM-HTFESZVLWTQSALNIMQAT_110_DELIM-HTFESZVLWTQSALNIMQAT_2019                  0.00%    passed     99.64%
 424  B_DELIM-HTFESZVLWTQSALNIMQAT_CoteDIvoire_DELIM-HTFESZVLWTQSALNIMQAT_1795_DELIM-HTFESZVLWTQSALNIMQAT_2019              0.00%    passed     99.50%
 425  B_DELIM-HTFESZVLWTQSALNIMQAT_Houston_DELIM-HTFESZVLWTQSALNIMQAT_B77_DELIM-HTFESZVLWTQSALNIMQAT_2002                   0.17%    passed     99.91%
 426  B_DELIM-HTFESZVLWTQSALNIMQAT_Qinghai-Gangcha_DELIM-HTFESZVLWTQSALNIMQAT_1226_DELIM-HTFESZVLWTQSALNIMQAT_2018          0.00%    passed     99.42%
 427  B_DELIM-HTFESZVLWTQSALNIMQAT_Haiti_DELIM-HTFESZVLWTQSALNIMQAT_70747_DELIM-HTFESZVLWTQSALNIMQAT_2021                   0.04%    passed     99.63%
 428  B_DELIM-HTFESZVLWTQSALNIMQAT_NewYork_DELIM-HTFESZVLWTQSALNIMQAT_11_DELIM-HTFESZVLWTQSALNIMQAT_2018                    0.00%    passed     99.98%
 429  B_DELIM-HTFESZVLWTQSALNIMQAT_Abudhabi_DELIM-HTFESZVLWTQSALNIMQAT_61_DELIM-HTFESZVLWTQSALNIMQAT_2019                   0.00%    passed     99.52%
 430  B_DELIM-HTFESZVLWTQSALNIMQAT_Ohio_DELIM-HTFESZVLWTQSALNIMQAT_5_DELIM-HTFESZVLWTQSALNIMQAT_2019                        0.00%    passed     99.94%
 431  B_DELIM-HTFESZVLWTQSALNIMQAT_Brazil_DELIM-HTFESZVLWTQSALNIMQAT_27_DELIM-HTFESZVLWTQSALNIMQAT_2016                     0.00%    passed     99.45%
 432  B_DELIM-HTFESZVLWTQSALNIMQAT_Sichuan-Jingyang_DELIM-HTFESZVLWTQSALNIMQAT_12048_DELIM-HTFESZVLWTQSALNIMQAT_2019        0.00%    passed     99.99%
 433  B_DELIM-HTFESZVLWTQSALNIMQAT_SouthAfrica_DELIM-HTFESZVLWTQSALNIMQAT_1921_DELIM-HTFESZVLWTQSALNIMQAT_2020              2.96%    passed     99.66%
 434  B_DELIM-HTFESZVLWTQSALNIMQAT_Kyiv_DELIM-HTFESZVLWTQSALNIMQAT_196_DELIM-HTFESZVLWTQSALNIMQAT_2017                      0.00%    passed     99.42%
 435  B_DELIM-HTFESZVLWTQSALNIMQAT_Kenya_DELIM-HTFESZVLWTQSALNIMQAT_131_DELIM-HTFESZVLWTQSALNIMQAT_2021                     0.00%    passed     99.98%
 436  B_DELIM-HTFESZVLWTQSALNIMQAT_Myanmar_DELIM-HTFESZVLWTQSALNIMQAT_18M348_DELIM-HTFESZVLWTQSALNIMQAT_2018                2.96%    passed     99.89%
 437  B_DELIM-HTFESZVLWTQSALNIMQAT_Montana_DELIM-HTFESZVLWTQSALNIMQAT_2_DELIM-HTFESZVLWTQSALNIMQAT_2022                     0.00%    passed     99.24%
 438  B_DELIM-HTFESZVLWTQSALNIMQAT_Osaka_DELIM-HTFESZVLWTQSALNIMQAT_547_DELIM-HTFESZVLWTQSALNIMQAT_1997                     0.00%    passed     99.08%
 439  B_DELIM-HTFESZVLWTQSALNIMQAT_Congo_DELIM-HTFESZVLWTQSALNIMQAT_94_DELIM-HTFESZVLWTQSALNIMQAT_2017                      0.00%    passed     99.70%
 440  B_DELIM-HTFESZVLWTQSALNIMQAT_Guangdong_DELIM-HTFESZVLWTQSALNIMQAT_5_DELIM-HTFESZVLWTQSALNIMQAT_1994                   2.96%    passed     96.53%
 441  B_DELIM-HTFESZVLWTQSALNIMQAT_England_DELIM-HTFESZVLWTQSALNIMQAT_65_DELIM-HTFESZVLWTQSALNIMQAT_2017                    2.96%    passed     99.68%
 442  B_DELIM-HTFESZVLWTQSALNIMQAT_Kenya_DELIM-HTFESZVLWTQSALNIMQAT_115_DELIM-HTFESZVLWTQSALNIMQAT_2022                     0.00%    passed     99.94%
 443  B_DELIM-HTFESZVLWTQSALNIMQAT_Sydney_DELIM-HTFESZVLWTQSALNIMQAT_504_DELIM-HTFESZVLWTQSALNIMQAT_2007                    0.34%    passed     99.85%
 444  B_DELIM-HTFESZVLWTQSALNIMQAT_HongKong_DELIM-HTFESZVLWTQSALNIMQAT_6_DELIM-HTFESZVLWTQSALNIMQAT_2013                    2.96%    passed     99.94%
 445  B_DELIM-HTFESZVLWTQSALNIMQAT_AbuDhabi_DELIM-HTFESZVLWTQSALNIMQAT_40_DELIM-HTFESZVLWTQSALNIMQAT_2019                   0.00%    passed     99.99%
 446  B_DELIM-HTFESZVLWTQSALNIMQAT_Yaroslavl_DELIM-HTFESZVLWTQSALNIMQAT_4_DELIM-HTFESZVLWTQSALNIMQAT_2015                   2.32%    passed     99.99%
 447  B_DELIM-HTFESZVLWTQSALNIMQAT_Argentina_DELIM-HTFESZVLWTQSALNIMQAT_100_DELIM-HTFESZVLWTQSALNIMQAT_2020                 0.00%    passed     99.87%
 448  B_DELIM-HTFESZVLWTQSALNIMQAT_ElSalvador_DELIM-HTFESZVLWTQSALNIMQAT_875_DELIM-HTFESZVLWTQSALNIMQAT_2018                0.00%    passed     99.74%
 449  B_DELIM-HTFESZVLWTQSALNIMQAT_Sergipe_DELIM-HTFESZVLWTQSALNIMQAT_13457_DELIM-HTFESZVLWTQSALNIMQAT_2020                 0.00%    passed     99.79%
 450  B_DELIM-HTFESZVLWTQSALNIMQAT_California_DELIM-HTFESZVLWTQSALNIMQAT_NHRC0005_DELIM-HTFESZVLWTQSALNIMQAT_2003           0.00%    passed     99.90%
 451  B_DELIM-HTFESZVLWTQSALNIMQAT_Mozambique_DELIM-HTFESZVLWTQSALNIMQAT_181_DELIM-HTFESZVLWTQSALNIMQAT_2016                0.00%    passed     99.81%
 452  B_DELIM-HTFESZVLWTQSALNIMQAT_Netherlands_DELIM-HTFESZVLWTQSALNIMQAT_10484_DELIM-HTFESZVLWTQSALNIMQAT_2022             2.96%    passed     98.59%
 453  B_DELIM-HTFESZVLWTQSALNIMQAT_Thailand_DELIM-HTFESZVLWTQSALNIMQAT_CU-B7337_DELIM-HTFESZVLWTQSALNIMQAT_2012             2.96%    passed     97.32%
 454  B_DELIM-HTFESZVLWTQSALNIMQAT_Stockholm_DELIM-HTFESZVLWTQSALNIMQAT_3_DELIM-HTFESZVLWTQSALNIMQAT_2021                   2.96%    passed     95.78%
 455  B_DELIM-HTFESZVLWTQSALNIMQAT_HongKong_DELIM-HTFESZVLWTQSALNIMQAT_744_DELIM-HTFESZVLWTQSALNIMQAT_2019                  0.00%    passed     99.90%
 456  B_DELIM-HTFESZVLWTQSALNIMQAT_Singapore_DELIM-HTFESZVLWTQSALNIMQAT_KK1535_DELIM-HTFESZVLWTQSALNIMQAT_2019              2.96%    passed     99.66%
 457  B_DELIM-HTFESZVLWTQSALNIMQAT_Aichi_DELIM-HTFESZVLWTQSALNIMQAT_62_DELIM-HTFESZVLWTQSALNIMQAT_2013                      2.96%    passed     99.77%
 458  B_DELIM-HTFESZVLWTQSALNIMQAT_SriLanka_DELIM-HTFESZVLWTQSALNIMQAT_30_DELIM-HTFESZVLWTQSALNIMQAT_2019                   2.96%    passed     99.19%
 459  B_DELIM-HTFESZVLWTQSALNIMQAT_Para_DELIM-HTFESZVLWTQSALNIMQAT_181912-IEC_DELIM-HTFESZVLWTQSALNIMQAT_2022               0.00%    passed     99.95%
 460  B_DELIM-HTFESZVLWTQSALNIMQAT_Oman_DELIM-HTFESZVLWTQSALNIMQAT_5113_DELIM-HTFESZVLWTQSALNIMQAT_2016                     0.00%    passed     99.90%
 461  B_DELIM-HTFESZVLWTQSALNIMQAT_Afghanistan_DELIM-HTFESZVLWTQSALNIMQAT_70_DELIM-HTFESZVLWTQSALNIMQAT_2020                0.00%    passed     99.99%
 462  B_DELIM-HTFESZVLWTQSALNIMQAT_Texas_DELIM-HTFESZVLWTQSALNIMQAT_3_DELIM-HTFESZVLWTQSALNIMQAT_2021                       0.00%    passed     99.98%
 463  B_DELIM-HTFESZVLWTQSALNIMQAT_Kitakyushu_DELIM-HTFESZVLWTQSALNIMQAT_3_DELIM-HTFESZVLWTQSALNIMQAT_2019                  2.96%    passed     99.87%
 464  B_DELIM-HTFESZVLWTQSALNIMQAT_Saipan_DELIM-HTFESZVLWTQSALNIMQAT_1052_DELIM-HTFESZVLWTQSALNIMQAT_2019                   0.04%    passed     99.99%
 465  B_DELIM-HTFESZVLWTQSALNIMQAT_Victoria_DELIM-HTFESZVLWTQSALNIMQAT_500_DELIM-HTFESZVLWTQSALNIMQAT_2002                  0.00%    passed     99.89%
 466  B_DELIM-HTFESZVLWTQSALNIMQAT_Darwin_DELIM-HTFESZVLWTQSALNIMQAT_7_DELIM-HTFESZVLWTQSALNIMQAT_2021                      2.96%    passed     97.00%
 467  B_DELIM-HTFESZVLWTQSALNIMQAT_Bahrain_DELIM-HTFESZVLWTQSALNIMQAT_323_DELIM-HTFESZVLWTQSALNIMQAT_2018                   0.04%    passed     99.72%
 468  B_DELIM-HTFESZVLWTQSALNIMQAT_HongKong_DELIM-HTFESZVLWTQSALNIMQAT_286_DELIM-HTFESZVLWTQSALNIMQAT_2017                  0.00%    passed     98.88%
 469  B_DELIM-HTFESZVLWTQSALNIMQAT_Israel_DELIM-HTFESZVLWTQSALNIMQAT_95_DELIM-HTFESZVLWTQSALNIMQAT_2003                     4.77%    passed     94.24%
 470  B_DELIM-HTFESZVLWTQSALNIMQAT_Guizhou-Douyun_DELIM-HTFESZVLWTQSALNIMQAT_11021_DELIM-HTFESZVLWTQSALNIMQAT_2020          0.00%    passed     99.97%
 471  B_DELIM-HTFESZVLWTQSALNIMQAT_Alaska_DELIM-HTFESZVLWTQSALNIMQAT_7_DELIM-HTFESZVLWTQSALNIMQAT_2018                      0.00%    passed    100.00%
 472  B_DELIM-HTFESZVLWTQSALNIMQAT_Phetchaburi_DELIM-HTFESZVLWTQSALNIMQAT_177_DELIM-HTFESZVLWTQSALNIMQAT_2019               0.00%    passed     99.96%
 473  B_DELIM-HTFESZVLWTQSALNIMQAT_Bahrain_DELIM-HTFESZVLWTQSALNIMQAT_808_DELIM-HTFESZVLWTQSALNIMQAT_2016                   0.00%    passed     98.99%
 474  B_DELIM-HTFESZVLWTQSALNIMQAT_Niger_DELIM-HTFESZVLWTQSALNIMQAT_7633_DELIM-HTFESZVLWTQSALNIMQAT_2020                    0.00%    passed     99.65%
 475  B_DELIM-HTFESZVLWTQSALNIMQAT_Canberra_DELIM-HTFESZVLWTQSALNIMQAT_5_DELIM-HTFESZVLWTQSALNIMQAT_2019                    0.04%    passed     99.63%
 476  B_DELIM-HTFESZVLWTQSALNIMQAT_Santiago_DELIM-HTFESZVLWTQSALNIMQAT_107979_DELIM-HTFESZVLWTQSALNIMQAT_2018               0.00%    passed     99.73%
 477  B_DELIM-HTFESZVLWTQSALNIMQAT_HongKong_DELIM-HTFESZVLWTQSALNIMQAT_70_DELIM-HTFESZVLWTQSALNIMQAT_1996                   0.00%    passed     99.60%
 478  B_DELIM-HTFESZVLWTQSALNIMQAT_Yamagata_DELIM-HTFESZVLWTQSALNIMQAT_29_DELIM-HTFESZVLWTQSALNIMQAT_2020                   2.96%    passed     99.84%
 479  B_DELIM-HTFESZVLWTQSALNIMQAT_NewZealand_DELIM-HTFESZVLWTQSALNIMQAT_2386_DELIM-HTFESZVLWTQSALNIMQAT_2016               0.00%    passed     99.71%
 480  B_DELIM-HTFESZVLWTQSALNIMQAT_SouthAuckland_DELIM-HTFESZVLWTQSALNIMQAT_3_DELIM-HTFESZVLWTQSALNIMQAT_2011               0.39%    passed     98.46%
 481  B_DELIM-HTFESZVLWTQSALNIMQAT_Nigeria_DELIM-HTFESZVLWTQSALNIMQAT_5069_DELIM-HTFESZVLWTQSALNIMQAT_2020                  0.00%    passed     99.88%
 482  B_DELIM-HTFESZVLWTQSALNIMQAT_Tokyo_DELIM-HTFESZVLWTQSALNIMQAT_16088_DELIM-HTFESZVLWTQSALNIMQAT_2016                   2.96%    passed     99.66%
 483  B_DELIM-HTFESZVLWTQSALNIMQAT_Colombia_DELIM-HTFESZVLWTQSALNIMQAT_6181_DELIM-HTFESZVLWTQSALNIMQAT_2021                 0.00%    passed     99.99%
 484  B_DELIM-HTFESZVLWTQSALNIMQAT_Victoria_DELIM-HTFESZVLWTQSALNIMQAT_310_DELIM-HTFESZVLWTQSALNIMQAT_2005                  0.04%    passed     99.63%
 485  B_DELIM-HTFESZVLWTQSALNIMQAT_England_DELIM-HTFESZVLWTQSALNIMQAT_93320735_DELIM-HTFESZVLWTQSALNIMQAT_2019              2.96%    passed     99.01%
 486  B_DELIM-HTFESZVLWTQSALNIMQAT_Vietnam_DELIM-HTFESZVLWTQSALNIMQAT_6030_DELIM-HTFESZVLWTQSALNIMQAT_2016                  0.00%    passed     99.98%
 487  B_DELIM-HTFESZVLWTQSALNIMQAT_Ireland_DELIM-HTFESZVLWTQSALNIMQAT_12M17522_DELIM-HTFESZVLWTQSALNIMQAT_2012              2.96%    passed     98.63%
 488  B_DELIM-HTFESZVLWTQSALNIMQAT_Brisbane_DELIM-HTFESZVLWTQSALNIMQAT_99_DELIM-HTFESZVLWTQSALNIMQAT_2005                   1.12%    passed     99.55%
 489  B_DELIM-HTFESZVLWTQSALNIMQAT_Paraguay_DELIM-HTFESZVLWTQSALNIMQAT_4209_DELIM-HTFESZVLWTQSALNIMQAT_2018                 0.00%    passed     99.95%
 490  B_DELIM-HTFESZVLWTQSALNIMQAT_Nagano_DELIM-HTFESZVLWTQSALNIMQAT_2773_DELIM-HTFESZVLWTQSALNIMQAT_2019                   2.96%    passed     99.32%
 491  B_DELIM-HTFESZVLWTQSALNIMQAT_Yamagata_DELIM-HTFESZVLWTQSALNIMQAT_1_DELIM-HTFESZVLWTQSALNIMQAT_1973                    2.96%    passed     97.56%
 492  B_DELIM-HTFESZVLWTQSALNIMQAT_Maryland_DELIM-HTFESZVLWTQSALNIMQAT_24_DELIM-HTFESZVLWTQSALNIMQAT_2019                   0.00%    passed     99.65%
 493  B_DELIM-HTFESZVLWTQSALNIMQAT_SouthAfrica_DELIM-HTFESZVLWTQSALNIMQAT_9239_DELIM-HTFESZVLWTQSALNIMQAT_2021              0.00%    passed     99.96%
 494  B_DELIM-HTFESZVLWTQSALNIMQAT_Waikato_DELIM-HTFESZVLWTQSALNIMQAT_3_DELIM-HTFESZVLWTQSALNIMQAT_2002                     0.56%    passed     99.69%
 495  B_DELIM-HTFESZVLWTQSALNIMQAT_Sydney_DELIM-HTFESZVLWTQSALNIMQAT_74_DELIM-HTFESZVLWTQSALNIMQAT_2006                     0.00%    passed     99.95%
 496  B_DELIM-HTFESZVLWTQSALNIMQAT_Montana_DELIM-HTFESZVLWTQSALNIMQAT_18_DELIM-HTFESZVLWTQSALNIMQAT_2015                    2.32%    passed    100.00%
 497  B_DELIM-HTFESZVLWTQSALNIMQAT_Brisbane_DELIM-HTFESZVLWTQSALNIMQAT_4_DELIM-HTFESZVLWTQSALNIMQAT_2007                    1.16%    passed     99.04%
 498  B_DELIM-HTFESZVLWTQSALNIMQAT_RhodeIsland_DELIM-HTFESZVLWTQSALNIMQAT_1_DELIM-HTFESZVLWTQSALNIMQAT_2022                 0.00%    passed     99.94%
 499  B_DELIM-HTFESZVLWTQSALNIMQAT_Sydney_DELIM-HTFESZVLWTQSALNIMQAT_2_DELIM-HTFESZVLWTQSALNIMQAT_2009                      2.96%    passed     98.15%
 500  B_DELIM-HTFESZVLWTQSALNIMQAT_Maryland_DELIM-HTFESZVLWTQSALNIMQAT_1_DELIM-HTFESZVLWTQSALNIMQAT_2021                    0.00%    passed     99.76%
 501  B_DELIM-HTFESZVLWTQSALNIMQAT_Jiangxi-Donghu_DELIM-HTFESZVLWTQSALNIMQAT_11366_DELIM-HTFESZVLWTQSALNIMQAT_2020          0.00%    passed     99.97%
 502  B_DELIM-HTFESZVLWTQSALNIMQAT_Netherlands_DELIM-HTFESZVLWTQSALNIMQAT_10939_DELIM-HTFESZVLWTQSALNIMQAT_2022             2.96%    passed     98.39%
****  TOTAL                                                                                                                 0.82%  0 sequences failed composition chi2 test (p-value<5%; df=3)
NOTE: B_DELIM-HTFESZVLWTQSALNIMQAT_Arkansas_DELIM-HTFESZVLWTQSALNIMQAT_10_DELIM-HTFESZVLWTQSALNIMQAT_2016 is identical to B_DELIM-HTFESZVLWTQSALNIMQAT_Arkansas_DELIM-HTFESZVLWTQSALNIMQAT_6_DELIM-HTFESZVLWTQSALNIMQAT_2016 but kept for subsequent analysis
NOTE: B_DELIM-HTFESZVLWTQSALNIMQAT_Lao_DELIM-HTFESZVLWTQSALNIMQAT_F1664_DELIM-HTFESZVLWTQSALNIMQAT_2017 is identical to B_DELIM-HTFESZVLWTQSALNIMQAT_Lao_DELIM-HTFESZVLWTQSALNIMQAT_2106_DELIM-HTFESZVLWTQSALNIMQAT_2017 but kept for subsequent analysis
NOTE: B_DELIM-HTFESZVLWTQSALNIMQAT_Netherlands_DELIM-HTFESZVLWTQSALNIMQAT_10484_DELIM-HTFESZVLWTQSALNIMQAT_2022 is identical to B_DELIM-HTFESZVLWTQSALNIMQAT_Lisbon_DELIM-HTFESZVLWTQSALNIMQAT_5_DELIM-HTFESZVLWTQSALNIMQAT_2021 but kept for subsequent analysis
NOTE: B_DELIM-HTFESZVLWTQSALNIMQAT_Sydney_DELIM-HTFESZVLWTQSALNIMQAT_2_DELIM-HTFESZVLWTQSALNIMQAT_2002 is identical to B_DELIM-HTFESZVLWTQSALNIMQAT_Sydney_DELIM-HTFESZVLWTQSALNIMQAT_1_DELIM-HTFESZVLWTQSALNIMQAT_2002 but kept for subsequent analysis
NOTE: B_DELIM-HTFESZVLWTQSALNIMQAT_Bangladesh_DELIM-HTFESZVLWTQSALNIMQAT_1190903008_DELIM-HTFESZVLWTQSALNIMQAT_2019 is identical to B_DELIM-HTFESZVLWTQSALNIMQAT_India_DELIM-HTFESZVLWTQSALNIMQAT_4060_DELIM-HTFESZVLWTQSALNIMQAT_2020 but kept for subsequent analysis
NOTE: B_DELIM-HTFESZVLWTQSALNIMQAT_Nonthaburi_DELIM-HTFESZVLWTQSALNIMQAT_351_DELIM-HTFESZVLWTQSALNIMQAT_2018 is identical to B_DELIM-HTFESZVLWTQSALNIMQAT_Ayutthaya_DELIM-HTFESZVLWTQSALNIMQAT_118_DELIM-HTFESZVLWTQSALNIMQAT_2019 but kept for subsequent analysis
NOTE: B_DELIM-HTFESZVLWTQSALNIMQAT_Madagascar_DELIM-HTFESZVLWTQSALNIMQAT_893_DELIM-HTFESZVLWTQSALNIMQAT_2019 is identical to B_DELIM-HTFESZVLWTQSALNIMQAT_Mozambique_DELIM-HTFESZVLWTQSALNIMQAT_203_DELIM-HTFESZVLWTQSALNIMQAT_2019 but kept for subsequent analysis
NOTE: B_DELIM-HTFESZVLWTQSALNIMQAT_Jiangxi-Donghu_DELIM-HTFESZVLWTQSALNIMQAT_11421_DELIM-HTFESZVLWTQSALNIMQAT_2020 is identical to B_DELIM-HTFESZVLWTQSALNIMQAT_Jiangxi-Donghu_DELIM-HTFESZVLWTQSALNIMQAT_11572_DELIM-HTFESZVLWTQSALNIMQAT_2020 but kept for subsequent analysis
NOTE: B_DELIM-HTFESZVLWTQSALNIMQAT_SouthKorea_DELIM-HTFESZVLWTQSALNIMQAT_9962_DELIM-HTFESZVLWTQSALNIMQAT_2019 is identical to B_DELIM-HTFESZVLWTQSALNIMQAT_SouthKorea_DELIM-HTFESZVLWTQSALNIMQAT_9963_DELIM-HTFESZVLWTQSALNIMQAT_2019 but kept for subsequent analysis
NOTE: B_DELIM-HTFESZVLWTQSALNIMQAT_Mali_DELIM-HTFESZVLWTQSALNIMQAT_132_DELIM-HTFESZVLWTQSALNIMQAT_2018 is identical to B_DELIM-HTFESZVLWTQSALNIMQAT_India_DELIM-HTFESZVLWTQSALNIMQAT_794_DELIM-HTFESZVLWTQSALNIMQAT_2019 but kept for subsequent analysis
NOTE: B_DELIM-HTFESZVLWTQSALNIMQAT_Victoria_DELIM-HTFESZVLWTQSALNIMQAT_506_DELIM-HTFESZVLWTQSALNIMQAT_2005 is identical to B_DELIM-HTFESZVLWTQSALNIMQAT_Victoria_DELIM-HTFESZVLWTQSALNIMQAT_505_DELIM-HTFESZVLWTQSALNIMQAT_2005 but kept for subsequent analysis
NOTE: B_DELIM-HTFESZVLWTQSALNIMQAT_Bahrain_DELIM-HTFESZVLWTQSALNIMQAT_1305_DELIM-HTFESZVLWTQSALNIMQAT_2021 is identical to B_DELIM-HTFESZVLWTQSALNIMQAT_Bahrain_DELIM-HTFESZVLWTQSALNIMQAT_2852_DELIM-HTFESZVLWTQSALNIMQAT_2021 but kept for subsequent analysis
NOTE: B_DELIM-HTFESZVLWTQSALNIMQAT_India_DELIM-HTFESZVLWTQSALNIMQAT_5275_DELIM-HTFESZVLWTQSALNIMQAT_2016 is identical to B_DELIM-HTFESZVLWTQSALNIMQAT_Uganda_DELIM-HTFESZVLWTQSALNIMQAT_4822_DELIM-HTFESZVLWTQSALNIMQAT_2016 but kept for subsequent analysis
NOTE: B_DELIM-HTFESZVLWTQSALNIMQAT_Yaroslavl_DELIM-HTFESZVLWTQSALNIMQAT_4_DELIM-HTFESZVLWTQSALNIMQAT_2015 is identical to B_DELIM-HTFESZVLWTQSALNIMQAT_Ryazan_DELIM-HTFESZVLWTQSALNIMQAT_1_DELIM-HTFESZVLWTQSALNIMQAT_2015 but kept for subsequent analysis
NOTE: B_DELIM-HTFESZVLWTQSALNIMQAT_Malaysia_DELIM-HTFESZVLWTQSALNIMQAT_30238_DELIM-HTFESZVLWTQSALNIMQAT_2004 is identical to B_DELIM-HTFESZVLWTQSALNIMQAT_Malaysia_DELIM-HTFESZVLWTQSALNIMQAT_29570_DELIM-HTFESZVLWTQSALNIMQAT_2004 but kept for subsequent analysis
NOTE: B_DELIM-HTFESZVLWTQSALNIMQAT_Lao_DELIM-HTFESZVLWTQSALNIMQAT_452_DELIM-HTFESZVLWTQSALNIMQAT_2020 is identical to B_DELIM-HTFESZVLWTQSALNIMQAT_Lao_DELIM-HTFESZVLWTQSALNIMQAT_262_DELIM-HTFESZVLWTQSALNIMQAT_2020 but kept for subsequent analysis
NOTE: B_DELIM-HTFESZVLWTQSALNIMQAT_Bhutan_DELIM-HTFESZVLWTQSALNIMQAT_1177_DELIM-HTFESZVLWTQSALNIMQAT_2020 is identical to B_DELIM-HTFESZVLWTQSALNIMQAT_Bhutan_DELIM-HTFESZVLWTQSALNIMQAT_1132_DELIM-HTFESZVLWTQSALNIMQAT_2020 but kept for subsequent analysis
NOTE: B_DELIM-HTFESZVLWTQSALNIMQAT_Nigeria_DELIM-HTFESZVLWTQSALNIMQAT_5069_DELIM-HTFESZVLWTQSALNIMQAT_2020 is identical to B_DELIM-HTFESZVLWTQSALNIMQAT_Niger_DELIM-HTFESZVLWTQSALNIMQAT_8692_DELIM-HTFESZVLWTQSALNIMQAT_2021 but kept for subsequent analysis
NOTE: 5 identical sequences (see below) will be ignored for subsequent analysis
NOTE: B_DELIM-HTFESZVLWTQSALNIMQAT_Lao_DELIM-HTFESZVLWTQSALNIMQAT_1675_DELIM-HTFESZVLWTQSALNIMQAT_2017 (identical to B_DELIM-HTFESZVLWTQSALNIMQAT_Lao_DELIM-HTFESZVLWTQSALNIMQAT_2106_DELIM-HTFESZVLWTQSALNIMQAT_2017) is ignored but added at the end
NOTE: B_DELIM-HTFESZVLWTQSALNIMQAT_Niigata-C_DELIM-HTFESZVLWTQSALNIMQAT_6_DELIM-HTFESZVLWTQSALNIMQAT_2019 (identical to B_DELIM-HTFESZVLWTQSALNIMQAT_India_DELIM-HTFESZVLWTQSALNIMQAT_4060_DELIM-HTFESZVLWTQSALNIMQAT_2020) is ignored but added at the end
NOTE: B_DELIM-HTFESZVLWTQSALNIMQAT_Jiangxi-Zhushan_DELIM-HTFESZVLWTQSALNIMQAT_1769_DELIM-HTFESZVLWTQSALNIMQAT_2020 (identical to B_DELIM-HTFESZVLWTQSALNIMQAT_Jiangxi-Donghu_DELIM-HTFESZVLWTQSALNIMQAT_11572_DELIM-HTFESZVLWTQSALNIMQAT_2020) is ignored but added at the end
NOTE: B_DELIM-HTFESZVLWTQSALNIMQAT_Jiangxi-Donghu_DELIM-HTFESZVLWTQSALNIMQAT_11366_DELIM-HTFESZVLWTQSALNIMQAT_2020 (identical to B_DELIM-HTFESZVLWTQSALNIMQAT_Jiangxi-Donghu_DELIM-HTFESZVLWTQSALNIMQAT_11572_DELIM-HTFESZVLWTQSALNIMQAT_2020) is ignored but added at the end
NOTE: B_DELIM-HTFESZVLWTQSALNIMQAT_HongKong_DELIM-HTFESZVLWTQSALNIMQAT_744_DELIM-HTFESZVLWTQSALNIMQAT_2019 (identical to B_DELIM-HTFESZVLWTQSALNIMQAT_India_DELIM-HTFESZVLWTQSALNIMQAT_794_DELIM-HTFESZVLWTQSALNIMQAT_2019) is ignored but added at the end
Alignment was printed to results/aligned_cdc_vic_pb1_60y_cell_hi-delim.fasta.uniqueseq.phy

For your convenience alignment with unique sequences printed to results/aligned_cdc_vic_pb1_60y_cell_hi-delim.fasta.uniqueseq.phy

Create initial parsimony tree by phylogenetic likelihood library (PLL)... 0.086 seconds

NOTE: 13 MB RAM (0 GB) is required!
Estimate model parameters (epsilon = 0.500)
1. Initial log-likelihood: -19158.172
2. Current log-likelihood: -17766.621
Optimal log-likelihood: -17766.453
Rate parameters:  A-C: 1.52564  A-G: 12.18172  A-T: 0.51598  C-G: 0.17634  C-T: 16.13313  G-T: 1.00000
Base frequencies:  A: 0.366  C: 0.171  G: 0.219  T: 0.244
Parameters optimization took 2 rounds (2.601 sec)
Computing ML distances based on estimated model parameters...
Computing ML distances took 0.759104 sec (of wall-clock time) 0.741655 sec(of CPU time)
Computing RapidNJ tree took 0.017206 sec (of wall-clock time) 0.032466 sec (of CPU time)
Log-likelihood of RapidNJ tree: -17852.126
--------------------------------------------------------------------
|             INITIALIZING CANDIDATE TREE SET                      |
--------------------------------------------------------------------

Do NNI search on 2 best initial trees
Estimate model parameters (epsilon = 0.500)
BETTER TREE FOUND at iteration 1: -17756.852
Estimate model parameters (epsilon = 0.500)
BETTER TREE FOUND at iteration 2: -17748.209
Finish initializing candidate tree set (4)
Current best tree score: -17748.209 / CPU time: 1.349
Number of iterations: 2
TREE SEARCH COMPLETED AFTER 2 ITERATIONS / Time: 0h:0m:5s

--------------------------------------------------------------------
|                    FINALIZING TREE SEARCH                        |
--------------------------------------------------------------------
Performs final model parameters optimization
Estimate model parameters (epsilon = 0.050)
1. Initial log-likelihood: -17748.209
Optimal log-likelihood: -17748.206
Rate parameters:  A-C: 1.51465  A-G: 12.18465  A-T: 0.51224  C-G: 0.17294  C-T: 16.13234  G-T: 1.00000
Base frequencies:  A: 0.366  C: 0.171  G: 0.219  T: 0.244
Parameters optimization took 1 rounds (0.153 sec)
BEST SCORE FOUND : -17748.206
Total tree length: 0.854

Total number of iterations: 2
CPU time used for tree search: 1.354 sec (0h:0m:1s)
Wall-clock time used for tree search: 1.355 sec (0h:0m:1s)
Total CPU time used: 5.459 sec (0h:0m:5s)
Total wall-clock time used: 5.291 sec (0h:0m:5s)

Analysis results written to: 
  IQ-TREE report:                results/aligned_cdc_vic_pb1_60y_cell_hi-delim.fasta.iqtree
  Maximum-likelihood tree:       results/aligned_cdc_vic_pb1_60y_cell_hi-delim.fasta.treefile
  Likelihood distances:          results/aligned_cdc_vic_pb1_60y_cell_hi-delim.fasta.mldist
  Screen log file:               results/aligned_cdc_vic_pb1_60y_cell_hi-delim.fasta.log

Date and Time: Wed May 11 02:27:44 2022
