IQ-TREE multicore version 2.1.2 COVID-edition for Linux 64-bit built Oct 22 2020
Developed by Bui Quang Minh, James Barbetti, Nguyen Lam Tung,
Olga Chernomor, Heiko Schmidt, Dominik Schrempf, Michael Woodhams.

Host:    ip-172-31-84-113.ec2.internal (AVX512, FMA3, 15 GB RAM)
Command: iqtree -nt 1 -s results/aligned_cdc_yam_pb2_60y_cell_hi-delim.fasta -m GTR -ninit 2 -n 2 -me 0.05
Seed:    594304 (Using SPRNG - Scalable Parallel Random Number Generator)
Time:    Fri Aug 26 21:41:44 2022
Kernel:  AVX+FMA - 1 threads (8 CPU cores detected)

HINT: Use -nt option to specify number of threads because your CPU has 8 cores!
HINT: -nt AUTO will automatically determine the best number of threads to use.

Reading alignment file results/aligned_cdc_yam_pb2_60y_cell_hi-delim.fasta ... Fasta format detected
Alignment most likely contains DNA/RNA sequences
Alignment has 314 sequences with 2352 columns, 532 distinct patterns
299 parsimony-informative, 239 singleton sites, 1814 constant sites
                                                                                                                            Gap/Ambiguity  Composition  p-value
   1  B_DELIM-RCWFZQFLJDWYOXFFTKTP_Managua_DELIM-RCWFZQFLJDWYOXFFTKTP_17702_DELIM-RCWFZQFLJDWYOXFFTKTP_2008                         0.04%    passed     99.57%
   2  B_DELIM-RCWFZQFLJDWYOXFFTKTP_California_DELIM-RCWFZQFLJDWYOXFFTKTP_NHRC0002_DELIM-RCWFZQFLJDWYOXFFTKTP_2006                   0.00%    passed     94.52%
   3  B_DELIM-RCWFZQFLJDWYOXFFTKTP_Alaska_DELIM-RCWFZQFLJDWYOXFFTKTP_11_DELIM-RCWFZQFLJDWYOXFFTKTP_2019                             0.00%    passed     99.69%
   4  B_DELIM-RCWFZQFLJDWYOXFFTKTP_Bahrain_DELIM-RCWFZQFLJDWYOXFFTKTP_450_DELIM-RCWFZQFLJDWYOXFFTKTP_2018                           0.00%    passed     99.57%
   5  B_DELIM-RCWFZQFLJDWYOXFFTKTP_Bahia_DELIM-RCWFZQFLJDWYOXFFTKTP_863_DELIM-RCWFZQFLJDWYOXFFTKTP_2017                             0.00%    passed     99.76%
   6  B_DELIM-RCWFZQFLJDWYOXFFTKTP_Managua_DELIM-RCWFZQFLJDWYOXFFTKTP_338703_DELIM-RCWFZQFLJDWYOXFFTKTP_2008                        0.04%    passed     99.83%
   7  B_DELIM-RCWFZQFLJDWYOXFFTKTP_England_DELIM-RCWFZQFLJDWYOXFFTKTP_515_DELIM-RCWFZQFLJDWYOXFFTKTP_2014                           1.66%    passed     99.52%
   8  B_DELIM-RCWFZQFLJDWYOXFFTKTP_Massachusetts_DELIM-RCWFZQFLJDWYOXFFTKTP_15_DELIM-RCWFZQFLJDWYOXFFTKTP_2019                      0.00%    passed     99.81%
   9  B_DELIM-RCWFZQFLJDWYOXFFTKTP_Wisconsin_DELIM-RCWFZQFLJDWYOXFFTKTP_34_DELIM-RCWFZQFLJDWYOXFFTKTP_2019                          0.00%    passed     99.66%
  10  B_DELIM-RCWFZQFLJDWYOXFFTKTP_Managua_DELIM-RCWFZQFLJDWYOXFFTKTP_136502_DELIM-RCWFZQFLJDWYOXFFTKTP_2008                        0.04%    passed     99.75%
  11  B_DELIM-RCWFZQFLJDWYOXFFTKTP_Santiago_DELIM-RCWFZQFLJDWYOXFFTKTP_21345_DELIM-RCWFZQFLJDWYOXFFTKTP_2017                        0.00%    passed     99.76%
  12  B_DELIM-RCWFZQFLJDWYOXFFTKTP_Santiago_DELIM-RCWFZQFLJDWYOXFFTKTP_20269_DELIM-RCWFZQFLJDWYOXFFTKTP_2016                        0.00%    passed    100.00%
  13  B_DELIM-RCWFZQFLJDWYOXFFTKTP_NewYork_DELIM-RCWFZQFLJDWYOXFFTKTP_1131_DELIM-RCWFZQFLJDWYOXFFTKTP_2007                          0.13%    passed     99.95%
  14  B_DELIM-RCWFZQFLJDWYOXFFTKTP_Bangladesh_DELIM-RCWFZQFLJDWYOXFFTKTP_2008_DELIM-RCWFZQFLJDWYOXFFTKTP_2018                       0.00%    passed     97.75%
  15  B_DELIM-RCWFZQFLJDWYOXFFTKTP_Brazil_DELIM-RCWFZQFLJDWYOXFFTKTP_580_DELIM-RCWFZQFLJDWYOXFFTKTP_2015                            0.00%    passed     99.88%
  16  B_DELIM-RCWFZQFLJDWYOXFFTKTP_Guyane_DELIM-RCWFZQFLJDWYOXFFTKTP_5_DELIM-RCWFZQFLJDWYOXFFTKTP_2018                              0.00%    passed     99.36%
  17  B_DELIM-RCWFZQFLJDWYOXFFTKTP_AbuDhabi_DELIM-RCWFZQFLJDWYOXFFTKTP_26_DELIM-RCWFZQFLJDWYOXFFTKTP_2017                           0.00%    passed     99.60%
  18  B_DELIM-RCWFZQFLJDWYOXFFTKTP_Amazonas_DELIM-RCWFZQFLJDWYOXFFTKTP_134602-IEC_DELIM-RCWFZQFLJDWYOXFFTKTP_2015                   1.66%    passed     98.05%
  19  B_DELIM-RCWFZQFLJDWYOXFFTKTP_Boston_DELIM-RCWFZQFLJDWYOXFFTKTP_YGB_01043_DELIM-RCWFZQFLJDWYOXFFTKTP_2013                      1.66%    passed     91.56%
  20  B_DELIM-RCWFZQFLJDWYOXFFTKTP_California_DELIM-RCWFZQFLJDWYOXFFTKTP_NHRC0004_DELIM-RCWFZQFLJDWYOXFFTKTP_2005                   0.00%    passed     96.25%
  21  B_DELIM-RCWFZQFLJDWYOXFFTKTP_California_DELIM-RCWFZQFLJDWYOXFFTKTP_77_DELIM-RCWFZQFLJDWYOXFFTKTP_2019                         0.00%    passed     99.95%
  22  B_DELIM-RCWFZQFLJDWYOXFFTKTP_Colombia_DELIM-RCWFZQFLJDWYOXFFTKTP_7437_DELIM-RCWFZQFLJDWYOXFFTKTP_2019                         0.00%    passed     99.39%
  23  B_DELIM-RCWFZQFLJDWYOXFFTKTP_Lebanon_DELIM-RCWFZQFLJDWYOXFFTKTP_1634_DELIM-RCWFZQFLJDWYOXFFTKTP_2016                          0.00%    passed     99.93%
  24  B_DELIM-RCWFZQFLJDWYOXFFTKTP_BurkinaFaso_DELIM-RCWFZQFLJDWYOXFFTKTP_1459_DELIM-RCWFZQFLJDWYOXFFTKTP_2019                      0.00%    passed     99.90%
  25  B_DELIM-RCWFZQFLJDWYOXFFTKTP_HongKong_DELIM-RCWFZQFLJDWYOXFFTKTP_1862_DELIM-RCWFZQFLJDWYOXFFTKTP_2015                         1.66%    passed     98.68%
  26  B_DELIM-RCWFZQFLJDWYOXFFTKTP_Philippines_DELIM-RCWFZQFLJDWYOXFFTKTP_1038_DELIM-RCWFZQFLJDWYOXFFTKTP_2016                      0.00%    passed     99.76%
  27  B_DELIM-RCWFZQFLJDWYOXFFTKTP_Tanzania_DELIM-RCWFZQFLJDWYOXFFTKTP_4968_DELIM-RCWFZQFLJDWYOXFFTKTP_2018                         0.00%    passed     99.79%
  28  B_DELIM-RCWFZQFLJDWYOXFFTKTP_SouthCarolina_DELIM-RCWFZQFLJDWYOXFFTKTP_NHRC0001_DELIM-RCWFZQFLJDWYOXFFTKTP_2005                0.00%    passed     98.15%
  29  B_DELIM-RCWFZQFLJDWYOXFFTKTP_Peru_DELIM-RCWFZQFLJDWYOXFFTKTP_9319_DELIM-RCWFZQFLJDWYOXFFTKTP_2019                             0.00%    passed     99.91%
  30  B_DELIM-RCWFZQFLJDWYOXFFTKTP_Haiti_DELIM-RCWFZQFLJDWYOXFFTKTP_70344_DELIM-RCWFZQFLJDWYOXFFTKTP_2019                           0.00%    passed     99.79%
  31  B_DELIM-RCWFZQFLJDWYOXFFTKTP_Gavle_DELIM-RCWFZQFLJDWYOXFFTKTP_1_DELIM-RCWFZQFLJDWYOXFFTKTP_2017                               1.66%    passed     99.74%
  32  B_DELIM-RCWFZQFLJDWYOXFFTKTP_HongKong_DELIM-RCWFZQFLJDWYOXFFTKTP_54_DELIM-RCWFZQFLJDWYOXFFTKTP_2016                           0.00%    passed    100.00%
  33  B_DELIM-RCWFZQFLJDWYOXFFTKTP_Cambodia_DELIM-RCWFZQFLJDWYOXFFTKTP_1123_DELIM-RCWFZQFLJDWYOXFFTKTP_2015                         0.00%    passed     99.90%
  34  B_DELIM-RCWFZQFLJDWYOXFFTKTP_Osorno_DELIM-RCWFZQFLJDWYOXFFTKTP_73742_DELIM-RCWFZQFLJDWYOXFFTKTP_2017                          0.00%    passed     99.08%
  35  B_DELIM-RCWFZQFLJDWYOXFFTKTP_Mississippi_DELIM-RCWFZQFLJDWYOXFFTKTP_UR06-0031_DELIM-RCWFZQFLJDWYOXFFTKTP_2007                 0.04%    passed     98.77%
  36  B_DELIM-RCWFZQFLJDWYOXFFTKTP_NewYork_DELIM-RCWFZQFLJDWYOXFFTKTP_1156_DELIM-RCWFZQFLJDWYOXFFTKTP_2008                          0.13%    passed     99.97%
  37  B_DELIM-RCWFZQFLJDWYOXFFTKTP_HongKong_DELIM-RCWFZQFLJDWYOXFFTKTP_1151_DELIM-RCWFZQFLJDWYOXFFTKTP_2016                         0.00%    passed     99.76%
  38  B_DELIM-RCWFZQFLJDWYOXFFTKTP_SouthCarolina_DELIM-RCWFZQFLJDWYOXFFTKTP_NHRC0001_DELIM-RCWFZQFLJDWYOXFFTKTP_2000                0.00%    passed     97.72%
  39  B_DELIM-RCWFZQFLJDWYOXFFTKTP_Stockholm_DELIM-RCWFZQFLJDWYOXFFTKTP_8_DELIM-RCWFZQFLJDWYOXFFTKTP_2015                           1.66%    passed     98.97%
  40  B_DELIM-RCWFZQFLJDWYOXFFTKTP_Brazil_DELIM-RCWFZQFLJDWYOXFFTKTP_71888_DELIM-RCWFZQFLJDWYOXFFTKTP_2015                          0.00%    passed     99.88%
  41  B_DELIM-RCWFZQFLJDWYOXFFTKTP_Managua_DELIM-RCWFZQFLJDWYOXFFTKTP_294101_DELIM-RCWFZQFLJDWYOXFFTKTP_2008                        0.04%    passed     99.81%
  42  B_DELIM-RCWFZQFLJDWYOXFFTKTP_Acre_DELIM-RCWFZQFLJDWYOXFFTKTP_145824-IEC_DELIM-RCWFZQFLJDWYOXFFTKTP_2017                       0.00%    passed     99.96%
  43  B_DELIM-RCWFZQFLJDWYOXFFTKTP_Philippines_DELIM-RCWFZQFLJDWYOXFFTKTP_958_DELIM-RCWFZQFLJDWYOXFFTKTP_2016                       0.00%    passed     99.64%
  44  B_DELIM-RCWFZQFLJDWYOXFFTKTP_AbuDhabi_DELIM-RCWFZQFLJDWYOXFFTKTP_201_DELIM-RCWFZQFLJDWYOXFFTKTP_2017                          0.00%    passed     99.21%
  45  B_DELIM-RCWFZQFLJDWYOXFFTKTP_NewYork_DELIM-RCWFZQFLJDWYOXFFTKTP_1137_DELIM-RCWFZQFLJDWYOXFFTKTP_2008                          1.66%    passed     95.10%
  46  B_DELIM-RCWFZQFLJDWYOXFFTKTP_Bangladesh_DELIM-RCWFZQFLJDWYOXFFTKTP_4017_DELIM-RCWFZQFLJDWYOXFFTKTP_2018                       0.00%    passed     99.78%
  47  B_DELIM-RCWFZQFLJDWYOXFFTKTP_England_DELIM-RCWFZQFLJDWYOXFFTKTP_51_DELIM-RCWFZQFLJDWYOXFFTKTP_2017                            1.66%    passed     99.41%
  48  B_DELIM-RCWFZQFLJDWYOXFFTKTP_NewYork_DELIM-RCWFZQFLJDWYOXFFTKTP_1179_DELIM-RCWFZQFLJDWYOXFFTKTP_2008                          1.66%    passed     92.76%
  49  B_DELIM-RCWFZQFLJDWYOXFFTKTP_Bahrain_DELIM-RCWFZQFLJDWYOXFFTKTP_364_DELIM-RCWFZQFLJDWYOXFFTKTP_2019                           0.00%    passed     99.85%
  50  B_DELIM-RCWFZQFLJDWYOXFFTKTP_Boston_DELIM-RCWFZQFLJDWYOXFFTKTP_YGB_01032_DELIM-RCWFZQFLJDWYOXFFTKTP_2013                      1.66%    passed     89.70%
  51  B_DELIM-RCWFZQFLJDWYOXFFTKTP_Lebanon_DELIM-RCWFZQFLJDWYOXFFTKTP_1948_DELIM-RCWFZQFLJDWYOXFFTKTP_2016                          0.00%    passed     99.58%
  52  B_DELIM-RCWFZQFLJDWYOXFFTKTP_NewYork_DELIM-RCWFZQFLJDWYOXFFTKTP_1130_DELIM-RCWFZQFLJDWYOXFFTKTP_2007                          0.13%    passed     99.88%
  53  B_DELIM-RCWFZQFLJDWYOXFFTKTP_England_DELIM-RCWFZQFLJDWYOXFFTKTP_43680729_DELIM-RCWFZQFLJDWYOXFFTKTP_2014                      1.66%    passed     99.52%
  54  B_DELIM-RCWFZQFLJDWYOXFFTKTP_England_DELIM-RCWFZQFLJDWYOXFFTKTP_725_DELIM-RCWFZQFLJDWYOXFFTKTP_2016                           1.66%    passed     99.52%
  55  B_DELIM-RCWFZQFLJDWYOXFFTKTP_Bangladesh_DELIM-RCWFZQFLJDWYOXFFTKTP_1659_DELIM-RCWFZQFLJDWYOXFFTKTP_2019                       0.00%    passed     96.72%
  56  B_DELIM-RCWFZQFLJDWYOXFFTKTP_Boston_DELIM-RCWFZQFLJDWYOXFFTKTP_YGB_01046_DELIM-RCWFZQFLJDWYOXFFTKTP_2013                      1.66%    passed     91.42%
  57  B_DELIM-RCWFZQFLJDWYOXFFTKTP_Kungalv_DELIM-RCWFZQFLJDWYOXFFTKTP_10_DELIM-RCWFZQFLJDWYOXFFTKTP_2016                            1.66%    passed     99.92%
  58  B_DELIM-RCWFZQFLJDWYOXFFTKTP_Sweden_DELIM-RCWFZQFLJDWYOXFFTKTP_62_DELIM-RCWFZQFLJDWYOXFFTKTP_2018                             1.66%    passed     98.37%
  59  B_DELIM-RCWFZQFLJDWYOXFFTKTP_Uruguay_DELIM-RCWFZQFLJDWYOXFFTKTP_33_DELIM-RCWFZQFLJDWYOXFFTKTP_2018                            0.00%    passed     99.95%
  60  B_DELIM-RCWFZQFLJDWYOXFFTKTP_BurkinaFaso_DELIM-RCWFZQFLJDWYOXFFTKTP_73_DELIM-RCWFZQFLJDWYOXFFTKTP_2015                        0.00%    passed     99.81%
  61  B_DELIM-RCWFZQFLJDWYOXFFTKTP_Bangladesh_DELIM-RCWFZQFLJDWYOXFFTKTP_327_DELIM-RCWFZQFLJDWYOXFFTKTP_2019                        0.00%    passed     99.07%
  62  B_DELIM-RCWFZQFLJDWYOXFFTKTP_Congo_DELIM-RCWFZQFLJDWYOXFFTKTP_276_DELIM-RCWFZQFLJDWYOXFFTKTP_2018                             0.00%    passed     99.60%
  63  B_DELIM-RCWFZQFLJDWYOXFFTKTP_Arizona_DELIM-RCWFZQFLJDWYOXFFTKTP_12_DELIM-RCWFZQFLJDWYOXFFTKTP_2020                            0.00%    passed     99.98%
  64  B_DELIM-RCWFZQFLJDWYOXFFTKTP_Virginia_DELIM-RCWFZQFLJDWYOXFFTKTP_19_DELIM-RCWFZQFLJDWYOXFFTKTP_2019                           0.00%    passed     99.86%
  65  B_DELIM-RCWFZQFLJDWYOXFFTKTP_Peru_DELIM-RCWFZQFLJDWYOXFFTKTP_719_DELIM-RCWFZQFLJDWYOXFFTKTP_2019                              0.00%    passed     99.95%
  66  B_DELIM-RCWFZQFLJDWYOXFFTKTP_Mozambique_DELIM-RCWFZQFLJDWYOXFFTKTP_451_DELIM-RCWFZQFLJDWYOXFFTKTP_2017                        0.00%    passed     99.92%
  67  B_DELIM-RCWFZQFLJDWYOXFFTKTP_Georgia_DELIM-RCWFZQFLJDWYOXFFTKTP_NHRC0001_DELIM-RCWFZQFLJDWYOXFFTKTP_2001                      0.00%    passed     99.93%
  68  B_DELIM-RCWFZQFLJDWYOXFFTKTP_Hawaii_DELIM-RCWFZQFLJDWYOXFFTKTP_31_DELIM-RCWFZQFLJDWYOXFFTKTP_2019                             0.04%    passed     99.12%
  69  B_DELIM-RCWFZQFLJDWYOXFFTKTP_Bangladesh_DELIM-RCWFZQFLJDWYOXFFTKTP_5013_DELIM-RCWFZQFLJDWYOXFFTKTP_2016                       0.09%    passed     99.00%
  70  B_DELIM-RCWFZQFLJDWYOXFFTKTP_NewYork_DELIM-RCWFZQFLJDWYOXFFTKTP_WC-LVD-14-021_DELIM-RCWFZQFLJDWYOXFFTKTP_2014                 0.04%    passed     99.99%
  71  B_DELIM-RCWFZQFLJDWYOXFFTKTP_Mali_DELIM-RCWFZQFLJDWYOXFFTKTP_80_DELIM-RCWFZQFLJDWYOXFFTKTP_2018                               0.00%    passed     99.58%
  72  B_DELIM-RCWFZQFLJDWYOXFFTKTP_Orkhon_DELIM-RCWFZQFLJDWYOXFFTKTP_1157_DELIM-RCWFZQFLJDWYOXFFTKTP_2018                           0.00%    passed     99.85%
  73  B_DELIM-RCWFZQFLJDWYOXFFTKTP_NewYork_DELIM-RCWFZQFLJDWYOXFFTKTP_1078_DELIM-RCWFZQFLJDWYOXFFTKTP_2005                          0.04%    passed     98.64%
  74  B_DELIM-RCWFZQFLJDWYOXFFTKTP_HongKong_DELIM-RCWFZQFLJDWYOXFFTKTP_8244_DELIM-RCWFZQFLJDWYOXFFTKTP_2017                         0.00%    passed     99.39%
  75  B_DELIM-RCWFZQFLJDWYOXFFTKTP_PuertoMontt_DELIM-RCWFZQFLJDWYOXFFTKTP_87369_DELIM-RCWFZQFLJDWYOXFFTKTP_2018                     0.00%    passed     99.60%
  76  B_DELIM-RCWFZQFLJDWYOXFFTKTP_Gothenburg_DELIM-RCWFZQFLJDWYOXFFTKTP_1_DELIM-RCWFZQFLJDWYOXFFTKTP_2014                          1.66%    passed     99.27%
  77  B_DELIM-RCWFZQFLJDWYOXFFTKTP_Bangladesh_DELIM-RCWFZQFLJDWYOXFFTKTP_1012_DELIM-RCWFZQFLJDWYOXFFTKTP_2017                       0.00%    passed     99.79%
  78  B_DELIM-RCWFZQFLJDWYOXFFTKTP_Chile_DELIM-RCWFZQFLJDWYOXFFTKTP_7845_DELIM-RCWFZQFLJDWYOXFFTKTP_2019                            0.00%    passed     99.98%
  79  B_DELIM-RCWFZQFLJDWYOXFFTKTP_Tokyo_DELIM-RCWFZQFLJDWYOXFFTKTP_EH19_DELIM-RCWFZQFLJDWYOXFFTKTP_2016                            1.66%    passed     99.78%
  80  B_DELIM-RCWFZQFLJDWYOXFFTKTP_HongKong_DELIM-RCWFZQFLJDWYOXFFTKTP_50_DELIM-RCWFZQFLJDWYOXFFTKTP_2016                           0.00%    passed     99.91%
  81  B_DELIM-RCWFZQFLJDWYOXFFTKTP_Lao_DELIM-RCWFZQFLJDWYOXFFTKTP_1046_DELIM-RCWFZQFLJDWYOXFFTKTP_2018                              0.00%    passed     99.98%
  82  B_DELIM-RCWFZQFLJDWYOXFFTKTP_Lao_DELIM-RCWFZQFLJDWYOXFFTKTP_2066_DELIM-RCWFZQFLJDWYOXFFTKTP_2018                              0.00%    passed     99.39%
  83  B_DELIM-RCWFZQFLJDWYOXFFTKTP_Maldives_DELIM-RCWFZQFLJDWYOXFFTKTP_1209_DELIM-RCWFZQFLJDWYOXFFTKTP_2017                         0.00%    passed     99.60%
  84  B_DELIM-RCWFZQFLJDWYOXFFTKTP_Ecuador_DELIM-RCWFZQFLJDWYOXFFTKTP_2439_DELIM-RCWFZQFLJDWYOXFFTKTP_2016                          0.00%    passed     98.16%
  85  B_DELIM-RCWFZQFLJDWYOXFFTKTP_Cambodia_DELIM-RCWFZQFLJDWYOXFFTKTP_894_DELIM-RCWFZQFLJDWYOXFFTKTP_2015                          0.00%    passed     99.99%
  86  B_DELIM-RCWFZQFLJDWYOXFFTKTP_Chile_DELIM-RCWFZQFLJDWYOXFFTKTP_6409_DELIM-RCWFZQFLJDWYOXFFTKTP_2019                            0.00%    passed     99.96%
  87  B_DELIM-RCWFZQFLJDWYOXFFTKTP_Brazil_DELIM-RCWFZQFLJDWYOXFFTKTP_5244_DELIM-RCWFZQFLJDWYOXFFTKTP_2016                           0.00%    passed     99.97%
  88  B_DELIM-RCWFZQFLJDWYOXFFTKTP_Philippines_DELIM-RCWFZQFLJDWYOXFFTKTP_992_DELIM-RCWFZQFLJDWYOXFFTKTP_2017                       0.00%    passed     99.41%
  89  B_DELIM-RCWFZQFLJDWYOXFFTKTP_HongKong_DELIM-RCWFZQFLJDWYOXFFTKTP_18_DELIM-RCWFZQFLJDWYOXFFTKTP_2017                           0.00%    passed     99.95%
  90  B_DELIM-RCWFZQFLJDWYOXFFTKTP_Bangladesh_DELIM-RCWFZQFLJDWYOXFFTKTP_1300_DELIM-RCWFZQFLJDWYOXFFTKTP_2017                       0.00%    passed     99.66%
  91  B_DELIM-RCWFZQFLJDWYOXFFTKTP_Managua_DELIM-RCWFZQFLJDWYOXFFTKTP_447901_DELIM-RCWFZQFLJDWYOXFFTKTP_2008                        0.04%    passed     99.72%
  92  B_DELIM-RCWFZQFLJDWYOXFFTKTP_Kanagawa_DELIM-RCWFZQFLJDWYOXFFTKTP_AC34_DELIM-RCWFZQFLJDWYOXFFTKTP_2016                         1.70%    passed     99.36%
  93  B_DELIM-RCWFZQFLJDWYOXFFTKTP_Bangladesh_DELIM-RCWFZQFLJDWYOXFFTKTP_280_DELIM-RCWFZQFLJDWYOXFFTKTP_2018                        0.00%    passed     99.84%
  94  B_DELIM-RCWFZQFLJDWYOXFFTKTP_SouthAfrica_DELIM-RCWFZQFLJDWYOXFFTKTP_VW0623_DELIM-RCWFZQFLJDWYOXFFTKTP_2018                    0.04%    passed     99.70%
  95  B_DELIM-RCWFZQFLJDWYOXFFTKTP_Stockholm_DELIM-RCWFZQFLJDWYOXFFTKTP_2_DELIM-RCWFZQFLJDWYOXFFTKTP_2019                           1.66%    passed     99.81%
  96  B_DELIM-RCWFZQFLJDWYOXFFTKTP_Singapore_DELIM-RCWFZQFLJDWYOXFFTKTP_TT0628_DELIM-RCWFZQFLJDWYOXFFTKTP_2017                      1.91%    passed     99.01%
  97  B_DELIM-RCWFZQFLJDWYOXFFTKTP_Managua_DELIM-RCWFZQFLJDWYOXFFTKTP_449801_DELIM-RCWFZQFLJDWYOXFFTKTP_2008                        0.04%    passed     99.83%
  98  B_DELIM-RCWFZQFLJDWYOXFFTKTP_Florida_DELIM-RCWFZQFLJDWYOXFFTKTP_44_DELIM-RCWFZQFLJDWYOXFFTKTP_2018                            0.00%    passed     99.66%
  99  B_DELIM-RCWFZQFLJDWYOXFFTKTP_NewYork_DELIM-RCWFZQFLJDWYOXFFTKTP_1123_DELIM-RCWFZQFLJDWYOXFFTKTP_2007                          0.00%    passed     97.79%
 100  B_DELIM-RCWFZQFLJDWYOXFFTKTP_NewYork_DELIM-RCWFZQFLJDWYOXFFTKTP_1132_DELIM-RCWFZQFLJDWYOXFFTKTP_2007                          0.13%    passed     99.88%
 101  B_DELIM-RCWFZQFLJDWYOXFFTKTP_Hawaii_DELIM-RCWFZQFLJDWYOXFFTKTP_42_DELIM-RCWFZQFLJDWYOXFFTKTP_2016                             0.00%    passed     99.47%
 102  B_DELIM-RCWFZQFLJDWYOXFFTKTP_NewYork_DELIM-RCWFZQFLJDWYOXFFTKTP_1169_DELIM-RCWFZQFLJDWYOXFFTKTP_2008                          1.66%    passed     95.10%
 103  B_DELIM-RCWFZQFLJDWYOXFFTKTP_DominicanRepublic_DELIM-RCWFZQFLJDWYOXFFTKTP_8939_DELIM-RCWFZQFLJDWYOXFFTKTP_2014                1.66%    passed     98.97%
 104  B_DELIM-RCWFZQFLJDWYOXFFTKTP_NewYork_DELIM-RCWFZQFLJDWYOXFFTKTP_1166_DELIM-RCWFZQFLJDWYOXFFTKTP_2008                          1.66%    passed     95.10%
 105  B_DELIM-RCWFZQFLJDWYOXFFTKTP_Bangladesh_DELIM-RCWFZQFLJDWYOXFFTKTP_1005_DELIM-RCWFZQFLJDWYOXFFTKTP_2015                       0.00%    passed     99.98%
 106  B_DELIM-RCWFZQFLJDWYOXFFTKTP_NewYork_DELIM-RCWFZQFLJDWYOXFFTKTP_1152_DELIM-RCWFZQFLJDWYOXFFTKTP_2008                          1.66%    passed     96.02%
 107  B_DELIM-RCWFZQFLJDWYOXFFTKTP_NewYork_DELIM-RCWFZQFLJDWYOXFFTKTP_1147_DELIM-RCWFZQFLJDWYOXFFTKTP_2008                          1.66%    passed     95.10%
 108  B_DELIM-RCWFZQFLJDWYOXFFTKTP_Fiji_DELIM-RCWFZQFLJDWYOXFFTKTP_95_DELIM-RCWFZQFLJDWYOXFFTKTP_2015                               1.53%    passed     99.80%
 109  B_DELIM-RCWFZQFLJDWYOXFFTKTP_PaysDeLoire_DELIM-RCWFZQFLJDWYOXFFTKTP_859_DELIM-RCWFZQFLJDWYOXFFTKTP_2020                       1.66%    passed     99.41%
 110  B_DELIM-RCWFZQFLJDWYOXFFTKTP_Pakistan_DELIM-RCWFZQFLJDWYOXFFTKTP_1944_DELIM-RCWFZQFLJDWYOXFFTKTP_2019                         0.00%    passed     99.64%
 111  B_DELIM-RCWFZQFLJDWYOXFFTKTP_Kenya_DELIM-RCWFZQFLJDWYOXFFTKTP_121_DELIM-RCWFZQFLJDWYOXFFTKTP_2018                             0.00%    passed     99.78%
 112  B_DELIM-RCWFZQFLJDWYOXFFTKTP_Brazil_DELIM-RCWFZQFLJDWYOXFFTKTP_643_DELIM-RCWFZQFLJDWYOXFFTKTP_2015                            0.00%    passed     99.97%
 113  B_DELIM-RCWFZQFLJDWYOXFFTKTP_Lund_DELIM-RCWFZQFLJDWYOXFFTKTP_4_DELIM-RCWFZQFLJDWYOXFFTKTP_2016                                1.66%    passed     99.78%
 114  B_DELIM-RCWFZQFLJDWYOXFFTKTP_NewJersey_DELIM-RCWFZQFLJDWYOXFFTKTP_17_DELIM-RCWFZQFLJDWYOXFFTKTP_2018                          0.00%    passed     99.82%
 115  B_DELIM-RCWFZQFLJDWYOXFFTKTP_California_DELIM-RCWFZQFLJDWYOXFFTKTP_NHRC0003_DELIM-RCWFZQFLJDWYOXFFTKTP_2005                   0.00%    passed     96.25%
 116  B_DELIM-RCWFZQFLJDWYOXFFTKTP_Managua_DELIM-RCWFZQFLJDWYOXFFTKTP_364001_DELIM-RCWFZQFLJDWYOXFFTKTP_2008                        0.00%    passed     99.64%
 117  B_DELIM-RCWFZQFLJDWYOXFFTKTP_Acre_DELIM-RCWFZQFLJDWYOXFFTKTP_133954-IEC_DELIM-RCWFZQFLJDWYOXFFTKTP_2015                       1.66%    passed     99.26%
 118  B_DELIM-RCWFZQFLJDWYOXFFTKTP_Boston_DELIM-RCWFZQFLJDWYOXFFTKTP_YGB_01020_DELIM-RCWFZQFLJDWYOXFFTKTP_2013                      1.66%    passed     85.77%
 119  B_DELIM-RCWFZQFLJDWYOXFFTKTP_Iquique_DELIM-RCWFZQFLJDWYOXFFTKTP_89127_DELIM-RCWFZQFLJDWYOXFFTKTP_2019                         0.00%    passed     99.71%
 120  B_DELIM-RCWFZQFLJDWYOXFFTKTP_Serbia_DELIM-RCWFZQFLJDWYOXFFTKTP_3223_DELIM-RCWFZQFLJDWYOXFFTKTP_2018                           0.00%    passed     99.95%
 121  B_DELIM-RCWFZQFLJDWYOXFFTKTP_SouthCarolina_DELIM-RCWFZQFLJDWYOXFFTKTP_NHRC0001_DELIM-RCWFZQFLJDWYOXFFTKTP_2001                0.00%    passed     98.58%
 122  B_DELIM-RCWFZQFLJDWYOXFFTKTP_Chile_DELIM-RCWFZQFLJDWYOXFFTKTP_5746_DELIM-RCWFZQFLJDWYOXFFTKTP_2019                            0.00%    passed     99.86%
 123  B_DELIM-RCWFZQFLJDWYOXFFTKTP_Bangladesh_DELIM-RCWFZQFLJDWYOXFFTKTP_2014_DELIM-RCWFZQFLJDWYOXFFTKTP_2016                       0.00%    passed     99.99%
 124  B_DELIM-RCWFZQFLJDWYOXFFTKTP_Nicaragua_DELIM-RCWFZQFLJDWYOXFFTKTP_1086_DELIM-RCWFZQFLJDWYOXFFTKTP_2019                        0.00%    passed     99.79%
 125  B_DELIM-RCWFZQFLJDWYOXFFTKTP_Ystad_DELIM-RCWFZQFLJDWYOXFFTKTP_1_DELIM-RCWFZQFLJDWYOXFFTKTP_2017                               1.66%    passed     99.86%
 126  B_DELIM-RCWFZQFLJDWYOXFFTKTP_NewJersey_DELIM-RCWFZQFLJDWYOXFFTKTP_12_DELIM-RCWFZQFLJDWYOXFFTKTP_2019                          0.00%    passed     99.95%
 127  B_DELIM-RCWFZQFLJDWYOXFFTKTP_Lao_DELIM-RCWFZQFLJDWYOXFFTKTP_459_DELIM-RCWFZQFLJDWYOXFFTKTP_2019                               0.04%    passed     99.83%
 128  B_DELIM-RCWFZQFLJDWYOXFFTKTP_Lao_DELIM-RCWFZQFLJDWYOXFFTKTP_3225_DELIM-RCWFZQFLJDWYOXFFTKTP_2018                              0.00%    passed     97.74%
 129  B_DELIM-RCWFZQFLJDWYOXFFTKTP_Boston_DELIM-RCWFZQFLJDWYOXFFTKTP_YGB_01002_DELIM-RCWFZQFLJDWYOXFFTKTP_2013                      1.66%    passed     91.38%
 130  B_DELIM-RCWFZQFLJDWYOXFFTKTP_England_DELIM-RCWFZQFLJDWYOXFFTKTP_70800517_DELIM-RCWFZQFLJDWYOXFFTKTP_2017                      1.66%    passed     99.94%
 131  B_DELIM-RCWFZQFLJDWYOXFFTKTP_Maryland_DELIM-RCWFZQFLJDWYOXFFTKTP_13_DELIM-RCWFZQFLJDWYOXFFTKTP_2020                           0.00%    passed     99.96%
 132  B_DELIM-RCWFZQFLJDWYOXFFTKTP_SouthCarolina_DELIM-RCWFZQFLJDWYOXFFTKTP_NHRC0002_DELIM-RCWFZQFLJDWYOXFFTKTP_2001                0.00%    passed     98.25%
 133  B_DELIM-RCWFZQFLJDWYOXFFTKTP_Bangladesh_DELIM-RCWFZQFLJDWYOXFFTKTP_711004_DELIM-RCWFZQFLJDWYOXFFTKTP_2016                     0.00%    passed     99.97%
 134  B_DELIM-RCWFZQFLJDWYOXFFTKTP_Florida_DELIM-RCWFZQFLJDWYOXFFTKTP_95_DELIM-RCWFZQFLJDWYOXFFTKTP_2017                            0.00%    passed     99.58%
 135  B_DELIM-RCWFZQFLJDWYOXFFTKTP_Lao_DELIM-RCWFZQFLJDWYOXFFTKTP_920_DELIM-RCWFZQFLJDWYOXFFTKTP_2019                               0.00%    passed     98.91%
 136  B_DELIM-RCWFZQFLJDWYOXFFTKTP_Togo_DELIM-RCWFZQFLJDWYOXFFTKTP_67_DELIM-RCWFZQFLJDWYOXFFTKTP_2017                               0.00%    passed     99.42%
 137  B_DELIM-RCWFZQFLJDWYOXFFTKTP_HongKong_DELIM-RCWFZQFLJDWYOXFFTKTP_1402_DELIM-RCWFZQFLJDWYOXFFTKTP_2018                         0.00%    passed     99.44%
 138  B_DELIM-RCWFZQFLJDWYOXFFTKTP_Florida_DELIM-RCWFZQFLJDWYOXFFTKTP_72_DELIM-RCWFZQFLJDWYOXFFTKTP_2015                            1.66%    passed     99.44%
 139  B_DELIM-RCWFZQFLJDWYOXFFTKTP_Florida_DELIM-RCWFZQFLJDWYOXFFTKTP_70_DELIM-RCWFZQFLJDWYOXFFTKTP_2015                            1.66%    passed     99.78%
 140  B_DELIM-RCWFZQFLJDWYOXFFTKTP_Bangladesh_DELIM-RCWFZQFLJDWYOXFFTKTP_2019_DELIM-RCWFZQFLJDWYOXFFTKTP_2016                       0.00%    passed     99.12%
 141  B_DELIM-RCWFZQFLJDWYOXFFTKTP_NewYork_DELIM-RCWFZQFLJDWYOXFFTKTP_WC-LVD-13-001_DELIM-RCWFZQFLJDWYOXFFTKTP_2013                 0.04%    passed     99.84%
 142  B_DELIM-RCWFZQFLJDWYOXFFTKTP_England_DELIM-RCWFZQFLJDWYOXFFTKTP_964_DELIM-RCWFZQFLJDWYOXFFTKTP_2016                           1.66%    passed     99.97%
 143  B_DELIM-RCWFZQFLJDWYOXFFTKTP_Lao_DELIM-RCWFZQFLJDWYOXFFTKTP_1910_DELIM-RCWFZQFLJDWYOXFFTKTP_2019                              0.00%    passed     99.95%
 144  B_DELIM-RCWFZQFLJDWYOXFFTKTP_Managua_DELIM-RCWFZQFLJDWYOXFFTKTP_205603_DELIM-RCWFZQFLJDWYOXFFTKTP_2008                        0.04%    passed     99.96%
 145  B_DELIM-RCWFZQFLJDWYOXFFTKTP_Mozambique_DELIM-RCWFZQFLJDWYOXFFTKTP_430_DELIM-RCWFZQFLJDWYOXFFTKTP_2017                        0.00%    passed     99.39%
 146  B_DELIM-RCWFZQFLJDWYOXFFTKTP_Managua_DELIM-RCWFZQFLJDWYOXFFTKTP_67302_DELIM-RCWFZQFLJDWYOXFFTKTP_2008                         0.04%    passed     99.75%
 147  B_DELIM-RCWFZQFLJDWYOXFFTKTP_Temuco_DELIM-RCWFZQFLJDWYOXFFTKTP_84887_DELIM-RCWFZQFLJDWYOXFFTKTP_2019                          0.00%    passed     99.93%
 148  B_DELIM-RCWFZQFLJDWYOXFFTKTP_NewYork_DELIM-RCWFZQFLJDWYOXFFTKTP_1139_DELIM-RCWFZQFLJDWYOXFFTKTP_2008                          0.13%    passed     99.91%
 149  B_DELIM-RCWFZQFLJDWYOXFFTKTP_StPetersburg_DELIM-RCWFZQFLJDWYOXFFTKTP_RII-3881S_DELIM-RCWFZQFLJDWYOXFFTKTP_2020                0.00%    passed     99.38%
 150  B_DELIM-RCWFZQFLJDWYOXFFTKTP_Bangladesh_DELIM-RCWFZQFLJDWYOXFFTKTP_2008_DELIM-RCWFZQFLJDWYOXFFTKTP_2017                       0.00%    passed     99.60%
 151  B_DELIM-RCWFZQFLJDWYOXFFTKTP_Mali_DELIM-RCWFZQFLJDWYOXFFTKTP_23CS_DELIM-RCWFZQFLJDWYOXFFTKTP_2015                             1.66%    passed     98.05%
 152  B_DELIM-RCWFZQFLJDWYOXFFTKTP_Managua_DELIM-RCWFZQFLJDWYOXFFTKTP_46801_DELIM-RCWFZQFLJDWYOXFFTKTP_2008                         0.00%    passed     99.40%
 153  B_DELIM-RCWFZQFLJDWYOXFFTKTP_Philippines_DELIM-RCWFZQFLJDWYOXFFTKTP_248_DELIM-RCWFZQFLJDWYOXFFTKTP_2017                       0.00%    passed     99.06%
 154  B_DELIM-RCWFZQFLJDWYOXFFTKTP_HongKong_DELIM-RCWFZQFLJDWYOXFFTKTP_1363_DELIM-RCWFZQFLJDWYOXFFTKTP_2018                         0.04%    passed     99.54%
 155  B_DELIM-RCWFZQFLJDWYOXFFTKTP_Mali_DELIM-RCWFZQFLJDWYOXFFTKTP_97CI_DELIM-RCWFZQFLJDWYOXFFTKTP_2015                             0.00%    passed     97.98%
 156  B_DELIM-RCWFZQFLJDWYOXFFTKTP_NewYork_DELIM-RCWFZQFLJDWYOXFFTKTP_1070_DELIM-RCWFZQFLJDWYOXFFTKTP_2005                          0.04%    passed     98.43%
 157  B_DELIM-RCWFZQFLJDWYOXFFTKTP_RioGrandeDoNorte_DELIM-RCWFZQFLJDWYOXFFTKTP_140088_DELIM-RCWFZQFLJDWYOXFFTKTP_2016               0.00%    passed     99.94%
 158  B_DELIM-RCWFZQFLJDWYOXFFTKTP_Vietnam_DELIM-RCWFZQFLJDWYOXFFTKTP_GS151180_DELIM-RCWFZQFLJDWYOXFFTKTP_2015                      0.00%    passed     99.85%
 159  B_DELIM-RCWFZQFLJDWYOXFFTKTP_Texas_DELIM-RCWFZQFLJDWYOXFFTKTP_NHRC0001_DELIM-RCWFZQFLJDWYOXFFTKTP_2005                        0.00%    passed     97.73%
 160  B_DELIM-RCWFZQFLJDWYOXFFTKTP_Boston_DELIM-RCWFZQFLJDWYOXFFTKTP_YGB_01052_DELIM-RCWFZQFLJDWYOXFFTKTP_2013                      1.66%    passed     92.60%
 161  B_DELIM-RCWFZQFLJDWYOXFFTKTP_Florida_DELIM-RCWFZQFLJDWYOXFFTKTP_38_DELIM-RCWFZQFLJDWYOXFFTKTP_2018                            0.00%    passed     99.77%
 162  B_DELIM-RCWFZQFLJDWYOXFFTKTP_Connecticut_DELIM-RCWFZQFLJDWYOXFFTKTP_16_DELIM-RCWFZQFLJDWYOXFFTKTP_2020                        0.00%    passed     99.86%
 163  B_DELIM-RCWFZQFLJDWYOXFFTKTP_Lebanon_DELIM-RCWFZQFLJDWYOXFFTKTP_399_DELIM-RCWFZQFLJDWYOXFFTKTP_2019                           0.00%    passed     97.52%
 164  B_DELIM-RCWFZQFLJDWYOXFFTKTP_Halmstad_DELIM-RCWFZQFLJDWYOXFFTKTP_2_DELIM-RCWFZQFLJDWYOXFFTKTP_2015                            1.66%    passed     98.06%
 165  B_DELIM-RCWFZQFLJDWYOXFFTKTP_NewYork_DELIM-RCWFZQFLJDWYOXFFTKTP_1135_DELIM-RCWFZQFLJDWYOXFFTKTP_2008                          1.66%    passed     95.10%
 166  B_DELIM-RCWFZQFLJDWYOXFFTKTP_Uganda_DELIM-RCWFZQFLJDWYOXFFTKTP_2203_DELIM-RCWFZQFLJDWYOXFFTKTP_2016                           0.00%    passed     99.55%
 167  B_DELIM-RCWFZQFLJDWYOXFFTKTP_Hawaii_DELIM-RCWFZQFLJDWYOXFFTKTP_37_DELIM-RCWFZQFLJDWYOXFFTKTP_2016                             0.00%    passed     99.70%
 168  B_DELIM-RCWFZQFLJDWYOXFFTKTP_Bangladesh_DELIM-RCWFZQFLJDWYOXFFTKTP_154_DELIM-RCWFZQFLJDWYOXFFTKTP_2018                        0.00%    passed     99.38%
 169  B_DELIM-RCWFZQFLJDWYOXFFTKTP_Pakistan_DELIM-RCWFZQFLJDWYOXFFTKTP_1405_DELIM-RCWFZQFLJDWYOXFFTKTP_2018                         0.00%    passed     99.95%
 170  B_DELIM-RCWFZQFLJDWYOXFFTKTP_Managua_DELIM-RCWFZQFLJDWYOXFFTKTP_108901_DELIM-RCWFZQFLJDWYOXFFTKTP_2008                        0.04%    passed     99.72%
 171  B_DELIM-RCWFZQFLJDWYOXFFTKTP_Petropavlovsk-Kamchatski_DELIM-RCWFZQFLJDWYOXFFTKTP_RII-3472S_DELIM-RCWFZQFLJDWYOXFFTKTP_2018    0.00%    passed     99.67%
 172  B_DELIM-RCWFZQFLJDWYOXFFTKTP_Kanagawa_DELIM-RCWFZQFLJDWYOXFFTKTP_AC27_DELIM-RCWFZQFLJDWYOXFFTKTP_2016                         1.66%    passed     98.08%
 173  B_DELIM-RCWFZQFLJDWYOXFFTKTP_Uruguay_DELIM-RCWFZQFLJDWYOXFFTKTP_106_DELIM-RCWFZQFLJDWYOXFFTKTP_2017                           0.00%    passed     99.42%
 174  B_DELIM-RCWFZQFLJDWYOXFFTKTP_NewYork_DELIM-RCWFZQFLJDWYOXFFTKTP_1172_DELIM-RCWFZQFLJDWYOXFFTKTP_2008                          1.66%    passed     97.38%
 175  B_DELIM-RCWFZQFLJDWYOXFFTKTP_England_DELIM-RCWFZQFLJDWYOXFFTKTP_80580473_DELIM-RCWFZQFLJDWYOXFFTKTP_2018                      1.66%    passed     99.49%
 176  B_DELIM-RCWFZQFLJDWYOXFFTKTP_Valencia_DELIM-RCWFZQFLJDWYOXFFTKTP_10_1629_DELIM-RCWFZQFLJDWYOXFFTKTP_2020                      1.66%    passed     99.23%
 177  B_DELIM-RCWFZQFLJDWYOXFFTKTP_Uruguay_DELIM-RCWFZQFLJDWYOXFFTKTP_403_DELIM-RCWFZQFLJDWYOXFFTKTP_2017                           0.00%    passed     99.42%
 178  B_DELIM-RCWFZQFLJDWYOXFFTKTP_Boston_DELIM-RCWFZQFLJDWYOXFFTKTP_YGB_01018_DELIM-RCWFZQFLJDWYOXFFTKTP_2013                      1.66%    passed     91.42%
 179  B_DELIM-RCWFZQFLJDWYOXFFTKTP_Mali_DELIM-RCWFZQFLJDWYOXFFTKTP_2CS_DELIM-RCWFZQFLJDWYOXFFTKTP_2015                              0.00%    passed     99.88%
 180  B_DELIM-RCWFZQFLJDWYOXFFTKTP_England_DELIM-RCWFZQFLJDWYOXFFTKTP_205_DELIM-RCWFZQFLJDWYOXFFTKTP_2018                           1.66%    passed     99.82%
 181  B_DELIM-RCWFZQFLJDWYOXFFTKTP_Congo_DELIM-RCWFZQFLJDWYOXFFTKTP_334_DELIM-RCWFZQFLJDWYOXFFTKTP_2019                             0.00%    passed     99.94%
 182  B_DELIM-RCWFZQFLJDWYOXFFTKTP_Congo_DELIM-RCWFZQFLJDWYOXFFTKTP_410_DELIM-RCWFZQFLJDWYOXFFTKTP_2018                             0.00%    passed     99.90%
 183  B_DELIM-RCWFZQFLJDWYOXFFTKTP_Mali_DELIM-RCWFZQFLJDWYOXFFTKTP_10SIK_DELIM-RCWFZQFLJDWYOXFFTKTP_2015                            0.00%    passed     99.91%
 184  B_DELIM-RCWFZQFLJDWYOXFFTKTP_Philippines_DELIM-RCWFZQFLJDWYOXFFTKTP_1096_DELIM-RCWFZQFLJDWYOXFFTKTP_2016                      0.00%    passed    100.00%
 185  B_DELIM-RCWFZQFLJDWYOXFFTKTP_Florida_DELIM-RCWFZQFLJDWYOXFFTKTP_66_DELIM-RCWFZQFLJDWYOXFFTKTP_2015                            1.66%    passed     99.52%
 186  B_DELIM-RCWFZQFLJDWYOXFFTKTP_Brazil_DELIM-RCWFZQFLJDWYOXFFTKTP_589_DELIM-RCWFZQFLJDWYOXFFTKTP_2015                            0.00%    passed     99.99%
 187  B_DELIM-RCWFZQFLJDWYOXFFTKTP_Missouri_DELIM-RCWFZQFLJDWYOXFFTKTP_NHRC0001_DELIM-RCWFZQFLJDWYOXFFTKTP_2001                     0.00%    passed     99.02%
 188  B_DELIM-RCWFZQFLJDWYOXFFTKTP_Guatemala_DELIM-RCWFZQFLJDWYOXFFTKTP_5510_DELIM-RCWFZQFLJDWYOXFFTKTP_2016                        0.00%    passed     99.97%
 189  B_DELIM-RCWFZQFLJDWYOXFFTKTP_Afghanistan_DELIM-RCWFZQFLJDWYOXFFTKTP_1909_DELIM-RCWFZQFLJDWYOXFFTKTP_2019                      0.00%    passed     99.79%
 190  B_DELIM-RCWFZQFLJDWYOXFFTKTP_England_DELIM-RCWFZQFLJDWYOXFFTKTP_531_DELIM-RCWFZQFLJDWYOXFFTKTP_2014                           1.66%    passed     97.89%
 191  B_DELIM-RCWFZQFLJDWYOXFFTKTP_NewYork_DELIM-RCWFZQFLJDWYOXFFTKTP_WC-LVD-13-002_DELIM-RCWFZQFLJDWYOXFFTKTP_2013                 1.66%    passed     98.79%
 192  B_DELIM-RCWFZQFLJDWYOXFFTKTP_California_DELIM-RCWFZQFLJDWYOXFFTKTP_NHRC0001_DELIM-RCWFZQFLJDWYOXFFTKTP_2004                   0.00%    passed     96.89%
 193  B_DELIM-RCWFZQFLJDWYOXFFTKTP_CoteDIvoire_DELIM-RCWFZQFLJDWYOXFFTKTP_378_DELIM-RCWFZQFLJDWYOXFFTKTP_2019                       0.00%    passed     99.95%
 194  B_DELIM-RCWFZQFLJDWYOXFFTKTP_Bangladesh_DELIM-RCWFZQFLJDWYOXFFTKTP_712021_DELIM-RCWFZQFLJDWYOXFFTKTP_2017                     0.00%    passed     99.60%
 195  B_DELIM-RCWFZQFLJDWYOXFFTKTP_Managua_DELIM-RCWFZQFLJDWYOXFFTKTP_334201_DELIM-RCWFZQFLJDWYOXFFTKTP_2008                        0.04%    passed     99.75%
 196  B_DELIM-RCWFZQFLJDWYOXFFTKTP_Tanzania_DELIM-RCWFZQFLJDWYOXFFTKTP_2247_DELIM-RCWFZQFLJDWYOXFFTKTP_2016                         0.00%    passed     99.93%
 197  B_DELIM-RCWFZQFLJDWYOXFFTKTP_Bhutan_DELIM-RCWFZQFLJDWYOXFFTKTP_1062_DELIM-RCWFZQFLJDWYOXFFTKTP_2019                           0.00%    passed     98.44%
 198  B_DELIM-RCWFZQFLJDWYOXFFTKTP_PaysDeLoire_DELIM-RCWFZQFLJDWYOXFFTKTP_1150_DELIM-RCWFZQFLJDWYOXFFTKTP_2020                      1.66%    passed     99.41%
 199  B_DELIM-RCWFZQFLJDWYOXFFTKTP_Pakistan_DELIM-RCWFZQFLJDWYOXFFTKTP_433_DELIM-RCWFZQFLJDWYOXFFTKTP_2015                          0.00%    passed     99.79%
 200  B_DELIM-RCWFZQFLJDWYOXFFTKTP_NewYork_DELIM-RCWFZQFLJDWYOXFFTKTP_1175_DELIM-RCWFZQFLJDWYOXFFTKTP_2008                          0.04%    passed     99.80%
 201  B_DELIM-RCWFZQFLJDWYOXFFTKTP_Paraguay_DELIM-RCWFZQFLJDWYOXFFTKTP_343_DELIM-RCWFZQFLJDWYOXFFTKTP_2018                          0.00%    passed     99.99%
 202  B_DELIM-RCWFZQFLJDWYOXFFTKTP_Stockholm_DELIM-RCWFZQFLJDWYOXFFTKTP_4_DELIM-RCWFZQFLJDWYOXFFTKTP_2018                           1.66%    passed     99.89%
 203  B_DELIM-RCWFZQFLJDWYOXFFTKTP_England_DELIM-RCWFZQFLJDWYOXFFTKTP_200240762_DELIM-RCWFZQFLJDWYOXFFTKTP_2019                     1.66%    passed     99.61%
 204  B_DELIM-RCWFZQFLJDWYOXFFTKTP_Brazil_DELIM-RCWFZQFLJDWYOXFFTKTP_3079_DELIM-RCWFZQFLJDWYOXFFTKTP_2015                           1.66%    passed     99.53%
 205  B_DELIM-RCWFZQFLJDWYOXFFTKTP_Boras_DELIM-RCWFZQFLJDWYOXFFTKTP_1_DELIM-RCWFZQFLJDWYOXFFTKTP_2016                               1.66%    passed     99.45%
 206  B_DELIM-RCWFZQFLJDWYOXFFTKTP_Uganda_DELIM-RCWFZQFLJDWYOXFFTKTP_5476_DELIM-RCWFZQFLJDWYOXFFTKTP_2016                           0.00%    passed     99.51%
 207  B_DELIM-RCWFZQFLJDWYOXFFTKTP_Brazil_DELIM-RCWFZQFLJDWYOXFFTKTP_20_DELIM-RCWFZQFLJDWYOXFFTKTP_2016                             0.00%    passed     99.97%
 208  B_DELIM-RCWFZQFLJDWYOXFFTKTP_Bahrain_DELIM-RCWFZQFLJDWYOXFFTKTP_294_DELIM-RCWFZQFLJDWYOXFFTKTP_2018                           0.00%    passed     98.58%
 209  B_DELIM-RCWFZQFLJDWYOXFFTKTP_Pakistan_DELIM-RCWFZQFLJDWYOXFFTKTP_37_DELIM-RCWFZQFLJDWYOXFFTKTP_2017                           0.00%    passed     98.09%
 210  B_DELIM-RCWFZQFLJDWYOXFFTKTP_Peru_DELIM-RCWFZQFLJDWYOXFFTKTP_1619_DELIM-RCWFZQFLJDWYOXFFTKTP_2019                             0.00%    passed     99.82%
 211  B_DELIM-RCWFZQFLJDWYOXFFTKTP_Peru_DELIM-RCWFZQFLJDWYOXFFTKTP_5195_DELIM-RCWFZQFLJDWYOXFFTKTP_2019                             0.00%    passed     99.50%
 212  B_DELIM-RCWFZQFLJDWYOXFFTKTP_Arizona_DELIM-RCWFZQFLJDWYOXFFTKTP_10_DELIM-RCWFZQFLJDWYOXFFTKTP_2015                            1.66%    passed     99.44%
 213  B_DELIM-RCWFZQFLJDWYOXFFTKTP_Bahia_DELIM-RCWFZQFLJDWYOXFFTKTP_127_DELIM-RCWFZQFLJDWYOXFFTKTP_2017                             0.00%    passed     99.93%
 214  B_DELIM-RCWFZQFLJDWYOXFFTKTP_Philippines_DELIM-RCWFZQFLJDWYOXFFTKTP_103_DELIM-RCWFZQFLJDWYOXFFTKTP_2018                       0.00%    passed     99.38%
 215  B_DELIM-RCWFZQFLJDWYOXFFTKTP_Washington_DELIM-RCWFZQFLJDWYOXFFTKTP_65_DELIM-RCWFZQFLJDWYOXFFTKTP_2015                         1.66%    passed     99.71%
 216  B_DELIM-RCWFZQFLJDWYOXFFTKTP_HongKong_DELIM-RCWFZQFLJDWYOXFFTKTP_1354_DELIM-RCWFZQFLJDWYOXFFTKTP_2018                         0.00%    passed     99.30%
 217  B_DELIM-RCWFZQFLJDWYOXFFTKTP_Mali_DELIM-RCWFZQFLJDWYOXFFTKTP_31_DELIM-RCWFZQFLJDWYOXFFTKTP_2016                               0.00%    passed    100.00%
 218  B_DELIM-RCWFZQFLJDWYOXFFTKTP_California_DELIM-RCWFZQFLJDWYOXFFTKTP_NHRC0001_DELIM-RCWFZQFLJDWYOXFFTKTP_2005                   0.00%    passed     96.25%
 219  B_DELIM-RCWFZQFLJDWYOXFFTKTP_Brazil_DELIM-RCWFZQFLJDWYOXFFTKTP_8053_DELIM-RCWFZQFLJDWYOXFFTKTP_2015                           1.66%    passed     99.67%
 220  B_DELIM-RCWFZQFLJDWYOXFFTKTP_Nevada_DELIM-RCWFZQFLJDWYOXFFTKTP_9_DELIM-RCWFZQFLJDWYOXFFTKTP_2017                              0.00%    passed     99.57%
 221  B_DELIM-RCWFZQFLJDWYOXFFTKTP_Colombia_DELIM-RCWFZQFLJDWYOXFFTKTP_4930_DELIM-RCWFZQFLJDWYOXFFTKTP_2017                         0.00%    passed     99.66%
 222  B_DELIM-RCWFZQFLJDWYOXFFTKTP_SouthAfrica_DELIM-RCWFZQFLJDWYOXFFTKTP_R07356_DELIM-RCWFZQFLJDWYOXFFTKTP_2017                    0.00%    passed     99.46%
 223  B_DELIM-RCWFZQFLJDWYOXFFTKTP_Managua_DELIM-RCWFZQFLJDWYOXFFTKTP_342501_DELIM-RCWFZQFLJDWYOXFFTKTP_2008                        0.04%    passed     99.83%
 224  B_DELIM-RCWFZQFLJDWYOXFFTKTP_Primorie_DELIM-RCWFZQFLJDWYOXFFTKTP_4597V_DELIM-RCWFZQFLJDWYOXFFTKTP_2018                        0.00%    passed     98.47%
 225  B_DELIM-RCWFZQFLJDWYOXFFTKTP_NewYork_DELIM-RCWFZQFLJDWYOXFFTKTP_1072_DELIM-RCWFZQFLJDWYOXFFTKTP_2005                          0.21%    passed     97.95%
 226  B_DELIM-RCWFZQFLJDWYOXFFTKTP_Florida_DELIM-RCWFZQFLJDWYOXFFTKTP_61_DELIM-RCWFZQFLJDWYOXFFTKTP_2016                            0.00%    passed    100.00%
 227  B_DELIM-RCWFZQFLJDWYOXFFTKTP_Florida_DELIM-RCWFZQFLJDWYOXFFTKTP_30_DELIM-RCWFZQFLJDWYOXFFTKTP_2019                            0.00%    passed     99.69%
 228  B_DELIM-RCWFZQFLJDWYOXFFTKTP_BurkinaFaso_DELIM-RCWFZQFLJDWYOXFFTKTP_1639_DELIM-RCWFZQFLJDWYOXFFTKTP_2015                      0.00%    passed     99.84%
 229  B_DELIM-RCWFZQFLJDWYOXFFTKTP_NewYork_DELIM-RCWFZQFLJDWYOXFFTKTP_50_DELIM-RCWFZQFLJDWYOXFFTKTP_2016                            0.00%    passed     99.62%
 230  B_DELIM-RCWFZQFLJDWYOXFFTKTP_BurkinaFaso_DELIM-RCWFZQFLJDWYOXFFTKTP_1607_DELIM-RCWFZQFLJDWYOXFFTKTP_2015                      0.00%    passed     99.45%
 231  B_DELIM-RCWFZQFLJDWYOXFFTKTP_Congo_DELIM-RCWFZQFLJDWYOXFFTKTP_351_DELIM-RCWFZQFLJDWYOXFFTKTP_2018                             0.00%    passed     99.96%
 232  B_DELIM-RCWFZQFLJDWYOXFFTKTP_Suriname_DELIM-RCWFZQFLJDWYOXFFTKTP_1442_DELIM-RCWFZQFLJDWYOXFFTKTP_2016                         0.00%    passed     98.78%
 233  B_DELIM-RCWFZQFLJDWYOXFFTKTP_Wyoming_DELIM-RCWFZQFLJDWYOXFFTKTP_11_DELIM-RCWFZQFLJDWYOXFFTKTP_2018                            0.04%    passed     99.88%
 234  B_DELIM-RCWFZQFLJDWYOXFFTKTP_Mali_DELIM-RCWFZQFLJDWYOXFFTKTP_39_DELIM-RCWFZQFLJDWYOXFFTKTP_2018                               0.00%    passed    100.00%
 235  B_DELIM-RCWFZQFLJDWYOXFFTKTP_NewYork_DELIM-RCWFZQFLJDWYOXFFTKTP_1112_DELIM-RCWFZQFLJDWYOXFFTKTP_2007                          0.13%    passed     99.72%
 236  B_DELIM-RCWFZQFLJDWYOXFFTKTP_California_DELIM-RCWFZQFLJDWYOXFFTKTP_NHRC0008_DELIM-RCWFZQFLJDWYOXFFTKTP_2005                   0.00%    passed     97.86%
 237  B_DELIM-RCWFZQFLJDWYOXFFTKTP_Managua_DELIM-RCWFZQFLJDWYOXFFTKTP_498202_DELIM-RCWFZQFLJDWYOXFFTKTP_2008                        0.04%    passed     99.93%
 238  B_DELIM-RCWFZQFLJDWYOXFFTKTP_Bangladesh_DELIM-RCWFZQFLJDWYOXFFTKTP_4012_DELIM-RCWFZQFLJDWYOXFFTKTP_2019                       0.00%    passed     99.07%
 239  B_DELIM-RCWFZQFLJDWYOXFFTKTP_NewYork_DELIM-RCWFZQFLJDWYOXFFTKTP_1176_DELIM-RCWFZQFLJDWYOXFFTKTP_2008                          1.66%    passed     92.92%
 240  B_DELIM-RCWFZQFLJDWYOXFFTKTP_NewYork_DELIM-RCWFZQFLJDWYOXFFTKTP_1124_DELIM-RCWFZQFLJDWYOXFFTKTP_2007                          0.00%    passed     99.31%
 241  B_DELIM-RCWFZQFLJDWYOXFFTKTP_Spain_DELIM-RCWFZQFLJDWYOXFFTKTP_11425_DELIM-RCWFZQFLJDWYOXFFTKTP_2019                           1.66%    passed     99.43%
 242  B_DELIM-RCWFZQFLJDWYOXFFTKTP_PuertoRico_DELIM-RCWFZQFLJDWYOXFFTKTP_6_DELIM-RCWFZQFLJDWYOXFFTKTP_2016                          0.00%    passed    100.00%
 243  B_DELIM-RCWFZQFLJDWYOXFFTKTP_England_DELIM-RCWFZQFLJDWYOXFFTKTP_74760564_DELIM-RCWFZQFLJDWYOXFFTKTP_2017                      1.66%    passed     99.50%
 244  B_DELIM-RCWFZQFLJDWYOXFFTKTP_Skovde_DELIM-RCWFZQFLJDWYOXFFTKTP_2_DELIM-RCWFZQFLJDWYOXFFTKTP_2017                              1.66%    passed     99.78%
 245  B_DELIM-RCWFZQFLJDWYOXFFTKTP_Managua_DELIM-RCWFZQFLJDWYOXFFTKTP_265002_DELIM-RCWFZQFLJDWYOXFFTKTP_2008                        0.00%    passed     99.64%
 246  B_DELIM-RCWFZQFLJDWYOXFFTKTP_Stockholm_DELIM-RCWFZQFLJDWYOXFFTKTP_4_DELIM-RCWFZQFLJDWYOXFFTKTP_2016                           1.66%    passed     98.97%
 247  B_DELIM-RCWFZQFLJDWYOXFFTKTP_Tanzania_DELIM-RCWFZQFLJDWYOXFFTKTP_665_DELIM-RCWFZQFLJDWYOXFFTKTP_2015                          0.04%    passed     99.84%
 248  B_DELIM-RCWFZQFLJDWYOXFFTKTP_Togo_DELIM-RCWFZQFLJDWYOXFFTKTP_679_DELIM-RCWFZQFLJDWYOXFFTKTP_2016                              0.00%    passed     99.10%
 249  B_DELIM-RCWFZQFLJDWYOXFFTKTP_Delaware_DELIM-RCWFZQFLJDWYOXFFTKTP_4_DELIM-RCWFZQFLJDWYOXFFTKTP_2020                            0.00%    passed     99.95%
 250  B_DELIM-RCWFZQFLJDWYOXFFTKTP_Novosibirsk_DELIM-RCWFZQFLJDWYOXFFTKTP_RII-26927S_DELIM-RCWFZQFLJDWYOXFFTKTP_2020                0.00%    passed     99.12%
 251  B_DELIM-RCWFZQFLJDWYOXFFTKTP_Maryland_DELIM-RCWFZQFLJDWYOXFFTKTP_26_DELIM-RCWFZQFLJDWYOXFFTKTP_2015                           1.66%    passed     99.58%
 252  B_DELIM-RCWFZQFLJDWYOXFFTKTP_Nonthaburi_DELIM-RCWFZQFLJDWYOXFFTKTP_275_DELIM-RCWFZQFLJDWYOXFFTKTP_2017                        0.00%    passed     99.91%
 253  B_DELIM-RCWFZQFLJDWYOXFFTKTP_WestVirginia_DELIM-RCWFZQFLJDWYOXFFTKTP_11_DELIM-RCWFZQFLJDWYOXFFTKTP_2019                       0.00%    passed     99.86%
 254  B_DELIM-RCWFZQFLJDWYOXFFTKTP_NewYork_DELIM-RCWFZQFLJDWYOXFFTKTP_1173_DELIM-RCWFZQFLJDWYOXFFTKTP_2008                          1.66%    passed     95.10%
 255  B_DELIM-RCWFZQFLJDWYOXFFTKTP_Togo_DELIM-RCWFZQFLJDWYOXFFTKTP_170_DELIM-RCWFZQFLJDWYOXFFTKTP_2017                              0.00%    passed     99.38%
 256  B_DELIM-RCWFZQFLJDWYOXFFTKTP_Santiago_DELIM-RCWFZQFLJDWYOXFFTKTP_34517_DELIM-RCWFZQFLJDWYOXFFTKTP_2018                        0.00%    passed     98.55%
 257  B_DELIM-RCWFZQFLJDWYOXFFTKTP_PaysDeLoire_DELIM-RCWFZQFLJDWYOXFFTKTP_346_DELIM-RCWFZQFLJDWYOXFFTKTP_2020                       1.66%    passed     99.49%
 258  B_DELIM-RCWFZQFLJDWYOXFFTKTP_Brazil_DELIM-RCWFZQFLJDWYOXFFTKTP_5778_DELIM-RCWFZQFLJDWYOXFFTKTP_2016                           0.00%    passed     99.97%
 259  B_DELIM-RCWFZQFLJDWYOXFFTKTP_Bangladesh_DELIM-RCWFZQFLJDWYOXFFTKTP_801_DELIM-RCWFZQFLJDWYOXFFTKTP_2017                        0.00%    passed     99.42%
 260  B_DELIM-RCWFZQFLJDWYOXFFTKTP_Bangladesh_DELIM-RCWFZQFLJDWYOXFFTKTP_80000_DELIM-RCWFZQFLJDWYOXFFTKTP_2017                      0.00%    passed     99.64%
 261  B_DELIM-RCWFZQFLJDWYOXFFTKTP_Afghanistan_DELIM-RCWFZQFLJDWYOXFFTKTP_50063_DELIM-RCWFZQFLJDWYOXFFTKTP_2019                     0.00%    passed     99.30%
 262  B_DELIM-RCWFZQFLJDWYOXFFTKTP_TimorLeste_DELIM-RCWFZQFLJDWYOXFFTKTP_27_DELIM-RCWFZQFLJDWYOXFFTKTP_2018                         1.62%    passed     99.65%
 263  B_DELIM-RCWFZQFLJDWYOXFFTKTP_California_DELIM-RCWFZQFLJDWYOXFFTKTP_NHRC0002_DELIM-RCWFZQFLJDWYOXFFTKTP_2005                   0.00%    passed     96.25%
 264  B_DELIM-RCWFZQFLJDWYOXFFTKTP_CoteDIvoire_DELIM-RCWFZQFLJDWYOXFFTKTP_1689_DELIM-RCWFZQFLJDWYOXFFTKTP_2015                      0.00%    passed     99.64%
 265  B_DELIM-RCWFZQFLJDWYOXFFTKTP_Singapore_DELIM-RCWFZQFLJDWYOXFFTKTP_NTF0044_DELIM-RCWFZQFLJDWYOXFFTKTP_2019                     1.66%    passed     99.14%
 266  B_DELIM-RCWFZQFLJDWYOXFFTKTP_Bahrain_DELIM-RCWFZQFLJDWYOXFFTKTP_222_DELIM-RCWFZQFLJDWYOXFFTKTP_2018                           0.00%    passed     99.30%
 267  B_DELIM-RCWFZQFLJDWYOXFFTKTP_NewYork_DELIM-RCWFZQFLJDWYOXFFTKTP_1104_DELIM-RCWFZQFLJDWYOXFFTKTP_2007                          0.00%    passed     99.45%
 268  B_DELIM-RCWFZQFLJDWYOXFFTKTP_Bangladesh_DELIM-RCWFZQFLJDWYOXFFTKTP_208013_DELIM-RCWFZQFLJDWYOXFFTKTP_2015                     0.00%    passed     99.97%
 269  B_DELIM-RCWFZQFLJDWYOXFFTKTP_Bangladesh_DELIM-RCWFZQFLJDWYOXFFTKTP_3019_DELIM-RCWFZQFLJDWYOXFFTKTP_2018                       0.00%    passed     99.23%
 270  B_DELIM-RCWFZQFLJDWYOXFFTKTP_Tanzania_DELIM-RCWFZQFLJDWYOXFFTKTP_2195_DELIM-RCWFZQFLJDWYOXFFTKTP_2016                         0.04%    passed     99.97%
 271  B_DELIM-RCWFZQFLJDWYOXFFTKTP_Kristianstad_DELIM-RCWFZQFLJDWYOXFFTKTP_1_DELIM-RCWFZQFLJDWYOXFFTKTP_2016                        1.70%    passed     99.50%
 272  B_DELIM-RCWFZQFLJDWYOXFFTKTP_NewYork_DELIM-RCWFZQFLJDWYOXFFTKTP_WC-LVD-14-015_DELIM-RCWFZQFLJDWYOXFFTKTP_2014                 0.04%    passed     99.99%
 273  B_DELIM-RCWFZQFLJDWYOXFFTKTP_Bolivia_DELIM-RCWFZQFLJDWYOXFFTKTP_400_DELIM-RCWFZQFLJDWYOXFFTKTP_2015                           0.00%    passed     99.96%
 274  B_DELIM-RCWFZQFLJDWYOXFFTKTP_NewYork_DELIM-RCWFZQFLJDWYOXFFTKTP_WC-LVD-14-004_DELIM-RCWFZQFLJDWYOXFFTKTP_2014                 1.66%    passed     98.97%
 275  B_DELIM-RCWFZQFLJDWYOXFFTKTP_Peru_DELIM-RCWFZQFLJDWYOXFFTKTP_3316_DELIM-RCWFZQFLJDWYOXFFTKTP_2016                             0.00%    passed     99.91%
 276  B_DELIM-RCWFZQFLJDWYOXFFTKTP_Paraiba_DELIM-RCWFZQFLJDWYOXFFTKTP_143160-IEC_DELIM-RCWFZQFLJDWYOXFFTKTP_2016                    0.00%    passed     99.97%
 277  B_DELIM-RCWFZQFLJDWYOXFFTKTP_Bangladesh_DELIM-RCWFZQFLJDWYOXFFTKTP_3006_DELIM-RCWFZQFLJDWYOXFFTKTP_2016                       0.00%    passed     99.95%
 278  B_DELIM-RCWFZQFLJDWYOXFFTKTP_NewYork_DELIM-RCWFZQFLJDWYOXFFTKTP_WC-LVD-14-038_DELIM-RCWFZQFLJDWYOXFFTKTP_2014                 0.04%    passed     99.98%
 279  B_DELIM-RCWFZQFLJDWYOXFFTKTP_Lebanon_DELIM-RCWFZQFLJDWYOXFFTKTP_2184_DELIM-RCWFZQFLJDWYOXFFTKTP_2016                          0.00%    passed     99.78%
 280  B_DELIM-RCWFZQFLJDWYOXFFTKTP_Guam_DELIM-RCWFZQFLJDWYOXFFTKTP_204_DELIM-RCWFZQFLJDWYOXFFTKTP_2019                              0.00%    passed     99.93%
 281  B_DELIM-RCWFZQFLJDWYOXFFTKTP_BurkinaFaso_DELIM-RCWFZQFLJDWYOXFFTKTP_950_DELIM-RCWFZQFLJDWYOXFFTKTP_2018                       0.00%    passed     99.42%
 282  B_DELIM-RCWFZQFLJDWYOXFFTKTP_NewJersey_DELIM-RCWFZQFLJDWYOXFFTKTP_NHRC0001_DELIM-RCWFZQFLJDWYOXFFTKTP_2005                    0.00%    passed     97.30%
 283  B_DELIM-RCWFZQFLJDWYOXFFTKTP_Stockholm_DELIM-RCWFZQFLJDWYOXFFTKTP_17_DELIM-RCWFZQFLJDWYOXFFTKTP_2016                          1.66%    passed     99.74%
 284  B_DELIM-RCWFZQFLJDWYOXFFTKTP_Macedonia_DELIM-RCWFZQFLJDWYOXFFTKTP_485_DELIM-RCWFZQFLJDWYOXFFTKTP_2018                         0.00%    passed     99.64%
 285  B_DELIM-RCWFZQFLJDWYOXFFTKTP_NorthDakota_DELIM-RCWFZQFLJDWYOXFFTKTP_7_DELIM-RCWFZQFLJDWYOXFFTKTP_2020                         0.00%    passed     99.86%
 286  B_DELIM-RCWFZQFLJDWYOXFFTKTP_NewYork_DELIM-RCWFZQFLJDWYOXFFTKTP_WC-LVD-14-005_DELIM-RCWFZQFLJDWYOXFFTKTP_2014                 0.04%    passed     99.99%
 287  B_DELIM-RCWFZQFLJDWYOXFFTKTP_Haiti_DELIM-RCWFZQFLJDWYOXFFTKTP_90163_DELIM-RCWFZQFLJDWYOXFFTKTP_2019                           0.00%    passed     99.66%
 288  B_DELIM-RCWFZQFLJDWYOXFFTKTP_HongKong_DELIM-RCWFZQFLJDWYOXFFTKTP_1553_DELIM-RCWFZQFLJDWYOXFFTKTP_2016                         0.00%    passed     99.64%
 289  B_DELIM-RCWFZQFLJDWYOXFFTKTP_Texas_DELIM-RCWFZQFLJDWYOXFFTKTP_81_DELIM-RCWFZQFLJDWYOXFFTKTP_2016                              0.00%    passed     98.16%
 290  B_DELIM-RCWFZQFLJDWYOXFFTKTP_NewYork_DELIM-RCWFZQFLJDWYOXFFTKTP_WC-LVD-14-025_DELIM-RCWFZQFLJDWYOXFFTKTP_2014                 0.04%    passed     99.96%
 291  B_DELIM-RCWFZQFLJDWYOXFFTKTP_Bahrain_DELIM-RCWFZQFLJDWYOXFFTKTP_353_DELIM-RCWFZQFLJDWYOXFFTKTP_2018                           0.00%    passed     99.90%
 292  B_DELIM-RCWFZQFLJDWYOXFFTKTP_Pakistan_DELIM-RCWFZQFLJDWYOXFFTKTP_367_DELIM-RCWFZQFLJDWYOXFFTKTP_2015                          0.00%    passed     99.97%
 293  B_DELIM-RCWFZQFLJDWYOXFFTKTP_Lebanon_DELIM-RCWFZQFLJDWYOXFFTKTP_1379_DELIM-RCWFZQFLJDWYOXFFTKTP_2016                          0.00%    passed     99.93%
 294  B_DELIM-RCWFZQFLJDWYOXFFTKTP_Peru_DELIM-RCWFZQFLJDWYOXFFTKTP_6819_DELIM-RCWFZQFLJDWYOXFFTKTP_2019                             0.00%    passed     99.95%
 295  B_DELIM-RCWFZQFLJDWYOXFFTKTP_Wyoming_DELIM-RCWFZQFLJDWYOXFFTKTP_8_DELIM-RCWFZQFLJDWYOXFFTKTP_2017                             0.00%    passed     99.69%
 296  B_DELIM-RCWFZQFLJDWYOXFFTKTP_Maldives_DELIM-RCWFZQFLJDWYOXFFTKTP_1168_DELIM-RCWFZQFLJDWYOXFFTKTP_2017                         0.04%    passed     99.41%
 297  B_DELIM-RCWFZQFLJDWYOXFFTKTP_Hiroshima_DELIM-RCWFZQFLJDWYOXFFTKTP_8_DELIM-RCWFZQFLJDWYOXFFTKTP_2018                           1.91%    passed     99.26%
 298  B_DELIM-RCWFZQFLJDWYOXFFTKTP_NewYork_DELIM-RCWFZQFLJDWYOXFFTKTP_1129_DELIM-RCWFZQFLJDWYOXFFTKTP_2007                          0.13%    passed     99.73%
 299  B_DELIM-RCWFZQFLJDWYOXFFTKTP_Kenya_DELIM-RCWFZQFLJDWYOXFFTKTP_119_DELIM-RCWFZQFLJDWYOXFFTKTP_2018                             0.00%    passed     99.94%
 300  B_DELIM-RCWFZQFLJDWYOXFFTKTP_Stockholm_DELIM-RCWFZQFLJDWYOXFFTKTP_7_DELIM-RCWFZQFLJDWYOXFFTKTP_2014                           1.66%    passed     98.24%
 301  B_DELIM-RCWFZQFLJDWYOXFFTKTP_England_DELIM-RCWFZQFLJDWYOXFFTKTP_9_DELIM-RCWFZQFLJDWYOXFFTKTP_2017                             1.66%    passed     99.90%
 302  B_DELIM-RCWFZQFLJDWYOXFFTKTP_NewYork_DELIM-RCWFZQFLJDWYOXFFTKTP_1145_DELIM-RCWFZQFLJDWYOXFFTKTP_2008                          1.66%    passed     95.10%
 303  B_DELIM-RCWFZQFLJDWYOXFFTKTP_Colombia_DELIM-RCWFZQFLJDWYOXFFTKTP_872_DELIM-RCWFZQFLJDWYOXFFTKTP_2016                          0.00%    passed     99.88%
 304  B_DELIM-RCWFZQFLJDWYOXFFTKTP_NewYork_DELIM-RCWFZQFLJDWYOXFFTKTP_1174_DELIM-RCWFZQFLJDWYOXFFTKTP_2008                          1.66%    passed     96.77%
 305  B_DELIM-RCWFZQFLJDWYOXFFTKTP_Acre_DELIM-RCWFZQFLJDWYOXFFTKTP_135657-IEC_DELIM-RCWFZQFLJDWYOXFFTKTP_2015                       1.66%    passed     99.26%
 306  B_DELIM-RCWFZQFLJDWYOXFFTKTP_Trollhattan_DELIM-RCWFZQFLJDWYOXFFTKTP_2_DELIM-RCWFZQFLJDWYOXFFTKTP_2018                         1.66%    passed     99.78%
 307  B_DELIM-RCWFZQFLJDWYOXFFTKTP_Argentina_DELIM-RCWFZQFLJDWYOXFFTKTP_19_DELIM-RCWFZQFLJDWYOXFFTKTP_2016                          0.00%    passed     99.73%
 308  B_DELIM-RCWFZQFLJDWYOXFFTKTP_NewYork_DELIM-RCWFZQFLJDWYOXFFTKTP_1116_DELIM-RCWFZQFLJDWYOXFFTKTP_2007                          0.13%    passed     99.84%
 309  B_DELIM-RCWFZQFLJDWYOXFFTKTP_Lebanon_DELIM-RCWFZQFLJDWYOXFFTKTP_2483_DELIM-RCWFZQFLJDWYOXFFTKTP_2017                          0.00%    passed     99.46%
 310  B_DELIM-RCWFZQFLJDWYOXFFTKTP_Singapore_DELIM-RCWFZQFLJDWYOXFFTKTP_INFGP-16-0818_DELIM-RCWFZQFLJDWYOXFFTKTP_2016               1.66%    passed     99.59%
 311  B_DELIM-RCWFZQFLJDWYOXFFTKTP_HongKong_DELIM-RCWFZQFLJDWYOXFFTKTP_1406_DELIM-RCWFZQFLJDWYOXFFTKTP_2018                         0.00%    passed     99.39%
 312  B_DELIM-RCWFZQFLJDWYOXFFTKTP_Bangladesh_DELIM-RCWFZQFLJDWYOXFFTKTP_3037_DELIM-RCWFZQFLJDWYOXFFTKTP_2017                       0.04%    passed     99.21%
 313  B_DELIM-RCWFZQFLJDWYOXFFTKTP_Minnesota_DELIM-RCWFZQFLJDWYOXFFTKTP_7_DELIM-RCWFZQFLJDWYOXFFTKTP_2020                           0.00%    passed     99.85%
 314  B_DELIM-RCWFZQFLJDWYOXFFTKTP_Martinique_DELIM-RCWFZQFLJDWYOXFFTKTP_2109_DELIM-RCWFZQFLJDWYOXFFTKTP_2015                       1.66%    passed     99.34%
****  TOTAL                                                                                                                         0.43%  0 sequences failed composition chi2 test (p-value<5%; df=3)
NOTE: B_DELIM-RCWFZQFLJDWYOXFFTKTP_Managua_DELIM-RCWFZQFLJDWYOXFFTKTP_449801_DELIM-RCWFZQFLJDWYOXFFTKTP_2008 is identical to B_DELIM-RCWFZQFLJDWYOXFFTKTP_Managua_DELIM-RCWFZQFLJDWYOXFFTKTP_338703_DELIM-RCWFZQFLJDWYOXFFTKTP_2008 but kept for subsequent analysis
NOTE: B_DELIM-RCWFZQFLJDWYOXFFTKTP_Managua_DELIM-RCWFZQFLJDWYOXFFTKTP_67302_DELIM-RCWFZQFLJDWYOXFFTKTP_2008 is identical to B_DELIM-RCWFZQFLJDWYOXFFTKTP_Managua_DELIM-RCWFZQFLJDWYOXFFTKTP_136502_DELIM-RCWFZQFLJDWYOXFFTKTP_2008 but kept for subsequent analysis
NOTE: B_DELIM-RCWFZQFLJDWYOXFFTKTP_PuertoRico_DELIM-RCWFZQFLJDWYOXFFTKTP_6_DELIM-RCWFZQFLJDWYOXFFTKTP_2016 is identical to B_DELIM-RCWFZQFLJDWYOXFFTKTP_Santiago_DELIM-RCWFZQFLJDWYOXFFTKTP_20269_DELIM-RCWFZQFLJDWYOXFFTKTP_2016 but kept for subsequent analysis
NOTE: B_DELIM-RCWFZQFLJDWYOXFFTKTP_Brazil_DELIM-RCWFZQFLJDWYOXFFTKTP_71888_DELIM-RCWFZQFLJDWYOXFFTKTP_2015 is identical to B_DELIM-RCWFZQFLJDWYOXFFTKTP_Brazil_DELIM-RCWFZQFLJDWYOXFFTKTP_580_DELIM-RCWFZQFLJDWYOXFFTKTP_2015 but kept for subsequent analysis
NOTE: B_DELIM-RCWFZQFLJDWYOXFFTKTP_California_DELIM-RCWFZQFLJDWYOXFFTKTP_NHRC0003_DELIM-RCWFZQFLJDWYOXFFTKTP_2005 is identical to B_DELIM-RCWFZQFLJDWYOXFFTKTP_California_DELIM-RCWFZQFLJDWYOXFFTKTP_NHRC0004_DELIM-RCWFZQFLJDWYOXFFTKTP_2005 but kept for subsequent analysis
NOTE: B_DELIM-RCWFZQFLJDWYOXFFTKTP_NewJersey_DELIM-RCWFZQFLJDWYOXFFTKTP_12_DELIM-RCWFZQFLJDWYOXFFTKTP_2019 is identical to B_DELIM-RCWFZQFLJDWYOXFFTKTP_California_DELIM-RCWFZQFLJDWYOXFFTKTP_77_DELIM-RCWFZQFLJDWYOXFFTKTP_2019 but kept for subsequent analysis
NOTE: B_DELIM-RCWFZQFLJDWYOXFFTKTP_Lebanon_DELIM-RCWFZQFLJDWYOXFFTKTP_1379_DELIM-RCWFZQFLJDWYOXFFTKTP_2016 is identical to B_DELIM-RCWFZQFLJDWYOXFFTKTP_Lebanon_DELIM-RCWFZQFLJDWYOXFFTKTP_1634_DELIM-RCWFZQFLJDWYOXFFTKTP_2016 but kept for subsequent analysis
NOTE: B_DELIM-RCWFZQFLJDWYOXFFTKTP_Bangladesh_DELIM-RCWFZQFLJDWYOXFFTKTP_1012_DELIM-RCWFZQFLJDWYOXFFTKTP_2017 is identical to B_DELIM-RCWFZQFLJDWYOXFFTKTP_Tanzania_DELIM-RCWFZQFLJDWYOXFFTKTP_4968_DELIM-RCWFZQFLJDWYOXFFTKTP_2018 but kept for subsequent analysis
NOTE: B_DELIM-RCWFZQFLJDWYOXFFTKTP_Stockholm_DELIM-RCWFZQFLJDWYOXFFTKTP_4_DELIM-RCWFZQFLJDWYOXFFTKTP_2016 is identical to B_DELIM-RCWFZQFLJDWYOXFFTKTP_Stockholm_DELIM-RCWFZQFLJDWYOXFFTKTP_8_DELIM-RCWFZQFLJDWYOXFFTKTP_2015 but kept for subsequent analysis
NOTE: B_DELIM-RCWFZQFLJDWYOXFFTKTP_NewYork_DELIM-RCWFZQFLJDWYOXFFTKTP_1169_DELIM-RCWFZQFLJDWYOXFFTKTP_2008 is identical to B_DELIM-RCWFZQFLJDWYOXFFTKTP_NewYork_DELIM-RCWFZQFLJDWYOXFFTKTP_1137_DELIM-RCWFZQFLJDWYOXFFTKTP_2008 but kept for subsequent analysis
NOTE: B_DELIM-RCWFZQFLJDWYOXFFTKTP_NewYork_DELIM-RCWFZQFLJDWYOXFFTKTP_1132_DELIM-RCWFZQFLJDWYOXFFTKTP_2007 is identical to B_DELIM-RCWFZQFLJDWYOXFFTKTP_NewYork_DELIM-RCWFZQFLJDWYOXFFTKTP_1130_DELIM-RCWFZQFLJDWYOXFFTKTP_2007 but kept for subsequent analysis
NOTE: B_DELIM-RCWFZQFLJDWYOXFFTKTP_Bangladesh_DELIM-RCWFZQFLJDWYOXFFTKTP_4012_DELIM-RCWFZQFLJDWYOXFFTKTP_2019 is identical to B_DELIM-RCWFZQFLJDWYOXFFTKTP_Bangladesh_DELIM-RCWFZQFLJDWYOXFFTKTP_327_DELIM-RCWFZQFLJDWYOXFFTKTP_2019 but kept for subsequent analysis
NOTE: B_DELIM-RCWFZQFLJDWYOXFFTKTP_NewYork_DELIM-RCWFZQFLJDWYOXFFTKTP_WC-LVD-14-015_DELIM-RCWFZQFLJDWYOXFFTKTP_2014 is identical to B_DELIM-RCWFZQFLJDWYOXFFTKTP_NewYork_DELIM-RCWFZQFLJDWYOXFFTKTP_WC-LVD-14-021_DELIM-RCWFZQFLJDWYOXFFTKTP_2014 but kept for subsequent analysis
NOTE: B_DELIM-RCWFZQFLJDWYOXFFTKTP_PaysDeLoire_DELIM-RCWFZQFLJDWYOXFFTKTP_1150_DELIM-RCWFZQFLJDWYOXFFTKTP_2020 is identical to B_DELIM-RCWFZQFLJDWYOXFFTKTP_PaysDeLoire_DELIM-RCWFZQFLJDWYOXFFTKTP_859_DELIM-RCWFZQFLJDWYOXFFTKTP_2020 but kept for subsequent analysis
NOTE: B_DELIM-RCWFZQFLJDWYOXFFTKTP_Managua_DELIM-RCWFZQFLJDWYOXFFTKTP_265002_DELIM-RCWFZQFLJDWYOXFFTKTP_2008 is identical to B_DELIM-RCWFZQFLJDWYOXFFTKTP_Managua_DELIM-RCWFZQFLJDWYOXFFTKTP_364001_DELIM-RCWFZQFLJDWYOXFFTKTP_2008 but kept for subsequent analysis
NOTE: B_DELIM-RCWFZQFLJDWYOXFFTKTP_Bangladesh_DELIM-RCWFZQFLJDWYOXFFTKTP_712021_DELIM-RCWFZQFLJDWYOXFFTKTP_2017 is identical to B_DELIM-RCWFZQFLJDWYOXFFTKTP_Bangladesh_DELIM-RCWFZQFLJDWYOXFFTKTP_2008_DELIM-RCWFZQFLJDWYOXFFTKTP_2017 but kept for subsequent analysis
NOTE: B_DELIM-RCWFZQFLJDWYOXFFTKTP_Uruguay_DELIM-RCWFZQFLJDWYOXFFTKTP_403_DELIM-RCWFZQFLJDWYOXFFTKTP_2017 is identical to B_DELIM-RCWFZQFLJDWYOXFFTKTP_Uruguay_DELIM-RCWFZQFLJDWYOXFFTKTP_106_DELIM-RCWFZQFLJDWYOXFFTKTP_2017 but kept for subsequent analysis
NOTE: 10 identical sequences (see below) will be ignored for subsequent analysis
NOTE: B_DELIM-RCWFZQFLJDWYOXFFTKTP_Managua_DELIM-RCWFZQFLJDWYOXFFTKTP_342501_DELIM-RCWFZQFLJDWYOXFFTKTP_2008 (identical to B_DELIM-RCWFZQFLJDWYOXFFTKTP_Managua_DELIM-RCWFZQFLJDWYOXFFTKTP_338703_DELIM-RCWFZQFLJDWYOXFFTKTP_2008) is ignored but added at the end
NOTE: B_DELIM-RCWFZQFLJDWYOXFFTKTP_Managua_DELIM-RCWFZQFLJDWYOXFFTKTP_334201_DELIM-RCWFZQFLJDWYOXFFTKTP_2008 (identical to B_DELIM-RCWFZQFLJDWYOXFFTKTP_Managua_DELIM-RCWFZQFLJDWYOXFFTKTP_136502_DELIM-RCWFZQFLJDWYOXFFTKTP_2008) is ignored but added at the end
NOTE: B_DELIM-RCWFZQFLJDWYOXFFTKTP_California_DELIM-RCWFZQFLJDWYOXFFTKTP_NHRC0001_DELIM-RCWFZQFLJDWYOXFFTKTP_2005 (identical to B_DELIM-RCWFZQFLJDWYOXFFTKTP_California_DELIM-RCWFZQFLJDWYOXFFTKTP_NHRC0004_DELIM-RCWFZQFLJDWYOXFFTKTP_2005) is ignored but added at the end
NOTE: B_DELIM-RCWFZQFLJDWYOXFFTKTP_California_DELIM-RCWFZQFLJDWYOXFFTKTP_NHRC0002_DELIM-RCWFZQFLJDWYOXFFTKTP_2005 (identical to B_DELIM-RCWFZQFLJDWYOXFFTKTP_California_DELIM-RCWFZQFLJDWYOXFFTKTP_NHRC0004_DELIM-RCWFZQFLJDWYOXFFTKTP_2005) is ignored but added at the end
NOTE: B_DELIM-RCWFZQFLJDWYOXFFTKTP_NewYork_DELIM-RCWFZQFLJDWYOXFFTKTP_1166_DELIM-RCWFZQFLJDWYOXFFTKTP_2008 (identical to B_DELIM-RCWFZQFLJDWYOXFFTKTP_NewYork_DELIM-RCWFZQFLJDWYOXFFTKTP_1137_DELIM-RCWFZQFLJDWYOXFFTKTP_2008) is ignored but added at the end
NOTE: B_DELIM-RCWFZQFLJDWYOXFFTKTP_NewYork_DELIM-RCWFZQFLJDWYOXFFTKTP_1147_DELIM-RCWFZQFLJDWYOXFFTKTP_2008 (identical to B_DELIM-RCWFZQFLJDWYOXFFTKTP_NewYork_DELIM-RCWFZQFLJDWYOXFFTKTP_1137_DELIM-RCWFZQFLJDWYOXFFTKTP_2008) is ignored but added at the end
NOTE: B_DELIM-RCWFZQFLJDWYOXFFTKTP_NewYork_DELIM-RCWFZQFLJDWYOXFFTKTP_1135_DELIM-RCWFZQFLJDWYOXFFTKTP_2008 (identical to B_DELIM-RCWFZQFLJDWYOXFFTKTP_NewYork_DELIM-RCWFZQFLJDWYOXFFTKTP_1137_DELIM-RCWFZQFLJDWYOXFFTKTP_2008) is ignored but added at the end
NOTE: B_DELIM-RCWFZQFLJDWYOXFFTKTP_NewYork_DELIM-RCWFZQFLJDWYOXFFTKTP_1173_DELIM-RCWFZQFLJDWYOXFFTKTP_2008 (identical to B_DELIM-RCWFZQFLJDWYOXFFTKTP_NewYork_DELIM-RCWFZQFLJDWYOXFFTKTP_1137_DELIM-RCWFZQFLJDWYOXFFTKTP_2008) is ignored but added at the end
NOTE: B_DELIM-RCWFZQFLJDWYOXFFTKTP_NewYork_DELIM-RCWFZQFLJDWYOXFFTKTP_1145_DELIM-RCWFZQFLJDWYOXFFTKTP_2008 (identical to B_DELIM-RCWFZQFLJDWYOXFFTKTP_NewYork_DELIM-RCWFZQFLJDWYOXFFTKTP_1137_DELIM-RCWFZQFLJDWYOXFFTKTP_2008) is ignored but added at the end
NOTE: B_DELIM-RCWFZQFLJDWYOXFFTKTP_NewYork_DELIM-RCWFZQFLJDWYOXFFTKTP_WC-LVD-14-005_DELIM-RCWFZQFLJDWYOXFFTKTP_2014 (identical to B_DELIM-RCWFZQFLJDWYOXFFTKTP_NewYork_DELIM-RCWFZQFLJDWYOXFFTKTP_WC-LVD-14-021_DELIM-RCWFZQFLJDWYOXFFTKTP_2014) is ignored but added at the end
Alignment was printed to results/aligned_cdc_yam_pb2_60y_cell_hi-delim.fasta.uniqueseq.phy

For your convenience alignment with unique sequences printed to results/aligned_cdc_yam_pb2_60y_cell_hi-delim.fasta.uniqueseq.phy

Create initial parsimony tree by phylogenetic likelihood library (PLL)... 0.029 seconds

NOTE: 5 MB RAM (0 GB) is required!
Estimate model parameters (epsilon = 0.500)
1. Initial log-likelihood: -11490.715
2. Current log-likelihood: -10753.126
Optimal log-likelihood: -10753.106
Rate parameters:  A-C: 2.86864  A-G: 26.26253  A-T: 1.01152  C-G: 0.93527  C-T: 38.78332  G-T: 1.00000
Base frequencies:  A: 0.381  C: 0.155  G: 0.227  T: 0.236
Parameters optimization took 2 rounds (0.669 sec)
Computing ML distances based on estimated model parameters...
Computing ML distances took 0.230520 sec (of wall-clock time) 0.230520 sec(of CPU time)
Computing RapidNJ tree took 0.006379 sec (of wall-clock time) 0.009118 sec (of CPU time)
Log-likelihood of RapidNJ tree: -10748.981
--------------------------------------------------------------------
|             INITIALIZING CANDIDATE TREE SET                      |
--------------------------------------------------------------------

Do NNI search on 2 best initial trees
Estimate model parameters (epsilon = 0.500)
BETTER TREE FOUND at iteration 1: -10713.781
Finish initializing candidate tree set (4)
Current best tree score: -10713.781 / CPU time: 0.435
Number of iterations: 2
TREE SEARCH COMPLETED AFTER 2 ITERATIONS / Time: 0h:0m:1s

--------------------------------------------------------------------
|                    FINALIZING TREE SEARCH                        |
--------------------------------------------------------------------
Performs final model parameters optimization
Estimate model parameters (epsilon = 0.050)
1. Initial log-likelihood: -10713.781
Optimal log-likelihood: -10713.781
Rate parameters:  A-C: 2.59529  A-G: 26.28730  A-T: 1.03603  C-G: 0.93982  C-T: 38.79452  G-T: 1.00000
Base frequencies:  A: 0.381  C: 0.155  G: 0.227  T: 0.236
Parameters optimization took 1 rounds (0.054 sec)
BEST SCORE FOUND : -10713.781
Total tree length: 0.416

Total number of iterations: 2
CPU time used for tree search: 0.558 sec (0h:0m:0s)
Wall-clock time used for tree search: 0.438 sec (0h:0m:0s)
Total CPU time used: 1.737 sec (0h:0m:1s)
Total wall-clock time used: 1.547 sec (0h:0m:1s)

Analysis results written to: 
  IQ-TREE report:                results/aligned_cdc_yam_pb2_60y_cell_hi-delim.fasta.iqtree
  Maximum-likelihood tree:       results/aligned_cdc_yam_pb2_60y_cell_hi-delim.fasta.treefile
  Likelihood distances:          results/aligned_cdc_yam_pb2_60y_cell_hi-delim.fasta.mldist
  Screen log file:               results/aligned_cdc_yam_pb2_60y_cell_hi-delim.fasta.log

Date and Time: Fri Aug 26 21:41:46 2022
