IQ-TREE multicore version 2.1.2 COVID-edition for Linux 64-bit built Oct 22 2020
Developed by Bui Quang Minh, James Barbetti, Nguyen Lam Tung,
Olga Chernomor, Heiko Schmidt, Dominik Schrempf, Michael Woodhams.

Host:    ip-172-31-90-137.ec2.internal (AVX512, FMA3, 3 GB RAM)
Command: iqtree -nt 1 -s results/aligned_cdc_yam_pb1_60y_cell_hi-delim.fasta -m GTR -ninit 2 -n 2 -me 0.05
Seed:    538088 (Using SPRNG - Scalable Parallel Random Number Generator)
Time:    Wed May 11 16:45:53 2022
Kernel:  AVX+FMA - 1 threads (2 CPU cores detected)

HINT: Use -nt option to specify number of threads because your CPU has 2 cores!
HINT: -nt AUTO will automatically determine the best number of threads to use.

Reading alignment file results/aligned_cdc_yam_pb1_60y_cell_hi-delim.fasta ... Fasta format detected
Alignment most likely contains DNA/RNA sequences
Alignment has 427 sequences with 2324 columns, 781 distinct patterns
545 parsimony-informative, 214 singleton sites, 1565 constant sites
                                                                                                                   Gap/Ambiguity  Composition  p-value
   1  B_DELIM-RARRHNFAUHBMLRKIXMWL_Chile_DELIM-RARRHNFAUHBMLRKIXMWL_7845_DELIM-RARRHNFAUHBMLRKIXMWL_2019                   0.00%    passed     99.98%
   2  B_DELIM-RARRHNFAUHBMLRKIXMWL_SouthAustralia_DELIM-RARRHNFAUHBMLRKIXMWL_23_DELIM-RARRHNFAUHBMLRKIXMWL_2019            0.04%    passed     99.91%
   3  B_DELIM-RARRHNFAUHBMLRKIXMWL_Malaysia_DELIM-RARRHNFAUHBMLRKIXMWL_13367_DELIM-RARRHNFAUHBMLRKIXMWL_1997               0.13%    passed     98.66%
   4  B_DELIM-RARRHNFAUHBMLRKIXMWL_Yokohama_DELIM-RARRHNFAUHBMLRKIXMWL_9_DELIM-RARRHNFAUHBMLRKIXMWL_2019                   0.00%    passed     99.90%
   5  B_DELIM-RARRHNFAUHBMLRKIXMWL_Perth_DELIM-RARRHNFAUHBMLRKIXMWL_569_DELIM-RARRHNFAUHBMLRKIXMWL_2014                    2.45%    passed     99.66%
   6  B_DELIM-RARRHNFAUHBMLRKIXMWL_Brisbane_DELIM-RARRHNFAUHBMLRKIXMWL_5_DELIM-RARRHNFAUHBMLRKIXMWL_2008                   2.80%    passed     99.84%
   7  B_DELIM-RARRHNFAUHBMLRKIXMWL_Tottori_DELIM-RARRHNFAUHBMLRKIXMWL_8_DELIM-RARRHNFAUHBMLRKIXMWL_2017                    2.80%    passed     99.88%
   8  B_DELIM-RARRHNFAUHBMLRKIXMWL_England_DELIM-RARRHNFAUHBMLRKIXMWL_243_DELIM-RARRHNFAUHBMLRKIXMWL_2011                  2.80%    passed     99.12%
   9  B_DELIM-RARRHNFAUHBMLRKIXMWL_Sydney_DELIM-RARRHNFAUHBMLRKIXMWL_2_DELIM-RARRHNFAUHBMLRKIXMWL_2005                     0.13%    passed     99.98%
  10  B_DELIM-RARRHNFAUHBMLRKIXMWL_Malaysia_DELIM-RARRHNFAUHBMLRKIXMWL_1818085_DELIM-RARRHNFAUHBMLRKIXMWL_2007             0.13%    passed     99.33%
  11  B_DELIM-RARRHNFAUHBMLRKIXMWL_Florida_DELIM-RARRHNFAUHBMLRKIXMWL_81_DELIM-RARRHNFAUHBMLRKIXMWL_2016                   0.00%    passed     99.92%
  12  B_DELIM-RARRHNFAUHBMLRKIXMWL_Houston_DELIM-RARRHNFAUHBMLRKIXMWL_B66_DELIM-RARRHNFAUHBMLRKIXMWL_2000                  1.08%    passed     99.25%
  13  B_DELIM-RARRHNFAUHBMLRKIXMWL_NewYork_DELIM-RARRHNFAUHBMLRKIXMWL_1022_DELIM-RARRHNFAUHBMLRKIXMWL_2000                 0.00%    passed     99.56%
  14  B_DELIM-RARRHNFAUHBMLRKIXMWL_Pakistan_DELIM-RARRHNFAUHBMLRKIXMWL_1405_DELIM-RARRHNFAUHBMLRKIXMWL_2018                0.00%    passed     99.88%
  15  B_DELIM-RARRHNFAUHBMLRKIXMWL_Alaska_DELIM-RARRHNFAUHBMLRKIXMWL_46_DELIM-RARRHNFAUHBMLRKIXMWL_2015                    2.80%    passed     99.04%
  16  B_DELIM-RARRHNFAUHBMLRKIXMWL_Pakistan_DELIM-RARRHNFAUHBMLRKIXMWL_37_DELIM-RARRHNFAUHBMLRKIXMWL_2017                  0.00%    passed     99.90%
  17  B_DELIM-RARRHNFAUHBMLRKIXMWL_Bangladesh_DELIM-RARRHNFAUHBMLRKIXMWL_10_DELIM-RARRHNFAUHBMLRKIXMWL_2019                0.00%    passed     99.61%
  18  B_DELIM-RARRHNFAUHBMLRKIXMWL_Colombia_DELIM-RARRHNFAUHBMLRKIXMWL_872_DELIM-RARRHNFAUHBMLRKIXMWL_2016                 0.00%    passed     99.89%
  19  B_DELIM-RARRHNFAUHBMLRKIXMWL_Brazil_DELIM-RARRHNFAUHBMLRKIXMWL_975_DELIM-RARRHNFAUHBMLRKIXMWL_2000                   0.04%    passed     99.11%
  20  B_DELIM-RARRHNFAUHBMLRKIXMWL_Townsville_DELIM-RARRHNFAUHBMLRKIXMWL_1_DELIM-RARRHNFAUHBMLRKIXMWL_2003                 1.38%    passed     99.42%
  21  B_DELIM-RARRHNFAUHBMLRKIXMWL_India_DELIM-RARRHNFAUHBMLRKIXMWL_C117504_DELIM-RARRHNFAUHBMLRKIXMWL_2010                4.22%    passed     97.10%
  22  B_DELIM-RARRHNFAUHBMLRKIXMWL_HongKong_DELIM-RARRHNFAUHBMLRKIXMWL_1363_DELIM-RARRHNFAUHBMLRKIXMWL_2018                0.00%    passed     99.73%
  23  B_DELIM-RARRHNFAUHBMLRKIXMWL_Bulgaria_DELIM-RARRHNFAUHBMLRKIXMWL_909_DELIM-RARRHNFAUHBMLRKIXMWL_2017                 0.00%    passed     99.76%
  24  B_DELIM-RARRHNFAUHBMLRKIXMWL_Boston_DELIM-RARRHNFAUHBMLRKIXMWL_YGB_01020_DELIM-RARRHNFAUHBMLRKIXMWL_2013             2.80%    passed     95.07%
  25  B_DELIM-RARRHNFAUHBMLRKIXMWL_Singapore_DELIM-RARRHNFAUHBMLRKIXMWL_11_DELIM-RARRHNFAUHBMLRKIXMWL_1994                 0.00%    passed     99.90%
  26  B_DELIM-RARRHNFAUHBMLRKIXMWL_Okinawa_DELIM-RARRHNFAUHBMLRKIXMWL_8_DELIM-RARRHNFAUHBMLRKIXMWL_2015                    0.00%    passed     99.84%
  27  B_DELIM-RARRHNFAUHBMLRKIXMWL_Brisbane_DELIM-RARRHNFAUHBMLRKIXMWL_5_DELIM-RARRHNFAUHBMLRKIXMWL_2004                   0.22%    passed     99.98%
  28  B_DELIM-RARRHNFAUHBMLRKIXMWL_Sydney_DELIM-RARRHNFAUHBMLRKIXMWL_3_DELIM-RARRHNFAUHBMLRKIXMWL_2013                     0.00%    passed     99.22%
  29  B_DELIM-RARRHNFAUHBMLRKIXMWL_Philippines_DELIM-RARRHNFAUHBMLRKIXMWL_1_DELIM-RARRHNFAUHBMLRKIXMWL_2012                2.71%    passed     99.61%
  30  B_DELIM-RARRHNFAUHBMLRKIXMWL_Guyane_DELIM-RARRHNFAUHBMLRKIXMWL_5_DELIM-RARRHNFAUHBMLRKIXMWL_2018                     0.00%    passed     99.59%
  31  B_DELIM-RARRHNFAUHBMLRKIXMWL_Mali_DELIM-RARRHNFAUHBMLRKIXMWL_8039_DELIM-RARRHNFAUHBMLRKIXMWL_2018                    0.00%    passed     99.82%
  32  B_DELIM-RARRHNFAUHBMLRKIXMWL_HongKong_DELIM-RARRHNFAUHBMLRKIXMWL_18_DELIM-RARRHNFAUHBMLRKIXMWL_2017                  0.00%    passed     99.94%
  33  B_DELIM-RARRHNFAUHBMLRKIXMWL_Bangladesh_DELIM-RARRHNFAUHBMLRKIXMWL_3014_DELIM-RARRHNFAUHBMLRKIXMWL_2015              0.00%    passed     99.92%
  34  B_DELIM-RARRHNFAUHBMLRKIXMWL_Santiago_DELIM-RARRHNFAUHBMLRKIXMWL_64839_DELIM-RARRHNFAUHBMLRKIXMWL_2019               0.00%    passed     99.98%
  35  B_DELIM-RARRHNFAUHBMLRKIXMWL_Niigata-C_DELIM-RARRHNFAUHBMLRKIXMWL_18_DELIM-RARRHNFAUHBMLRKIXMWL_2014                 2.80%    passed     99.42%
  36  B_DELIM-RARRHNFAUHBMLRKIXMWL_NewYork_DELIM-RARRHNFAUHBMLRKIXMWL_1145_DELIM-RARRHNFAUHBMLRKIXMWL_2008                 2.80%    passed    100.00%
  37  B_DELIM-RARRHNFAUHBMLRKIXMWL_Trinidad_DELIM-RARRHNFAUHBMLRKIXMWL_6945_DELIM-RARRHNFAUHBMLRKIXMWL_2020                0.00%    passed     99.98%
  38  B_DELIM-RARRHNFAUHBMLRKIXMWL_Novosibirsk_DELIM-RARRHNFAUHBMLRKIXMWL_RII-26927S_DELIM-RARRHNFAUHBMLRKIXMWL_2020       0.00%    passed     99.77%
  39  B_DELIM-RARRHNFAUHBMLRKIXMWL_Waikato_DELIM-RARRHNFAUHBMLRKIXMWL_2_DELIM-RARRHNFAUHBMLRKIXMWL_2008                    2.80%    passed     99.98%
  40  B_DELIM-RARRHNFAUHBMLRKIXMWL_Hyogo_DELIM-RARRHNFAUHBMLRKIXMWL_3210_DELIM-RARRHNFAUHBMLRKIXMWL_2015                   2.80%    passed     99.75%
  41  B_DELIM-RARRHNFAUHBMLRKIXMWL_Bahrain_DELIM-RARRHNFAUHBMLRKIXMWL_1305_DELIM-RARRHNFAUHBMLRKIXMWL_2015                 0.00%    passed     99.72%
  42  B_DELIM-RARRHNFAUHBMLRKIXMWL_Michigan_DELIM-RARRHNFAUHBMLRKIXMWL_90_DELIM-RARRHNFAUHBMLRKIXMWL_2017                  0.00%    passed     99.99%
  43  B_DELIM-RARRHNFAUHBMLRKIXMWL_Malaysia_DELIM-RARRHNFAUHBMLRKIXMWL_24651_DELIM-RARRHNFAUHBMLRKIXMWL_2003               0.13%    passed     99.07%
  44  B_DELIM-RARRHNFAUHBMLRKIXMWL_Peru_DELIM-RARRHNFAUHBMLRKIXMWL_4216_DELIM-RARRHNFAUHBMLRKIXMWL_2016                    0.00%    passed     99.67%
  45  B_DELIM-RARRHNFAUHBMLRKIXMWL_Waikato_DELIM-RARRHNFAUHBMLRKIXMWL_1_DELIM-RARRHNFAUHBMLRKIXMWL_2006                    0.13%    passed     99.95%
  46  B_DELIM-RARRHNFAUHBMLRKIXMWL_Perth_DELIM-RARRHNFAUHBMLRKIXMWL_14_DELIM-RARRHNFAUHBMLRKIXMWL_2012                     0.00%    passed     99.26%
  47  B_DELIM-RARRHNFAUHBMLRKIXMWL_Srilanka_DELIM-RARRHNFAUHBMLRKIXMWL_24_DELIM-RARRHNFAUHBMLRKIXMWL_2013                  2.50%    passed     99.07%
  48  B_DELIM-RARRHNFAUHBMLRKIXMWL_England_DELIM-RARRHNFAUHBMLRKIXMWL_9_DELIM-RARRHNFAUHBMLRKIXMWL_2017                    2.80%    passed     99.18%
  49  B_DELIM-RARRHNFAUHBMLRKIXMWL_NewJersey_DELIM-RARRHNFAUHBMLRKIXMWL_NHRC0001_DELIM-RARRHNFAUHBMLRKIXMWL_2005           0.13%    passed     99.98%
  50  B_DELIM-RARRHNFAUHBMLRKIXMWL_Vietnam_DELIM-RARRHNFAUHBMLRKIXMWL_GHS1058_DELIM-RARRHNFAUHBMLRKIXMWL_2017              0.00%    passed    100.00%
  51  B_DELIM-RARRHNFAUHBMLRKIXMWL_Saitama_DELIM-RARRHNFAUHBMLRKIXMWL_190_DELIM-RARRHNFAUHBMLRKIXMWL_2017                  2.80%    passed     99.47%
  52  B_DELIM-RARRHNFAUHBMLRKIXMWL_NorthDakota_DELIM-RARRHNFAUHBMLRKIXMWL_4_DELIM-RARRHNFAUHBMLRKIXMWL_2015                2.80%    passed     99.61%
  53  B_DELIM-RARRHNFAUHBMLRKIXMWL_Turkey_DELIM-RARRHNFAUHBMLRKIXMWL_682_DELIM-RARRHNFAUHBMLRKIXMWL_2011                   2.80%    passed     99.71%
  54  B_DELIM-RARRHNFAUHBMLRKIXMWL_Montana_DELIM-RARRHNFAUHBMLRKIXMWL_21_DELIM-RARRHNFAUHBMLRKIXMWL_2016                   0.00%    passed    100.00%
  55  B_DELIM-RARRHNFAUHBMLRKIXMWL_Johannesburg_DELIM-RARRHNFAUHBMLRKIXMWL_3009_DELIM-RARRHNFAUHBMLRKIXMWL_2012            2.80%    passed     97.09%
  56  B_DELIM-RARRHNFAUHBMLRKIXMWL_Cambodia_DELIM-RARRHNFAUHBMLRKIXMWL_35_DELIM-RARRHNFAUHBMLRKIXMWL_2010                  2.45%    passed     99.08%
  57  B_DELIM-RARRHNFAUHBMLRKIXMWL_Shanghai_DELIM-RARRHNFAUHBMLRKIXMWL_361_DELIM-RARRHNFAUHBMLRKIXMWL_2002                 4.22%    passed     98.19%
  58  B_DELIM-RARRHNFAUHBMLRKIXMWL_HongKong_DELIM-RARRHNFAUHBMLRKIXMWL_50_DELIM-RARRHNFAUHBMLRKIXMWL_2016                  0.00%    passed     99.94%
  59  B_DELIM-RARRHNFAUHBMLRKIXMWL_Lao_DELIM-RARRHNFAUHBMLRKIXMWL_4335_DELIM-RARRHNFAUHBMLRKIXMWL_2016                     0.00%    passed    100.00%
  60  B_DELIM-RARRHNFAUHBMLRKIXMWL_Sydney_DELIM-RARRHNFAUHBMLRKIXMWL_7_DELIM-RARRHNFAUHBMLRKIXMWL_2014                     2.45%    passed     99.45%
  61  B_DELIM-RARRHNFAUHBMLRKIXMWL_Nagano_DELIM-RARRHNFAUHBMLRKIXMWL_3625_DELIM-RARRHNFAUHBMLRKIXMWL_2014                  2.80%    passed     99.04%
  62  B_DELIM-RARRHNFAUHBMLRKIXMWL_Amazonas_DELIM-RARRHNFAUHBMLRKIXMWL_146409-IEC_DELIM-RARRHNFAUHBMLRKIXMWL_2017          0.00%    passed     99.98%
  63  B_DELIM-RARRHNFAUHBMLRKIXMWL_Sydney_DELIM-RARRHNFAUHBMLRKIXMWL_4_DELIM-RARRHNFAUHBMLRKIXMWL_2004                     1.94%    passed     99.80%
  64  B_DELIM-RARRHNFAUHBMLRKIXMWL_Houston_DELIM-RARRHNFAUHBMLRKIXMWL_B61_DELIM-RARRHNFAUHBMLRKIXMWL_1997                  0.17%    passed     99.57%
  65  B_DELIM-RARRHNFAUHBMLRKIXMWL_Minnesota_DELIM-RARRHNFAUHBMLRKIXMWL_46_DELIM-RARRHNFAUHBMLRKIXMWL_2017                 0.00%    passed     99.88%
  66  B_DELIM-RARRHNFAUHBMLRKIXMWL_Colombia_DELIM-RARRHNFAUHBMLRKIXMWL_7437_DELIM-RARRHNFAUHBMLRKIXMWL_2019                0.00%    passed     99.80%
  67  B_DELIM-RARRHNFAUHBMLRKIXMWL_Govisumber_DELIM-RARRHNFAUHBMLRKIXMWL_3047_DELIM-RARRHNFAUHBMLRKIXMWL_2017              0.04%    passed     99.64%
  68  B_DELIM-RARRHNFAUHBMLRKIXMWL_Houston_DELIM-RARRHNFAUHBMLRKIXMWL_1_DELIM-RARRHNFAUHBMLRKIXMWL_1991                    2.80%    passed     98.16%
  69  B_DELIM-RARRHNFAUHBMLRKIXMWL_Pakistan_DELIM-RARRHNFAUHBMLRKIXMWL_797_DELIM-RARRHNFAUHBMLRKIXMWL_2019                 0.00%    passed     99.96%
  70  B_DELIM-RARRHNFAUHBMLRKIXMWL_CostaRica_DELIM-RARRHNFAUHBMLRKIXMWL_8793_DELIM-RARRHNFAUHBMLRKIXMWL_2016               0.00%    passed     99.49%
  71  B_DELIM-RARRHNFAUHBMLRKIXMWL_NewYork_DELIM-RARRHNFAUHBMLRKIXMWL_1011_DELIM-RARRHNFAUHBMLRKIXMWL_1995                 0.17%    passed     99.93%
  72  B_DELIM-RARRHNFAUHBMLRKIXMWL_Christchurch_DELIM-RARRHNFAUHBMLRKIXMWL_4_DELIM-RARRHNFAUHBMLRKIXMWL_2005               1.38%    passed     99.93%
  73  B_DELIM-RARRHNFAUHBMLRKIXMWL_Yunnan-Hongta_DELIM-RARRHNFAUHBMLRKIXMWL_11394_DELIM-RARRHNFAUHBMLRKIXMWL_2016          0.00%    passed     99.85%
  74  B_DELIM-RARRHNFAUHBMLRKIXMWL_Vietnam_DELIM-RARRHNFAUHBMLRKIXMWL_Lisn177_DELIM-RARRHNFAUHBMLRKIXMWL_2017              0.00%    passed     99.94%
  75  B_DELIM-RARRHNFAUHBMLRKIXMWL_Malaysia_DELIM-RARRHNFAUHBMLRKIXMWL_24296_DELIM-RARRHNFAUHBMLRKIXMWL_2003               0.13%    passed     99.51%
  76  B_DELIM-RARRHNFAUHBMLRKIXMWL_Concepcion_DELIM-RARRHNFAUHBMLRKIXMWL_78048_DELIM-RARRHNFAUHBMLRKIXMWL_2019             0.00%    passed     99.82%
  77  B_DELIM-RARRHNFAUHBMLRKIXMWL_Guangxi-Xixiangtang_DELIM-RARRHNFAUHBMLRKIXMWL_1311_DELIM-RARRHNFAUHBMLRKIXMWL_2013     2.80%    passed     99.17%
  78  B_DELIM-RARRHNFAUHBMLRKIXMWL_Wellington_DELIM-RARRHNFAUHBMLRKIXMWL_1_DELIM-RARRHNFAUHBMLRKIXMWL_1994                 0.17%    passed     99.81%
  79  B_DELIM-RARRHNFAUHBMLRKIXMWL_Tennessee_DELIM-RARRHNFAUHBMLRKIXMWL_7_DELIM-RARRHNFAUHBMLRKIXMWL_2018                  0.00%    passed     99.74%
  80  B_DELIM-RARRHNFAUHBMLRKIXMWL_Waikato_DELIM-RARRHNFAUHBMLRKIXMWL_20_DELIM-RARRHNFAUHBMLRKIXMWL_2005                   1.38%    passed     99.99%
  81  B_DELIM-RARRHNFAUHBMLRKIXMWL_Singapore_DELIM-RARRHNFAUHBMLRKIXMWL_11_DELIM-RARRHNFAUHBMLRKIXMWL_2012                 2.71%    passed     98.74%
  82  B_DELIM-RARRHNFAUHBMLRKIXMWL_Bangladesh_DELIM-RARRHNFAUHBMLRKIXMWL_1012_DELIM-RARRHNFAUHBMLRKIXMWL_2017              0.00%    passed     99.74%
  83  B_DELIM-RARRHNFAUHBMLRKIXMWL_Victoria_DELIM-RARRHNFAUHBMLRKIXMWL_511_DELIM-RARRHNFAUHBMLRKIXMWL_2007                 0.13%    passed     99.94%
  84  B_DELIM-RARRHNFAUHBMLRKIXMWL_Malaysia_DELIM-RARRHNFAUHBMLRKIXMWL_13395_DELIM-RARRHNFAUHBMLRKIXMWL_1997               0.13%    passed     98.66%
  85  B_DELIM-RARRHNFAUHBMLRKIXMWL_NorthCarolina_DELIM-RARRHNFAUHBMLRKIXMWL_6_DELIM-RARRHNFAUHBMLRKIXMWL_2019              0.00%    passed     99.76%
  86  B_DELIM-RARRHNFAUHBMLRKIXMWL_Cambodia_DELIM-RARRHNFAUHBMLRKIXMWL_995_DELIM-RARRHNFAUHBMLRKIXMWL_2017                 0.00%    passed     99.64%
  87  B_DELIM-RARRHNFAUHBMLRKIXMWL_Houston_DELIM-RARRHNFAUHBMLRKIXMWL_B63_DELIM-RARRHNFAUHBMLRKIXMWL_1997                  0.13%    passed     99.52%
  88  B_DELIM-RARRHNFAUHBMLRKIXMWL_Peru_DELIM-RARRHNFAUHBMLRKIXMWL_719_DELIM-RARRHNFAUHBMLRKIXMWL_2019                     0.00%    passed     99.72%
  89  B_DELIM-RARRHNFAUHBMLRKIXMWL_Aichi_DELIM-RARRHNFAUHBMLRKIXMWL_2_DELIM-RARRHNFAUHBMLRKIXMWL_2019                      2.80%    passed     92.21%
  90  B_DELIM-RARRHNFAUHBMLRKIXMWL_Taiwan_DELIM-RARRHNFAUHBMLRKIXMWL_2563_DELIM-RARRHNFAUHBMLRKIXMWL_2008                  2.80%    passed     99.10%
  91  B_DELIM-RARRHNFAUHBMLRKIXMWL_Uganda_DELIM-RARRHNFAUHBMLRKIXMWL_1707_DELIM-RARRHNFAUHBMLRKIXMWL_2016                  0.00%    passed     99.47%
  92  B_DELIM-RARRHNFAUHBMLRKIXMWL_Sydney_DELIM-RARRHNFAUHBMLRKIXMWL_209_DELIM-RARRHNFAUHBMLRKIXMWL_2006                   0.13%    passed     99.98%
  93  B_DELIM-RARRHNFAUHBMLRKIXMWL_Arvaikheer_DELIM-RARRHNFAUHBMLRKIXMWL_1872_DELIM-RARRHNFAUHBMLRKIXMWL_2016              0.00%    passed     99.62%
  94  B_DELIM-RARRHNFAUHBMLRKIXMWL_Niigata_DELIM-RARRHNFAUHBMLRKIXMWL_468_DELIM-RARRHNFAUHBMLRKIXMWL_2020                  2.80%    passed     98.80%
  95  B_DELIM-RARRHNFAUHBMLRKIXMWL_Malaysia_DELIM-RARRHNFAUHBMLRKIXMWL_11087_DELIM-RARRHNFAUHBMLRKIXMWL_1996               0.13%    passed     99.27%
  96  B_DELIM-RARRHNFAUHBMLRKIXMWL_Concepcion_DELIM-RARRHNFAUHBMLRKIXMWL_6885_DELIM-RARRHNFAUHBMLRKIXMWL_2020              0.00%    passed     99.95%
  97  B_DELIM-RARRHNFAUHBMLRKIXMWL_Santiago_DELIM-RARRHNFAUHBMLRKIXMWL_81758_DELIM-RARRHNFAUHBMLRKIXMWL_2019               0.00%    passed     99.98%
  98  B_DELIM-RARRHNFAUHBMLRKIXMWL_Victoria_DELIM-RARRHNFAUHBMLRKIXMWL_142_DELIM-RARRHNFAUHBMLRKIXMWL_2002                 0.17%    passed     99.31%
  99  B_DELIM-RARRHNFAUHBMLRKIXMWL_Vietnam_DELIM-RARRHNFAUHBMLRKIXMWL_Lisn203_DELIM-RARRHNFAUHBMLRKIXMWL_2017              0.00%    passed    100.00%
 100  B_DELIM-RARRHNFAUHBMLRKIXMWL_Brisbane_DELIM-RARRHNFAUHBMLRKIXMWL_3_DELIM-RARRHNFAUHBMLRKIXMWL_2007                   0.00%    passed     99.95%
 101  B_DELIM-RARRHNFAUHBMLRKIXMWL_Taiwan_DELIM-RARRHNFAUHBMLRKIXMWL_355_DELIM-RARRHNFAUHBMLRKIXMWL_2015                   2.80%    passed     99.18%
 102  B_DELIM-RARRHNFAUHBMLRKIXMWL_Temple_DELIM-RARRHNFAUHBMLRKIXMWL_B8_DELIM-RARRHNFAUHBMLRKIXMWL_1999                    1.85%    passed     99.79%
 103  B_DELIM-RARRHNFAUHBMLRKIXMWL_Memphis_DELIM-RARRHNFAUHBMLRKIXMWL_12_DELIM-RARRHNFAUHBMLRKIXMWL_1997                   0.17%    passed     98.28%
 104  B_DELIM-RARRHNFAUHBMLRKIXMWL_Houston_DELIM-RARRHNFAUHBMLRKIXMWL_B56_DELIM-RARRHNFAUHBMLRKIXMWL_1997                  0.17%    passed     99.57%
 105  B_DELIM-RARRHNFAUHBMLRKIXMWL_Mozambique_DELIM-RARRHNFAUHBMLRKIXMWL_1618_DELIM-RARRHNFAUHBMLRKIXMWL_2018              0.00%    passed     99.56%
 106  B_DELIM-RARRHNFAUHBMLRKIXMWL_Malaysia_DELIM-RARRHNFAUHBMLRKIXMWL_13396_DELIM-RARRHNFAUHBMLRKIXMWL_1997               0.13%    passed     98.66%
 107  B_DELIM-RARRHNFAUHBMLRKIXMWL_Paraguay_DELIM-RARRHNFAUHBMLRKIXMWL_3296_DELIM-RARRHNFAUHBMLRKIXMWL_2016                0.00%    passed     99.73%
 108  B_DELIM-RARRHNFAUHBMLRKIXMWL_Sapporo_DELIM-RARRHNFAUHBMLRKIXMWL_54_DELIM-RARRHNFAUHBMLRKIXMWL_2016                   2.80%    passed     99.44%
 109  B_DELIM-RARRHNFAUHBMLRKIXMWL_NewYork_DELIM-RARRHNFAUHBMLRKIXMWL_1329_DELIM-RARRHNFAUHBMLRKIXMWL_2012                 2.80%    passed     97.78%
 110  B_DELIM-RARRHNFAUHBMLRKIXMWL_Massachusetts_DELIM-RARRHNFAUHBMLRKIXMWL_2_DELIM-RARRHNFAUHBMLRKIXMWL_2012              2.80%    passed     93.39%
 111  B_DELIM-RARRHNFAUHBMLRKIXMWL_Srilanka_DELIM-RARRHNFAUHBMLRKIXMWL_7_DELIM-RARRHNFAUHBMLRKIXMWL_2013                   2.45%    passed     98.50%
 112  B_DELIM-RARRHNFAUHBMLRKIXMWL_Peru_DELIM-RARRHNFAUHBMLRKIXMWL_7417_DELIM-RARRHNFAUHBMLRKIXMWL_2017                    0.00%    passed     99.88%
 113  B_DELIM-RARRHNFAUHBMLRKIXMWL_Chanthaburi_DELIM-RARRHNFAUHBMLRKIXMWL_315_DELIM-RARRHNFAUHBMLRKIXMWL_2015              2.80%    passed     99.17%
 114  B_DELIM-RARRHNFAUHBMLRKIXMWL_Shanghai-Zhangning_DELIM-RARRHNFAUHBMLRKIXMWL_1423_DELIM-RARRHNFAUHBMLRKIXMWL_2010      0.00%    passed     99.81%
 115  B_DELIM-RARRHNFAUHBMLRKIXMWL_Missouri_DELIM-RARRHNFAUHBMLRKIXMWL_3_DELIM-RARRHNFAUHBMLRKIXMWL_2018                   0.00%    passed     99.60%
 116  B_DELIM-RARRHNFAUHBMLRKIXMWL_India_DELIM-RARRHNFAUHBMLRKIXMWL_3262_DELIM-RARRHNFAUHBMLRKIXMWL_2018                   0.00%    passed     99.11%
 117  B_DELIM-RARRHNFAUHBMLRKIXMWL_NewYork_DELIM-RARRHNFAUHBMLRKIXMWL_347_DELIM-RARRHNFAUHBMLRKIXMWL_1999                  1.29%    passed     99.92%
 118  B_DELIM-RARRHNFAUHBMLRKIXMWL_Singapore_DELIM-RARRHNFAUHBMLRKIXMWL_22_DELIM-RARRHNFAUHBMLRKIXMWL_1998                 0.22%    passed     99.00%
 119  B_DELIM-RARRHNFAUHBMLRKIXMWL_Managua_DELIM-RARRHNFAUHBMLRKIXMWL_484702_DELIM-RARRHNFAUHBMLRKIXMWL_2008               0.13%    passed     99.30%
 120  B_DELIM-RARRHNFAUHBMLRKIXMWL_Bangladesh_DELIM-RARRHNFAUHBMLRKIXMWL_1005_DELIM-RARRHNFAUHBMLRKIXMWL_2015              0.00%    passed     99.29%
 121  B_DELIM-RARRHNFAUHBMLRKIXMWL_Panama_DELIM-RARRHNFAUHBMLRKIXMWL_45_DELIM-RARRHNFAUHBMLRKIXMWL_1990                    1.16%    passed     99.72%
 122  B_DELIM-RARRHNFAUHBMLRKIXMWL_Minnesota_DELIM-RARRHNFAUHBMLRKIXMWL_7_DELIM-RARRHNFAUHBMLRKIXMWL_2020                  0.04%    passed     99.96%
 123  B_DELIM-RARRHNFAUHBMLRKIXMWL_Niedersachsen_DELIM-RARRHNFAUHBMLRKIXMWL_2_DELIM-RARRHNFAUHBMLRKIXMWL_2010              2.84%    passed     99.90%
 124  B_DELIM-RARRHNFAUHBMLRKIXMWL_Ecuador_DELIM-RARRHNFAUHBMLRKIXMWL_472_DELIM-RARRHNFAUHBMLRKIXMWL_2019                  0.00%    passed     99.37%
 125  B_DELIM-RARRHNFAUHBMLRKIXMWL_Singapore_DELIM-RARRHNFAUHBMLRKIXMWL_TT0505_DELIM-RARRHNFAUHBMLRKIXMWL_2019             2.80%    passed     99.49%
 126  B_DELIM-RARRHNFAUHBMLRKIXMWL_Mali_DELIM-RARRHNFAUHBMLRKIXMWL_39_DELIM-RARRHNFAUHBMLRKIXMWL_2018                      0.00%    passed     99.73%
 127  B_DELIM-RARRHNFAUHBMLRKIXMWL_Taiwan_DELIM-RARRHNFAUHBMLRKIXMWL_272_DELIM-RARRHNFAUHBMLRKIXMWL_2017                   0.00%    passed     99.65%
 128  B_DELIM-RARRHNFAUHBMLRKIXMWL_NewYork_DELIM-RARRHNFAUHBMLRKIXMWL_WC-LVD-13-002_DELIM-RARRHNFAUHBMLRKIXMWL_2013        2.80%    passed     99.79%
 129  B_DELIM-RARRHNFAUHBMLRKIXMWL_Egypt_DELIM-RARRHNFAUHBMLRKIXMWL_2040_DELIM-RARRHNFAUHBMLRKIXMWL_2004                   1.42%    passed     99.72%
 130  B_DELIM-RARRHNFAUHBMLRKIXMWL_Malaysia_DELIM-RARRHNFAUHBMLRKIXMWL_10928_DELIM-RARRHNFAUHBMLRKIXMWL_1996               0.13%    passed     99.45%
 131  B_DELIM-RARRHNFAUHBMLRKIXMWL_Malaysia_DELIM-RARRHNFAUHBMLRKIXMWL_30397_DELIM-RARRHNFAUHBMLRKIXMWL_2004               0.13%    passed     99.17%
 132  B_DELIM-RARRHNFAUHBMLRKIXMWL_Managua_DELIM-RARRHNFAUHBMLRKIXMWL_108901_DELIM-RARRHNFAUHBMLRKIXMWL_2008               0.17%    passed     99.97%
 133  B_DELIM-RARRHNFAUHBMLRKIXMWL_Kochi_DELIM-RARRHNFAUHBMLRKIXMWL_108_DELIM-RARRHNFAUHBMLRKIXMWL_2018                    2.80%    passed     99.91%
 134  B_DELIM-RARRHNFAUHBMLRKIXMWL_NewYork_DELIM-RARRHNFAUHBMLRKIXMWL_1000_DELIM-RARRHNFAUHBMLRKIXMWL_1993                 0.17%    passed     99.93%
 135  B_DELIM-RARRHNFAUHBMLRKIXMWL_NewYork_DELIM-RARRHNFAUHBMLRKIXMWL_1082_DELIM-RARRHNFAUHBMLRKIXMWL_2005                 0.22%    passed     99.87%
 136  B_DELIM-RARRHNFAUHBMLRKIXMWL_Texas_DELIM-RARRHNFAUHBMLRKIXMWL_81_DELIM-RARRHNFAUHBMLRKIXMWL_2016                     0.00%    passed     99.60%
 137  B_DELIM-RARRHNFAUHBMLRKIXMWL_Norway_DELIM-RARRHNFAUHBMLRKIXMWL_1995_DELIM-RARRHNFAUHBMLRKIXMWL_2012                  2.80%    passed     99.05%
 138  B_DELIM-RARRHNFAUHBMLRKIXMWL_Townsville_DELIM-RARRHNFAUHBMLRKIXMWL_2_DELIM-RARRHNFAUHBMLRKIXMWL_2011                 2.80%    passed     99.87%
 139  B_DELIM-RARRHNFAUHBMLRKIXMWL_Guyane_DELIM-RARRHNFAUHBMLRKIXMWL_308_DELIM-RARRHNFAUHBMLRKIXMWL_2012                   2.80%    passed     91.53%
 140  B_DELIM-RARRHNFAUHBMLRKIXMWL_Tokyo_DELIM-RARRHNFAUHBMLRKIXMWL_EH19_DELIM-RARRHNFAUHBMLRKIXMWL_2016                   2.80%    passed     99.44%
 141  B_DELIM-RARRHNFAUHBMLRKIXMWL_Brisbane_DELIM-RARRHNFAUHBMLRKIXMWL_4_DELIM-RARRHNFAUHBMLRKIXMWL_2006                   0.22%    passed     99.97%
 142  B_DELIM-RARRHNFAUHBMLRKIXMWL_Lao_DELIM-RARRHNFAUHBMLRKIXMWL_1909_DELIM-RARRHNFAUHBMLRKIXMWL_2019                     0.00%    passed     99.05%
 143  B_DELIM-RARRHNFAUHBMLRKIXMWL_NewYork_DELIM-RARRHNFAUHBMLRKIXMWL_1016_DELIM-RARRHNFAUHBMLRKIXMWL_1996                 0.17%    passed     99.89%
 144  B_DELIM-RARRHNFAUHBMLRKIXMWL_NorthDakota_DELIM-RARRHNFAUHBMLRKIXMWL_7_DELIM-RARRHNFAUHBMLRKIXMWL_2020                0.00%    passed     99.98%
 145  B_DELIM-RARRHNFAUHBMLRKIXMWL_Vietnam_DELIM-RARRHNFAUHBMLRKIXMWL_13VB-6_DELIM-RARRHNFAUHBMLRKIXMWL_2013               0.00%    passed     99.68%
 146  B_DELIM-RARRHNFAUHBMLRKIXMWL_Victoria_DELIM-RARRHNFAUHBMLRKIXMWL_500_DELIM-RARRHNFAUHBMLRKIXMWL_2003                 0.22%    passed     99.58%
 147  B_DELIM-RARRHNFAUHBMLRKIXMWL_Perth_DELIM-RARRHNFAUHBMLRKIXMWL_53_DELIM-RARRHNFAUHBMLRKIXMWL_2012                     2.80%    passed     98.30%
 148  B_DELIM-RARRHNFAUHBMLRKIXMWL_Christchurch_DELIM-RARRHNFAUHBMLRKIXMWL_28_DELIM-RARRHNFAUHBMLRKIXMWL_2005              0.22%    passed     99.97%
 149  B_DELIM-RARRHNFAUHBMLRKIXMWL_Bahrain_DELIM-RARRHNFAUHBMLRKIXMWL_450_DELIM-RARRHNFAUHBMLRKIXMWL_2018                  0.00%    passed     99.88%
 150  B_DELIM-RARRHNFAUHBMLRKIXMWL_UlanUde_DELIM-RARRHNFAUHBMLRKIXMWL_4_DELIM-RARRHNFAUHBMLRKIXMWL_2002                    3.70%    passed     99.55%
 151  B_DELIM-RARRHNFAUHBMLRKIXMWL_England_DELIM-RARRHNFAUHBMLRKIXMWL_49_DELIM-RARRHNFAUHBMLRKIXMWL_2017                   2.84%    passed     99.78%
 152  B_DELIM-RARRHNFAUHBMLRKIXMWL_Singapore_DELIM-RARRHNFAUHBMLRKIXMWL_Tt580_DELIM-RARRHNFAUHBMLRKIXMWL_2013              2.80%    passed     99.10%
 153  B_DELIM-RARRHNFAUHBMLRKIXMWL_NewJersey_DELIM-RARRHNFAUHBMLRKIXMWL_12_DELIM-RARRHNFAUHBMLRKIXMWL_2019                 0.00%    passed     99.98%
 154  B_DELIM-RARRHNFAUHBMLRKIXMWL_Peru_DELIM-RARRHNFAUHBMLRKIXMWL_7618_DELIM-RARRHNFAUHBMLRKIXMWL_2018                    0.00%    passed     99.98%
 155  B_DELIM-RARRHNFAUHBMLRKIXMWL_Pakistan_DELIM-RARRHNFAUHBMLRKIXMWL_433_DELIM-RARRHNFAUHBMLRKIXMWL_2015                 0.00%    passed     99.32%
 156  B_DELIM-RARRHNFAUHBMLRKIXMWL_California_DELIM-RARRHNFAUHBMLRKIXMWL_NHRC0006_DELIM-RARRHNFAUHBMLRKIXMWL_2005          0.13%    passed    100.00%
 157  B_DELIM-RARRHNFAUHBMLRKIXMWL_Taiwan_DELIM-RARRHNFAUHBMLRKIXMWL_3001_DELIM-RARRHNFAUHBMLRKIXMWL_2006                  0.47%    passed     99.83%
 158  B_DELIM-RARRHNFAUHBMLRKIXMWL_Santiago_DELIM-RARRHNFAUHBMLRKIXMWL_12585_DELIM-RARRHNFAUHBMLRKIXMWL_2016               0.00%    passed     99.77%
 159  B_DELIM-RARRHNFAUHBMLRKIXMWL_Victoria_DELIM-RARRHNFAUHBMLRKIXMWL_108_DELIM-RARRHNFAUHBMLRKIXMWL_2004                 0.13%    passed     99.94%
 160  B_DELIM-RARRHNFAUHBMLRKIXMWL_Bangladesh_DELIM-RARRHNFAUHBMLRKIXMWL_1022_DELIM-RARRHNFAUHBMLRKIXMWL_2016              0.00%    passed     99.68%
 161  B_DELIM-RARRHNFAUHBMLRKIXMWL_Brazil_DELIM-RARRHNFAUHBMLRKIXMWL_20_DELIM-RARRHNFAUHBMLRKIXMWL_2016                    0.00%    passed     99.89%
 162  B_DELIM-RARRHNFAUHBMLRKIXMWL_HongKong_DELIM-RARRHNFAUHBMLRKIXMWL_355_DELIM-RARRHNFAUHBMLRKIXMWL_2017                 0.00%    passed     99.94%
 163  B_DELIM-RARRHNFAUHBMLRKIXMWL_Miyagi_DELIM-RARRHNFAUHBMLRKIXMWL_43_DELIM-RARRHNFAUHBMLRKIXMWL_2018                    0.00%    passed     99.99%
 164  B_DELIM-RARRHNFAUHBMLRKIXMWL_Wisconsin_DELIM-RARRHNFAUHBMLRKIXMWL_21_DELIM-RARRHNFAUHBMLRKIXMWL_2015                 2.80%    passed     99.31%
 165  B_DELIM-RARRHNFAUHBMLRKIXMWL_England_DELIM-RARRHNFAUHBMLRKIXMWL_170_DELIM-RARRHNFAUHBMLRKIXMWL_2010                  2.80%    passed     99.36%
 166  B_DELIM-RARRHNFAUHBMLRKIXMWL_Houston_DELIM-RARRHNFAUHBMLRKIXMWL_B65_DELIM-RARRHNFAUHBMLRKIXMWL_1998                  1.89%    passed    100.00%
 167  B_DELIM-RARRHNFAUHBMLRKIXMWL_Brisbane_DELIM-RARRHNFAUHBMLRKIXMWL_100_DELIM-RARRHNFAUHBMLRKIXMWL_2005                 1.38%    passed     99.94%
 168  B_DELIM-RARRHNFAUHBMLRKIXMWL_England_DELIM-RARRHNFAUHBMLRKIXMWL_609_DELIM-RARRHNFAUHBMLRKIXMWL_2018                  2.80%    passed     99.47%
 169  B_DELIM-RARRHNFAUHBMLRKIXMWL_Victoria_DELIM-RARRHNFAUHBMLRKIXMWL_506_DELIM-RARRHNFAUHBMLRKIXMWL_2007                 0.00%    passed     99.69%
 170  B_DELIM-RARRHNFAUHBMLRKIXMWL_Christchurch_DELIM-RARRHNFAUHBMLRKIXMWL_33_DELIM-RARRHNFAUHBMLRKIXMWL_2004              1.42%    passed     99.94%
 171  B_DELIM-RARRHNFAUHBMLRKIXMWL_Mozambique_DELIM-RARRHNFAUHBMLRKIXMWL_468_DELIM-RARRHNFAUHBMLRKIXMWL_2017               0.00%    passed     99.88%
 172  B_DELIM-RARRHNFAUHBMLRKIXMWL_Pakistan_DELIM-RARRHNFAUHBMLRKIXMWL_548_DELIM-RARRHNFAUHBMLRKIXMWL_2013                 2.80%    passed     97.95%
 173  B_DELIM-RARRHNFAUHBMLRKIXMWL_Cambodia_DELIM-RARRHNFAUHBMLRKIXMWL_1094_DELIM-RARRHNFAUHBMLRKIXMWL_2017                0.00%    passed     99.88%
 174  B_DELIM-RARRHNFAUHBMLRKIXMWL_Singapore_DELIM-RARRHNFAUHBMLRKIXMWL_22_DELIM-RARRHNFAUHBMLRKIXMWL_2012                 2.80%    passed     98.30%
 175  B_DELIM-RARRHNFAUHBMLRKIXMWL_BurkinaFaso_DELIM-RARRHNFAUHBMLRKIXMWL_1459_DELIM-RARRHNFAUHBMLRKIXMWL_2019             0.00%    passed     99.54%
 176  B_DELIM-RARRHNFAUHBMLRKIXMWL_Victoria_DELIM-RARRHNFAUHBMLRKIXMWL_515_DELIM-RARRHNFAUHBMLRKIXMWL_2004                 1.94%    passed     99.95%
 177  B_DELIM-RARRHNFAUHBMLRKIXMWL_Nepal_DELIM-RARRHNFAUHBMLRKIXMWL_354_DELIM-RARRHNFAUHBMLRKIXMWL_2016                    0.00%    passed     99.84%
 178  B_DELIM-RARRHNFAUHBMLRKIXMWL_Bahrain_DELIM-RARRHNFAUHBMLRKIXMWL_353_DELIM-RARRHNFAUHBMLRKIXMWL_2018                  0.00%    passed     99.88%
 179  B_DELIM-RARRHNFAUHBMLRKIXMWL_Haiti_DELIM-RARRHNFAUHBMLRKIXMWL_10278_DELIM-RARRHNFAUHBMLRKIXMWL_2019                  0.00%    passed     99.91%
 180  B_DELIM-RARRHNFAUHBMLRKIXMWL_Brisbane_DELIM-RARRHNFAUHBMLRKIXMWL_2_DELIM-RARRHNFAUHBMLRKIXMWL_2005                   1.38%    passed    100.00%
 181  B_DELIM-RARRHNFAUHBMLRKIXMWL_Togo_DELIM-RARRHNFAUHBMLRKIXMWL_170_DELIM-RARRHNFAUHBMLRKIXMWL_2017                     0.00%    passed     99.94%
 182  B_DELIM-RARRHNFAUHBMLRKIXMWL_Sydney_DELIM-RARRHNFAUHBMLRKIXMWL_204_DELIM-RARRHNFAUHBMLRKIXMWL_2006                   0.13%    passed     99.95%
 183  B_DELIM-RARRHNFAUHBMLRKIXMWL_Bangladesh_DELIM-RARRHNFAUHBMLRKIXMWL_1318_DELIM-RARRHNFAUHBMLRKIXMWL_2017              0.00%    passed     99.94%
 184  B_DELIM-RARRHNFAUHBMLRKIXMWL_Newcastle_DELIM-RARRHNFAUHBMLRKIXMWL_1_DELIM-RARRHNFAUHBMLRKIXMWL_2005                  1.98%    passed     99.57%
 185  B_DELIM-RARRHNFAUHBMLRKIXMWL_Brisbane_DELIM-RARRHNFAUHBMLRKIXMWL_112_DELIM-RARRHNFAUHBMLRKIXMWL_2011                 2.80%    passed     99.89%
 186  B_DELIM-RARRHNFAUHBMLRKIXMWL_Wakayama_DELIM-RARRHNFAUHBMLRKIXMWL_130_DELIM-RARRHNFAUHBMLRKIXMWL_2014                 2.80%    passed     97.15%
 187  B_DELIM-RARRHNFAUHBMLRKIXMWL_Houston_DELIM-RARRHNFAUHBMLRKIXMWL_B60_DELIM-RARRHNFAUHBMLRKIXMWL_1997                  0.13%    passed     99.74%
 188  B_DELIM-RARRHNFAUHBMLRKIXMWL_Uganda_DELIM-RARRHNFAUHBMLRKIXMWL_2203_DELIM-RARRHNFAUHBMLRKIXMWL_2016                  0.00%    passed     99.90%
 189  B_DELIM-RARRHNFAUHBMLRKIXMWL_Nicaragua_DELIM-RARRHNFAUHBMLRKIXMWL_1086_DELIM-RARRHNFAUHBMLRKIXMWL_2019               0.00%    passed     99.92%
 190  B_DELIM-RARRHNFAUHBMLRKIXMWL_Kenya_DELIM-RARRHNFAUHBMLRKIXMWL_172_DELIM-RARRHNFAUHBMLRKIXMWL_2018                    0.00%    passed     99.64%
 191  B_DELIM-RARRHNFAUHBMLRKIXMWL_India_DELIM-RARRHNFAUHBMLRKIXMWL_3184_DELIM-RARRHNFAUHBMLRKIXMWL_2015                   0.00%    passed     99.54%
 192  B_DELIM-RARRHNFAUHBMLRKIXMWL_Houston_DELIM-RARRHNFAUHBMLRKIXMWL_B67_DELIM-RARRHNFAUHBMLRKIXMWL_2000                  1.94%    passed     99.95%
 193  B_DELIM-RARRHNFAUHBMLRKIXMWL_Sydney_DELIM-RARRHNFAUHBMLRKIXMWL_3_DELIM-RARRHNFAUHBMLRKIXMWL_2002                     1.16%    passed     99.93%
 194  B_DELIM-RARRHNFAUHBMLRKIXMWL_Texas_DELIM-RARRHNFAUHBMLRKIXMWL_6_DELIM-RARRHNFAUHBMLRKIXMWL_2000                      0.17%    passed     99.33%
 195  B_DELIM-RARRHNFAUHBMLRKIXMWL_Valencia_DELIM-RARRHNFAUHBMLRKIXMWL_10_1629_DELIM-RARRHNFAUHBMLRKIXMWL_2020             2.80%    passed     99.99%
 196  B_DELIM-RARRHNFAUHBMLRKIXMWL_Brisbane_DELIM-RARRHNFAUHBMLRKIXMWL_105_DELIM-RARRHNFAUHBMLRKIXMWL_2005                 1.38%    passed     99.91%
 197  B_DELIM-RARRHNFAUHBMLRKIXMWL_Bhutan_DELIM-RARRHNFAUHBMLRKIXMWL_1062_DELIM-RARRHNFAUHBMLRKIXMWL_2019                  0.00%    passed     99.85%
 198  B_DELIM-RARRHNFAUHBMLRKIXMWL_Sichuan_DELIM-RARRHNFAUHBMLRKIXMWL_379_DELIM-RARRHNFAUHBMLRKIXMWL_1999                  4.86%    passed     95.49%
 199  B_DELIM-RARRHNFAUHBMLRKIXMWL_Brisbane_DELIM-RARRHNFAUHBMLRKIXMWL_86_DELIM-RARRHNFAUHBMLRKIXMWL_2005                  0.13%    passed     99.98%
 200  B_DELIM-RARRHNFAUHBMLRKIXMWL_California_DELIM-RARRHNFAUHBMLRKIXMWL_2_DELIM-RARRHNFAUHBMLRKIXMWL_1994                 0.17%    passed     99.98%
 201  B_DELIM-RARRHNFAUHBMLRKIXMWL_Brisbane_DELIM-RARRHNFAUHBMLRKIXMWL_149_DELIM-RARRHNFAUHBMLRKIXMWL_2012                 2.80%    passed     95.92%
 202  B_DELIM-RARRHNFAUHBMLRKIXMWL_Sydney_DELIM-RARRHNFAUHBMLRKIXMWL_26_DELIM-RARRHNFAUHBMLRKIXMWL_2005                    1.38%    passed     99.98%
 203  B_DELIM-RARRHNFAUHBMLRKIXMWL_HongKong_DELIM-RARRHNFAUHBMLRKIXMWL_1554_DELIM-RARRHNFAUHBMLRKIXMWL_2016                0.00%    passed     99.99%
 204  B_DELIM-RARRHNFAUHBMLRKIXMWL_HongKong_DELIM-RARRHNFAUHBMLRKIXMWL_692_DELIM-RARRHNFAUHBMLRKIXMWL_2001                 3.70%    passed     99.74%
 205  B_DELIM-RARRHNFAUHBMLRKIXMWL_Taiwan_DELIM-RARRHNFAUHBMLRKIXMWL_79333_DELIM-RARRHNFAUHBMLRKIXMWL_2018                 0.00%    passed     99.90%
 206  B_DELIM-RARRHNFAUHBMLRKIXMWL_Malaysia_DELIM-RARRHNFAUHBMLRKIXMWL_1759914_DELIM-RARRHNFAUHBMLRKIXMWL_2007             0.13%    passed     99.94%
 207  B_DELIM-RARRHNFAUHBMLRKIXMWL_Oman_DELIM-RARRHNFAUHBMLRKIXMWL_5428_DELIM-RARRHNFAUHBMLRKIXMWL_2016                    0.00%    passed     99.98%
 208  B_DELIM-RARRHNFAUHBMLRKIXMWL_Temple_DELIM-RARRHNFAUHBMLRKIXMWL_B3_DELIM-RARRHNFAUHBMLRKIXMWL_1999                    0.17%    passed     99.66%
 209  B_DELIM-RARRHNFAUHBMLRKIXMWL_StPetersburg_DELIM-RARRHNFAUHBMLRKIXMWL_RII-346_DELIM-RARRHNFAUHBMLRKIXMWL_2019         0.00%    passed     99.35%
 210  B_DELIM-RARRHNFAUHBMLRKIXMWL_Christchurch_DELIM-RARRHNFAUHBMLRKIXMWL_2_DELIM-RARRHNFAUHBMLRKIXMWL_2007               2.80%    passed     99.97%
 211  B_DELIM-RARRHNFAUHBMLRKIXMWL_Mali_DELIM-RARRHNFAUHBMLRKIXMWL_31_DELIM-RARRHNFAUHBMLRKIXMWL_2016                      0.00%    passed     99.87%
 212  B_DELIM-RARRHNFAUHBMLRKIXMWL_Sydney_DELIM-RARRHNFAUHBMLRKIXMWL_23_DELIM-RARRHNFAUHBMLRKIXMWL_2005                    1.38%    passed     99.80%
 213  B_DELIM-RARRHNFAUHBMLRKIXMWL_Guam_DELIM-RARRHNFAUHBMLRKIXMWL_204_DELIM-RARRHNFAUHBMLRKIXMWL_2019                     0.00%    passed     99.96%
 214  B_DELIM-RARRHNFAUHBMLRKIXMWL_California_DELIM-RARRHNFAUHBMLRKIXMWL_42_DELIM-RARRHNFAUHBMLRKIXMWL_2017                0.00%    passed     99.99%
 215  B_DELIM-RARRHNFAUHBMLRKIXMWL_Mali_DELIM-RARRHNFAUHBMLRKIXMWL_23CS_DELIM-RARRHNFAUHBMLRKIXMWL_2015                    2.80%    passed     97.07%
 216  B_DELIM-RARRHNFAUHBMLRKIXMWL_Malaysia_DELIM-RARRHNFAUHBMLRKIXMWL_11169_DELIM-RARRHNFAUHBMLRKIXMWL_1996               0.13%    passed     99.51%
 217  B_DELIM-RARRHNFAUHBMLRKIXMWL_Kanagawa_DELIM-RARRHNFAUHBMLRKIXMWL_AC22_DELIM-RARRHNFAUHBMLRKIXMWL_2016                2.80%    passed     98.41%
 218  B_DELIM-RARRHNFAUHBMLRKIXMWL_Congo_DELIM-RARRHNFAUHBMLRKIXMWL_334_DELIM-RARRHNFAUHBMLRKIXMWL_2019                    0.00%    passed     99.90%
 219  B_DELIM-RARRHNFAUHBMLRKIXMWL_Fiji_DELIM-RARRHNFAUHBMLRKIXMWL_93_DELIM-RARRHNFAUHBMLRKIXMWL_2015                      2.67%    passed     98.97%
 220  B_DELIM-RARRHNFAUHBMLRKIXMWL_Victoria_DELIM-RARRHNFAUHBMLRKIXMWL_108_DELIM-RARRHNFAUHBMLRKIXMWL_2002                 0.09%    passed     97.77%
 221  B_DELIM-RARRHNFAUHBMLRKIXMWL_Nepal_DELIM-RARRHNFAUHBMLRKIXMWL_498_DELIM-RARRHNFAUHBMLRKIXMWL_2016                    0.00%    passed     99.84%
 222  B_DELIM-RARRHNFAUHBMLRKIXMWL_Kanagawa_DELIM-RARRHNFAUHBMLRKIXMWL_IC1649_DELIM-RARRHNFAUHBMLRKIXMWL_2017              2.80%    passed     98.88%
 223  B_DELIM-RARRHNFAUHBMLRKIXMWL_Brisbane_DELIM-RARRHNFAUHBMLRKIXMWL_1_DELIM-RARRHNFAUHBMLRKIXMWL_2007                   2.80%    passed     96.45%
 224  B_DELIM-RARRHNFAUHBMLRKIXMWL_Peru_DELIM-RARRHNFAUHBMLRKIXMWL_6819_DELIM-RARRHNFAUHBMLRKIXMWL_2019                    0.00%    passed     99.40%
 225  B_DELIM-RARRHNFAUHBMLRKIXMWL_Malaysia_DELIM-RARRHNFAUHBMLRKIXMWL_24157_DELIM-RARRHNFAUHBMLRKIXMWL_2003               0.13%    passed     99.51%
 226  B_DELIM-RARRHNFAUHBMLRKIXMWL_Goroka_DELIM-RARRHNFAUHBMLRKIXMWL_2_DELIM-RARRHNFAUHBMLRKIXMWL_2011                     2.84%    passed     99.89%
 227  B_DELIM-RARRHNFAUHBMLRKIXMWL_NewYork_DELIM-RARRHNFAUHBMLRKIXMWL_1001_DELIM-RARRHNFAUHBMLRKIXMWL_1993                 0.17%    passed     99.07%
 228  B_DELIM-RARRHNFAUHBMLRKIXMWL_WestVirginia_DELIM-RARRHNFAUHBMLRKIXMWL_11_DELIM-RARRHNFAUHBMLRKIXMWL_2019              0.00%    passed     99.98%
 229  B_DELIM-RARRHNFAUHBMLRKIXMWL_Argentina_DELIM-RARRHNFAUHBMLRKIXMWL_132_DELIM-RARRHNFAUHBMLRKIXMWL_2001                0.04%    passed     98.93%
 230  B_DELIM-RARRHNFAUHBMLRKIXMWL_Ghana_DELIM-RARRHNFAUHBMLRKIXMWL_ARI-1648_DELIM-RARRHNFAUHBMLRKIXMWL_2012               2.80%    passed     99.47%
 231  B_DELIM-RARRHNFAUHBMLRKIXMWL_Malaysia_DELIM-RARRHNFAUHBMLRKIXMWL_13696_DELIM-RARRHNFAUHBMLRKIXMWL_1997               0.13%    passed     98.66%
 232  B_DELIM-RARRHNFAUHBMLRKIXMWL_SouthAfrica_DELIM-RARRHNFAUHBMLRKIXMWL_R07356_DELIM-RARRHNFAUHBMLRKIXMWL_2017           0.04%    passed     99.93%
 233  B_DELIM-RARRHNFAUHBMLRKIXMWL_Jilin-Chayoang_DELIM-RARRHNFAUHBMLRKIXMWL_11723_DELIM-RARRHNFAUHBMLRKIXMWL_2018         0.04%    passed     99.80%
 234  B_DELIM-RARRHNFAUHBMLRKIXMWL_Paraguay_DELIM-RARRHNFAUHBMLRKIXMWL_5405_DELIM-RARRHNFAUHBMLRKIXMWL_2016                0.00%    passed     99.83%
 235  B_DELIM-RARRHNFAUHBMLRKIXMWL_Malaysia_DELIM-RARRHNFAUHBMLRKIXMWL_10941_DELIM-RARRHNFAUHBMLRKIXMWL_1996               0.13%    passed     99.98%
 236  B_DELIM-RARRHNFAUHBMLRKIXMWL_Philippines_DELIM-RARRHNFAUHBMLRKIXMWL_975_DELIM-RARRHNFAUHBMLRKIXMWL_2016              0.00%    passed     99.99%
 237  B_DELIM-RARRHNFAUHBMLRKIXMWL_England_DELIM-RARRHNFAUHBMLRKIXMWL_70800517_DELIM-RARRHNFAUHBMLRKIXMWL_2017             2.84%    passed     99.54%
 238  B_DELIM-RARRHNFAUHBMLRKIXMWL_England_DELIM-RARRHNFAUHBMLRKIXMWL_725_DELIM-RARRHNFAUHBMLRKIXMWL_2016                  2.84%    passed     99.37%
 239  B_DELIM-RARRHNFAUHBMLRKIXMWL_Houston_DELIM-RARRHNFAUHBMLRKIXMWL_B69_DELIM-RARRHNFAUHBMLRKIXMWL_2002                  0.04%    passed     99.16%
 240  B_DELIM-RARRHNFAUHBMLRKIXMWL_Singapore_DELIM-RARRHNFAUHBMLRKIXMWL_KK0442_DELIM-RARRHNFAUHBMLRKIXMWL_2017             2.80%    passed     99.18%
 241  B_DELIM-RARRHNFAUHBMLRKIXMWL_Brisbane_DELIM-RARRHNFAUHBMLRKIXMWL_121_DELIM-RARRHNFAUHBMLRKIXMWL_2011                 2.80%    passed     99.40%
 242  B_DELIM-RARRHNFAUHBMLRKIXMWL_Adana_DELIM-RARRHNFAUHBMLRKIXMWL_TR-06_DELIM-RARRHNFAUHBMLRKIXMWL_2010                  2.80%    passed     99.87%
 243  B_DELIM-RARRHNFAUHBMLRKIXMWL_Darwin_DELIM-RARRHNFAUHBMLRKIXMWL_19_DELIM-RARRHNFAUHBMLRKIXMWL_2014                    2.80%    passed     97.09%
 244  B_DELIM-RARRHNFAUHBMLRKIXMWL_Bolivia_DELIM-RARRHNFAUHBMLRKIXMWL_143_DELIM-RARRHNFAUHBMLRKIXMWL_2018                  0.00%    passed     99.82%
 245  B_DELIM-RARRHNFAUHBMLRKIXMWL_Utah_DELIM-RARRHNFAUHBMLRKIXMWL_9_DELIM-RARRHNFAUHBMLRKIXMWL_2014                       2.80%    passed     99.29%
 246  B_DELIM-RARRHNFAUHBMLRKIXMWL_Malaysia_DELIM-RARRHNFAUHBMLRKIXMWL_13693_DELIM-RARRHNFAUHBMLRKIXMWL_1997               0.13%    passed     99.98%
 247  B_DELIM-RARRHNFAUHBMLRKIXMWL_Serbia_DELIM-RARRHNFAUHBMLRKIXMWL_2213_DELIM-RARRHNFAUHBMLRKIXMWL_2018                  0.00%    passed     99.84%
 248  B_DELIM-RARRHNFAUHBMLRKIXMWL_Brisbane_DELIM-RARRHNFAUHBMLRKIXMWL_18_DELIM-RARRHNFAUHBMLRKIXMWL_2004                  0.04%    passed     99.99%
 249  B_DELIM-RARRHNFAUHBMLRKIXMWL_Paraguay_DELIM-RARRHNFAUHBMLRKIXMWL_5243_DELIM-RARRHNFAUHBMLRKIXMWL_2016                0.00%    passed     99.96%
 250  B_DELIM-RARRHNFAUHBMLRKIXMWL_Chile_DELIM-RARRHNFAUHBMLRKIXMWL_5746_DELIM-RARRHNFAUHBMLRKIXMWL_2019                   0.00%    passed     99.99%
 251  B_DELIM-RARRHNFAUHBMLRKIXMWL_Guyane_DELIM-RARRHNFAUHBMLRKIXMWL_1307_DELIM-RARRHNFAUHBMLRKIXMWL_2012                  2.80%    passed     96.34%
 252  B_DELIM-RARRHNFAUHBMLRKIXMWL_Sydney_DELIM-RARRHNFAUHBMLRKIXMWL_200_DELIM-RARRHNFAUHBMLRKIXMWL_2002                   0.17%    passed     99.89%
 253  B_DELIM-RARRHNFAUHBMLRKIXMWL_Bangladesh_DELIM-RARRHNFAUHBMLRKIXMWL_1659_DELIM-RARRHNFAUHBMLRKIXMWL_2019              0.00%    passed     99.98%
 254  B_DELIM-RARRHNFAUHBMLRKIXMWL_Lao_DELIM-RARRHNFAUHBMLRKIXMWL_920_DELIM-RARRHNFAUHBMLRKIXMWL_2019                      0.00%    passed     99.48%
 255  B_DELIM-RARRHNFAUHBMLRKIXMWL_Bangladesh_DELIM-RARRHNFAUHBMLRKIXMWL_3037_DELIM-RARRHNFAUHBMLRKIXMWL_2017              0.00%    passed     99.94%
 256  B_DELIM-RARRHNFAUHBMLRKIXMWL_Orkhon_DELIM-RARRHNFAUHBMLRKIXMWL_1157_DELIM-RARRHNFAUHBMLRKIXMWL_2018                  0.00%    passed     99.84%
 257  B_DELIM-RARRHNFAUHBMLRKIXMWL_Victoria_DELIM-RARRHNFAUHBMLRKIXMWL_109_DELIM-RARRHNFAUHBMLRKIXMWL_2004                 0.22%    passed     99.94%
 258  B_DELIM-RARRHNFAUHBMLRKIXMWL_Congo_DELIM-RARRHNFAUHBMLRKIXMWL_410_DELIM-RARRHNFAUHBMLRKIXMWL_2018                    0.00%    passed     99.62%
 259  B_DELIM-RARRHNFAUHBMLRKIXMWL_Lao_DELIM-RARRHNFAUHBMLRKIXMWL_1046_DELIM-RARRHNFAUHBMLRKIXMWL_2018                     0.00%    passed     99.59%
 260  B_DELIM-RARRHNFAUHBMLRKIXMWL_NewYork_DELIM-RARRHNFAUHBMLRKIXMWL_1019_DELIM-RARRHNFAUHBMLRKIXMWL_1999                 0.17%    passed     99.66%
 261  B_DELIM-RARRHNFAUHBMLRKIXMWL_Malaysia_DELIM-RARRHNFAUHBMLRKIXMWL_10837_DELIM-RARRHNFAUHBMLRKIXMWL_1996               0.13%    passed     99.54%
 262  B_DELIM-RARRHNFAUHBMLRKIXMWL_NewYork_DELIM-RARRHNFAUHBMLRKIXMWL_1004_DELIM-RARRHNFAUHBMLRKIXMWL_1995                 0.17%    passed     99.74%
 263  B_DELIM-RARRHNFAUHBMLRKIXMWL_Togo_DELIM-RARRHNFAUHBMLRKIXMWL_67_DELIM-RARRHNFAUHBMLRKIXMWL_2017                      0.00%    passed     98.52%
 264  B_DELIM-RARRHNFAUHBMLRKIXMWL_Southaustralia_DELIM-RARRHNFAUHBMLRKIXMWL_12_DELIM-RARRHNFAUHBMLRKIXMWL_2013            2.45%    passed     99.58%
 265  B_DELIM-RARRHNFAUHBMLRKIXMWL_Chicago_DELIM-RARRHNFAUHBMLRKIXMWL_YGB_04010_DELIM-RARRHNFAUHBMLRKIXMWL_2013            2.80%    passed     93.29%
 266  B_DELIM-RARRHNFAUHBMLRKIXMWL_Nicaragua_DELIM-RARRHNFAUHBMLRKIXMWL_1186_DELIM-RARRHNFAUHBMLRKIXMWL_2019               0.00%    passed     99.95%
 267  B_DELIM-RARRHNFAUHBMLRKIXMWL_Townsville_DELIM-RARRHNFAUHBMLRKIXMWL_11_DELIM-RARRHNFAUHBMLRKIXMWL_2005                1.38%    passed     99.98%
 268  B_DELIM-RARRHNFAUHBMLRKIXMWL_California_DELIM-RARRHNFAUHBMLRKIXMWL_NHRC0002_DELIM-RARRHNFAUHBMLRKIXMWL_2006          0.22%    passed     99.97%
 269  B_DELIM-RARRHNFAUHBMLRKIXMWL_Bahrain_DELIM-RARRHNFAUHBMLRKIXMWL_877_DELIM-RARRHNFAUHBMLRKIXMWL_2016                  0.00%    passed     99.98%
 270  B_DELIM-RARRHNFAUHBMLRKIXMWL_Tokyo_DELIM-RARRHNFAUHBMLRKIXMWL_17310_DELIM-RARRHNFAUHBMLRKIXMWL_2017                  2.80%    passed     99.50%
 271  B_DELIM-RARRHNFAUHBMLRKIXMWL_Afghanistan_DELIM-RARRHNFAUHBMLRKIXMWL_202_DELIM-RARRHNFAUHBMLRKIXMWL_2016              0.00%    passed     99.97%
 272  B_DELIM-RARRHNFAUHBMLRKIXMWL_Nepal_DELIM-RARRHNFAUHBMLRKIXMWL_1919_DELIM-RARRHNFAUHBMLRKIXMWL_2015                   2.80%    passed     96.82%
 273  B_DELIM-RARRHNFAUHBMLRKIXMWL_Bangladesh_DELIM-RARRHNFAUHBMLRKIXMWL_280_DELIM-RARRHNFAUHBMLRKIXMWL_2018               0.00%    passed     99.48%
 274  B_DELIM-RARRHNFAUHBMLRKIXMWL_Kyiv_DELIM-RARRHNFAUHBMLRKIXMWL_9_DELIM-RARRHNFAUHBMLRKIXMWL_2018                       0.00%    passed     99.80%
 275  B_DELIM-RARRHNFAUHBMLRKIXMWL_Tochigi_DELIM-RARRHNFAUHBMLRKIXMWL_17228_DELIM-RARRHNFAUHBMLRKIXMWL_2017                2.80%    passed     99.22%
 276  B_DELIM-RARRHNFAUHBMLRKIXMWL_HongKong_DELIM-RARRHNFAUHBMLRKIXMWL_557_DELIM-RARRHNFAUHBMLRKIXMWL_2000                 4.09%    passed     99.67%
 277  B_DELIM-RARRHNFAUHBMLRKIXMWL_Philippines_DELIM-RARRHNFAUHBMLRKIXMWL_268_DELIM-RARRHNFAUHBMLRKIXMWL_2018              0.00%    passed     99.79%
 278  B_DELIM-RARRHNFAUHBMLRKIXMWL_Brisbane_DELIM-RARRHNFAUHBMLRKIXMWL_28_DELIM-RARRHNFAUHBMLRKIXMWL_2007                  0.22%    passed     99.85%
 279  B_DELIM-RARRHNFAUHBMLRKIXMWL_NewYork_DELIM-RARRHNFAUHBMLRKIXMWL_1046_DELIM-RARRHNFAUHBMLRKIXMWL_2001                 0.17%    passed    100.00%
 280  B_DELIM-RARRHNFAUHBMLRKIXMWL_Darwin_DELIM-RARRHNFAUHBMLRKIXMWL_5_DELIM-RARRHNFAUHBMLRKIXMWL_2018                     2.80%    passed     99.68%
 281  B_DELIM-RARRHNFAUHBMLRKIXMWL_Brisbane_DELIM-RARRHNFAUHBMLRKIXMWL_113_DELIM-RARRHNFAUHBMLRKIXMWL_2012                 2.84%    passed     98.06%
 282  B_DELIM-RARRHNFAUHBMLRKIXMWL_Victoria_DELIM-RARRHNFAUHBMLRKIXMWL_531_DELIM-RARRHNFAUHBMLRKIXMWL_2005                 1.38%    passed     99.98%
 283  B_DELIM-RARRHNFAUHBMLRKIXMWL_Malaysia_DELIM-RARRHNFAUHBMLRKIXMWL_6535_DELIM-RARRHNFAUHBMLRKIXMWL_1995                0.13%    passed     99.02%
 284  B_DELIM-RARRHNFAUHBMLRKIXMWL_Bangladesh_DELIM-RARRHNFAUHBMLRKIXMWL_203018_DELIM-RARRHNFAUHBMLRKIXMWL_2015            0.00%    passed     99.49%
 285  B_DELIM-RARRHNFAUHBMLRKIXMWL_NewYork_DELIM-RARRHNFAUHBMLRKIXMWL_1003_DELIM-RARRHNFAUHBMLRKIXMWL_1993                 0.99%    passed     99.94%
 286  B_DELIM-RARRHNFAUHBMLRKIXMWL_Brazil_DELIM-RARRHNFAUHBMLRKIXMWL_583_DELIM-RARRHNFAUHBMLRKIXMWL_2015                   0.00%    passed     99.88%
 287  B_DELIM-RARRHNFAUHBMLRKIXMWL_Alaska_DELIM-RARRHNFAUHBMLRKIXMWL_8_DELIM-RARRHNFAUHBMLRKIXMWL_2019                     0.04%    passed     99.88%
 288  B_DELIM-RARRHNFAUHBMLRKIXMWL_Mali_DELIM-RARRHNFAUHBMLRKIXMWL_10SIK_DELIM-RARRHNFAUHBMLRKIXMWL_2015                   0.00%    passed     98.56%
 289  B_DELIM-RARRHNFAUHBMLRKIXMWL_HongKong_DELIM-RARRHNFAUHBMLRKIXMWL_3611_DELIM-RARRHNFAUHBMLRKIXMWL_2012                2.80%    passed     97.39%
 290  B_DELIM-RARRHNFAUHBMLRKIXMWL_Sydney_DELIM-RARRHNFAUHBMLRKIXMWL_201_DELIM-RARRHNFAUHBMLRKIXMWL_2002                   0.13%    passed     98.75%
 291  B_DELIM-RARRHNFAUHBMLRKIXMWL_Brisbane_DELIM-RARRHNFAUHBMLRKIXMWL_31_DELIM-RARRHNFAUHBMLRKIXMWL_2007                  0.22%    passed     99.53%
 292  B_DELIM-RARRHNFAUHBMLRKIXMWL_Christchurch_DELIM-RARRHNFAUHBMLRKIXMWL_8_DELIM-RARRHNFAUHBMLRKIXMWL_2005               1.42%    passed     99.88%
 293  B_DELIM-RARRHNFAUHBMLRKIXMWL_HongKong_DELIM-RARRHNFAUHBMLRKIXMWL_568_DELIM-RARRHNFAUHBMLRKIXMWL_2011                 2.80%    passed     97.16%
 294  B_DELIM-RARRHNFAUHBMLRKIXMWL_Victoria_DELIM-RARRHNFAUHBMLRKIXMWL_500_DELIM-RARRHNFAUHBMLRKIXMWL_2011                 2.80%    passed     99.78%
 295  B_DELIM-RARRHNFAUHBMLRKIXMWL_Florida_DELIM-RARRHNFAUHBMLRKIXMWL_2_DELIM-RARRHNFAUHBMLRKIXMWL_1998                    2.67%    passed    100.00%
 296  B_DELIM-RARRHNFAUHBMLRKIXMWL_Saitama_DELIM-RARRHNFAUHBMLRKIXMWL_188_DELIM-RARRHNFAUHBMLRKIXMWL_2017                  2.80%    passed    100.00%
 297  B_DELIM-RARRHNFAUHBMLRKIXMWL_Bangladesh_DELIM-RARRHNFAUHBMLRKIXMWL_1001_DELIM-RARRHNFAUHBMLRKIXMWL_2018              0.00%    passed     99.74%
 298  B_DELIM-RARRHNFAUHBMLRKIXMWL_Taiwan_DELIM-RARRHNFAUHBMLRKIXMWL_481_DELIM-RARRHNFAUHBMLRKIXMWL_2001                   0.22%    passed     99.85%
 299  B_DELIM-RARRHNFAUHBMLRKIXMWL_Yokohama_DELIM-RARRHNFAUHBMLRKIXMWL_112_DELIM-RARRHNFAUHBMLRKIXMWL_2016                 0.00%    passed     99.98%
 300  B_DELIM-RARRHNFAUHBMLRKIXMWL_NewYork_DELIM-RARRHNFAUHBMLRKIXMWL_1014_DELIM-RARRHNFAUHBMLRKIXMWL_1996                 0.17%    passed     99.89%
 301  B_DELIM-RARRHNFAUHBMLRKIXMWL_Wellington_DELIM-RARRHNFAUHBMLRKIXMWL_16_DELIM-RARRHNFAUHBMLRKIXMWL_2005                1.38%    passed     99.91%
 302  B_DELIM-RARRHNFAUHBMLRKIXMWL_BurkinaFaso_DELIM-RARRHNFAUHBMLRKIXMWL_950_DELIM-RARRHNFAUHBMLRKIXMWL_2018              0.00%    passed     99.80%
 303  B_DELIM-RARRHNFAUHBMLRKIXMWL_England_DELIM-RARRHNFAUHBMLRKIXMWL_80600015_DELIM-RARRHNFAUHBMLRKIXMWL_2018             2.80%    passed     99.82%
 304  B_DELIM-RARRHNFAUHBMLRKIXMWL_NewYork_DELIM-RARRHNFAUHBMLRKIXMWL_1030_DELIM-RARRHNFAUHBMLRKIXMWL_2001                 0.04%    passed     99.46%
 305  B_DELIM-RARRHNFAUHBMLRKIXMWL_HongKong_DELIM-RARRHNFAUHBMLRKIXMWL_1402_DELIM-RARRHNFAUHBMLRKIXMWL_2018                0.00%    passed     99.90%
 306  B_DELIM-RARRHNFAUHBMLRKIXMWL_Kenya_DELIM-RARRHNFAUHBMLRKIXMWL_121_DELIM-RARRHNFAUHBMLRKIXMWL_2018                    0.00%    passed     99.91%
 307  B_DELIM-RARRHNFAUHBMLRKIXMWL_Bahia_DELIM-RARRHNFAUHBMLRKIXMWL_127_DELIM-RARRHNFAUHBMLRKIXMWL_2017                    0.00%    passed     99.87%
 308  B_DELIM-RARRHNFAUHBMLRKIXMWL_SouthAuckland_DELIM-RARRHNFAUHBMLRKIXMWL_29_DELIM-RARRHNFAUHBMLRKIXMWL_2012             0.00%    passed     99.75%
 309  B_DELIM-RARRHNFAUHBMLRKIXMWL_Afghanistan_DELIM-RARRHNFAUHBMLRKIXMWL_1909_DELIM-RARRHNFAUHBMLRKIXMWL_2019             0.00%    passed     99.65%
 310  B_DELIM-RARRHNFAUHBMLRKIXMWL_Kitakyushu_DELIM-RARRHNFAUHBMLRKIXMWL_1_DELIM-RARRHNFAUHBMLRKIXMWL_2015                 2.80%    passed     97.78%
 311  B_DELIM-RARRHNFAUHBMLRKIXMWL_Philippines_DELIM-RARRHNFAUHBMLRKIXMWL_103_DELIM-RARRHNFAUHBMLRKIXMWL_2018              0.00%    passed     99.99%
 312  B_DELIM-RARRHNFAUHBMLRKIXMWL_AbuDhabi_DELIM-RARRHNFAUHBMLRKIXMWL_26_DELIM-RARRHNFAUHBMLRKIXMWL_2017                  0.00%    passed     99.54%
 313  B_DELIM-RARRHNFAUHBMLRKIXMWL_India_DELIM-RARRHNFAUHBMLRKIXMWL_8055_DELIM-RARRHNFAUHBMLRKIXMWL_2017                   0.00%    passed     99.96%
 314  B_DELIM-RARRHNFAUHBMLRKIXMWL_Singapore_DELIM-RARRHNFAUHBMLRKIXMWL_35_DELIM-RARRHNFAUHBMLRKIXMWL_1998                 0.22%    passed     99.59%
 315  B_DELIM-RARRHNFAUHBMLRKIXMWL_Peru_DELIM-RARRHNFAUHBMLRKIXMWL_9319_DELIM-RARRHNFAUHBMLRKIXMWL_2019                    0.00%    passed     99.44%
 316  B_DELIM-RARRHNFAUHBMLRKIXMWL_PaysDeLoire_DELIM-RARRHNFAUHBMLRKIXMWL_859_DELIM-RARRHNFAUHBMLRKIXMWL_2020              2.80%    passed     99.60%
 317  B_DELIM-RARRHNFAUHBMLRKIXMWL_Victoria_DELIM-RARRHNFAUHBMLRKIXMWL_341_DELIM-RARRHNFAUHBMLRKIXMWL_2002                 0.17%    passed     99.65%
 318  B_DELIM-RARRHNFAUHBMLRKIXMWL_Malaysia_DELIM-RARRHNFAUHBMLRKIXMWL_13494_DELIM-RARRHNFAUHBMLRKIXMWL_1997               0.13%    passed     99.70%
 319  B_DELIM-RARRHNFAUHBMLRKIXMWL_Yamanashi_DELIM-RARRHNFAUHBMLRKIXMWL_166_DELIM-RARRHNFAUHBMLRKIXMWL_1998                2.80%    passed     99.73%
 320  B_DELIM-RARRHNFAUHBMLRKIXMWL_SouthCarolina_DELIM-RARRHNFAUHBMLRKIXMWL_NHRC0001_DELIM-RARRHNFAUHBMLRKIXMWL_2000       0.13%    passed     99.77%
 321  B_DELIM-RARRHNFAUHBMLRKIXMWL_NewYork_DELIM-RARRHNFAUHBMLRKIXMWL_1010_DELIM-RARRHNFAUHBMLRKIXMWL_1995                 0.17%    passed     99.93%
 322  B_DELIM-RARRHNFAUHBMLRKIXMWL_Tucuman_DELIM-RARRHNFAUHBMLRKIXMWL_A285_DELIM-RARRHNFAUHBMLRKIXMWL_2012                 2.80%    passed     94.00%
 323  B_DELIM-RARRHNFAUHBMLRKIXMWL_Suriname_DELIM-RARRHNFAUHBMLRKIXMWL_1442_DELIM-RARRHNFAUHBMLRKIXMWL_2016                0.00%    passed     99.85%
 324  B_DELIM-RARRHNFAUHBMLRKIXMWL_NewYork_DELIM-RARRHNFAUHBMLRKIXMWL_1052_DELIM-RARRHNFAUHBMLRKIXMWL_2002                 0.17%    passed     99.94%
 325  B_DELIM-RARRHNFAUHBMLRKIXMWL_Stockholm_DELIM-RARRHNFAUHBMLRKIXMWL_8_DELIM-RARRHNFAUHBMLRKIXMWL_2015                  2.80%    passed     99.04%
 326  B_DELIM-RARRHNFAUHBMLRKIXMWL_California_DELIM-RARRHNFAUHBMLRKIXMWL_12_DELIM-RARRHNFAUHBMLRKIXMWL_2015                0.00%    passed     99.67%
 327  B_DELIM-RARRHNFAUHBMLRKIXMWL_Cambodia_DELIM-RARRHNFAUHBMLRKIXMWL_1179_DELIM-RARRHNFAUHBMLRKIXMWL_2015                0.00%    passed     99.82%
 328  B_DELIM-RARRHNFAUHBMLRKIXMWL_CoteDIvoire_DELIM-RARRHNFAUHBMLRKIXMWL_378_DELIM-RARRHNFAUHBMLRKIXMWL_2019              0.00%    passed     99.37%
 329  B_DELIM-RARRHNFAUHBMLRKIXMWL_Victoria_DELIM-RARRHNFAUHBMLRKIXMWL_353_DELIM-RARRHNFAUHBMLRKIXMWL_2002                 0.17%    passed     99.65%
 330  B_DELIM-RARRHNFAUHBMLRKIXMWL_Yamagata_DELIM-RARRHNFAUHBMLRKIXMWL_103_DELIM-RARRHNFAUHBMLRKIXMWL_2017                 2.80%    passed     99.44%
 331  B_DELIM-RARRHNFAUHBMLRKIXMWL_Malaysia_DELIM-RARRHNFAUHBMLRKIXMWL_11721_DELIM-RARRHNFAUHBMLRKIXMWL_1997               0.13%    passed     99.83%
 332  B_DELIM-RARRHNFAUHBMLRKIXMWL_Bangladesh_DELIM-RARRHNFAUHBMLRKIXMWL_1300_DELIM-RARRHNFAUHBMLRKIXMWL_2017              0.00%    passed     99.73%
 333  B_DELIM-RARRHNFAUHBMLRKIXMWL_RioGrandeDoSul_DELIM-RARRHNFAUHBMLRKIXMWL_950_DELIM-RARRHNFAUHBMLRKIXMWL_2017           0.00%    passed     99.74%
 334  B_DELIM-RARRHNFAUHBMLRKIXMWL_Florida_DELIM-RARRHNFAUHBMLRKIXMWL_44_DELIM-RARRHNFAUHBMLRKIXMWL_2018                   0.00%    passed     99.74%
 335  B_DELIM-RARRHNFAUHBMLRKIXMWL_Malaysia_DELIM-RARRHNFAUHBMLRKIXMWL_1712152_DELIM-RARRHNFAUHBMLRKIXMWL_2007             0.13%    passed     99.74%
 336  B_DELIM-RARRHNFAUHBMLRKIXMWL_NewYork_DELIM-RARRHNFAUHBMLRKIXMWL_1038_DELIM-RARRHNFAUHBMLRKIXMWL_2001                 0.04%    passed     99.97%
 337  B_DELIM-RARRHNFAUHBMLRKIXMWL_NewYork_DELIM-RARRHNFAUHBMLRKIXMWL_1002_DELIM-RARRHNFAUHBMLRKIXMWL_1993                 0.22%    passed     99.23%
 338  B_DELIM-RARRHNFAUHBMLRKIXMWL_NewYork_DELIM-RARRHNFAUHBMLRKIXMWL_1241_DELIM-RARRHNFAUHBMLRKIXMWL_2010                 0.13%    passed     98.85%
 339  B_DELIM-RARRHNFAUHBMLRKIXMWL_Bahia_DELIM-RARRHNFAUHBMLRKIXMWL_975_DELIM-RARRHNFAUHBMLRKIXMWL_2017                    0.00%    passed     99.99%
 340  B_DELIM-RARRHNFAUHBMLRKIXMWL_Brazil_DELIM-RARRHNFAUHBMLRKIXMWL_643_DELIM-RARRHNFAUHBMLRKIXMWL_2015                   0.00%    passed     99.96%
 341  B_DELIM-RARRHNFAUHBMLRKIXMWL_Alaska_DELIM-RARRHNFAUHBMLRKIXMWL_12_DELIM-RARRHNFAUHBMLRKIXMWL_1996                    1.33%    passed     99.59%
 342  B_DELIM-RARRHNFAUHBMLRKIXMWL_Bahrain_DELIM-RARRHNFAUHBMLRKIXMWL_364_DELIM-RARRHNFAUHBMLRKIXMWL_2019                  0.04%    passed     99.69%
 343  B_DELIM-RARRHNFAUHBMLRKIXMWL_Paris_DELIM-RARRHNFAUHBMLRKIXMWL_2569_DELIM-RARRHNFAUHBMLRKIXMWL_2019                   2.80%    passed     99.84%
 344  B_DELIM-RARRHNFAUHBMLRKIXMWL_Brisbane_DELIM-RARRHNFAUHBMLRKIXMWL_93_DELIM-RARRHNFAUHBMLRKIXMWL_2005                  1.38%    passed     99.98%
 345  B_DELIM-RARRHNFAUHBMLRKIXMWL_Christchurch_DELIM-RARRHNFAUHBMLRKIXMWL_1002_DELIM-RARRHNFAUHBMLRKIXMWL_2007            1.20%    passed     99.94%
 346  B_DELIM-RARRHNFAUHBMLRKIXMWL_NorthCarolina_DELIM-RARRHNFAUHBMLRKIXMWL_9_DELIM-RARRHNFAUHBMLRKIXMWL_2019              0.00%    passed     99.74%
 347  B_DELIM-RARRHNFAUHBMLRKIXMWL_Kristianstad_DELIM-RARRHNFAUHBMLRKIXMWL_1_DELIM-RARRHNFAUHBMLRKIXMWL_2016               2.80%    passed     99.90%
 348  B_DELIM-RARRHNFAUHBMLRKIXMWL_Brisbane_DELIM-RARRHNFAUHBMLRKIXMWL_4_DELIM-RARRHNFAUHBMLRKIXMWL_2005                   0.22%    passed     99.97%
 349  B_DELIM-RARRHNFAUHBMLRKIXMWL_Bangladesh_DELIM-RARRHNFAUHBMLRKIXMWL_712021_DELIM-RARRHNFAUHBMLRKIXMWL_2017            0.04%    passed     99.90%
 350  B_DELIM-RARRHNFAUHBMLRKIXMWL_Mississippi_DELIM-RARRHNFAUHBMLRKIXMWL_UR06-0031_DELIM-RARRHNFAUHBMLRKIXMWL_2007        1.20%    passed     99.85%
 351  B_DELIM-RARRHNFAUHBMLRKIXMWL_Tasmania_DELIM-RARRHNFAUHBMLRKIXMWL_7_DELIM-RARRHNFAUHBMLRKIXMWL_2014                   2.80%    passed     96.63%
 352  B_DELIM-RARRHNFAUHBMLRKIXMWL_Yamanashi_DELIM-RARRHNFAUHBMLRKIXMWL_19411_DELIM-RARRHNFAUHBMLRKIXMWL_2019              0.00%    passed     99.95%
 353  B_DELIM-RARRHNFAUHBMLRKIXMWL_Vietnam_DELIM-RARRHNFAUHBMLRKIXMWL_GHS691_DELIM-RARRHNFAUHBMLRKIXMWL_2017               0.00%    passed     99.91%
 354  B_DELIM-RARRHNFAUHBMLRKIXMWL_Yaounde_DELIM-RARRHNFAUHBMLRKIXMWL_11V-18472_DELIM-RARRHNFAUHBMLRKIXMWL_2011            2.80%    passed     99.85%
 355  B_DELIM-RARRHNFAUHBMLRKIXMWL_NewYork_DELIM-RARRHNFAUHBMLRKIXMWL_1123_DELIM-RARRHNFAUHBMLRKIXMWL_2007                 1.20%    passed     99.90%
 356  B_DELIM-RARRHNFAUHBMLRKIXMWL_Southauckland_DELIM-RARRHNFAUHBMLRKIXMWL_5_DELIM-RARRHNFAUHBMLRKIXMWL_2011              2.45%    passed     99.59%
 357  B_DELIM-RARRHNFAUHBMLRKIXMWL_Christchurch_DELIM-RARRHNFAUHBMLRKIXMWL_242_DELIM-RARRHNFAUHBMLRKIXMWL_2004             0.17%    passed     99.43%
 358  B_DELIM-RARRHNFAUHBMLRKIXMWL_StPetersburg_DELIM-RARRHNFAUHBMLRKIXMWL_RII-183_DELIM-RARRHNFAUHBMLRKIXMWL_2020         0.00%    passed     99.70%
 359  B_DELIM-RARRHNFAUHBMLRKIXMWL_Mozambique_DELIM-RARRHNFAUHBMLRKIXMWL_458_DELIM-RARRHNFAUHBMLRKIXMWL_2017               0.00%    passed     99.79%
 360  B_DELIM-RARRHNFAUHBMLRKIXMWL_Colombia_DELIM-RARRHNFAUHBMLRKIXMWL_6457_DELIM-RARRHNFAUHBMLRKIXMWL_2017                0.00%    passed     99.49%
 361  B_DELIM-RARRHNFAUHBMLRKIXMWL_ChiangRai_DELIM-RARRHNFAUHBMLRKIXMWL_27_DELIM-RARRHNFAUHBMLRKIXMWL_2018                 0.04%    passed     99.82%
 362  B_DELIM-RARRHNFAUHBMLRKIXMWL_Wyoming_DELIM-RARRHNFAUHBMLRKIXMWL_13_DELIM-RARRHNFAUHBMLRKIXMWL_2017                   0.00%    passed     99.66%
 363  B_DELIM-RARRHNFAUHBMLRKIXMWL_Moscow_DELIM-RARRHNFAUHBMLRKIXMWL_109_DELIM-RARRHNFAUHBMLRKIXMWL_2015                   2.80%    passed     98.60%
 364  B_DELIM-RARRHNFAUHBMLRKIXMWL_Malaysia_DELIM-RARRHNFAUHBMLRKIXMWL_11185_DELIM-RARRHNFAUHBMLRKIXMWL_1996               0.13%    passed     99.72%
 365  B_DELIM-RARRHNFAUHBMLRKIXMWL_Perth_DELIM-RARRHNFAUHBMLRKIXMWL_501_DELIM-RARRHNFAUHBMLRKIXMWL_2013                    0.00%    passed     95.46%
 366  B_DELIM-RARRHNFAUHBMLRKIXMWL_Brazil_DELIM-RARRHNFAUHBMLRKIXMWL_163_DELIM-RARRHNFAUHBMLRKIXMWL_2015                   2.84%    passed     99.72%
 367  B_DELIM-RARRHNFAUHBMLRKIXMWL_Algeria_DELIM-RARRHNFAUHBMLRKIXMWL_G44_DELIM-RARRHNFAUHBMLRKIXMWL_2010                  2.80%    passed     99.99%
 368  B_DELIM-RARRHNFAUHBMLRKIXMWL_Chanthaburi_DELIM-RARRHNFAUHBMLRKIXMWL_218_DELIM-RARRHNFAUHBMLRKIXMWL_2003              1.94%    passed     99.78%
 369  B_DELIM-RARRHNFAUHBMLRKIXMWL_Dnipro_DELIM-RARRHNFAUHBMLRKIXMWL_385_DELIM-RARRHNFAUHBMLRKIXMWL_2014                   2.80%    passed     95.69%
 370  B_DELIM-RARRHNFAUHBMLRKIXMWL_India_DELIM-RARRHNFAUHBMLRKIXMWL_2898_DELIM-RARRHNFAUHBMLRKIXMWL_2018                   0.00%    passed     99.90%
 371  B_DELIM-RARRHNFAUHBMLRKIXMWL_Fujian-Meilie_DELIM-RARRHNFAUHBMLRKIXMWL_1440_DELIM-RARRHNFAUHBMLRKIXMWL_2010           0.00%    passed     99.97%
 372  B_DELIM-RARRHNFAUHBMLRKIXMWL_Yamagata_DELIM-RARRHNFAUHBMLRKIXMWL_16_DELIM-RARRHNFAUHBMLRKIXMWL_1988                  2.80%    passed     99.18%
 373  B_DELIM-RARRHNFAUHBMLRKIXMWL_Brisbane_DELIM-RARRHNFAUHBMLRKIXMWL_1_DELIM-RARRHNFAUHBMLRKIXMWL_2008                   0.13%    passed     99.90%
 374  B_DELIM-RARRHNFAUHBMLRKIXMWL_Nepal_DELIM-RARRHNFAUHBMLRKIXMWL_29_DELIM-RARRHNFAUHBMLRKIXMWL_2016                     0.00%    passed     99.57%
 375  B_DELIM-RARRHNFAUHBMLRKIXMWL_Mali_DELIM-RARRHNFAUHBMLRKIXMWL_80_DELIM-RARRHNFAUHBMLRKIXMWL_2018                      0.00%    passed     99.26%
 376  B_DELIM-RARRHNFAUHBMLRKIXMWL_Bahrain_DELIM-RARRHNFAUHBMLRKIXMWL_206_DELIM-RARRHNFAUHBMLRKIXMWL_2018                  0.00%    passed     99.88%
 377  B_DELIM-RARRHNFAUHBMLRKIXMWL_Santiago_DELIM-RARRHNFAUHBMLRKIXMWL_11914_DELIM-RARRHNFAUHBMLRKIXMWL_2020               0.04%    passed     99.97%
 378  B_DELIM-RARRHNFAUHBMLRKIXMWL_Lao_DELIM-RARRHNFAUHBMLRKIXMWL_110_DELIM-RARRHNFAUHBMLRKIXMWL_2015                      2.84%    passed     98.12%
 379  B_DELIM-RARRHNFAUHBMLRKIXMWL_Gansu-Chengguan_DELIM-RARRHNFAUHBMLRKIXMWL_572_DELIM-RARRHNFAUHBMLRKIXMWL_2011          0.00%    passed     99.99%
 380  B_DELIM-RARRHNFAUHBMLRKIXMWL_Shanghai-Pudongxin_DELIM-RARRHNFAUHBMLRKIXMWL_1467_DELIM-RARRHNFAUHBMLRKIXMWL_2010      0.00%    passed     99.93%
 381  B_DELIM-RARRHNFAUHBMLRKIXMWL_Nonthaburi_DELIM-RARRHNFAUHBMLRKIXMWL_41_DELIM-RARRHNFAUHBMLRKIXMWL_2017                0.00%    passed     99.97%
 382  B_DELIM-RARRHNFAUHBMLRKIXMWL_Maldives_DELIM-RARRHNFAUHBMLRKIXMWL_1168_DELIM-RARRHNFAUHBMLRKIXMWL_2017                0.00%    passed     99.24%
 383  B_DELIM-RARRHNFAUHBMLRKIXMWL_Indonesia_DELIM-RARRHNFAUHBMLRKIXMWL_Nihrd-Bdg183_DELIM-RARRHNFAUHBMLRKIXMWL_2016       0.00%    passed     99.96%
 384  B_DELIM-RARRHNFAUHBMLRKIXMWL_Serbia_DELIM-RARRHNFAUHBMLRKIXMWL_1894_DELIM-RARRHNFAUHBMLRKIXMWL_2011                  2.80%    passed     99.71%
 385  B_DELIM-RARRHNFAUHBMLRKIXMWL_NewYork_DELIM-RARRHNFAUHBMLRKIXMWL_1012_DELIM-RARRHNFAUHBMLRKIXMWL_1995                 0.17%    passed     99.93%
 386  B_DELIM-RARRHNFAUHBMLRKIXMWL_Lao_DELIM-RARRHNFAUHBMLRKIXMWL_736_DELIM-RARRHNFAUHBMLRKIXMWL_2018                      0.00%    passed     99.35%
 387  B_DELIM-RARRHNFAUHBMLRKIXMWL_Auckland_DELIM-RARRHNFAUHBMLRKIXMWL_1_DELIM-RARRHNFAUHBMLRKIXMWL_2007                   0.13%    passed     99.90%
 388  B_DELIM-RARRHNFAUHBMLRKIXMWL_Norway_DELIM-RARRHNFAUHBMLRKIXMWL_1864_DELIM-RARRHNFAUHBMLRKIXMWL_2012                  2.80%    passed     98.50%
 389  B_DELIM-RARRHNFAUHBMLRKIXMWL_Maldives_DELIM-RARRHNFAUHBMLRKIXMWL_1260_DELIM-RARRHNFAUHBMLRKIXMWL_2017                0.00%    passed     99.80%
 390  B_DELIM-RARRHNFAUHBMLRKIXMWL_England_DELIM-RARRHNFAUHBMLRKIXMWL_200240762_DELIM-RARRHNFAUHBMLRKIXMWL_2019            2.80%    passed     99.99%
 391  B_DELIM-RARRHNFAUHBMLRKIXMWL_Johannesburg_DELIM-RARRHNFAUHBMLRKIXMWL_242_DELIM-RARRHNFAUHBMLRKIXMWL_2012             2.80%    passed     99.79%
 392  B_DELIM-RARRHNFAUHBMLRKIXMWL_Brisbane_DELIM-RARRHNFAUHBMLRKIXMWL_2_DELIM-RARRHNFAUHBMLRKIXMWL_2008                   0.13%    passed     99.84%
 393  B_DELIM-RARRHNFAUHBMLRKIXMWL_Nonthaburi_DELIM-RARRHNFAUHBMLRKIXMWL_70_DELIM-RARRHNFAUHBMLRKIXMWL_2017                0.00%    passed     99.83%
 394  B_DELIM-RARRHNFAUHBMLRKIXMWL_Arizona_DELIM-RARRHNFAUHBMLRKIXMWL_10_DELIM-RARRHNFAUHBMLRKIXMWL_2015                   2.80%    passed     98.27%
 395  B_DELIM-RARRHNFAUHBMLRKIXMWL_Macedonia_DELIM-RARRHNFAUHBMLRKIXMWL_485_DELIM-RARRHNFAUHBMLRKIXMWL_2018                0.00%    passed     99.96%
 396  B_DELIM-RARRHNFAUHBMLRKIXMWL_Singapore_DELIM-RARRHNFAUHBMLRKIXMWL_Tt600_DELIM-RARRHNFAUHBMLRKIXMWL_2013              0.17%    passed     99.98%
 397  B_DELIM-RARRHNFAUHBMLRKIXMWL_Malaysia_DELIM-RARRHNFAUHBMLRKIXMWL_1919534_DELIM-RARRHNFAUHBMLRKIXMWL_2008             0.04%    passed     99.91%
 398  B_DELIM-RARRHNFAUHBMLRKIXMWL_Brazil_DELIM-RARRHNFAUHBMLRKIXMWL_5778_DELIM-RARRHNFAUHBMLRKIXMWL_2016                  0.00%    passed     99.85%
 399  B_DELIM-RARRHNFAUHBMLRKIXMWL_Victoria_DELIM-RARRHNFAUHBMLRKIXMWL_530_DELIM-RARRHNFAUHBMLRKIXMWL_2005                 0.13%    passed     99.98%
 400  B_DELIM-RARRHNFAUHBMLRKIXMWL_Afghanistan_DELIM-RARRHNFAUHBMLRKIXMWL_8243_DELIM-RARRHNFAUHBMLRKIXMWL_2018             0.00%    passed     99.37%
 401  B_DELIM-RARRHNFAUHBMLRKIXMWL_Guangxi-Xixiangtang_DELIM-RARRHNFAUHBMLRKIXMWL_11019_DELIM-RARRHNFAUHBMLRKIXMWL_2016    0.00%    passed     99.97%
 402  B_DELIM-RARRHNFAUHBMLRKIXMWL_Brisbane_DELIM-RARRHNFAUHBMLRKIXMWL_104_DELIM-RARRHNFAUHBMLRKIXMWL_2005                 1.42%    passed     99.80%
 403  B_DELIM-RARRHNFAUHBMLRKIXMWL_Houston_DELIM-RARRHNFAUHBMLRKIXMWL_B68_DELIM-RARRHNFAUHBMLRKIXMWL_2000                  0.13%    passed     99.05%
 404  B_DELIM-RARRHNFAUHBMLRKIXMWL_India_DELIM-RARRHNFAUHBMLRKIXMWL_6470_DELIM-RARRHNFAUHBMLRKIXMWL_2015                   0.00%    passed     99.70%
 405  B_DELIM-RARRHNFAUHBMLRKIXMWL_Bahrain_DELIM-RARRHNFAUHBMLRKIXMWL_133_DELIM-RARRHNFAUHBMLRKIXMWL_2017                  0.00%    passed     99.97%
 406  B_DELIM-RARRHNFAUHBMLRKIXMWL_HongKong_DELIM-RARRHNFAUHBMLRKIXMWL_3_DELIM-RARRHNFAUHBMLRKIXMWL_1992                   0.30%    passed     99.93%
 407  B_DELIM-RARRHNFAUHBMLRKIXMWL_Harbin_DELIM-RARRHNFAUHBMLRKIXMWL_7_DELIM-RARRHNFAUHBMLRKIXMWL_1994                     1.38%    passed     99.51%
 408  B_DELIM-RARRHNFAUHBMLRKIXMWL_Beijing_DELIM-RARRHNFAUHBMLRKIXMWL_184_DELIM-RARRHNFAUHBMLRKIXMWL_1993                  2.80%    passed     99.77%
 409  B_DELIM-RARRHNFAUHBMLRKIXMWL_SouthAuckland_DELIM-RARRHNFAUHBMLRKIXMWL_5_DELIM-RARRHNFAUHBMLRKIXMWL_2011              2.80%    passed     99.68%
 410  B_DELIM-RARRHNFAUHBMLRKIXMWL_Tanzania_DELIM-RARRHNFAUHBMLRKIXMWL_2245_DELIM-RARRHNFAUHBMLRKIXMWL_2016                0.00%    passed     99.97%
 411  B_DELIM-RARRHNFAUHBMLRKIXMWL_Florida_DELIM-RARRHNFAUHBMLRKIXMWL_7_DELIM-RARRHNFAUHBMLRKIXMWL_2004                    0.09%    passed     99.69%
 412  B_DELIM-RARRHNFAUHBMLRKIXMWL_India_DELIM-RARRHNFAUHBMLRKIXMWL_C117497_DELIM-RARRHNFAUHBMLRKIXMWL_2010                4.22%    passed     96.82%
 413  B_DELIM-RARRHNFAUHBMLRKIXMWL_NewYork_DELIM-RARRHNFAUHBMLRKIXMWL_1015_DELIM-RARRHNFAUHBMLRKIXMWL_1996                 0.17%    passed     99.74%
 414  B_DELIM-RARRHNFAUHBMLRKIXMWL_Paraiba_DELIM-RARRHNFAUHBMLRKIXMWL_143160-IEC_DELIM-RARRHNFAUHBMLRKIXMWL_2016           0.00%    passed     99.45%
 415  B_DELIM-RARRHNFAUHBMLRKIXMWL_Sydney_DELIM-RARRHNFAUHBMLRKIXMWL_507_DELIM-RARRHNFAUHBMLRKIXMWL_2006                   1.38%    passed     99.97%
 416  B_DELIM-RARRHNFAUHBMLRKIXMWL_Singapore_DELIM-RARRHNFAUHBMLRKIXMWL_25_DELIM-RARRHNFAUHBMLRKIXMWL_2012                 2.80%    passed     98.81%
 417  B_DELIM-RARRHNFAUHBMLRKIXMWL_Waikato_DELIM-RARRHNFAUHBMLRKIXMWL_49_DELIM-RARRHNFAUHBMLRKIXMWL_2005                   1.38%    passed     99.99%
 418  B_DELIM-RARRHNFAUHBMLRKIXMWL_Houston_DELIM-RARRHNFAUHBMLRKIXMWL_B15_DELIM-RARRHNFAUHBMLRKIXMWL_1999                  0.00%    passed     98.95%
 419  B_DELIM-RARRHNFAUHBMLRKIXMWL_Bangladesh_DELIM-RARRHNFAUHBMLRKIXMWL_80000_DELIM-RARRHNFAUHBMLRKIXMWL_2017             0.00%    passed     99.88%
 420  B_DELIM-RARRHNFAUHBMLRKIXMWL_Phuket_DELIM-RARRHNFAUHBMLRKIXMWL_3073_DELIM-RARRHNFAUHBMLRKIXMWL_2013                  0.04%    passed     99.86%
 421  B_DELIM-RARRHNFAUHBMLRKIXMWL_Singapore_DELIM-RARRHNFAUHBMLRKIXMWL_En428_DELIM-RARRHNFAUHBMLRKIXMWL_2013              2.80%    passed     96.53%
 422  B_DELIM-RARRHNFAUHBMLRKIXMWL_Catalonia_DELIM-RARRHNFAUHBMLRKIXMWL_S4251_DELIM-RARRHNFAUHBMLRKIXMWL_2011              2.80%    passed     99.94%
 423  B_DELIM-RARRHNFAUHBMLRKIXMWL_PuertoRico_DELIM-RARRHNFAUHBMLRKIXMWL_5_DELIM-RARRHNFAUHBMLRKIXMWL_2018                 0.00%    passed     99.37%
 424  B_DELIM-RARRHNFAUHBMLRKIXMWL_Bahrain_DELIM-RARRHNFAUHBMLRKIXMWL_227_DELIM-RARRHNFAUHBMLRKIXMWL_2017                  0.00%    passed     99.98%
 425  B_DELIM-RARRHNFAUHBMLRKIXMWL_Bangladesh_DELIM-RARRHNFAUHBMLRKIXMWL_3021_DELIM-RARRHNFAUHBMLRKIXMWL_2018              0.00%    passed     99.95%
 426  B_DELIM-RARRHNFAUHBMLRKIXMWL_NewYork_DELIM-RARRHNFAUHBMLRKIXMWL_1048_DELIM-RARRHNFAUHBMLRKIXMWL_2002                 0.17%    passed     99.14%
 427  B_DELIM-RARRHNFAUHBMLRKIXMWL_Sapporo_DELIM-RARRHNFAUHBMLRKIXMWL_2_DELIM-RARRHNFAUHBMLRKIXMWL_2015                    2.80%    passed     98.27%
****  TOTAL                                                                                                                0.93%  0 sequences failed composition chi2 test (p-value<5%; df=3)
NOTE: B_DELIM-RARRHNFAUHBMLRKIXMWL_Trinidad_DELIM-RARRHNFAUHBMLRKIXMWL_6945_DELIM-RARRHNFAUHBMLRKIXMWL_2020 is identical to B_DELIM-RARRHNFAUHBMLRKIXMWL_Chile_DELIM-RARRHNFAUHBMLRKIXMWL_7845_DELIM-RARRHNFAUHBMLRKIXMWL_2019 but kept for subsequent analysis
NOTE: B_DELIM-RARRHNFAUHBMLRKIXMWL_Malaysia_DELIM-RARRHNFAUHBMLRKIXMWL_13395_DELIM-RARRHNFAUHBMLRKIXMWL_1997 is identical to B_DELIM-RARRHNFAUHBMLRKIXMWL_Malaysia_DELIM-RARRHNFAUHBMLRKIXMWL_13367_DELIM-RARRHNFAUHBMLRKIXMWL_1997 but kept for subsequent analysis
NOTE: B_DELIM-RARRHNFAUHBMLRKIXMWL_Vietnam_DELIM-RARRHNFAUHBMLRKIXMWL_Lisn203_DELIM-RARRHNFAUHBMLRKIXMWL_2017 is identical to B_DELIM-RARRHNFAUHBMLRKIXMWL_Vietnam_DELIM-RARRHNFAUHBMLRKIXMWL_GHS1058_DELIM-RARRHNFAUHBMLRKIXMWL_2017 but kept for subsequent analysis
NOTE: B_DELIM-RARRHNFAUHBMLRKIXMWL_Mozambique_DELIM-RARRHNFAUHBMLRKIXMWL_468_DELIM-RARRHNFAUHBMLRKIXMWL_2017 is identical to B_DELIM-RARRHNFAUHBMLRKIXMWL_Minnesota_DELIM-RARRHNFAUHBMLRKIXMWL_46_DELIM-RARRHNFAUHBMLRKIXMWL_2017 but kept for subsequent analysis
NOTE: B_DELIM-RARRHNFAUHBMLRKIXMWL_NewYork_DELIM-RARRHNFAUHBMLRKIXMWL_1010_DELIM-RARRHNFAUHBMLRKIXMWL_1995 is identical to B_DELIM-RARRHNFAUHBMLRKIXMWL_NewYork_DELIM-RARRHNFAUHBMLRKIXMWL_1011_DELIM-RARRHNFAUHBMLRKIXMWL_1995 but kept for subsequent analysis
NOTE: B_DELIM-RARRHNFAUHBMLRKIXMWL_Malaysia_DELIM-RARRHNFAUHBMLRKIXMWL_24157_DELIM-RARRHNFAUHBMLRKIXMWL_2003 is identical to B_DELIM-RARRHNFAUHBMLRKIXMWL_Malaysia_DELIM-RARRHNFAUHBMLRKIXMWL_24296_DELIM-RARRHNFAUHBMLRKIXMWL_2003 but kept for subsequent analysis
NOTE: B_DELIM-RARRHNFAUHBMLRKIXMWL_Waikato_DELIM-RARRHNFAUHBMLRKIXMWL_49_DELIM-RARRHNFAUHBMLRKIXMWL_2005 is identical to B_DELIM-RARRHNFAUHBMLRKIXMWL_Waikato_DELIM-RARRHNFAUHBMLRKIXMWL_20_DELIM-RARRHNFAUHBMLRKIXMWL_2005 but kept for subsequent analysis
NOTE: B_DELIM-RARRHNFAUHBMLRKIXMWL_Adana_DELIM-RARRHNFAUHBMLRKIXMWL_TR-06_DELIM-RARRHNFAUHBMLRKIXMWL_2010 is identical to B_DELIM-RARRHNFAUHBMLRKIXMWL_Townsville_DELIM-RARRHNFAUHBMLRKIXMWL_2_DELIM-RARRHNFAUHBMLRKIXMWL_2011 but kept for subsequent analysis
NOTE: B_DELIM-RARRHNFAUHBMLRKIXMWL_NewYork_DELIM-RARRHNFAUHBMLRKIXMWL_1014_DELIM-RARRHNFAUHBMLRKIXMWL_1996 is identical to B_DELIM-RARRHNFAUHBMLRKIXMWL_NewYork_DELIM-RARRHNFAUHBMLRKIXMWL_1016_DELIM-RARRHNFAUHBMLRKIXMWL_1996 but kept for subsequent analysis
NOTE: B_DELIM-RARRHNFAUHBMLRKIXMWL_Brisbane_DELIM-RARRHNFAUHBMLRKIXMWL_4_DELIM-RARRHNFAUHBMLRKIXMWL_2005 is identical to B_DELIM-RARRHNFAUHBMLRKIXMWL_Christchurch_DELIM-RARRHNFAUHBMLRKIXMWL_28_DELIM-RARRHNFAUHBMLRKIXMWL_2005 but kept for subsequent analysis
NOTE: B_DELIM-RARRHNFAUHBMLRKIXMWL_Nepal_DELIM-RARRHNFAUHBMLRKIXMWL_498_DELIM-RARRHNFAUHBMLRKIXMWL_2016 is identical to B_DELIM-RARRHNFAUHBMLRKIXMWL_Nepal_DELIM-RARRHNFAUHBMLRKIXMWL_354_DELIM-RARRHNFAUHBMLRKIXMWL_2016 but kept for subsequent analysis
NOTE: B_DELIM-RARRHNFAUHBMLRKIXMWL_Philippines_DELIM-RARRHNFAUHBMLRKIXMWL_103_DELIM-RARRHNFAUHBMLRKIXMWL_2018 is identical to B_DELIM-RARRHNFAUHBMLRKIXMWL_California_DELIM-RARRHNFAUHBMLRKIXMWL_42_DELIM-RARRHNFAUHBMLRKIXMWL_2017 but kept for subsequent analysis
NOTE: B_DELIM-RARRHNFAUHBMLRKIXMWL_Victoria_DELIM-RARRHNFAUHBMLRKIXMWL_353_DELIM-RARRHNFAUHBMLRKIXMWL_2002 is identical to B_DELIM-RARRHNFAUHBMLRKIXMWL_Victoria_DELIM-RARRHNFAUHBMLRKIXMWL_341_DELIM-RARRHNFAUHBMLRKIXMWL_2002 but kept for subsequent analysis
NOTE: 7 identical sequences (see below) will be ignored for subsequent analysis
NOTE: B_DELIM-RARRHNFAUHBMLRKIXMWL_Santiago_DELIM-RARRHNFAUHBMLRKIXMWL_81758_DELIM-RARRHNFAUHBMLRKIXMWL_2019 (identical to B_DELIM-RARRHNFAUHBMLRKIXMWL_Chile_DELIM-RARRHNFAUHBMLRKIXMWL_7845_DELIM-RARRHNFAUHBMLRKIXMWL_2019) is ignored but added at the end
NOTE: B_DELIM-RARRHNFAUHBMLRKIXMWL_NewJersey_DELIM-RARRHNFAUHBMLRKIXMWL_12_DELIM-RARRHNFAUHBMLRKIXMWL_2019 (identical to B_DELIM-RARRHNFAUHBMLRKIXMWL_Chile_DELIM-RARRHNFAUHBMLRKIXMWL_7845_DELIM-RARRHNFAUHBMLRKIXMWL_2019) is ignored but added at the end
NOTE: B_DELIM-RARRHNFAUHBMLRKIXMWL_Malaysia_DELIM-RARRHNFAUHBMLRKIXMWL_13396_DELIM-RARRHNFAUHBMLRKIXMWL_1997 (identical to B_DELIM-RARRHNFAUHBMLRKIXMWL_Malaysia_DELIM-RARRHNFAUHBMLRKIXMWL_13367_DELIM-RARRHNFAUHBMLRKIXMWL_1997) is ignored but added at the end
NOTE: B_DELIM-RARRHNFAUHBMLRKIXMWL_Malaysia_DELIM-RARRHNFAUHBMLRKIXMWL_13696_DELIM-RARRHNFAUHBMLRKIXMWL_1997 (identical to B_DELIM-RARRHNFAUHBMLRKIXMWL_Malaysia_DELIM-RARRHNFAUHBMLRKIXMWL_13367_DELIM-RARRHNFAUHBMLRKIXMWL_1997) is ignored but added at the end
NOTE: B_DELIM-RARRHNFAUHBMLRKIXMWL_Bahrain_DELIM-RARRHNFAUHBMLRKIXMWL_353_DELIM-RARRHNFAUHBMLRKIXMWL_2018 (identical to B_DELIM-RARRHNFAUHBMLRKIXMWL_Minnesota_DELIM-RARRHNFAUHBMLRKIXMWL_46_DELIM-RARRHNFAUHBMLRKIXMWL_2017) is ignored but added at the end
NOTE: B_DELIM-RARRHNFAUHBMLRKIXMWL_Bangladesh_DELIM-RARRHNFAUHBMLRKIXMWL_80000_DELIM-RARRHNFAUHBMLRKIXMWL_2017 (identical to B_DELIM-RARRHNFAUHBMLRKIXMWL_Minnesota_DELIM-RARRHNFAUHBMLRKIXMWL_46_DELIM-RARRHNFAUHBMLRKIXMWL_2017) is ignored but added at the end
NOTE: B_DELIM-RARRHNFAUHBMLRKIXMWL_NewYork_DELIM-RARRHNFAUHBMLRKIXMWL_1012_DELIM-RARRHNFAUHBMLRKIXMWL_1995 (identical to B_DELIM-RARRHNFAUHBMLRKIXMWL_NewYork_DELIM-RARRHNFAUHBMLRKIXMWL_1011_DELIM-RARRHNFAUHBMLRKIXMWL_1995) is ignored but added at the end
Alignment was printed to results/aligned_cdc_yam_pb1_60y_cell_hi-delim.fasta.uniqueseq.phy

For your convenience alignment with unique sequences printed to results/aligned_cdc_yam_pb1_60y_cell_hi-delim.fasta.uniqueseq.phy

Create initial parsimony tree by phylogenetic likelihood library (PLL)... 0.058 seconds

NOTE: 10 MB RAM (0 GB) is required!
Estimate model parameters (epsilon = 0.500)
1. Initial log-likelihood: -18129.388
2. Current log-likelihood: -16835.613
Optimal log-likelihood: -16835.590
Rate parameters:  A-C: 1.38427  A-G: 11.75742  A-T: 0.71881  C-G: 0.21531  C-T: 18.42917  G-T: 1.00000
Base frequencies:  A: 0.364  C: 0.173  G: 0.220  T: 0.242
Parameters optimization took 2 rounds (1.455 sec)
Computing ML distances based on estimated model parameters...
Computing ML distances took 0.478417 sec (of wall-clock time) 0.478420 sec(of CPU time)
Computing RapidNJ tree took 0.013836 sec (of wall-clock time) 0.024835 sec (of CPU time)
Log-likelihood of RapidNJ tree: -16929.963
--------------------------------------------------------------------
|             INITIALIZING CANDIDATE TREE SET                      |
--------------------------------------------------------------------

Do NNI search on 2 best initial trees
Estimate model parameters (epsilon = 0.500)
BETTER TREE FOUND at iteration 1: -16823.499
Finish initializing candidate tree set (4)
Current best tree score: -16823.499 / CPU time: 0.882
Number of iterations: 2
TREE SEARCH COMPLETED AFTER 2 ITERATIONS / Time: 0h:0m:3s

--------------------------------------------------------------------
|                    FINALIZING TREE SEARCH                        |
--------------------------------------------------------------------
Performs final model parameters optimization
Estimate model parameters (epsilon = 0.050)
1. Initial log-likelihood: -16823.499
Optimal log-likelihood: -16823.499
Rate parameters:  A-C: 1.38361  A-G: 11.75507  A-T: 0.71846  C-G: 0.21592  C-T: 18.43029  G-T: 1.00000
Base frequencies:  A: 0.364  C: 0.173  G: 0.220  T: 0.242
Parameters optimization took 1 rounds (0.111 sec)
BEST SCORE FOUND : -16823.499
Total tree length: 0.792

Total number of iterations: 2
CPU time used for tree search: 0.886 sec (0h:0m:0s)
Wall-clock time used for tree search: 0.886 sec (0h:0m:0s)
Total CPU time used: 3.482 sec (0h:0m:3s)
Total wall-clock time used: 3.308 sec (0h:0m:3s)

Analysis results written to: 
  IQ-TREE report:                results/aligned_cdc_yam_pb1_60y_cell_hi-delim.fasta.iqtree
  Maximum-likelihood tree:       results/aligned_cdc_yam_pb1_60y_cell_hi-delim.fasta.treefile
  Likelihood distances:          results/aligned_cdc_yam_pb1_60y_cell_hi-delim.fasta.mldist
  Screen log file:               results/aligned_cdc_yam_pb1_60y_cell_hi-delim.fasta.log

Date and Time: Wed May 11 16:45:56 2022
