IQ-TREE multicore version 2.1.2 COVID-edition for Linux 64-bit built Oct 22 2020
Developed by Bui Quang Minh, James Barbetti, Nguyen Lam Tung,
Olga Chernomor, Heiko Schmidt, Dominik Schrempf, Michael Woodhams.

Host:    ip-172-31-89-134.ec2.internal (AVX512, FMA3, 15 GB RAM)
Command: iqtree -nt 1 -s results/aligned_cdc_yam_np_60y_cell_hi-delim.fasta -m GTR -ninit 2 -n 2 -me 0.05
Seed:    235288 (Using SPRNG - Scalable Parallel Random Number Generator)
Time:    Fri Aug 26 21:40:34 2022
Kernel:  AVX+FMA - 1 threads (8 CPU cores detected)

HINT: Use -nt option to specify number of threads because your CPU has 8 cores!
HINT: -nt AUTO will automatically determine the best number of threads to use.

Reading alignment file results/aligned_cdc_yam_np_60y_cell_hi-delim.fasta ... Fasta format detected
Alignment most likely contains DNA/RNA sequences
Alignment has 324 sequences with 1809 columns, 492 distinct patterns
265 parsimony-informative, 196 singleton sites, 1348 constant sites
                                                                                                                            Gap/Ambiguity  Composition  p-value
   1  B_DELIM-USVMGUTRMWIDFZQIYDFD_Bangladesh_DELIM-USVMGUTRMWIDFZQIYDFD_80000_DELIM-USVMGUTRMWIDFZQIYDFD_2017                      0.00%    passed     99.82%
   2  B_DELIM-USVMGUTRMWIDFZQIYDFD_NewYork_DELIM-USVMGUTRMWIDFZQIYDFD_WC-LVD-14-006_DELIM-USVMGUTRMWIDFZQIYDFD_2014                 0.17%    passed     99.93%
   3  B_DELIM-USVMGUTRMWIDFZQIYDFD_Texas_DELIM-USVMGUTRMWIDFZQIYDFD_NHRC0001_DELIM-USVMGUTRMWIDFZQIYDFD_2005                        2.43%    passed     98.99%
   4  B_DELIM-USVMGUTRMWIDFZQIYDFD_Afghanistan_DELIM-USVMGUTRMWIDFZQIYDFD_50063_DELIM-USVMGUTRMWIDFZQIYDFD_2019                     0.00%    passed     99.58%
   5  B_DELIM-USVMGUTRMWIDFZQIYDFD_StPetersburg_DELIM-USVMGUTRMWIDFZQIYDFD_RII-3881S_DELIM-USVMGUTRMWIDFZQIYDFD_2020                0.00%    passed     99.07%
   6  B_DELIM-USVMGUTRMWIDFZQIYDFD_Boston_DELIM-USVMGUTRMWIDFZQIYDFD_YGB_01054_DELIM-USVMGUTRMWIDFZQIYDFD_2013                      0.00%    passed     98.35%
   7  B_DELIM-USVMGUTRMWIDFZQIYDFD_NorthDakota_DELIM-USVMGUTRMWIDFZQIYDFD_7_DELIM-USVMGUTRMWIDFZQIYDFD_2020                         0.00%    passed     99.95%
   8  B_DELIM-USVMGUTRMWIDFZQIYDFD_Chanthaburi_DELIM-USVMGUTRMWIDFZQIYDFD_315_DELIM-USVMGUTRMWIDFZQIYDFD_2015                       6.97%    passed     93.99%
   9  B_DELIM-USVMGUTRMWIDFZQIYDFD_Florida_DELIM-USVMGUTRMWIDFZQIYDFD_57_DELIM-USVMGUTRMWIDFZQIYDFD_2018                            0.00%    passed    100.00%
  10  B_DELIM-USVMGUTRMWIDFZQIYDFD_PuertoMontt_DELIM-USVMGUTRMWIDFZQIYDFD_26346_DELIM-USVMGUTRMWIDFZQIYDFD_2017                     0.00%    passed     99.42%
  11  B_DELIM-USVMGUTRMWIDFZQIYDFD_Nonthaburi_DELIM-USVMGUTRMWIDFZQIYDFD_275_DELIM-USVMGUTRMWIDFZQIYDFD_2017                        0.00%    passed     99.85%
  12  B_DELIM-USVMGUTRMWIDFZQIYDFD_Pakistan_DELIM-USVMGUTRMWIDFZQIYDFD_1944_DELIM-USVMGUTRMWIDFZQIYDFD_2019                         0.00%    passed     99.94%
  13  B_DELIM-USVMGUTRMWIDFZQIYDFD_BurkinaFaso_DELIM-USVMGUTRMWIDFZQIYDFD_1607_DELIM-USVMGUTRMWIDFZQIYDFD_2015                      0.00%    passed     99.59%
  14  B_DELIM-USVMGUTRMWIDFZQIYDFD_Singapore_DELIM-USVMGUTRMWIDFZQIYDFD_GP0129_DELIM-USVMGUTRMWIDFZQIYDFD_2017                      6.97%    passed     96.38%
  15  B_DELIM-USVMGUTRMWIDFZQIYDFD_WestVirginia_DELIM-USVMGUTRMWIDFZQIYDFD_11_DELIM-USVMGUTRMWIDFZQIYDFD_2019                       0.00%    passed     99.88%
  16  B_DELIM-USVMGUTRMWIDFZQIYDFD_Pakistan_DELIM-USVMGUTRMWIDFZQIYDFD_37_DELIM-USVMGUTRMWIDFZQIYDFD_2017                           0.00%    passed     99.95%
  17  B_DELIM-USVMGUTRMWIDFZQIYDFD_Bangladesh_DELIM-USVMGUTRMWIDFZQIYDFD_8010_DELIM-USVMGUTRMWIDFZQIYDFD_2015                       0.06%    passed     99.10%
  18  B_DELIM-USVMGUTRMWIDFZQIYDFD_NewYork_DELIM-USVMGUTRMWIDFZQIYDFD_1123_DELIM-USVMGUTRMWIDFZQIYDFD_2007                          0.39%    passed     98.26%
  19  B_DELIM-USVMGUTRMWIDFZQIYDFD_Congo_DELIM-USVMGUTRMWIDFZQIYDFD_351_DELIM-USVMGUTRMWIDFZQIYDFD_2018                             0.00%    passed     99.95%
  20  B_DELIM-USVMGUTRMWIDFZQIYDFD_Hawaii_DELIM-USVMGUTRMWIDFZQIYDFD_36_DELIM-USVMGUTRMWIDFZQIYDFD_2016                             0.00%    passed     99.97%
  21  B_DELIM-USVMGUTRMWIDFZQIYDFD_Tokyo_DELIM-USVMGUTRMWIDFZQIYDFD_EH19_DELIM-USVMGUTRMWIDFZQIYDFD_2016                            6.97%    passed     92.27%
  22  B_DELIM-USVMGUTRMWIDFZQIYDFD_NewYork_DELIM-USVMGUTRMWIDFZQIYDFD_WC-LVD-13-001_DELIM-USVMGUTRMWIDFZQIYDFD_2013                 0.77%    passed     99.89%
  23  B_DELIM-USVMGUTRMWIDFZQIYDFD_Mali_DELIM-USVMGUTRMWIDFZQIYDFD_36MOP_DELIM-USVMGUTRMWIDFZQIYDFD_2015                            0.00%    passed     99.01%
  24  B_DELIM-USVMGUTRMWIDFZQIYDFD_NewYork_DELIM-USVMGUTRMWIDFZQIYDFD_1173_DELIM-USVMGUTRMWIDFZQIYDFD_2008                          0.00%    passed     99.84%
  25  B_DELIM-USVMGUTRMWIDFZQIYDFD_Florida_DELIM-USVMGUTRMWIDFZQIYDFD_44_DELIM-USVMGUTRMWIDFZQIYDFD_2018                            0.00%    passed     99.50%
  26  B_DELIM-USVMGUTRMWIDFZQIYDFD_SierraLeone_DELIM-USVMGUTRMWIDFZQIYDFD_191_DELIM-USVMGUTRMWIDFZQIYDFD_2018                       0.00%    passed     99.54%
  27  B_DELIM-USVMGUTRMWIDFZQIYDFD_Philippines_DELIM-USVMGUTRMWIDFZQIYDFD_1038_DELIM-USVMGUTRMWIDFZQIYDFD_2016                      0.00%    passed     98.91%
  28  B_DELIM-USVMGUTRMWIDFZQIYDFD_Mali_DELIM-USVMGUTRMWIDFZQIYDFD_8039_DELIM-USVMGUTRMWIDFZQIYDFD_2018                             0.00%    passed     99.54%
  29  B_DELIM-USVMGUTRMWIDFZQIYDFD_Singapore_DELIM-USVMGUTRMWIDFZQIYDFD_TT0649_DELIM-USVMGUTRMWIDFZQIYDFD_2017                      7.02%    passed     92.18%
  30  B_DELIM-USVMGUTRMWIDFZQIYDFD_Managua_DELIM-USVMGUTRMWIDFZQIYDFD_3601_DELIM-USVMGUTRMWIDFZQIYDFD_2008                          6.97%    passed     93.39%
  31  B_DELIM-USVMGUTRMWIDFZQIYDFD_Valencia_DELIM-USVMGUTRMWIDFZQIYDFD_10_1629_DELIM-USVMGUTRMWIDFZQIYDFD_2020                      6.97%    passed     95.62%
  32  B_DELIM-USVMGUTRMWIDFZQIYDFD_Florida_DELIM-USVMGUTRMWIDFZQIYDFD_81_DELIM-USVMGUTRMWIDFZQIYDFD_2016                            0.00%    passed     99.86%
  33  B_DELIM-USVMGUTRMWIDFZQIYDFD_Tanzania_DELIM-USVMGUTRMWIDFZQIYDFD_4794_DELIM-USVMGUTRMWIDFZQIYDFD_2017                         0.00%    passed     99.82%
  34  B_DELIM-USVMGUTRMWIDFZQIYDFD_HongKong_DELIM-USVMGUTRMWIDFZQIYDFD_352_DELIM-USVMGUTRMWIDFZQIYDFD_2017                          0.00%    passed     99.82%
  35  B_DELIM-USVMGUTRMWIDFZQIYDFD_California_DELIM-USVMGUTRMWIDFZQIYDFD_NHRC0005_DELIM-USVMGUTRMWIDFZQIYDFD_2005                   2.60%    passed     95.78%
  36  B_DELIM-USVMGUTRMWIDFZQIYDFD_NewYork_DELIM-USVMGUTRMWIDFZQIYDFD_1175_DELIM-USVMGUTRMWIDFZQIYDFD_2008                          0.00%    passed     99.84%
  37  B_DELIM-USVMGUTRMWIDFZQIYDFD_Lebanon_DELIM-USVMGUTRMWIDFZQIYDFD_2483_DELIM-USVMGUTRMWIDFZQIYDFD_2017                          0.00%    passed     99.54%
  38  B_DELIM-USVMGUTRMWIDFZQIYDFD_California_DELIM-USVMGUTRMWIDFZQIYDFD_77_DELIM-USVMGUTRMWIDFZQIYDFD_2019                         0.00%    passed     99.73%
  39  B_DELIM-USVMGUTRMWIDFZQIYDFD_Bangladesh_DELIM-USVMGUTRMWIDFZQIYDFD_1005_DELIM-USVMGUTRMWIDFZQIYDFD_2015                       0.00%    passed     97.84%
  40  B_DELIM-USVMGUTRMWIDFZQIYDFD_Brazil_DELIM-USVMGUTRMWIDFZQIYDFD_4261_DELIM-USVMGUTRMWIDFZQIYDFD_2017                           0.00%    passed     99.82%
  41  B_DELIM-USVMGUTRMWIDFZQIYDFD_Peru_DELIM-USVMGUTRMWIDFZQIYDFD_8919_DELIM-USVMGUTRMWIDFZQIYDFD_2019                             0.00%    passed     99.63%
  42  B_DELIM-USVMGUTRMWIDFZQIYDFD_AbuDhabi_DELIM-USVMGUTRMWIDFZQIYDFD_45_DELIM-USVMGUTRMWIDFZQIYDFD_2018                           0.06%    passed     99.80%
  43  B_DELIM-USVMGUTRMWIDFZQIYDFD_AbuDhabi_DELIM-USVMGUTRMWIDFZQIYDFD_201_DELIM-USVMGUTRMWIDFZQIYDFD_2017                          0.00%    passed     99.82%
  44  B_DELIM-USVMGUTRMWIDFZQIYDFD_Afghanistan_DELIM-USVMGUTRMWIDFZQIYDFD_1909_DELIM-USVMGUTRMWIDFZQIYDFD_2019                      0.00%    passed     98.91%
  45  B_DELIM-USVMGUTRMWIDFZQIYDFD_SouthCarolina_DELIM-USVMGUTRMWIDFZQIYDFD_NHRC0002_DELIM-USVMGUTRMWIDFZQIYDFD_2000                2.60%    passed     98.84%
  46  B_DELIM-USVMGUTRMWIDFZQIYDFD_Singapore_DELIM-USVMGUTRMWIDFZQIYDFD_INFGP-16-1054_DELIM-USVMGUTRMWIDFZQIYDFD_2016               6.97%    passed     95.77%
  47  B_DELIM-USVMGUTRMWIDFZQIYDFD_Ulaanbaatar_DELIM-USVMGUTRMWIDFZQIYDFD_442_DELIM-USVMGUTRMWIDFZQIYDFD_2018                       0.00%    passed     99.85%
  48  B_DELIM-USVMGUTRMWIDFZQIYDFD_Acre_DELIM-USVMGUTRMWIDFZQIYDFD_133954-IEC_DELIM-USVMGUTRMWIDFZQIYDFD_2015                       6.97%    passed     86.73%
  49  B_DELIM-USVMGUTRMWIDFZQIYDFD_Bahrain_DELIM-USVMGUTRMWIDFZQIYDFD_364_DELIM-USVMGUTRMWIDFZQIYDFD_2019                           0.00%    passed     99.71%
  50  B_DELIM-USVMGUTRMWIDFZQIYDFD_Haiti_DELIM-USVMGUTRMWIDFZQIYDFD_90163_DELIM-USVMGUTRMWIDFZQIYDFD_2019                           0.00%    passed     99.88%
  51  B_DELIM-USVMGUTRMWIDFZQIYDFD_Lebanon_DELIM-USVMGUTRMWIDFZQIYDFD_2184_DELIM-USVMGUTRMWIDFZQIYDFD_2016                          0.00%    passed     99.57%
  52  B_DELIM-USVMGUTRMWIDFZQIYDFD_Bangladesh_DELIM-USVMGUTRMWIDFZQIYDFD_913019_DELIM-USVMGUTRMWIDFZQIYDFD_2016                     0.06%    passed     98.50%
  53  B_DELIM-USVMGUTRMWIDFZQIYDFD_Maryland_DELIM-USVMGUTRMWIDFZQIYDFD_26_DELIM-USVMGUTRMWIDFZQIYDFD_2015                           6.97%    passed     93.21%
  54  B_DELIM-USVMGUTRMWIDFZQIYDFD_HongKong_DELIM-USVMGUTRMWIDFZQIYDFD_1402_DELIM-USVMGUTRMWIDFZQIYDFD_2018                         0.00%    passed     99.85%
  55  B_DELIM-USVMGUTRMWIDFZQIYDFD_Boston_DELIM-USVMGUTRMWIDFZQIYDFD_YGB_01002_DELIM-USVMGUTRMWIDFZQIYDFD_2013                      0.00%    passed     98.47%
  56  B_DELIM-USVMGUTRMWIDFZQIYDFD_Vietnam_DELIM-USVMGUTRMWIDFZQIYDFD_GS151180_DELIM-USVMGUTRMWIDFZQIYDFD_2015                      0.00%    passed     99.98%
  57  B_DELIM-USVMGUTRMWIDFZQIYDFD_NewYork_DELIM-USVMGUTRMWIDFZQIYDFD_1145_DELIM-USVMGUTRMWIDFZQIYDFD_2008                          0.00%    passed     99.84%
  58  B_DELIM-USVMGUTRMWIDFZQIYDFD_HongKong_DELIM-USVMGUTRMWIDFZQIYDFD_59_DELIM-USVMGUTRMWIDFZQIYDFD_2016                           0.00%    passed     99.91%
  59  B_DELIM-USVMGUTRMWIDFZQIYDFD_NewCaledonia_DELIM-USVMGUTRMWIDFZQIYDFD_74_DELIM-USVMGUTRMWIDFZQIYDFD_2015                       0.55%    passed    100.00%
  60  B_DELIM-USVMGUTRMWIDFZQIYDFD_Bangladesh_DELIM-USVMGUTRMWIDFZQIYDFD_280_DELIM-USVMGUTRMWIDFZQIYDFD_2018                        0.00%    passed     99.71%
  61  B_DELIM-USVMGUTRMWIDFZQIYDFD_Bolivia_DELIM-USVMGUTRMWIDFZQIYDFD_404_DELIM-USVMGUTRMWIDFZQIYDFD_2015                           0.00%    passed     99.10%
  62  B_DELIM-USVMGUTRMWIDFZQIYDFD_Colombia_DELIM-USVMGUTRMWIDFZQIYDFD_872_DELIM-USVMGUTRMWIDFZQIYDFD_2016                          0.00%    passed     99.97%
  63  B_DELIM-USVMGUTRMWIDFZQIYDFD_Hawaii_DELIM-USVMGUTRMWIDFZQIYDFD_31_DELIM-USVMGUTRMWIDFZQIYDFD_2019                             0.00%    passed     95.09%
  64  B_DELIM-USVMGUTRMWIDFZQIYDFD_Colombia_DELIM-USVMGUTRMWIDFZQIYDFD_7437_DELIM-USVMGUTRMWIDFZQIYDFD_2019                         0.06%    passed     99.62%
  65  B_DELIM-USVMGUTRMWIDFZQIYDFD_Bangladesh_DELIM-USVMGUTRMWIDFZQIYDFD_3012_DELIM-USVMGUTRMWIDFZQIYDFD_2016                       0.06%    passed     99.10%
  66  B_DELIM-USVMGUTRMWIDFZQIYDFD_Arizona_DELIM-USVMGUTRMWIDFZQIYDFD_10_DELIM-USVMGUTRMWIDFZQIYDFD_2015                            6.97%    passed     91.46%
  67  B_DELIM-USVMGUTRMWIDFZQIYDFD_PaysDeLoire_DELIM-USVMGUTRMWIDFZQIYDFD_1150_DELIM-USVMGUTRMWIDFZQIYDFD_2020                      6.97%    passed     93.42%
  68  B_DELIM-USVMGUTRMWIDFZQIYDFD_California_DELIM-USVMGUTRMWIDFZQIYDFD_NHRC0002_DELIM-USVMGUTRMWIDFZQIYDFD_2006                   2.60%    passed     95.43%
  69  B_DELIM-USVMGUTRMWIDFZQIYDFD_Linkoping_DELIM-USVMGUTRMWIDFZQIYDFD_6_DELIM-USVMGUTRMWIDFZQIYDFD_2017                           6.97%    passed     95.02%
  70  B_DELIM-USVMGUTRMWIDFZQIYDFD_Uruguay_DELIM-USVMGUTRMWIDFZQIYDFD_403_DELIM-USVMGUTRMWIDFZQIYDFD_2017                           0.00%    passed     99.54%
  71  B_DELIM-USVMGUTRMWIDFZQIYDFD_California_DELIM-USVMGUTRMWIDFZQIYDFD_NHRC0004_DELIM-USVMGUTRMWIDFZQIYDFD_2005                   2.60%    passed     95.78%
  72  B_DELIM-USVMGUTRMWIDFZQIYDFD_England_DELIM-USVMGUTRMWIDFZQIYDFD_44220028_DELIM-USVMGUTRMWIDFZQIYDFD_2014                      6.97%    passed     91.46%
  73  B_DELIM-USVMGUTRMWIDFZQIYDFD_Bolivia_DELIM-USVMGUTRMWIDFZQIYDFD_99_DELIM-USVMGUTRMWIDFZQIYDFD_2018                            0.00%    passed     98.74%
  74  B_DELIM-USVMGUTRMWIDFZQIYDFD_Alaska_DELIM-USVMGUTRMWIDFZQIYDFD_8_DELIM-USVMGUTRMWIDFZQIYDFD_2019                              0.00%    passed     99.99%
  75  B_DELIM-USVMGUTRMWIDFZQIYDFD_SouthCarolina_DELIM-USVMGUTRMWIDFZQIYDFD_NHRC0001_DELIM-USVMGUTRMWIDFZQIYDFD_2000                2.99%    passed     97.58%
  76  B_DELIM-USVMGUTRMWIDFZQIYDFD_Guyane_DELIM-USVMGUTRMWIDFZQIYDFD_5_DELIM-USVMGUTRMWIDFZQIYDFD_2018                              0.00%    passed     99.88%
  77  B_DELIM-USVMGUTRMWIDFZQIYDFD_Bangladesh_DELIM-USVMGUTRMWIDFZQIYDFD_1659_DELIM-USVMGUTRMWIDFZQIYDFD_2019                       0.00%    passed     98.99%
  78  B_DELIM-USVMGUTRMWIDFZQIYDFD_Novosibirsk_DELIM-USVMGUTRMWIDFZQIYDFD_RII-26927S_DELIM-USVMGUTRMWIDFZQIYDFD_2020                0.00%    passed     99.07%
  79  B_DELIM-USVMGUTRMWIDFZQIYDFD_NewYork_DELIM-USVMGUTRMWIDFZQIYDFD_1138_DELIM-USVMGUTRMWIDFZQIYDFD_2008                          0.00%    passed     99.71%
  80  B_DELIM-USVMGUTRMWIDFZQIYDFD_Mississippi_DELIM-USVMGUTRMWIDFZQIYDFD_UR06-0031_DELIM-USVMGUTRMWIDFZQIYDFD_2007                 0.39%    passed     98.98%
  81  B_DELIM-USVMGUTRMWIDFZQIYDFD_Lebanon_DELIM-USVMGUTRMWIDFZQIYDFD_1948_DELIM-USVMGUTRMWIDFZQIYDFD_2016                          0.06%    passed     99.96%
  82  B_DELIM-USVMGUTRMWIDFZQIYDFD_Stockholm_DELIM-USVMGUTRMWIDFZQIYDFD_4_DELIM-USVMGUTRMWIDFZQIYDFD_2018                           6.97%    passed     95.77%
  83  B_DELIM-USVMGUTRMWIDFZQIYDFD_California_DELIM-USVMGUTRMWIDFZQIYDFD_51_DELIM-USVMGUTRMWIDFZQIYDFD_2019                         0.00%    passed     99.73%
  84  B_DELIM-USVMGUTRMWIDFZQIYDFD_Para_DELIM-USVMGUTRMWIDFZQIYDFD_146005-IEC_DELIM-USVMGUTRMWIDFZQIYDFD_2017                       0.00%    passed     99.42%
  85  B_DELIM-USVMGUTRMWIDFZQIYDFD_Hiroshima_DELIM-USVMGUTRMWIDFZQIYDFD_8_DELIM-USVMGUTRMWIDFZQIYDFD_2018                           7.08%    passed     93.94%
  86  B_DELIM-USVMGUTRMWIDFZQIYDFD_Tanzania_DELIM-USVMGUTRMWIDFZQIYDFD_665_DELIM-USVMGUTRMWIDFZQIYDFD_2015                          0.00%    passed     99.88%
  87  B_DELIM-USVMGUTRMWIDFZQIYDFD_Santiago_DELIM-USVMGUTRMWIDFZQIYDFD_34517_DELIM-USVMGUTRMWIDFZQIYDFD_2018                        0.00%    passed     99.42%
  88  B_DELIM-USVMGUTRMWIDFZQIYDFD_NewYork_DELIM-USVMGUTRMWIDFZQIYDFD_1132_DELIM-USVMGUTRMWIDFZQIYDFD_2007                          0.00%    passed     98.60%
  89  B_DELIM-USVMGUTRMWIDFZQIYDFD_SouthCarolina_DELIM-USVMGUTRMWIDFZQIYDFD_NHRC0002_DELIM-USVMGUTRMWIDFZQIYDFD_2001                2.60%    passed     97.81%
  90  B_DELIM-USVMGUTRMWIDFZQIYDFD_England_DELIM-USVMGUTRMWIDFZQIYDFD_48_DELIM-USVMGUTRMWIDFZQIYDFD_2017                            7.08%    passed     92.11%
  91  B_DELIM-USVMGUTRMWIDFZQIYDFD_Kanagawa_DELIM-USVMGUTRMWIDFZQIYDFD_AC27_DELIM-USVMGUTRMWIDFZQIYDFD_2016                         7.02%    passed     93.09%
  92  B_DELIM-USVMGUTRMWIDFZQIYDFD_Kanagawa_DELIM-USVMGUTRMWIDFZQIYDFD_AC34_DELIM-USVMGUTRMWIDFZQIYDFD_2016                         6.97%    passed     89.08%
  93  B_DELIM-USVMGUTRMWIDFZQIYDFD_NewYork_DELIM-USVMGUTRMWIDFZQIYDFD_1129_DELIM-USVMGUTRMWIDFZQIYDFD_2007                          0.55%    passed     98.84%
  94  B_DELIM-USVMGUTRMWIDFZQIYDFD_Managua_DELIM-USVMGUTRMWIDFZQIYDFD_67302_DELIM-USVMGUTRMWIDFZQIYDFD_2008                         1.27%    passed     99.29%
  95  B_DELIM-USVMGUTRMWIDFZQIYDFD_NewYork_DELIM-USVMGUTRMWIDFZQIYDFD_1140_DELIM-USVMGUTRMWIDFZQIYDFD_2008                          0.00%    passed     99.84%
  96  B_DELIM-USVMGUTRMWIDFZQIYDFD_PaysDeLoire_DELIM-USVMGUTRMWIDFZQIYDFD_346_DELIM-USVMGUTRMWIDFZQIYDFD_2020                       6.97%    passed     93.42%
  97  B_DELIM-USVMGUTRMWIDFZQIYDFD_HongKong_DELIM-USVMGUTRMWIDFZQIYDFD_11_DELIM-USVMGUTRMWIDFZQIYDFD_2017                           0.00%    passed     99.18%
  98  B_DELIM-USVMGUTRMWIDFZQIYDFD_Bretagne_DELIM-USVMGUTRMWIDFZQIYDFD_118_DELIM-USVMGUTRMWIDFZQIYDFD_2020                          6.97%    passed     91.62%
  99  B_DELIM-USVMGUTRMWIDFZQIYDFD_Christchurch_DELIM-USVMGUTRMWIDFZQIYDFD_502_DELIM-USVMGUTRMWIDFZQIYDFD_2015                      0.39%    passed     99.98%
 100  B_DELIM-USVMGUTRMWIDFZQIYDFD_BurkinaFaso_DELIM-USVMGUTRMWIDFZQIYDFD_970_DELIM-USVMGUTRMWIDFZQIYDFD_2018                       0.00%    passed     99.82%
 101  B_DELIM-USVMGUTRMWIDFZQIYDFD_Peru_DELIM-USVMGUTRMWIDFZQIYDFD_4216_DELIM-USVMGUTRMWIDFZQIYDFD_2016                             0.00%    passed     99.94%
 102  B_DELIM-USVMGUTRMWIDFZQIYDFD_NewYork_DELIM-USVMGUTRMWIDFZQIYDFD_1124_DELIM-USVMGUTRMWIDFZQIYDFD_2007                          0.55%    passed     98.83%
 103  B_DELIM-USVMGUTRMWIDFZQIYDFD_England_DELIM-USVMGUTRMWIDFZQIYDFD_247_DELIM-USVMGUTRMWIDFZQIYDFD_2019                           6.97%    passed     95.77%
 104  B_DELIM-USVMGUTRMWIDFZQIYDFD_NewYork_DELIM-USVMGUTRMWIDFZQIYDFD_1130_DELIM-USVMGUTRMWIDFZQIYDFD_2007                          0.00%    passed     98.60%
 105  B_DELIM-USVMGUTRMWIDFZQIYDFD_Bhutan_DELIM-USVMGUTRMWIDFZQIYDFD_1062_DELIM-USVMGUTRMWIDFZQIYDFD_2019                           0.00%    passed     99.82%
 106  B_DELIM-USVMGUTRMWIDFZQIYDFD_NewYork_DELIM-USVMGUTRMWIDFZQIYDFD_50_DELIM-USVMGUTRMWIDFZQIYDFD_2016                            1.11%    passed     99.68%
 107  B_DELIM-USVMGUTRMWIDFZQIYDFD_Florida_DELIM-USVMGUTRMWIDFZQIYDFD_82_DELIM-USVMGUTRMWIDFZQIYDFD_2016                            0.00%    passed     98.77%
 108  B_DELIM-USVMGUTRMWIDFZQIYDFD_Trollhattan_DELIM-USVMGUTRMWIDFZQIYDFD_2_DELIM-USVMGUTRMWIDFZQIYDFD_2018                         6.97%    passed     93.80%
 109  B_DELIM-USVMGUTRMWIDFZQIYDFD_Managua_DELIM-USVMGUTRMWIDFZQIYDFD_265002_DELIM-USVMGUTRMWIDFZQIYDFD_2008                        0.00%    passed     99.46%
 110  B_DELIM-USVMGUTRMWIDFZQIYDFD_Bahrain_DELIM-USVMGUTRMWIDFZQIYDFD_294_DELIM-USVMGUTRMWIDFZQIYDFD_2018                           0.00%    passed     99.85%
 111  B_DELIM-USVMGUTRMWIDFZQIYDFD_NewYork_DELIM-USVMGUTRMWIDFZQIYDFD_1151_DELIM-USVMGUTRMWIDFZQIYDFD_2008                          0.00%    passed     99.71%
 112  B_DELIM-USVMGUTRMWIDFZQIYDFD_Pakistan_DELIM-USVMGUTRMWIDFZQIYDFD_367_DELIM-USVMGUTRMWIDFZQIYDFD_2015                          0.00%    passed     99.72%
 113  B_DELIM-USVMGUTRMWIDFZQIYDFD_California_DELIM-USVMGUTRMWIDFZQIYDFD_18_DELIM-USVMGUTRMWIDFZQIYDFD_2019                         0.00%    passed     99.54%
 114  B_DELIM-USVMGUTRMWIDFZQIYDFD_Lao_DELIM-USVMGUTRMWIDFZQIYDFD_3225_DELIM-USVMGUTRMWIDFZQIYDFD_2018                              0.00%    passed     99.19%
 115  B_DELIM-USVMGUTRMWIDFZQIYDFD_Bahia_DELIM-USVMGUTRMWIDFZQIYDFD_127_DELIM-USVMGUTRMWIDFZQIYDFD_2017                             0.00%    passed     99.11%
 116  B_DELIM-USVMGUTRMWIDFZQIYDFD_California_DELIM-USVMGUTRMWIDFZQIYDFD_NHRC0008_DELIM-USVMGUTRMWIDFZQIYDFD_2005                   2.60%    passed     96.83%
 117  B_DELIM-USVMGUTRMWIDFZQIYDFD_DominicanRepublic_DELIM-USVMGUTRMWIDFZQIYDFD_8939_DELIM-USVMGUTRMWIDFZQIYDFD_2014                6.97%    passed     92.90%
 118  B_DELIM-USVMGUTRMWIDFZQIYDFD_Maldives_DELIM-USVMGUTRMWIDFZQIYDFD_1168_DELIM-USVMGUTRMWIDFZQIYDFD_2017                         0.00%    passed     99.82%
 119  B_DELIM-USVMGUTRMWIDFZQIYDFD_NewYork_DELIM-USVMGUTRMWIDFZQIYDFD_1171_DELIM-USVMGUTRMWIDFZQIYDFD_2008                          0.00%    passed     99.61%
 120  B_DELIM-USVMGUTRMWIDFZQIYDFD_England_DELIM-USVMGUTRMWIDFZQIYDFD_531_DELIM-USVMGUTRMWIDFZQIYDFD_2014                           6.97%    passed     84.23%
 121  B_DELIM-USVMGUTRMWIDFZQIYDFD_Boston_DELIM-USVMGUTRMWIDFZQIYDFD_YGB_01018_DELIM-USVMGUTRMWIDFZQIYDFD_2013                      0.00%    passed     97.54%
 122  B_DELIM-USVMGUTRMWIDFZQIYDFD_England_DELIM-USVMGUTRMWIDFZQIYDFD_43680729_DELIM-USVMGUTRMWIDFZQIYDFD_2014                      7.08%    passed     94.60%
 123  B_DELIM-USVMGUTRMWIDFZQIYDFD_Bangladesh_DELIM-USVMGUTRMWIDFZQIYDFD_314_DELIM-USVMGUTRMWIDFZQIYDFD_2019                        0.00%    passed     98.75%
 124  B_DELIM-USVMGUTRMWIDFZQIYDFD_Bangladesh_DELIM-USVMGUTRMWIDFZQIYDFD_1300_DELIM-USVMGUTRMWIDFZQIYDFD_2017                       0.00%    passed     99.54%
 125  B_DELIM-USVMGUTRMWIDFZQIYDFD_Bangladesh_DELIM-USVMGUTRMWIDFZQIYDFD_4012_DELIM-USVMGUTRMWIDFZQIYDFD_2019                       0.00%    passed     98.71%
 126  B_DELIM-USVMGUTRMWIDFZQIYDFD_Bangladesh_DELIM-USVMGUTRMWIDFZQIYDFD_81011007_DELIM-USVMGUTRMWIDFZQIYDFD_2018                   0.00%    passed     99.04%
 127  B_DELIM-USVMGUTRMWIDFZQIYDFD_Martinique_DELIM-USVMGUTRMWIDFZQIYDFD_2109_DELIM-USVMGUTRMWIDFZQIYDFD_2015                       6.97%    passed     90.90%
 128  B_DELIM-USVMGUTRMWIDFZQIYDFD_Lebanon_DELIM-USVMGUTRMWIDFZQIYDFD_399_DELIM-USVMGUTRMWIDFZQIYDFD_2019                           0.00%    passed     99.85%
 129  B_DELIM-USVMGUTRMWIDFZQIYDFD_NewYork_DELIM-USVMGUTRMWIDFZQIYDFD_1072_DELIM-USVMGUTRMWIDFZQIYDFD_2005                          1.27%    passed     99.67%
 130  B_DELIM-USVMGUTRMWIDFZQIYDFD_Managua_DELIM-USVMGUTRMWIDFZQIYDFD_342501_DELIM-USVMGUTRMWIDFZQIYDFD_2008                        6.97%    passed     93.39%
 131  B_DELIM-USVMGUTRMWIDFZQIYDFD_NewYork_DELIM-USVMGUTRMWIDFZQIYDFD_1112_DELIM-USVMGUTRMWIDFZQIYDFD_2007                          0.55%    passed     98.84%
 132  B_DELIM-USVMGUTRMWIDFZQIYDFD_BurkinaFaso_DELIM-USVMGUTRMWIDFZQIYDFD_73_DELIM-USVMGUTRMWIDFZQIYDFD_2015                        0.00%    passed     99.36%
 133  B_DELIM-USVMGUTRMWIDFZQIYDFD_Peru_DELIM-USVMGUTRMWIDFZQIYDFD_3916_DELIM-USVMGUTRMWIDFZQIYDFD_2016                             0.00%    passed     99.72%
 134  B_DELIM-USVMGUTRMWIDFZQIYDFD_PuertoRico_DELIM-USVMGUTRMWIDFZQIYDFD_6_DELIM-USVMGUTRMWIDFZQIYDFD_2016                          0.00%    passed     96.78%
 135  B_DELIM-USVMGUTRMWIDFZQIYDFD_Singapore_DELIM-USVMGUTRMWIDFZQIYDFD_INFGP-16-1190_DELIM-USVMGUTRMWIDFZQIYDFD_2016               6.97%    passed     92.27%
 136  B_DELIM-USVMGUTRMWIDFZQIYDFD_SouthAfrica_DELIM-USVMGUTRMWIDFZQIYDFD_R07346_DELIM-USVMGUTRMWIDFZQIYDFD_2017                    0.00%    passed     99.82%
 137  B_DELIM-USVMGUTRMWIDFZQIYDFD_Brazil_DELIM-USVMGUTRMWIDFZQIYDFD_580_DELIM-USVMGUTRMWIDFZQIYDFD_2015                            0.00%    passed     99.53%
 138  B_DELIM-USVMGUTRMWIDFZQIYDFD_SouthCarolina_DELIM-USVMGUTRMWIDFZQIYDFD_NHRC0001_DELIM-USVMGUTRMWIDFZQIYDFD_2005                3.98%    passed     95.60%
 139  B_DELIM-USVMGUTRMWIDFZQIYDFD_Bahrain_DELIM-USVMGUTRMWIDFZQIYDFD_353_DELIM-USVMGUTRMWIDFZQIYDFD_2018                           0.00%    passed     99.65%
 140  B_DELIM-USVMGUTRMWIDFZQIYDFD_NakhonRatachasima_DELIM-USVMGUTRMWIDFZQIYDFD_592_DELIM-USVMGUTRMWIDFZQIYDFD_2015                 0.00%    passed     99.86%
 141  B_DELIM-USVMGUTRMWIDFZQIYDFD_Hawaii_DELIM-USVMGUTRMWIDFZQIYDFD_26_DELIM-USVMGUTRMWIDFZQIYDFD_2015                             6.97%    passed     94.47%
 142  B_DELIM-USVMGUTRMWIDFZQIYDFD_Kenya_DELIM-USVMGUTRMWIDFZQIYDFD_119_DELIM-USVMGUTRMWIDFZQIYDFD_2018                             0.00%    passed     99.84%
 143  B_DELIM-USVMGUTRMWIDFZQIYDFD_Bangladesh_DELIM-USVMGUTRMWIDFZQIYDFD_1318_DELIM-USVMGUTRMWIDFZQIYDFD_2017                       0.00%    passed     99.85%
 144  B_DELIM-USVMGUTRMWIDFZQIYDFD_Guatemala_DELIM-USVMGUTRMWIDFZQIYDFD_5510_DELIM-USVMGUTRMWIDFZQIYDFD_2016                        0.00%    passed    100.00%
 145  B_DELIM-USVMGUTRMWIDFZQIYDFD_NorthCarolina_DELIM-USVMGUTRMWIDFZQIYDFD_5_DELIM-USVMGUTRMWIDFZQIYDFD_2019                       0.00%    passed     99.42%
 146  B_DELIM-USVMGUTRMWIDFZQIYDFD_Suriname_DELIM-USVMGUTRMWIDFZQIYDFD_1442_DELIM-USVMGUTRMWIDFZQIYDFD_2016                         0.00%    passed     99.91%
 147  B_DELIM-USVMGUTRMWIDFZQIYDFD_Peru_DELIM-USVMGUTRMWIDFZQIYDFD_9319_DELIM-USVMGUTRMWIDFZQIYDFD_2019                             0.00%    passed     99.71%
 148  B_DELIM-USVMGUTRMWIDFZQIYDFD_England_DELIM-USVMGUTRMWIDFZQIYDFD_74760564_DELIM-USVMGUTRMWIDFZQIYDFD_2017                      6.97%    passed     92.48%
 149  B_DELIM-USVMGUTRMWIDFZQIYDFD_HongKong_DELIM-USVMGUTRMWIDFZQIYDFD_1866_DELIM-USVMGUTRMWIDFZQIYDFD_2015                         6.97%    passed     93.99%
 150  B_DELIM-USVMGUTRMWIDFZQIYDFD_Nicaragua_DELIM-USVMGUTRMWIDFZQIYDFD_1086_DELIM-USVMGUTRMWIDFZQIYDFD_2019                        0.00%    passed     99.88%
 151  B_DELIM-USVMGUTRMWIDFZQIYDFD_England_DELIM-USVMGUTRMWIDFZQIYDFD_74980380_DELIM-USVMGUTRMWIDFZQIYDFD_2017                      6.97%    passed     93.80%
 152  B_DELIM-USVMGUTRMWIDFZQIYDFD_Bangladesh_DELIM-USVMGUTRMWIDFZQIYDFD_5001_DELIM-USVMGUTRMWIDFZQIYDFD_2016                       0.06%    passed     98.90%
 153  B_DELIM-USVMGUTRMWIDFZQIYDFD_Mali_DELIM-USVMGUTRMWIDFZQIYDFD_40CI_DELIM-USVMGUTRMWIDFZQIYDFD_2015                             6.97%    passed     89.51%
 154  B_DELIM-USVMGUTRMWIDFZQIYDFD_Brazil_DELIM-USVMGUTRMWIDFZQIYDFD_583_DELIM-USVMGUTRMWIDFZQIYDFD_2015                            0.00%    passed     99.47%
 155  B_DELIM-USVMGUTRMWIDFZQIYDFD_Boston_DELIM-USVMGUTRMWIDFZQIYDFD_YGB_01032_DELIM-USVMGUTRMWIDFZQIYDFD_2013                      0.00%    passed     99.20%
 156  B_DELIM-USVMGUTRMWIDFZQIYDFD_NewYork_DELIM-USVMGUTRMWIDFZQIYDFD_1143_DELIM-USVMGUTRMWIDFZQIYDFD_2008                          0.00%    passed     99.84%
 157  B_DELIM-USVMGUTRMWIDFZQIYDFD_Florida_DELIM-USVMGUTRMWIDFZQIYDFD_74_DELIM-USVMGUTRMWIDFZQIYDFD_2015                            6.97%    passed     91.54%
 158  B_DELIM-USVMGUTRMWIDFZQIYDFD_Peru_DELIM-USVMGUTRMWIDFZQIYDFD_719_DELIM-USVMGUTRMWIDFZQIYDFD_2019                              0.00%    passed     99.82%
 159  B_DELIM-USVMGUTRMWIDFZQIYDFD_Connecticut_DELIM-USVMGUTRMWIDFZQIYDFD_13_DELIM-USVMGUTRMWIDFZQIYDFD_2020                        0.00%    passed     99.20%
 160  B_DELIM-USVMGUTRMWIDFZQIYDFD_Togo_DELIM-USVMGUTRMWIDFZQIYDFD_67_DELIM-USVMGUTRMWIDFZQIYDFD_2017                               0.00%    passed     99.99%
 161  B_DELIM-USVMGUTRMWIDFZQIYDFD_NorthernIreland_DELIM-USVMGUTRMWIDFZQIYDFD_71380471_DELIM-USVMGUTRMWIDFZQIYDFD_2017              6.97%    passed     89.01%
 162  B_DELIM-USVMGUTRMWIDFZQIYDFD_Ecuador_DELIM-USVMGUTRMWIDFZQIYDFD_472_DELIM-USVMGUTRMWIDFZQIYDFD_2019                           0.00%    passed     99.65%
 163  B_DELIM-USVMGUTRMWIDFZQIYDFD_NewYork_DELIM-USVMGUTRMWIDFZQIYDFD_1170_DELIM-USVMGUTRMWIDFZQIYDFD_2008                          0.00%    passed     99.61%
 164  B_DELIM-USVMGUTRMWIDFZQIYDFD_Lao_DELIM-USVMGUTRMWIDFZQIYDFD_1046_DELIM-USVMGUTRMWIDFZQIYDFD_2018                              0.00%    passed     99.82%
 165  B_DELIM-USVMGUTRMWIDFZQIYDFD_Bangladesh_DELIM-USVMGUTRMWIDFZQIYDFD_4025_DELIM-USVMGUTRMWIDFZQIYDFD_2016                       0.11%    passed     98.11%
 166  B_DELIM-USVMGUTRMWIDFZQIYDFD_Philippines_DELIM-USVMGUTRMWIDFZQIYDFD_992_DELIM-USVMGUTRMWIDFZQIYDFD_2017                       0.00%    passed     99.95%
 167  B_DELIM-USVMGUTRMWIDFZQIYDFD_Congo_DELIM-USVMGUTRMWIDFZQIYDFD_410_DELIM-USVMGUTRMWIDFZQIYDFD_2018                             0.00%    passed     99.86%
 168  B_DELIM-USVMGUTRMWIDFZQIYDFD_Pernambuco_DELIM-USVMGUTRMWIDFZQIYDFD_145026-IEC_DELIM-USVMGUTRMWIDFZQIYDFD_2016                 0.61%    passed     99.64%
 169  B_DELIM-USVMGUTRMWIDFZQIYDFD_England_DELIM-USVMGUTRMWIDFZQIYDFD_54600610_DELIM-USVMGUTRMWIDFZQIYDFD_2015                      6.97%    passed     91.06%
 170  B_DELIM-USVMGUTRMWIDFZQIYDFD_Bangladesh_DELIM-USVMGUTRMWIDFZQIYDFD_8007_DELIM-USVMGUTRMWIDFZQIYDFD_2019                       0.00%    passed     97.90%
 171  B_DELIM-USVMGUTRMWIDFZQIYDFD_Managua_DELIM-USVMGUTRMWIDFZQIYDFD_498202_DELIM-USVMGUTRMWIDFZQIYDFD_2008                        0.00%    passed     99.46%
 172  B_DELIM-USVMGUTRMWIDFZQIYDFD_California_DELIM-USVMGUTRMWIDFZQIYDFD_NHRC0001_DELIM-USVMGUTRMWIDFZQIYDFD_2005                   2.60%    passed     95.78%
 173  B_DELIM-USVMGUTRMWIDFZQIYDFD_NewYork_DELIM-USVMGUTRMWIDFZQIYDFD_WC-LVD-14-024_DELIM-USVMGUTRMWIDFZQIYDFD_2014                 0.17%    passed     99.88%
 174  B_DELIM-USVMGUTRMWIDFZQIYDFD_Macedonia_DELIM-USVMGUTRMWIDFZQIYDFD_485_DELIM-USVMGUTRMWIDFZQIYDFD_2018                         0.00%    passed     99.72%
 175  B_DELIM-USVMGUTRMWIDFZQIYDFD_Philippines_DELIM-USVMGUTRMWIDFZQIYDFD_1096_DELIM-USVMGUTRMWIDFZQIYDFD_2016                      0.06%    passed     99.92%
 176  B_DELIM-USVMGUTRMWIDFZQIYDFD_Pakistan_DELIM-USVMGUTRMWIDFZQIYDFD_433_DELIM-USVMGUTRMWIDFZQIYDFD_2015                          0.00%    passed     97.59%
 177  B_DELIM-USVMGUTRMWIDFZQIYDFD_Togo_DELIM-USVMGUTRMWIDFZQIYDFD_679_DELIM-USVMGUTRMWIDFZQIYDFD_2016                              0.00%    passed     99.99%
 178  B_DELIM-USVMGUTRMWIDFZQIYDFD_Paris_DELIM-USVMGUTRMWIDFZQIYDFD_2569_DELIM-USVMGUTRMWIDFZQIYDFD_2019                            6.97%    passed     94.99%
 179  B_DELIM-USVMGUTRMWIDFZQIYDFD_HongKong_DELIM-USVMGUTRMWIDFZQIYDFD_1153_DELIM-USVMGUTRMWIDFZQIYDFD_2016                         0.06%    passed     99.58%
 180  B_DELIM-USVMGUTRMWIDFZQIYDFD_HongKong_DELIM-USVMGUTRMWIDFZQIYDFD_1363_DELIM-USVMGUTRMWIDFZQIYDFD_2018                         0.00%    passed     99.91%
 181  B_DELIM-USVMGUTRMWIDFZQIYDFD_Santiago_DELIM-USVMGUTRMWIDFZQIYDFD_20269_DELIM-USVMGUTRMWIDFZQIYDFD_2016                        0.00%    passed     98.84%
 182  B_DELIM-USVMGUTRMWIDFZQIYDFD_Paraiba_DELIM-USVMGUTRMWIDFZQIYDFD_143160-IEC_DELIM-USVMGUTRMWIDFZQIYDFD_2016                    0.00%    passed     99.73%
 183  B_DELIM-USVMGUTRMWIDFZQIYDFD_NewYork_DELIM-USVMGUTRMWIDFZQIYDFD_1104_DELIM-USVMGUTRMWIDFZQIYDFD_2007                          0.55%    passed     98.71%
 184  B_DELIM-USVMGUTRMWIDFZQIYDFD_NewYork_DELIM-USVMGUTRMWIDFZQIYDFD_1116_DELIM-USVMGUTRMWIDFZQIYDFD_2007                          0.55%    passed     98.42%
 185  B_DELIM-USVMGUTRMWIDFZQIYDFD_Singapore_DELIM-USVMGUTRMWIDFZQIYDFD_GP0543_DELIM-USVMGUTRMWIDFZQIYDFD_2017                      6.97%    passed     96.38%
 186  B_DELIM-USVMGUTRMWIDFZQIYDFD_Boston_DELIM-USVMGUTRMWIDFZQIYDFD_YGB_01020_DELIM-USVMGUTRMWIDFZQIYDFD_2013                      0.00%    passed     96.06%
 187  B_DELIM-USVMGUTRMWIDFZQIYDFD_Minnesota_DELIM-USVMGUTRMWIDFZQIYDFD_7_DELIM-USVMGUTRMWIDFZQIYDFD_2020                           0.00%    passed     99.42%
 188  B_DELIM-USVMGUTRMWIDFZQIYDFD_Managua_DELIM-USVMGUTRMWIDFZQIYDFD_334201_DELIM-USVMGUTRMWIDFZQIYDFD_2008                        0.00%    passed     99.46%
 189  B_DELIM-USVMGUTRMWIDFZQIYDFD_Maldives_DELIM-USVMGUTRMWIDFZQIYDFD_3117_DELIM-USVMGUTRMWIDFZQIYDFD_2017                         0.06%    passed     99.83%
 190  B_DELIM-USVMGUTRMWIDFZQIYDFD_Santiago_DELIM-USVMGUTRMWIDFZQIYDFD_72131_DELIM-USVMGUTRMWIDFZQIYDFD_2019                        0.22%    passed     99.88%
 191  B_DELIM-USVMGUTRMWIDFZQIYDFD_Boras_DELIM-USVMGUTRMWIDFZQIYDFD_1_DELIM-USVMGUTRMWIDFZQIYDFD_2016                               6.97%    passed     93.76%
 192  B_DELIM-USVMGUTRMWIDFZQIYDFD_Brazil_DELIM-USVMGUTRMWIDFZQIYDFD_3079_DELIM-USVMGUTRMWIDFZQIYDFD_2015                           6.97%    passed     92.36%
 193  B_DELIM-USVMGUTRMWIDFZQIYDFD_Peru_DELIM-USVMGUTRMWIDFZQIYDFD_6819_DELIM-USVMGUTRMWIDFZQIYDFD_2019                             0.00%    passed     99.82%
 194  B_DELIM-USVMGUTRMWIDFZQIYDFD_NewYork_DELIM-USVMGUTRMWIDFZQIYDFD_1131_DELIM-USVMGUTRMWIDFZQIYDFD_2007                          0.00%    passed     98.60%
 195  B_DELIM-USVMGUTRMWIDFZQIYDFD_NewYork_DELIM-USVMGUTRMWIDFZQIYDFD_1162_DELIM-USVMGUTRMWIDFZQIYDFD_2008                          0.00%    passed     99.94%
 196  B_DELIM-USVMGUTRMWIDFZQIYDFD_Bahrain_DELIM-USVMGUTRMWIDFZQIYDFD_450_DELIM-USVMGUTRMWIDFZQIYDFD_2018                           0.00%    passed     98.75%
 197  B_DELIM-USVMGUTRMWIDFZQIYDFD_NewYork_DELIM-USVMGUTRMWIDFZQIYDFD_1178_DELIM-USVMGUTRMWIDFZQIYDFD_2008                          0.00%    passed     99.24%
 198  B_DELIM-USVMGUTRMWIDFZQIYDFD_Congo_DELIM-USVMGUTRMWIDFZQIYDFD_334_DELIM-USVMGUTRMWIDFZQIYDFD_2019                             0.00%    passed     99.09%
 199  B_DELIM-USVMGUTRMWIDFZQIYDFD_BurkinaFaso_DELIM-USVMGUTRMWIDFZQIYDFD_1459_DELIM-USVMGUTRMWIDFZQIYDFD_2019                      0.06%    passed     99.72%
 200  B_DELIM-USVMGUTRMWIDFZQIYDFD_California_DELIM-USVMGUTRMWIDFZQIYDFD_NHRC0006_DELIM-USVMGUTRMWIDFZQIYDFD_2005                   2.60%    passed     96.34%
 201  B_DELIM-USVMGUTRMWIDFZQIYDFD_Mali_DELIM-USVMGUTRMWIDFZQIYDFD_113_DELIM-USVMGUTRMWIDFZQIYDFD_2016                              0.00%    passed     99.85%
 202  B_DELIM-USVMGUTRMWIDFZQIYDFD_Bangladesh_DELIM-USVMGUTRMWIDFZQIYDFD_154_DELIM-USVMGUTRMWIDFZQIYDFD_2018                        0.00%    passed     99.82%
 203  B_DELIM-USVMGUTRMWIDFZQIYDFD_Bangladesh_DELIM-USVMGUTRMWIDFZQIYDFD_712021_DELIM-USVMGUTRMWIDFZQIYDFD_2017                     0.00%    passed     99.82%
 204  B_DELIM-USVMGUTRMWIDFZQIYDFD_Bangladesh_DELIM-USVMGUTRMWIDFZQIYDFD_2008_DELIM-USVMGUTRMWIDFZQIYDFD_2017                       0.00%    passed     99.82%
 205  B_DELIM-USVMGUTRMWIDFZQIYDFD_AbuDhabi_DELIM-USVMGUTRMWIDFZQIYDFD_26_DELIM-USVMGUTRMWIDFZQIYDFD_2017                           0.00%    passed     99.95%
 206  B_DELIM-USVMGUTRMWIDFZQIYDFD_Singapore_DELIM-USVMGUTRMWIDFZQIYDFD_TT0505_DELIM-USVMGUTRMWIDFZQIYDFD_2019                      6.97%    passed     96.38%
 207  B_DELIM-USVMGUTRMWIDFZQIYDFD_Nicaragua_DELIM-USVMGUTRMWIDFZQIYDFD_1186_DELIM-USVMGUTRMWIDFZQIYDFD_2019                        0.00%    passed     99.88%
 208  B_DELIM-USVMGUTRMWIDFZQIYDFD_Tanzania_DELIM-USVMGUTRMWIDFZQIYDFD_2245_DELIM-USVMGUTRMWIDFZQIYDFD_2016                         0.00%    passed     97.45%
 209  B_DELIM-USVMGUTRMWIDFZQIYDFD_Peru_DELIM-USVMGUTRMWIDFZQIYDFD_1619_DELIM-USVMGUTRMWIDFZQIYDFD_2019                             0.00%    passed     99.95%
 210  B_DELIM-USVMGUTRMWIDFZQIYDFD_Alaska_DELIM-USVMGUTRMWIDFZQIYDFD_18_DELIM-USVMGUTRMWIDFZQIYDFD_2018                             0.00%    passed     99.97%
 211  B_DELIM-USVMGUTRMWIDFZQIYDFD_Bangladesh_DELIM-USVMGUTRMWIDFZQIYDFD_1012_DELIM-USVMGUTRMWIDFZQIYDFD_2017                       0.00%    passed     99.82%
 212  B_DELIM-USVMGUTRMWIDFZQIYDFD_Managua_DELIM-USVMGUTRMWIDFZQIYDFD_470201_DELIM-USVMGUTRMWIDFZQIYDFD_2008                        1.11%    passed     99.31%
 213  B_DELIM-USVMGUTRMWIDFZQIYDFD_Connecticut_DELIM-USVMGUTRMWIDFZQIYDFD_16_DELIM-USVMGUTRMWIDFZQIYDFD_2020                        0.00%    passed     99.46%
 214  B_DELIM-USVMGUTRMWIDFZQIYDFD_Washington_DELIM-USVMGUTRMWIDFZQIYDFD_65_DELIM-USVMGUTRMWIDFZQIYDFD_2015                         7.13%    passed     87.52%
 215  B_DELIM-USVMGUTRMWIDFZQIYDFD_Guam_DELIM-USVMGUTRMWIDFZQIYDFD_204_DELIM-USVMGUTRMWIDFZQIYDFD_2019                              0.00%    passed     99.85%
 216  B_DELIM-USVMGUTRMWIDFZQIYDFD_Kungalv_DELIM-USVMGUTRMWIDFZQIYDFD_10_DELIM-USVMGUTRMWIDFZQIYDFD_2016                            6.97%    passed     93.80%
 217  B_DELIM-USVMGUTRMWIDFZQIYDFD_NewYork_DELIM-USVMGUTRMWIDFZQIYDFD_1136_DELIM-USVMGUTRMWIDFZQIYDFD_2008                          0.00%    passed     99.71%
 218  B_DELIM-USVMGUTRMWIDFZQIYDFD_Gothenburg_DELIM-USVMGUTRMWIDFZQIYDFD_1_DELIM-USVMGUTRMWIDFZQIYDFD_2014                          6.97%    passed     84.06%
 219  B_DELIM-USVMGUTRMWIDFZQIYDFD_NewYork_DELIM-USVMGUTRMWIDFZQIYDFD_1166_DELIM-USVMGUTRMWIDFZQIYDFD_2008                          0.00%    passed     99.84%
 220  B_DELIM-USVMGUTRMWIDFZQIYDFD_NewYork_DELIM-USVMGUTRMWIDFZQIYDFD_1078_DELIM-USVMGUTRMWIDFZQIYDFD_2005                          2.54%    passed     99.83%
 221  B_DELIM-USVMGUTRMWIDFZQIYDFD_Hawaii_DELIM-USVMGUTRMWIDFZQIYDFD_21_DELIM-USVMGUTRMWIDFZQIYDFD_2019                             0.00%    passed     99.94%
 222  B_DELIM-USVMGUTRMWIDFZQIYDFD_Philippines_DELIM-USVMGUTRMWIDFZQIYDFD_248_DELIM-USVMGUTRMWIDFZQIYDFD_2017                       0.00%    passed     99.54%
 223  B_DELIM-USVMGUTRMWIDFZQIYDFD_Wyoming_DELIM-USVMGUTRMWIDFZQIYDFD_11_DELIM-USVMGUTRMWIDFZQIYDFD_2018                            0.00%    passed     99.95%
 224  B_DELIM-USVMGUTRMWIDFZQIYDFD_Texas_DELIM-USVMGUTRMWIDFZQIYDFD_71_DELIM-USVMGUTRMWIDFZQIYDFD_2017                              0.06%    passed     99.29%
 225  B_DELIM-USVMGUTRMWIDFZQIYDFD_Spain_DELIM-USVMGUTRMWIDFZQIYDFD_11425_DELIM-USVMGUTRMWIDFZQIYDFD_2019                           6.97%    passed     93.42%
 226  B_DELIM-USVMGUTRMWIDFZQIYDFD_NewYork_DELIM-USVMGUTRMWIDFZQIYDFD_WC-LVD-14-004_DELIM-USVMGUTRMWIDFZQIYDFD_2014                 6.97%    passed     92.36%
 227  B_DELIM-USVMGUTRMWIDFZQIYDFD_HongKong_DELIM-USVMGUTRMWIDFZQIYDFD_50_DELIM-USVMGUTRMWIDFZQIYDFD_2016                           0.00%    passed     99.54%
 228  B_DELIM-USVMGUTRMWIDFZQIYDFD_Texas_DELIM-USVMGUTRMWIDFZQIYDFD_81_DELIM-USVMGUTRMWIDFZQIYDFD_2016                              0.00%    passed     99.65%
 229  B_DELIM-USVMGUTRMWIDFZQIYDFD_Washington_DELIM-USVMGUTRMWIDFZQIYDFD_27_DELIM-USVMGUTRMWIDFZQIYDFD_2020                         0.00%    passed     99.94%
 230  B_DELIM-USVMGUTRMWIDFZQIYDFD_Chile_DELIM-USVMGUTRMWIDFZQIYDFD_6409_DELIM-USVMGUTRMWIDFZQIYDFD_2019                            0.00%    passed     99.88%
 231  B_DELIM-USVMGUTRMWIDFZQIYDFD_Trollhattan_DELIM-USVMGUTRMWIDFZQIYDFD_1_DELIM-USVMGUTRMWIDFZQIYDFD_2015                         6.97%    passed     85.42%
 232  B_DELIM-USVMGUTRMWIDFZQIYDFD_NewYork_DELIM-USVMGUTRMWIDFZQIYDFD_WC-LVD-14-019_DELIM-USVMGUTRMWIDFZQIYDFD_2014                 1.77%    passed     99.96%
 233  B_DELIM-USVMGUTRMWIDFZQIYDFD_Brazil_DELIM-USVMGUTRMWIDFZQIYDFD_71888_DELIM-USVMGUTRMWIDFZQIYDFD_2015                          0.00%    passed     99.53%
 234  B_DELIM-USVMGUTRMWIDFZQIYDFD_Managua_DELIM-USVMGUTRMWIDFZQIYDFD_447901_DELIM-USVMGUTRMWIDFZQIYDFD_2008                        0.00%    passed     99.46%
 235  B_DELIM-USVMGUTRMWIDFZQIYDFD_NewYork_DELIM-USVMGUTRMWIDFZQIYDFD_WC-LVD-13-002_DELIM-USVMGUTRMWIDFZQIYDFD_2013                 0.50%    passed     99.57%
 236  B_DELIM-USVMGUTRMWIDFZQIYDFD_Argentina_DELIM-USVMGUTRMWIDFZQIYDFD_19_DELIM-USVMGUTRMWIDFZQIYDFD_2016                          0.00%    passed     98.99%
 237  B_DELIM-USVMGUTRMWIDFZQIYDFD_SouthCarolina_DELIM-USVMGUTRMWIDFZQIYDFD_NHRC0001_DELIM-USVMGUTRMWIDFZQIYDFD_2001                2.60%    passed     99.58%
 238  B_DELIM-USVMGUTRMWIDFZQIYDFD_England_DELIM-USVMGUTRMWIDFZQIYDFD_964_DELIM-USVMGUTRMWIDFZQIYDFD_2016                           6.97%    passed     95.55%
 239  B_DELIM-USVMGUTRMWIDFZQIYDFD_HongKong_DELIM-USVMGUTRMWIDFZQIYDFD_732_DELIM-USVMGUTRMWIDFZQIYDFD_2017                          0.00%    passed     99.58%
 240  B_DELIM-USVMGUTRMWIDFZQIYDFD_Lao_DELIM-USVMGUTRMWIDFZQIYDFD_2066_DELIM-USVMGUTRMWIDFZQIYDFD_2018                              0.00%    passed     99.82%
 241  B_DELIM-USVMGUTRMWIDFZQIYDFD_Managua_DELIM-USVMGUTRMWIDFZQIYDFD_27402_DELIM-USVMGUTRMWIDFZQIYDFD_2008                         0.39%    passed     99.66%
 242  B_DELIM-USVMGUTRMWIDFZQIYDFD_England_DELIM-USVMGUTRMWIDFZQIYDFD_80580473_DELIM-USVMGUTRMWIDFZQIYDFD_2018                      6.97%    passed     93.80%
 243  B_DELIM-USVMGUTRMWIDFZQIYDFD_Lao_DELIM-USVMGUTRMWIDFZQIYDFD_920_DELIM-USVMGUTRMWIDFZQIYDFD_2019                               0.00%    passed     99.99%
 244  B_DELIM-USVMGUTRMWIDFZQIYDFD_NewYork_DELIM-USVMGUTRMWIDFZQIYDFD_1163_DELIM-USVMGUTRMWIDFZQIYDFD_2008                          0.55%    passed     99.35%
 245  B_DELIM-USVMGUTRMWIDFZQIYDFD_Nonthaburi_DELIM-USVMGUTRMWIDFZQIYDFD_1184_DELIM-USVMGUTRMWIDFZQIYDFD_2018                       0.00%    passed     99.82%
 246  B_DELIM-USVMGUTRMWIDFZQIYDFD_Bahia_DELIM-USVMGUTRMWIDFZQIYDFD_863_DELIM-USVMGUTRMWIDFZQIYDFD_2017                             0.00%    passed     99.19%
 247  B_DELIM-USVMGUTRMWIDFZQIYDFD_Mali_DELIM-USVMGUTRMWIDFZQIYDFD_39_DELIM-USVMGUTRMWIDFZQIYDFD_2018                               0.06%    passed     99.51%
 248  B_DELIM-USVMGUTRMWIDFZQIYDFD_Singapore_DELIM-USVMGUTRMWIDFZQIYDFD_GP0662_DELIM-USVMGUTRMWIDFZQIYDFD_2017                      6.97%    passed     93.80%
 249  B_DELIM-USVMGUTRMWIDFZQIYDFD_Santiago_DELIM-USVMGUTRMWIDFZQIYDFD_80960_DELIM-USVMGUTRMWIDFZQIYDFD_2019                        0.00%    passed     99.47%
 250  B_DELIM-USVMGUTRMWIDFZQIYDFD_England_DELIM-USVMGUTRMWIDFZQIYDFD_725_DELIM-USVMGUTRMWIDFZQIYDFD_2016                           6.97%    passed     92.75%
 251  B_DELIM-USVMGUTRMWIDFZQIYDFD_Illinois_DELIM-USVMGUTRMWIDFZQIYDFD_22_DELIM-USVMGUTRMWIDFZQIYDFD_2017                           0.00%    passed     99.54%
 252  B_DELIM-USVMGUTRMWIDFZQIYDFD_Mozambique_DELIM-USVMGUTRMWIDFZQIYDFD_468_DELIM-USVMGUTRMWIDFZQIYDFD_2017                        0.00%    passed     99.82%
 253  B_DELIM-USVMGUTRMWIDFZQIYDFD_Skovde_DELIM-USVMGUTRMWIDFZQIYDFD_2_DELIM-USVMGUTRMWIDFZQIYDFD_2017                              6.97%    passed     97.70%
 254  B_DELIM-USVMGUTRMWIDFZQIYDFD_Managua_DELIM-USVMGUTRMWIDFZQIYDFD_46801_DELIM-USVMGUTRMWIDFZQIYDFD_2008                         6.97%    passed     93.39%
 255  B_DELIM-USVMGUTRMWIDFZQIYDFD_HongKong_DELIM-USVMGUTRMWIDFZQIYDFD_1554_DELIM-USVMGUTRMWIDFZQIYDFD_2016                         0.00%    passed     99.19%
 256  B_DELIM-USVMGUTRMWIDFZQIYDFD_Lao_DELIM-USVMGUTRMWIDFZQIYDFD_459_DELIM-USVMGUTRMWIDFZQIYDFD_2019                               0.00%    passed     99.82%
 257  B_DELIM-USVMGUTRMWIDFZQIYDFD_Bangladesh_DELIM-USVMGUTRMWIDFZQIYDFD_3984_DELIM-USVMGUTRMWIDFZQIYDFD_2016                       0.06%    passed     98.33%
 258  B_DELIM-USVMGUTRMWIDFZQIYDFD_Mali_DELIM-USVMGUTRMWIDFZQIYDFD_39_DELIM-USVMGUTRMWIDFZQIYDFD_2016                               0.00%    passed     99.82%
 259  B_DELIM-USVMGUTRMWIDFZQIYDFD_Managua_DELIM-USVMGUTRMWIDFZQIYDFD_449801_DELIM-USVMGUTRMWIDFZQIYDFD_2008                        3.70%    passed     89.85%
 260  B_DELIM-USVMGUTRMWIDFZQIYDFD_Fiji_DELIM-USVMGUTRMWIDFZQIYDFD_95_DELIM-USVMGUTRMWIDFZQIYDFD_2015                               0.39%    passed     99.92%
 261  B_DELIM-USVMGUTRMWIDFZQIYDFD_Congo_DELIM-USVMGUTRMWIDFZQIYDFD_285_DELIM-USVMGUTRMWIDFZQIYDFD_2018                             0.00%    passed     99.82%
 262  B_DELIM-USVMGUTRMWIDFZQIYDFD_Paraguay_DELIM-USVMGUTRMWIDFZQIYDFD_343_DELIM-USVMGUTRMWIDFZQIYDFD_2018                          0.00%    passed     99.24%
 263  B_DELIM-USVMGUTRMWIDFZQIYDFD_Stockholm_DELIM-USVMGUTRMWIDFZQIYDFD_17_DELIM-USVMGUTRMWIDFZQIYDFD_2016                          6.97%    passed     92.26%
 264  B_DELIM-USVMGUTRMWIDFZQIYDFD_Florida_DELIM-USVMGUTRMWIDFZQIYDFD_95_DELIM-USVMGUTRMWIDFZQIYDFD_2017                            0.00%    passed     99.72%
 265  B_DELIM-USVMGUTRMWIDFZQIYDFD_NewYork_DELIM-USVMGUTRMWIDFZQIYDFD_1069_DELIM-USVMGUTRMWIDFZQIYDFD_2005                          1.05%    passed     99.98%
 266  B_DELIM-USVMGUTRMWIDFZQIYDFD_NewJersey_DELIM-USVMGUTRMWIDFZQIYDFD_NHRC0001_DELIM-USVMGUTRMWIDFZQIYDFD_2005                    2.60%    passed     97.49%
 267  B_DELIM-USVMGUTRMWIDFZQIYDFD_England_DELIM-USVMGUTRMWIDFZQIYDFD_70800517_DELIM-USVMGUTRMWIDFZQIYDFD_2017                      6.97%    passed     96.94%
 268  B_DELIM-USVMGUTRMWIDFZQIYDFD_England_DELIM-USVMGUTRMWIDFZQIYDFD_9_DELIM-USVMGUTRMWIDFZQIYDFD_2017                             6.97%    passed     95.97%
 269  B_DELIM-USVMGUTRMWIDFZQIYDFD_Uruguay_DELIM-USVMGUTRMWIDFZQIYDFD_106_DELIM-USVMGUTRMWIDFZQIYDFD_2017                           0.00%    passed     99.54%
 270  B_DELIM-USVMGUTRMWIDFZQIYDFD_Managua_DELIM-USVMGUTRMWIDFZQIYDFD_17702_DELIM-USVMGUTRMWIDFZQIYDFD_2008                         0.00%    passed     99.46%
 271  B_DELIM-USVMGUTRMWIDFZQIYDFD_Mali_DELIM-USVMGUTRMWIDFZQIYDFD_91CI_DELIM-USVMGUTRMWIDFZQIYDFD_2015                             0.00%    passed     99.26%
 272  B_DELIM-USVMGUTRMWIDFZQIYDFD_Brazil_DELIM-USVMGUTRMWIDFZQIYDFD_20_DELIM-USVMGUTRMWIDFZQIYDFD_2016                             0.00%    passed    100.00%
 273  B_DELIM-USVMGUTRMWIDFZQIYDFD_NewYork_DELIM-USVMGUTRMWIDFZQIYDFD_1177_DELIM-USVMGUTRMWIDFZQIYDFD_2008                          0.00%    passed     99.84%
 274  B_DELIM-USVMGUTRMWIDFZQIYDFD_Bangladesh_DELIM-USVMGUTRMWIDFZQIYDFD_4012_DELIM-USVMGUTRMWIDFZQIYDFD_2018                       0.00%    passed     99.24%
 275  B_DELIM-USVMGUTRMWIDFZQIYDFD_Bahrain_DELIM-USVMGUTRMWIDFZQIYDFD_206_DELIM-USVMGUTRMWIDFZQIYDFD_2018                           0.06%    passed     99.83%
 276  B_DELIM-USVMGUTRMWIDFZQIYDFD_Ecuador_DELIM-USVMGUTRMWIDFZQIYDFD_2439_DELIM-USVMGUTRMWIDFZQIYDFD_2016                          0.00%    passed     99.86%
 277  B_DELIM-USVMGUTRMWIDFZQIYDFD_Singapore_DELIM-USVMGUTRMWIDFZQIYDFD_TT0043_DELIM-USVMGUTRMWIDFZQIYDFD_2019                      6.97%    passed     92.27%
 278  B_DELIM-USVMGUTRMWIDFZQIYDFD_Peru_DELIM-USVMGUTRMWIDFZQIYDFD_5195_DELIM-USVMGUTRMWIDFZQIYDFD_2019                             0.00%    passed     99.88%
 279  B_DELIM-USVMGUTRMWIDFZQIYDFD_Boston_DELIM-USVMGUTRMWIDFZQIYDFD_YGB_01038_DELIM-USVMGUTRMWIDFZQIYDFD_2013                      0.00%    passed     98.56%
 280  B_DELIM-USVMGUTRMWIDFZQIYDFD_NewYork_DELIM-USVMGUTRMWIDFZQIYDFD_WC-LVD-14-012_DELIM-USVMGUTRMWIDFZQIYDFD_2014                 0.06%    passed     99.91%
 281  B_DELIM-USVMGUTRMWIDFZQIYDFD_CoteDIvoire_DELIM-USVMGUTRMWIDFZQIYDFD_378_DELIM-USVMGUTRMWIDFZQIYDFD_2019                       0.00%    passed     98.78%
 282  B_DELIM-USVMGUTRMWIDFZQIYDFD_Kyrgyzstan_DELIM-USVMGUTRMWIDFZQIYDFD_125_DELIM-USVMGUTRMWIDFZQIYDFD_2015                        6.97%    passed     89.19%
 283  B_DELIM-USVMGUTRMWIDFZQIYDFD_Bangladesh_DELIM-USVMGUTRMWIDFZQIYDFD_3025_DELIM-USVMGUTRMWIDFZQIYDFD_2018                       0.00%    passed     99.82%
 284  B_DELIM-USVMGUTRMWIDFZQIYDFD_Stockholm_DELIM-USVMGUTRMWIDFZQIYDFD_2_DELIM-USVMGUTRMWIDFZQIYDFD_2019                           6.97%    passed     90.22%
 285  B_DELIM-USVMGUTRMWIDFZQIYDFD_HongKong_DELIM-USVMGUTRMWIDFZQIYDFD_1355_DELIM-USVMGUTRMWIDFZQIYDFD_2018                         0.00%    passed     99.95%
 286  B_DELIM-USVMGUTRMWIDFZQIYDFD_Philippines_DELIM-USVMGUTRMWIDFZQIYDFD_103_DELIM-USVMGUTRMWIDFZQIYDFD_2018                       0.00%    passed     99.82%
 287  B_DELIM-USVMGUTRMWIDFZQIYDFD_Managua_DELIM-USVMGUTRMWIDFZQIYDFD_92101_DELIM-USVMGUTRMWIDFZQIYDFD_2008                         0.00%    passed     99.46%
 288  B_DELIM-USVMGUTRMWIDFZQIYDFD_Brazil_DELIM-USVMGUTRMWIDFZQIYDFD_2724_DELIM-USVMGUTRMWIDFZQIYDFD_2015                           6.97%    passed     92.90%
 289  B_DELIM-USVMGUTRMWIDFZQIYDFD_Mali_DELIM-USVMGUTRMWIDFZQIYDFD_10SIK_DELIM-USVMGUTRMWIDFZQIYDFD_2015                            0.00%    passed     99.65%
 290  B_DELIM-USVMGUTRMWIDFZQIYDFD_RioGrandeDoNorte_DELIM-USVMGUTRMWIDFZQIYDFD_140088_DELIM-USVMGUTRMWIDFZQIYDFD_2016               0.00%    passed     99.24%
 291  B_DELIM-USVMGUTRMWIDFZQIYDFD_Lao_DELIM-USVMGUTRMWIDFZQIYDFD_1906_DELIM-USVMGUTRMWIDFZQIYDFD_2019                              0.00%    passed     99.72%
 292  B_DELIM-USVMGUTRMWIDFZQIYDFD_Managua_DELIM-USVMGUTRMWIDFZQIYDFD_205603_DELIM-USVMGUTRMWIDFZQIYDFD_2008                        0.22%    passed     99.20%
 293  B_DELIM-USVMGUTRMWIDFZQIYDFD_England_DELIM-USVMGUTRMWIDFZQIYDFD_200240762_DELIM-USVMGUTRMWIDFZQIYDFD_2019                     6.97%    passed     94.20%
 294  B_DELIM-USVMGUTRMWIDFZQIYDFD_Stockholm_DELIM-USVMGUTRMWIDFZQIYDFD_8_DELIM-USVMGUTRMWIDFZQIYDFD_2015                           6.97%    passed     91.06%
 295  B_DELIM-USVMGUTRMWIDFZQIYDFD_Mozambique_DELIM-USVMGUTRMWIDFZQIYDFD_458_DELIM-USVMGUTRMWIDFZQIYDFD_2017                        0.00%    passed     99.90%
 296  B_DELIM-USVMGUTRMWIDFZQIYDFD_Afghanistan_DELIM-USVMGUTRMWIDFZQIYDFD_8243_DELIM-USVMGUTRMWIDFZQIYDFD_2018                      0.00%    passed     98.74%
 297  B_DELIM-USVMGUTRMWIDFZQIYDFD_Philippines_DELIM-USVMGUTRMWIDFZQIYDFD_958_DELIM-USVMGUTRMWIDFZQIYDFD_2016                       0.00%    passed     99.42%
 298  B_DELIM-USVMGUTRMWIDFZQIYDFD_HongKong_DELIM-USVMGUTRMWIDFZQIYDFD_1406_DELIM-USVMGUTRMWIDFZQIYDFD_2018                         0.00%    passed     99.71%
 299  B_DELIM-USVMGUTRMWIDFZQIYDFD_Colombia_DELIM-USVMGUTRMWIDFZQIYDFD_4928_DELIM-USVMGUTRMWIDFZQIYDFD_2017                         0.00%    passed     99.07%
 300  B_DELIM-USVMGUTRMWIDFZQIYDFD_SouthAfrica_DELIM-USVMGUTRMWIDFZQIYDFD_VW0602_DELIM-USVMGUTRMWIDFZQIYDFD_2018                    0.00%    passed     99.82%
 301  B_DELIM-USVMGUTRMWIDFZQIYDFD_NewJersey_DELIM-USVMGUTRMWIDFZQIYDFD_12_DELIM-USVMGUTRMWIDFZQIYDFD_2019                          0.00%    passed     99.73%
 302  B_DELIM-USVMGUTRMWIDFZQIYDFD_Amazonas_DELIM-USVMGUTRMWIDFZQIYDFD_134602-IEC_DELIM-USVMGUTRMWIDFZQIYDFD_2015                   6.97%    passed     93.21%
 303  B_DELIM-USVMGUTRMWIDFZQIYDFD_Kristianstad_DELIM-USVMGUTRMWIDFZQIYDFD_1_DELIM-USVMGUTRMWIDFZQIYDFD_2016                        6.97%    passed     92.48%
 304  B_DELIM-USVMGUTRMWIDFZQIYDFD_HongKong_DELIM-USVMGUTRMWIDFZQIYDFD_8149_DELIM-USVMGUTRMWIDFZQIYDFD_2017                         0.00%    passed     99.85%
 305  B_DELIM-USVMGUTRMWIDFZQIYDFD_Serbia_DELIM-USVMGUTRMWIDFZQIYDFD_3223_DELIM-USVMGUTRMWIDFZQIYDFD_2018                           0.00%    passed     99.72%
 306  B_DELIM-USVMGUTRMWIDFZQIYDFD_Helsingborg_DELIM-USVMGUTRMWIDFZQIYDFD_1_DELIM-USVMGUTRMWIDFZQIYDFD_2016                         6.97%    passed     92.60%
 307  B_DELIM-USVMGUTRMWIDFZQIYDFD_Jamaica_DELIM-USVMGUTRMWIDFZQIYDFD_5800_DELIM-USVMGUTRMWIDFZQIYDFD_2020                          0.00%    passed     99.82%
 308  B_DELIM-USVMGUTRMWIDFZQIYDFD_BurkinaFaso_DELIM-USVMGUTRMWIDFZQIYDFD_118_DELIM-USVMGUTRMWIDFZQIYDFD_2015                       0.11%    passed     98.42%
 309  B_DELIM-USVMGUTRMWIDFZQIYDFD_Petropavlovsk-Kamchatski_DELIM-USVMGUTRMWIDFZQIYDFD_RII-3472S_DELIM-USVMGUTRMWIDFZQIYDFD_2018    0.00%    passed     99.58%
 310  B_DELIM-USVMGUTRMWIDFZQIYDFD_Chile_DELIM-USVMGUTRMWIDFZQIYDFD_7845_DELIM-USVMGUTRMWIDFZQIYDFD_2019                            0.00%    passed     99.88%
 311  B_DELIM-USVMGUTRMWIDFZQIYDFD_Missouri_DELIM-USVMGUTRMWIDFZQIYDFD_NHRC0001_DELIM-USVMGUTRMWIDFZQIYDFD_2001                     2.93%    passed     98.00%
 312  B_DELIM-USVMGUTRMWIDFZQIYDFD_Stockholm_DELIM-USVMGUTRMWIDFZQIYDFD_4_DELIM-USVMGUTRMWIDFZQIYDFD_2016                           6.97%    passed     91.06%
 313  B_DELIM-USVMGUTRMWIDFZQIYDFD_Uganda_DELIM-USVMGUTRMWIDFZQIYDFD_2203_DELIM-USVMGUTRMWIDFZQIYDFD_2016                           0.00%    passed     97.90%
 314  B_DELIM-USVMGUTRMWIDFZQIYDFD_Cambodia_DELIM-USVMGUTRMWIDFZQIYDFD_1011_DELIM-USVMGUTRMWIDFZQIYDFD_2015                         0.00%    passed     99.86%
 315  B_DELIM-USVMGUTRMWIDFZQIYDFD_Cambodia_DELIM-USVMGUTRMWIDFZQIYDFD_894_DELIM-USVMGUTRMWIDFZQIYDFD_2015                          0.00%    passed     99.79%
 316  B_DELIM-USVMGUTRMWIDFZQIYDFD_Georgia_DELIM-USVMGUTRMWIDFZQIYDFD_NHRC0001_DELIM-USVMGUTRMWIDFZQIYDFD_2001                      3.37%    passed     96.64%
 317  B_DELIM-USVMGUTRMWIDFZQIYDFD_California_DELIM-USVMGUTRMWIDFZQIYDFD_NHRC0007_DELIM-USVMGUTRMWIDFZQIYDFD_2005                   2.60%    passed     95.43%
 318  B_DELIM-USVMGUTRMWIDFZQIYDFD_Mali_DELIM-USVMGUTRMWIDFZQIYDFD_80_DELIM-USVMGUTRMWIDFZQIYDFD_2018                               0.00%    passed     99.26%
 319  B_DELIM-USVMGUTRMWIDFZQIYDFD_NewYork_DELIM-USVMGUTRMWIDFZQIYDFD_WC-LVD-14-037_DELIM-USVMGUTRMWIDFZQIYDFD_2014                 0.83%    passed     99.92%
 320  B_DELIM-USVMGUTRMWIDFZQIYDFD_Togo_DELIM-USVMGUTRMWIDFZQIYDFD_170_DELIM-USVMGUTRMWIDFZQIYDFD_2017                              0.00%    passed     99.47%
 321  B_DELIM-USVMGUTRMWIDFZQIYDFD_Managua_DELIM-USVMGUTRMWIDFZQIYDFD_108901_DELIM-USVMGUTRMWIDFZQIYDFD_2008                        0.00%    passed     99.19%
 322  B_DELIM-USVMGUTRMWIDFZQIYDFD_Lebanon_DELIM-USVMGUTRMWIDFZQIYDFD_1379_DELIM-USVMGUTRMWIDFZQIYDFD_2016                          0.00%    passed     99.47%
 323  B_DELIM-USVMGUTRMWIDFZQIYDFD_Lebanon_DELIM-USVMGUTRMWIDFZQIYDFD_1634_DELIM-USVMGUTRMWIDFZQIYDFD_2016                          0.00%    passed     99.73%
 324  B_DELIM-USVMGUTRMWIDFZQIYDFD_Boston_DELIM-USVMGUTRMWIDFZQIYDFD_YGB_01043_DELIM-USVMGUTRMWIDFZQIYDFD_2013                      0.00%    passed     98.35%
****  TOTAL                                                                                                                         1.63%  0 sequences failed composition chi2 test (p-value<5%; df=3)
NOTE: B_DELIM-USVMGUTRMWIDFZQIYDFD_Tanzania_DELIM-USVMGUTRMWIDFZQIYDFD_4794_DELIM-USVMGUTRMWIDFZQIYDFD_2017 is identical to B_DELIM-USVMGUTRMWIDFZQIYDFD_Bangladesh_DELIM-USVMGUTRMWIDFZQIYDFD_80000_DELIM-USVMGUTRMWIDFZQIYDFD_2017 but kept for subsequent analysis
NOTE: B_DELIM-USVMGUTRMWIDFZQIYDFD_HongKong_DELIM-USVMGUTRMWIDFZQIYDFD_1866_DELIM-USVMGUTRMWIDFZQIYDFD_2015 is identical to B_DELIM-USVMGUTRMWIDFZQIYDFD_Chanthaburi_DELIM-USVMGUTRMWIDFZQIYDFD_315_DELIM-USVMGUTRMWIDFZQIYDFD_2015 but kept for subsequent analysis
NOTE: B_DELIM-USVMGUTRMWIDFZQIYDFD_Singapore_DELIM-USVMGUTRMWIDFZQIYDFD_GP0543_DELIM-USVMGUTRMWIDFZQIYDFD_2017 is identical to B_DELIM-USVMGUTRMWIDFZQIYDFD_Singapore_DELIM-USVMGUTRMWIDFZQIYDFD_GP0129_DELIM-USVMGUTRMWIDFZQIYDFD_2017 but kept for subsequent analysis
NOTE: B_DELIM-USVMGUTRMWIDFZQIYDFD_Singapore_DELIM-USVMGUTRMWIDFZQIYDFD_INFGP-16-1190_DELIM-USVMGUTRMWIDFZQIYDFD_2016 is identical to B_DELIM-USVMGUTRMWIDFZQIYDFD_Tokyo_DELIM-USVMGUTRMWIDFZQIYDFD_EH19_DELIM-USVMGUTRMWIDFZQIYDFD_2016 but kept for subsequent analysis
NOTE: B_DELIM-USVMGUTRMWIDFZQIYDFD_NewYork_DELIM-USVMGUTRMWIDFZQIYDFD_1145_DELIM-USVMGUTRMWIDFZQIYDFD_2008 is identical to B_DELIM-USVMGUTRMWIDFZQIYDFD_NewYork_DELIM-USVMGUTRMWIDFZQIYDFD_1173_DELIM-USVMGUTRMWIDFZQIYDFD_2008 but kept for subsequent analysis
NOTE: B_DELIM-USVMGUTRMWIDFZQIYDFD_Managua_DELIM-USVMGUTRMWIDFZQIYDFD_342501_DELIM-USVMGUTRMWIDFZQIYDFD_2008 is identical to B_DELIM-USVMGUTRMWIDFZQIYDFD_Managua_DELIM-USVMGUTRMWIDFZQIYDFD_3601_DELIM-USVMGUTRMWIDFZQIYDFD_2008 but kept for subsequent analysis
NOTE: B_DELIM-USVMGUTRMWIDFZQIYDFD_Ecuador_DELIM-USVMGUTRMWIDFZQIYDFD_2439_DELIM-USVMGUTRMWIDFZQIYDFD_2016 is identical to B_DELIM-USVMGUTRMWIDFZQIYDFD_Florida_DELIM-USVMGUTRMWIDFZQIYDFD_81_DELIM-USVMGUTRMWIDFZQIYDFD_2016 but kept for subsequent analysis
NOTE: B_DELIM-USVMGUTRMWIDFZQIYDFD_California_DELIM-USVMGUTRMWIDFZQIYDFD_51_DELIM-USVMGUTRMWIDFZQIYDFD_2019 is identical to B_DELIM-USVMGUTRMWIDFZQIYDFD_California_DELIM-USVMGUTRMWIDFZQIYDFD_77_DELIM-USVMGUTRMWIDFZQIYDFD_2019 but kept for subsequent analysis
NOTE: B_DELIM-USVMGUTRMWIDFZQIYDFD_PaysDeLoire_DELIM-USVMGUTRMWIDFZQIYDFD_346_DELIM-USVMGUTRMWIDFZQIYDFD_2020 is identical to B_DELIM-USVMGUTRMWIDFZQIYDFD_PaysDeLoire_DELIM-USVMGUTRMWIDFZQIYDFD_1150_DELIM-USVMGUTRMWIDFZQIYDFD_2020 but kept for subsequent analysis
NOTE: B_DELIM-USVMGUTRMWIDFZQIYDFD_California_DELIM-USVMGUTRMWIDFZQIYDFD_NHRC0007_DELIM-USVMGUTRMWIDFZQIYDFD_2005 is identical to B_DELIM-USVMGUTRMWIDFZQIYDFD_California_DELIM-USVMGUTRMWIDFZQIYDFD_NHRC0002_DELIM-USVMGUTRMWIDFZQIYDFD_2006 but kept for subsequent analysis
NOTE: B_DELIM-USVMGUTRMWIDFZQIYDFD_Uruguay_DELIM-USVMGUTRMWIDFZQIYDFD_106_DELIM-USVMGUTRMWIDFZQIYDFD_2017 is identical to B_DELIM-USVMGUTRMWIDFZQIYDFD_Uruguay_DELIM-USVMGUTRMWIDFZQIYDFD_403_DELIM-USVMGUTRMWIDFZQIYDFD_2017 but kept for subsequent analysis
NOTE: B_DELIM-USVMGUTRMWIDFZQIYDFD_California_DELIM-USVMGUTRMWIDFZQIYDFD_NHRC0001_DELIM-USVMGUTRMWIDFZQIYDFD_2005 is identical to B_DELIM-USVMGUTRMWIDFZQIYDFD_California_DELIM-USVMGUTRMWIDFZQIYDFD_NHRC0004_DELIM-USVMGUTRMWIDFZQIYDFD_2005 but kept for subsequent analysis
NOTE: B_DELIM-USVMGUTRMWIDFZQIYDFD_NewYork_DELIM-USVMGUTRMWIDFZQIYDFD_1130_DELIM-USVMGUTRMWIDFZQIYDFD_2007 is identical to B_DELIM-USVMGUTRMWIDFZQIYDFD_NewYork_DELIM-USVMGUTRMWIDFZQIYDFD_1132_DELIM-USVMGUTRMWIDFZQIYDFD_2007 but kept for subsequent analysis
NOTE: B_DELIM-USVMGUTRMWIDFZQIYDFD_Managua_DELIM-USVMGUTRMWIDFZQIYDFD_498202_DELIM-USVMGUTRMWIDFZQIYDFD_2008 is identical to B_DELIM-USVMGUTRMWIDFZQIYDFD_Managua_DELIM-USVMGUTRMWIDFZQIYDFD_265002_DELIM-USVMGUTRMWIDFZQIYDFD_2008 but kept for subsequent analysis
NOTE: B_DELIM-USVMGUTRMWIDFZQIYDFD_Nicaragua_DELIM-USVMGUTRMWIDFZQIYDFD_1186_DELIM-USVMGUTRMWIDFZQIYDFD_2019 is identical to B_DELIM-USVMGUTRMWIDFZQIYDFD_Nicaragua_DELIM-USVMGUTRMWIDFZQIYDFD_1086_DELIM-USVMGUTRMWIDFZQIYDFD_2019 but kept for subsequent analysis
NOTE: B_DELIM-USVMGUTRMWIDFZQIYDFD_Togo_DELIM-USVMGUTRMWIDFZQIYDFD_679_DELIM-USVMGUTRMWIDFZQIYDFD_2016 is identical to B_DELIM-USVMGUTRMWIDFZQIYDFD_Togo_DELIM-USVMGUTRMWIDFZQIYDFD_67_DELIM-USVMGUTRMWIDFZQIYDFD_2017 but kept for subsequent analysis
NOTE: B_DELIM-USVMGUTRMWIDFZQIYDFD_Singapore_DELIM-USVMGUTRMWIDFZQIYDFD_GP0662_DELIM-USVMGUTRMWIDFZQIYDFD_2017 is identical to B_DELIM-USVMGUTRMWIDFZQIYDFD_Kungalv_DELIM-USVMGUTRMWIDFZQIYDFD_10_DELIM-USVMGUTRMWIDFZQIYDFD_2016 but kept for subsequent analysis
NOTE: B_DELIM-USVMGUTRMWIDFZQIYDFD_Chile_DELIM-USVMGUTRMWIDFZQIYDFD_7845_DELIM-USVMGUTRMWIDFZQIYDFD_2019 is identical to B_DELIM-USVMGUTRMWIDFZQIYDFD_Chile_DELIM-USVMGUTRMWIDFZQIYDFD_6409_DELIM-USVMGUTRMWIDFZQIYDFD_2019 but kept for subsequent analysis
NOTE: B_DELIM-USVMGUTRMWIDFZQIYDFD_Stockholm_DELIM-USVMGUTRMWIDFZQIYDFD_4_DELIM-USVMGUTRMWIDFZQIYDFD_2016 is identical to B_DELIM-USVMGUTRMWIDFZQIYDFD_Stockholm_DELIM-USVMGUTRMWIDFZQIYDFD_8_DELIM-USVMGUTRMWIDFZQIYDFD_2015 but kept for subsequent analysis
NOTE: 20 identical sequences (see below) will be ignored for subsequent analysis
NOTE: B_DELIM-USVMGUTRMWIDFZQIYDFD_HongKong_DELIM-USVMGUTRMWIDFZQIYDFD_352_DELIM-USVMGUTRMWIDFZQIYDFD_2017 (identical to B_DELIM-USVMGUTRMWIDFZQIYDFD_Bangladesh_DELIM-USVMGUTRMWIDFZQIYDFD_80000_DELIM-USVMGUTRMWIDFZQIYDFD_2017) is ignored but added at the end
NOTE: B_DELIM-USVMGUTRMWIDFZQIYDFD_Maldives_DELIM-USVMGUTRMWIDFZQIYDFD_1168_DELIM-USVMGUTRMWIDFZQIYDFD_2017 (identical to B_DELIM-USVMGUTRMWIDFZQIYDFD_Bangladesh_DELIM-USVMGUTRMWIDFZQIYDFD_80000_DELIM-USVMGUTRMWIDFZQIYDFD_2017) is ignored but added at the end
NOTE: B_DELIM-USVMGUTRMWIDFZQIYDFD_Bangladesh_DELIM-USVMGUTRMWIDFZQIYDFD_154_DELIM-USVMGUTRMWIDFZQIYDFD_2018 (identical to B_DELIM-USVMGUTRMWIDFZQIYDFD_Bangladesh_DELIM-USVMGUTRMWIDFZQIYDFD_80000_DELIM-USVMGUTRMWIDFZQIYDFD_2017) is ignored but added at the end
NOTE: B_DELIM-USVMGUTRMWIDFZQIYDFD_Bangladesh_DELIM-USVMGUTRMWIDFZQIYDFD_712021_DELIM-USVMGUTRMWIDFZQIYDFD_2017 (identical to B_DELIM-USVMGUTRMWIDFZQIYDFD_Bangladesh_DELIM-USVMGUTRMWIDFZQIYDFD_80000_DELIM-USVMGUTRMWIDFZQIYDFD_2017) is ignored but added at the end
NOTE: B_DELIM-USVMGUTRMWIDFZQIYDFD_Bangladesh_DELIM-USVMGUTRMWIDFZQIYDFD_2008_DELIM-USVMGUTRMWIDFZQIYDFD_2017 (identical to B_DELIM-USVMGUTRMWIDFZQIYDFD_Bangladesh_DELIM-USVMGUTRMWIDFZQIYDFD_80000_DELIM-USVMGUTRMWIDFZQIYDFD_2017) is ignored but added at the end
NOTE: B_DELIM-USVMGUTRMWIDFZQIYDFD_Bangladesh_DELIM-USVMGUTRMWIDFZQIYDFD_1012_DELIM-USVMGUTRMWIDFZQIYDFD_2017 (identical to B_DELIM-USVMGUTRMWIDFZQIYDFD_Bangladesh_DELIM-USVMGUTRMWIDFZQIYDFD_80000_DELIM-USVMGUTRMWIDFZQIYDFD_2017) is ignored but added at the end
NOTE: B_DELIM-USVMGUTRMWIDFZQIYDFD_Bangladesh_DELIM-USVMGUTRMWIDFZQIYDFD_3025_DELIM-USVMGUTRMWIDFZQIYDFD_2018 (identical to B_DELIM-USVMGUTRMWIDFZQIYDFD_Bangladesh_DELIM-USVMGUTRMWIDFZQIYDFD_80000_DELIM-USVMGUTRMWIDFZQIYDFD_2017) is ignored but added at the end
NOTE: B_DELIM-USVMGUTRMWIDFZQIYDFD_Philippines_DELIM-USVMGUTRMWIDFZQIYDFD_103_DELIM-USVMGUTRMWIDFZQIYDFD_2018 (identical to B_DELIM-USVMGUTRMWIDFZQIYDFD_Bangladesh_DELIM-USVMGUTRMWIDFZQIYDFD_80000_DELIM-USVMGUTRMWIDFZQIYDFD_2017) is ignored but added at the end
NOTE: B_DELIM-USVMGUTRMWIDFZQIYDFD_NewYork_DELIM-USVMGUTRMWIDFZQIYDFD_1140_DELIM-USVMGUTRMWIDFZQIYDFD_2008 (identical to B_DELIM-USVMGUTRMWIDFZQIYDFD_NewYork_DELIM-USVMGUTRMWIDFZQIYDFD_1173_DELIM-USVMGUTRMWIDFZQIYDFD_2008) is ignored but added at the end
NOTE: B_DELIM-USVMGUTRMWIDFZQIYDFD_NewYork_DELIM-USVMGUTRMWIDFZQIYDFD_1143_DELIM-USVMGUTRMWIDFZQIYDFD_2008 (identical to B_DELIM-USVMGUTRMWIDFZQIYDFD_NewYork_DELIM-USVMGUTRMWIDFZQIYDFD_1173_DELIM-USVMGUTRMWIDFZQIYDFD_2008) is ignored but added at the end
NOTE: B_DELIM-USVMGUTRMWIDFZQIYDFD_NewYork_DELIM-USVMGUTRMWIDFZQIYDFD_1166_DELIM-USVMGUTRMWIDFZQIYDFD_2008 (identical to B_DELIM-USVMGUTRMWIDFZQIYDFD_NewYork_DELIM-USVMGUTRMWIDFZQIYDFD_1173_DELIM-USVMGUTRMWIDFZQIYDFD_2008) is ignored but added at the end
NOTE: B_DELIM-USVMGUTRMWIDFZQIYDFD_NewYork_DELIM-USVMGUTRMWIDFZQIYDFD_1177_DELIM-USVMGUTRMWIDFZQIYDFD_2008 (identical to B_DELIM-USVMGUTRMWIDFZQIYDFD_NewYork_DELIM-USVMGUTRMWIDFZQIYDFD_1173_DELIM-USVMGUTRMWIDFZQIYDFD_2008) is ignored but added at the end
NOTE: B_DELIM-USVMGUTRMWIDFZQIYDFD_Managua_DELIM-USVMGUTRMWIDFZQIYDFD_46801_DELIM-USVMGUTRMWIDFZQIYDFD_2008 (identical to B_DELIM-USVMGUTRMWIDFZQIYDFD_Managua_DELIM-USVMGUTRMWIDFZQIYDFD_3601_DELIM-USVMGUTRMWIDFZQIYDFD_2008) is ignored but added at the end
NOTE: B_DELIM-USVMGUTRMWIDFZQIYDFD_Cambodia_DELIM-USVMGUTRMWIDFZQIYDFD_1011_DELIM-USVMGUTRMWIDFZQIYDFD_2015 (identical to B_DELIM-USVMGUTRMWIDFZQIYDFD_Florida_DELIM-USVMGUTRMWIDFZQIYDFD_81_DELIM-USVMGUTRMWIDFZQIYDFD_2016) is ignored but added at the end
NOTE: B_DELIM-USVMGUTRMWIDFZQIYDFD_NewJersey_DELIM-USVMGUTRMWIDFZQIYDFD_12_DELIM-USVMGUTRMWIDFZQIYDFD_2019 (identical to B_DELIM-USVMGUTRMWIDFZQIYDFD_California_DELIM-USVMGUTRMWIDFZQIYDFD_77_DELIM-USVMGUTRMWIDFZQIYDFD_2019) is ignored but added at the end
NOTE: B_DELIM-USVMGUTRMWIDFZQIYDFD_NewYork_DELIM-USVMGUTRMWIDFZQIYDFD_1131_DELIM-USVMGUTRMWIDFZQIYDFD_2007 (identical to B_DELIM-USVMGUTRMWIDFZQIYDFD_NewYork_DELIM-USVMGUTRMWIDFZQIYDFD_1132_DELIM-USVMGUTRMWIDFZQIYDFD_2007) is ignored but added at the end
NOTE: B_DELIM-USVMGUTRMWIDFZQIYDFD_Managua_DELIM-USVMGUTRMWIDFZQIYDFD_334201_DELIM-USVMGUTRMWIDFZQIYDFD_2008 (identical to B_DELIM-USVMGUTRMWIDFZQIYDFD_Managua_DELIM-USVMGUTRMWIDFZQIYDFD_265002_DELIM-USVMGUTRMWIDFZQIYDFD_2008) is ignored but added at the end
NOTE: B_DELIM-USVMGUTRMWIDFZQIYDFD_Managua_DELIM-USVMGUTRMWIDFZQIYDFD_447901_DELIM-USVMGUTRMWIDFZQIYDFD_2008 (identical to B_DELIM-USVMGUTRMWIDFZQIYDFD_Managua_DELIM-USVMGUTRMWIDFZQIYDFD_265002_DELIM-USVMGUTRMWIDFZQIYDFD_2008) is ignored but added at the end
NOTE: B_DELIM-USVMGUTRMWIDFZQIYDFD_Managua_DELIM-USVMGUTRMWIDFZQIYDFD_17702_DELIM-USVMGUTRMWIDFZQIYDFD_2008 (identical to B_DELIM-USVMGUTRMWIDFZQIYDFD_Managua_DELIM-USVMGUTRMWIDFZQIYDFD_265002_DELIM-USVMGUTRMWIDFZQIYDFD_2008) is ignored but added at the end
NOTE: B_DELIM-USVMGUTRMWIDFZQIYDFD_Managua_DELIM-USVMGUTRMWIDFZQIYDFD_92101_DELIM-USVMGUTRMWIDFZQIYDFD_2008 (identical to B_DELIM-USVMGUTRMWIDFZQIYDFD_Managua_DELIM-USVMGUTRMWIDFZQIYDFD_265002_DELIM-USVMGUTRMWIDFZQIYDFD_2008) is ignored but added at the end
Alignment was printed to results/aligned_cdc_yam_np_60y_cell_hi-delim.fasta.uniqueseq.phy

For your convenience alignment with unique sequences printed to results/aligned_cdc_yam_np_60y_cell_hi-delim.fasta.uniqueseq.phy

Create initial parsimony tree by phylogenetic likelihood library (PLL)... 0.026 seconds

NOTE: 4 MB RAM (0 GB) is required!
Estimate model parameters (epsilon = 0.500)
1. Initial log-likelihood: -9468.222
2. Current log-likelihood: -8917.323
Optimal log-likelihood: -8917.191
Rate parameters:  A-C: 0.82194  A-G: 7.46587  A-T: 0.41743  C-G: 0.26269  C-T: 11.04782  G-T: 1.00000
Base frequencies:  A: 0.352  C: 0.195  G: 0.231  T: 0.222
Parameters optimization took 2 rounds (0.721 sec)
Computing ML distances based on estimated model parameters...
Computing ML distances took 0.237779 sec (of wall-clock time) 0.237783 sec(of CPU time)
Computing RapidNJ tree took 0.005969 sec (of wall-clock time) 0.009600 sec (of CPU time)
Log-likelihood of RapidNJ tree: -8917.824
--------------------------------------------------------------------
|             INITIALIZING CANDIDATE TREE SET                      |
--------------------------------------------------------------------

Do NNI search on 2 best initial trees
Estimate model parameters (epsilon = 0.500)
BETTER TREE FOUND at iteration 1: -8906.300
Finish initializing candidate tree set (4)
Current best tree score: -8906.300 / CPU time: 0.434
Number of iterations: 2
TREE SEARCH COMPLETED AFTER 2 ITERATIONS / Time: 0h:0m:1s

--------------------------------------------------------------------
|                    FINALIZING TREE SEARCH                        |
--------------------------------------------------------------------
Performs final model parameters optimization
Estimate model parameters (epsilon = 0.050)
1. Initial log-likelihood: -8906.300
Optimal log-likelihood: -8906.300
Rate parameters:  A-C: 0.83060  A-G: 7.56804  A-T: 0.41896  C-G: 0.25746  C-T: 10.98910  G-T: 1.00000
Base frequencies:  A: 0.352  C: 0.195  G: 0.231  T: 0.222
Parameters optimization took 1 rounds (0.045 sec)
BEST SCORE FOUND : -8906.300
Total tree length: 0.467

Total number of iterations: 2
CPU time used for tree search: 0.535 sec (0h:0m:0s)
Wall-clock time used for tree search: 0.436 sec (0h:0m:0s)
Total CPU time used: 1.770 sec (0h:0m:1s)
Total wall-clock time used: 1.596 sec (0h:0m:1s)

Analysis results written to: 
  IQ-TREE report:                results/aligned_cdc_yam_np_60y_cell_hi-delim.fasta.iqtree
  Maximum-likelihood tree:       results/aligned_cdc_yam_np_60y_cell_hi-delim.fasta.treefile
  Likelihood distances:          results/aligned_cdc_yam_np_60y_cell_hi-delim.fasta.mldist
  Screen log file:               results/aligned_cdc_yam_np_60y_cell_hi-delim.fasta.log

Date and Time: Fri Aug 26 21:40:35 2022
