IQ-TREE multicore version 2.1.2 COVID-edition for Linux 64-bit built Oct 22 2020
Developed by Bui Quang Minh, James Barbetti, Nguyen Lam Tung,
Olga Chernomor, Heiko Schmidt, Dominik Schrempf, Michael Woodhams.

Host:    ip-172-31-84-55.ec2.internal (AVX512, FMA3, 7 GB RAM)
Command: iqtree -nt 1 -s results/aligned_cdc_vic_pa_60y_cell_hi-delim.fasta -m GTR -ninit 2 -n 2 -me 0.05
Seed:    557339 (Using SPRNG - Scalable Parallel Random Number Generator)
Time:    Fri Aug 26 19:15:39 2022
Kernel:  AVX+FMA - 1 threads (4 CPU cores detected)

HINT: Use -nt option to specify number of threads because your CPU has 4 cores!
HINT: -nt AUTO will automatically determine the best number of threads to use.

Reading alignment file results/aligned_cdc_vic_pa_60y_cell_hi-delim.fasta ... Fasta format detected
Alignment most likely contains DNA/RNA sequences
Alignment has 398 sequences with 2273 columns, 718 distinct patterns
413 parsimony-informative, 291 singleton sites, 1569 constant sites
                                                                                                                 Gap/Ambiguity  Composition  p-value
   1  B_DELIM-RZHFVQMKXJLCZBAUHSYD_Kenya_DELIM-RZHFVQMKXJLCZBAUHSYD_133_DELIM-RZHFVQMKXJLCZBAUHSYD_2021                  0.18%    passed     99.11%
   2  B_DELIM-RZHFVQMKXJLCZBAUHSYD_Singapore_DELIM-RZHFVQMKXJLCZBAUHSYD_SAR92597_DELIM-RZHFVQMKXJLCZBAUHSYD_2021         4.14%    passed     96.89%
   3  B_DELIM-RZHFVQMKXJLCZBAUHSYD_Hawaii_DELIM-RZHFVQMKXJLCZBAUHSYD_22_DELIM-RZHFVQMKXJLCZBAUHSYD_2018                  0.18%    passed    100.00%
   4  B_DELIM-RZHFVQMKXJLCZBAUHSYD_Niger_DELIM-RZHFVQMKXJLCZBAUHSYD_8336_DELIM-RZHFVQMKXJLCZBAUHSYD_2020                 0.26%    passed     99.97%
   5  B_DELIM-RZHFVQMKXJLCZBAUHSYD_NewYork_DELIM-RZHFVQMKXJLCZBAUHSYD_1100_DELIM-RZHFVQMKXJLCZBAUHSYD_2007               0.18%    passed     97.37%
   6  B_DELIM-RZHFVQMKXJLCZBAUHSYD_ZabaykalskyKrai_DELIM-RZHFVQMKXJLCZBAUHSYD_349V_DELIM-RZHFVQMKXJLCZBAUHSYD_2021       0.18%    passed     99.74%
   7  B_DELIM-RZHFVQMKXJLCZBAUHSYD_Valparaiso_DELIM-RZHFVQMKXJLCZBAUHSYD_55955_DELIM-RZHFVQMKXJLCZBAUHSYD_2018           0.18%    passed     99.98%
   8  B_DELIM-RZHFVQMKXJLCZBAUHSYD_Sweden_DELIM-RZHFVQMKXJLCZBAUHSYD_60_DELIM-RZHFVQMKXJLCZBAUHSYD_2018                  4.05%    passed     97.44%
   9  B_DELIM-RZHFVQMKXJLCZBAUHSYD_HongKong_DELIM-RZHFVQMKXJLCZBAUHSYD_1545_DELIM-RZHFVQMKXJLCZBAUHSYD_2016              0.18%    passed     99.65%
  10  B_DELIM-RZHFVQMKXJLCZBAUHSYD_Congo_DELIM-RZHFVQMKXJLCZBAUHSYD_391_DELIM-RZHFVQMKXJLCZBAUHSYD_2017                  0.18%    passed     99.95%
  11  B_DELIM-RZHFVQMKXJLCZBAUHSYD_Bangladesh_DELIM-RZHFVQMKXJLCZBAUHSYD_8_DELIM-RZHFVQMKXJLCZBAUHSYD_2016               0.18%    passed     99.98%
  12  B_DELIM-RZHFVQMKXJLCZBAUHSYD_Para_DELIM-RZHFVQMKXJLCZBAUHSYD_182637-IEC_DELIM-RZHFVQMKXJLCZBAUHSYD_2022            0.22%    passed     99.38%
  13  B_DELIM-RZHFVQMKXJLCZBAUHSYD_Philippines_DELIM-RZHFVQMKXJLCZBAUHSYD_747_DELIM-RZHFVQMKXJLCZBAUHSYD_2016            0.18%    passed     99.17%
  14  B_DELIM-RZHFVQMKXJLCZBAUHSYD_Rostov_DELIM-RZHFVQMKXJLCZBAUHSYD_340V_DELIM-RZHFVQMKXJLCZBAUHSYD_2021                0.18%    passed     99.93%
  15  B_DELIM-RZHFVQMKXJLCZBAUHSYD_Mali_DELIM-RZHFVQMKXJLCZBAUHSYD_98_DELIM-RZHFVQMKXJLCZBAUHSYD_2018                    0.18%    passed     99.36%
  16  B_DELIM-RZHFVQMKXJLCZBAUHSYD_Colorado_DELIM-RZHFVQMKXJLCZBAUHSYD_6_DELIM-RZHFVQMKXJLCZBAUHSYD_2017                 0.18%    passed     99.98%
  17  B_DELIM-RZHFVQMKXJLCZBAUHSYD_Pernambuco_DELIM-RZHFVQMKXJLCZBAUHSYD_145028-IEC_DELIM-RZHFVQMKXJLCZBAUHSYD_2016      0.18%    passed     99.95%
  18  B_DELIM-RZHFVQMKXJLCZBAUHSYD_Kenya_DELIM-RZHFVQMKXJLCZBAUHSYD_113_DELIM-RZHFVQMKXJLCZBAUHSYD_2020                  0.18%    passed     98.48%
  19  B_DELIM-RZHFVQMKXJLCZBAUHSYD_Maldives_DELIM-RZHFVQMKXJLCZBAUHSYD_945_DELIM-RZHFVQMKXJLCZBAUHSYD_2018               0.22%    passed     99.93%
  20  B_DELIM-RZHFVQMKXJLCZBAUHSYD_Hawaii_DELIM-RZHFVQMKXJLCZBAUHSYD_NHRC0001_DELIM-RZHFVQMKXJLCZBAUHSYD_2003            0.88%    passed     99.60%
  21  B_DELIM-RZHFVQMKXJLCZBAUHSYD_Mississippi_DELIM-RZHFVQMKXJLCZBAUHSYD_UR06-0551_DELIM-RZHFVQMKXJLCZBAUHSYD_2007      0.35%    passed     98.51%
  22  B_DELIM-RZHFVQMKXJLCZBAUHSYD_Nigeria_DELIM-RZHFVQMKXJLCZBAUHSYD_5069_DELIM-RZHFVQMKXJLCZBAUHSYD_2020               0.22%    passed     99.89%
  23  B_DELIM-RZHFVQMKXJLCZBAUHSYD_California_DELIM-RZHFVQMKXJLCZBAUHSYD_NHRC0003_DELIM-RZHFVQMKXJLCZBAUHSYD_2006        0.75%    passed     97.89%
  24  B_DELIM-RZHFVQMKXJLCZBAUHSYD_England_DELIM-RZHFVQMKXJLCZBAUHSYD_269_DELIM-RZHFVQMKXJLCZBAUHSYD_2019                4.05%    passed     98.97%
  25  B_DELIM-RZHFVQMKXJLCZBAUHSYD_Bangladesh_DELIM-RZHFVQMKXJLCZBAUHSYD_9004_DELIM-RZHFVQMKXJLCZBAUHSYD_2018            0.18%    passed     99.80%
  26  B_DELIM-RZHFVQMKXJLCZBAUHSYD_Mississippi_DELIM-RZHFVQMKXJLCZBAUHSYD_UR06-0446_DELIM-RZHFVQMKXJLCZBAUHSYD_2007      0.18%    passed     98.21%
  27  B_DELIM-RZHFVQMKXJLCZBAUHSYD_Pakistan_DELIM-RZHFVQMKXJLCZBAUHSYD_1390_DELIM-RZHFVQMKXJLCZBAUHSYD_2016              0.18%    passed     99.59%
  28  B_DELIM-RZHFVQMKXJLCZBAUHSYD_Argentina_DELIM-RZHFVQMKXJLCZBAUHSYD_100_DELIM-RZHFVQMKXJLCZBAUHSYD_2020              0.18%    passed     99.98%
  29  B_DELIM-RZHFVQMKXJLCZBAUHSYD_England_DELIM-RZHFVQMKXJLCZBAUHSYD_159_DELIM-RZHFVQMKXJLCZBAUHSYD_2017                4.05%    passed     97.08%
  30  B_DELIM-RZHFVQMKXJLCZBAUHSYD_Bahrain_DELIM-RZHFVQMKXJLCZBAUHSYD_7887_DELIM-RZHFVQMKXJLCZBAUHSYD_2021               0.22%    passed     99.78%
  31  B_DELIM-RZHFVQMKXJLCZBAUHSYD_Sweden_DELIM-RZHFVQMKXJLCZBAUHSYD_60_DELIM-RZHFVQMKXJLCZBAUHSYD_2020                  4.05%    passed     97.79%
  32  B_DELIM-RZHFVQMKXJLCZBAUHSYD_Congo_DELIM-RZHFVQMKXJLCZBAUHSYD_95_DELIM-RZHFVQMKXJLCZBAUHSYD_2017                   0.18%    passed     99.55%
  33  B_DELIM-RZHFVQMKXJLCZBAUHSYD_Guam_DELIM-RZHFVQMKXJLCZBAUHSYD_9828_DELIM-RZHFVQMKXJLCZBAUHSYD_2019                  4.05%    passed     99.28%
  34  B_DELIM-RZHFVQMKXJLCZBAUHSYD_Singapore_DELIM-RZHFVQMKXJLCZBAUHSYD_INFTT-16-0633_DELIM-RZHFVQMKXJLCZBAUHSYD_2016    0.18%    passed     99.35%
  35  B_DELIM-RZHFVQMKXJLCZBAUHSYD_Louisiana_DELIM-RZHFVQMKXJLCZBAUHSYD_16_DELIM-RZHFVQMKXJLCZBAUHSYD_2019               0.18%    passed     99.93%
  36  B_DELIM-RZHFVQMKXJLCZBAUHSYD_Afghanistan_DELIM-RZHFVQMKXJLCZBAUHSYD_1040_DELIM-RZHFVQMKXJLCZBAUHSYD_2019           0.18%    passed     99.87%
  37  B_DELIM-RZHFVQMKXJLCZBAUHSYD_Congo_DELIM-RZHFVQMKXJLCZBAUHSYD_262_DELIM-RZHFVQMKXJLCZBAUHSYD_2019                  0.18%    passed     99.65%
  38  B_DELIM-RZHFVQMKXJLCZBAUHSYD_Bolivia_DELIM-RZHFVQMKXJLCZBAUHSYD_663_DELIM-RZHFVQMKXJLCZBAUHSYD_2019                0.22%    passed     99.99%
  39  B_DELIM-RZHFVQMKXJLCZBAUHSYD_Texas_DELIM-RZHFVQMKXJLCZBAUHSYD_UR06-0590_DELIM-RZHFVQMKXJLCZBAUHSYD_2007            0.44%    passed     94.12%
  40  B_DELIM-RZHFVQMKXJLCZBAUHSYD_England_DELIM-RZHFVQMKXJLCZBAUHSYD_473_DELIM-RZHFVQMKXJLCZBAUHSYD_2015                4.05%    passed     98.17%
  41  B_DELIM-RZHFVQMKXJLCZBAUHSYD_Bangladesh_DELIM-RZHFVQMKXJLCZBAUHSYD_4016_DELIM-RZHFVQMKXJLCZBAUHSYD_2019            0.22%    passed     99.57%
  42  B_DELIM-RZHFVQMKXJLCZBAUHSYD_AbuDhabi_DELIM-RZHFVQMKXJLCZBAUHSYD_1732815_DELIM-RZHFVQMKXJLCZBAUHSYD_2022           0.26%    passed     99.81%
  43  B_DELIM-RZHFVQMKXJLCZBAUHSYD_NorthDakota_DELIM-RZHFVQMKXJLCZBAUHSYD_7_DELIM-RZHFVQMKXJLCZBAUHSYD_2019              0.18%    passed     99.95%
  44  B_DELIM-RZHFVQMKXJLCZBAUHSYD_Bangladesh_DELIM-RZHFVQMKXJLCZBAUHSYD_341_DELIM-RZHFVQMKXJLCZBAUHSYD_2019             0.18%    passed     98.80%
  45  B_DELIM-RZHFVQMKXJLCZBAUHSYD_Choibalsan_DELIM-RZHFVQMKXJLCZBAUHSYD_1738_DELIM-RZHFVQMKXJLCZBAUHSYD_2017            0.18%    passed     99.17%
  46  B_DELIM-RZHFVQMKXJLCZBAUHSYD_HongKong_DELIM-RZHFVQMKXJLCZBAUHSYD_1294_DELIM-RZHFVQMKXJLCZBAUHSYD_2018              0.18%    passed     99.81%
  47  B_DELIM-RZHFVQMKXJLCZBAUHSYD_Guyane_DELIM-RZHFVQMKXJLCZBAUHSYD_316_DELIM-RZHFVQMKXJLCZBAUHSYD_2018                 0.18%    passed     99.81%
  48  B_DELIM-RZHFVQMKXJLCZBAUHSYD_NewYork_DELIM-RZHFVQMKXJLCZBAUHSYD_1093_DELIM-RZHFVQMKXJLCZBAUHSYD_2006               0.31%    passed     98.57%
  49  B_DELIM-RZHFVQMKXJLCZBAUHSYD_BayanOlgii_DELIM-RZHFVQMKXJLCZBAUHSYD_1472_DELIM-RZHFVQMKXJLCZBAUHSYD_2017            0.22%    passed     99.81%
  50  B_DELIM-RZHFVQMKXJLCZBAUHSYD_Niger_DELIM-RZHFVQMKXJLCZBAUHSYD_7820_DELIM-RZHFVQMKXJLCZBAUHSYD_2020                 0.18%    passed     99.95%
  51  B_DELIM-RZHFVQMKXJLCZBAUHSYD_Bangladesh_DELIM-RZHFVQMKXJLCZBAUHSYD_702014_DELIM-RZHFVQMKXJLCZBAUHSYD_2017          0.18%    passed     99.90%
  52  B_DELIM-RZHFVQMKXJLCZBAUHSYD_AbuDhabi_DELIM-RZHFVQMKXJLCZBAUHSYD_1862860_DELIM-RZHFVQMKXJLCZBAUHSYD_2022           0.26%    passed     99.25%
  53  B_DELIM-RZHFVQMKXJLCZBAUHSYD_Ethiopia_DELIM-RZHFVQMKXJLCZBAUHSYD_4124_DELIM-RZHFVQMKXJLCZBAUHSYD_2021              0.22%    passed     99.99%
  54  B_DELIM-RZHFVQMKXJLCZBAUHSYD_Bahia_DELIM-RZHFVQMKXJLCZBAUHSYD_128_DELIM-RZHFVQMKXJLCZBAUHSYD_2017                  0.18%    passed     99.83%
  55  B_DELIM-RZHFVQMKXJLCZBAUHSYD_England_DELIM-RZHFVQMKXJLCZBAUHSYD_18_DELIM-RZHFVQMKXJLCZBAUHSYD_2017                 4.09%    passed     95.33%
  56  B_DELIM-RZHFVQMKXJLCZBAUHSYD_Santiago_DELIM-RZHFVQMKXJLCZBAUHSYD_107979_DELIM-RZHFVQMKXJLCZBAUHSYD_2018            0.18%    passed     99.93%
  57  B_DELIM-RZHFVQMKXJLCZBAUHSYD_Bahrain_DELIM-RZHFVQMKXJLCZBAUHSYD_1305_DELIM-RZHFVQMKXJLCZBAUHSYD_2021               0.22%    passed     99.81%
  58  B_DELIM-RZHFVQMKXJLCZBAUHSYD_Bahrain_DELIM-RZHFVQMKXJLCZBAUHSYD_7502_DELIM-RZHFVQMKXJLCZBAUHSYD_2022               0.31%    passed     97.99%
  59  B_DELIM-RZHFVQMKXJLCZBAUHSYD_Bhutan_DELIM-RZHFVQMKXJLCZBAUHSYD_1177_DELIM-RZHFVQMKXJLCZBAUHSYD_2020                0.18%    passed     98.37%
  60  B_DELIM-RZHFVQMKXJLCZBAUHSYD_Florida_DELIM-RZHFVQMKXJLCZBAUHSYD_9_DELIM-RZHFVQMKXJLCZBAUHSYD_2020                  0.18%    passed     99.99%
  61  B_DELIM-RZHFVQMKXJLCZBAUHSYD_DistrictOfColumbia_DELIM-RZHFVQMKXJLCZBAUHSYD_14_DELIM-RZHFVQMKXJLCZBAUHSYD_2018      0.18%    passed     99.72%
  62  B_DELIM-RZHFVQMKXJLCZBAUHSYD_California_DELIM-RZHFVQMKXJLCZBAUHSYD_NHRC0001_DELIM-RZHFVQMKXJLCZBAUHSYD_2006        0.97%    passed     97.13%
  63  B_DELIM-RZHFVQMKXJLCZBAUHSYD_Missouri_DELIM-RZHFVQMKXJLCZBAUHSYD_9_DELIM-RZHFVQMKXJLCZBAUHSYD_2016                 0.18%    passed     99.89%
  64  B_DELIM-RZHFVQMKXJLCZBAUHSYD_PuntaArenas_DELIM-RZHFVQMKXJLCZBAUHSYD_25380_DELIM-RZHFVQMKXJLCZBAUHSYD_2017          0.18%    passed     99.94%
  65  B_DELIM-RZHFVQMKXJLCZBAUHSYD_Singapore_DELIM-RZHFVQMKXJLCZBAUHSYD_KK0039_DELIM-RZHFVQMKXJLCZBAUHSYD_2022           4.09%    passed     97.78%
  66  B_DELIM-RZHFVQMKXJLCZBAUHSYD_Para_DELIM-RZHFVQMKXJLCZBAUHSYD_182332-IEC_DELIM-RZHFVQMKXJLCZBAUHSYD_2022            0.22%    passed     99.53%
  67  B_DELIM-RZHFVQMKXJLCZBAUHSYD_Brazil_DELIM-RZHFVQMKXJLCZBAUHSYD_6297_DELIM-RZHFVQMKXJLCZBAUHSYD_2015                4.05%    passed     95.79%
  68  B_DELIM-RZHFVQMKXJLCZBAUHSYD_Washington_DELIM-RZHFVQMKXJLCZBAUHSYD_64_DELIM-RZHFVQMKXJLCZBAUHSYD_2015              4.05%    passed     96.35%
  69  B_DELIM-RZHFVQMKXJLCZBAUHSYD_Lao_DELIM-RZHFVQMKXJLCZBAUHSYD_2152_DELIM-RZHFVQMKXJLCZBAUHSYD_2017                   0.18%    passed     99.35%
  70  B_DELIM-RZHFVQMKXJLCZBAUHSYD_Suriname_DELIM-RZHFVQMKXJLCZBAUHSYD_281_DELIM-RZHFVQMKXJLCZBAUHSYD_2018               0.13%    passed     99.28%
  71  B_DELIM-RZHFVQMKXJLCZBAUHSYD_Bangladesh_DELIM-RZHFVQMKXJLCZBAUHSYD_311001_DELIM-RZHFVQMKXJLCZBAUHSYD_2016          1.58%    passed     99.83%
  72  B_DELIM-RZHFVQMKXJLCZBAUHSYD_Bangladesh_DELIM-RZHFVQMKXJLCZBAUHSYD_1393_DELIM-RZHFVQMKXJLCZBAUHSYD_2021            0.26%    passed     99.55%
  73  B_DELIM-RZHFVQMKXJLCZBAUHSYD_Kenya_DELIM-RZHFVQMKXJLCZBAUHSYD_113_DELIM-RZHFVQMKXJLCZBAUHSYD_2016                  0.35%    passed     99.97%
  74  B_DELIM-RZHFVQMKXJLCZBAUHSYD_NewCaledonia_DELIM-RZHFVQMKXJLCZBAUHSYD_76_DELIM-RZHFVQMKXJLCZBAUHSYD_2015            0.18%    passed     99.95%
  75  B_DELIM-RZHFVQMKXJLCZBAUHSYD_Bangladesh_DELIM-RZHFVQMKXJLCZBAUHSYD_1_DELIM-RZHFVQMKXJLCZBAUHSYD_2016               0.18%    passed     99.95%
  76  B_DELIM-RZHFVQMKXJLCZBAUHSYD_Uruguay_DELIM-RZHFVQMKXJLCZBAUHSYD_98_DELIM-RZHFVQMKXJLCZBAUHSYD_2015                 4.05%    passed     95.58%
  77  B_DELIM-RZHFVQMKXJLCZBAUHSYD_Kenya_DELIM-RZHFVQMKXJLCZBAUHSYD_112_DELIM-RZHFVQMKXJLCZBAUHSYD_2016                  0.18%    passed     99.83%
  78  B_DELIM-RZHFVQMKXJLCZBAUHSYD_Singapore_DELIM-RZHFVQMKXJLCZBAUHSYD_WUH4618_DELIM-RZHFVQMKXJLCZBAUHSYD_2021          4.05%    passed     95.96%
  79  B_DELIM-RZHFVQMKXJLCZBAUHSYD_Mali_DELIM-RZHFVQMKXJLCZBAUHSYD_76_DELIM-RZHFVQMKXJLCZBAUHSYD_2018                    0.22%    passed     99.87%
  80  B_DELIM-RZHFVQMKXJLCZBAUHSYD_Iowa_DELIM-RZHFVQMKXJLCZBAUHSYD_6_DELIM-RZHFVQMKXJLCZBAUHSYD_2017                     0.18%    passed     99.98%
  81  B_DELIM-RZHFVQMKXJLCZBAUHSYD_Madagascar_DELIM-RZHFVQMKXJLCZBAUHSYD_581_DELIM-RZHFVQMKXJLCZBAUHSYD_2022             0.18%    passed     99.98%
  82  B_DELIM-RZHFVQMKXJLCZBAUHSYD_Haiti_DELIM-RZHFVQMKXJLCZBAUHSYD_70747_DELIM-RZHFVQMKXJLCZBAUHSYD_2021                0.18%    passed     98.80%
  83  B_DELIM-RZHFVQMKXJLCZBAUHSYD_Chile_DELIM-RZHFVQMKXJLCZBAUHSYD_8427_DELIM-RZHFVQMKXJLCZBAUHSYD_2019                 0.18%    passed     99.19%
  84  B_DELIM-RZHFVQMKXJLCZBAUHSYD_Congo_DELIM-RZHFVQMKXJLCZBAUHSYD_9749_DELIM-RZHFVQMKXJLCZBAUHSYD_2019                 0.22%    passed     99.83%
  85  B_DELIM-RZHFVQMKXJLCZBAUHSYD_Lao_DELIM-RZHFVQMKXJLCZBAUHSYD_3476_DELIM-RZHFVQMKXJLCZBAUHSYD_2019                   0.18%    passed     99.36%
  86  B_DELIM-RZHFVQMKXJLCZBAUHSYD_Bangladesh_DELIM-RZHFVQMKXJLCZBAUHSYD_19_DELIM-RZHFVQMKXJLCZBAUHSYD_2021              0.26%    passed     99.34%
  87  B_DELIM-RZHFVQMKXJLCZBAUHSYD_Maryland_DELIM-RZHFVQMKXJLCZBAUHSYD_24_DELIM-RZHFVQMKXJLCZBAUHSYD_2019                0.18%    passed     99.91%
  88  B_DELIM-RZHFVQMKXJLCZBAUHSYD_Lao_DELIM-RZHFVQMKXJLCZBAUHSYD_2392_DELIM-RZHFVQMKXJLCZBAUHSYD_2016                   0.18%    passed     99.73%
  89  B_DELIM-RZHFVQMKXJLCZBAUHSYD_HongKong_DELIM-RZHFVQMKXJLCZBAUHSYD_7_DELIM-RZHFVQMKXJLCZBAUHSYD_2017                 0.18%    passed     99.00%
  90  B_DELIM-RZHFVQMKXJLCZBAUHSYD_Singapore_DELIM-RZHFVQMKXJLCZBAUHSYD_SAR3797_DELIM-RZHFVQMKXJLCZBAUHSYD_2022          4.05%    passed     95.96%
  91  B_DELIM-RZHFVQMKXJLCZBAUHSYD_Virginia_DELIM-RZHFVQMKXJLCZBAUHSYD_8_DELIM-RZHFVQMKXJLCZBAUHSYD_2019                 0.18%    passed     99.91%
  92  B_DELIM-RZHFVQMKXJLCZBAUHSYD_England_DELIM-RZHFVQMKXJLCZBAUHSYD_71_DELIM-RZHFVQMKXJLCZBAUHSYD_2017                 4.05%    passed     94.55%
  93  B_DELIM-RZHFVQMKXJLCZBAUHSYD_StPetersburg_DELIM-RZHFVQMKXJLCZBAUHSYD_RII-17745S_DELIM-RZHFVQMKXJLCZBAUHSYD_2022    0.18%    passed     99.31%
  94  B_DELIM-RZHFVQMKXJLCZBAUHSYD_Nagasaki_DELIM-RZHFVQMKXJLCZBAUHSYD_635_DELIM-RZHFVQMKXJLCZBAUHSYD_2018               4.14%    passed     88.93%
  95  B_DELIM-RZHFVQMKXJLCZBAUHSYD_Pernambuco_DELIM-RZHFVQMKXJLCZBAUHSYD_145850-IEC_DELIM-RZHFVQMKXJLCZBAUHSYD_2017      0.18%    passed     99.95%
  96  B_DELIM-RZHFVQMKXJLCZBAUHSYD_Kenya_DELIM-RZHFVQMKXJLCZBAUHSYD_134_DELIM-RZHFVQMKXJLCZBAUHSYD_2021                  0.22%    passed     99.69%
  97  B_DELIM-RZHFVQMKXJLCZBAUHSYD_Guyane_DELIM-RZHFVQMKXJLCZBAUHSYD_542_DELIM-RZHFVQMKXJLCZBAUHSYD_2018                 0.18%    passed     99.61%
  98  B_DELIM-RZHFVQMKXJLCZBAUHSYD_Santiago_DELIM-RZHFVQMKXJLCZBAUHSYD_28120_DELIM-RZHFVQMKXJLCZBAUHSYD_2016             0.18%    passed     99.81%
  99  B_DELIM-RZHFVQMKXJLCZBAUHSYD_Michigan_DELIM-RZHFVQMKXJLCZBAUHSYD_1_DELIM-RZHFVQMKXJLCZBAUHSYD_2021                 0.22%    passed     99.61%
 100  B_DELIM-RZHFVQMKXJLCZBAUHSYD_Bahrain_DELIM-RZHFVQMKXJLCZBAUHSYD_784_DELIM-RZHFVQMKXJLCZBAUHSYD_2019                0.18%    passed     98.71%
 101  B_DELIM-RZHFVQMKXJLCZBAUHSYD_HongKong_DELIM-RZHFVQMKXJLCZBAUHSYD_1410_DELIM-RZHFVQMKXJLCZBAUHSYD_2018              0.22%    passed     99.99%
 102  B_DELIM-RZHFVQMKXJLCZBAUHSYD_Brazil_DELIM-RZHFVQMKXJLCZBAUHSYD_36_DELIM-RZHFVQMKXJLCZBAUHSYD_2016                  0.18%    passed     99.34%
 103  B_DELIM-RZHFVQMKXJLCZBAUHSYD_Netherlands_DELIM-RZHFVQMKXJLCZBAUHSYD_11692_DELIM-RZHFVQMKXJLCZBAUHSYD_2022          4.05%    passed     96.00%
 104  B_DELIM-RZHFVQMKXJLCZBAUHSYD_Lund_DELIM-RZHFVQMKXJLCZBAUHSYD_3_DELIM-RZHFVQMKXJLCZBAUHSYD_2016                     4.05%    passed     97.76%
 105  B_DELIM-RZHFVQMKXJLCZBAUHSYD_SouthAfrica_DELIM-RZHFVQMKXJLCZBAUHSYD_VW0613_DELIM-RZHFVQMKXJLCZBAUHSYD_2018         0.18%    passed     99.96%
 106  B_DELIM-RZHFVQMKXJLCZBAUHSYD_Japan_DELIM-RZHFVQMKXJLCZBAUHSYD_10597_DELIM-RZHFVQMKXJLCZBAUHSYD_2019                4.05%    passed     95.97%
 107  B_DELIM-RZHFVQMKXJLCZBAUHSYD_Singapore_DELIM-RZHFVQMKXJLCZBAUHSYD_TT0833_DELIM-RZHFVQMKXJLCZBAUHSYD_2019           4.09%    passed     98.65%
 108  B_DELIM-RZHFVQMKXJLCZBAUHSYD_Kenya_DELIM-RZHFVQMKXJLCZBAUHSYD_118_DELIM-RZHFVQMKXJLCZBAUHSYD_2020                  0.18%    passed     98.48%
 109  B_DELIM-RZHFVQMKXJLCZBAUHSYD_NewYork_DELIM-RZHFVQMKXJLCZBAUHSYD_1088_DELIM-RZHFVQMKXJLCZBAUHSYD_2006               0.31%    passed     98.22%
 110  B_DELIM-RZHFVQMKXJLCZBAUHSYD_Mali_DELIM-RZHFVQMKXJLCZBAUHSYD_85_DELIM-RZHFVQMKXJLCZBAUHSYD_2017                    0.18%    passed     99.73%
 111  B_DELIM-RZHFVQMKXJLCZBAUHSYD_England_DELIM-RZHFVQMKXJLCZBAUHSYD_194_DELIM-RZHFVQMKXJLCZBAUHSYD_2015                4.05%    passed     98.66%
 112  B_DELIM-RZHFVQMKXJLCZBAUHSYD_Chanthaburi_DELIM-RZHFVQMKXJLCZBAUHSYD_598_DELIM-RZHFVQMKXJLCZBAUHSYD_2015            0.18%    passed     99.83%
 113  B_DELIM-RZHFVQMKXJLCZBAUHSYD_Kenya_DELIM-RZHFVQMKXJLCZBAUHSYD_129_DELIM-RZHFVQMKXJLCZBAUHSYD_2021                  0.18%    passed     98.10%
 114  B_DELIM-RZHFVQMKXJLCZBAUHSYD_Lao_DELIM-RZHFVQMKXJLCZBAUHSYD_324_DELIM-RZHFVQMKXJLCZBAUHSYD_2017                    0.18%    passed     99.81%
 115  B_DELIM-RZHFVQMKXJLCZBAUHSYD_Singapore_DELIM-RZHFVQMKXJLCZBAUHSYD_INFTT-16-0024_DELIM-RZHFVQMKXJLCZBAUHSYD_2016    0.18%    passed     99.93%
 116  B_DELIM-RZHFVQMKXJLCZBAUHSYD_Bahrain_DELIM-RZHFVQMKXJLCZBAUHSYD_9938_DELIM-RZHFVQMKXJLCZBAUHSYD_2021               0.22%    passed     98.82%
 117  B_DELIM-RZHFVQMKXJLCZBAUHSYD_Sergipe_DELIM-RZHFVQMKXJLCZBAUHSYD_13453_DELIM-RZHFVQMKXJLCZBAUHSYD_2020              0.18%    passed     99.99%
 118  B_DELIM-RZHFVQMKXJLCZBAUHSYD_England_DELIM-RZHFVQMKXJLCZBAUHSYD_220840496_DELIM-RZHFVQMKXJLCZBAUHSYD_2022          4.05%    passed     96.02%
 119  B_DELIM-RZHFVQMKXJLCZBAUHSYD_Tasmania_DELIM-RZHFVQMKXJLCZBAUHSYD_5_DELIM-RZHFVQMKXJLCZBAUHSYD_2015                 0.31%    passed     99.77%
 120  B_DELIM-RZHFVQMKXJLCZBAUHSYD_California_DELIM-RZHFVQMKXJLCZBAUHSYD_NHRC0005_DELIM-RZHFVQMKXJLCZBAUHSYD_2003        0.88%    passed     99.52%
 121  B_DELIM-RZHFVQMKXJLCZBAUHSYD_Missouri_DELIM-RZHFVQMKXJLCZBAUHSYD_NHRC0001_DELIM-RZHFVQMKXJLCZBAUHSYD_2003          0.88%    passed     99.78%
 122  B_DELIM-RZHFVQMKXJLCZBAUHSYD_BurkinaFaso_DELIM-RZHFVQMKXJLCZBAUHSYD_148_DELIM-RZHFVQMKXJLCZBAUHSYD_2017            0.18%    passed     99.89%
 123  B_DELIM-RZHFVQMKXJLCZBAUHSYD_Boston_DELIM-RZHFVQMKXJLCZBAUHSYD_YGB_01049_DELIM-RZHFVQMKXJLCZBAUHSYD_2013           4.05%    passed     97.43%
 124  B_DELIM-RZHFVQMKXJLCZBAUHSYD_Alaska_DELIM-RZHFVQMKXJLCZBAUHSYD_22_DELIM-RZHFVQMKXJLCZBAUHSYD_2017                  0.18%    passed     98.85%
 125  B_DELIM-RZHFVQMKXJLCZBAUHSYD_Connecticut_DELIM-RZHFVQMKXJLCZBAUHSYD_5_DELIM-RZHFVQMKXJLCZBAUHSYD_2019              0.18%    passed     99.55%
 126  B_DELIM-RZHFVQMKXJLCZBAUHSYD_Argentina_DELIM-RZHFVQMKXJLCZBAUHSYD_11461_DELIM-RZHFVQMKXJLCZBAUHSYD_2015            4.05%    passed     96.84%
 127  B_DELIM-RZHFVQMKXJLCZBAUHSYD_Bangladesh_DELIM-RZHFVQMKXJLCZBAUHSYD_8007_DELIM-RZHFVQMKXJLCZBAUHSYD_2017            0.18%    passed     99.95%
 128  B_DELIM-RZHFVQMKXJLCZBAUHSYD_Kanagawa_DELIM-RZHFVQMKXJLCZBAUHSYD_IC37_DELIM-RZHFVQMKXJLCZBAUHSYD_2016              4.05%    passed     98.89%
 129  B_DELIM-RZHFVQMKXJLCZBAUHSYD_Brazil_DELIM-RZHFVQMKXJLCZBAUHSYD_6558_DELIM-RZHFVQMKXJLCZBAUHSYD_2016                0.18%    passed     99.78%
 130  B_DELIM-RZHFVQMKXJLCZBAUHSYD_NewCaledonia_DELIM-RZHFVQMKXJLCZBAUHSYD_27_DELIM-RZHFVQMKXJLCZBAUHSYD_2015            0.18%    passed     98.82%
 131  B_DELIM-RZHFVQMKXJLCZBAUHSYD_Para_DELIM-RZHFVQMKXJLCZBAUHSYD_181912-IEC_DELIM-RZHFVQMKXJLCZBAUHSYD_2022            0.79%    passed     99.83%
 132  B_DELIM-RZHFVQMKXJLCZBAUHSYD_England_DELIM-RZHFVQMKXJLCZBAUHSYD_214800290_DELIM-RZHFVQMKXJLCZBAUHSYD_2021          4.05%    passed     96.00%
 133  B_DELIM-RZHFVQMKXJLCZBAUHSYD_Netherlands_DELIM-RZHFVQMKXJLCZBAUHSYD_1140_DELIM-RZHFVQMKXJLCZBAUHSYD_2022           0.26%    passed     99.55%
 134  B_DELIM-RZHFVQMKXJLCZBAUHSYD_California_DELIM-RZHFVQMKXJLCZBAUHSYD_NHRC0004_DELIM-RZHFVQMKXJLCZBAUHSYD_2003        0.88%    passed     99.77%
 135  B_DELIM-RZHFVQMKXJLCZBAUHSYD_SouthAfrica_DELIM-RZHFVQMKXJLCZBAUHSYD_10097_DELIM-RZHFVQMKXJLCZBAUHSYD_2021          0.22%    passed     99.90%
 136  B_DELIM-RZHFVQMKXJLCZBAUHSYD_Arkansas_DELIM-RZHFVQMKXJLCZBAUHSYD_6_DELIM-RZHFVQMKXJLCZBAUHSYD_2016                 0.18%    passed     99.93%
 137  B_DELIM-RZHFVQMKXJLCZBAUHSYD_SuratThani_DELIM-RZHFVQMKXJLCZBAUHSYD_1839_DELIM-RZHFVQMKXJLCZBAUHSYD_2016            0.18%    passed     99.70%
 138  B_DELIM-RZHFVQMKXJLCZBAUHSYD_Florida_DELIM-RZHFVQMKXJLCZBAUHSYD_78_DELIM-RZHFVQMKXJLCZBAUHSYD_2015                 0.18%    passed     99.71%
 139  B_DELIM-RZHFVQMKXJLCZBAUHSYD_Hawaii_DELIM-RZHFVQMKXJLCZBAUHSYD_18_DELIM-RZHFVQMKXJLCZBAUHSYD_2020                  0.18%    passed     99.98%
 140  B_DELIM-RZHFVQMKXJLCZBAUHSYD_HongKong_DELIM-RZHFVQMKXJLCZBAUHSYD_286_DELIM-RZHFVQMKXJLCZBAUHSYD_2017               0.18%    passed     99.93%
 141  B_DELIM-RZHFVQMKXJLCZBAUHSYD_FrenchGuiana_DELIM-RZHFVQMKXJLCZBAUHSYD_8123_DELIM-RZHFVQMKXJLCZBAUHSYD_2015          4.05%    passed     94.97%
 142  B_DELIM-RZHFVQMKXJLCZBAUHSYD_HongKong_DELIM-RZHFVQMKXJLCZBAUHSYD_348_DELIM-RZHFVQMKXJLCZBAUHSYD_2017               0.18%    passed     99.69%
 143  B_DELIM-RZHFVQMKXJLCZBAUHSYD_Florida_DELIM-RZHFVQMKXJLCZBAUHSYD_1_DELIM-RZHFVQMKXJLCZBAUHSYD_2021                  0.18%    passed     99.24%
 144  B_DELIM-RZHFVQMKXJLCZBAUHSYD_Darwin_DELIM-RZHFVQMKXJLCZBAUHSYD_97_DELIM-RZHFVQMKXJLCZBAUHSYD_2015                  0.18%    passed     99.83%
 145  B_DELIM-RZHFVQMKXJLCZBAUHSYD_NewYork_DELIM-RZHFVQMKXJLCZBAUHSYD_1113_DELIM-RZHFVQMKXJLCZBAUHSYD_2007               0.18%    passed     98.88%
 146  B_DELIM-RZHFVQMKXJLCZBAUHSYD_Stockholm_DELIM-RZHFVQMKXJLCZBAUHSYD_6_DELIM-RZHFVQMKXJLCZBAUHSYD_2014                4.05%    passed     95.95%
 147  B_DELIM-RZHFVQMKXJLCZBAUHSYD_Abudhabi_DELIM-RZHFVQMKXJLCZBAUHSYD_57_DELIM-RZHFVQMKXJLCZBAUHSYD_2019                0.18%    passed     99.59%
 148  B_DELIM-RZHFVQMKXJLCZBAUHSYD_Para_DELIM-RZHFVQMKXJLCZBAUHSYD_183191-IEC_DELIM-RZHFVQMKXJLCZBAUHSYD_2022            0.22%    passed     99.38%
 149  B_DELIM-RZHFVQMKXJLCZBAUHSYD_Bangladesh_DELIM-RZHFVQMKXJLCZBAUHSYD_513002_DELIM-RZHFVQMKXJLCZBAUHSYD_2021          0.26%    passed     99.86%
 150  B_DELIM-RZHFVQMKXJLCZBAUHSYD_Singapore_DELIM-RZHFVQMKXJLCZBAUHSYD_KK0243_DELIM-RZHFVQMKXJLCZBAUHSYD_2017           4.05%    passed     97.52%
 151  B_DELIM-RZHFVQMKXJLCZBAUHSYD_Kazakhstan_DELIM-RZHFVQMKXJLCZBAUHSYD_346_DELIM-RZHFVQMKXJLCZBAUHSYD_2018             0.18%    passed     99.98%
 152  B_DELIM-RZHFVQMKXJLCZBAUHSYD_Singapore_DELIM-RZHFVQMKXJLCZBAUHSYD_SAR62400_DELIM-RZHFVQMKXJLCZBAUHSYD_2021         4.05%    passed     97.31%
 153  B_DELIM-RZHFVQMKXJLCZBAUHSYD_Oman_DELIM-RZHFVQMKXJLCZBAUHSYD_2250_DELIM-RZHFVQMKXJLCZBAUHSYD_2019                  0.18%    passed     99.55%
 154  B_DELIM-RZHFVQMKXJLCZBAUHSYD_Bangladesh_DELIM-RZHFVQMKXJLCZBAUHSYD_8005_DELIM-RZHFVQMKXJLCZBAUHSYD_2017            0.18%    passed     99.95%
 155  B_DELIM-RZHFVQMKXJLCZBAUHSYD_Lebanon_DELIM-RZHFVQMKXJLCZBAUHSYD_454_DELIM-RZHFVQMKXJLCZBAUHSYD_2019                0.22%    passed     99.62%
 156  B_DELIM-RZHFVQMKXJLCZBAUHSYD_Suriname_DELIM-RZHFVQMKXJLCZBAUHSYD_1610_DELIM-RZHFVQMKXJLCZBAUHSYD_2016              0.18%    passed     99.86%
 157  B_DELIM-RZHFVQMKXJLCZBAUHSYD_Lao_DELIM-RZHFVQMKXJLCZBAUHSYD_935_DELIM-RZHFVQMKXJLCZBAUHSYD_2020                    0.18%    passed     99.76%
 158  B_DELIM-RZHFVQMKXJLCZBAUHSYD_AbuDhabi_DELIM-RZHFVQMKXJLCZBAUHSYD_2210731356_DELIM-RZHFVQMKXJLCZBAUHSYD_2021        0.22%    passed     99.07%
 159  B_DELIM-RZHFVQMKXJLCZBAUHSYD_Mali_DELIM-RZHFVQMKXJLCZBAUHSYD_8031_DELIM-RZHFVQMKXJLCZBAUHSYD_2018                  0.18%    passed     99.94%
 160  B_DELIM-RZHFVQMKXJLCZBAUHSYD_Mali_DELIM-RZHFVQMKXJLCZBAUHSYD_75_DELIM-RZHFVQMKXJLCZBAUHSYD_2016                    0.18%    passed     99.98%
 161  B_DELIM-RZHFVQMKXJLCZBAUHSYD_Kazakhstan_DELIM-RZHFVQMKXJLCZBAUHSYD_99_DELIM-RZHFVQMKXJLCZBAUHSYD_2018              0.18%    passed     99.94%
 162  B_DELIM-RZHFVQMKXJLCZBAUHSYD_Mali_DELIM-RZHFVQMKXJLCZBAUHSYD_47_DELIM-RZHFVQMKXJLCZBAUHSYD_2018                    0.18%    passed     99.98%
 163  B_DELIM-RZHFVQMKXJLCZBAUHSYD_Tennessee_DELIM-RZHFVQMKXJLCZBAUHSYD_UR06-0310_DELIM-RZHFVQMKXJLCZBAUHSYD_2007        0.18%    passed     97.70%
 164  B_DELIM-RZHFVQMKXJLCZBAUHSYD_Antananarivo_DELIM-RZHFVQMKXJLCZBAUHSYD_3664_DELIM-RZHFVQMKXJLCZBAUHSYD_2016          0.18%    passed     99.83%
 165  B_DELIM-RZHFVQMKXJLCZBAUHSYD_Eskilstuna_DELIM-RZHFVQMKXJLCZBAUHSYD_2_DELIM-RZHFVQMKXJLCZBAUHSYD_2019               4.05%    passed     98.29%
 166  B_DELIM-RZHFVQMKXJLCZBAUHSYD_Macedonia_DELIM-RZHFVQMKXJLCZBAUHSYD_494_DELIM-RZHFVQMKXJLCZBAUHSYD_2018              0.18%    passed     99.98%
 167  B_DELIM-RZHFVQMKXJLCZBAUHSYD_NewYork_DELIM-RZHFVQMKXJLCZBAUHSYD_8_DELIM-RZHFVQMKXJLCZBAUHSYD_2019                  0.18%    passed     99.58%
 168  B_DELIM-RZHFVQMKXJLCZBAUHSYD_Florida_DELIM-RZHFVQMKXJLCZBAUHSYD_42_DELIM-RZHFVQMKXJLCZBAUHSYD_2018                 0.18%    passed     99.99%
 169  B_DELIM-RZHFVQMKXJLCZBAUHSYD_Singapore_DELIM-RZHFVQMKXJLCZBAUHSYD_GP0756_DELIM-RZHFVQMKXJLCZBAUHSYD_2017           4.05%    passed     98.29%
 170  B_DELIM-RZHFVQMKXJLCZBAUHSYD_Brazil_DELIM-RZHFVQMKXJLCZBAUHSYD_582_DELIM-RZHFVQMKXJLCZBAUHSYD_2015                 0.18%    passed     99.89%
 171  B_DELIM-RZHFVQMKXJLCZBAUHSYD_Kazakhstan_DELIM-RZHFVQMKXJLCZBAUHSYD_128_DELIM-RZHFVQMKXJLCZBAUHSYD_2017             0.18%    passed     99.11%
 172  B_DELIM-RZHFVQMKXJLCZBAUHSYD_Kenya_DELIM-RZHFVQMKXJLCZBAUHSYD_120_DELIM-RZHFVQMKXJLCZBAUHSYD_2020                  0.18%    passed     98.48%
 173  B_DELIM-RZHFVQMKXJLCZBAUHSYD_Georgia_DELIM-RZHFVQMKXJLCZBAUHSYD_NHRC0001_DELIM-RZHFVQMKXJLCZBAUHSYD_2006           0.88%    passed     98.84%
 174  B_DELIM-RZHFVQMKXJLCZBAUHSYD_Washington_DELIM-RZHFVQMKXJLCZBAUHSYD_63_DELIM-RZHFVQMKXJLCZBAUHSYD_2015              4.05%    passed     94.19%
 175  B_DELIM-RZHFVQMKXJLCZBAUHSYD_Oman_DELIM-RZHFVQMKXJLCZBAUHSYD_4957_DELIM-RZHFVQMKXJLCZBAUHSYD_2016                  0.18%    passed     99.95%
 176  B_DELIM-RZHFVQMKXJLCZBAUHSYD_Niger_DELIM-RZHFVQMKXJLCZBAUHSYD_7625_DELIM-RZHFVQMKXJLCZBAUHSYD_2020                 0.18%    passed     99.99%
 177  B_DELIM-RZHFVQMKXJLCZBAUHSYD_NewYork_DELIM-RZHFVQMKXJLCZBAUHSYD_1090_DELIM-RZHFVQMKXJLCZBAUHSYD_2006               0.40%    passed     99.35%
 178  B_DELIM-RZHFVQMKXJLCZBAUHSYD_NewYork_DELIM-RZHFVQMKXJLCZBAUHSYD_1115_DELIM-RZHFVQMKXJLCZBAUHSYD_2007               0.18%    passed     98.21%
 179  B_DELIM-RZHFVQMKXJLCZBAUHSYD_Coyhaique_DELIM-RZHFVQMKXJLCZBAUHSYD_81401_DELIM-RZHFVQMKXJLCZBAUHSYD_2015            0.18%    passed     99.84%
 180  B_DELIM-RZHFVQMKXJLCZBAUHSYD_England_DELIM-RZHFVQMKXJLCZBAUHSYD_220240687_DELIM-RZHFVQMKXJLCZBAUHSYD_2022          4.05%    passed     96.10%
 181  B_DELIM-RZHFVQMKXJLCZBAUHSYD_NewYork_DELIM-RZHFVQMKXJLCZBAUHSYD_1092_DELIM-RZHFVQMKXJLCZBAUHSYD_2006               0.31%    passed     98.81%
 182  B_DELIM-RZHFVQMKXJLCZBAUHSYD_Oman_DELIM-RZHFVQMKXJLCZBAUHSYD_1961_DELIM-RZHFVQMKXJLCZBAUHSYD_2018                  0.18%    passed     99.83%
 183  B_DELIM-RZHFVQMKXJLCZBAUHSYD_Bangladesh_DELIM-RZHFVQMKXJLCZBAUHSYD_3007_DELIM-RZHFVQMKXJLCZBAUHSYD_2021            0.22%    passed     99.07%
 184  B_DELIM-RZHFVQMKXJLCZBAUHSYD_England_DELIM-RZHFVQMKXJLCZBAUHSYD_27_DELIM-RZHFVQMKXJLCZBAUHSYD_2018                 4.05%    passed     93.91%
 185  B_DELIM-RZHFVQMKXJLCZBAUHSYD_Kenya_DELIM-RZHFVQMKXJLCZBAUHSYD_183_DELIM-RZHFVQMKXJLCZBAUHSYD_2021                  0.18%    passed     99.06%
 186  B_DELIM-RZHFVQMKXJLCZBAUHSYD_California_DELIM-RZHFVQMKXJLCZBAUHSYD_NHRC0005_DELIM-RZHFVQMKXJLCZBAUHSYD_2006        0.75%    passed     97.89%
 187  B_DELIM-RZHFVQMKXJLCZBAUHSYD_Pennsylvania_DELIM-RZHFVQMKXJLCZBAUHSYD_8_DELIM-RZHFVQMKXJLCZBAUHSYD_2020             0.18%    passed     99.99%
 188  B_DELIM-RZHFVQMKXJLCZBAUHSYD_Lao_DELIM-RZHFVQMKXJLCZBAUHSYD_3157_DELIM-RZHFVQMKXJLCZBAUHSYD_2016                   0.18%    passed     99.95%
 189  B_DELIM-RZHFVQMKXJLCZBAUHSYD_NewYork_DELIM-RZHFVQMKXJLCZBAUHSYD_1106_DELIM-RZHFVQMKXJLCZBAUHSYD_2007               0.18%    passed     98.21%
 190  B_DELIM-RZHFVQMKXJLCZBAUHSYD_Maryland_DELIM-RZHFVQMKXJLCZBAUHSYD_29_DELIM-RZHFVQMKXJLCZBAUHSYD_2018                0.18%    passed     99.95%
 191  B_DELIM-RZHFVQMKXJLCZBAUHSYD_HongKong_DELIM-RZHFVQMKXJLCZBAUHSYD_1835_DELIM-RZHFVQMKXJLCZBAUHSYD_2015              4.05%    passed     97.52%
 192  B_DELIM-RZHFVQMKXJLCZBAUHSYD_Sweden_DELIM-RZHFVQMKXJLCZBAUHSYD_5_DELIM-RZHFVQMKXJLCZBAUHSYD_2017                   4.05%    passed     98.89%
 193  B_DELIM-RZHFVQMKXJLCZBAUHSYD_Wisconsin_DELIM-RZHFVQMKXJLCZBAUHSYD_84_DELIM-RZHFVQMKXJLCZBAUHSYD_2015               4.05%    passed     93.92%
 194  B_DELIM-RZHFVQMKXJLCZBAUHSYD_NewYork_DELIM-RZHFVQMKXJLCZBAUHSYD_1089_DELIM-RZHFVQMKXJLCZBAUHSYD_2006               0.31%    passed     97.75%
 195  B_DELIM-RZHFVQMKXJLCZBAUHSYD_Bangladesh_DELIM-RZHFVQMKXJLCZBAUHSYD_3015_DELIM-RZHFVQMKXJLCZBAUHSYD_2021            0.22%    passed     99.07%
 196  B_DELIM-RZHFVQMKXJLCZBAUHSYD_Norway_DELIM-RZHFVQMKXJLCZBAUHSYD_24_DELIM-RZHFVQMKXJLCZBAUHSYD_2011                  0.75%    passed     99.82%
 197  B_DELIM-RZHFVQMKXJLCZBAUHSYD_Guatemala_DELIM-RZHFVQMKXJLCZBAUHSYD_52_DELIM-RZHFVQMKXJLCZBAUHSYD_2022               0.18%    passed     99.84%
 198  B_DELIM-RZHFVQMKXJLCZBAUHSYD_Madagascar_DELIM-RZHFVQMKXJLCZBAUHSYD_1087_DELIM-RZHFVQMKXJLCZBAUHSYD_2021            0.22%    passed     99.93%
 199  B_DELIM-RZHFVQMKXJLCZBAUHSYD_SouthKorea_DELIM-RZHFVQMKXJLCZBAUHSYD_9964_DELIM-RZHFVQMKXJLCZBAUHSYD_2019            4.05%    passed     97.72%
 200  B_DELIM-RZHFVQMKXJLCZBAUHSYD_Boston_DELIM-RZHFVQMKXJLCZBAUHSYD_YGB_01021_DELIM-RZHFVQMKXJLCZBAUHSYD_2013           0.18%    passed     99.66%
 201  B_DELIM-RZHFVQMKXJLCZBAUHSYD_Stockholm_DELIM-RZHFVQMKXJLCZBAUHSYD_3_DELIM-RZHFVQMKXJLCZBAUHSYD_2021                4.05%    passed     96.89%
 202  B_DELIM-RZHFVQMKXJLCZBAUHSYD_Hawaii_DELIM-RZHFVQMKXJLCZBAUHSYD_20_DELIM-RZHFVQMKXJLCZBAUHSYD_2015                  4.05%    passed     98.03%
 203  B_DELIM-RZHFVQMKXJLCZBAUHSYD_Barbados_DELIM-RZHFVQMKXJLCZBAUHSYD_2087_DELIM-RZHFVQMKXJLCZBAUHSYD_2017              0.18%    passed    100.00%
 204  B_DELIM-RZHFVQMKXJLCZBAUHSYD_BurkinaFaso_DELIM-RZHFVQMKXJLCZBAUHSYD_167_DELIM-RZHFVQMKXJLCZBAUHSYD_2017            0.18%    passed     99.97%
 205  B_DELIM-RZHFVQMKXJLCZBAUHSYD_Kuwait_DELIM-RZHFVQMKXJLCZBAUHSYD_8794_DELIM-RZHFVQMKXJLCZBAUHSYD_2018                0.18%    passed     96.63%
 206  B_DELIM-RZHFVQMKXJLCZBAUHSYD_SouthKorea_DELIM-RZHFVQMKXJLCZBAUHSYD_11424_DELIM-RZHFVQMKXJLCZBAUHSYD_2020           4.05%    passed     98.47%
 207  B_DELIM-RZHFVQMKXJLCZBAUHSYD_Illinois_DELIM-RZHFVQMKXJLCZBAUHSYD_NHRC0001_DELIM-RZHFVQMKXJLCZBAUHSYD_2003          0.88%    passed     99.92%
 208  B_DELIM-RZHFVQMKXJLCZBAUHSYD_Illinois_DELIM-RZHFVQMKXJLCZBAUHSYD_NHRC0001_DELIM-RZHFVQMKXJLCZBAUHSYD_2006          0.79%    passed     97.45%
 209  B_DELIM-RZHFVQMKXJLCZBAUHSYD_Pernambuco_DELIM-RZHFVQMKXJLCZBAUHSYD_145029-IEC_DELIM-RZHFVQMKXJLCZBAUHSYD_2016      0.18%    passed     99.81%
 210  B_DELIM-RZHFVQMKXJLCZBAUHSYD_Argentina_DELIM-RZHFVQMKXJLCZBAUHSYD_2802_DELIM-RZHFVQMKXJLCZBAUHSYD_2019             0.18%    passed     99.95%
 211  B_DELIM-RZHFVQMKXJLCZBAUHSYD_Cambodia_DELIM-RZHFVQMKXJLCZBAUHSYD_1287_DELIM-RZHFVQMKXJLCZBAUHSYD_2015              0.18%    passed     99.58%
 212  B_DELIM-RZHFVQMKXJLCZBAUHSYD_Singapore_DELIM-RZHFVQMKXJLCZBAUHSYD_NUH0030_DELIM-RZHFVQMKXJLCZBAUHSYD_2019          4.05%    passed     99.03%
 213  B_DELIM-RZHFVQMKXJLCZBAUHSYD_AbuDhabi_DELIM-RZHFVQMKXJLCZBAUHSYD_3330615_DELIM-RZHFVQMKXJLCZBAUHSYD_2021           0.57%    passed     99.65%
 214  B_DELIM-RZHFVQMKXJLCZBAUHSYD_Argentina_DELIM-RZHFVQMKXJLCZBAUHSYD_9_DELIM-RZHFVQMKXJLCZBAUHSYD_2018                0.18%    passed     99.95%
 215  B_DELIM-RZHFVQMKXJLCZBAUHSYD_HongKong_DELIM-RZHFVQMKXJLCZBAUHSYD_746_DELIM-RZHFVQMKXJLCZBAUHSYD_2019               0.18%    passed     99.36%
 216  B_DELIM-RZHFVQMKXJLCZBAUHSYD_Connecticut_DELIM-RZHFVQMKXJLCZBAUHSYD_1_DELIM-RZHFVQMKXJLCZBAUHSYD_2021              0.22%    passed     99.81%
 217  B_DELIM-RZHFVQMKXJLCZBAUHSYD_Michigan_DELIM-RZHFVQMKXJLCZBAUHSYD_105_DELIM-RZHFVQMKXJLCZBAUHSYD_2020               0.22%    passed    100.00%
 218  B_DELIM-RZHFVQMKXJLCZBAUHSYD_Philippines_DELIM-RZHFVQMKXJLCZBAUHSYD_838_DELIM-RZHFVQMKXJLCZBAUHSYD_2017            0.18%    passed     99.62%
 219  B_DELIM-RZHFVQMKXJLCZBAUHSYD_Netherlands_DELIM-RZHFVQMKXJLCZBAUHSYD_11591_DELIM-RZHFVQMKXJLCZBAUHSYD_2022          4.05%    passed     98.80%
 220  B_DELIM-RZHFVQMKXJLCZBAUHSYD_Mozambique_DELIM-RZHFVQMKXJLCZBAUHSYD_203_DELIM-RZHFVQMKXJLCZBAUHSYD_2019             0.18%    passed    100.00%
 221  B_DELIM-RZHFVQMKXJLCZBAUHSYD_Mali_DELIM-RZHFVQMKXJLCZBAUHSYD_16_DELIM-RZHFVQMKXJLCZBAUHSYD_2017                    0.18%    passed     99.88%
 222  B_DELIM-RZHFVQMKXJLCZBAUHSYD_NewYork_DELIM-RZHFVQMKXJLCZBAUHSYD_1107_DELIM-RZHFVQMKXJLCZBAUHSYD_2007               1.32%    passed     97.29%
 223  B_DELIM-RZHFVQMKXJLCZBAUHSYD_Mozambique_DELIM-RZHFVQMKXJLCZBAUHSYD_181_DELIM-RZHFVQMKXJLCZBAUHSYD_2016             0.22%    passed     99.35%
 224  B_DELIM-RZHFVQMKXJLCZBAUHSYD_Mali_DELIM-RZHFVQMKXJLCZBAUHSYD_132_DELIM-RZHFVQMKXJLCZBAUHSYD_2018                   0.18%    passed     98.99%
 225  B_DELIM-RZHFVQMKXJLCZBAUHSYD_Colombia_DELIM-RZHFVQMKXJLCZBAUHSYD_7429_DELIM-RZHFVQMKXJLCZBAUHSYD_2019              0.18%    passed     99.06%
 226  B_DELIM-RZHFVQMKXJLCZBAUHSYD_Victoria_DELIM-RZHFVQMKXJLCZBAUHSYD_2_DELIM-RZHFVQMKXJLCZBAUHSYD_2021                 4.05%    passed     96.90%
 227  B_DELIM-RZHFVQMKXJLCZBAUHSYD_Madagascar_DELIM-RZHFVQMKXJLCZBAUHSYD_1898_DELIM-RZHFVQMKXJLCZBAUHSYD_2021            0.18%    passed     99.53%
 228  B_DELIM-RZHFVQMKXJLCZBAUHSYD_Bhutan_DELIM-RZHFVQMKXJLCZBAUHSYD_1132_DELIM-RZHFVQMKXJLCZBAUHSYD_2020                0.18%    passed     98.38%
 229  B_DELIM-RZHFVQMKXJLCZBAUHSYD_Kanagawa_DELIM-RZHFVQMKXJLCZBAUHSYD_IC2_DELIM-RZHFVQMKXJLCZBAUHSYD_2016               4.05%    passed     98.89%
 230  B_DELIM-RZHFVQMKXJLCZBAUHSYD_Kenya_DELIM-RZHFVQMKXJLCZBAUHSYD_127_DELIM-RZHFVQMKXJLCZBAUHSYD_2021                  0.18%    passed     98.10%
 231  B_DELIM-RZHFVQMKXJLCZBAUHSYD_Texas_DELIM-RZHFVQMKXJLCZBAUHSYD_2_DELIM-RZHFVQMKXJLCZBAUHSYD_2021                    0.18%    passed     99.98%
 232  B_DELIM-RZHFVQMKXJLCZBAUHSYD_Myanmar_DELIM-RZHFVQMKXJLCZBAUHSYD_21M023_DELIM-RZHFVQMKXJLCZBAUHSYD_2021             0.22%    passed     99.25%
 233  B_DELIM-RZHFVQMKXJLCZBAUHSYD_Kentucky_DELIM-RZHFVQMKXJLCZBAUHSYD_27_DELIM-RZHFVQMKXJLCZBAUHSYD_2018                0.22%    passed     99.99%
 234  B_DELIM-RZHFVQMKXJLCZBAUHSYD_Abudhabi_DELIM-RZHFVQMKXJLCZBAUHSYD_61_DELIM-RZHFVQMKXJLCZBAUHSYD_2019                0.22%    passed     98.95%
 235  B_DELIM-RZHFVQMKXJLCZBAUHSYD_Washington_DELIM-RZHFVQMKXJLCZBAUHSYD_2_DELIM-RZHFVQMKXJLCZBAUHSYD_2019               0.18%    passed     99.55%
 236  B_DELIM-RZHFVQMKXJLCZBAUHSYD_Bolivia_DELIM-RZHFVQMKXJLCZBAUHSYD_1180_DELIM-RZHFVQMKXJLCZBAUHSYD_2017               0.18%    passed     99.93%
 237  B_DELIM-RZHFVQMKXJLCZBAUHSYD_CostaRica_DELIM-RZHFVQMKXJLCZBAUHSYD_4271_DELIM-RZHFVQMKXJLCZBAUHSYD_2016             0.18%    passed     99.98%
 238  B_DELIM-RZHFVQMKXJLCZBAUHSYD_Texas_DELIM-RZHFVQMKXJLCZBAUHSYD_NHRC0001_DELIM-RZHFVQMKXJLCZBAUHSYD_2006             0.92%    passed     96.58%
 239  B_DELIM-RZHFVQMKXJLCZBAUHSYD_Lao_DELIM-RZHFVQMKXJLCZBAUHSYD_2471_DELIM-RZHFVQMKXJLCZBAUHSYD_2019                   0.18%    passed     99.24%
 240  B_DELIM-RZHFVQMKXJLCZBAUHSYD_VinaDelMar_DELIM-RZHFVQMKXJLCZBAUHSYD_32296_DELIM-RZHFVQMKXJLCZBAUHSYD_2016           0.22%    passed     99.29%
 241  B_DELIM-RZHFVQMKXJLCZBAUHSYD_NorthCarolina_DELIM-RZHFVQMKXJLCZBAUHSYD_1_DELIM-RZHFVQMKXJLCZBAUHSYD_2021            0.18%    passed     99.66%
 242  B_DELIM-RZHFVQMKXJLCZBAUHSYD_Maryland_DELIM-RZHFVQMKXJLCZBAUHSYD_15_DELIM-RZHFVQMKXJLCZBAUHSYD_2016                0.18%    passed     99.36%
 243  B_DELIM-RZHFVQMKXJLCZBAUHSYD_Maryland_DELIM-RZHFVQMKXJLCZBAUHSYD_27_DELIM-RZHFVQMKXJLCZBAUHSYD_2018                0.18%    passed     99.95%
 244  B_DELIM-RZHFVQMKXJLCZBAUHSYD_NewYork_DELIM-RZHFVQMKXJLCZBAUHSYD_1091_DELIM-RZHFVQMKXJLCZBAUHSYD_2006               0.18%    passed     96.33%
 245  B_DELIM-RZHFVQMKXJLCZBAUHSYD_Georgia_DELIM-RZHFVQMKXJLCZBAUHSYD_NHRC0001_DELIM-RZHFVQMKXJLCZBAUHSYD_2003           0.88%    passed     99.52%
 246  B_DELIM-RZHFVQMKXJLCZBAUHSYD_Mali_DELIM-RZHFVQMKXJLCZBAUHSYD_149_DELIM-RZHFVQMKXJLCZBAUHSYD_2019                   0.18%    passed     98.99%
 247  B_DELIM-RZHFVQMKXJLCZBAUHSYD_Bangladesh_DELIM-RZHFVQMKXJLCZBAUHSYD_5012_DELIM-RZHFVQMKXJLCZBAUHSYD_2017            0.18%    passed     99.93%
 248  B_DELIM-RZHFVQMKXJLCZBAUHSYD_Bangladesh_DELIM-RZHFVQMKXJLCZBAUHSYD_11005_DELIM-RZHFVQMKXJLCZBAUHSYD_2015           0.26%    passed     99.83%
 249  B_DELIM-RZHFVQMKXJLCZBAUHSYD_California_DELIM-RZHFVQMKXJLCZBAUHSYD_NHRC0006_DELIM-RZHFVQMKXJLCZBAUHSYD_2006        0.75%    passed     98.11%
 250  B_DELIM-RZHFVQMKXJLCZBAUHSYD_Mali_DELIM-RZHFVQMKXJLCZBAUHSYD_154_DELIM-RZHFVQMKXJLCZBAUHSYD_2019                   0.18%    passed     99.99%
 251  B_DELIM-RZHFVQMKXJLCZBAUHSYD_Bolivia_DELIM-RZHFVQMKXJLCZBAUHSYD_1919_DELIM-RZHFVQMKXJLCZBAUHSYD_2017               0.18%    passed     99.81%
 252  B_DELIM-RZHFVQMKXJLCZBAUHSYD_Singapore_DELIM-RZHFVQMKXJLCZBAUHSYD_TT0739_DELIM-RZHFVQMKXJLCZBAUHSYD_2017           4.05%    passed     98.82%
 253  B_DELIM-RZHFVQMKXJLCZBAUHSYD_NewYork_DELIM-RZHFVQMKXJLCZBAUHSYD_1122_DELIM-RZHFVQMKXJLCZBAUHSYD_2007               1.01%    passed     98.35%
 254  B_DELIM-RZHFVQMKXJLCZBAUHSYD_Singapore_DELIM-RZHFVQMKXJLCZBAUHSYD_KK0005_DELIM-RZHFVQMKXJLCZBAUHSYD_2021           4.05%    passed     95.96%
 255  B_DELIM-RZHFVQMKXJLCZBAUHSYD_PuertoRico_DELIM-RZHFVQMKXJLCZBAUHSYD_39_DELIM-RZHFVQMKXJLCZBAUHSYD_2017              0.26%    passed     99.55%
 256  B_DELIM-RZHFVQMKXJLCZBAUHSYD_Kazakhstan_DELIM-RZHFVQMKXJLCZBAUHSYD_22_DELIM-RZHFVQMKXJLCZBAUHSYD_2017              0.18%    passed     99.24%
 257  B_DELIM-RZHFVQMKXJLCZBAUHSYD_England_DELIM-RZHFVQMKXJLCZBAUHSYD_92840642_DELIM-RZHFVQMKXJLCZBAUHSYD_2019           4.05%    passed     99.28%
 258  B_DELIM-RZHFVQMKXJLCZBAUHSYD_Para_DELIM-RZHFVQMKXJLCZBAUHSYD_182636-IEC_DELIM-RZHFVQMKXJLCZBAUHSYD_2022            0.22%    passed     99.38%
 259  B_DELIM-RZHFVQMKXJLCZBAUHSYD_RhodeIsland_DELIM-RZHFVQMKXJLCZBAUHSYD_5_DELIM-RZHFVQMKXJLCZBAUHSYD_2021              0.22%    passed     99.81%
 260  B_DELIM-RZHFVQMKXJLCZBAUHSYD_HongKong_DELIM-RZHFVQMKXJLCZBAUHSYD_1398_DELIM-RZHFVQMKXJLCZBAUHSYD_2018              0.22%    passed     99.68%
 261  B_DELIM-RZHFVQMKXJLCZBAUHSYD_Para_DELIM-RZHFVQMKXJLCZBAUHSYD_182609-IEC_DELIM-RZHFVQMKXJLCZBAUHSYD_2022            0.22%    passed     99.53%
 262  B_DELIM-RZHFVQMKXJLCZBAUHSYD_Para_DELIM-RZHFVQMKXJLCZBAUHSYD_183192-IEC_DELIM-RZHFVQMKXJLCZBAUHSYD_2022            0.22%    passed     99.61%
 263  B_DELIM-RZHFVQMKXJLCZBAUHSYD_Togo_DELIM-RZHFVQMKXJLCZBAUHSYD_752_DELIM-RZHFVQMKXJLCZBAUHSYD_2019                   0.18%    passed     98.99%
 264  B_DELIM-RZHFVQMKXJLCZBAUHSYD_CostaRica_DELIM-RZHFVQMKXJLCZBAUHSYD_8330_DELIM-RZHFVQMKXJLCZBAUHSYD_2017             0.18%    passed     99.95%
 265  B_DELIM-RZHFVQMKXJLCZBAUHSYD_Lao_DELIM-RZHFVQMKXJLCZBAUHSYD_426_DELIM-RZHFVQMKXJLCZBAUHSYD_2015                    0.18%    passed     99.83%
 266  B_DELIM-RZHFVQMKXJLCZBAUHSYD_TimorLeste_DELIM-RZHFVQMKXJLCZBAUHSYD_52_DELIM-RZHFVQMKXJLCZBAUHSYD_2018              3.78%    passed     98.55%
 267  B_DELIM-RZHFVQMKXJLCZBAUHSYD_Mali_DELIM-RZHFVQMKXJLCZBAUHSYD_20063_DELIM-RZHFVQMKXJLCZBAUHSYD_2020                 0.18%    passed     99.98%
 268  B_DELIM-RZHFVQMKXJLCZBAUHSYD_Bolivia_DELIM-RZHFVQMKXJLCZBAUHSYD_1281_DELIM-RZHFVQMKXJLCZBAUHSYD_2017               0.18%    passed     99.00%
 269  B_DELIM-RZHFVQMKXJLCZBAUHSYD_Ohio_DELIM-RZHFVQMKXJLCZBAUHSYD_UR06-0428_DELIM-RZHFVQMKXJLCZBAUHSYD_2007             0.18%    passed     97.26%
 270  B_DELIM-RZHFVQMKXJLCZBAUHSYD_Bangladesh_DELIM-RZHFVQMKXJLCZBAUHSYD_8027_DELIM-RZHFVQMKXJLCZBAUHSYD_2021            0.22%    passed     99.46%
 271  B_DELIM-RZHFVQMKXJLCZBAUHSYD_HongKong_DELIM-RZHFVQMKXJLCZBAUHSYD_1156_DELIM-RZHFVQMKXJLCZBAUHSYD_2016              0.22%    passed     99.81%
 272  B_DELIM-RZHFVQMKXJLCZBAUHSYD_Nigeria_DELIM-RZHFVQMKXJLCZBAUHSYD_3352_DELIM-RZHFVQMKXJLCZBAUHSYD_2018               0.18%    passed     99.97%
 273  B_DELIM-RZHFVQMKXJLCZBAUHSYD_Kanagawa_DELIM-RZHFVQMKXJLCZBAUHSYD_IC41_DELIM-RZHFVQMKXJLCZBAUHSYD_2016              4.05%    passed     98.66%
 274  B_DELIM-RZHFVQMKXJLCZBAUHSYD_Togo_DELIM-RZHFVQMKXJLCZBAUHSYD_828_DELIM-RZHFVQMKXJLCZBAUHSYD_2020                   0.22%    passed     99.98%
 275  B_DELIM-RZHFVQMKXJLCZBAUHSYD_SouthAfrica_DELIM-RZHFVQMKXJLCZBAUHSYD_VW0527_DELIM-RZHFVQMKXJLCZBAUHSYD_2018         0.31%    passed     99.78%
 276  B_DELIM-RZHFVQMKXJLCZBAUHSYD_Boston_DELIM-RZHFVQMKXJLCZBAUHSYD_YGB_01039_DELIM-RZHFVQMKXJLCZBAUHSYD_2013           1.28%    passed     99.64%
 277  B_DELIM-RZHFVQMKXJLCZBAUHSYD_Sweden_DELIM-RZHFVQMKXJLCZBAUHSYD_61_DELIM-RZHFVQMKXJLCZBAUHSYD_2020                  4.05%    passed     97.79%
 278  B_DELIM-RZHFVQMKXJLCZBAUHSYD_Singapore_DELIM-RZHFVQMKXJLCZBAUHSYD_GP2419_DELIM-RZHFVQMKXJLCZBAUHSYD_2017           4.05%    passed     98.51%
 279  B_DELIM-RZHFVQMKXJLCZBAUHSYD_SouthCarolina_DELIM-RZHFVQMKXJLCZBAUHSYD_NHRC0001_DELIM-RZHFVQMKXJLCZBAUHSYD_2004     0.92%    passed     99.46%
 280  B_DELIM-RZHFVQMKXJLCZBAUHSYD_NewYork_DELIM-RZHFVQMKXJLCZBAUHSYD_WC-LVD-14-027_DELIM-RZHFVQMKXJLCZBAUHSYD_2014      0.18%    passed     99.50%
 281  B_DELIM-RZHFVQMKXJLCZBAUHSYD_NewYork_DELIM-RZHFVQMKXJLCZBAUHSYD_1118_DELIM-RZHFVQMKXJLCZBAUHSYD_2007               0.31%    passed     99.11%
 282  B_DELIM-RZHFVQMKXJLCZBAUHSYD_AbuDhabi_DELIM-RZHFVQMKXJLCZBAUHSYD_3511581_DELIM-RZHFVQMKXJLCZBAUHSYD_2020           0.22%    passed     99.98%
 283  B_DELIM-RZHFVQMKXJLCZBAUHSYD_Honduras_DELIM-RZHFVQMKXJLCZBAUHSYD_2687_DELIM-RZHFVQMKXJLCZBAUHSYD_2021              0.18%    passed     99.59%
 284  B_DELIM-RZHFVQMKXJLCZBAUHSYD_Peru_DELIM-RZHFVQMKXJLCZBAUHSYD_3118_DELIM-RZHFVQMKXJLCZBAUHSYD_2018                  0.18%    passed     99.70%
 285  B_DELIM-RZHFVQMKXJLCZBAUHSYD_HongKong_DELIM-RZHFVQMKXJLCZBAUHSYD_269_DELIM-RZHFVQMKXJLCZBAUHSYD_2017               0.18%    passed     99.93%
 286  B_DELIM-RZHFVQMKXJLCZBAUHSYD_StPetersburg_DELIM-RZHFVQMKXJLCZBAUHSYD_RII-16646S_DELIM-RZHFVQMKXJLCZBAUHSYD_2022    0.18%    passed     99.91%
 287  B_DELIM-RZHFVQMKXJLCZBAUHSYD_Nonthaburi_DELIM-RZHFVQMKXJLCZBAUHSYD_2884_DELIM-RZHFVQMKXJLCZBAUHSYD_2018            0.18%    passed     99.99%
 288  B_DELIM-RZHFVQMKXJLCZBAUHSYD_AbuDhabi_DELIM-RZHFVQMKXJLCZBAUHSYD_27_DELIM-RZHFVQMKXJLCZBAUHSYD_2019                0.18%    passed     99.85%
 289  B_DELIM-RZHFVQMKXJLCZBAUHSYD_Palmas_DELIM-RZHFVQMKXJLCZBAUHSYD_19015480-IAL_DELIM-RZHFVQMKXJLCZBAUHSYD_2019        0.22%    passed     99.90%
 290  B_DELIM-RZHFVQMKXJLCZBAUHSYD_Singapore_DELIM-RZHFVQMKXJLCZBAUHSYD_INFEN-16-0096_DELIM-RZHFVQMKXJLCZBAUHSYD_2016    0.18%    passed     99.87%
 291  B_DELIM-RZHFVQMKXJLCZBAUHSYD_Nosybe_DELIM-RZHFVQMKXJLCZBAUHSYD_5221_DELIM-RZHFVQMKXJLCZBAUHSYD_2016                0.18%    passed     99.72%
 292  B_DELIM-RZHFVQMKXJLCZBAUHSYD_HongKong_DELIM-RZHFVQMKXJLCZBAUHSYD_931_DELIM-RZHFVQMKXJLCZBAUHSYD_2017               0.22%    passed     99.79%
 293  B_DELIM-RZHFVQMKXJLCZBAUHSYD_Kenya_DELIM-RZHFVQMKXJLCZBAUHSYD_128_DELIM-RZHFVQMKXJLCZBAUHSYD_2019                  0.18%    passed     99.58%
 294  B_DELIM-RZHFVQMKXJLCZBAUHSYD_Montana_DELIM-RZHFVQMKXJLCZBAUHSYD_2_DELIM-RZHFVQMKXJLCZBAUHSYD_2022                  0.18%    passed     99.37%
 295  B_DELIM-RZHFVQMKXJLCZBAUHSYD_Brazil_DELIM-RZHFVQMKXJLCZBAUHSYD_121_DELIM-RZHFVQMKXJLCZBAUHSYD_2016                 0.18%    passed     99.89%
 296  B_DELIM-RZHFVQMKXJLCZBAUHSYD_HongKong_DELIM-RZHFVQMKXJLCZBAUHSYD_21_DELIM-RZHFVQMKXJLCZBAUHSYD_2017                0.18%    passed     99.94%
 297  B_DELIM-RZHFVQMKXJLCZBAUHSYD_StPetersburg_DELIM-RZHFVQMKXJLCZBAUHSYD_RII-7762S_DELIM-RZHFVQMKXJLCZBAUHSYD_2021     0.22%    passed     99.81%
 298  B_DELIM-RZHFVQMKXJLCZBAUHSYD_Bolivia_DELIM-RZHFVQMKXJLCZBAUHSYD_1728_DELIM-RZHFVQMKXJLCZBAUHSYD_2017               0.18%    passed     99.99%
 299  B_DELIM-RZHFVQMKXJLCZBAUHSYD_Lao_DELIM-RZHFVQMKXJLCZBAUHSYD_452_DELIM-RZHFVQMKXJLCZBAUHSYD_2020                    0.18%    passed     99.36%
 300  B_DELIM-RZHFVQMKXJLCZBAUHSYD_AbuDhabi_DELIM-RZHFVQMKXJLCZBAUHSYD_44_DELIM-RZHFVQMKXJLCZBAUHSYD_2019                0.18%    passed     99.95%
 301  B_DELIM-RZHFVQMKXJLCZBAUHSYD_Tennessee_DELIM-RZHFVQMKXJLCZBAUHSYD_UR06-0460_DELIM-RZHFVQMKXJLCZBAUHSYD_2007        0.44%    passed     96.79%
 302  B_DELIM-RZHFVQMKXJLCZBAUHSYD_Bangladesh_DELIM-RZHFVQMKXJLCZBAUHSYD_1017_DELIM-RZHFVQMKXJLCZBAUHSYD_2019            0.18%    passed     98.08%
 303  B_DELIM-RZHFVQMKXJLCZBAUHSYD_Philippines_DELIM-RZHFVQMKXJLCZBAUHSYD_8_DELIM-RZHFVQMKXJLCZBAUHSYD_2021              4.05%    passed     95.76%
 304  B_DELIM-RZHFVQMKXJLCZBAUHSYD_Bahrain_DELIM-RZHFVQMKXJLCZBAUHSYD_323_DELIM-RZHFVQMKXJLCZBAUHSYD_2018                0.18%    passed     99.83%
 305  B_DELIM-RZHFVQMKXJLCZBAUHSYD_Saipan_DELIM-RZHFVQMKXJLCZBAUHSYD_1052_DELIM-RZHFVQMKXJLCZBAUHSYD_2019                0.18%    passed     99.55%
 306  B_DELIM-RZHFVQMKXJLCZBAUHSYD_Peru_DELIM-RZHFVQMKXJLCZBAUHSYD_3216_DELIM-RZHFVQMKXJLCZBAUHSYD_2016                  0.18%    passed     99.63%
 307  B_DELIM-RZHFVQMKXJLCZBAUHSYD_Montana_DELIM-RZHFVQMKXJLCZBAUHSYD_18_DELIM-RZHFVQMKXJLCZBAUHSYD_2015                 4.05%    passed     95.58%
 308  B_DELIM-RZHFVQMKXJLCZBAUHSYD_Bahrain_DELIM-RZHFVQMKXJLCZBAUHSYD_644_DELIM-RZHFVQMKXJLCZBAUHSYD_2019                0.22%    passed     99.86%
 309  B_DELIM-RZHFVQMKXJLCZBAUHSYD_Uruguay_DELIM-RZHFVQMKXJLCZBAUHSYD_102_DELIM-RZHFVQMKXJLCZBAUHSYD_2015                4.05%    passed     95.58%
 310  B_DELIM-RZHFVQMKXJLCZBAUHSYD_Singapore_DELIM-RZHFVQMKXJLCZBAUHSYD_KK0273_DELIM-RZHFVQMKXJLCZBAUHSYD_2019           4.05%    passed     96.06%
 311  B_DELIM-RZHFVQMKXJLCZBAUHSYD_Bahrain_DELIM-RZHFVQMKXJLCZBAUHSYD_232_DELIM-RZHFVQMKXJLCZBAUHSYD_2019                0.18%    passed     99.24%
 312  B_DELIM-RZHFVQMKXJLCZBAUHSYD_Brazil_DELIM-RZHFVQMKXJLCZBAUHSYD_5247_DELIM-RZHFVQMKXJLCZBAUHSYD_2016                0.18%    passed     99.97%
 313  B_DELIM-RZHFVQMKXJLCZBAUHSYD_Afghanistan_DELIM-RZHFVQMKXJLCZBAUHSYD_70_DELIM-RZHFVQMKXJLCZBAUHSYD_2020             0.22%    passed     99.70%
 314  B_DELIM-RZHFVQMKXJLCZBAUHSYD_Maryland_DELIM-RZHFVQMKXJLCZBAUHSYD_1_DELIM-RZHFVQMKXJLCZBAUHSYD_2021                 0.22%    passed     99.97%
 315  B_DELIM-RZHFVQMKXJLCZBAUHSYD_Singapore_DELIM-RZHFVQMKXJLCZBAUHSYD_EN0223_DELIM-RZHFVQMKXJLCZBAUHSYD_2019           4.05%    passed     98.79%
 316  B_DELIM-RZHFVQMKXJLCZBAUHSYD_Bangladesh_DELIM-RZHFVQMKXJLCZBAUHSYD_1269_DELIM-RZHFVQMKXJLCZBAUHSYD_2017            0.18%    passed     99.73%
 317  B_DELIM-RZHFVQMKXJLCZBAUHSYD_Brazil_DELIM-RZHFVQMKXJLCZBAUHSYD_27_DELIM-RZHFVQMKXJLCZBAUHSYD_2016                  0.18%    passed     99.84%
 318  B_DELIM-RZHFVQMKXJLCZBAUHSYD_NewYork_DELIM-RZHFVQMKXJLCZBAUHSYD_1073_DELIM-RZHFVQMKXJLCZBAUHSYD_2005               0.18%    passed     98.97%
 319  B_DELIM-RZHFVQMKXJLCZBAUHSYD_Lao_DELIM-RZHFVQMKXJLCZBAUHSYD_743_DELIM-RZHFVQMKXJLCZBAUHSYD_2017                    0.18%    passed     99.83%
 320  B_DELIM-RZHFVQMKXJLCZBAUHSYD_NewMexico_DELIM-RZHFVQMKXJLCZBAUHSYD_1_DELIM-RZHFVQMKXJLCZBAUHSYD_2021                0.18%    passed     99.66%
 321  B_DELIM-RZHFVQMKXJLCZBAUHSYD_Bangladesh_DELIM-RZHFVQMKXJLCZBAUHSYD_3004_DELIM-RZHFVQMKXJLCZBAUHSYD_2017            0.22%    passed     99.72%
 322  B_DELIM-RZHFVQMKXJLCZBAUHSYD_Maine_DELIM-RZHFVQMKXJLCZBAUHSYD_10_DELIM-RZHFVQMKXJLCZBAUHSYD_2019                   0.18%    passed     99.98%
 323  B_DELIM-RZHFVQMKXJLCZBAUHSYD_Mississippi_DELIM-RZHFVQMKXJLCZBAUHSYD_UR06-0345_DELIM-RZHFVQMKXJLCZBAUHSYD_2007      0.18%    passed     96.06%
 324  B_DELIM-RZHFVQMKXJLCZBAUHSYD_Guatemala_DELIM-RZHFVQMKXJLCZBAUHSYD_817_DELIM-RZHFVQMKXJLCZBAUHSYD_2020              0.18%    passed     99.89%
 325  B_DELIM-RZHFVQMKXJLCZBAUHSYD_Lao_DELIM-RZHFVQMKXJLCZBAUHSYD_262_DELIM-RZHFVQMKXJLCZBAUHSYD_2020                    0.18%    passed     99.38%
 326  B_DELIM-RZHFVQMKXJLCZBAUHSYD_Bahrain_DELIM-RZHFVQMKXJLCZBAUHSYD_377_DELIM-RZHFVQMKXJLCZBAUHSYD_2021                0.22%    passed     99.76%
 327  B_DELIM-RZHFVQMKXJLCZBAUHSYD_CoteDIvoire_DELIM-RZHFVQMKXJLCZBAUHSYD_1795_DELIM-RZHFVQMKXJLCZBAUHSYD_2019           0.18%    passed     99.99%
 328  B_DELIM-RZHFVQMKXJLCZBAUHSYD_Boston_DELIM-RZHFVQMKXJLCZBAUHSYD_YGB_01005_DELIM-RZHFVQMKXJLCZBAUHSYD_2013           4.05%    passed     95.22%
 329  B_DELIM-RZHFVQMKXJLCZBAUHSYD_Japan_DELIM-RZHFVQMKXJLCZBAUHSYD_12213_DELIM-RZHFVQMKXJLCZBAUHSYD_2020                4.05%    passed     95.85%
 330  B_DELIM-RZHFVQMKXJLCZBAUHSYD_RhodeIsland_DELIM-RZHFVQMKXJLCZBAUHSYD_1_DELIM-RZHFVQMKXJLCZBAUHSYD_2019              0.18%    passed     98.08%
 331  B_DELIM-RZHFVQMKXJLCZBAUHSYD_Bangladesh_DELIM-RZHFVQMKXJLCZBAUHSYD_1221_DELIM-RZHFVQMKXJLCZBAUHSYD_2017            0.18%    passed     99.76%
 332  B_DELIM-RZHFVQMKXJLCZBAUHSYD_Guatemala_DELIM-RZHFVQMKXJLCZBAUHSYD_37_DELIM-RZHFVQMKXJLCZBAUHSYD_2022               0.18%    passed     99.77%
 333  B_DELIM-RZHFVQMKXJLCZBAUHSYD_Bahrain_DELIM-RZHFVQMKXJLCZBAUHSYD_157_DELIM-RZHFVQMKXJLCZBAUHSYD_2021                0.22%    passed     99.78%
 334  B_DELIM-RZHFVQMKXJLCZBAUHSYD_England_DELIM-RZHFVQMKXJLCZBAUHSYD_61880796_DELIM-RZHFVQMKXJLCZBAUHSYD_2016           4.05%    passed     98.17%
 335  B_DELIM-RZHFVQMKXJLCZBAUHSYD_Utah_DELIM-RZHFVQMKXJLCZBAUHSYD_41_DELIM-RZHFVQMKXJLCZBAUHSYD_2015                    4.05%    passed     95.56%
 336  B_DELIM-RZHFVQMKXJLCZBAUHSYD_Santiago_DELIM-RZHFVQMKXJLCZBAUHSYD_47361_DELIM-RZHFVQMKXJLCZBAUHSYD_2018             0.18%    passed     99.98%
 337  B_DELIM-RZHFVQMKXJLCZBAUHSYD_Mali_DELIM-RZHFVQMKXJLCZBAUHSYD_187_DELIM-RZHFVQMKXJLCZBAUHSYD_2019                   0.18%    passed     98.80%
 338  B_DELIM-RZHFVQMKXJLCZBAUHSYD_Bangladesh_DELIM-RZHFVQMKXJLCZBAUHSYD_8007_DELIM-RZHFVQMKXJLCZBAUHSYD_2021            0.22%    passed     99.72%
 339  B_DELIM-RZHFVQMKXJLCZBAUHSYD_Lisbon_DELIM-RZHFVQMKXJLCZBAUHSYD_3_DELIM-RZHFVQMKXJLCZBAUHSYD_2021                   4.05%    passed     93.75%
 340  B_DELIM-RZHFVQMKXJLCZBAUHSYD_Haiti_DELIM-RZHFVQMKXJLCZBAUHSYD_80374_DELIM-RZHFVQMKXJLCZBAUHSYD_2020                0.18%    passed     99.36%
 341  B_DELIM-RZHFVQMKXJLCZBAUHSYD_Colombia_DELIM-RZHFVQMKXJLCZBAUHSYD_6181_DELIM-RZHFVQMKXJLCZBAUHSYD_2021              0.18%    passed     99.70%
 342  B_DELIM-RZHFVQMKXJLCZBAUHSYD_HongKong_DELIM-RZHFVQMKXJLCZBAUHSYD_1356_DELIM-RZHFVQMKXJLCZBAUHSYD_2018              0.18%    passed     99.98%
 343  B_DELIM-RZHFVQMKXJLCZBAUHSYD_Suriname_DELIM-RZHFVQMKXJLCZBAUHSYD_2336_DELIM-RZHFVQMKXJLCZBAUHSYD_2017              0.18%    passed     99.56%
 344  B_DELIM-RZHFVQMKXJLCZBAUHSYD_Lao_DELIM-RZHFVQMKXJLCZBAUHSYD_3395_DELIM-RZHFVQMKXJLCZBAUHSYD_2019                   0.18%    passed     99.38%
 345  B_DELIM-RZHFVQMKXJLCZBAUHSYD_Wisconsin_DELIM-RZHFVQMKXJLCZBAUHSYD_44_DELIM-RZHFVQMKXJLCZBAUHSYD_2016               0.18%    passed     99.98%
 346  B_DELIM-RZHFVQMKXJLCZBAUHSYD_Bangladesh_DELIM-RZHFVQMKXJLCZBAUHSYD_210_DELIM-RZHFVQMKXJLCZBAUHSYD_2016             0.18%    passed     99.37%
 347  B_DELIM-RZHFVQMKXJLCZBAUHSYD_Peru_DELIM-RZHFVQMKXJLCZBAUHSYD_3117_DELIM-RZHFVQMKXJLCZBAUHSYD_2017                  0.18%    passed     99.76%
 348  B_DELIM-RZHFVQMKXJLCZBAUHSYD_Togo_DELIM-RZHFVQMKXJLCZBAUHSYD_706_DELIM-RZHFVQMKXJLCZBAUHSYD_2016                   0.18%    passed     99.95%
 349  B_DELIM-RZHFVQMKXJLCZBAUHSYD_Louisiana_DELIM-RZHFVQMKXJLCZBAUHSYD_10_DELIM-RZHFVQMKXJLCZBAUHSYD_2017               0.18%    passed     99.98%
 350  B_DELIM-RZHFVQMKXJLCZBAUHSYD_NewYork_DELIM-RZHFVQMKXJLCZBAUHSYD_1101_DELIM-RZHFVQMKXJLCZBAUHSYD_2007               0.18%    passed     97.37%
 351  B_DELIM-RZHFVQMKXJLCZBAUHSYD_Boston_DELIM-RZHFVQMKXJLCZBAUHSYD_YGB_01033_DELIM-RZHFVQMKXJLCZBAUHSYD_2013           0.18%    passed     99.05%
 352  B_DELIM-RZHFVQMKXJLCZBAUHSYD_Bangladesh_DELIM-RZHFVQMKXJLCZBAUHSYD_2025_DELIM-RZHFVQMKXJLCZBAUHSYD_2017            0.18%    passed     99.73%
 353  B_DELIM-RZHFVQMKXJLCZBAUHSYD_England_DELIM-RZHFVQMKXJLCZBAUHSYD_190740523_DELIM-RZHFVQMKXJLCZBAUHSYD_2019          4.05%    passed     98.29%
 354  B_DELIM-RZHFVQMKXJLCZBAUHSYD_HongKong_DELIM-RZHFVQMKXJLCZBAUHSYD_49_DELIM-RZHFVQMKXJLCZBAUHSYD_2016                0.18%    passed     99.87%
 355  B_DELIM-RZHFVQMKXJLCZBAUHSYD_Lebanon_DELIM-RZHFVQMKXJLCZBAUHSYD_1052_DELIM-RZHFVQMKXJLCZBAUHSYD_2016               0.22%    passed     99.70%
 356  B_DELIM-RZHFVQMKXJLCZBAUHSYD_Bhutan_DELIM-RZHFVQMKXJLCZBAUHSYD_100_DELIM-RZHFVQMKXJLCZBAUHSYD_2020                 0.18%    passed     99.45%
 357  B_DELIM-RZHFVQMKXJLCZBAUHSYD_SouthAfrica_DELIM-RZHFVQMKXJLCZBAUHSYD_VW0622_DELIM-RZHFVQMKXJLCZBAUHSYD_2018         0.18%    passed     99.89%
 358  B_DELIM-RZHFVQMKXJLCZBAUHSYD_Bangladesh_DELIM-RZHFVQMKXJLCZBAUHSYD_11002_DELIM-RZHFVQMKXJLCZBAUHSYD_2015           0.22%    passed     99.97%
 359  B_DELIM-RZHFVQMKXJLCZBAUHSYD_SouthKorea_DELIM-RZHFVQMKXJLCZBAUHSYD_9967_DELIM-RZHFVQMKXJLCZBAUHSYD_2019            4.05%    passed     97.31%
 360  B_DELIM-RZHFVQMKXJLCZBAUHSYD_Guatemala_DELIM-RZHFVQMKXJLCZBAUHSYD_63_DELIM-RZHFVQMKXJLCZBAUHSYD_2022               0.18%    passed     99.59%
 361  B_DELIM-RZHFVQMKXJLCZBAUHSYD_Para_DELIM-RZHFVQMKXJLCZBAUHSYD_182333-IEC_DELIM-RZHFVQMKXJLCZBAUHSYD_2022            0.22%    passed     99.53%
 362  B_DELIM-RZHFVQMKXJLCZBAUHSYD_Florida_DELIM-RZHFVQMKXJLCZBAUHSYD_39_DELIM-RZHFVQMKXJLCZBAUHSYD_2018                 0.18%    passed     99.70%
 363  B_DELIM-RZHFVQMKXJLCZBAUHSYD_England_DELIM-RZHFVQMKXJLCZBAUHSYD_214120822_DELIM-RZHFVQMKXJLCZBAUHSYD_2021          4.05%    passed     96.10%
 364  B_DELIM-RZHFVQMKXJLCZBAUHSYD_Nebraska_DELIM-RZHFVQMKXJLCZBAUHSYD_1_DELIM-RZHFVQMKXJLCZBAUHSYD_2022                 0.22%    passed     99.75%
 365  B_DELIM-RZHFVQMKXJLCZBAUHSYD_Bolivia_DELIM-RZHFVQMKXJLCZBAUHSYD_1884_DELIM-RZHFVQMKXJLCZBAUHSYD_2017               0.18%    passed     99.97%
 366  B_DELIM-RZHFVQMKXJLCZBAUHSYD_Boston_DELIM-RZHFVQMKXJLCZBAUHSYD_YGB_01009_DELIM-RZHFVQMKXJLCZBAUHSYD_2013           0.18%    passed     99.27%
 367  B_DELIM-RZHFVQMKXJLCZBAUHSYD_NewYork_DELIM-RZHFVQMKXJLCZBAUHSYD_1075_DELIM-RZHFVQMKXJLCZBAUHSYD_2005               2.90%    passed     96.10%
 368  B_DELIM-RZHFVQMKXJLCZBAUHSYD_Amazonas_DELIM-RZHFVQMKXJLCZBAUHSYD_153158-IEC_DELIM-RZHFVQMKXJLCZBAUHSYD_2018        0.18%    passed    100.00%
 369  B_DELIM-RZHFVQMKXJLCZBAUHSYD_Arizona_DELIM-RZHFVQMKXJLCZBAUHSYD_35_DELIM-RZHFVQMKXJLCZBAUHSYD_2016                 0.18%    passed     99.94%
 370  B_DELIM-RZHFVQMKXJLCZBAUHSYD_Maldives_DELIM-RZHFVQMKXJLCZBAUHSYD_1291_DELIM-RZHFVQMKXJLCZBAUHSYD_2017              0.18%    passed     98.83%
 371  B_DELIM-RZHFVQMKXJLCZBAUHSYD_Brazil_DELIM-RZHFVQMKXJLCZBAUHSYD_4835_DELIM-RZHFVQMKXJLCZBAUHSYD_2018                0.18%    passed     99.97%
 372  B_DELIM-RZHFVQMKXJLCZBAUHSYD_Singapore_DELIM-RZHFVQMKXJLCZBAUHSYD_GP1962_DELIM-RZHFVQMKXJLCZBAUHSYD_2022           4.09%    passed     97.47%
 373  B_DELIM-RZHFVQMKXJLCZBAUHSYD_Bahrain_DELIM-RZHFVQMKXJLCZBAUHSYD_734_DELIM-RZHFVQMKXJLCZBAUHSYD_2022                0.22%    passed     98.80%
 374  B_DELIM-RZHFVQMKXJLCZBAUHSYD_Stockholm_DELIM-RZHFVQMKXJLCZBAUHSYD_2_DELIM-RZHFVQMKXJLCZBAUHSYD_2021                4.05%    passed     96.89%
 375  B_DELIM-RZHFVQMKXJLCZBAUHSYD_Sergipe_DELIM-RZHFVQMKXJLCZBAUHSYD_13457_DELIM-RZHFVQMKXJLCZBAUHSYD_2020              0.18%    passed     99.98%
 376  B_DELIM-RZHFVQMKXJLCZBAUHSYD_Singapore_DELIM-RZHFVQMKXJLCZBAUHSYD_WUH4855_DELIM-RZHFVQMKXJLCZBAUHSYD_2021          4.05%    passed     95.96%
 377  B_DELIM-RZHFVQMKXJLCZBAUHSYD_Trollhattan_DELIM-RZHFVQMKXJLCZBAUHSYD_2_DELIM-RZHFVQMKXJLCZBAUHSYD_2016              4.05%    passed     96.72%
 378  B_DELIM-RZHFVQMKXJLCZBAUHSYD_Kenya_DELIM-RZHFVQMKXJLCZBAUHSYD_115_DELIM-RZHFVQMKXJLCZBAUHSYD_2022                  0.22%    passed     99.72%
 379  B_DELIM-RZHFVQMKXJLCZBAUHSYD_Guatemala_DELIM-RZHFVQMKXJLCZBAUHSYD_52_DELIM-RZHFVQMKXJLCZBAUHSYD_2012               4.05%    passed     97.16%
 380  B_DELIM-RZHFVQMKXJLCZBAUHSYD_Lebanon_DELIM-RZHFVQMKXJLCZBAUHSYD_16_DELIM-RZHFVQMKXJLCZBAUHSYD_2020                 0.18%    passed     99.80%
 381  B_DELIM-RZHFVQMKXJLCZBAUHSYD_Singapore_DELIM-RZHFVQMKXJLCZBAUHSYD_INFGP-16-0995_DELIM-RZHFVQMKXJLCZBAUHSYD_2016    0.18%    passed     99.59%
 382  B_DELIM-RZHFVQMKXJLCZBAUHSYD_NewHampshire_DELIM-RZHFVQMKXJLCZBAUHSYD_1_DELIM-RZHFVQMKXJLCZBAUHSYD_2021             0.18%    passed     98.59%
 383  B_DELIM-RZHFVQMKXJLCZBAUHSYD_Bangladesh_DELIM-RZHFVQMKXJLCZBAUHSYD_3029_DELIM-RZHFVQMKXJLCZBAUHSYD_2017            0.79%    passed     99.97%
 384  B_DELIM-RZHFVQMKXJLCZBAUHSYD_Brazil_DELIM-RZHFVQMKXJLCZBAUHSYD_80287_DELIM-RZHFVQMKXJLCZBAUHSYD_2015               0.22%    passed     99.89%
 385  B_DELIM-RZHFVQMKXJLCZBAUHSYD_Bangladesh_DELIM-RZHFVQMKXJLCZBAUHSYD_9013_DELIM-RZHFVQMKXJLCZBAUHSYD_2021            0.22%    passed     99.56%
 386  B_DELIM-RZHFVQMKXJLCZBAUHSYD_Bangladesh_DELIM-RZHFVQMKXJLCZBAUHSYD_3012_DELIM-RZHFVQMKXJLCZBAUHSYD_2021            0.22%    passed     99.25%
 387  B_DELIM-RZHFVQMKXJLCZBAUHSYD_Kazakhstan_DELIM-RZHFVQMKXJLCZBAUHSYD_43_DELIM-RZHFVQMKXJLCZBAUHSYD_2016              0.18%    passed     99.94%
 388  B_DELIM-RZHFVQMKXJLCZBAUHSYD_SouthAfrica_DELIM-RZHFVQMKXJLCZBAUHSYD_8987_DELIM-RZHFVQMKXJLCZBAUHSYD_2021           0.22%    passed     99.61%
 389  B_DELIM-RZHFVQMKXJLCZBAUHSYD_Bahrain_DELIM-RZHFVQMKXJLCZBAUHSYD_652_DELIM-RZHFVQMKXJLCZBAUHSYD_2018                0.22%    passed     99.50%
 390  B_DELIM-RZHFVQMKXJLCZBAUHSYD_Niger_DELIM-RZHFVQMKXJLCZBAUHSYD_8692_DELIM-RZHFVQMKXJLCZBAUHSYD_2021                 0.31%    passed     99.97%
 391  B_DELIM-RZHFVQMKXJLCZBAUHSYD_Philippines_DELIM-RZHFVQMKXJLCZBAUHSYD_875_DELIM-RZHFVQMKXJLCZBAUHSYD_2017            0.62%    passed     99.88%
 392  B_DELIM-RZHFVQMKXJLCZBAUHSYD_Argentina_DELIM-RZHFVQMKXJLCZBAUHSYD_83_DELIM-RZHFVQMKXJLCZBAUHSYD_2020               0.18%    passed     99.58%
 393  B_DELIM-RZHFVQMKXJLCZBAUHSYD_England_DELIM-RZHFVQMKXJLCZBAUHSYD_236_DELIM-RZHFVQMKXJLCZBAUHSYD_2015                4.05%    passed     93.70%
 394  B_DELIM-RZHFVQMKXJLCZBAUHSYD_FrenchGuiana_DELIM-RZHFVQMKXJLCZBAUHSYD_7093_DELIM-RZHFVQMKXJLCZBAUHSYD_2016          0.18%    passed     99.93%
 395  B_DELIM-RZHFVQMKXJLCZBAUHSYD_Bahrain_DELIM-RZHFVQMKXJLCZBAUHSYD_351_DELIM-RZHFVQMKXJLCZBAUHSYD_2019                0.18%    passed     99.93%
 396  B_DELIM-RZHFVQMKXJLCZBAUHSYD_Bangladesh_DELIM-RZHFVQMKXJLCZBAUHSYD_3007_DELIM-RZHFVQMKXJLCZBAUHSYD_2017            0.18%    passed     99.93%
 397  B_DELIM-RZHFVQMKXJLCZBAUHSYD_NewYork_DELIM-RZHFVQMKXJLCZBAUHSYD_1102_DELIM-RZHFVQMKXJLCZBAUHSYD_2007               3.08%    passed     90.61%
 398  B_DELIM-RZHFVQMKXJLCZBAUHSYD_Oman_DELIM-RZHFVQMKXJLCZBAUHSYD_4389_DELIM-RZHFVQMKXJLCZBAUHSYD_2016                  0.18%    passed     99.93%
****  TOTAL                                                                                                              0.95%  0 sequences failed composition chi2 test (p-value<5%; df=3)
NOTE: B_DELIM-RZHFVQMKXJLCZBAUHSYD_NewYork_DELIM-RZHFVQMKXJLCZBAUHSYD_1101_DELIM-RZHFVQMKXJLCZBAUHSYD_2007 is identical to B_DELIM-RZHFVQMKXJLCZBAUHSYD_NewYork_DELIM-RZHFVQMKXJLCZBAUHSYD_1100_DELIM-RZHFVQMKXJLCZBAUHSYD_2007 but kept for subsequent analysis
NOTE: B_DELIM-RZHFVQMKXJLCZBAUHSYD_Colorado_DELIM-RZHFVQMKXJLCZBAUHSYD_6_DELIM-RZHFVQMKXJLCZBAUHSYD_2017 is identical to B_DELIM-RZHFVQMKXJLCZBAUHSYD_Valparaiso_DELIM-RZHFVQMKXJLCZBAUHSYD_55955_DELIM-RZHFVQMKXJLCZBAUHSYD_2018 but kept for subsequent analysis
NOTE: B_DELIM-RZHFVQMKXJLCZBAUHSYD_Kenya_DELIM-RZHFVQMKXJLCZBAUHSYD_118_DELIM-RZHFVQMKXJLCZBAUHSYD_2020 is identical to B_DELIM-RZHFVQMKXJLCZBAUHSYD_Kenya_DELIM-RZHFVQMKXJLCZBAUHSYD_113_DELIM-RZHFVQMKXJLCZBAUHSYD_2020 but kept for subsequent analysis
NOTE: B_DELIM-RZHFVQMKXJLCZBAUHSYD_California_DELIM-RZHFVQMKXJLCZBAUHSYD_NHRC0005_DELIM-RZHFVQMKXJLCZBAUHSYD_2006 is identical to B_DELIM-RZHFVQMKXJLCZBAUHSYD_California_DELIM-RZHFVQMKXJLCZBAUHSYD_NHRC0003_DELIM-RZHFVQMKXJLCZBAUHSYD_2006 but kept for subsequent analysis
NOTE: B_DELIM-RZHFVQMKXJLCZBAUHSYD_Bahrain_DELIM-RZHFVQMKXJLCZBAUHSYD_157_DELIM-RZHFVQMKXJLCZBAUHSYD_2021 is identical to B_DELIM-RZHFVQMKXJLCZBAUHSYD_Bahrain_DELIM-RZHFVQMKXJLCZBAUHSYD_7887_DELIM-RZHFVQMKXJLCZBAUHSYD_2021 but kept for subsequent analysis
NOTE: B_DELIM-RZHFVQMKXJLCZBAUHSYD_Sweden_DELIM-RZHFVQMKXJLCZBAUHSYD_61_DELIM-RZHFVQMKXJLCZBAUHSYD_2020 is identical to B_DELIM-RZHFVQMKXJLCZBAUHSYD_Sweden_DELIM-RZHFVQMKXJLCZBAUHSYD_60_DELIM-RZHFVQMKXJLCZBAUHSYD_2020 but kept for subsequent analysis
NOTE: B_DELIM-RZHFVQMKXJLCZBAUHSYD_England_DELIM-RZHFVQMKXJLCZBAUHSYD_61880796_DELIM-RZHFVQMKXJLCZBAUHSYD_2016 is identical to B_DELIM-RZHFVQMKXJLCZBAUHSYD_England_DELIM-RZHFVQMKXJLCZBAUHSYD_473_DELIM-RZHFVQMKXJLCZBAUHSYD_2015 but kept for subsequent analysis
NOTE: B_DELIM-RZHFVQMKXJLCZBAUHSYD_Para_DELIM-RZHFVQMKXJLCZBAUHSYD_182609-IEC_DELIM-RZHFVQMKXJLCZBAUHSYD_2022 is identical to B_DELIM-RZHFVQMKXJLCZBAUHSYD_Para_DELIM-RZHFVQMKXJLCZBAUHSYD_182332-IEC_DELIM-RZHFVQMKXJLCZBAUHSYD_2022 but kept for subsequent analysis
NOTE: B_DELIM-RZHFVQMKXJLCZBAUHSYD_Uruguay_DELIM-RZHFVQMKXJLCZBAUHSYD_102_DELIM-RZHFVQMKXJLCZBAUHSYD_2015 is identical to B_DELIM-RZHFVQMKXJLCZBAUHSYD_Uruguay_DELIM-RZHFVQMKXJLCZBAUHSYD_98_DELIM-RZHFVQMKXJLCZBAUHSYD_2015 but kept for subsequent analysis
NOTE: B_DELIM-RZHFVQMKXJLCZBAUHSYD_Singapore_DELIM-RZHFVQMKXJLCZBAUHSYD_SAR3797_DELIM-RZHFVQMKXJLCZBAUHSYD_2022 is identical to B_DELIM-RZHFVQMKXJLCZBAUHSYD_Singapore_DELIM-RZHFVQMKXJLCZBAUHSYD_WUH4618_DELIM-RZHFVQMKXJLCZBAUHSYD_2021 but kept for subsequent analysis
NOTE: B_DELIM-RZHFVQMKXJLCZBAUHSYD_Lao_DELIM-RZHFVQMKXJLCZBAUHSYD_426_DELIM-RZHFVQMKXJLCZBAUHSYD_2015 is identical to B_DELIM-RZHFVQMKXJLCZBAUHSYD_Chanthaburi_DELIM-RZHFVQMKXJLCZBAUHSYD_598_DELIM-RZHFVQMKXJLCZBAUHSYD_2015 but kept for subsequent analysis
NOTE: B_DELIM-RZHFVQMKXJLCZBAUHSYD_Kenya_DELIM-RZHFVQMKXJLCZBAUHSYD_127_DELIM-RZHFVQMKXJLCZBAUHSYD_2021 is identical to B_DELIM-RZHFVQMKXJLCZBAUHSYD_Kenya_DELIM-RZHFVQMKXJLCZBAUHSYD_129_DELIM-RZHFVQMKXJLCZBAUHSYD_2021 but kept for subsequent analysis
NOTE: B_DELIM-RZHFVQMKXJLCZBAUHSYD_Oman_DELIM-RZHFVQMKXJLCZBAUHSYD_2250_DELIM-RZHFVQMKXJLCZBAUHSYD_2019 is identical to B_DELIM-RZHFVQMKXJLCZBAUHSYD_Connecticut_DELIM-RZHFVQMKXJLCZBAUHSYD_5_DELIM-RZHFVQMKXJLCZBAUHSYD_2019 but kept for subsequent analysis
NOTE: B_DELIM-RZHFVQMKXJLCZBAUHSYD_Kanagawa_DELIM-RZHFVQMKXJLCZBAUHSYD_IC2_DELIM-RZHFVQMKXJLCZBAUHSYD_2016 is identical to B_DELIM-RZHFVQMKXJLCZBAUHSYD_Kanagawa_DELIM-RZHFVQMKXJLCZBAUHSYD_IC37_DELIM-RZHFVQMKXJLCZBAUHSYD_2016 but kept for subsequent analysis
NOTE: B_DELIM-RZHFVQMKXJLCZBAUHSYD_Oman_DELIM-RZHFVQMKXJLCZBAUHSYD_4957_DELIM-RZHFVQMKXJLCZBAUHSYD_2016 is identical to B_DELIM-RZHFVQMKXJLCZBAUHSYD_Bangladesh_DELIM-RZHFVQMKXJLCZBAUHSYD_8005_DELIM-RZHFVQMKXJLCZBAUHSYD_2017 but kept for subsequent analysis
NOTE: B_DELIM-RZHFVQMKXJLCZBAUHSYD_Bangladesh_DELIM-RZHFVQMKXJLCZBAUHSYD_3015_DELIM-RZHFVQMKXJLCZBAUHSYD_2021 is identical to B_DELIM-RZHFVQMKXJLCZBAUHSYD_Bangladesh_DELIM-RZHFVQMKXJLCZBAUHSYD_3007_DELIM-RZHFVQMKXJLCZBAUHSYD_2021 but kept for subsequent analysis
NOTE: B_DELIM-RZHFVQMKXJLCZBAUHSYD_Maryland_DELIM-RZHFVQMKXJLCZBAUHSYD_27_DELIM-RZHFVQMKXJLCZBAUHSYD_2018 is identical to B_DELIM-RZHFVQMKXJLCZBAUHSYD_Maryland_DELIM-RZHFVQMKXJLCZBAUHSYD_29_DELIM-RZHFVQMKXJLCZBAUHSYD_2018 but kept for subsequent analysis
NOTE: B_DELIM-RZHFVQMKXJLCZBAUHSYD_Stockholm_DELIM-RZHFVQMKXJLCZBAUHSYD_2_DELIM-RZHFVQMKXJLCZBAUHSYD_2021 is identical to B_DELIM-RZHFVQMKXJLCZBAUHSYD_Stockholm_DELIM-RZHFVQMKXJLCZBAUHSYD_3_DELIM-RZHFVQMKXJLCZBAUHSYD_2021 but kept for subsequent analysis
NOTE: B_DELIM-RZHFVQMKXJLCZBAUHSYD_Togo_DELIM-RZHFVQMKXJLCZBAUHSYD_752_DELIM-RZHFVQMKXJLCZBAUHSYD_2019 is identical to B_DELIM-RZHFVQMKXJLCZBAUHSYD_Mali_DELIM-RZHFVQMKXJLCZBAUHSYD_132_DELIM-RZHFVQMKXJLCZBAUHSYD_2018 but kept for subsequent analysis
NOTE: B_DELIM-RZHFVQMKXJLCZBAUHSYD_NewMexico_DELIM-RZHFVQMKXJLCZBAUHSYD_1_DELIM-RZHFVQMKXJLCZBAUHSYD_2021 is identical to B_DELIM-RZHFVQMKXJLCZBAUHSYD_NorthCarolina_DELIM-RZHFVQMKXJLCZBAUHSYD_1_DELIM-RZHFVQMKXJLCZBAUHSYD_2021 but kept for subsequent analysis
NOTE: B_DELIM-RZHFVQMKXJLCZBAUHSYD_HongKong_DELIM-RZHFVQMKXJLCZBAUHSYD_49_DELIM-RZHFVQMKXJLCZBAUHSYD_2016 is identical to B_DELIM-RZHFVQMKXJLCZBAUHSYD_Singapore_DELIM-RZHFVQMKXJLCZBAUHSYD_INFEN-16-0096_DELIM-RZHFVQMKXJLCZBAUHSYD_2016 but kept for subsequent analysis
NOTE: 9 identical sequences (see below) will be ignored for subsequent analysis
NOTE: B_DELIM-RZHFVQMKXJLCZBAUHSYD_Iowa_DELIM-RZHFVQMKXJLCZBAUHSYD_6_DELIM-RZHFVQMKXJLCZBAUHSYD_2017 (identical to B_DELIM-RZHFVQMKXJLCZBAUHSYD_Valparaiso_DELIM-RZHFVQMKXJLCZBAUHSYD_55955_DELIM-RZHFVQMKXJLCZBAUHSYD_2018) is ignored but added at the end
NOTE: B_DELIM-RZHFVQMKXJLCZBAUHSYD_Santiago_DELIM-RZHFVQMKXJLCZBAUHSYD_47361_DELIM-RZHFVQMKXJLCZBAUHSYD_2018 (identical to B_DELIM-RZHFVQMKXJLCZBAUHSYD_Valparaiso_DELIM-RZHFVQMKXJLCZBAUHSYD_55955_DELIM-RZHFVQMKXJLCZBAUHSYD_2018) is ignored but added at the end
NOTE: B_DELIM-RZHFVQMKXJLCZBAUHSYD_Wisconsin_DELIM-RZHFVQMKXJLCZBAUHSYD_44_DELIM-RZHFVQMKXJLCZBAUHSYD_2016 (identical to B_DELIM-RZHFVQMKXJLCZBAUHSYD_Valparaiso_DELIM-RZHFVQMKXJLCZBAUHSYD_55955_DELIM-RZHFVQMKXJLCZBAUHSYD_2018) is ignored but added at the end
NOTE: B_DELIM-RZHFVQMKXJLCZBAUHSYD_Kenya_DELIM-RZHFVQMKXJLCZBAUHSYD_120_DELIM-RZHFVQMKXJLCZBAUHSYD_2020 (identical to B_DELIM-RZHFVQMKXJLCZBAUHSYD_Kenya_DELIM-RZHFVQMKXJLCZBAUHSYD_113_DELIM-RZHFVQMKXJLCZBAUHSYD_2020) is ignored but added at the end
NOTE: B_DELIM-RZHFVQMKXJLCZBAUHSYD_Para_DELIM-RZHFVQMKXJLCZBAUHSYD_182333-IEC_DELIM-RZHFVQMKXJLCZBAUHSYD_2022 (identical to B_DELIM-RZHFVQMKXJLCZBAUHSYD_Para_DELIM-RZHFVQMKXJLCZBAUHSYD_182332-IEC_DELIM-RZHFVQMKXJLCZBAUHSYD_2022) is ignored but added at the end
NOTE: B_DELIM-RZHFVQMKXJLCZBAUHSYD_Singapore_DELIM-RZHFVQMKXJLCZBAUHSYD_KK0005_DELIM-RZHFVQMKXJLCZBAUHSYD_2021 (identical to B_DELIM-RZHFVQMKXJLCZBAUHSYD_Singapore_DELIM-RZHFVQMKXJLCZBAUHSYD_WUH4618_DELIM-RZHFVQMKXJLCZBAUHSYD_2021) is ignored but added at the end
NOTE: B_DELIM-RZHFVQMKXJLCZBAUHSYD_Singapore_DELIM-RZHFVQMKXJLCZBAUHSYD_WUH4855_DELIM-RZHFVQMKXJLCZBAUHSYD_2021 (identical to B_DELIM-RZHFVQMKXJLCZBAUHSYD_Singapore_DELIM-RZHFVQMKXJLCZBAUHSYD_WUH4618_DELIM-RZHFVQMKXJLCZBAUHSYD_2021) is ignored but added at the end
NOTE: B_DELIM-RZHFVQMKXJLCZBAUHSYD_Washington_DELIM-RZHFVQMKXJLCZBAUHSYD_2_DELIM-RZHFVQMKXJLCZBAUHSYD_2019 (identical to B_DELIM-RZHFVQMKXJLCZBAUHSYD_Connecticut_DELIM-RZHFVQMKXJLCZBAUHSYD_5_DELIM-RZHFVQMKXJLCZBAUHSYD_2019) is ignored but added at the end
NOTE: B_DELIM-RZHFVQMKXJLCZBAUHSYD_Saipan_DELIM-RZHFVQMKXJLCZBAUHSYD_1052_DELIM-RZHFVQMKXJLCZBAUHSYD_2019 (identical to B_DELIM-RZHFVQMKXJLCZBAUHSYD_Connecticut_DELIM-RZHFVQMKXJLCZBAUHSYD_5_DELIM-RZHFVQMKXJLCZBAUHSYD_2019) is ignored but added at the end
Alignment was printed to results/aligned_cdc_vic_pa_60y_cell_hi-delim.fasta.uniqueseq.phy

For your convenience alignment with unique sequences printed to results/aligned_cdc_vic_pa_60y_cell_hi-delim.fasta.uniqueseq.phy

Create initial parsimony tree by phylogenetic likelihood library (PLL)... 0.050 seconds

NOTE: 9 MB RAM (0 GB) is required!
Estimate model parameters (epsilon = 0.500)
1. Initial log-likelihood: -13981.666
2. Current log-likelihood: -13045.321
Optimal log-likelihood: -13045.305
Rate parameters:  A-C: 1.84268  A-G: 16.34543  A-T: 0.91526  C-G: 0.10487  C-T: 22.50025  G-T: 1.00000
Base frequencies:  A: 0.374  C: 0.153  G: 0.229  T: 0.244
Parameters optimization took 2 rounds (1.298 sec)
Computing ML distances based on estimated model parameters...
Computing ML distances took 0.452053 sec (of wall-clock time) 0.452029 sec(of CPU time)
Computing RapidNJ tree took 0.011025 sec (of wall-clock time) 0.018358 sec (of CPU time)
Log-likelihood of RapidNJ tree: -13080.652
--------------------------------------------------------------------
|             INITIALIZING CANDIDATE TREE SET                      |
--------------------------------------------------------------------

Do NNI search on 2 best initial trees
Estimate model parameters (epsilon = 0.500)
BETTER TREE FOUND at iteration 1: -13035.920
Estimate model parameters (epsilon = 0.500)
BETTER TREE FOUND at iteration 2: -13029.652
Finish initializing candidate tree set (4)
Current best tree score: -13029.652 / CPU time: 0.970
Number of iterations: 2
TREE SEARCH COMPLETED AFTER 2 ITERATIONS / Time: 0h:0m:2s

--------------------------------------------------------------------
|                    FINALIZING TREE SEARCH                        |
--------------------------------------------------------------------
Performs final model parameters optimization
Estimate model parameters (epsilon = 0.050)
1. Initial log-likelihood: -13029.652
Optimal log-likelihood: -13029.652
Rate parameters:  A-C: 1.83698  A-G: 16.44448  A-T: 0.89461  C-G: 0.10732  C-T: 22.41136  G-T: 1.00000
Base frequencies:  A: 0.374  C: 0.153  G: 0.229  T: 0.244
Parameters optimization took 1 rounds (0.082 sec)
BEST SCORE FOUND : -13029.652
Total tree length: 0.581

Total number of iterations: 2
CPU time used for tree search: 1.027 sec (0h:0m:1s)
Wall-clock time used for tree search: 0.973 sec (0h:0m:0s)
Total CPU time used: 3.266 sec (0h:0m:3s)
Total wall-clock time used: 3.076 sec (0h:0m:3s)

Analysis results written to: 
  IQ-TREE report:                results/aligned_cdc_vic_pa_60y_cell_hi-delim.fasta.iqtree
  Maximum-likelihood tree:       results/aligned_cdc_vic_pa_60y_cell_hi-delim.fasta.treefile
  Likelihood distances:          results/aligned_cdc_vic_pa_60y_cell_hi-delim.fasta.mldist
  Screen log file:               results/aligned_cdc_vic_pa_60y_cell_hi-delim.fasta.log

Date and Time: Fri Aug 26 19:15:42 2022
