IQ-TREE multicore version 2.1.2 COVID-edition for Linux 64-bit built Oct 22 2020
Developed by Bui Quang Minh, James Barbetti, Nguyen Lam Tung,
Olga Chernomor, Heiko Schmidt, Dominik Schrempf, Michael Woodhams.

Host:    ip-172-31-91-179.ec2.internal (AVX512, FMA3, 7 GB RAM)
Command: iqtree -nt 1 -s results/aligned_cdc_vic_np_60y_cell_hi-delim.fasta -m GTR -ninit 2 -n 2 -me 0.05
Seed:    764049 (Using SPRNG - Scalable Parallel Random Number Generator)
Time:    Fri Aug 26 21:32:57 2022
Kernel:  AVX+FMA - 1 threads (4 CPU cores detected)

HINT: Use -nt option to specify number of threads because your CPU has 4 cores!
HINT: -nt AUTO will automatically determine the best number of threads to use.

Reading alignment file results/aligned_cdc_vic_np_60y_cell_hi-delim.fasta ... Fasta format detected
Alignment most likely contains DNA/RNA sequences
Alignment has 396 sequences with 1810 columns, 542 distinct patterns
303 parsimony-informative, 183 singleton sites, 1324 constant sites
                                                                                                                 Gap/Ambiguity  Composition  p-value
   1  B_DELIM-AJLQUPBXDGGECINUNTDA_Bolivia_DELIM-AJLQUPBXDGGECINUNTDA_663_DELIM-AJLQUPBXDGGECINUNTDA_2019                0.06%    passed     99.70%
   2  B_DELIM-AJLQUPBXDGGECINUNTDA_Bolivia_DELIM-AJLQUPBXDGGECINUNTDA_1281_DELIM-AJLQUPBXDGGECINUNTDA_2017               0.00%    passed     99.83%
   3  B_DELIM-AJLQUPBXDGGECINUNTDA_SouthAfrica_DELIM-AJLQUPBXDGGECINUNTDA_8987_DELIM-AJLQUPBXDGGECINUNTDA_2021           0.00%    passed     99.96%
   4  B_DELIM-AJLQUPBXDGGECINUNTDA_England_DELIM-AJLQUPBXDGGECINUNTDA_214881269_DELIM-AJLQUPBXDGGECINUNTDA_2021          7.02%    passed     87.63%
   5  B_DELIM-AJLQUPBXDGGECINUNTDA_Pakistan_DELIM-AJLQUPBXDGGECINUNTDA_1390_DELIM-AJLQUPBXDGGECINUNTDA_2016              0.00%    passed     99.95%
   6  B_DELIM-AJLQUPBXDGGECINUNTDA_Santiago_DELIM-AJLQUPBXDGGECINUNTDA_107979_DELIM-AJLQUPBXDGGECINUNTDA_2018            0.00%    passed     98.94%
   7  B_DELIM-AJLQUPBXDGGECINUNTDA_Connecticut_DELIM-AJLQUPBXDGGECINUNTDA_52_DELIM-AJLQUPBXDGGECINUNTDA_2017             0.00%    passed     99.44%
   8  B_DELIM-AJLQUPBXDGGECINUNTDA_Kenya_DELIM-AJLQUPBXDGGECINUNTDA_115_DELIM-AJLQUPBXDGGECINUNTDA_2022                  0.00%    passed     99.86%
   9  B_DELIM-AJLQUPBXDGGECINUNTDA_Maryland_DELIM-AJLQUPBXDGGECINUNTDA_29_DELIM-AJLQUPBXDGGECINUNTDA_2018                0.00%    passed     99.75%
  10  B_DELIM-AJLQUPBXDGGECINUNTDA_Uruguay_DELIM-AJLQUPBXDGGECINUNTDA_102_DELIM-AJLQUPBXDGGECINUNTDA_2015                7.02%    passed     92.21%
  11  B_DELIM-AJLQUPBXDGGECINUNTDA_Washington_DELIM-AJLQUPBXDGGECINUNTDA_2_DELIM-AJLQUPBXDGGECINUNTDA_2019               0.00%    passed     99.91%
  12  B_DELIM-AJLQUPBXDGGECINUNTDA_Singapore_DELIM-AJLQUPBXDGGECINUNTDA_WUH6286_DELIM-AJLQUPBXDGGECINUNTDA_2021          7.07%    passed     82.26%
  13  B_DELIM-AJLQUPBXDGGECINUNTDA_Congo_DELIM-AJLQUPBXDGGECINUNTDA_95_DELIM-AJLQUPBXDGGECINUNTDA_2017                   0.00%    passed     99.18%
  14  B_DELIM-AJLQUPBXDGGECINUNTDA_TimorLeste_DELIM-AJLQUPBXDGGECINUNTDA_41_DELIM-AJLQUPBXDGGECINUNTDA_2018              2.38%    passed     98.14%
  15  B_DELIM-AJLQUPBXDGGECINUNTDA_PuertoRico_DELIM-AJLQUPBXDGGECINUNTDA_39_DELIM-AJLQUPBXDGGECINUNTDA_2017              0.55%    passed     99.85%
  16  B_DELIM-AJLQUPBXDGGECINUNTDA_Bangladesh_DELIM-AJLQUPBXDGGECINUNTDA_1392_DELIM-AJLQUPBXDGGECINUNTDA_2021            0.00%    passed     99.85%
  17  B_DELIM-AJLQUPBXDGGECINUNTDA_England_DELIM-AJLQUPBXDGGECINUNTDA_71_DELIM-AJLQUPBXDGGECINUNTDA_2017                 7.18%    passed     92.65%
  18  B_DELIM-AJLQUPBXDGGECINUNTDA_Stockholm_DELIM-AJLQUPBXDGGECINUNTDA_6_DELIM-AJLQUPBXDGGECINUNTDA_2014                7.02%    passed     83.31%
  19  B_DELIM-AJLQUPBXDGGECINUNTDA_Pernambuco_DELIM-AJLQUPBXDGGECINUNTDA_145850-IEC_DELIM-AJLQUPBXDGGECINUNTDA_2017      0.00%    passed     99.79%
  20  B_DELIM-AJLQUPBXDGGECINUNTDA_Georgia_DELIM-AJLQUPBXDGGECINUNTDA_NHRC0001_DELIM-AJLQUPBXDGGECINUNTDA_2003           2.65%    passed     89.02%
  21  B_DELIM-AJLQUPBXDGGECINUNTDA_Boston_DELIM-AJLQUPBXDGGECINUNTDA_YGB_01057_DELIM-AJLQUPBXDGGECINUNTDA_2013           0.06%    passed     99.64%
  22  B_DELIM-AJLQUPBXDGGECINUNTDA_StPetersburg_DELIM-AJLQUPBXDGGECINUNTDA_RII-16646S_DELIM-AJLQUPBXDGGECINUNTDA_2022    0.00%    passed     99.52%
  23  B_DELIM-AJLQUPBXDGGECINUNTDA_Bangladesh_DELIM-AJLQUPBXDGGECINUNTDA_11005_DELIM-AJLQUPBXDGGECINUNTDA_2015           0.00%    passed     99.47%
  24  B_DELIM-AJLQUPBXDGGECINUNTDA_Singapore_DELIM-AJLQUPBXDGGECINUNTDA_KK0039_DELIM-AJLQUPBXDGGECINUNTDA_2022           7.13%    passed     89.88%
  25  B_DELIM-AJLQUPBXDGGECINUNTDA_Mali_DELIM-AJLQUPBXDGGECINUNTDA_76_DELIM-AJLQUPBXDGGECINUNTDA_2018                    0.00%    passed     99.75%
  26  B_DELIM-AJLQUPBXDGGECINUNTDA_HongKong_DELIM-AJLQUPBXDGGECINUNTDA_1835_DELIM-AJLQUPBXDGGECINUNTDA_2015              7.02%    passed     87.41%
  27  B_DELIM-AJLQUPBXDGGECINUNTDA_NewYork_DELIM-AJLQUPBXDGGECINUNTDA_1092_DELIM-AJLQUPBXDGGECINUNTDA_2006               0.06%    passed     95.02%
  28  B_DELIM-AJLQUPBXDGGECINUNTDA_Honduras_DELIM-AJLQUPBXDGGECINUNTDA_2870_DELIM-AJLQUPBXDGGECINUNTDA_2018              0.00%    passed     99.09%
  29  B_DELIM-AJLQUPBXDGGECINUNTDA_Singapore_DELIM-AJLQUPBXDGGECINUNTDA_KK0272_DELIM-AJLQUPBXDGGECINUNTDA_2017           7.02%    passed     85.62%
  30  B_DELIM-AJLQUPBXDGGECINUNTDA_Bahrain_DELIM-AJLQUPBXDGGECINUNTDA_652_DELIM-AJLQUPBXDGGECINUNTDA_2018                0.00%    passed     99.34%
  31  B_DELIM-AJLQUPBXDGGECINUNTDA_Hawaii_DELIM-AJLQUPBXDGGECINUNTDA_22_DELIM-AJLQUPBXDGGECINUNTDA_2018                  0.00%    passed     99.09%
  32  B_DELIM-AJLQUPBXDGGECINUNTDA_Honduras_DELIM-AJLQUPBXDGGECINUNTDA_9056_DELIM-AJLQUPBXDGGECINUNTDA_2016              0.00%    passed     99.96%
  33  B_DELIM-AJLQUPBXDGGECINUNTDA_Lao_DELIM-AJLQUPBXDGGECINUNTDA_935_DELIM-AJLQUPBXDGGECINUNTDA_2020                    0.00%    passed     99.34%
  34  B_DELIM-AJLQUPBXDGGECINUNTDA_Para_DELIM-AJLQUPBXDGGECINUNTDA_182637-IEC_DELIM-AJLQUPBXDGGECINUNTDA_2022            0.00%    passed     99.91%
  35  B_DELIM-AJLQUPBXDGGECINUNTDA_Maryland_DELIM-AJLQUPBXDGGECINUNTDA_1_DELIM-AJLQUPBXDGGECINUNTDA_2021                 0.00%    passed     99.48%
  36  B_DELIM-AJLQUPBXDGGECINUNTDA_Kazakhstan_DELIM-AJLQUPBXDGGECINUNTDA_346_DELIM-AJLQUPBXDGGECINUNTDA_2018             0.00%    passed     99.71%
  37  B_DELIM-AJLQUPBXDGGECINUNTDA_HongKong_DELIM-AJLQUPBXDGGECINUNTDA_21_DELIM-AJLQUPBXDGGECINUNTDA_2017                0.00%    passed     99.71%
  38  B_DELIM-AJLQUPBXDGGECINUNTDA_Kenya_DELIM-AJLQUPBXDGGECINUNTDA_112_DELIM-AJLQUPBXDGGECINUNTDA_2016                  0.00%    passed     99.75%
  39  B_DELIM-AJLQUPBXDGGECINUNTDA_Rostov_DELIM-AJLQUPBXDGGECINUNTDA_340V_DELIM-AJLQUPBXDGGECINUNTDA_2021                0.00%    passed     99.47%
  40  B_DELIM-AJLQUPBXDGGECINUNTDA_HongKong_DELIM-AJLQUPBXDGGECINUNTDA_931_DELIM-AJLQUPBXDGGECINUNTDA_2017               0.00%    passed     99.98%
  41  B_DELIM-AJLQUPBXDGGECINUNTDA_Lao_DELIM-AJLQUPBXDGGECINUNTDA_743_DELIM-AJLQUPBXDGGECINUNTDA_2017                    0.00%    passed     99.72%
  42  B_DELIM-AJLQUPBXDGGECINUNTDA_Illinois_DELIM-AJLQUPBXDGGECINUNTDA_NHRC0001_DELIM-AJLQUPBXDGGECINUNTDA_2003          2.65%    passed     82.02%
  43  B_DELIM-AJLQUPBXDGGECINUNTDA_Congo_DELIM-AJLQUPBXDGGECINUNTDA_262_DELIM-AJLQUPBXDGGECINUNTDA_2019                  0.00%    passed     99.79%
  44  B_DELIM-AJLQUPBXDGGECINUNTDA_Singapore_DELIM-AJLQUPBXDGGECINUNTDA_SAR56861_DELIM-AJLQUPBXDGGECINUNTDA_2021         7.02%    passed     81.28%
  45  B_DELIM-AJLQUPBXDGGECINUNTDA_Niger_DELIM-AJLQUPBXDGGECINUNTDA_8692_DELIM-AJLQUPBXDGGECINUNTDA_2021                 0.00%    passed     99.19%
  46  B_DELIM-AJLQUPBXDGGECINUNTDA_Lao_DELIM-AJLQUPBXDGGECINUNTDA_2392_DELIM-AJLQUPBXDGGECINUNTDA_2016                   0.00%    passed     99.65%
  47  B_DELIM-AJLQUPBXDGGECINUNTDA_Singapore_DELIM-AJLQUPBXDGGECINUNTDA_NUH0031_DELIM-AJLQUPBXDGGECINUNTDA_2019          7.02%    passed     81.28%
  48  B_DELIM-AJLQUPBXDGGECINUNTDA_Bolivia_DELIM-AJLQUPBXDGGECINUNTDA_350_DELIM-AJLQUPBXDGGECINUNTDA_2018                0.00%    passed     98.26%
  49  B_DELIM-AJLQUPBXDGGECINUNTDA_Guatemala_DELIM-AJLQUPBXDGGECINUNTDA_52_DELIM-AJLQUPBXDGGECINUNTDA_2012               7.02%    passed     86.82%
  50  B_DELIM-AJLQUPBXDGGECINUNTDA_HongKong_DELIM-AJLQUPBXDGGECINUNTDA_1545_DELIM-AJLQUPBXDGGECINUNTDA_2016              0.00%    passed     99.86%
  51  B_DELIM-AJLQUPBXDGGECINUNTDA_HongKong_DELIM-AJLQUPBXDGGECINUNTDA_728_DELIM-AJLQUPBXDGGECINUNTDA_2017               0.00%    passed     99.98%
  52  B_DELIM-AJLQUPBXDGGECINUNTDA_Sweden_DELIM-AJLQUPBXDGGECINUNTDA_60_DELIM-AJLQUPBXDGGECINUNTDA_2018                  7.02%    passed     90.91%
  53  B_DELIM-AJLQUPBXDGGECINUNTDA_Mali_DELIM-AJLQUPBXDGGECINUNTDA_154_DELIM-AJLQUPBXDGGECINUNTDA_2019                   0.00%    passed     99.75%
  54  B_DELIM-AJLQUPBXDGGECINUNTDA_Kenya_DELIM-AJLQUPBXDGGECINUNTDA_113_DELIM-AJLQUPBXDGGECINUNTDA_2020                  0.00%    passed     99.24%
  55  B_DELIM-AJLQUPBXDGGECINUNTDA_Guatemala_DELIM-AJLQUPBXDGGECINUNTDA_52_DELIM-AJLQUPBXDGGECINUNTDA_2022               0.00%    passed     99.91%
  56  B_DELIM-AJLQUPBXDGGECINUNTDA_NewYork_DELIM-AJLQUPBXDGGECINUNTDA_1117_DELIM-AJLQUPBXDGGECINUNTDA_2007               0.06%    passed     93.19%
  57  B_DELIM-AJLQUPBXDGGECINUNTDA_Togo_DELIM-AJLQUPBXDGGECINUNTDA_752_DELIM-AJLQUPBXDGGECINUNTDA_2019                   0.00%    passed     99.91%
  58  B_DELIM-AJLQUPBXDGGECINUNTDA_Kenya_DELIM-AJLQUPBXDGGECINUNTDA_116_DELIM-AJLQUPBXDGGECINUNTDA_2022                  0.00%    passed     99.75%
  59  B_DELIM-AJLQUPBXDGGECINUNTDA_Niger_DELIM-AJLQUPBXDGGECINUNTDA_7737_DELIM-AJLQUPBXDGGECINUNTDA_2020                 0.00%    passed     99.98%
  60  B_DELIM-AJLQUPBXDGGECINUNTDA_England_DELIM-AJLQUPBXDGGECINUNTDA_92840642_DELIM-AJLQUPBXDGGECINUNTDA_2019           7.02%    passed     85.91%
  61  B_DELIM-AJLQUPBXDGGECINUNTDA_Bangladesh_DELIM-AJLQUPBXDGGECINUNTDA_9003_DELIM-AJLQUPBXDGGECINUNTDA_2021            0.00%    passed     99.04%
  62  B_DELIM-AJLQUPBXDGGECINUNTDA_Netherlands_DELIM-AJLQUPBXDGGECINUNTDA_10143_DELIM-AJLQUPBXDGGECINUNTDA_2022          4.86%    passed     96.90%
  63  B_DELIM-AJLQUPBXDGGECINUNTDA_Bangladesh_DELIM-AJLQUPBXDGGECINUNTDA_31266_DELIM-AJLQUPBXDGGECINUNTDA_2017           0.00%    passed     99.98%
  64  B_DELIM-AJLQUPBXDGGECINUNTDA_Singapore_DELIM-AJLQUPBXDGGECINUNTDA_GP1962_DELIM-AJLQUPBXDGGECINUNTDA_2022           7.13%    passed     90.58%
  65  B_DELIM-AJLQUPBXDGGECINUNTDA_Boston_DELIM-AJLQUPBXDGGECINUNTDA_YGB_01007_DELIM-AJLQUPBXDGGECINUNTDA_2013           0.06%    passed     99.83%
  66  B_DELIM-AJLQUPBXDGGECINUNTDA_FrenchGuiana_DELIM-AJLQUPBXDGGECINUNTDA_7093_DELIM-AJLQUPBXDGGECINUNTDA_2016          0.00%    passed     99.98%
  67  B_DELIM-AJLQUPBXDGGECINUNTDA_NewYork_DELIM-AJLQUPBXDGGECINUNTDA_1102_DELIM-AJLQUPBXDGGECINUNTDA_2007               0.06%    passed     95.02%
  68  B_DELIM-AJLQUPBXDGGECINUNTDA_AbuDhabi_DELIM-AJLQUPBXDGGECINUNTDA_2210731356_DELIM-AJLQUPBXDGGECINUNTDA_2021        0.00%    passed     99.98%
  69  B_DELIM-AJLQUPBXDGGECINUNTDA_Florida_DELIM-AJLQUPBXDGGECINUNTDA_9_DELIM-AJLQUPBXDGGECINUNTDA_2020                  0.00%    passed     99.68%
  70  B_DELIM-AJLQUPBXDGGECINUNTDA_CoteDIvoire_DELIM-AJLQUPBXDGGECINUNTDA_218_DELIM-AJLQUPBXDGGECINUNTDA_2019            0.00%    passed     99.65%
  71  B_DELIM-AJLQUPBXDGGECINUNTDA_Nigeria_DELIM-AJLQUPBXDGGECINUNTDA_3352_DELIM-AJLQUPBXDGGECINUNTDA_2018               0.00%    passed     99.51%
  72  B_DELIM-AJLQUPBXDGGECINUNTDA_Bangladesh_DELIM-AJLQUPBXDGGECINUNTDA_9004_DELIM-AJLQUPBXDGGECINUNTDA_2018            0.00%    passed     99.09%
  73  B_DELIM-AJLQUPBXDGGECINUNTDA_NewYork_DELIM-AJLQUPBXDGGECINUNTDA_1088_DELIM-AJLQUPBXDGGECINUNTDA_2006               0.06%    passed     96.37%
  74  B_DELIM-AJLQUPBXDGGECINUNTDA_Sergipe_DELIM-AJLQUPBXDGGECINUNTDA_13457_DELIM-AJLQUPBXDGGECINUNTDA_2020              0.00%    passed     99.65%
  75  B_DELIM-AJLQUPBXDGGECINUNTDA_Nebraska_DELIM-AJLQUPBXDGGECINUNTDA_1_DELIM-AJLQUPBXDGGECINUNTDA_2022                 0.00%    passed     99.85%
  76  B_DELIM-AJLQUPBXDGGECINUNTDA_AbuDhabi_DELIM-AJLQUPBXDGGECINUNTDA_3430298_DELIM-AJLQUPBXDGGECINUNTDA_2021           0.00%    passed     99.71%
  77  B_DELIM-AJLQUPBXDGGECINUNTDA_Lao_DELIM-AJLQUPBXDGGECINUNTDA_452_DELIM-AJLQUPBXDGGECINUNTDA_2020                    0.00%    passed     99.91%
  78  B_DELIM-AJLQUPBXDGGECINUNTDA_Oman_DELIM-AJLQUPBXDGGECINUNTDA_4389_DELIM-AJLQUPBXDGGECINUNTDA_2016                  0.00%    passed     99.91%
  79  B_DELIM-AJLQUPBXDGGECINUNTDA_Colombia_DELIM-AJLQUPBXDGGECINUNTDA_6181_DELIM-AJLQUPBXDGGECINUNTDA_2021              0.00%    passed     99.51%
  80  B_DELIM-AJLQUPBXDGGECINUNTDA_Bangladesh_DELIM-AJLQUPBXDGGECINUNTDA_341_DELIM-AJLQUPBXDGGECINUNTDA_2019             0.00%    passed     99.98%
  81  B_DELIM-AJLQUPBXDGGECINUNTDA_Tasmania_DELIM-AJLQUPBXDGGECINUNTDA_5_DELIM-AJLQUPBXDGGECINUNTDA_2015                 1.66%    passed     98.91%
  82  B_DELIM-AJLQUPBXDGGECINUNTDA_Illinois_DELIM-AJLQUPBXDGGECINUNTDA_UR06-0016_DELIM-AJLQUPBXDGGECINUNTDA_2007         1.71%    passed     95.97%
  83  B_DELIM-AJLQUPBXDGGECINUNTDA_Japan_DELIM-AJLQUPBXDGGECINUNTDA_12213_DELIM-AJLQUPBXDGGECINUNTDA_2020                7.02%    passed     88.67%
  84  B_DELIM-AJLQUPBXDGGECINUNTDA_Ecuador_DELIM-AJLQUPBXDGGECINUNTDA_2908_DELIM-AJLQUPBXDGGECINUNTDA_2016               0.11%    passed     99.71%
  85  B_DELIM-AJLQUPBXDGGECINUNTDA_Kenya_DELIM-AJLQUPBXDGGECINUNTDA_118_DELIM-AJLQUPBXDGGECINUNTDA_2020                  0.00%    passed     99.24%
  86  B_DELIM-AJLQUPBXDGGECINUNTDA_AbuDhabi_DELIM-AJLQUPBXDGGECINUNTDA_1732815_DELIM-AJLQUPBXDGGECINUNTDA_2022           0.06%    passed     99.35%
  87  B_DELIM-AJLQUPBXDGGECINUNTDA_Bangladesh_DELIM-AJLQUPBXDGGECINUNTDA_4010_DELIM-AJLQUPBXDGGECINUNTDA_2021            0.00%    passed     99.66%
  88  B_DELIM-AJLQUPBXDGGECINUNTDA_NewMexico_DELIM-AJLQUPBXDGGECINUNTDA_1_DELIM-AJLQUPBXDGGECINUNTDA_2021                0.00%    passed     99.91%
  89  B_DELIM-AJLQUPBXDGGECINUNTDA_Bangladesh_DELIM-AJLQUPBXDGGECINUNTDA_8027_DELIM-AJLQUPBXDGGECINUNTDA_2021            0.00%    passed     99.85%
  90  B_DELIM-AJLQUPBXDGGECINUNTDA_Concepcion_DELIM-AJLQUPBXDGGECINUNTDA_81218_DELIM-AJLQUPBXDGGECINUNTDA_2015           0.00%    passed     99.90%
  91  B_DELIM-AJLQUPBXDGGECINUNTDA_Iquique_DELIM-AJLQUPBXDGGECINUNTDA_28387_DELIM-AJLQUPBXDGGECINUNTDA_2016              0.06%    passed     99.76%
  92  B_DELIM-AJLQUPBXDGGECINUNTDA_Mozambique_DELIM-AJLQUPBXDGGECINUNTDA_203_DELIM-AJLQUPBXDGGECINUNTDA_2019             0.00%    passed     98.11%
  93  B_DELIM-AJLQUPBXDGGECINUNTDA_HongKong_DELIM-AJLQUPBXDGGECINUNTDA_8206_DELIM-AJLQUPBXDGGECINUNTDA_2017              0.00%    passed     98.33%
  94  B_DELIM-AJLQUPBXDGGECINUNTDA_Kazakhstan_DELIM-AJLQUPBXDGGECINUNTDA_169_DELIM-AJLQUPBXDGGECINUNTDA_2017             0.00%    passed     99.27%
  95  B_DELIM-AJLQUPBXDGGECINUNTDA_Michigan_DELIM-AJLQUPBXDGGECINUNTDA_105_DELIM-AJLQUPBXDGGECINUNTDA_2020               0.00%    passed     99.83%
  96  B_DELIM-AJLQUPBXDGGECINUNTDA_Bolivia_DELIM-AJLQUPBXDGGECINUNTDA_1919_DELIM-AJLQUPBXDGGECINUNTDA_2017               0.00%    passed     99.83%
  97  B_DELIM-AJLQUPBXDGGECINUNTDA_NewYork_DELIM-AJLQUPBXDGGECINUNTDA_8_DELIM-AJLQUPBXDGGECINUNTDA_2019                  0.00%    passed     98.83%
  98  B_DELIM-AJLQUPBXDGGECINUNTDA_Singapore_DELIM-AJLQUPBXDGGECINUNTDA_SAR90632_DELIM-AJLQUPBXDGGECINUNTDA_2021         7.02%    passed     81.28%
  99  B_DELIM-AJLQUPBXDGGECINUNTDA_Montana_DELIM-AJLQUPBXDGGECINUNTDA_2_DELIM-AJLQUPBXDGGECINUNTDA_2022                  0.00%    passed     99.91%
 100  B_DELIM-AJLQUPBXDGGECINUNTDA_Boston_DELIM-AJLQUPBXDGGECINUNTDA_YGB_01005_DELIM-AJLQUPBXDGGECINUNTDA_2013           0.06%    passed     99.64%
 101  B_DELIM-AJLQUPBXDGGECINUNTDA_Bangkok_DELIM-AJLQUPBXDGGECINUNTDA_129_DELIM-AJLQUPBXDGGECINUNTDA_2018                0.11%    passed     99.92%
 102  B_DELIM-AJLQUPBXDGGECINUNTDA_California_DELIM-AJLQUPBXDGGECINUNTDA_NHRC0004_DELIM-AJLQUPBXDGGECINUNTDA_2006        2.60%    passed     93.18%
 103  B_DELIM-AJLQUPBXDGGECINUNTDA_Philippines_DELIM-AJLQUPBXDGGECINUNTDA_875_DELIM-AJLQUPBXDGGECINUNTDA_2017            0.00%    passed     99.09%
 104  B_DELIM-AJLQUPBXDGGECINUNTDA_Macedonia_DELIM-AJLQUPBXDGGECINUNTDA_494_DELIM-AJLQUPBXDGGECINUNTDA_2018              0.00%    passed     99.07%
 105  B_DELIM-AJLQUPBXDGGECINUNTDA_Nagasaki_DELIM-AJLQUPBXDGGECINUNTDA_635_DELIM-AJLQUPBXDGGECINUNTDA_2018               7.02%    passed     93.29%
 106  B_DELIM-AJLQUPBXDGGECINUNTDA_Boston_DELIM-AJLQUPBXDGGECINUNTDA_YGB_01006_DELIM-AJLQUPBXDGGECINUNTDA_2013           0.06%    passed     98.66%
 107  B_DELIM-AJLQUPBXDGGECINUNTDA_Sodertalje_DELIM-AJLQUPBXDGGECINUNTDA_1_DELIM-AJLQUPBXDGGECINUNTDA_2022               7.02%    passed     87.41%
 108  B_DELIM-AJLQUPBXDGGECINUNTDA_NewYork_DELIM-AJLQUPBXDGGECINUNTDA_1100_DELIM-AJLQUPBXDGGECINUNTDA_2007               0.06%    passed     95.02%
 109  B_DELIM-AJLQUPBXDGGECINUNTDA_NewCaledonia_DELIM-AJLQUPBXDGGECINUNTDA_27_DELIM-AJLQUPBXDGGECINUNTDA_2015            0.50%    passed     99.73%
 110  B_DELIM-AJLQUPBXDGGECINUNTDA_DistrictOfColumbia_DELIM-AJLQUPBXDGGECINUNTDA_14_DELIM-AJLQUPBXDGGECINUNTDA_2018      0.00%    passed     96.14%
 111  B_DELIM-AJLQUPBXDGGECINUNTDA_Singapore_DELIM-AJLQUPBXDGGECINUNTDA_INFTT-16-0024_DELIM-AJLQUPBXDGGECINUNTDA_2016    0.00%    passed     99.86%
 112  B_DELIM-AJLQUPBXDGGECINUNTDA_Bahrain_DELIM-AJLQUPBXDGGECINUNTDA_7887_DELIM-AJLQUPBXDGGECINUNTDA_2021               0.00%    passed     99.86%
 113  B_DELIM-AJLQUPBXDGGECINUNTDA_Stockholm_DELIM-AJLQUPBXDGGECINUNTDA_3_DELIM-AJLQUPBXDGGECINUNTDA_2021                7.02%    passed     79.03%
 114  B_DELIM-AJLQUPBXDGGECINUNTDA_Maldives_DELIM-AJLQUPBXDGGECINUNTDA_945_DELIM-AJLQUPBXDGGECINUNTDA_2018               0.00%    passed     99.86%
 115  B_DELIM-AJLQUPBXDGGECINUNTDA_Congo_DELIM-AJLQUPBXDGGECINUNTDA_342_DELIM-AJLQUPBXDGGECINUNTDA_2019                  0.00%    passed     99.96%
 116  B_DELIM-AJLQUPBXDGGECINUNTDA_PuntaArenas_DELIM-AJLQUPBXDGGECINUNTDA_58278_DELIM-AJLQUPBXDGGECINUNTDA_2018          0.00%    passed     96.13%
 117  B_DELIM-AJLQUPBXDGGECINUNTDA_RhodeIsland_DELIM-AJLQUPBXDGGECINUNTDA_1_DELIM-AJLQUPBXDGGECINUNTDA_2019              0.00%    passed     99.94%
 118  B_DELIM-AJLQUPBXDGGECINUNTDA_Lund_DELIM-AJLQUPBXDGGECINUNTDA_3_DELIM-AJLQUPBXDGGECINUNTDA_2016                     7.02%    passed     83.60%
 119  B_DELIM-AJLQUPBXDGGECINUNTDA_Bangladesh_DELIM-AJLQUPBXDGGECINUNTDA_8001_DELIM-AJLQUPBXDGGECINUNTDA_2017            0.00%    passed     99.75%
 120  B_DELIM-AJLQUPBXDGGECINUNTDA_Paraguay_DELIM-AJLQUPBXDGGECINUNTDA_6708_DELIM-AJLQUPBXDGGECINUNTDA_2015              0.00%    passed     98.70%
 121  B_DELIM-AJLQUPBXDGGECINUNTDA_Lao_DELIM-AJLQUPBXDGGECINUNTDA_426_DELIM-AJLQUPBXDGGECINUNTDA_2015                    0.00%    passed     99.93%
 122  B_DELIM-AJLQUPBXDGGECINUNTDA_Bangladesh_DELIM-AJLQUPBXDGGECINUNTDA_3028_DELIM-AJLQUPBXDGGECINUNTDA_2017            0.00%    passed     98.36%
 123  B_DELIM-AJLQUPBXDGGECINUNTDA_England_DELIM-AJLQUPBXDGGECINUNTDA_293_DELIM-AJLQUPBXDGGECINUNTDA_2019                7.02%    passed     79.65%
 124  B_DELIM-AJLQUPBXDGGECINUNTDA_Boston_DELIM-AJLQUPBXDGGECINUNTDA_YGB_01056_DELIM-AJLQUPBXDGGECINUNTDA_2013           0.06%    passed     99.07%
 125  B_DELIM-AJLQUPBXDGGECINUNTDA_Bangladesh_DELIM-AJLQUPBXDGGECINUNTDA_311001_DELIM-AJLQUPBXDGGECINUNTDA_2016          0.00%    passed     99.30%
 126  B_DELIM-AJLQUPBXDGGECINUNTDA_Nigeria_DELIM-AJLQUPBXDGGECINUNTDA_4969_DELIM-AJLQUPBXDGGECINUNTDA_2020               0.00%    passed     99.85%
 127  B_DELIM-AJLQUPBXDGGECINUNTDA_Mali_DELIM-AJLQUPBXDGGECINUNTDA_47_DELIM-AJLQUPBXDGGECINUNTDA_2018                    0.00%    passed     99.86%
 128  B_DELIM-AJLQUPBXDGGECINUNTDA_Mali_DELIM-AJLQUPBXDGGECINUNTDA_104_DELIM-AJLQUPBXDGGECINUNTDA_2016                   0.00%    passed     99.87%
 129  B_DELIM-AJLQUPBXDGGECINUNTDA_Pakistan_DELIM-AJLQUPBXDGGECINUNTDA_107_DELIM-AJLQUPBXDGGECINUNTDA_2019               0.00%    passed     96.67%
 130  B_DELIM-AJLQUPBXDGGECINUNTDA_NewYork_DELIM-AJLQUPBXDGGECINUNTDA_1089_DELIM-AJLQUPBXDGGECINUNTDA_2006               0.06%    passed     96.37%
 131  B_DELIM-AJLQUPBXDGGECINUNTDA_Abudhabi_DELIM-AJLQUPBXDGGECINUNTDA_61_DELIM-AJLQUPBXDGGECINUNTDA_2019                0.00%    passed     99.96%
 132  B_DELIM-AJLQUPBXDGGECINUNTDA_Bangladesh_DELIM-AJLQUPBXDGGECINUNTDA_1017_DELIM-AJLQUPBXDGGECINUNTDA_2019            0.00%    passed     99.84%
 133  B_DELIM-AJLQUPBXDGGECINUNTDA_Kenya_DELIM-AJLQUPBXDGGECINUNTDA_174_DELIM-AJLQUPBXDGGECINUNTDA_2021                  0.00%    passed     99.91%
 134  B_DELIM-AJLQUPBXDGGECINUNTDA_Florida_DELIM-AJLQUPBXDGGECINUNTDA_78_DELIM-AJLQUPBXDGGECINUNTDA_2015                 0.00%    passed     99.85%
 135  B_DELIM-AJLQUPBXDGGECINUNTDA_HongKong_DELIM-AJLQUPBXDGGECINUNTDA_1149_DELIM-AJLQUPBXDGGECINUNTDA_2016              0.00%    passed     99.51%
 136  B_DELIM-AJLQUPBXDGGECINUNTDA_NewYork_DELIM-AJLQUPBXDGGECINUNTDA_1093_DELIM-AJLQUPBXDGGECINUNTDA_2006               0.06%    passed     96.37%
 137  B_DELIM-AJLQUPBXDGGECINUNTDA_Singapore_DELIM-AJLQUPBXDGGECINUNTDA_KK1109_DELIM-AJLQUPBXDGGECINUNTDA_2016           7.18%    passed     89.10%
 138  B_DELIM-AJLQUPBXDGGECINUNTDA_Kenya_DELIM-AJLQUPBXDGGECINUNTDA_128_DELIM-AJLQUPBXDGGECINUNTDA_2021                  0.00%    passed     99.75%
 139  B_DELIM-AJLQUPBXDGGECINUNTDA_Brazil_DELIM-AJLQUPBXDGGECINUNTDA_80287_DELIM-AJLQUPBXDGGECINUNTDA_2015               0.00%    passed     99.91%
 140  B_DELIM-AJLQUPBXDGGECINUNTDA_Ohio_DELIM-AJLQUPBXDGGECINUNTDA_UR06-0428_DELIM-AJLQUPBXDGGECINUNTDA_2007             0.50%    passed     94.32%
 141  B_DELIM-AJLQUPBXDGGECINUNTDA_Singapore_DELIM-AJLQUPBXDGGECINUNTDA_SAR46131_DELIM-AJLQUPBXDGGECINUNTDA_2021         7.02%    passed     81.28%
 142  B_DELIM-AJLQUPBXDGGECINUNTDA_NewYork_DELIM-AJLQUPBXDGGECINUNTDA_1075_DELIM-AJLQUPBXDGGECINUNTDA_2005               3.04%    passed     87.64%
 143  B_DELIM-AJLQUPBXDGGECINUNTDA_Eskilstuna_DELIM-AJLQUPBXDGGECINUNTDA_2_DELIM-AJLQUPBXDGGECINUNTDA_2019               7.02%    passed     83.31%
 144  B_DELIM-AJLQUPBXDGGECINUNTDA_England_DELIM-AJLQUPBXDGGECINUNTDA_220240687_DELIM-AJLQUPBXDGGECINUNTDA_2022          7.07%    passed     88.53%
 145  B_DELIM-AJLQUPBXDGGECINUNTDA_NewHampshire_DELIM-AJLQUPBXDGGECINUNTDA_1_DELIM-AJLQUPBXDGGECINUNTDA_2021             0.00%    passed     99.90%
 146  B_DELIM-AJLQUPBXDGGECINUNTDA_Stockholm_DELIM-AJLQUPBXDGGECINUNTDA_1_DELIM-AJLQUPBXDGGECINUNTDA_2019                7.02%    passed     81.28%
 147  B_DELIM-AJLQUPBXDGGECINUNTDA_California_DELIM-AJLQUPBXDGGECINUNTDA_NHRC0006_DELIM-AJLQUPBXDGGECINUNTDA_2006        2.65%    passed     94.84%
 148  B_DELIM-AJLQUPBXDGGECINUNTDA_Argentina_DELIM-AJLQUPBXDGGECINUNTDA_2802_DELIM-AJLQUPBXDGGECINUNTDA_2019             0.00%    passed     98.67%
 149  B_DELIM-AJLQUPBXDGGECINUNTDA_Boston_DELIM-AJLQUPBXDGGECINUNTDA_YGB_01019_DELIM-AJLQUPBXDGGECINUNTDA_2013           0.06%    passed     97.25%
 150  B_DELIM-AJLQUPBXDGGECINUNTDA_Brazil_DELIM-AJLQUPBXDGGECINUNTDA_27_DELIM-AJLQUPBXDGGECINUNTDA_2016                  0.00%    passed     99.24%
 151  B_DELIM-AJLQUPBXDGGECINUNTDA_Maryland_DELIM-AJLQUPBXDGGECINUNTDA_24_DELIM-AJLQUPBXDGGECINUNTDA_2019                0.00%    passed     99.79%
 152  B_DELIM-AJLQUPBXDGGECINUNTDA_Singapore_DELIM-AJLQUPBXDGGECINUNTDA_INFTT-16-0626_DELIM-AJLQUPBXDGGECINUNTDA_2016    0.06%    passed     99.87%
 153  B_DELIM-AJLQUPBXDGGECINUNTDA_Ecuador_DELIM-AJLQUPBXDGGECINUNTDA_555_DELIM-AJLQUPBXDGGECINUNTDA_2016                0.00%    passed     99.65%
 154  B_DELIM-AJLQUPBXDGGECINUNTDA_Brazil_DELIM-AJLQUPBXDGGECINUNTDA_5247_DELIM-AJLQUPBXDGGECINUNTDA_2016                0.00%    passed     99.91%
 155  B_DELIM-AJLQUPBXDGGECINUNTDA_HongKong_DELIM-AJLQUPBXDGGECINUNTDA_286_DELIM-AJLQUPBXDGGECINUNTDA_2017               0.00%    passed     99.90%
 156  B_DELIM-AJLQUPBXDGGECINUNTDA_Bolivia_DELIM-AJLQUPBXDGGECINUNTDA_1728_DELIM-AJLQUPBXDGGECINUNTDA_2017               0.17%    passed     99.39%
 157  B_DELIM-AJLQUPBXDGGECINUNTDA_Bangladesh_DELIM-AJLQUPBXDGGECINUNTDA_3007_DELIM-AJLQUPBXDGGECINUNTDA_2017            0.00%    passed     99.65%
 158  B_DELIM-AJLQUPBXDGGECINUNTDA_Lao_DELIM-AJLQUPBXDGGECINUNTDA_3395_DELIM-AJLQUPBXDGGECINUNTDA_2019                   0.00%    passed     99.47%
 159  B_DELIM-AJLQUPBXDGGECINUNTDA_Bangladesh_DELIM-AJLQUPBXDGGECINUNTDA_1012_DELIM-AJLQUPBXDGGECINUNTDA_2016            0.00%    passed     99.86%
 160  B_DELIM-AJLQUPBXDGGECINUNTDA_HongKong_DELIM-AJLQUPBXDGGECINUNTDA_7_DELIM-AJLQUPBXDGGECINUNTDA_2017                 0.00%    passed     99.20%
 161  B_DELIM-AJLQUPBXDGGECINUNTDA_Oman_DELIM-AJLQUPBXDGGECINUNTDA_2016_DELIM-AJLQUPBXDGGECINUNTDA_2018                  0.00%    passed     99.86%
 162  B_DELIM-AJLQUPBXDGGECINUNTDA_Ethiopia_DELIM-AJLQUPBXDGGECINUNTDA_1049_DELIM-AJLQUPBXDGGECINUNTDA_2021              0.00%    passed     99.84%
 163  B_DELIM-AJLQUPBXDGGECINUNTDA_Lao_DELIM-AJLQUPBXDGGECINUNTDA_324_DELIM-AJLQUPBXDGGECINUNTDA_2017                    0.00%    passed     99.55%
 164  B_DELIM-AJLQUPBXDGGECINUNTDA_Lao_DELIM-AJLQUPBXDGGECINUNTDA_262_DELIM-AJLQUPBXDGGECINUNTDA_2020                    0.00%    passed     99.91%
 165  B_DELIM-AJLQUPBXDGGECINUNTDA_Oman_DELIM-AJLQUPBXDGGECINUNTDA_4957_DELIM-AJLQUPBXDGGECINUNTDA_2016                  0.00%    passed     99.87%
 166  B_DELIM-AJLQUPBXDGGECINUNTDA_Kenya_DELIM-AJLQUPBXDGGECINUNTDA_130_DELIM-AJLQUPBXDGGECINUNTDA_2021                  0.00%    passed     99.18%
 167  B_DELIM-AJLQUPBXDGGECINUNTDA_Peru_DELIM-AJLQUPBXDGGECINUNTDA_7917_DELIM-AJLQUPBXDGGECINUNTDA_2017                  0.00%    passed     99.72%
 168  B_DELIM-AJLQUPBXDGGECINUNTDA_Singapore_DELIM-AJLQUPBXDGGECINUNTDA_EN0223_DELIM-AJLQUPBXDGGECINUNTDA_2019           7.02%    passed     83.60%
 169  B_DELIM-AJLQUPBXDGGECINUNTDA_Peru_DELIM-AJLQUPBXDGGECINUNTDA_3216_DELIM-AJLQUPBXDGGECINUNTDA_2016                  0.06%    passed     99.71%
 170  B_DELIM-AJLQUPBXDGGECINUNTDA_California_DELIM-AJLQUPBXDGGECINUNTDA_NHRC0005_DELIM-AJLQUPBXDGGECINUNTDA_2006        2.65%    passed     93.69%
 171  B_DELIM-AJLQUPBXDGGECINUNTDA_Lao_DELIM-AJLQUPBXDGGECINUNTDA_3476_DELIM-AJLQUPBXDGGECINUNTDA_2019                   0.00%    passed     99.83%
 172  B_DELIM-AJLQUPBXDGGECINUNTDA_Afghanistan_DELIM-AJLQUPBXDGGECINUNTDA_70_DELIM-AJLQUPBXDGGECINUNTDA_2020             0.00%    passed     99.85%
 173  B_DELIM-AJLQUPBXDGGECINUNTDA_Bhutan_DELIM-AJLQUPBXDGGECINUNTDA_296_DELIM-AJLQUPBXDGGECINUNTDA_2020                 0.00%    passed     99.75%
 174  B_DELIM-AJLQUPBXDGGECINUNTDA_NewYork_DELIM-AJLQUPBXDGGECINUNTDA_1122_DELIM-AJLQUPBXDGGECINUNTDA_2007               0.50%    passed     94.32%
 175  B_DELIM-AJLQUPBXDGGECINUNTDA_Argentina_DELIM-AJLQUPBXDGGECINUNTDA_100_DELIM-AJLQUPBXDGGECINUNTDA_2020              0.00%    passed     99.71%
 176  B_DELIM-AJLQUPBXDGGECINUNTDA_Guatemala_DELIM-AJLQUPBXDGGECINUNTDA_817_DELIM-AJLQUPBXDGGECINUNTDA_2020              0.00%    passed     99.93%
 177  B_DELIM-AJLQUPBXDGGECINUNTDA_Maine_DELIM-AJLQUPBXDGGECINUNTDA_10_DELIM-AJLQUPBXDGGECINUNTDA_2019                   0.00%    passed     97.49%
 178  B_DELIM-AJLQUPBXDGGECINUNTDA_Philippines_DELIM-AJLQUPBXDGGECINUNTDA_8_DELIM-AJLQUPBXDGGECINUNTDA_2021              7.02%    passed     87.41%
 179  B_DELIM-AJLQUPBXDGGECINUNTDA_Bangladesh_DELIM-AJLQUPBXDGGECINUNTDA_4016_DELIM-AJLQUPBXDGGECINUNTDA_2019            0.00%    passed     99.26%
 180  B_DELIM-AJLQUPBXDGGECINUNTDA_SouthAfrica_DELIM-AJLQUPBXDGGECINUNTDA_VW0610_DELIM-AJLQUPBXDGGECINUNTDA_2018         0.00%    passed     99.51%
 181  B_DELIM-AJLQUPBXDGGECINUNTDA_RhodeIsland_DELIM-AJLQUPBXDGGECINUNTDA_5_DELIM-AJLQUPBXDGGECINUNTDA_2021              0.00%    passed     99.91%
 182  B_DELIM-AJLQUPBXDGGECINUNTDA_Singapore_DELIM-AJLQUPBXDGGECINUNTDA_EN0391_DELIM-AJLQUPBXDGGECINUNTDA_2017           7.02%    passed     90.91%
 183  B_DELIM-AJLQUPBXDGGECINUNTDA_California_DELIM-AJLQUPBXDGGECINUNTDA_NHRC0005_DELIM-AJLQUPBXDGGECINUNTDA_2003        2.65%    passed     87.47%
 184  B_DELIM-AJLQUPBXDGGECINUNTDA_Tennessee_DELIM-AJLQUPBXDGGECINUNTDA_UR06-0105_DELIM-AJLQUPBXDGGECINUNTDA_2007        0.44%    passed     83.71%
 185  B_DELIM-AJLQUPBXDGGECINUNTDA_Mississippi_DELIM-AJLQUPBXDGGECINUNTDA_UR06-0550_DELIM-AJLQUPBXDGGECINUNTDA_2007      0.50%    passed     87.34%
 186  B_DELIM-AJLQUPBXDGGECINUNTDA_Afghanistan_DELIM-AJLQUPBXDGGECINUNTDA_73_DELIM-AJLQUPBXDGGECINUNTDA_2020             0.00%    passed     99.29%
 187  B_DELIM-AJLQUPBXDGGECINUNTDA_Para_DELIM-AJLQUPBXDGGECINUNTDA_181912-IEC_DELIM-AJLQUPBXDGGECINUNTDA_2022            0.00%    passed     99.72%
 188  B_DELIM-AJLQUPBXDGGECINUNTDA_Singapore_DELIM-AJLQUPBXDGGECINUNTDA_SAR82314_DELIM-AJLQUPBXDGGECINUNTDA_2021         7.02%    passed     85.62%
 189  B_DELIM-AJLQUPBXDGGECINUNTDA_England_DELIM-AJLQUPBXDGGECINUNTDA_235_DELIM-AJLQUPBXDGGECINUNTDA_2015                7.02%    passed     95.62%
 190  B_DELIM-AJLQUPBXDGGECINUNTDA_Chile_DELIM-AJLQUPBXDGGECINUNTDA_8427_DELIM-AJLQUPBXDGGECINUNTDA_2019                 0.00%    passed     99.75%
 191  B_DELIM-AJLQUPBXDGGECINUNTDA_Kenya_DELIM-AJLQUPBXDGGECINUNTDA_120_DELIM-AJLQUPBXDGGECINUNTDA_2020                  0.06%    passed     99.04%
 192  B_DELIM-AJLQUPBXDGGECINUNTDA_Tennessee_DELIM-AJLQUPBXDGGECINUNTDA_UR06-0319_DELIM-AJLQUPBXDGGECINUNTDA_2007        0.44%    passed     92.70%
 193  B_DELIM-AJLQUPBXDGGECINUNTDA_Texas_DELIM-AJLQUPBXDGGECINUNTDA_3_DELIM-AJLQUPBXDGGECINUNTDA_2021                    0.00%    passed     99.88%
 194  B_DELIM-AJLQUPBXDGGECINUNTDA_Brazil_DELIM-AJLQUPBXDGGECINUNTDA_4835_DELIM-AJLQUPBXDGGECINUNTDA_2018                0.06%    passed     98.88%
 195  B_DELIM-AJLQUPBXDGGECINUNTDA_Missouri_DELIM-AJLQUPBXDGGECINUNTDA_NHRC0001_DELIM-AJLQUPBXDGGECINUNTDA_2003          2.65%    passed     83.43%
 196  B_DELIM-AJLQUPBXDGGECINUNTDA_Singapore_DELIM-AJLQUPBXDGGECINUNTDA_KK0279_DELIM-AJLQUPBXDGGECINUNTDA_2019           7.02%    passed     87.63%
 197  B_DELIM-AJLQUPBXDGGECINUNTDA_Hawaii_DELIM-AJLQUPBXDGGECINUNTDA_20_DELIM-AJLQUPBXDGGECINUNTDA_2015                  7.02%    passed     95.34%
 198  B_DELIM-AJLQUPBXDGGECINUNTDA_NewYork_DELIM-AJLQUPBXDGGECINUNTDA_1118_DELIM-AJLQUPBXDGGECINUNTDA_2007               0.06%    passed     97.02%
 199  B_DELIM-AJLQUPBXDGGECINUNTDA_Bahrain_DELIM-AJLQUPBXDGGECINUNTDA_4648_DELIM-AJLQUPBXDGGECINUNTDA_2022               0.00%    passed     99.72%
 200  B_DELIM-AJLQUPBXDGGECINUNTDA_Bangladesh_DELIM-AJLQUPBXDGGECINUNTDA_1003_DELIM-AJLQUPBXDGGECINUNTDA_2017            0.00%    passed     99.51%
 201  B_DELIM-AJLQUPBXDGGECINUNTDA_Colorado_DELIM-AJLQUPBXDGGECINUNTDA_6_DELIM-AJLQUPBXDGGECINUNTDA_2017                 0.00%    passed     99.27%
 202  B_DELIM-AJLQUPBXDGGECINUNTDA_Tokyo_DELIM-AJLQUPBXDGGECINUNTDA_EH8_DELIM-AJLQUPBXDGGECINUNTDA_2016                  7.02%    passed     93.29%
 203  B_DELIM-AJLQUPBXDGGECINUNTDA_England_DELIM-AJLQUPBXDGGECINUNTDA_159_DELIM-AJLQUPBXDGGECINUNTDA_2017                7.02%    passed     92.21%
 204  B_DELIM-AJLQUPBXDGGECINUNTDA_Lao_DELIM-AJLQUPBXDGGECINUNTDA_2471_DELIM-AJLQUPBXDGGECINUNTDA_2019                   0.00%    passed     99.93%
 205  B_DELIM-AJLQUPBXDGGECINUNTDA_Madagascar_DELIM-AJLQUPBXDGGECINUNTDA_1451_DELIM-AJLQUPBXDGGECINUNTDA_2021            0.00%    passed     99.72%
 206  B_DELIM-AJLQUPBXDGGECINUNTDA_Florida_DELIM-AJLQUPBXDGGECINUNTDA_1_DELIM-AJLQUPBXDGGECINUNTDA_2021                  0.00%    passed     99.93%
 207  B_DELIM-AJLQUPBXDGGECINUNTDA_BayanOlgii_DELIM-AJLQUPBXDGGECINUNTDA_1472_DELIM-AJLQUPBXDGGECINUNTDA_2017            0.00%    passed     98.80%
 208  B_DELIM-AJLQUPBXDGGECINUNTDA_Santiago_DELIM-AJLQUPBXDGGECINUNTDA_51375_DELIM-AJLQUPBXDGGECINUNTDA_2018             0.00%    passed     99.27%
 209  B_DELIM-AJLQUPBXDGGECINUNTDA_Choibalsan_DELIM-AJLQUPBXDGGECINUNTDA_1738_DELIM-AJLQUPBXDGGECINUNTDA_2017            0.00%    passed     99.39%
 210  B_DELIM-AJLQUPBXDGGECINUNTDA_SouthKorea_DELIM-AJLQUPBXDGGECINUNTDA_11419_DELIM-AJLQUPBXDGGECINUNTDA_2020           7.02%    passed     83.31%
 211  B_DELIM-AJLQUPBXDGGECINUNTDA_Bangladesh_DELIM-AJLQUPBXDGGECINUNTDA_3012_DELIM-AJLQUPBXDGGECINUNTDA_2021            0.00%    passed     99.66%
 212  B_DELIM-AJLQUPBXDGGECINUNTDA_Mali_DELIM-AJLQUPBXDGGECINUNTDA_15_DELIM-AJLQUPBXDGGECINUNTDA_2017                    0.00%    passed     99.69%
 213  B_DELIM-AJLQUPBXDGGECINUNTDA_AbuDhabi_DELIM-AJLQUPBXDGGECINUNTDA_3511581_DELIM-AJLQUPBXDGGECINUNTDA_2020           0.00%    passed     99.98%
 214  B_DELIM-AJLQUPBXDGGECINUNTDA_Georgia_DELIM-AJLQUPBXDGGECINUNTDA_NHRC0001_DELIM-AJLQUPBXDGGECINUNTDA_2006           2.65%    passed     90.89%
 215  B_DELIM-AJLQUPBXDGGECINUNTDA_Palmas_DELIM-AJLQUPBXDGGECINUNTDA_19015480-IAL_DELIM-AJLQUPBXDGGECINUNTDA_2019        0.11%    passed     99.80%
 216  B_DELIM-AJLQUPBXDGGECINUNTDA_Japan_DELIM-AJLQUPBXDGGECINUNTDA_10597_DELIM-AJLQUPBXDGGECINUNTDA_2019                7.02%    passed     88.97%
 217  B_DELIM-AJLQUPBXDGGECINUNTDA_HongKong_DELIM-AJLQUPBXDGGECINUNTDA_348_DELIM-AJLQUPBXDGGECINUNTDA_2017               0.00%    passed     99.72%
 218  B_DELIM-AJLQUPBXDGGECINUNTDA_Texas_DELIM-AJLQUPBXDGGECINUNTDA_NHRC0001_DELIM-AJLQUPBXDGGECINUNTDA_2006             4.81%    passed     87.99%
 219  B_DELIM-AJLQUPBXDGGECINUNTDA_Haiti_DELIM-AJLQUPBXDGGECINUNTDA_70747_DELIM-AJLQUPBXDGGECINUNTDA_2021                0.00%    passed     99.76%
 220  B_DELIM-AJLQUPBXDGGECINUNTDA_Bangladesh_DELIM-AJLQUPBXDGGECINUNTDA_11002_DELIM-AJLQUPBXDGGECINUNTDA_2015           0.00%    passed     99.11%
 221  B_DELIM-AJLQUPBXDGGECINUNTDA_Iowa_DELIM-AJLQUPBXDGGECINUNTDA_6_DELIM-AJLQUPBXDGGECINUNTDA_2017                     0.00%    passed     99.35%
 222  B_DELIM-AJLQUPBXDGGECINUNTDA_Bangladesh_DELIM-AJLQUPBXDGGECINUNTDA_8002_DELIM-AJLQUPBXDGGECINUNTDA_2016            0.00%    passed     99.86%
 223  B_DELIM-AJLQUPBXDGGECINUNTDA_Tennessee_DELIM-AJLQUPBXDGGECINUNTDA_UR06-0407_DELIM-AJLQUPBXDGGECINUNTDA_2007        0.44%    passed     89.29%
 224  B_DELIM-AJLQUPBXDGGECINUNTDA_Lebanon_DELIM-AJLQUPBXDGGECINUNTDA_1052_DELIM-AJLQUPBXDGGECINUNTDA_2016               0.00%    passed     99.75%
 225  B_DELIM-AJLQUPBXDGGECINUNTDA_Peru_DELIM-AJLQUPBXDGGECINUNTDA_3118_DELIM-AJLQUPBXDGGECINUNTDA_2018                  0.00%    passed     96.70%
 226  B_DELIM-AJLQUPBXDGGECINUNTDA_Philippines_DELIM-AJLQUPBXDGGECINUNTDA_838_DELIM-AJLQUPBXDGGECINUNTDA_2017            0.00%    passed     99.34%
 227  B_DELIM-AJLQUPBXDGGECINUNTDA_Connecticut_DELIM-AJLQUPBXDGGECINUNTDA_5_DELIM-AJLQUPBXDGGECINUNTDA_2019              0.00%    passed     99.91%
 228  B_DELIM-AJLQUPBXDGGECINUNTDA_NewYork_DELIM-AJLQUPBXDGGECINUNTDA_1091_DELIM-AJLQUPBXDGGECINUNTDA_2006               0.50%    passed     92.81%
 229  B_DELIM-AJLQUPBXDGGECINUNTDA_Guam_DELIM-AJLQUPBXDGGECINUNTDA_9828_DELIM-AJLQUPBXDGGECINUNTDA_2019                  7.02%    passed     85.12%
 230  B_DELIM-AJLQUPBXDGGECINUNTDA_Sweden_DELIM-AJLQUPBXDGGECINUNTDA_61_DELIM-AJLQUPBXDGGECINUNTDA_2020                  7.02%    passed     92.21%
 231  B_DELIM-AJLQUPBXDGGECINUNTDA_BurkinaFaso_DELIM-AJLQUPBXDGGECINUNTDA_129_DELIM-AJLQUPBXDGGECINUNTDA_2017            0.06%    passed     99.73%
 232  B_DELIM-AJLQUPBXDGGECINUNTDA_Stockholm_DELIM-AJLQUPBXDGGECINUNTDA_3_DELIM-AJLQUPBXDGGECINUNTDA_2022                7.02%    passed     89.38%
 233  B_DELIM-AJLQUPBXDGGECINUNTDA_SouthAfrica_DELIM-AJLQUPBXDGGECINUNTDA_VW0527_DELIM-AJLQUPBXDGGECINUNTDA_2018         0.00%    passed     99.34%
 234  B_DELIM-AJLQUPBXDGGECINUNTDA_Maldives_DELIM-AJLQUPBXDGGECINUNTDA_49_DELIM-AJLQUPBXDGGECINUNTDA_2017                0.00%    passed     99.95%
 235  B_DELIM-AJLQUPBXDGGECINUNTDA_TimorLeste_DELIM-AJLQUPBXDGGECINUNTDA_52_DELIM-AJLQUPBXDGGECINUNTDA_2018              4.36%    passed     95.22%
 236  B_DELIM-AJLQUPBXDGGECINUNTDA_AbuDhabi_DELIM-AJLQUPBXDGGECINUNTDA_43_DELIM-AJLQUPBXDGGECINUNTDA_2019                0.00%    passed     99.96%
 237  B_DELIM-AJLQUPBXDGGECINUNTDA_Mali_DELIM-AJLQUPBXDGGECINUNTDA_92_DELIM-AJLQUPBXDGGECINUNTDA_2018                    0.00%    passed     99.91%
 238  B_DELIM-AJLQUPBXDGGECINUNTDA_California_DELIM-AJLQUPBXDGGECINUNTDA_NHRC0001_DELIM-AJLQUPBXDGGECINUNTDA_2006        2.65%    passed     89.12%
 239  B_DELIM-AJLQUPBXDGGECINUNTDA_Lebanon_DELIM-AJLQUPBXDGGECINUNTDA_16_DELIM-AJLQUPBXDGGECINUNTDA_2020                 0.00%    passed     99.95%
 240  B_DELIM-AJLQUPBXDGGECINUNTDA_Togo_DELIM-AJLQUPBXDGGECINUNTDA_828_DELIM-AJLQUPBXDGGECINUNTDA_2020                   0.00%    passed     99.63%
 241  B_DELIM-AJLQUPBXDGGECINUNTDA_Illinois_DELIM-AJLQUPBXDGGECINUNTDA_NHRC0001_DELIM-AJLQUPBXDGGECINUNTDA_2006          2.65%    passed     89.41%
 242  B_DELIM-AJLQUPBXDGGECINUNTDA_CoteDIvoire_DELIM-AJLQUPBXDGGECINUNTDA_1795_DELIM-AJLQUPBXDGGECINUNTDA_2019           0.00%    passed     99.87%
 243  B_DELIM-AJLQUPBXDGGECINUNTDA_Mali_DELIM-AJLQUPBXDGGECINUNTDA_132_DELIM-AJLQUPBXDGGECINUNTDA_2018                   0.00%    passed     99.93%
 244  B_DELIM-AJLQUPBXDGGECINUNTDA_Montana_DELIM-AJLQUPBXDGGECINUNTDA_1_DELIM-AJLQUPBXDGGECINUNTDA_2022                  0.00%    passed     99.91%
 245  B_DELIM-AJLQUPBXDGGECINUNTDA_California_DELIM-AJLQUPBXDGGECINUNTDA_NHRC0003_DELIM-AJLQUPBXDGGECINUNTDA_2006        2.65%    passed     93.69%
 246  B_DELIM-AJLQUPBXDGGECINUNTDA_Santiago_DELIM-AJLQUPBXDGGECINUNTDA_20267_DELIM-AJLQUPBXDGGECINUNTDA_2016             0.00%    passed     99.96%
 247  B_DELIM-AJLQUPBXDGGECINUNTDA_Michigan_DELIM-AJLQUPBXDGGECINUNTDA_1_DELIM-AJLQUPBXDGGECINUNTDA_2021                 0.00%    passed     99.98%
 248  B_DELIM-AJLQUPBXDGGECINUNTDA_Uruguay_DELIM-AJLQUPBXDGGECINUNTDA_2_DELIM-AJLQUPBXDGGECINUNTDA_2016                  0.00%    passed     99.75%
 249  B_DELIM-AJLQUPBXDGGECINUNTDA_HongKong_DELIM-AJLQUPBXDGGECINUNTDA_1301_DELIM-AJLQUPBXDGGECINUNTDA_2018              0.00%    passed     98.91%
 250  B_DELIM-AJLQUPBXDGGECINUNTDA_Congo_DELIM-AJLQUPBXDGGECINUNTDA_9749_DELIM-AJLQUPBXDGGECINUNTDA_2019                 0.00%    passed     99.76%
 251  B_DELIM-AJLQUPBXDGGECINUNTDA_NewYork_DELIM-AJLQUPBXDGGECINUNTDA_1090_DELIM-AJLQUPBXDGGECINUNTDA_2006               0.44%    passed     93.17%
 252  B_DELIM-AJLQUPBXDGGECINUNTDA_California_DELIM-AJLQUPBXDGGECINUNTDA_NHRC0004_DELIM-AJLQUPBXDGGECINUNTDA_2003        2.65%    passed     87.47%
 253  B_DELIM-AJLQUPBXDGGECINUNTDA_Maldives_DELIM-AJLQUPBXDGGECINUNTDA_1291_DELIM-AJLQUPBXDGGECINUNTDA_2017              0.00%    passed     99.27%
 254  B_DELIM-AJLQUPBXDGGECINUNTDA_SouthCarolina_DELIM-AJLQUPBXDGGECINUNTDA_NHRC0001_DELIM-AJLQUPBXDGGECINUNTDA_2004     2.65%    passed     92.37%
 255  B_DELIM-AJLQUPBXDGGECINUNTDA_Eskilstuna_DELIM-AJLQUPBXDGGECINUNTDA_1_DELIM-AJLQUPBXDGGECINUNTDA_2019               7.02%    passed     83.31%
 256  B_DELIM-AJLQUPBXDGGECINUNTDA_Congo_DELIM-AJLQUPBXDGGECINUNTDA_391_DELIM-AJLQUPBXDGGECINUNTDA_2017                  0.00%    passed     99.63%
 257  B_DELIM-AJLQUPBXDGGECINUNTDA_Sergipe_DELIM-AJLQUPBXDGGECINUNTDA_13453_DELIM-AJLQUPBXDGGECINUNTDA_2020              0.00%    passed     99.65%
 258  B_DELIM-AJLQUPBXDGGECINUNTDA_Bahrain_DELIM-AJLQUPBXDGGECINUNTDA_1305_DELIM-AJLQUPBXDGGECINUNTDA_2021               0.00%    passed     99.98%
 259  B_DELIM-AJLQUPBXDGGECINUNTDA_Berlin_DELIM-AJLQUPBXDGGECINUNTDA_1_DELIM-AJLQUPBXDGGECINUNTDA_2021                   0.22%    passed     99.94%
 260  B_DELIM-AJLQUPBXDGGECINUNTDA_Suriname_DELIM-AJLQUPBXDGGECINUNTDA_281_DELIM-AJLQUPBXDGGECINUNTDA_2018               0.00%    passed     98.67%
 261  B_DELIM-AJLQUPBXDGGECINUNTDA_Virginia_DELIM-AJLQUPBXDGGECINUNTDA_8_DELIM-AJLQUPBXDGGECINUNTDA_2019                 0.00%    passed     99.55%
 262  B_DELIM-AJLQUPBXDGGECINUNTDA_Kenya_DELIM-AJLQUPBXDGGECINUNTDA_134_DELIM-AJLQUPBXDGGECINUNTDA_2021                  0.00%    passed     99.94%
 263  B_DELIM-AJLQUPBXDGGECINUNTDA_Argentina_DELIM-AJLQUPBXDGGECINUNTDA_83_DELIM-AJLQUPBXDGGECINUNTDA_2020               0.00%    passed     99.98%
 264  B_DELIM-AJLQUPBXDGGECINUNTDA_Maryland_DELIM-AJLQUPBXDGGECINUNTDA_27_DELIM-AJLQUPBXDGGECINUNTDA_2018                0.06%    passed     99.66%
 265  B_DELIM-AJLQUPBXDGGECINUNTDA_Cambodia_DELIM-AJLQUPBXDGGECINUNTDA_1287_DELIM-AJLQUPBXDGGECINUNTDA_2015              0.00%    passed     99.91%
 266  B_DELIM-AJLQUPBXDGGECINUNTDA_Mali_DELIM-AJLQUPBXDGGECINUNTDA_187_DELIM-AJLQUPBXDGGECINUNTDA_2019                   0.06%    passed     99.96%
 267  B_DELIM-AJLQUPBXDGGECINUNTDA_SouthKorea_DELIM-AJLQUPBXDGGECINUNTDA_9966_DELIM-AJLQUPBXDGGECINUNTDA_2019            7.02%    passed     94.07%
 268  B_DELIM-AJLQUPBXDGGECINUNTDA_Bangladesh_DELIM-AJLQUPBXDGGECINUNTDA_1294_DELIM-AJLQUPBXDGGECINUNTDA_2017            0.00%    passed     99.98%
 269  B_DELIM-AJLQUPBXDGGECINUNTDA_Karlstad_DELIM-AJLQUPBXDGGECINUNTDA_3_DELIM-AJLQUPBXDGGECINUNTDA_2016                 7.02%    passed     88.97%
 270  B_DELIM-AJLQUPBXDGGECINUNTDA_Lebanon_DELIM-AJLQUPBXDGGECINUNTDA_454_DELIM-AJLQUPBXDGGECINUNTDA_2019                0.00%    passed     99.79%
 271  B_DELIM-AJLQUPBXDGGECINUNTDA_Kuwait_DELIM-AJLQUPBXDGGECINUNTDA_8794_DELIM-AJLQUPBXDGGECINUNTDA_2018                0.00%    passed     99.44%
 272  B_DELIM-AJLQUPBXDGGECINUNTDA_Para_DELIM-AJLQUPBXDGGECINUNTDA_183191-IEC_DELIM-AJLQUPBXDGGECINUNTDA_2022            0.00%    passed     99.90%
 273  B_DELIM-AJLQUPBXDGGECINUNTDA_Colombia_DELIM-AJLQUPBXDGGECINUNTDA_7472_DELIM-AJLQUPBXDGGECINUNTDA_2020              0.00%    passed     97.04%
 274  B_DELIM-AJLQUPBXDGGECINUNTDA_Darwin_DELIM-AJLQUPBXDGGECINUNTDA_97_DELIM-AJLQUPBXDGGECINUNTDA_2015                  2.65%    passed     99.85%
 275  B_DELIM-AJLQUPBXDGGECINUNTDA_Chanthaburi_DELIM-AJLQUPBXDGGECINUNTDA_598_DELIM-AJLQUPBXDGGECINUNTDA_2015            0.00%    passed     99.93%
 276  B_DELIM-AJLQUPBXDGGECINUNTDA_Kenya_DELIM-AJLQUPBXDGGECINUNTDA_133_DELIM-AJLQUPBXDGGECINUNTDA_2021                  0.00%    passed     99.75%
 277  B_DELIM-AJLQUPBXDGGECINUNTDA_NorthCarolina_DELIM-AJLQUPBXDGGECINUNTDA_1_DELIM-AJLQUPBXDGGECINUNTDA_2021            0.00%    passed     99.91%
 278  B_DELIM-AJLQUPBXDGGECINUNTDA_Kentucky_DELIM-AJLQUPBXDGGECINUNTDA_27_DELIM-AJLQUPBXDGGECINUNTDA_2018                0.00%    passed     97.55%
 279  B_DELIM-AJLQUPBXDGGECINUNTDA_Haiti_DELIM-AJLQUPBXDGGECINUNTDA_80191_DELIM-AJLQUPBXDGGECINUNTDA_2020                0.00%    passed     99.91%
 280  B_DELIM-AJLQUPBXDGGECINUNTDA_Brazil_DELIM-AJLQUPBXDGGECINUNTDA_582_DELIM-AJLQUPBXDGGECINUNTDA_2015                 0.00%    passed     99.54%
 281  B_DELIM-AJLQUPBXDGGECINUNTDA_HongKong_DELIM-AJLQUPBXDGGECINUNTDA_87_DELIM-AJLQUPBXDGGECINUNTDA_2016                0.50%    passed     99.58%
 282  B_DELIM-AJLQUPBXDGGECINUNTDA_Singapore_DELIM-AJLQUPBXDGGECINUNTDA_GP0531_DELIM-AJLQUPBXDGGECINUNTDA_2017           7.02%    passed     86.19%
 283  B_DELIM-AJLQUPBXDGGECINUNTDA_CostaRica_DELIM-AJLQUPBXDGGECINUNTDA_4271_DELIM-AJLQUPBXDGGECINUNTDA_2016             0.00%    passed     99.95%
 284  B_DELIM-AJLQUPBXDGGECINUNTDA_Pernambuco_DELIM-AJLQUPBXDGGECINUNTDA_145023-IEC_DELIM-AJLQUPBXDGGECINUNTDA_2016      0.00%    passed     99.67%
 285  B_DELIM-AJLQUPBXDGGECINUNTDA_Guatemala_DELIM-AJLQUPBXDGGECINUNTDA_40_DELIM-AJLQUPBXDGGECINUNTDA_2022               0.00%    passed     99.97%
 286  B_DELIM-AJLQUPBXDGGECINUNTDA_Honduras_DELIM-AJLQUPBXDGGECINUNTDA_2687_DELIM-AJLQUPBXDGGECINUNTDA_2021              0.00%    passed    100.00%
 287  B_DELIM-AJLQUPBXDGGECINUNTDA_Arkansas_DELIM-AJLQUPBXDGGECINUNTDA_6_DELIM-AJLQUPBXDGGECINUNTDA_2016                 0.00%    passed     99.72%
 288  B_DELIM-AJLQUPBXDGGECINUNTDA_Maryland_DELIM-AJLQUPBXDGGECINUNTDA_15_DELIM-AJLQUPBXDGGECINUNTDA_2016                0.00%    passed     98.76%
 289  B_DELIM-AJLQUPBXDGGECINUNTDA_Bahrain_DELIM-AJLQUPBXDGGECINUNTDA_377_DELIM-AJLQUPBXDGGECINUNTDA_2021                0.00%    passed     99.91%
 290  B_DELIM-AJLQUPBXDGGECINUNTDA_HongKong_DELIM-AJLQUPBXDGGECINUNTDA_1400_DELIM-AJLQUPBXDGGECINUNTDA_2018              0.00%    passed     98.44%
 291  B_DELIM-AJLQUPBXDGGECINUNTDA_Singapore_DELIM-AJLQUPBXDGGECINUNTDA_WUH4618_DELIM-AJLQUPBXDGGECINUNTDA_2021          7.02%    passed     88.07%
 292  B_DELIM-AJLQUPBXDGGECINUNTDA_Brazil_DELIM-AJLQUPBXDGGECINUNTDA_6297_DELIM-AJLQUPBXDGGECINUNTDA_2015                7.02%    passed     87.41%
 293  B_DELIM-AJLQUPBXDGGECINUNTDA_ZabaykalskyKrai_DELIM-AJLQUPBXDGGECINUNTDA_349V_DELIM-AJLQUPBXDGGECINUNTDA_2021       0.00%    passed     99.80%
 294  B_DELIM-AJLQUPBXDGGECINUNTDA_Abudhabi_DELIM-AJLQUPBXDGGECINUNTDA_57_DELIM-AJLQUPBXDGGECINUNTDA_2019                0.00%    passed     99.89%
 295  B_DELIM-AJLQUPBXDGGECINUNTDA_Bangladesh_DELIM-AJLQUPBXDGGECINUNTDA_3004_DELIM-AJLQUPBXDGGECINUNTDA_2017            0.00%    passed     99.72%
 296  B_DELIM-AJLQUPBXDGGECINUNTDA_Argentina_DELIM-AJLQUPBXDGGECINUNTDA_11461_DELIM-AJLQUPBXDGGECINUNTDA_2015            7.02%    passed     88.97%
 297  B_DELIM-AJLQUPBXDGGECINUNTDA_Antananarivo_DELIM-AJLQUPBXDGGECINUNTDA_3664_DELIM-AJLQUPBXDGGECINUNTDA_2016          0.00%    passed     99.75%
 298  B_DELIM-AJLQUPBXDGGECINUNTDA_Kenya_DELIM-AJLQUPBXDGGECINUNTDA_111_DELIM-AJLQUPBXDGGECINUNTDA_2016                  0.00%    passed     99.90%
 299  B_DELIM-AJLQUPBXDGGECINUNTDA_Bhutan_DELIM-AJLQUPBXDGGECINUNTDA_1177_DELIM-AJLQUPBXDGGECINUNTDA_2020                0.00%    passed     99.87%
 300  B_DELIM-AJLQUPBXDGGECINUNTDA_Niger_DELIM-AJLQUPBXDGGECINUNTDA_7633_DELIM-AJLQUPBXDGGECINUNTDA_2020                 0.00%    passed     99.98%
 301  B_DELIM-AJLQUPBXDGGECINUNTDA_Boston_DELIM-AJLQUPBXDGGECINUNTDA_YGB_01017_DELIM-AJLQUPBXDGGECINUNTDA_2013           0.06%    passed     99.32%
 302  B_DELIM-AJLQUPBXDGGECINUNTDA_StPetersburg_DELIM-AJLQUPBXDGGECINUNTDA_RII-17745S_DELIM-AJLQUPBXDGGECINUNTDA_2022    0.00%    passed     99.85%
 303  B_DELIM-AJLQUPBXDGGECINUNTDA_Connecticut_DELIM-AJLQUPBXDGGECINUNTDA_1_DELIM-AJLQUPBXDGGECINUNTDA_2021              0.00%    passed     99.90%
 304  B_DELIM-AJLQUPBXDGGECINUNTDA_Stockholm_DELIM-AJLQUPBXDGGECINUNTDA_2_DELIM-AJLQUPBXDGGECINUNTDA_2021                7.02%    passed     79.03%
 305  B_DELIM-AJLQUPBXDGGECINUNTDA_Hawaii_DELIM-AJLQUPBXDGGECINUNTDA_18_DELIM-AJLQUPBXDGGECINUNTDA_2020                  0.00%    passed     99.79%
 306  B_DELIM-AJLQUPBXDGGECINUNTDA_Bahrain_DELIM-AJLQUPBXDGGECINUNTDA_323_DELIM-AJLQUPBXDGGECINUNTDA_2018                0.00%    passed     99.71%
 307  B_DELIM-AJLQUPBXDGGECINUNTDA_Argentina_DELIM-AJLQUPBXDGGECINUNTDA_9_DELIM-AJLQUPBXDGGECINUNTDA_2018                0.00%    passed     98.83%
 308  B_DELIM-AJLQUPBXDGGECINUNTDA_Netherlands_DELIM-AJLQUPBXDGGECINUNTDA_11129_DELIM-AJLQUPBXDGGECINUNTDA_2022          4.86%    passed     96.24%
 309  B_DELIM-AJLQUPBXDGGECINUNTDA_Louisiana_DELIM-AJLQUPBXDGGECINUNTDA_10_DELIM-AJLQUPBXDGGECINUNTDA_2017               0.00%    passed     98.76%
 310  B_DELIM-AJLQUPBXDGGECINUNTDA_Mali_DELIM-AJLQUPBXDGGECINUNTDA_8025_DELIM-AJLQUPBXDGGECINUNTDA_2018                  0.00%    passed     99.27%
 311  B_DELIM-AJLQUPBXDGGECINUNTDA_Bahrain_DELIM-AJLQUPBXDGGECINUNTDA_351_DELIM-AJLQUPBXDGGECINUNTDA_2019                0.00%    passed     99.90%
 312  B_DELIM-AJLQUPBXDGGECINUNTDA_Togo_DELIM-AJLQUPBXDGGECINUNTDA_706_DELIM-AJLQUPBXDGGECINUNTDA_2016                   0.06%    passed     99.79%
 313  B_DELIM-AJLQUPBXDGGECINUNTDA_Bahrain_DELIM-AJLQUPBXDGGECINUNTDA_232_DELIM-AJLQUPBXDGGECINUNTDA_2019                0.00%    passed     99.17%
 314  B_DELIM-AJLQUPBXDGGECINUNTDA_Philippines_DELIM-AJLQUPBXDGGECINUNTDA_747_DELIM-AJLQUPBXDGGECINUNTDA_2016            0.06%    passed     99.56%
 315  B_DELIM-AJLQUPBXDGGECINUNTDA_Kazakhstan_DELIM-AJLQUPBXDGGECINUNTDA_43_DELIM-AJLQUPBXDGGECINUNTDA_2016              0.00%    passed     99.93%
 316  B_DELIM-AJLQUPBXDGGECINUNTDA_Pernambuco_DELIM-AJLQUPBXDGGECINUNTDA_145029-IEC_DELIM-AJLQUPBXDGGECINUNTDA_2016      0.00%    passed    100.00%
 317  B_DELIM-AJLQUPBXDGGECINUNTDA_Brazil_DELIM-AJLQUPBXDGGECINUNTDA_6558_DELIM-AJLQUPBXDGGECINUNTDA_2016                0.00%    passed     99.86%
 318  B_DELIM-AJLQUPBXDGGECINUNTDA_Louisiana_DELIM-AJLQUPBXDGGECINUNTDA_16_DELIM-AJLQUPBXDGGECINUNTDA_2019               0.00%    passed     99.98%
 319  B_DELIM-AJLQUPBXDGGECINUNTDA_NewYork_DELIM-AJLQUPBXDGGECINUNTDA_1107_DELIM-AJLQUPBXDGGECINUNTDA_2007               0.06%    passed     95.02%
 320  B_DELIM-AJLQUPBXDGGECINUNTDA_Singapore_DELIM-AJLQUPBXDGGECINUNTDA_SAR1316_DELIM-AJLQUPBXDGGECINUNTDA_2022          7.02%    passed     83.31%
 321  B_DELIM-AJLQUPBXDGGECINUNTDA_Para_DELIM-AJLQUPBXDGGECINUNTDA_182335-IEC_DELIM-AJLQUPBXDGGECINUNTDA_2022            0.00%    passed     99.91%
 322  B_DELIM-AJLQUPBXDGGECINUNTDA_Nigeria_DELIM-AJLQUPBXDGGECINUNTDA_5069_DELIM-AJLQUPBXDGGECINUNTDA_2020               0.00%    passed     99.19%
 323  B_DELIM-AJLQUPBXDGGECINUNTDA_Colombia_DELIM-AJLQUPBXDGGECINUNTDA_7429_DELIM-AJLQUPBXDGGECINUNTDA_2019              0.00%    passed     99.91%
 324  B_DELIM-AJLQUPBXDGGECINUNTDA_HongKong_DELIM-AJLQUPBXDGGECINUNTDA_746_DELIM-AJLQUPBXDGGECINUNTDA_2019               0.00%    passed     99.90%
 325  B_DELIM-AJLQUPBXDGGECINUNTDA_Kanagawa_DELIM-AJLQUPBXDGGECINUNTDA_AC26_DELIM-AJLQUPBXDGGECINUNTDA_2016              7.02%    passed     83.31%
 326  B_DELIM-AJLQUPBXDGGECINUNTDA_NewYork_DELIM-AJLQUPBXDGGECINUNTDA_1120_DELIM-AJLQUPBXDGGECINUNTDA_2007               0.06%    passed     93.42%
 327  B_DELIM-AJLQUPBXDGGECINUNTDA_Afghanistan_DELIM-AJLQUPBXDGGECINUNTDA_1040_DELIM-AJLQUPBXDGGECINUNTDA_2019           0.00%    passed     99.91%
 328  B_DELIM-AJLQUPBXDGGECINUNTDA_Mali_DELIM-AJLQUPBXDGGECINUNTDA_149_DELIM-AJLQUPBXDGGECINUNTDA_2019                   0.00%    passed     99.83%
 329  B_DELIM-AJLQUPBXDGGECINUNTDA_Florida_DELIM-AJLQUPBXDGGECINUNTDA_39_DELIM-AJLQUPBXDGGECINUNTDA_2018                 0.00%    passed     98.69%
 330  B_DELIM-AJLQUPBXDGGECINUNTDA_Wisconsin_DELIM-AJLQUPBXDGGECINUNTDA_44_DELIM-AJLQUPBXDGGECINUNTDA_2016               0.00%    passed     99.51%
 331  B_DELIM-AJLQUPBXDGGECINUNTDA_NewYork_DELIM-AJLQUPBXDGGECINUNTDA_1109_DELIM-AJLQUPBXDGGECINUNTDA_2007               0.06%    passed     95.02%
 332  B_DELIM-AJLQUPBXDGGECINUNTDA_Afghanistan_DELIM-AJLQUPBXDGGECINUNTDA_2419_DELIM-AJLQUPBXDGGECINUNTDA_2019           0.00%    passed     99.96%
 333  B_DELIM-AJLQUPBXDGGECINUNTDA_Hawaii_DELIM-AJLQUPBXDGGECINUNTDA_22_DELIM-AJLQUPBXDGGECINUNTDA_2015                  7.02%    passed     87.41%
 334  B_DELIM-AJLQUPBXDGGECINUNTDA_NewCaledonia_DELIM-AJLQUPBXDGGECINUNTDA_76_DELIM-AJLQUPBXDGGECINUNTDA_2015            2.65%    passed     99.55%
 335  B_DELIM-AJLQUPBXDGGECINUNTDA_Paraguay_DELIM-AJLQUPBXDGGECINUNTDA_4209_DELIM-AJLQUPBXDGGECINUNTDA_2018              0.00%    passed     99.51%
 336  B_DELIM-AJLQUPBXDGGECINUNTDA_SouthKorea_DELIM-AJLQUPBXDGGECINUNTDA_9970_DELIM-AJLQUPBXDGGECINUNTDA_2019            7.02%    passed     94.07%
 337  B_DELIM-AJLQUPBXDGGECINUNTDA_Para_DELIM-AJLQUPBXDGGECINUNTDA_182636-IEC_DELIM-AJLQUPBXDGGECINUNTDA_2022            0.00%    passed     99.91%
 338  B_DELIM-AJLQUPBXDGGECINUNTDA_Mali_DELIM-AJLQUPBXDGGECINUNTDA_75_DELIM-AJLQUPBXDGGECINUNTDA_2016                    0.00%    passed     99.87%
 339  B_DELIM-AJLQUPBXDGGECINUNTDA_Kazakhstan_DELIM-AJLQUPBXDGGECINUNTDA_128_DELIM-AJLQUPBXDGGECINUNTDA_2017             0.00%    passed     99.09%
 340  B_DELIM-AJLQUPBXDGGECINUNTDA_England_DELIM-AJLQUPBXDGGECINUNTDA_214120822_DELIM-AJLQUPBXDGGECINUNTDA_2021          7.02%    passed     85.64%
 341  B_DELIM-AJLQUPBXDGGECINUNTDA_Singapore_DELIM-AJLQUPBXDGGECINUNTDA_INFGP-16-0980_DELIM-AJLQUPBXDGGECINUNTDA_2016    0.00%    passed     99.71%
 342  B_DELIM-AJLQUPBXDGGECINUNTDA_NewYork_DELIM-AJLQUPBXDGGECINUNTDA_1073_DELIM-AJLQUPBXDGGECINUNTDA_2005               1.33%    passed     97.82%
 343  B_DELIM-AJLQUPBXDGGECINUNTDA_Bangladesh_DELIM-AJLQUPBXDGGECINUNTDA_702014_DELIM-AJLQUPBXDGGECINUNTDA_2017          0.00%    passed     99.26%
 344  B_DELIM-AJLQUPBXDGGECINUNTDA_Sweden_DELIM-AJLQUPBXDGGECINUNTDA_5_DELIM-AJLQUPBXDGGECINUNTDA_2017                   7.02%    passed     87.63%
 345  B_DELIM-AJLQUPBXDGGECINUNTDA_Mali_DELIM-AJLQUPBXDGGECINUNTDA_20056_DELIM-AJLQUPBXDGGECINUNTDA_2020                 0.00%    passed     99.89%
 346  B_DELIM-AJLQUPBXDGGECINUNTDA_CostaRica_DELIM-AJLQUPBXDGGECINUNTDA_9213_DELIM-AJLQUPBXDGGECINUNTDA_2017             0.00%    passed     99.98%
 347  B_DELIM-AJLQUPBXDGGECINUNTDA_AbuDhabi_DELIM-AJLQUPBXDGGECINUNTDA_3330615_DELIM-AJLQUPBXDGGECINUNTDA_2021           0.00%    passed     99.91%
 348  B_DELIM-AJLQUPBXDGGECINUNTDA_Kazakhstan_DELIM-AJLQUPBXDGGECINUNTDA_99_DELIM-AJLQUPBXDGGECINUNTDA_2018              0.50%    passed     99.55%
 349  B_DELIM-AJLQUPBXDGGECINUNTDA_Netherlands_DELIM-AJLQUPBXDGGECINUNTDA_11692_DELIM-AJLQUPBXDGGECINUNTDA_2022          4.86%    passed     94.01%
 350  B_DELIM-AJLQUPBXDGGECINUNTDA_NewYork_DELIM-AJLQUPBXDGGECINUNTDA_1115_DELIM-AJLQUPBXDGGECINUNTDA_2007               0.06%    passed     94.39%
 351  B_DELIM-AJLQUPBXDGGECINUNTDA_HongKong_DELIM-AJLQUPBXDGGECINUNTDA_1410_DELIM-AJLQUPBXDGGECINUNTDA_2018              0.00%    passed     99.90%
 352  B_DELIM-AJLQUPBXDGGECINUNTDA_AbuDhabi_DELIM-AJLQUPBXDGGECINUNTDA_27_DELIM-AJLQUPBXDGGECINUNTDA_2019                0.06%    passed     99.29%
 353  B_DELIM-AJLQUPBXDGGECINUNTDA_Pennsylvania_DELIM-AJLQUPBXDGGECINUNTDA_8_DELIM-AJLQUPBXDGGECINUNTDA_2020             0.00%    passed     99.51%
 354  B_DELIM-AJLQUPBXDGGECINUNTDA_Lao_DELIM-AJLQUPBXDGGECINUNTDA_2152_DELIM-AJLQUPBXDGGECINUNTDA_2017                   0.00%    passed     99.98%
 355  B_DELIM-AJLQUPBXDGGECINUNTDA_HongKong_DELIM-AJLQUPBXDGGECINUNTDA_269_DELIM-AJLQUPBXDGGECINUNTDA_2017               0.00%    passed     99.85%
 356  B_DELIM-AJLQUPBXDGGECINUNTDA_Missouri_DELIM-AJLQUPBXDGGECINUNTDA_9_DELIM-AJLQUPBXDGGECINUNTDA_2016                 0.00%    passed     99.51%
 357  B_DELIM-AJLQUPBXDGGECINUNTDA_Barbados_DELIM-AJLQUPBXDGGECINUNTDA_2087_DELIM-AJLQUPBXDGGECINUNTDA_2017              0.06%    passed     99.67%
 358  B_DELIM-AJLQUPBXDGGECINUNTDA_HongKong_DELIM-AJLQUPBXDGGECINUNTDA_1356_DELIM-AJLQUPBXDGGECINUNTDA_2018              0.00%    passed     99.75%
 359  B_DELIM-AJLQUPBXDGGECINUNTDA_Lao_DELIM-AJLQUPBXDGGECINUNTDA_3157_DELIM-AJLQUPBXDGGECINUNTDA_2016                   0.00%    passed     99.72%
 360  B_DELIM-AJLQUPBXDGGECINUNTDA_SouthAfrica_DELIM-AJLQUPBXDGGECINUNTDA_10097_DELIM-AJLQUPBXDGGECINUNTDA_2021          0.00%    passed     99.94%
 361  B_DELIM-AJLQUPBXDGGECINUNTDA_Victoria_DELIM-AJLQUPBXDGGECINUNTDA_926_DELIM-AJLQUPBXDGGECINUNTDA_2015               2.65%    passed     98.00%
 362  B_DELIM-AJLQUPBXDGGECINUNTDA_Madagascar_DELIM-AJLQUPBXDGGECINUNTDA_1898_DELIM-AJLQUPBXDGGECINUNTDA_2021            0.00%    passed     99.79%
 363  B_DELIM-AJLQUPBXDGGECINUNTDA_Washington_DELIM-AJLQUPBXDGGECINUNTDA_64_DELIM-AJLQUPBXDGGECINUNTDA_2015              7.02%    passed     88.97%
 364  B_DELIM-AJLQUPBXDGGECINUNTDA_AbuDhabi_DELIM-AJLQUPBXDGGECINUNTDA_1862860_DELIM-AJLQUPBXDGGECINUNTDA_2022           0.00%    passed     99.85%
 365  B_DELIM-AJLQUPBXDGGECINUNTDA_Bangladesh_DELIM-AJLQUPBXDGGECINUNTDA_8007_DELIM-AJLQUPBXDGGECINUNTDA_2021            0.00%    passed     99.85%
 366  B_DELIM-AJLQUPBXDGGECINUNTDA_Madagascar_DELIM-AJLQUPBXDGGECINUNTDA_2408_DELIM-AJLQUPBXDGGECINUNTDA_2021            0.00%    passed     98.98%
 367  B_DELIM-AJLQUPBXDGGECINUNTDA_Bahrain_DELIM-AJLQUPBXDGGECINUNTDA_9938_DELIM-AJLQUPBXDGGECINUNTDA_2021               0.00%    passed     99.90%
 368  B_DELIM-AJLQUPBXDGGECINUNTDA_SouthAfrica_DELIM-AJLQUPBXDGGECINUNTDA_VW0622_DELIM-AJLQUPBXDGGECINUNTDA_2018         0.00%    passed     99.51%
 369  B_DELIM-AJLQUPBXDGGECINUNTDA_BurkinaFaso_DELIM-AJLQUPBXDGGECINUNTDA_148_DELIM-AJLQUPBXDGGECINUNTDA_2017            0.00%    passed     99.65%
 370  B_DELIM-AJLQUPBXDGGECINUNTDA_Para_DELIM-AJLQUPBXDGGECINUNTDA_182609-IEC_DELIM-AJLQUPBXDGGECINUNTDA_2022            0.00%    passed     99.86%
 371  B_DELIM-AJLQUPBXDGGECINUNTDA_SantaCatarina_DELIM-AJLQUPBXDGGECINUNTDA_744_DELIM-AJLQUPBXDGGECINUNTDA_2017          0.00%    passed     99.72%
 372  B_DELIM-AJLQUPBXDGGECINUNTDA_NewYork_DELIM-AJLQUPBXDGGECINUNTDA_WC-LVD-14-027_DELIM-AJLQUPBXDGGECINUNTDA_2014      0.83%    passed     99.90%
 373  B_DELIM-AJLQUPBXDGGECINUNTDA_Bahia_DELIM-AJLQUPBXDGGECINUNTDA_128_DELIM-AJLQUPBXDGGECINUNTDA_2017                  0.00%    passed     99.76%
 374  B_DELIM-AJLQUPBXDGGECINUNTDA_Kanagawa_DELIM-AJLQUPBXDGGECINUNTDA_IC41_DELIM-AJLQUPBXDGGECINUNTDA_2016              7.02%    passed     83.42%
 375  B_DELIM-AJLQUPBXDGGECINUNTDA_AbuDhabi_DELIM-AJLQUPBXDGGECINUNTDA_1401755_DELIM-AJLQUPBXDGGECINUNTDA_2022           0.00%    passed     99.99%
 376  B_DELIM-AJLQUPBXDGGECINUNTDA_Bangladesh_DELIM-AJLQUPBXDGGECINUNTDA_1328_DELIM-AJLQUPBXDGGECINUNTDA_2017            0.00%    passed     99.26%
 377  B_DELIM-AJLQUPBXDGGECINUNTDA_Singapore_DELIM-AJLQUPBXDGGECINUNTDA_GP2419_DELIM-AJLQUPBXDGGECINUNTDA_2017           7.02%    passed     85.12%
 378  B_DELIM-AJLQUPBXDGGECINUNTDA_Mississippi_DELIM-AJLQUPBXDGGECINUNTDA_UR06-0340_DELIM-AJLQUPBXDGGECINUNTDA_2007      0.44%    passed     95.74%
 379  B_DELIM-AJLQUPBXDGGECINUNTDA_Mali_DELIM-AJLQUPBXDGGECINUNTDA_66_DELIM-AJLQUPBXDGGECINUNTDA_2017                    0.00%    passed     99.63%
 380  B_DELIM-AJLQUPBXDGGECINUNTDA_SouthAfrica_DELIM-AJLQUPBXDGGECINUNTDA_5380_DELIM-AJLQUPBXDGGECINUNTDA_2021           0.50%    passed     99.75%
 381  B_DELIM-AJLQUPBXDGGECINUNTDA_Guyane_DELIM-AJLQUPBXDGGECINUNTDA_542_DELIM-AJLQUPBXDGGECINUNTDA_2018                 0.00%    passed     97.53%
 382  B_DELIM-AJLQUPBXDGGECINUNTDA_Bangladesh_DELIM-AJLQUPBXDGGECINUNTDA_19_DELIM-AJLQUPBXDGGECINUNTDA_2021              0.06%    passed     99.79%
 383  B_DELIM-AJLQUPBXDGGECINUNTDA_Bangladesh_DELIM-AJLQUPBXDGGECINUNTDA_8_DELIM-AJLQUPBXDGGECINUNTDA_2016               0.00%    passed     98.83%
 384  B_DELIM-AJLQUPBXDGGECINUNTDA_Bangladesh_DELIM-AJLQUPBXDGGECINUNTDA_9_DELIM-AJLQUPBXDGGECINUNTDA_2021               0.00%    passed     99.94%
 385  B_DELIM-AJLQUPBXDGGECINUNTDA_Victoria_DELIM-AJLQUPBXDGGECINUNTDA_2_DELIM-AJLQUPBXDGGECINUNTDA_2021                 7.02%    passed     83.31%
 386  B_DELIM-AJLQUPBXDGGECINUNTDA_Trollhattan_DELIM-AJLQUPBXDGGECINUNTDA_1_DELIM-AJLQUPBXDGGECINUNTDA_2016              7.07%    passed     87.73%
 387  B_DELIM-AJLQUPBXDGGECINUNTDA_NorthDakota_DELIM-AJLQUPBXDGGECINUNTDA_7_DELIM-AJLQUPBXDGGECINUNTDA_2019              0.00%    passed     99.52%
 388  B_DELIM-AJLQUPBXDGGECINUNTDA_Bangladesh_DELIM-AJLQUPBXDGGECINUNTDA_603008_DELIM-AJLQUPBXDGGECINUNTDA_2021          0.00%    passed     99.95%
 389  B_DELIM-AJLQUPBXDGGECINUNTDA_Suriname_DELIM-AJLQUPBXDGGECINUNTDA_2309_DELIM-AJLQUPBXDGGECINUNTDA_2017              0.50%    passed     99.04%
 390  B_DELIM-AJLQUPBXDGGECINUNTDA_Bahrain_DELIM-AJLQUPBXDGGECINUNTDA_157_DELIM-AJLQUPBXDGGECINUNTDA_2021                0.00%    passed     99.97%
 391  B_DELIM-AJLQUPBXDGGECINUNTDA_Saipan_DELIM-AJLQUPBXDGGECINUNTDA_1052_DELIM-AJLQUPBXDGGECINUNTDA_2019                0.00%    passed     99.91%
 392  B_DELIM-AJLQUPBXDGGECINUNTDA_California_DELIM-AJLQUPBXDGGECINUNTDA_103_DELIM-AJLQUPBXDGGECINUNTDA_2015             7.02%    passed     85.62%
 393  B_DELIM-AJLQUPBXDGGECINUNTDA_Para_DELIM-AJLQUPBXDGGECINUNTDA_182332-IEC_DELIM-AJLQUPBXDGGECINUNTDA_2022            0.00%    passed     99.86%
 394  B_DELIM-AJLQUPBXDGGECINUNTDA_Nosybe_DELIM-AJLQUPBXDGGECINUNTDA_5221_DELIM-AJLQUPBXDGGECINUNTDA_2016                0.06%    passed     99.67%
 395  B_DELIM-AJLQUPBXDGGECINUNTDA_Para_DELIM-AJLQUPBXDGGECINUNTDA_183192-IEC_DELIM-AJLQUPBXDGGECINUNTDA_2022            0.00%    passed     99.90%
 396  B_DELIM-AJLQUPBXDGGECINUNTDA_Singapore_DELIM-AJLQUPBXDGGECINUNTDA_INFGP-16-0299_DELIM-AJLQUPBXDGGECINUNTDA_2016    0.00%    passed     99.86%
****  TOTAL                                                                                                              1.28%  0 sequences failed composition chi2 test (p-value<5%; df=3)
NOTE: B_DELIM-AJLQUPBXDGGECINUNTDA_Colombia_DELIM-AJLQUPBXDGGECINUNTDA_7429_DELIM-AJLQUPBXDGGECINUNTDA_2019 is identical to B_DELIM-AJLQUPBXDGGECINUNTDA_Washington_DELIM-AJLQUPBXDGGECINUNTDA_2_DELIM-AJLQUPBXDGGECINUNTDA_2019 but kept for subsequent analysis
NOTE: B_DELIM-AJLQUPBXDGGECINUNTDA_Bangladesh_DELIM-AJLQUPBXDGGECINUNTDA_8027_DELIM-AJLQUPBXDGGECINUNTDA_2021 is identical to B_DELIM-AJLQUPBXDGGECINUNTDA_Bangladesh_DELIM-AJLQUPBXDGGECINUNTDA_1392_DELIM-AJLQUPBXDGGECINUNTDA_2021 but kept for subsequent analysis
NOTE: B_DELIM-AJLQUPBXDGGECINUNTDA_Boston_DELIM-AJLQUPBXDGGECINUNTDA_YGB_01005_DELIM-AJLQUPBXDGGECINUNTDA_2013 is identical to B_DELIM-AJLQUPBXDGGECINUNTDA_Boston_DELIM-AJLQUPBXDGGECINUNTDA_YGB_01057_DELIM-AJLQUPBXDGGECINUNTDA_2013 but kept for subsequent analysis
NOTE: B_DELIM-AJLQUPBXDGGECINUNTDA_NewYork_DELIM-AJLQUPBXDGGECINUNTDA_1102_DELIM-AJLQUPBXDGGECINUNTDA_2007 is identical to B_DELIM-AJLQUPBXDGGECINUNTDA_NewYork_DELIM-AJLQUPBXDGGECINUNTDA_1092_DELIM-AJLQUPBXDGGECINUNTDA_2006 but kept for subsequent analysis
NOTE: B_DELIM-AJLQUPBXDGGECINUNTDA_RhodeIsland_DELIM-AJLQUPBXDGGECINUNTDA_5_DELIM-AJLQUPBXDGGECINUNTDA_2021 is identical to B_DELIM-AJLQUPBXDGGECINUNTDA_Para_DELIM-AJLQUPBXDGGECINUNTDA_182637-IEC_DELIM-AJLQUPBXDGGECINUNTDA_2022 but kept for subsequent analysis
NOTE: B_DELIM-AJLQUPBXDGGECINUNTDA_Singapore_DELIM-AJLQUPBXDGGECINUNTDA_SAR90632_DELIM-AJLQUPBXDGGECINUNTDA_2021 is identical to B_DELIM-AJLQUPBXDGGECINUNTDA_Singapore_DELIM-AJLQUPBXDGGECINUNTDA_SAR56861_DELIM-AJLQUPBXDGGECINUNTDA_2021 but kept for subsequent analysis
NOTE: B_DELIM-AJLQUPBXDGGECINUNTDA_Kenya_DELIM-AJLQUPBXDGGECINUNTDA_118_DELIM-AJLQUPBXDGGECINUNTDA_2020 is identical to B_DELIM-AJLQUPBXDGGECINUNTDA_Kenya_DELIM-AJLQUPBXDGGECINUNTDA_113_DELIM-AJLQUPBXDGGECINUNTDA_2020 but kept for subsequent analysis
NOTE: B_DELIM-AJLQUPBXDGGECINUNTDA_NewMexico_DELIM-AJLQUPBXDGGECINUNTDA_1_DELIM-AJLQUPBXDGGECINUNTDA_2021 is identical to B_DELIM-AJLQUPBXDGGECINUNTDA_Guatemala_DELIM-AJLQUPBXDGGECINUNTDA_52_DELIM-AJLQUPBXDGGECINUNTDA_2022 but kept for subsequent analysis
NOTE: B_DELIM-AJLQUPBXDGGECINUNTDA_NewYork_DELIM-AJLQUPBXDGGECINUNTDA_1089_DELIM-AJLQUPBXDGGECINUNTDA_2006 is identical to B_DELIM-AJLQUPBXDGGECINUNTDA_NewYork_DELIM-AJLQUPBXDGGECINUNTDA_1088_DELIM-AJLQUPBXDGGECINUNTDA_2006 but kept for subsequent analysis
NOTE: B_DELIM-AJLQUPBXDGGECINUNTDA_Sergipe_DELIM-AJLQUPBXDGGECINUNTDA_13453_DELIM-AJLQUPBXDGGECINUNTDA_2020 is identical to B_DELIM-AJLQUPBXDGGECINUNTDA_Sergipe_DELIM-AJLQUPBXDGGECINUNTDA_13457_DELIM-AJLQUPBXDGGECINUNTDA_2020 but kept for subsequent analysis
NOTE: B_DELIM-AJLQUPBXDGGECINUNTDA_Lao_DELIM-AJLQUPBXDGGECINUNTDA_262_DELIM-AJLQUPBXDGGECINUNTDA_2020 is identical to B_DELIM-AJLQUPBXDGGECINUNTDA_Lao_DELIM-AJLQUPBXDGGECINUNTDA_452_DELIM-AJLQUPBXDGGECINUNTDA_2020 but kept for subsequent analysis
NOTE: B_DELIM-AJLQUPBXDGGECINUNTDA_Brazil_DELIM-AJLQUPBXDGGECINUNTDA_80287_DELIM-AJLQUPBXDGGECINUNTDA_2015 is identical to B_DELIM-AJLQUPBXDGGECINUNTDA_Oman_DELIM-AJLQUPBXDGGECINUNTDA_4389_DELIM-AJLQUPBXDGGECINUNTDA_2016 but kept for subsequent analysis
NOTE: B_DELIM-AJLQUPBXDGGECINUNTDA_Montana_DELIM-AJLQUPBXDGGECINUNTDA_1_DELIM-AJLQUPBXDGGECINUNTDA_2022 is identical to B_DELIM-AJLQUPBXDGGECINUNTDA_Montana_DELIM-AJLQUPBXDGGECINUNTDA_2_DELIM-AJLQUPBXDGGECINUNTDA_2022 but kept for subsequent analysis
NOTE: B_DELIM-AJLQUPBXDGGECINUNTDA_Singapore_DELIM-AJLQUPBXDGGECINUNTDA_INFGP-16-0299_DELIM-AJLQUPBXDGGECINUNTDA_2016 is identical to B_DELIM-AJLQUPBXDGGECINUNTDA_Singapore_DELIM-AJLQUPBXDGGECINUNTDA_INFTT-16-0024_DELIM-AJLQUPBXDGGECINUNTDA_2016 but kept for subsequent analysis
NOTE: B_DELIM-AJLQUPBXDGGECINUNTDA_Stockholm_DELIM-AJLQUPBXDGGECINUNTDA_2_DELIM-AJLQUPBXDGGECINUNTDA_2021 is identical to B_DELIM-AJLQUPBXDGGECINUNTDA_Stockholm_DELIM-AJLQUPBXDGGECINUNTDA_3_DELIM-AJLQUPBXDGGECINUNTDA_2021 but kept for subsequent analysis
NOTE: B_DELIM-AJLQUPBXDGGECINUNTDA_Chanthaburi_DELIM-AJLQUPBXDGGECINUNTDA_598_DELIM-AJLQUPBXDGGECINUNTDA_2015 is identical to B_DELIM-AJLQUPBXDGGECINUNTDA_Lao_DELIM-AJLQUPBXDGGECINUNTDA_426_DELIM-AJLQUPBXDGGECINUNTDA_2015 but kept for subsequent analysis
NOTE: B_DELIM-AJLQUPBXDGGECINUNTDA_Mali_DELIM-AJLQUPBXDGGECINUNTDA_75_DELIM-AJLQUPBXDGGECINUNTDA_2016 is identical to B_DELIM-AJLQUPBXDGGECINUNTDA_Mali_DELIM-AJLQUPBXDGGECINUNTDA_104_DELIM-AJLQUPBXDGGECINUNTDA_2016 but kept for subsequent analysis
NOTE: B_DELIM-AJLQUPBXDGGECINUNTDA_SouthKorea_DELIM-AJLQUPBXDGGECINUNTDA_11419_DELIM-AJLQUPBXDGGECINUNTDA_2020 is identical to B_DELIM-AJLQUPBXDGGECINUNTDA_Eskilstuna_DELIM-AJLQUPBXDGGECINUNTDA_2_DELIM-AJLQUPBXDGGECINUNTDA_2019 but kept for subsequent analysis
NOTE: B_DELIM-AJLQUPBXDGGECINUNTDA_California_DELIM-AJLQUPBXDGGECINUNTDA_NHRC0003_DELIM-AJLQUPBXDGGECINUNTDA_2006 is identical to B_DELIM-AJLQUPBXDGGECINUNTDA_California_DELIM-AJLQUPBXDGGECINUNTDA_NHRC0005_DELIM-AJLQUPBXDGGECINUNTDA_2006 but kept for subsequent analysis
NOTE: B_DELIM-AJLQUPBXDGGECINUNTDA_California_DELIM-AJLQUPBXDGGECINUNTDA_NHRC0004_DELIM-AJLQUPBXDGGECINUNTDA_2003 is identical to B_DELIM-AJLQUPBXDGGECINUNTDA_California_DELIM-AJLQUPBXDGGECINUNTDA_NHRC0005_DELIM-AJLQUPBXDGGECINUNTDA_2003 but kept for subsequent analysis
NOTE: B_DELIM-AJLQUPBXDGGECINUNTDA_SouthKorea_DELIM-AJLQUPBXDGGECINUNTDA_9970_DELIM-AJLQUPBXDGGECINUNTDA_2019 is identical to B_DELIM-AJLQUPBXDGGECINUNTDA_SouthKorea_DELIM-AJLQUPBXDGGECINUNTDA_9966_DELIM-AJLQUPBXDGGECINUNTDA_2019 but kept for subsequent analysis
NOTE: B_DELIM-AJLQUPBXDGGECINUNTDA_Bangladesh_DELIM-AJLQUPBXDGGECINUNTDA_1328_DELIM-AJLQUPBXDGGECINUNTDA_2017 is identical to B_DELIM-AJLQUPBXDGGECINUNTDA_Bangladesh_DELIM-AJLQUPBXDGGECINUNTDA_702014_DELIM-AJLQUPBXDGGECINUNTDA_2017 but kept for subsequent analysis
NOTE: 12 identical sequences (see below) will be ignored for subsequent analysis
NOTE: B_DELIM-AJLQUPBXDGGECINUNTDA_Afghanistan_DELIM-AJLQUPBXDGGECINUNTDA_1040_DELIM-AJLQUPBXDGGECINUNTDA_2019 (identical to B_DELIM-AJLQUPBXDGGECINUNTDA_Washington_DELIM-AJLQUPBXDGGECINUNTDA_2_DELIM-AJLQUPBXDGGECINUNTDA_2019) is ignored but added at the end
NOTE: B_DELIM-AJLQUPBXDGGECINUNTDA_Saipan_DELIM-AJLQUPBXDGGECINUNTDA_1052_DELIM-AJLQUPBXDGGECINUNTDA_2019 (identical to B_DELIM-AJLQUPBXDGGECINUNTDA_Washington_DELIM-AJLQUPBXDGGECINUNTDA_2_DELIM-AJLQUPBXDGGECINUNTDA_2019) is ignored but added at the end
NOTE: B_DELIM-AJLQUPBXDGGECINUNTDA_Bangladesh_DELIM-AJLQUPBXDGGECINUNTDA_8007_DELIM-AJLQUPBXDGGECINUNTDA_2021 (identical to B_DELIM-AJLQUPBXDGGECINUNTDA_Bangladesh_DELIM-AJLQUPBXDGGECINUNTDA_1392_DELIM-AJLQUPBXDGGECINUNTDA_2021) is ignored but added at the end
NOTE: B_DELIM-AJLQUPBXDGGECINUNTDA_NewYork_DELIM-AJLQUPBXDGGECINUNTDA_1100_DELIM-AJLQUPBXDGGECINUNTDA_2007 (identical to B_DELIM-AJLQUPBXDGGECINUNTDA_NewYork_DELIM-AJLQUPBXDGGECINUNTDA_1092_DELIM-AJLQUPBXDGGECINUNTDA_2006) is ignored but added at the end
NOTE: B_DELIM-AJLQUPBXDGGECINUNTDA_NewYork_DELIM-AJLQUPBXDGGECINUNTDA_1107_DELIM-AJLQUPBXDGGECINUNTDA_2007 (identical to B_DELIM-AJLQUPBXDGGECINUNTDA_NewYork_DELIM-AJLQUPBXDGGECINUNTDA_1092_DELIM-AJLQUPBXDGGECINUNTDA_2006) is ignored but added at the end
NOTE: B_DELIM-AJLQUPBXDGGECINUNTDA_NewYork_DELIM-AJLQUPBXDGGECINUNTDA_1109_DELIM-AJLQUPBXDGGECINUNTDA_2007 (identical to B_DELIM-AJLQUPBXDGGECINUNTDA_NewYork_DELIM-AJLQUPBXDGGECINUNTDA_1092_DELIM-AJLQUPBXDGGECINUNTDA_2006) is ignored but added at the end
NOTE: B_DELIM-AJLQUPBXDGGECINUNTDA_Bahrain_DELIM-AJLQUPBXDGGECINUNTDA_377_DELIM-AJLQUPBXDGGECINUNTDA_2021 (identical to B_DELIM-AJLQUPBXDGGECINUNTDA_Para_DELIM-AJLQUPBXDGGECINUNTDA_182637-IEC_DELIM-AJLQUPBXDGGECINUNTDA_2022) is ignored but added at the end
NOTE: B_DELIM-AJLQUPBXDGGECINUNTDA_Para_DELIM-AJLQUPBXDGGECINUNTDA_182335-IEC_DELIM-AJLQUPBXDGGECINUNTDA_2022 (identical to B_DELIM-AJLQUPBXDGGECINUNTDA_Para_DELIM-AJLQUPBXDGGECINUNTDA_182637-IEC_DELIM-AJLQUPBXDGGECINUNTDA_2022) is ignored but added at the end
NOTE: B_DELIM-AJLQUPBXDGGECINUNTDA_Para_DELIM-AJLQUPBXDGGECINUNTDA_182636-IEC_DELIM-AJLQUPBXDGGECINUNTDA_2022 (identical to B_DELIM-AJLQUPBXDGGECINUNTDA_Para_DELIM-AJLQUPBXDGGECINUNTDA_182637-IEC_DELIM-AJLQUPBXDGGECINUNTDA_2022) is ignored but added at the end
NOTE: B_DELIM-AJLQUPBXDGGECINUNTDA_Singapore_DELIM-AJLQUPBXDGGECINUNTDA_SAR46131_DELIM-AJLQUPBXDGGECINUNTDA_2021 (identical to B_DELIM-AJLQUPBXDGGECINUNTDA_Singapore_DELIM-AJLQUPBXDGGECINUNTDA_SAR56861_DELIM-AJLQUPBXDGGECINUNTDA_2021) is ignored but added at the end
NOTE: B_DELIM-AJLQUPBXDGGECINUNTDA_Kazakhstan_DELIM-AJLQUPBXDGGECINUNTDA_43_DELIM-AJLQUPBXDGGECINUNTDA_2016 (identical to B_DELIM-AJLQUPBXDGGECINUNTDA_Lao_DELIM-AJLQUPBXDGGECINUNTDA_426_DELIM-AJLQUPBXDGGECINUNTDA_2015) is ignored but added at the end
NOTE: B_DELIM-AJLQUPBXDGGECINUNTDA_Eskilstuna_DELIM-AJLQUPBXDGGECINUNTDA_1_DELIM-AJLQUPBXDGGECINUNTDA_2019 (identical to B_DELIM-AJLQUPBXDGGECINUNTDA_Eskilstuna_DELIM-AJLQUPBXDGGECINUNTDA_2_DELIM-AJLQUPBXDGGECINUNTDA_2019) is ignored but added at the end
Alignment was printed to results/aligned_cdc_vic_np_60y_cell_hi-delim.fasta.uniqueseq.phy

For your convenience alignment with unique sequences printed to results/aligned_cdc_vic_np_60y_cell_hi-delim.fasta.uniqueseq.phy

Create initial parsimony tree by phylogenetic likelihood library (PLL)... 0.038 seconds

NOTE: 6 MB RAM (0 GB) is required!
Estimate model parameters (epsilon = 0.500)
1. Initial log-likelihood: -10977.024
2. Current log-likelihood: -10260.872
Optimal log-likelihood: -10260.793
Rate parameters:  A-C: 1.29186  A-G: 11.11950  A-T: 0.56567  C-G: 0.06544  C-T: 14.63698  G-T: 1.00000
Base frequencies:  A: 0.347  C: 0.194  G: 0.234  T: 0.225
Parameters optimization took 2 rounds (1.034 sec)
Computing ML distances based on estimated model parameters...
Computing ML distances took 0.388751 sec (of wall-clock time) 0.388710 sec(of CPU time)
Computing RapidNJ tree took 0.010021 sec (of wall-clock time) 0.016365 sec (of CPU time)
Log-likelihood of RapidNJ tree: -10270.239
--------------------------------------------------------------------
|             INITIALIZING CANDIDATE TREE SET                      |
--------------------------------------------------------------------

Do NNI search on 2 best initial trees
Estimate model parameters (epsilon = 0.500)
BETTER TREE FOUND at iteration 1: -10251.992
Estimate model parameters (epsilon = 0.500)
BETTER TREE FOUND at iteration 2: -10237.624
Finish initializing candidate tree set (4)
Current best tree score: -10237.624 / CPU time: 0.856
Number of iterations: 2
TREE SEARCH COMPLETED AFTER 2 ITERATIONS / Time: 0h:0m:2s

--------------------------------------------------------------------
|                    FINALIZING TREE SEARCH                        |
--------------------------------------------------------------------
Performs final model parameters optimization
Estimate model parameters (epsilon = 0.050)
1. Initial log-likelihood: -10237.624
Optimal log-likelihood: -10237.621
Rate parameters:  A-C: 1.34824  A-G: 11.09656  A-T: 0.60236  C-G: 0.00980  C-T: 14.61144  G-T: 1.00000
Base frequencies:  A: 0.347  C: 0.194  G: 0.234  T: 0.225
Parameters optimization took 1 rounds (0.078 sec)
BEST SCORE FOUND : -10237.621
Total tree length: 0.570

Total number of iterations: 2
CPU time used for tree search: 0.913 sec (0h:0m:0s)
Wall-clock time used for tree search: 0.859 sec (0h:0m:0s)
Total CPU time used: 2.797 sec (0h:0m:2s)
Total wall-clock time used: 2.615 sec (0h:0m:2s)

Analysis results written to: 
  IQ-TREE report:                results/aligned_cdc_vic_np_60y_cell_hi-delim.fasta.iqtree
  Maximum-likelihood tree:       results/aligned_cdc_vic_np_60y_cell_hi-delim.fasta.treefile
  Likelihood distances:          results/aligned_cdc_vic_np_60y_cell_hi-delim.fasta.mldist
  Screen log file:               results/aligned_cdc_vic_np_60y_cell_hi-delim.fasta.log

Date and Time: Fri Aug 26 21:33:00 2022
