IQ-TREE multicore version 2.1.4-beta COVID-edition for Mac OS X 64-bit built Jun 24 2021
Developed by Bui Quang Minh, James Barbetti, Nguyen Lam Tung,
Olga Chernomor, Heiko Schmidt, Dominik Schrempf, Michael Woodhams.

Host:    kates-mbp-3.fhcrc.org (AVX2, FMA3, 8 GB RAM)
Command: iqtree2 -ninit 2 -n 2 -me 0.05 -nt 1 -s results/aligned_B_F-delim.fasta -m GTR
Seed:    342864 (Using SPRNG - Scalable Parallel Random Number Generator)
Time:    Wed Mar  9 12:20:57 2022
Kernel:  AVX+FMA - 1 threads (4 CPU cores detected)

HINT: Use -nt option to specify number of threads because your CPU has 4 cores!
HINT: -nt AUTO will automatically determine the best number of threads to use.

Reading alignment file results/aligned_B_F-delim.fasta ... Fasta format detected
Alignment most likely contains DNA/RNA sequences
WARNING: 13466 sites contain only gaps or ambiguous characters.
Alignment has 929 sequences with 15191 columns, 679 distinct patterns
483 parsimony-informative, 198 singleton sites, 14510 constant sites
          Gap/Ambiguity  Composition  p-value
   1  LC474554   88.64%    failed      0.00%
   2  LC474552   88.64%    failed      0.00%
   3  MZ515553   88.64%    failed      0.00%
   4  LC474555   88.64%    failed      0.00%
   5  MW160818   88.64%    failed      0.00%
   6  MK481079   88.64%    failed      0.00%
   7  MK534510   88.64%    failed      0.00%
   8  MN163126   88.64%    failed      0.00%
   9  MZ515561   88.64%    failed      0.00%
  10  MZ515890   88.64%    failed      0.00%
  11  MZ515627   88.64%    failed      0.00%
  12  MZ515809   88.64%    failed      0.00%
  13  MZ515978   88.64%    failed      0.00%
  14  MZ515594   88.64%    failed      0.00%
  15  MZ515653   88.64%    failed      0.00%
  16  MZ515562   88.64%    failed      0.00%
  17  MZ515977   88.64%    failed      0.00%
  18  MW160815   88.64%    failed      0.00%
  19  MZ515584   88.64%    failed      0.00%
  20  MZ516061   88.64%    failed      0.00%
  21  MZ515727   88.64%    failed      0.00%
  22  MZ515751   88.64%    failed      0.00%
  23  MZ515839   88.64%    failed      0.00%
  24  MZ515846   88.64%    failed      0.00%
  25  MZ515979   88.64%    failed      0.00%
  26  MZ515775   88.64%    failed      0.00%
  27  MZ516062   88.64%    failed      0.00%
  28  MZ515719   88.64%    failed      0.00%
  29  MZ515895   88.64%    failed      0.00%
  30  MZ515953   88.64%    failed      0.00%
  31  MZ515677   88.64%    failed      0.00%
  32  MZ516139   88.64%    failed      0.00%
  33  MZ515786   88.64%    failed      0.00%
  34  MZ515904   88.64%    failed      0.00%
  35  MT373703   88.64%    failed      0.00%
  36  MZ515581   88.64%    failed      0.00%
  37  MZ515794   88.64%    failed      0.00%
  38  MZ515595   88.64%    failed      0.00%
  39  MZ515724   88.64%    failed      0.00%
  40  MZ515946   88.64%    failed      0.00%
  41  MZ515950   88.64%    failed      0.00%
  42  MT373704   88.64%    failed      0.00%
  43  MW020595   88.64%    failed      0.00%
  44  MZ516098   88.64%    failed      0.00%
  45  MZ515824   88.64%    failed      0.00%
  46  MZ515823   88.64%    failed      0.00%
  47  MZ515678   88.64%    failed      0.00%
  48  MZ516083   88.64%    failed      0.00%
  49  MZ515771   88.64%    failed      0.00%
  50  MZ515871   88.64%    failed      0.00%
  51  MZ515732   88.64%    failed      0.00%
  52  MZ515837   88.64%    failed      0.00%
  53  MZ516054   88.64%    failed      0.00%
  54  MN306044   88.64%    failed      0.00%
  55  MZ515865   88.64%    failed      0.00%
  56  MZ515805   88.64%    failed      0.00%
  57  MZ515625   88.64%    failed      0.00%
  58  MN163125   88.64%    failed      0.00%
  59  MZ516022   88.64%    failed      0.00%
  60  MZ515761   88.64%    failed      0.00%
  61  MW160780   88.64%    failed      0.00%
  62  MW160832   88.64%    failed      0.00%
  63  MW160823   88.64%    failed      0.00%
  64  MZ515738   88.64%    failed      0.00%
  65  MZ515981   88.64%    failed      0.00%
  66  MZ515637   88.64%    failed      0.00%
  67  MZ515757   88.64%    failed      0.00%
  68  MZ515716   88.64%    failed      0.00%
  69  MW160826   88.64%    failed      0.00%
  70  MW160837   88.64%    failed      0.00%
  71  MW160838   88.64%    failed      0.00%
  72  MZ516113   88.64%    failed      0.00%
  73  MZ515990   88.64%    failed      0.00%
  74  MZ515799   88.64%    failed      0.00%
  75  MZ516107   88.64%    failed      0.00%
  76  MZ515694   88.64%    failed      0.00%
  77  MZ515557   88.64%    failed      0.00%
  78  MZ515844   88.64%    failed      0.00%
  79  MZ516101   88.64%    failed      0.00%
  80  MZ515671   88.64%    failed      0.00%
  81  MZ515691   88.64%    failed      0.00%
  82  MZ516021   88.64%    failed      0.00%
  83  MZ515672   88.64%    failed      0.00%
  84  MZ515586   88.64%    failed      0.00%
  85  MZ515707   88.64%    failed      0.00%
  86  MZ515937   88.64%    failed      0.00%
  87  MZ515779   88.64%    failed      0.00%
  88  MZ515759   88.64%    failed      0.00%
  89  MZ515605   88.64%    failed      0.00%
  90  MZ515988   88.64%    failed      0.00%
  91  MZ516056   88.64%    failed      0.00%
  92  MZ515756   88.64%    failed      0.00%
  93  MZ515590   88.64%    failed      0.00%
  94  MZ515599   88.64%    failed      0.00%
  95  MT107528   88.64%    failed      0.00%
  96  MZ515845   88.64%    failed      0.00%
  97  MZ515658   88.64%    failed      0.00%
  98  MZ515944   88.64%    failed      0.00%
  99  MZ515883   88.64%    failed      0.00%
 100  MZ516051   88.64%    failed      0.00%
 101  MZ515596   88.64%    failed      0.00%
 102  MZ515767   88.64%    failed      0.00%
 103  MZ515762   88.64%    failed      0.00%
 104  MZ516065   88.64%    failed      0.00%
 105  MZ515812   88.64%    failed      0.00%
 106  MZ515903   88.64%    failed      0.00%
 107  MZ515636   88.64%    failed      0.00%
 108  MZ515974   88.64%    failed      0.00%
 109  MZ151849   88.64%    failed      0.00%
 110  MZ151851   88.64%    failed      0.00%
 111  MZ515664   88.64%    failed      0.00%
 112  MZ515699   88.64%    failed      0.00%
 113  MZ515975   88.64%    failed      0.00%
 114  LC495297   88.64%    failed      0.00%
 115  MZ515558   88.64%    failed      0.00%
 116  MZ515639   88.64%    failed      0.00%
 117  MZ516003   88.64%    failed      0.00%
 118  MZ516135   88.64%    failed      0.00%
 119  MZ515938   88.64%    failed      0.00%
 120  MZ515997   88.64%    failed      0.00%
 121  MZ515656   88.64%    failed      0.00%
 122  MZ515820   88.64%    failed      0.00%
 123  MZ516037   88.64%    failed      0.00%
 124  MZ516125   88.64%    failed      0.00%
 125  MZ515936   88.64%    failed      0.00%
 126  MZ515857   88.64%    failed      0.00%
 127  MZ516042   88.64%    failed      0.00%
 128  MZ516081   88.64%    failed      0.00%
 129  MZ515791   88.64%    failed      0.00%
 130  MZ515726   88.64%    failed      0.00%
 131  MZ515914   88.64%    failed      0.00%
 132  MZ515934   88.64%    failed      0.00%
 133  MZ515607   88.64%    failed      0.00%
 134  MZ515635   88.64%    failed      0.00%
 135  MZ515753   88.64%    failed      0.00%
 136  MZ515622   88.64%    failed      0.00%
 137  MZ515827   88.64%    failed      0.00%
 138  MZ515930   88.64%    failed      0.00%
 139  MZ515972   88.64%    failed      0.00%
 140  MZ516143   88.64%    failed      0.00%
 141  MZ515728   88.64%    failed      0.00%
 142  MZ515715   88.64%    failed      0.00%
 143  MZ516140   88.64%    failed      0.00%
 144  MZ515684   88.64%    failed      0.00%
 145  MZ515776   88.64%    failed      0.00%
 146  MZ515899   88.64%    failed      0.00%
 147  MZ515863   88.64%    failed      0.00%
 148  MZ515872   88.64%    failed      0.00%
 149  MW160812   88.64%    failed      0.00%
 150  MZ516095   88.64%    failed      0.00%
 151  MZ515613   88.64%    failed      0.00%
 152  MZ516109   88.64%    failed      0.00%
 153  MZ516105   88.64%    failed      0.00%
 154  MZ515778   88.64%    failed      0.00%
 155  MZ516059   88.64%    failed      0.00%
 156  MZ515660   88.64%    failed      0.00%
 157  MZ516114   88.64%    failed      0.00%
 158  MZ515748   88.64%    failed      0.00%
 159  MZ516020   88.64%    failed      0.00%
 160  MZ516122   88.64%    failed      0.00%
 161  MZ515638   88.64%    failed      0.00%
 162  MZ516030   88.64%    failed      0.00%
 163  MZ515669   88.64%    failed      0.00%
 164  MZ515698   88.64%    failed      0.00%
 165  MZ516123   88.64%    failed      0.00%
 166  MZ515886   88.64%    failed      0.00%
 167  MZ516034   88.64%    failed      0.00%
 168  MZ516089   88.64%    failed      0.00%
 169  MZ515665   88.64%    failed      0.00%
 170  MZ515730   88.64%    failed      0.00%
 171  MZ515683   88.64%    failed      0.00%
 172  MZ515792   88.64%    failed      0.00%
 173  MZ515670   88.67%    failed      0.00%
 174  MT373705   88.64%    failed      0.00%
 175  MK534511   88.64%    failed      0.00%
 176  MK534512   88.64%    failed      0.00%
 177  MZ515817   88.64%    failed      0.00%
 178  MZ515713   88.64%    failed      0.00%
 179  MZ515849   88.64%    failed      0.00%
 180  MZ515925   88.64%    failed      0.00%
 181  MZ515894   88.64%    failed      0.00%
 182  MZ515917   88.64%    failed      0.00%
 183  MZ516116   88.64%    failed      0.00%
 184  MZ515667   88.64%    failed      0.00%
 185  MZ515916   88.64%    failed      0.00%
 186  MZ515704   88.64%    failed      0.00%
 187  MZ515712   88.64%    failed      0.00%
 188  MZ515612   88.64%    failed      0.00%
 189  MZ515926   88.64%    failed      0.00%
 190  MZ515663   88.64%    failed      0.00%
 191  MZ516060   88.64%    failed      0.00%
 192  MZ516016   88.64%    failed      0.00%
 193  MZ515608   88.64%    failed      0.00%
 194  MZ515807   88.64%    failed      0.00%
 195  MZ515832   88.67%    failed      0.00%
 196  MZ515591   88.64%    failed      0.00%
 197  MZ515970   88.64%    failed      0.00%
 198  MZ516102   88.64%    failed      0.00%
 199  MW160836   88.64%    failed      0.00%
 200  MZ515955   88.64%    failed      0.00%
 201  MZ515995   88.64%    failed      0.00%
 202  MZ516094   88.64%    failed      0.00%
 203  MZ515746   88.64%    failed      0.00%
 204  MZ515598   88.64%    failed      0.00%
 205  MZ515743   88.64%    failed      0.00%
 206  MZ515710   88.64%    failed      0.00%
 207  MZ515769   88.64%    failed      0.00%
 208  MZ151850   88.64%    failed      0.00%
 209  MZ151856   88.64%    failed      0.00%
 210  MZ515830   88.64%    failed      0.00%
 211  MZ516049   88.64%    failed      0.00%
 212  MZ515560   88.64%    failed      0.00%
 213  LC474546   88.64%    failed      0.00%
 214  LC474551   88.64%    failed      0.00%
 215  MW160784   88.64%    failed      0.00%
 216  LC474553   88.64%    failed      0.00%
 217  MW160800   88.64%    failed      0.00%
 218  MW160831   88.64%    failed      0.00%
 219  MZ515674   88.64%    failed      0.00%
 220  MW160804   88.64%    failed      0.00%
 221  MZ515565   88.64%    failed      0.00%
 222  MZ515611   88.64%    failed      0.00%
 223  MZ515868   88.64%    failed      0.00%
 224  MZ515991   88.64%    failed      0.00%
 225  LC488177   88.64%    failed      0.00%
 226  MZ515574   88.64%    failed      0.00%
 227  LC474537   88.64%    failed      0.00%
 228  KM517573   88.64%    failed      0.00%
 229  LC384999   88.64%    failed      0.00%
 230  LC385005   88.64%    failed      0.00%
 231  LC384997   88.64%    failed      0.00%
 232  KY249681   88.64%    failed      0.00%
 233  KY249683   88.64%    failed      0.00%
 234  MG839547   88.64%    failed      0.00%
 235  MZ515554   88.64%    failed      0.00%
 236  MW160829   88.64%    failed      0.00%
 237  MK749873   88.64%    failed      0.00%
 238  MK749891   88.64%    failed      0.00%
 239  MK749899   88.64%    failed      0.00%
 240  MK749877   88.64%    failed      0.00%
 241  MK749881   88.64%    failed      0.00%
 242  LC474542   88.64%    failed      0.00%
 243  MK749869   88.64%    failed      0.00%
 244  MK749894   88.64%    failed      0.00%
 245  MK749910   88.64%    failed      0.00%
 246  MK749882   88.64%    failed      0.00%
 247  MK749916   88.64%    failed      0.00%
 248  MK749887   88.64%    failed      0.00%
 249  MW160810   88.64%    failed      0.00%
 250  MK749885   88.64%    failed      0.00%
 251  MK749901   88.64%    failed      0.00%
 252  LC385004   88.64%    failed      0.00%
 253  LC385008   88.64%    failed      0.00%
 254  MT040084   88.64%    failed      0.00%
 255  MT040086   88.64%    failed      0.00%
 256  MT040088   88.64%    failed      0.00%
 257  MT040087   88.64%    failed      0.00%
 258  MT040089   88.64%    failed      0.00%
 259  MW160786   88.64%    failed      0.00%
 260  MW160808   88.64%    failed      0.00%
 261  MW160813   88.64%    failed      0.00%
 262  MW160835   88.64%    failed      0.00%
 263  MK749871   88.64%    failed      0.00%
 264  MK749872   88.64%    failed      0.00%
 265  MK749898   88.64%    failed      0.00%
 266  MK749902   88.64%    failed      0.00%
 267  MK749892   88.64%    failed      0.00%
 268  MF001058   88.64%    failed      0.00%
 269  MW160781   88.64%    failed      0.00%
 270  MW160750   88.64%    failed      0.00%
 271  MW160788   88.64%    failed      0.00%
 272  MW160796   88.64%    failed      0.00%
 273  MW160755   88.64%    failed      0.00%
 274  MZ516045   88.64%    failed      0.00%
 275  MZ515836   88.64%    failed      0.00%
 276  MZ516104   88.64%    failed      0.00%
 277  LC474544   88.64%    failed      0.00%
 278  MW160792   88.64%    failed      0.00%
 279  MW160834   88.64%    failed      0.00%
 280  LC385006   88.64%    failed      0.00%
 281  MW160765   88.64%    failed      0.00%
 282  MZ515578   88.64%    failed      0.00%
 283  MZ515843   88.64%    failed      0.00%
 284  MZ515603   88.64%    failed      0.00%
 285  MZ515831   88.64%    failed      0.00%
 286  MZ516082   88.64%    failed      0.00%
 287  MN163124   88.64%    failed      0.00%
 288  KY249682   88.64%    failed      0.00%
 289  KX765906   88.64%    failed      0.00%
 290  MW160757   88.64%    failed      0.00%
 291  MW160770   88.64%    failed      0.00%
 292  MW160744   88.64%    failed      0.00%
 293  MW160789   88.64%    failed      0.00%
 294  MZ516032   88.64%    failed      0.00%
 295  KP663729   88.64%    failed      0.00%
 296  KP663730   88.64%    failed      0.00%
 297  KU950467   88.64%    failed      0.00%
 298  KU950682   88.64%    failed      0.00%
 299  MF001048   88.64%    failed      0.00%
 300  KX765959   88.64%    failed      0.00%
 301  MG839545   88.64%    failed      0.00%
 302  KY249667   88.64%    failed      0.00%
 303  KY249673   88.64%    failed      0.00%
 304  KU950611   88.64%    failed      0.00%
 305  KU950603   88.64%    failed      0.00%
 306  KX765921   88.64%    failed      0.00%
 307  KX765966   88.64%    failed      0.00%
 308  KX765957   88.64%    failed      0.00%
 309  KX765962   88.64%    failed      0.00%
 310  KY249656   88.64%    failed      0.00%
 311  MK749868   88.64%    failed      0.00%
 312  LC474545   88.64%    failed      0.00%
 313  LC474550   88.64%    failed      0.00%
 314  MZ515889   88.64%    failed      0.00%
 315  KY249660   88.64%    failed      0.00%
 316  MW160802   88.64%    failed      0.00%
 317  MZ515587   88.64%    failed      0.00%
 318  MZ515770   88.64%    failed      0.00%
 319  MZ515996   88.64%    failed      0.00%
 320  MZ515869   88.64%    failed      0.00%
 321  MZ515793   88.64%    failed      0.00%
 322  MZ516141   88.64%    failed      0.00%
 323  MZ515892   88.64%    failed      0.00%
 324  MZ516126   88.64%    failed      0.00%
 325  MZ515729   88.64%    failed      0.00%
 326  MK749904   88.64%    failed      0.00%
 327  MK749866   88.64%    failed      0.00%
 328  MK749880   88.64%    failed      0.00%
 329  MK749888   88.64%    failed      0.00%
 330  MK749878   88.64%    failed      0.00%
 331  MK749906   88.64%    failed      0.00%
 332  MK749879   88.64%    failed      0.00%
 333  MK749876   88.64%    failed      0.00%
 334  MK749889   88.64%    failed      0.00%
 335  MK749897   88.64%    failed      0.00%
 336  MK749907   88.64%    failed      0.00%
 337  MK749914   88.64%    failed      0.00%
 338  MK749870   88.64%    failed      0.00%
 339  MK749908   88.64%    failed      0.00%
 340  MK749875   88.64%    failed      0.00%
 341  MK749903   88.64%    failed      0.00%
 342  MK749905   88.64%    failed      0.00%
 343  MK749896   88.64%    failed      0.00%
 344  MK749874   88.64%    failed      0.00%
 345  MK749915   88.64%    failed      0.00%
 346  MW160817   88.64%    failed      0.00%
 347  MK167041   88.64%    failed      0.00%
 348  MW160793   88.64%    failed      0.00%
 349  MW160806   88.64%    failed      0.00%
 350  KX765935   88.64%    failed      0.00%
 351  MH327947   88.64%    failed      0.00%
 352  MZ515918   88.64%    failed      0.00%
 353  LC474541   88.64%    failed      0.00%
 354  MW160748   88.64%    failed      0.00%
 355  MW160805   88.64%    failed      0.00%
 356  MW160763   88.64%    failed      0.00%
 357  MW160821   88.64%    failed      0.00%
 358  MW160752   88.64%    failed      0.00%
 359  LC385002   88.64%    failed      0.00%
 360  MT040085   88.64%    failed      0.00%
 361  MW160777   88.64%    failed      0.00%
 362  MW160760   88.64%    failed      0.00%
 363  KY684758   88.64%    failed      0.00%
 364  MZ515924   88.64%    failed      0.00%
 365  MW160751   88.64%    failed      0.00%
 366  MW160833   88.64%    failed      0.00%
 367  MW160745   88.64%    failed      0.00%
 368  MW160791   88.64%    failed      0.00%
 369  MW160790   88.64%    failed      0.00%
 370  MW160798   88.64%    failed      0.00%
 371  MW160775   88.64%    failed      0.00%
 372  KX765912   88.64%    failed      0.00%
 373  MW160811   88.64%    failed      0.00%
 374  MW160816   88.64%    failed      0.00%
 375  MZ515764   88.64%    failed      0.00%
 376  MZ516041   88.64%    failed      0.00%
 377  KX655648   88.64%    failed      0.00%
 378  MK109782   88.64%    failed      0.00%
 379  KX655681   88.64%    failed      0.00%
 380  KX765892   88.64%    failed      0.00%
 381  KX765929   88.64%    failed      0.00%
 382  KX765895   88.64%    failed      0.00%
 383  KU839625   88.64%    failed      0.00%
 384  KU950607   88.64%    failed      0.00%
 385  KY249657   88.64%    failed      0.00%
 386  KX765947   88.64%    failed      0.00%
 387  KX655653   88.64%    failed      0.00%
 388  LC384998   88.64%    failed      0.00%
 389  KU950635   88.64%    failed      0.00%
 390  KU950637   88.64%    failed      0.00%
 391  KU950587   88.64%    failed      0.00%
 392  KU950604   88.64%    failed      0.00%
 393  KX765905   88.64%    failed      0.00%
 394  LC385000   88.64%    failed      0.00%
 395  LC385007   88.64%    failed      0.00%
 396  LC385003   88.64%    failed      0.00%
 397  LC474538   88.64%    failed      0.00%
 398  MK109786   88.64%    failed      0.00%
 399  KY883568   88.64%    failed      0.00%
 400  KY883569   88.64%    failed      0.00%
 401  KY883570   88.64%    failed      0.00%
 402  LC385001   88.64%    failed      0.00%
 403  KX765961   88.64%    failed      0.00%
 404  MZ515648   88.64%    failed      0.00%
 405  KY674984   88.64%    failed      0.00%
 406  MW160794   88.64%    failed      0.00%
 407  MZ516025   88.64%    failed      0.00%
 408  KX765897   88.64%    failed      0.00%
 409  KX655671   88.64%    failed      0.00%
 410  KY249678   88.64%    failed      0.00%
 411  KY249670   88.64%    failed      0.00%
 412  OK649689   88.64%    failed      0.00%
 413  OK649705   88.64%    failed      0.00%
 414  OK649708   88.64%    failed      0.00%
 415  OK649690   88.64%    failed      0.00%
 416  OK649691   88.64%    failed      0.00%
 417  OK649693   88.64%    failed      0.00%
 418  OK649697   88.64%    failed      0.00%
 419  OK649704   88.64%    failed      0.00%
 420  OK649728   88.64%    failed      0.00%
 421  KJ939929   88.66%    failed      0.00%
 422  KX765975   88.64%    failed      0.00%
 423  OK649737   88.64%    failed      0.00%
 424  KX655664   88.64%    failed      0.00%
 425  LC474536   88.64%    failed      0.00%
 426  LC474539   88.64%    failed      0.00%
 427  LC474531   88.64%    failed      0.00%
 428  LC474532   88.64%    failed      0.00%
 429  LC474533   88.64%    failed      0.00%
 430  LC474534   88.64%    failed      0.00%
 431  JX576749   88.64%    failed      0.00%
 432  OK649726   88.64%    failed      0.00%
 433  KY249664   88.64%    failed      0.00%
 434  KY249677   88.64%    failed      0.00%
 435  LC474540   88.64%    failed      0.00%
 436  LC474547   88.64%    failed      0.00%
 437  LC474549   88.64%    failed      0.00%
 438  KF640637   88.64%    failed      0.00%
 439  KF530259   88.64%    failed      0.00%
 440  JX576753   88.64%    failed      0.00%
 441  JX576751   88.64%    failed      0.00%
 442  OK649687   88.64%    failed      0.00%
 443  KF826822   88.64%    failed      0.00%
 444  OK649698   88.64%    failed      0.00%
 445  JX576732   88.64%    failed      0.00%
 446  OK649719   88.64%    failed      0.00%
 447  JX576756   88.64%    failed      0.00%
 448  OK649685   88.64%    failed      0.00%
 449  OK649686   88.64%    failed      0.00%
 450  LC474524   88.64%    failed      0.00%
 451  KF826820   88.64%    failed      0.00%
 452  OK649696   88.64%    failed      0.00%
 453  OK649703   88.64%    failed      0.00%
 454  OK649716   88.64%    failed      0.00%
 455  OK649717   88.64%    failed      0.00%
 456  OK649718   88.64%    failed      0.00%
 457  OK649720   88.64%    failed      0.00%
 458  OK649715   88.64%    failed      0.00%
 459  JX576744   88.64%    failed      0.00%
 460  JX576748   88.64%    failed      0.00%
 461  KJ627348   88.64%    failed      0.00%
 462  KF826835   88.64%    failed      0.00%
 463  KF826857   88.64%    failed      0.00%
 464  KF826834   88.64%    failed      0.00%
 465  JX576757   88.64%    failed      0.00%
 466  KU950574   88.64%    failed      0.00%
 467  KU950614   88.64%    failed      0.00%
 468  KP317925   88.64%    failed      0.00%
 469  OK649741   88.64%    failed      0.00%
 470  KU950457   88.64%    failed      0.00%
 471  JX576740   88.64%    failed      0.00%
 472  JX576743   88.64%    failed      0.00%
 473  OK649694   88.64%    failed      0.00%
 474  OK649714   88.64%    failed      0.00%
 475  KJ939920   88.66%    failed      0.00%
 476  JX576759   88.64%    failed      0.00%
 477  JX576754   88.64%    failed      0.00%
 478  JX576761   88.64%    failed      0.00%
 479  KX655646   88.64%    failed      0.00%
 480  MK109765   88.64%    failed      0.00%
 481  MK109789   88.64%    failed      0.00%
 482  MK109781   88.64%    failed      0.00%
 483  MK109769   88.64%    failed      0.00%
 484  KX655686   88.64%    failed      0.00%
 485  MK109770   88.64%    failed      0.00%
 486  KF826842   88.64%    failed      0.00%
 487  OK649709   88.64%    failed      0.00%
 488  OK649725   88.64%    failed      0.00%
 489  KP317917   88.64%    failed      0.00%
 490  OK649742   88.64%    failed      0.00%
 491  OK649744   88.64%    failed      0.00%
 492  OK649743   88.64%    failed      0.00%
 493  OK649695   88.64%    failed      0.00%
 494  JX576731   88.64%    failed      0.00%
 495  JX576746   88.64%    failed      0.00%
 496  JX576730   88.64%    failed      0.00%
 497  JX576729   88.65%    failed      0.00%
 498  KF826859   88.64%    failed      0.00%
 499  KJ627280   88.64%    failed      0.00%
 500  KJ627317   88.64%    failed      0.00%
 501  KJ627310   88.64%    failed      0.00%
 502  KJ627299   88.64%    failed      0.00%
 503  JX576752   88.64%    failed      0.00%
 504  KF826851   88.64%    failed      0.00%
 505  KJ627364   88.64%    failed      0.00%
 506  KJ627251   88.64%    failed      0.00%
 507  KJ627254   88.64%    failed      0.00%
 508  KX765899   88.64%    failed      0.00%
 509  KJ627330   88.64%    failed      0.00%
 510  KF826860   88.64%    failed      0.00%
 511  KJ627285   88.64%    failed      0.00%
 512  MF001044   88.64%    failed      0.00%
 513  MF001040   88.64%    failed      0.00%
 514  MF001045   88.64%    failed      0.00%
 515  MK167034   88.64%    failed      0.00%
 516  OK649722   88.64%    failed      0.00%
 517  MK453523   88.64%    failed      0.00%
 518  OK649736   88.64%    failed      0.00%
 519  JX576750   88.64%    failed      0.00%
 520  OK649713   88.64%    failed      0.00%
 521  KJ627359   88.64%    failed      0.00%
 522  KU950458   88.64%    failed      0.00%
 523  KU950569   88.64%    failed      0.00%
 524  JX576755   88.64%    failed      0.00%
 525  KF826839   88.64%    failed      0.00%
 526  KJ627341   88.64%    failed      0.00%
 527  KJ627278   88.64%    failed      0.00%
 528  OK649700   88.64%    failed      0.00%
 529  LC474522   88.64%    failed      0.00%
 530  KY249665   88.64%    failed      0.00%
 531  MG431252   88.64%    failed      0.00%
 532  OK649706   88.64%    failed      0.00%
 533  OK649711   88.64%    failed      0.00%
 534  OK649692   88.64%    failed      0.00%
 535  OK649739   88.64%    failed      0.00%
 536  OK649702   88.64%    failed      0.00%
 537  OK649707   88.64%    failed      0.00%
 538  OK649732   88.64%    failed      0.00%
 539  MG813994   88.64%    failed      0.00%
 540  OK649721   88.64%    failed      0.00%
 541  OK649735   88.64%    failed      0.00%
 542  JX576747   88.64%    failed      0.00%
 543  KP317941   88.64%    failed      0.00%
 544  KP317932   88.64%    failed      0.00%
 545  KJ939925   88.65%    failed      0.00%
 546  KJ939931   88.65%    failed      0.00%
 547  KJ939927   88.66%    failed      0.00%
 548  KJ939933   88.66%    failed      0.00%
 549  KJ939924   88.66%    failed      0.00%
 550  KJ939921   88.66%    failed      0.00%
 551  KJ939934   88.65%    failed      0.00%
 552  KJ939923   88.66%    failed      0.00%
 553  KU950558   88.64%    failed      0.00%
 554  KU950621   88.64%    failed      0.00%
 555  KU950461   88.64%    failed      0.00%
 556  KY249669   88.64%    failed      0.00%
 557  LC474527   88.64%    failed      0.00%
 558  LC474529   88.64%    failed      0.00%
 559  LC474530   88.64%    failed      0.00%
 560  LC474543   88.64%    failed      0.00%
 561  KX655674   88.64%    failed      0.00%
 562  MK109767   88.64%    failed      0.00%
 563  KX765963   88.64%    failed      0.00%
 564  KF826858   88.64%    failed      0.00%
 565  OK649710   88.64%    failed      0.00%
 566  OK649712   88.64%    failed      0.00%
 567  OK649729   88.64%    failed      0.00%
 568  OK649731   88.64%    failed      0.00%
 569  OK649734   88.64%    failed      0.00%
 570  OK649738   88.64%    failed      0.00%
 571  MG431251   88.64%    failed      0.00%
 572  OK649723   88.64%    failed      0.00%
 573  KX765890   88.64%    failed      0.00%
 574  KX765922   88.64%    failed      0.00%
 575  KX765978   88.64%    failed      0.00%
 576  JX576741   88.64%    failed      0.00%
 577  OK649701   88.64%    failed      0.00%
 578  MF001046   88.64%    failed      0.00%
 579  KY249675   88.64%    failed      0.00%
 580  KY249676   88.64%    failed      0.00%
 581  KY249680   88.64%    failed      0.00%
 582  KY883571   88.64%    failed      0.00%
 583  KX655661   88.64%    failed      0.00%
 584  KY249672   88.64%    failed      0.00%
 585  KY249663   88.64%    failed      0.00%
 586  KY249668   88.64%    failed      0.00%
 587  KU950633   88.64%    failed      0.00%
 588  MF001055   88.64%    failed      0.00%
 589  KY249679   88.64%    failed      0.00%
 590  KX655684   88.64%    failed      0.00%
 591  MK109779   88.64%    failed      0.00%
 592  OK649724   88.64%    failed      0.00%
 593  OK649730   88.64%    failed      0.00%
 594  OK649733   88.64%    failed      0.00%
 595  OK649727   88.64%    failed      0.00%
 596  JX576733   88.64%    failed      0.00%
 597  JX576737   88.64%    failed      0.00%
 598  KU950588   88.64%    failed      0.00%
 599  KU839633   88.64%    failed      0.00%
 600  KU950533   88.64%    failed      0.00%
 601  KU950542   88.64%    failed      0.00%
 602  KU950508   88.64%    failed      0.00%
 603  KJ672476   88.64%    failed      0.00%
 604  KU950586   88.64%    failed      0.00%
 605  KU950571   88.64%    failed      0.00%
 606  KU950548   88.64%    failed      0.00%
 607  KU950547   88.64%    failed      0.00%
 608  JX576736   88.64%    failed      0.00%
 609  JX576734   88.64%    failed      0.00%
 610  MK749900   88.64%    failed      0.00%
 611  MT040081   88.64%    failed      0.00%
 612  KU950618   88.64%    failed      0.00%
 613  KY249658   88.64%    failed      0.00%
 614  LC474559   88.64%    failed      0.00%
 615  LC474560   88.64%    failed      0.00%
 616  KX765945   88.64%    failed      0.00%
 617  MH685715   88.64%    failed      0.00%
 618  KY249671   88.64%    failed      0.00%
 619  JX576735   88.64%    failed      0.00%
 620  KU950669   88.64%    failed      0.00%
 621  KU950488   88.64%    failed      0.00%
 622  MW582529   88.64%    failed      0.00%
 623  MK749883   88.64%    failed      0.00%
 624  KX655654   88.64%    failed      0.00%
 625  KX655624   88.64%    failed      0.00%
 626  MK109766   88.64%    failed      0.00%
 627  MK109778   88.64%    failed      0.00%
 628  MK109780   88.64%    failed      0.00%
 629  MK109788   88.64%    failed      0.00%
 630  MK109768   88.64%    failed      0.00%
 631  KX655633   88.64%    failed      0.00%
 632  KX655700   88.64%    failed      0.00%
 633  MK109784   88.64%    failed      0.00%
 634  KX655693   88.64%    failed      0.00%
 635  KX655698   88.64%    failed      0.00%
 636  MK109783   88.64%    failed      0.00%
 637  KX655642   88.64%    failed      0.00%
 638  KX655683   88.64%    failed      0.00%
 639  MK109771   88.64%    failed      0.00%
 640  KX655645   88.64%    failed      0.00%
 641  KX655641   88.64%    failed      0.00%
 642  KX655655   88.64%    failed      0.00%
 643  KU950530   88.64%    failed      0.00%
 644  KU950477   88.64%    failed      0.00%
 645  KU950578   88.64%    failed      0.00%
 646  KU950494   88.64%    failed      0.00%
 647  KU950552   88.64%    failed      0.00%
 648  KU950496   88.64%    failed      0.00%
 649  OK649755   88.64%    failed      0.00%
 650  KU950613   88.64%    failed      0.00%
 651  MF185753   88.64%    failed      0.00%
 652  KJ627342   88.64%    failed      0.00%
 653  KJ627262   88.64%    failed      0.00%
 654  KJ627340   88.64%    failed      0.00%
 655  KX765903   88.64%    failed      0.00%
 656  KX765927   88.64%    failed      0.00%
 657  KX655660   88.64%    failed      0.00%
 658  MK109764   88.64%    failed      0.00%
 659  KJ939928   88.65%    failed      0.00%
 660  KX765949   88.64%    failed      0.00%
 661  KU950584   88.64%    failed      0.00%
 662  KR350475   88.64%    failed      0.00%
 663  KX655629   88.64%    failed      0.00%
 664  KX655649   88.64%    failed      0.00%
 665  KX765930   88.64%    failed      0.00%
 666  KX765968   88.64%    failed      0.00%
 667  JX576745   88.64%    failed      0.00%
 668  JX576738   88.64%    failed      0.00%
 669  KU950577   88.64%    failed      0.00%
 670  KU839634   88.64%    failed      0.00%
 671  KU950559   88.64%    failed      0.00%
 672  KU839640   88.64%    failed      0.00%
 673  KU950695   88.64%    failed      0.00%
 674  KU839635   88.64%    failed      0.00%
 675  KU950589   88.64%    failed      0.00%
 676  KU839628   88.64%    failed      0.00%
 677  KU839629   88.64%    failed      0.00%
 678  KU839623   88.64%    failed      0.00%
 679  KU950687   88.64%    failed      0.00%
 680  KU839632   88.64%    failed      0.00%
 681  KU839641   88.64%    failed      0.00%
 682  KU950465   88.64%    failed      0.00%
 683  KU950676   88.64%    failed      0.00%
 684  KU839627   88.64%    failed      0.00%
 685  KU950568   88.64%    failed      0.00%
 686  KU950510   88.64%    failed      0.00%
 687  KU950516   88.64%    failed      0.00%
 688  KU950691   88.64%    failed      0.00%
 689  KU950466   88.64%    failed      0.00%
 690  KU950525   88.64%    failed      0.00%
 691  KU950481   88.64%    failed      0.00%
 692  KU950495   88.64%    failed      0.00%
 693  KU950504   88.64%    failed      0.00%
 694  KU950497   88.64%    failed      0.00%
 695  KU950591   88.64%    failed      0.00%
 696  KU950659   88.64%    failed      0.00%
 697  KU950678   88.64%    failed      0.00%
 698  KU950462   88.64%    failed      0.00%
 699  KU950515   88.64%    failed      0.00%
 700  KU950580   88.64%    failed      0.00%
 701  KU950593   88.64%    failed      0.00%
 702  KU950532   88.64%    failed      0.00%
 703  KU950582   88.64%    failed      0.00%
 704  KU950681   88.64%    failed      0.00%
 705  KU950482   88.64%    failed      0.00%
 706  KU950476   88.64%    failed      0.00%
 707  KU950512   88.64%    failed      0.00%
 708  KU950562   88.64%    failed      0.00%
 709  KU950679   88.64%    failed      0.00%
 710  KU950672   88.64%    failed      0.00%
 711  KU950684   88.64%    failed      0.00%
 712  KU950471   88.64%    failed      0.00%
 713  KU950675   88.64%    failed      0.00%
 714  KU950690   88.64%    failed      0.00%
 715  KU950514   88.64%    failed      0.00%
 716  KU950697   88.64%    failed      0.00%
 717  KU950517   88.64%    failed      0.00%
 718  KU950605   88.64%    failed      0.00%
 719  KU950565   88.64%    failed      0.00%
 720  KU950463   88.64%    failed      0.00%
 721  KU950503   88.64%    failed      0.00%
 722  KU950648   88.64%    failed      0.00%
 723  KU950688   88.64%    failed      0.00%
 724  KU950555   88.64%    failed      0.00%
 725  KU950656   88.64%    failed      0.00%
 726  KU950630   88.64%    failed      0.00%
 727  KU950668   88.64%    failed      0.00%
 728  KU950599   88.64%    failed      0.00%
 729  KU839638   88.64%    failed      0.00%
 730  KU950663   88.64%    failed      0.00%
 731  KU950601   88.64%    failed      0.00%
 732  KU950526   88.64%    failed      0.00%
 733  KU950478   88.64%    failed      0.00%
 734  KU950689   88.64%    failed      0.00%
 735  KU950539   88.64%    failed      0.00%
 736  KU950543   88.64%    failed      0.00%
 737  KU950622   88.64%    failed      0.00%
 738  KU950606   88.64%    failed      0.00%
 739  KU950665   88.64%    failed      0.00%
 740  KU950553   88.64%    failed      0.00%
 741  KU950534   88.64%    failed      0.00%
 742  KU950535   88.64%    failed      0.00%
 743  LC474528   88.64%    failed      0.00%
 744  KP317928   88.64%    failed      0.00%
 745  KX765889   88.64%    failed      0.00%
 746  KX765964   88.64%    failed      0.00%
 747  KX765976   88.64%    failed      0.00%
 748  KX765952   88.64%    failed      0.00%
 749  KP317952   88.64%    failed      0.01%
 750  KP317945   88.64%    failed      0.00%
 751  KP317927   88.64%    failed      0.00%
 752  KP317934   88.64%    failed      0.00%
 753  KJ627302   88.64%    failed      0.00%
 754  KJ939930   88.66%    failed      0.00%
 755  KF826844   88.64%    failed      0.00%
 756  KF826843   88.64%    failed      0.00%
 757  JX576742   88.64%    failed      0.00%
 758  KJ627277   88.64%    failed      0.00%
 759  KJ627247   88.64%    failed      0.00%
 760  KJ627332   88.64%    failed      0.00%
 761  KF826845   88.64%    failed      0.00%
 762  JX576739   88.64%    failed      0.00%
 763  KX655690   88.64%    failed      0.00%
 764  KX765893   88.64%    failed      0.00%
 765  KJ939926   88.66%    failed      0.00%
 766  MF001042   88.64%    failed      0.00%
 767  KU950657   88.64%    failed      0.00%
 768  MG431253   88.64%    failed      0.00%
 769  KX655669   88.64%    failed      0.00%
 770  KJ672430   88.64%    failed      0.00%
 771  KJ672481   88.64%    failed      0.00%
 772  KM042393   88.64%    failed      0.00%
 773  KU950500   88.64%    failed      0.00%
 774  KU950576   88.64%    failed      0.00%
 775  KJ672438   88.64%    failed      0.00%
 776  KU950619   88.64%    failed      0.00%
 777  KJ672425   88.64%    failed      0.00%
 778  KJ672473   88.64%    failed      0.00%
 779  KU950693   88.64%    failed      0.00%
 780  LC474523   88.64%    failed      0.00%
 781  LC474526   88.64%    failed      0.00%
 782  OK649699   88.64%    failed      0.00%
 783  KU950489   88.64%    failed      0.00%
 784  KU950625   88.64%    failed      0.00%
 785  KU950647   88.64%    failed      0.00%
 786  KU839636   88.64%    failed      0.00%
 787  KU950484   88.64%    failed      0.00%
 788  KX765888   88.64%    failed      0.00%
 789  KX765907   88.64%    failed      0.00%
 790  KX765973   88.64%    failed      0.00%
 791  KU950662   88.64%    failed      0.00%
 792  KY249666   88.64%    failed      0.00%
 793  KY249674   88.64%    failed      0.00%
 794  KX765909   88.64%    failed      0.00%
 795  KX765923   88.64%    failed      0.00%
 796  KX765908   88.64%    failed      0.00%
 797  KX765943   88.64%    failed      0.00%
 798  KX765965   88.64%    failed      0.00%
 799  KY249661   88.64%    failed      0.00%
 800  KX655685   88.64%    failed      0.00%
 801  KU950602   88.64%    failed      0.00%
 802  LC474535   88.64%    failed      0.00%
 803  KY249662   88.64%    failed      0.00%
 804  KX765900   88.64%    failed      0.00%
 805  KY249659   88.64%    failed      0.00%
 806  OK649688   88.64%    failed      0.00%
 807  JQ582844   88.64%    failed      0.00%
 808  MF185752   88.64%    failed      0.00%
 809  JX576762   88.64%    failed      0.00%
 810  JX576758   88.64%    failed      0.00%
 811  OK649753   88.64%    failed      0.00%
 812  KF826829   88.64%    failed      0.00%
 813  OK649754   88.64%    failed      0.00%
 814  JQ582843   88.64%    failed      0.00%
 815  MF185754   88.64%    failed      0.00%
 816  JX576760   88.64%    failed      0.00%
 817  KP258713   88.64%    failed      0.00%
 818  KP258745   88.64%    failed      0.00%
 819  OK649748   88.64%    failed      0.00%
 820  KP258708   88.64%    failed      0.00%
 821  OK649752   88.64%    failed      0.00%
 822  KP258742   88.64%    failed      0.00%
 823  KU316134   88.64%    failed      0.00%
 824  KU316158   88.64%    failed      0.00%
 825  KP258724   88.64%    failed      0.00%
 826  KU316172   88.64%    failed      0.00%
 827  KU316179   88.64%    failed      0.00%
 828  KP258739   88.64%    failed      0.00%
 829  OK649740   88.64%    failed      0.00%
 830  KP856966   88.64%    failed      0.00%
 831  KU316105   88.64%    failed      0.00%
 832  KU316100   88.64%    failed      0.00%
 833  KJ939919   88.66%    failed      0.00%
 834  KJ939922   88.65%    failed      0.00%
 835  KF826825   88.64%    failed      0.00%
 836  KJ939932   88.66%    failed      0.00%
 837  KP856961   88.64%    failed      0.00%
 838  KP856965   88.64%    failed      0.00%
 839  KU316156   88.64%    failed      0.00%
 840  KU316094   88.64%    failed      0.00%
 841  KP258705   88.64%    failed      0.00%
 842  KP258702   88.64%    failed      0.00%
 843  MG642064   88.64%    failed      0.00%
 844  OK649745   88.64%    failed      0.00%
 845  KU316117   88.64%    failed      0.00%
 846  OK649746   88.64%    failed      0.00%
 847  KJ723484   88.64%    failed      0.00%
 848  KU316114   88.64%    failed      0.00%
 849  OK649751   88.64%    failed      0.00%
 850  KU316128   88.64%    failed      0.00%
 851  OK649750   88.64%    failed      0.00%
 852  KU316159   88.64%    failed      0.00%
 853  MG642062   88.64%    failed      0.00%
 854  KJ723466   88.64%    failed      0.00%
 855  KU316163   88.64%    failed      0.00%
 856  MG642049   88.64%    failed      0.00%
 857  OK649747   88.64%    failed      0.00%
 858  KP258720   88.64%    failed      0.00%
 859  KU316111   88.64%    failed      0.00%
 860  KP258731   88.64%    failed      0.00%
 861  KP258721   88.64%    failed      0.00%
 862  KP258712   88.64%    failed      0.00%
 863  KP258698   88.64%    failed      0.00%
 864  KJ723470   88.64%    failed      0.00%
 865  KJ723480   88.64%    failed      0.00%
 866  KJ723460   88.64%    failed      0.00%
 867  KJ723477   88.64%    failed      0.00%
 868  KU316144   88.64%    failed      0.00%
 869  MG642054   88.64%    failed      0.00%
 870  MG642072   88.64%    failed      0.00%
 871  KU316132   88.64%    failed      0.00%
 872  MG642027   88.64%    failed      0.00%
 873  KU316127   88.64%    failed      0.00%
 874  KJ723482   88.64%    failed      0.00%
 875  MG642036   88.64%    failed      0.00%
 876  MG642082   88.64%    failed      0.00%
 877  KU316113   88.64%    failed      0.00%
 878  OK649749   88.64%    failed      0.00%
 879  KJ723481   88.64%    failed      0.00%
 880  MG642042   88.64%    failed      0.00%
 881  MG642057   88.64%    failed      0.00%
 882  KU316175   88.64%    failed      0.00%
 883  MG642039   88.64%    failed      0.00%
 884  KU316130   88.64%    failed      0.00%
 885  KU316173   88.64%    failed      0.00%
 886  KU316102   88.64%    failed      0.00%
 887  MG642043   88.64%    failed      0.00%
 888  MG642046   88.64%    failed      0.00%
 889  KU316181   88.64%    failed      0.00%
 890  MG642066   88.64%    failed      0.00%
 891  KP258714   88.64%    failed      0.01%
 892  KU316129   88.64%    failed      0.00%
 893  MG642051   88.64%    failed      0.00%
 894  KU316151   88.64%    failed      0.00%
 895  KU316108   88.64%    failed      0.00%
 896  KJ723469   88.64%    failed      0.00%
 897  KJ723463   88.64%    failed      0.00%
 898  KP258735   88.64%    failed      0.00%
 899  MG642076   88.64%    failed      0.00%
 900  KJ723476   88.64%    failed      0.00%
 901  MG642068   88.64%    failed      0.00%
 902  KU316182   88.64%    failed      0.00%
 903  MF185751   88.64%    failed      0.00%
 904  KP856963   88.64%    failed      0.00%
 905  KU316122   88.64%    failed      0.00%
 906  MG642045   88.64%    failed      0.00%
 907  MG642037   88.64%    failed      0.00%
 908  MG642047   88.64%    failed      0.00%
 909  KP258736   88.64%    failed      0.00%
 910  KU316101   88.64%    failed      0.00%
 911  MG642025   88.64%    failed      0.00%
 912  MG642044   88.64%    failed      0.00%
 913  MG642078   88.64%    failed      0.00%
 914  KU316177   88.64%    failed      0.00%
 915  MG642065   88.64%    failed      0.00%
 916  KU316116   88.64%    failed      0.00%
 917  KJ723479   88.64%    failed      0.00%
 918  KP258718   88.64%    failed      0.00%
 919  MG642059   88.64%    failed      0.00%
 920  KU316147   88.64%    failed      0.00%
 921  KU316095   88.64%    failed      0.00%
 922  KU316097   88.64%    failed      0.00%
 923  KJ723485   88.64%    failed      0.00%
 924  KU316136   88.64%    failed      0.01%
 925  KP258738   88.64%    failed      0.01%
 926  KU316115   88.64%    failed      0.01%
 927  MG813995   88.64%    failed      0.00%
 928  KP317923   88.64%    failed      0.00%
 929  KF826853   88.64%    failed      0.00%
WARNING: 929 sequences contain more than 50% gaps/ambiguity
****  TOTAL      88.64%  929 sequences failed composition chi2 test (p-value<5%; df=3)
NOTE: MK534510 is identical to MK481079 but kept for subsequent analysis
NOTE: MZ515890 is identical to MZ515561 but kept for subsequent analysis
NOTE: MZ515594 is identical to MZ515978 but kept for subsequent analysis
NOTE: MZ516061 is identical to MZ515584 but kept for subsequent analysis
NOTE: MZ515751 is identical to MZ515727 but kept for subsequent analysis
NOTE: MZ515979 is identical to MZ515846 but kept for subsequent analysis
NOTE: MZ516062 is identical to MZ515775 but kept for subsequent analysis
NOTE: MZ515953 is identical to MZ515895 but kept for subsequent analysis
NOTE: MZ515794 is identical to MZ515581 but kept for subsequent analysis
NOTE: MZ516098 is identical to MW020595 but kept for subsequent analysis
NOTE: MZ515678 is identical to MZ515823 but kept for subsequent analysis
NOTE: MZ515771 is identical to MZ516083 but kept for subsequent analysis
NOTE: MZ515805 is identical to MZ515865 but kept for subsequent analysis
NOTE: MZ515761 is identical to MZ516022 but kept for subsequent analysis
NOTE: MZ515637 is identical to MZ515981 but kept for subsequent analysis
NOTE: MZ515799 is identical to MZ515990 but kept for subsequent analysis
NOTE: MZ515694 is identical to MZ516107 but kept for subsequent analysis
NOTE: MZ516101 is identical to MZ515844 but kept for subsequent analysis
NOTE: MZ515707 is identical to MZ515586 but kept for subsequent analysis
NOTE: MZ515779 is identical to MZ515937 but kept for subsequent analysis
NOTE: MZ516056 is identical to MZ515988 but kept for subsequent analysis
NOTE: MZ515658 is identical to MZ515845 but kept for subsequent analysis
NOTE: MZ515636 is identical to MZ515903 but kept for subsequent analysis
NOTE: MZ151851 is identical to MZ151849 but kept for subsequent analysis
NOTE: MZ515699 is identical to MZ515664 but kept for subsequent analysis
NOTE: MZ515639 is identical to MZ515558 but kept for subsequent analysis
NOTE: MZ516037 is identical to MZ515820 but kept for subsequent analysis
NOTE: MZ516042 is identical to MZ515857 but kept for subsequent analysis
NOTE: MZ515930 is identical to MZ515827 but kept for subsequent analysis
NOTE: MZ515778 is identical to MZ516105 but kept for subsequent analysis
NOTE: MZ515660 is identical to MZ516059 but kept for subsequent analysis
NOTE: MZ515748 is identical to MZ516114 but kept for subsequent analysis
NOTE: MZ516122 is identical to MZ516020 but kept for subsequent analysis
NOTE: MZ515698 is identical to MZ515669 but kept for subsequent analysis
NOTE: MZ516034 is identical to MZ515886 but kept for subsequent analysis
NOTE: MK534512 is identical to MK534511 but kept for subsequent analysis
NOTE: MZ515713 is identical to MZ515817 but kept for subsequent analysis
NOTE: MZ515917 is identical to MZ515894 but kept for subsequent analysis
NOTE: MZ515663 is identical to MZ515926 but kept for subsequent analysis
NOTE: MZ515995 is identical to MZ515955 but kept for subsequent analysis
NOTE: MZ515746 is identical to MZ516094 but kept for subsequent analysis
NOTE: MZ515611 is identical to MZ515565 but kept for subsequent analysis
NOTE: LC384999 is identical to KM517573 but kept for subsequent analysis
NOTE: KY249683 is identical to KY249681 but kept for subsequent analysis
NOTE: MZ515554 is identical to MG839547 but kept for subsequent analysis
NOTE: MK749891 is identical to MK749873 but kept for subsequent analysis
NOTE: MK749894 is identical to MK749869 but kept for subsequent analysis
NOTE: LC385008 is identical to LC385004 but kept for subsequent analysis
NOTE: MT040086 is identical to MT040084 but kept for subsequent analysis
NOTE: MW160835 is identical to MW160813 but kept for subsequent analysis
NOTE: MK749898 is identical to MK749872 but kept for subsequent analysis
NOTE: MW160781 is identical to MF001058 but kept for subsequent analysis
NOTE: MZ516104 is identical to MZ515836 but kept for subsequent analysis
NOTE: MW160765 is identical to LC385006 but kept for subsequent analysis
NOTE: MZ515843 is identical to MZ515578 but kept for subsequent analysis
NOTE: MW160789 is identical to MW160744 but kept for subsequent analysis
NOTE: KX765959 is identical to MF001048 but kept for subsequent analysis
NOTE: KX765921 is identical to KU950603 but kept for subsequent analysis
NOTE: LC474550 is identical to LC474545 but kept for subsequent analysis
NOTE: MZ515770 is identical to MZ515587 but kept for subsequent analysis
NOTE: MZ515793 is identical to MZ515869 but kept for subsequent analysis
NOTE: MK749866 is identical to MK749904 but kept for subsequent analysis
NOTE: MW160806 is identical to MW160793 but kept for subsequent analysis
NOTE: MW160791 is identical to MW160745 but kept for subsequent analysis
NOTE: MK109782 is identical to KX655648 but kept for subsequent analysis
NOTE: KX765929 is identical to KX765892 but kept for subsequent analysis
NOTE: KU950607 is identical to KU839625 but kept for subsequent analysis
NOTE: KU950604 is identical to KU950587 but kept for subsequent analysis
NOTE: LC385003 is identical to LC385007 but kept for subsequent analysis
NOTE: KY883569 is identical to KY883568 but kept for subsequent analysis
NOTE: OK649708 is identical to OK649705 but kept for subsequent analysis
NOTE: OK649693 is identical to OK649691 but kept for subsequent analysis
NOTE: LC474534 is identical to LC474533 but kept for subsequent analysis
NOTE: LC474547 is identical to LC474540 but kept for subsequent analysis
NOTE: JX576751 is identical to JX576753 but kept for subsequent analysis
NOTE: OK649703 is identical to OK649696 but kept for subsequent analysis
NOTE: OK649717 is identical to OK649716 but kept for subsequent analysis
NOTE: KU950614 is identical to KU950574 but kept for subsequent analysis
NOTE: JX576743 is identical to JX576740 but kept for subsequent analysis
NOTE: OK649709 is identical to KF826842 but kept for subsequent analysis
NOTE: OK649744 is identical to OK649742 but kept for subsequent analysis
NOTE: KJ627317 is identical to KJ627280 but kept for subsequent analysis
NOTE: MF001045 is identical to MF001040 but kept for subsequent analysis
NOTE: OK649711 is identical to OK649706 but kept for subsequent analysis
NOTE: OK649702 is identical to OK649739 but kept for subsequent analysis
NOTE: KJ939931 is identical to KJ939925 but kept for subsequent analysis
NOTE: KU950461 is identical to KU950621 but kept for subsequent analysis
NOTE: LC474530 is identical to LC474529 but kept for subsequent analysis
NOTE: OK649710 is identical to KF826858 but kept for subsequent analysis
NOTE: KX765922 is identical to KX765890 but kept for subsequent analysis
NOTE: MF001055 is identical to KU950633 but kept for subsequent analysis
NOTE: MK109779 is identical to KX655684 but kept for subsequent analysis
NOTE: OK649730 is identical to OK649724 but kept for subsequent analysis
NOTE: KU839633 is identical to KU950588 but kept for subsequent analysis
NOTE: KU950586 is identical to KJ672476 but kept for subsequent analysis
NOTE: KU950547 is identical to KU950548 but kept for subsequent analysis
NOTE: MK109766 is identical to KX655624 but kept for subsequent analysis
NOTE: KU950477 is identical to KU950530 but kept for subsequent analysis
NOTE: KJ627262 is identical to KJ627342 but kept for subsequent analysis
NOTE: KX655649 is identical to KX655629 but kept for subsequent analysis
NOTE: KX765968 is identical to KX765930 but kept for subsequent analysis
NOTE: KU950559 is identical to KU839634 but kept for subsequent analysis
NOTE: KU950648 is identical to KU950503 but kept for subsequent analysis
NOTE: KU950663 is identical to KU839638 but kept for subsequent analysis
NOTE: KU950478 is identical to KU950526 but kept for subsequent analysis
NOTE: KX765964 is identical to KX765889 but kept for subsequent analysis
NOTE: KJ627332 is identical to KJ627247 but kept for subsequent analysis
NOTE: KJ672481 is identical to KJ672430 but kept for subsequent analysis
NOTE: KU950500 is identical to KM042393 but kept for subsequent analysis
NOTE: KU950484 is identical to KU839636 but kept for subsequent analysis
NOTE: KX765907 is identical to KX765888 but kept for subsequent analysis
NOTE: KY249674 is identical to KY249666 but kept for subsequent analysis
NOTE: OK649748 is identical to KP258745 but kept for subsequent analysis
NOTE: KP856965 is identical to KP856961 but kept for subsequent analysis
NOTE: MG642064 is identical to KP258702 but kept for subsequent analysis
NOTE: MG642049 is identical to KU316163 but kept for subsequent analysis
NOTE: KJ723470 is identical to KP258698 but kept for subsequent analysis
NOTE: MG642036 is identical to KJ723482 but kept for subsequent analysis
NOTE: MG642057 is identical to MG642042 but kept for subsequent analysis
NOTE: MG642051 is identical to KU316129 but kept for subsequent analysis
NOTE: KP258735 is identical to KJ723463 but kept for subsequent analysis
NOTE: KU316122 is identical to KP856963 but kept for subsequent analysis
NOTE: MG642037 is identical to MG642045 but kept for subsequent analysis
NOTE: KP258718 is identical to KJ723479 but kept for subsequent analysis
NOTE: 206 identical sequences (see below) will be ignored for subsequent analysis
NOTE: MZ515627 (identical to MZ515561) is ignored but added at the end
NOTE: MZ515809 (identical to MZ515561) is ignored but added at the end
NOTE: MZ515653 (identical to MZ515978) is ignored but added at the end
NOTE: MZ515562 (identical to MZ515978) is ignored but added at the end
NOTE: MZ515977 (identical to MZ515978) is ignored but added at the end
NOTE: MZ515719 (identical to MZ515775) is ignored but added at the end
NOTE: MZ515677 (identical to MZ515895) is ignored but added at the end
NOTE: MZ516139 (identical to MZ515895) is ignored but added at the end
NOTE: MZ515786 (identical to MZ515895) is ignored but added at the end
NOTE: MZ515595 (identical to MZ515581) is ignored but added at the end
NOTE: MZ515724 (identical to MZ515581) is ignored but added at the end
NOTE: MZ515946 (identical to MZ515581) is ignored but added at the end
NOTE: MZ515950 (identical to MZ515581) is ignored but added at the end
NOTE: MZ515824 (identical to MW020595) is ignored but added at the end
NOTE: MZ515625 (identical to MZ515865) is ignored but added at the end
NOTE: MZ515757 (identical to MZ515981) is ignored but added at the end
NOTE: MZ515716 (identical to MZ515981) is ignored but added at the end
NOTE: MZ515671 (identical to MZ515844) is ignored but added at the end
NOTE: MZ515691 (identical to MZ515844) is ignored but added at the end
NOTE: MZ515759 (identical to MZ515937) is ignored but added at the end
NOTE: MZ515944 (identical to MZ515845) is ignored but added at the end
NOTE: MZ515883 (identical to MZ515845) is ignored but added at the end
NOTE: MZ516051 (identical to MZ515845) is ignored but added at the end
NOTE: MZ515596 (identical to MZ515845) is ignored but added at the end
NOTE: MZ515767 (identical to MZ515845) is ignored but added at the end
NOTE: MZ515762 (identical to MZ515845) is ignored but added at the end
NOTE: MZ516065 (identical to MZ515845) is ignored but added at the end
NOTE: MZ516003 (identical to MZ515558) is ignored but added at the end
NOTE: MZ516125 (identical to MZ515820) is ignored but added at the end
NOTE: MZ515936 (identical to MZ515820) is ignored but added at the end
NOTE: MZ516081 (identical to MZ515857) is ignored but added at the end
NOTE: MZ515791 (identical to MZ515857) is ignored but added at the end
NOTE: MZ515726 (identical to MZ515857) is ignored but added at the end
NOTE: MZ515914 (identical to MZ515857) is ignored but added at the end
NOTE: MZ515934 (identical to MZ515857) is ignored but added at the end
NOTE: MZ515607 (identical to MZ515857) is ignored but added at the end
NOTE: MZ515635 (identical to MZ515857) is ignored but added at the end
NOTE: MZ515753 (identical to MZ515857) is ignored but added at the end
NOTE: MZ515622 (identical to MZ515857) is ignored but added at the end
NOTE: MZ515972 (identical to MZ515827) is ignored but added at the end
NOTE: MZ516143 (identical to MZ515827) is ignored but added at the end
NOTE: MZ515728 (identical to MZ515827) is ignored but added at the end
NOTE: MZ515715 (identical to MZ515827) is ignored but added at the end
NOTE: MZ516140 (identical to MZ515827) is ignored but added at the end
NOTE: MZ515684 (identical to MZ515827) is ignored but added at the end
NOTE: MZ515776 (identical to MZ515827) is ignored but added at the end
NOTE: MZ515899 (identical to MZ515827) is ignored but added at the end
NOTE: MZ515638 (identical to MZ516020) is ignored but added at the end
NOTE: MZ516089 (identical to MZ515886) is ignored but added at the end
NOTE: MZ515665 (identical to MZ515886) is ignored but added at the end
NOTE: MZ515730 (identical to MZ515886) is ignored but added at the end
NOTE: MZ515683 (identical to MZ515886) is ignored but added at the end
NOTE: MZ515792 (identical to MZ515886) is ignored but added at the end
NOTE: MZ515849 (identical to MZ515817) is ignored but added at the end
NOTE: MZ516116 (identical to MZ515894) is ignored but added at the end
NOTE: MZ515667 (identical to MZ515894) is ignored but added at the end
NOTE: MZ515916 (identical to MZ515894) is ignored but added at the end
NOTE: MZ516060 (identical to MZ515926) is ignored but added at the end
NOTE: MZ515598 (identical to MZ516094) is ignored but added at the end
NOTE: MZ515743 (identical to MZ516094) is ignored but added at the end
NOTE: MZ515868 (identical to MZ515565) is ignored but added at the end
NOTE: MZ515991 (identical to MZ515565) is ignored but added at the end
NOTE: LC385005 (identical to KM517573) is ignored but added at the end
NOTE: MK749899 (identical to MK749873) is ignored but added at the end
NOTE: MK749910 (identical to MK749869) is ignored but added at the end
NOTE: MT040088 (identical to MT040084) is ignored but added at the end
NOTE: MT040087 (identical to MT040084) is ignored but added at the end
NOTE: MK749902 (identical to MK749872) is ignored but added at the end
NOTE: MZ515603 (identical to MZ515578) is ignored but added at the end
NOTE: MZ515831 (identical to MZ515578) is ignored but added at the end
NOTE: MZ516082 (identical to MZ515578) is ignored but added at the end
NOTE: KX765966 (identical to KU950603) is ignored but added at the end
NOTE: MZ515996 (identical to MZ515587) is ignored but added at the end
NOTE: MZ516141 (identical to MZ515869) is ignored but added at the end
NOTE: MZ515892 (identical to MZ515869) is ignored but added at the end
NOTE: MZ516126 (identical to MZ515869) is ignored but added at the end
NOTE: MZ515729 (identical to MZ515869) is ignored but added at the end
NOTE: MK749880 (identical to MK749904) is ignored but added at the end
NOTE: MK749888 (identical to MK749904) is ignored but added at the end
NOTE: MK749878 (identical to MK749904) is ignored but added at the end
NOTE: MK749906 (identical to MK749904) is ignored but added at the end
NOTE: MK749879 (identical to MK749904) is ignored but added at the end
NOTE: MK749876 (identical to MK749904) is ignored but added at the end
NOTE: MK749889 (identical to MK749904) is ignored but added at the end
NOTE: MK749897 (identical to MK749904) is ignored but added at the end
NOTE: MW160790 (identical to MW160745) is ignored but added at the end
NOTE: MW160798 (identical to MW160745) is ignored but added at the end
NOTE: KY883570 (identical to KY883568) is ignored but added at the end
NOTE: OK649697 (identical to OK649691) is ignored but added at the end
NOTE: LC474549 (identical to LC474540) is ignored but added at the end
NOTE: OK649687 (identical to JX576753) is ignored but added at the end
NOTE: KF826822 (identical to JX576753) is ignored but added at the end
NOTE: OK649698 (identical to JX576753) is ignored but added at the end
NOTE: OK649718 (identical to OK649716) is ignored but added at the end
NOTE: OK649720 (identical to OK649716) is ignored but added at the end
NOTE: OK649715 (identical to OK649716) is ignored but added at the end
NOTE: KP317925 (identical to KU950574) is ignored but added at the end
NOTE: OK649694 (identical to JX576740) is ignored but added at the end
NOTE: OK649725 (identical to KF826842) is ignored but added at the end
NOTE: OK649743 (identical to OK649742) is ignored but added at the end
NOTE: KJ627310 (identical to KJ627280) is ignored but added at the end
NOTE: MK167034 (identical to MF001040) is ignored but added at the end
NOTE: OK649722 (identical to MF001040) is ignored but added at the end
NOTE: OK649707 (identical to OK649739) is ignored but added at the end
NOTE: OK649732 (identical to OK649739) is ignored but added at the end
NOTE: OK649712 (identical to KF826858) is ignored but added at the end
NOTE: OK649729 (identical to KF826858) is ignored but added at the end
NOTE: OK649731 (identical to KF826858) is ignored but added at the end
NOTE: OK649734 (identical to KF826858) is ignored but added at the end
NOTE: OK649738 (identical to KF826858) is ignored but added at the end
NOTE: OK649733 (identical to OK649724) is ignored but added at the end
NOTE: KU950533 (identical to KU950588) is ignored but added at the end
NOTE: KU950542 (identical to KU950588) is ignored but added at the end
NOTE: KU950571 (identical to KJ672476) is ignored but added at the end
NOTE: MK109778 (identical to KX655624) is ignored but added at the end
NOTE: MK109780 (identical to KX655624) is ignored but added at the end
NOTE: MK109788 (identical to KX655624) is ignored but added at the end
NOTE: MK109768 (identical to KX655624) is ignored but added at the end
NOTE: KX655633 (identical to KX655624) is ignored but added at the end
NOTE: KX655700 (identical to KX655624) is ignored but added at the end
NOTE: MK109784 (identical to KX655624) is ignored but added at the end
NOTE: KX655693 (identical to KX655624) is ignored but added at the end
NOTE: KX655698 (identical to KX655624) is ignored but added at the end
NOTE: MK109783 (identical to KX655624) is ignored but added at the end
NOTE: KX655642 (identical to KX655624) is ignored but added at the end
NOTE: KU950578 (identical to KU950530) is ignored but added at the end
NOTE: KU950494 (identical to KU950530) is ignored but added at the end
NOTE: KU950552 (identical to KU950530) is ignored but added at the end
NOTE: KJ627340 (identical to KJ627342) is ignored but added at the end
NOTE: KU839640 (identical to KU839634) is ignored but added at the end
NOTE: KU950695 (identical to KU839634) is ignored but added at the end
NOTE: KU839635 (identical to KU839634) is ignored but added at the end
NOTE: KU950589 (identical to KU839634) is ignored but added at the end
NOTE: KU839628 (identical to KU839634) is ignored but added at the end
NOTE: KU839629 (identical to KU839634) is ignored but added at the end
NOTE: KU839623 (identical to KU839634) is ignored but added at the end
NOTE: KU950687 (identical to KU839634) is ignored but added at the end
NOTE: KU839632 (identical to KU839634) is ignored but added at the end
NOTE: KU839641 (identical to KU839634) is ignored but added at the end
NOTE: KU950465 (identical to KU839634) is ignored but added at the end
NOTE: KU950676 (identical to KU839634) is ignored but added at the end
NOTE: KU839627 (identical to KU839634) is ignored but added at the end
NOTE: KU950568 (identical to KU839634) is ignored but added at the end
NOTE: KU950510 (identical to KU839634) is ignored but added at the end
NOTE: KU950516 (identical to KU839634) is ignored but added at the end
NOTE: KU950691 (identical to KU839634) is ignored but added at the end
NOTE: KU950466 (identical to KU839634) is ignored but added at the end
NOTE: KU950525 (identical to KU839634) is ignored but added at the end
NOTE: KU950481 (identical to KU839634) is ignored but added at the end
NOTE: KU950495 (identical to KU839634) is ignored but added at the end
NOTE: KU950504 (identical to KU839634) is ignored but added at the end
NOTE: KU950497 (identical to KU839634) is ignored but added at the end
NOTE: KU950591 (identical to KU839634) is ignored but added at the end
NOTE: KU950659 (identical to KU839634) is ignored but added at the end
NOTE: KU950678 (identical to KU839634) is ignored but added at the end
NOTE: KU950462 (identical to KU839634) is ignored but added at the end
NOTE: KU950515 (identical to KU839634) is ignored but added at the end
NOTE: KU950580 (identical to KU839634) is ignored but added at the end
NOTE: KU950593 (identical to KU839634) is ignored but added at the end
NOTE: KU950532 (identical to KU839634) is ignored but added at the end
NOTE: KU950582 (identical to KU839634) is ignored but added at the end
NOTE: KU950681 (identical to KU839634) is ignored but added at the end
NOTE: KU950482 (identical to KU839634) is ignored but added at the end
NOTE: KU950476 (identical to KU839634) is ignored but added at the end
NOTE: KU950512 (identical to KU839634) is ignored but added at the end
NOTE: KU950562 (identical to KU839634) is ignored but added at the end
NOTE: KU950679 (identical to KU839634) is ignored but added at the end
NOTE: KU950672 (identical to KU839634) is ignored but added at the end
NOTE: KU950684 (identical to KU839634) is ignored but added at the end
NOTE: KU950471 (identical to KU839634) is ignored but added at the end
NOTE: KU950675 (identical to KU839634) is ignored but added at the end
NOTE: KU950690 (identical to KU839634) is ignored but added at the end
NOTE: KU950514 (identical to KU839634) is ignored but added at the end
NOTE: KU950697 (identical to KU839634) is ignored but added at the end
NOTE: KU950517 (identical to KU839634) is ignored but added at the end
NOTE: KU950605 (identical to KU839634) is ignored but added at the end
NOTE: KU950689 (identical to KU950526) is ignored but added at the end
NOTE: KU950539 (identical to KU950526) is ignored but added at the end
NOTE: KU950543 (identical to KU950526) is ignored but added at the end
NOTE: KX765976 (identical to KX765889) is ignored but added at the end
NOTE: KX765952 (identical to KX765889) is ignored but added at the end
NOTE: KU950576 (identical to KM042393) is ignored but added at the end
NOTE: KX765973 (identical to KX765888) is ignored but added at the end
NOTE: OK649745 (identical to KP258702) is ignored but added at the end
NOTE: KJ723480 (identical to KP258698) is ignored but added at the end
NOTE: KJ723460 (identical to KP258698) is ignored but added at the end
NOTE: KJ723477 (identical to KP258698) is ignored but added at the end
NOTE: KU316144 (identical to KP258698) is ignored but added at the end
NOTE: MG642054 (identical to KP258698) is ignored but added at the end
NOTE: MG642072 (identical to KP258698) is ignored but added at the end
NOTE: KU316132 (identical to KP258698) is ignored but added at the end
NOTE: MG642027 (identical to KP258698) is ignored but added at the end
NOTE: MG642082 (identical to KJ723482) is ignored but added at the end
NOTE: KU316175 (identical to MG642042) is ignored but added at the end
NOTE: MG642039 (identical to MG642042) is ignored but added at the end
NOTE: KU316151 (identical to KU316129) is ignored but added at the end
NOTE: KU316108 (identical to KU316129) is ignored but added at the end
NOTE: KJ723469 (identical to KU316129) is ignored but added at the end
NOTE: MG642047 (identical to MG642045) is ignored but added at the end
NOTE: KP258736 (identical to MG642045) is ignored but added at the end
NOTE: KU316101 (identical to MG642045) is ignored but added at the end
NOTE: MG642025 (identical to MG642045) is ignored but added at the end
NOTE: MG642044 (identical to MG642045) is ignored but added at the end
NOTE: MG642078 (identical to MG642045) is ignored but added at the end
NOTE: KU316177 (identical to MG642045) is ignored but added at the end
NOTE: MG642065 (identical to MG642045) is ignored but added at the end
Alignment was printed to results/aligned_B_F-delim.fasta.uniqueseq.phy

For your convenience alignment with unique sequences printed to results/aligned_B_F-delim.fasta.uniqueseq.phy

Create initial parsimony tree by phylogenetic likelihood library (PLL)... 0.336 seconds

NOTE: 16 MB RAM (0 GB) is required!
Estimate model parameters (epsilon = 0.500)
1. Initial log-likelihood: -18884.635
2. Current log-likelihood: -15915.273
3. Current log-likelihood: -15440.808
4. Current log-likelihood: -15440.036
Optimal log-likelihood: -15440.034
Rate parameters:  A-C: 3.18198  A-G: 19.34114  A-T: 2.08418  C-G: 0.06336  C-T: 36.41165  G-T: 1.00000
Base frequencies:  A: 0.327  C: 0.202  G: 0.203  T: 0.268
Parameters optimization took 4 rounds (6.284 sec)
Computing ML distances based on estimated model parameters...
Computing ML distances took 4.458929 sec (of wall-clock time) 4.011862 sec(of CPU time)
Computing RapidNJ tree took 0.048989 sec (of wall-clock time) 0.087994 sec (of CPU time)
Log-likelihood of RapidNJ tree: -15489.848
--------------------------------------------------------------------
|             INITIALIZING CANDIDATE TREE SET                      |
--------------------------------------------------------------------

Do NNI search on 2 best initial trees
Estimate model parameters (epsilon = 0.500)
BETTER TREE FOUND at iteration 1: -15431.001
Estimate model parameters (epsilon = 0.500)
BETTER TREE FOUND at iteration 2: -15420.874
Finish initializing candidate tree set (4)
Current best tree score: -15420.874 / CPU time: 4.626
Number of iterations: 2
TREE SEARCH COMPLETED AFTER 2 ITERATIONS / Time: 0h:0m:17s

--------------------------------------------------------------------
|                    FINALIZING TREE SEARCH                        |
--------------------------------------------------------------------
Performs final model parameters optimization
Estimate model parameters (epsilon = 0.050)
1. Initial log-likelihood: -15420.874
Optimal log-likelihood: -15420.873
Rate parameters:  A-C: 3.11842  A-G: 19.35232  A-T: 2.03390  C-G: 0.05907  C-T: 36.38112  G-T: 1.00000
Base frequencies:  A: 0.327  C: 0.202  G: 0.203  T: 0.268
Parameters optimization took 1 rounds (0.381 sec)
BEST SCORE FOUND : -15420.873
Total tree length: 1.015

Total number of iterations: 2
CPU time used for tree search: 4.156 sec (0h:0m:4s)
Wall-clock time used for tree search: 4.650 sec (0h:0m:4s)
Total CPU time used: 15.983 sec (0h:0m:15s)
Total wall-clock time used: 17.754 sec (0h:0m:17s)

Analysis results written to: 
  IQ-TREE report:                results/aligned_B_F-delim.fasta.iqtree
  Maximum-likelihood tree:       results/aligned_B_F-delim.fasta.treefile
  Likelihood distances:          results/aligned_B_F-delim.fasta.mldist
  Screen log file:               results/aligned_B_F-delim.fasta.log

Date and Time: Wed Mar  9 12:21:18 2022
