IQ-TREE multicore version 2.1.4-beta COVID-edition for Mac OS X 64-bit built Jun 24 2021
Developed by Bui Quang Minh, James Barbetti, Nguyen Lam Tung,
Olga Chernomor, Heiko Schmidt, Dominik Schrempf, Michael Woodhams.

Host:    kates-mbp-3.fhcrc.org (AVX2, FMA3, 8 GB RAM)
Command: iqtree2 -ninit 2 -n 2 -me 0.05 -nt 1 -s results/aligned_A_G-delim.fasta -m GTR
Seed:    470428 (Using SPRNG - Scalable Parallel Random Number Generator)
Time:    Wed Mar  9 12:21:07 2022
Kernel:  AVX+FMA - 1 threads (4 CPU cores detected)

HINT: Use -nt option to specify number of threads because your CPU has 4 cores!
HINT: -nt AUTO will automatically determine the best number of threads to use.

Reading alignment file results/aligned_A_G-delim.fasta ... Fasta format detected
Alignment most likely contains DNA/RNA sequences
WARNING: 14294 sites contain only gaps or ambiguous characters.
Alignment has 1223 sequences with 15191 columns, 681 distinct patterns
547 parsimony-informative, 127 singleton sites, 14517 constant sites
          Gap/Ambiguity  Composition  p-value
   1  KP856967   94.10%    failed      0.00%
   2  KP258725   94.10%    failed      0.00%
   3  KJ723488   94.10%    failed      0.00%
   4  KP258709   94.10%    failed      0.00%
   5  MG642032   94.10%    failed      0.00%
   6  MG642040   94.10%    failed      0.00%
   7  MG642058   94.10%    failed      0.00%
   8  KU316135   94.10%    failed      0.00%
   9  MG642028   94.10%    failed      0.00%
  10  MG642024   94.10%    failed      0.00%
  11  KU316090   94.10%    failed      0.00%
  12  KP856969   94.10%    failed      0.00%
  13  KU316157   94.10%    failed      0.00%
  14  KU316137   94.10%    failed      0.00%
  15  KU316178   94.10%    failed      0.00%
  16  KU316149   94.10%    failed      0.00%
  17  KU316143   94.10%    failed      0.00%
  18  MG642074   94.10%    failed      0.00%
  19  KU316150   94.10%    failed      0.00%
  20  KP258696   94.10%    failed      0.00%
  21  KU316093   94.10%    failed      0.00%
  22  KJ723468   94.10%    failed      0.00%
  23  KP258715   94.10%    failed      0.00%
  24  KP258699   94.10%    failed      0.00%
  25  MG642031   94.10%    failed      0.00%
  26  MG642079   94.10%    failed      0.00%
  27  MG642083   94.10%    failed      0.00%
  28  KU316133   94.10%    failed      0.00%
  29  JX069803   94.10%    failed      0.00%
  30  JX069802   94.10%    failed      0.00%
  31  KJ627679   94.10%    failed      0.00%
  32  KJ627678   94.10%    failed      0.00%
  33  KJ627683   94.10%    failed      0.00%
  34  KJ627682   94.10%    failed      0.00%
  35  KJ627684   94.10%    failed      0.00%
  36  KJ627703   94.10%    failed      0.00%
  37  KJ627707   94.10%    failed      0.00%
  38  KJ627706   94.10%    failed      0.00%
  39  KJ627705   94.10%    failed      0.00%
  40  KJ627704   94.10%    failed      0.00%
  41  KJ627702   94.10%    failed      0.00%
  42  KJ627672   94.10%    failed      0.00%
  43  KJ627674   94.10%    failed      0.00%
  44  KJ627675   94.10%    failed      0.00%
  45  KJ627688   94.10%    failed      0.00%
  46  KJ627710   94.10%    failed      0.00%
  47  KJ627731   94.10%    failed      0.00%
  48  KJ627727   94.10%    failed      0.00%
  49  KJ627728   94.10%    failed      0.00%
  50  KJ627733   94.10%    failed      0.00%
  51  KJ627652   94.10%    failed      0.00%
  52  KJ627671   94.10%    failed      0.00%
  53  KJ627664   94.10%    failed      0.00%
  54  KJ627663   94.10%    failed      0.00%
  55  KJ627670   94.10%    failed      0.00%
  56  KJ627725   94.10%    failed      0.00%
  57  KJ627723   94.10%    failed      0.00%
  58  KJ627724   94.10%    failed      0.00%
  59  KJ627657   94.10%    failed      0.00%
  60  KJ627659   94.10%    failed      0.00%
  61  KJ627687   94.10%    failed      0.00%
  62  KJ627685   94.10%    failed      0.00%
  63  KJ627686   94.10%    failed      0.00%
  64  KJ627693   94.10%    failed      0.00%
  65  KU316180   94.10%    failed      0.00%
  66  KP258727   94.10%    failed      0.00%
  67  KJ627676   94.10%    failed      0.00%
  68  KJ627709   94.10%    failed      0.00%
  69  KJ627708   94.10%    failed      0.00%
  70  KF826824   94.10%    failed      0.00%
  71  KF826823   94.10%    failed      0.00%
  72  KJ627690   94.10%    failed      0.00%
  73  JQ901454   94.10%    failed      0.00%
  74  JQ901451   94.10%    failed      0.00%
  75  KP258711   94.10%    failed      0.00%
  76  KJ723473   94.10%    failed      0.00%
  77  KJ723465   94.10%    failed      0.00%
  78  KP258710   94.10%    failed      0.00%
  79  KP258701   94.10%    failed      0.00%
  80  MG642052   94.10%    failed      0.00%
  81  MG642061   94.10%    failed      0.00%
  82  KJ723462   94.10%    failed      0.00%
  83  KU316176   94.10%    failed      0.00%
  84  MG642055   94.10%    failed      0.00%
  85  MG642048   94.10%    failed      0.00%
  86  KJ723490   94.10%    failed      0.00%
  87  KP258732   94.10%    failed      0.00%
  88  KU316104   94.10%    failed      0.00%
  89  KP258728   94.10%    failed      0.00%
  90  OK649674   94.10%    failed      0.00%
  91  KU316145   94.10%    failed      0.00%
  92  KU316096   94.10%    failed      0.00%
  93  OK649671   94.10%    failed      0.00%
  94  KP258707   94.10%    failed      0.00%
  95  KU316170   94.10%    failed      0.00%
  96  KP258703   94.10%    failed      0.00%
  97  KP258726   94.10%    failed      0.00%
  98  KP258740   94.10%    failed      0.00%
  99  KP258722   94.10%    failed      0.00%
 100  KJ723487   94.10%    failed      0.00%
 101  KU316161   94.10%    failed      0.00%
 102  OK649676   94.10%    failed      0.00%
 103  JQ901455   94.10%    failed      0.00%
 104  KF826847   94.10%    failed      0.00%
 105  KF530260   94.10%    failed      0.00%
 106  KF826854   94.10%    failed      0.00%
 107  KJ627656   94.10%    failed      0.00%
 108  JX015485   94.10%    failed      0.00%
 109  JX015488   94.10%    failed      0.00%
 110  KF530268   94.10%    failed      0.00%
 111  KF826836   94.10%    failed      0.00%
 112  KF826837   94.10%    failed      0.00%
 113  KF826846   94.10%    failed      0.00%
 114  KU950561   94.10%    failed      0.00%
 115  KF826850   94.10%    failed      0.00%
 116  KF826841   94.10%    failed      0.00%
 117  KF826826   94.10%    failed      0.00%
 118  OK649595   94.10%    failed      0.00%
 119  OK649606   94.10%    failed      0.00%
 120  OK649635   94.10%    failed      0.00%
 121  KF826828   94.10%    failed      0.00%
 122  JX015487   94.10%    failed      0.00%
 123  JQ901449   94.10%    failed      0.00%
 124  JQ901456   94.10%    failed      0.00%
 125  JQ901450   94.10%    failed      0.00%
 126  KF826827   94.10%    failed      0.00%
 127  KJ627716   94.10%    failed      0.00%
 128  KJ627718   94.10%    failed      0.00%
 129  KJ627717   94.10%    failed      0.00%
 130  KJ627729   94.10%    failed      0.00%
 131  KJ627662   94.10%    failed      0.00%
 132  KJ627720   94.10%    failed      0.00%
 133  KJ627721   94.10%    failed      0.00%
 134  KJ627722   94.10%    failed      0.00%
 135  KJ627714   94.10%    failed      0.00%
 136  KJ627715   94.10%    failed      0.00%
 137  KJ627667   94.10%    failed      0.00%
 138  KJ627666   94.10%    failed      0.00%
 139  KJ627719   94.10%    failed      0.00%
 140  KJ627668   94.10%    failed      0.00%
 141  KF826852   94.10%    failed      0.00%
 142  KF973331   94.10%    failed      0.00%
 143  KF973334   94.10%    failed      0.00%
 144  KF973325   94.10%    failed      0.00%
 145  KF973333   94.10%    failed      0.00%
 146  KF973321   94.10%    failed      0.00%
 147  KF973322   94.10%    failed      0.00%
 148  KF973320   94.10%    failed      0.00%
 149  KF973323   94.10%    failed      0.00%
 150  KF973329   94.10%    failed      0.00%
 151  KF973330   94.10%    failed      0.00%
 152  KF973328   94.10%    failed      0.00%
 153  KF973336   94.10%    failed      0.00%
 154  KF973326   94.10%    failed      0.00%
 155  KF973319   94.10%    failed      0.00%
 156  KF973327   94.10%    failed      0.00%
 157  KF973324   94.10%    failed      0.00%
 158  KF973332   94.10%    failed      0.00%
 159  KJ627649   94.10%    failed      0.00%
 160  MG027862   94.10%    failed      0.00%
 161  KF973335   94.10%    failed      0.00%
 162  KF973338   94.10%    failed      0.00%
 163  KF973339   94.10%    failed      0.00%
 164  KF973340   94.10%    failed      0.00%
 165  OK649608   94.10%    failed      0.00%
 166  OK649617   94.10%    failed      0.00%
 167  OK649649   94.10%    failed      0.00%
 168  OK649646   94.10%    failed      0.00%
 169  OK649656   94.10%    failed      0.00%
 170  KJ672447   94.10%    failed      0.00%
 171  KX894800   94.10%    failed      0.00%
 172  KU950473   94.10%    failed      0.00%
 173  KJ672479   94.10%    failed      0.00%
 174  KU950479   94.10%    failed      0.00%
 175  KU950501   94.10%    failed      0.00%
 176  KU950564   94.10%    failed      0.00%
 177  KJ672474   94.10%    failed      0.00%
 178  KU950487   94.10%    failed      0.00%
 179  KJ672462   94.10%    failed      0.00%
 180  KX894798   94.10%    failed      0.00%
 181  KU950616   94.10%    failed      0.00%
 182  KU950609   94.10%    failed      0.00%
 183  KJ672483   94.10%    failed      0.00%
 184  OK649677   94.10%    failed      0.00%
 185  JQ901448   94.10%    failed      0.00%
 186  KU316121   94.10%    failed      0.00%
 187  KJ627696   94.10%    failed      0.00%
 188  KJ627695   94.10%    failed      0.00%
 189  KJ939954   94.10%    failed      0.00%
 190  KJ939948   94.10%    failed      0.00%
 191  KJ939943   94.10%    failed      0.00%
 192  OK649637   94.10%    failed      0.00%
 193  OK649653   94.10%    failed      0.00%
 194  KX765891   94.10%    failed      0.00%
 195  JX069801   94.10%    failed      0.00%
 196  JF920065   94.10%    failed      0.00%
 197  JX069800   94.10%    failed      0.00%
 198  JF920062   94.10%    failed      0.00%
 199  OK649658   94.10%    failed      0.00%
 200  KP258743   94.10%    failed      0.00%
 201  KU316142   94.10%    failed      0.00%
 202  KU316148   94.10%    failed      0.00%
 203  KU316166   94.10%    failed      0.00%
 204  MG642056   94.10%    failed      0.00%
 205  MG642081   94.10%    failed      0.00%
 206  MG642026   94.10%    failed      0.00%
 207  KU316126   94.10%    failed      0.00%
 208  KP258700   94.10%    failed      0.00%
 209  KU316167   94.10%    failed      0.00%
 210  KU316110   94.10%    failed      0.00%
 211  KP258737   94.10%    failed      0.00%
 212  MG642034   94.10%    failed      0.00%
 213  KJ723464   94.10%    failed      0.00%
 214  KP258734   94.10%    failed      0.00%
 215  KU316092   94.10%    failed      0.00%
 216  MG642030   94.10%    failed      0.00%
 217  OK649669   94.10%    failed      0.00%
 218  KJ723492   94.10%    failed      0.00%
 219  MG642063   94.10%    failed      0.00%
 220  JX069798   94.10%    failed      0.00%
 221  KJ627648   94.10%    failed      0.00%
 222  KJ627647   94.10%    failed      0.00%
 223  OK649590   94.10%    failed      0.00%
 224  OK649657   94.10%    failed      0.00%
 225  KP258697   94.10%    failed      0.00%
 226  KU316139   94.10%    failed      0.00%
 227  KU316131   94.10%    failed      0.00%
 228  MG642080   94.10%    failed      0.00%
 229  MG642050   94.10%    failed      0.00%
 230  MG642033   94.10%    failed      0.00%
 231  OK649592   94.10%    failed      0.00%
 232  FJ948820   94.10%    failed      0.00%
 233  OK649659   94.10%    failed      0.00%
 234  KU316118   94.10%    failed      0.00%
 235  JX069799   94.10%    failed      0.00%
 236  OK649679   94.10%    failed      0.00%
 237  JF920057   94.10%    failed      0.00%
 238  JQ901457   94.10%    failed      0.00%
 239  KP856968   94.10%    failed      0.00%
 240  KU316141   94.10%    failed      0.00%
 241  KU316091   94.10%    failed      0.00%
 242  JX015486   94.10%    failed      0.00%
 243  OK649660   94.10%    failed      0.00%
 244  OK649661   94.10%    failed      0.00%
 245  OK649664   94.10%    failed      0.00%
 246  OK649662   94.10%    failed      0.00%
 247  OK649665   94.10%    failed      0.00%
 248  OK649666   94.10%    failed      0.00%
 249  OK649642   94.10%    failed      0.00%
 250  JQ901458   94.10%    failed      0.00%
 251  JQ901453   94.10%    failed      0.00%
 252  JQ901452   94.10%    failed      0.00%
 253  KF826848   94.10%    failed      0.00%
 254  KJ627361   94.10%    failed      0.00%
 255  KJ627305   94.10%    failed      0.00%
 256  KJ627352   94.10%    failed      0.00%
 257  OK649600   94.10%    failed      0.00%
 258  OK649614   94.10%    failed      0.00%
 259  OK649598   94.10%    failed      0.00%
 260  OK649627   94.10%    failed      0.00%
 261  OK649612   94.10%    failed      0.00%
 262  OK649625   94.10%    failed      0.00%
 263  JX015480   94.10%    failed      0.00%
 264  KJ627324   94.10%    failed      0.00%
 265  KJ627321   94.10%    failed      0.00%
 266  KJ627314   94.10%    failed      0.00%
 267  KJ627339   94.10%    failed      0.00%
 268  KJ627289   94.10%    failed      0.00%
 269  KJ627284   94.10%    failed      0.00%
 270  KJ627366   94.10%    failed      0.00%
 271  KJ627276   94.10%    failed      0.00%
 272  KJ627248   94.10%    failed      0.00%
 273  KJ627327   94.10%    failed      0.00%
 274  KJ627353   94.10%    failed      0.00%
 275  KJ627260   94.10%    failed      0.00%
 276  KJ627336   94.10%    failed      0.00%
 277  KJ627311   94.10%    failed      0.00%
 278  KJ627255   94.10%    failed      0.00%
 279  KU950573   94.10%    failed      0.00%
 280  JQ901447   94.10%    failed      0.00%
 281  KP258723   94.10%    failed      0.00%
 282  KJ723483   94.10%    failed      0.00%
 283  KP258733   94.10%    failed      0.00%
 284  MG642071   94.10%    failed      0.00%
 285  MG642035   94.10%    failed      0.00%
 286  KU316098   94.10%    failed      0.00%
 287  KU316125   94.10%    failed      0.00%
 288  KU316138   94.10%    failed      0.00%
 289  MG642077   94.10%    failed      0.00%
 290  MG642070   94.10%    failed      0.00%
 291  OK649596   94.10%    failed      0.00%
 292  OK649678   94.10%    failed      0.00%
 293  KP663728   94.10%    failed      0.00%
 294  KC978856   94.10%    failed      0.00%
 295  KF530269   94.10%    failed      0.00%
 296  KF826849   94.10%    failed      0.00%
 297  JF920052   94.10%    failed      0.00%
 298  JF920053   94.10%    failed      0.00%
 299  MF001043   94.10%    failed      0.00%
 300  MK167036   94.10%    failed      0.00%
 301  KX655666   94.10%    failed      0.00%
 302  KX655652   94.10%    failed      0.00%
 303  KX655675   94.10%    failed      0.00%
 304  MF001049   94.10%    failed      0.00%
 305  MF001051   94.10%    failed      0.00%
 306  OK649680   94.10%    failed      0.00%
 307  OK649640   94.10%    failed      0.00%
 308  OK649639   94.10%    failed      0.00%
 309  KY460517   94.10%    failed      0.00%
 310  KC731483   94.10%    failed      0.00%
 311  MF001039   94.10%    failed      0.00%
 312  KJ627374   94.10%    failed      0.00%
 313  MF001050   94.10%    failed      0.00%
 314  MF001053   94.10%    failed      0.00%
 315  MF001056   94.10%    failed      0.00%
 316  KX765896   94.10%    failed      0.00%
 317  KX655677   94.10%    failed      0.00%
 318  KX765901   94.10%    failed      0.00%
 319  KX765936   94.10%    failed      0.00%
 320  KX765967   94.10%    failed      0.00%
 321  OK649647   94.10%    failed      0.00%
 322  MN630093   94.10%    failed      0.00%
 323  MN630092   94.10%    failed      0.00%
 324  MN630097   94.10%    failed      0.00%
 325  MN630107   94.10%    failed      0.00%
 326  KU950652   94.10%    failed      0.00%
 327  KX765894   94.10%    failed      0.00%
 328  KX765911   94.10%    failed      0.00%
 329  KX765931   94.10%    failed      0.00%
 330  KX765938   94.10%    failed      0.00%
 331  KX765960   94.10%    failed      0.00%
 332  KJ672478   94.10%    failed      0.00%
 333  KJ672455   94.10%    failed      0.00%
 334  KJ672456   94.10%    failed      0.00%
 335  KJ672460   94.10%    failed      0.00%
 336  KJ672443   94.10%    failed      0.00%
 337  KJ672431   94.10%    failed      0.00%
 338  KJ672439   94.10%    failed      0.00%
 339  KJ672450   94.10%    failed      0.00%
 340  KJ672426   94.10%    failed      0.00%
 341  KU950563   94.10%    failed      0.00%
 342  KU950632   94.10%    failed      0.00%
 343  KU950554   94.10%    failed      0.00%
 344  KJ672446   94.10%    failed      0.00%
 345  KJ672453   94.10%    failed      0.00%
 346  KU950545   94.10%    failed      0.00%
 347  KU950528   94.10%    failed      0.00%
 348  KM042381   94.10%    failed      0.00%
 349  KU950546   94.10%    failed      0.00%
 350  KU950579   94.10%    failed      0.00%
 351  KU950522   94.10%    failed      0.00%
 352  KU950646   94.10%    failed      0.00%
 353  KU950529   94.10%    failed      0.00%
 354  KU950469   94.10%    failed      0.00%
 355  KU950649   94.10%    failed      0.00%
 356  KU950624   94.10%    failed      0.00%
 357  KX894802   94.10%    failed      0.00%
 358  KU950620   94.10%    failed      0.00%
 359  KU950498   94.10%    failed      0.00%
 360  KU950658   94.10%    failed      0.00%
 361  KU950645   94.10%    failed      0.00%
 362  KJ672434   94.10%    failed      0.00%
 363  KJ672435   94.10%    failed      0.00%
 364  KJ672482   94.10%    failed      0.00%
 365  KJ672484   94.10%    failed      0.00%
 366  KJ672477   94.10%    failed      0.00%
 367  KJ672427   94.10%    failed      0.00%
 368  KJ672442   94.10%    failed      0.00%
 369  KM042384   94.10%    failed      0.00%
 370  KU950595   94.10%    failed      0.00%
 371  KU950541   94.10%    failed      0.00%
 372  KU950634   94.10%    failed      0.00%
 373  KU950536   94.10%    failed      0.00%
 374  KU950507   94.10%    failed      0.00%
 375  KM042385   94.10%    failed      0.00%
 376  KJ672463   94.10%    failed      0.00%
 377  KU950538   94.10%    failed      0.00%
 378  KU950667   94.10%    failed      0.00%
 379  MN630089   94.10%    failed      0.00%
 380  MN630099   94.10%    failed      0.00%
 381  KX655639   94.10%    failed      0.00%
 382  KY883566   94.10%    failed      0.00%
 383  KY883567   94.10%    failed      0.00%
 384  KU950666   94.10%    failed      0.00%
 385  OK649683   94.10%    failed      0.00%
 386  JX627336   94.10%    failed      0.00%
 387  MG813982   94.40%    failed      0.00%
 388  MZ516077   94.10%    failed      0.00%
 389  MG813980   94.10%    failed      0.00%
 390  MG813981   94.10%    failed      0.00%
 391  MG813983   94.10%    failed      0.00%
 392  OK649681   94.10%    failed      0.00%
 393  MG813978   94.10%    failed      0.00%
 394  MG813979   94.10%    failed      0.00%
 395  MG813984   94.10%    failed      0.00%
 396  MG813985   94.10%    failed      0.00%
 397  MH447951   94.10%    failed      0.00%
 398  MH447952   94.10%    failed      0.00%
 399  KU950629   94.10%    failed      0.00%
 400  MN630088   94.10%    failed      0.00%
 401  MN630090   94.10%    failed      0.00%
 402  MN630096   94.10%    failed      0.00%
 403  MN630106   94.10%    failed      0.00%
 404  MN630098   94.10%    failed      0.00%
 405  MN630104   94.10%    failed      0.00%
 406  KX765904   94.10%    failed      0.00%
 407  KX765919   94.10%    failed      0.00%
 408  KX765954   94.10%    failed      0.00%
 409  KX765974   94.10%    failed      0.00%
 410  KX765971   94.10%    failed      0.00%
 411  KX765972   94.10%    failed      0.00%
 412  KX765940   94.10%    failed      0.00%
 413  KX765939   94.10%    failed      0.00%
 414  KX765916   94.10%    failed      0.00%
 415  KX765944   94.10%    failed      0.00%
 416  MG813988   94.10%    failed      0.00%
 417  MG813990   94.10%    failed      0.00%
 418  MG813991   94.10%    failed      0.00%
 419  KJ672448   94.10%    failed      0.00%
 420  KX894806   94.10%    failed      0.00%
 421  KJ672432   94.10%    failed      0.00%
 422  KJ627264   94.10%    failed      0.00%
 423  KU950502   94.10%    failed      0.00%
 424  KM042392   94.10%    failed      0.00%
 425  MF001057   94.40%    failed      0.00%
 426  MK167035   94.40%    failed      0.00%
 427  KJ672458   94.10%    failed      0.00%
 428  KU950655   94.10%    failed      0.00%
 429  KX894797   94.10%    failed      0.00%
 430  KX894805   94.10%    failed      0.00%
 431  KU950556   94.10%    failed      0.00%
 432  KJ672465   94.10%    failed      0.00%
 433  KX655626   94.10%    failed      0.00%
 434  KJ672449   94.10%    failed      0.00%
 435  KU950550   94.10%    failed      0.00%
 436  KU950664   94.10%    failed      0.00%
 437  KU950557   94.10%    failed      0.00%
 438  KU950570   94.10%    failed      0.00%
 439  KJ672441   94.10%    failed      0.00%
 440  KU950592   94.10%    failed      0.00%
 441  KU950692   94.10%    failed      0.00%
 442  KJ672440   94.10%    failed      0.00%
 443  KJ672475   94.10%    failed      0.00%
 444  KU950521   94.10%    failed      0.00%
 445  KU950513   94.10%    failed      0.00%
 446  KU839637   94.10%    failed      0.00%
 447  KU950627   94.10%    failed      0.00%
 448  KU950596   94.10%    failed      0.00%
 449  KU950492   94.10%    failed      0.00%
 450  KJ672469   94.10%    failed      0.00%
 451  KM042388   94.10%    failed      0.00%
 452  MH447953   94.10%    failed      0.00%
 453  MH447954   94.10%    failed      0.00%
 454  KJ672433   94.10%    failed      0.00%
 455  KU950673   94.10%    failed      0.00%
 456  KX765926   94.10%    failed      0.00%
 457  KU950567   94.10%    failed      0.00%
 458  KM042390   94.10%    failed      0.00%
 459  OK649682   94.10%    failed      0.00%
 460  KY982517   94.10%    failed      0.00%
 461  KJ672472   94.10%    failed      0.00%
 462  KU950651   94.10%    failed      0.00%
 463  KT285064   94.10%    failed      0.00%
 464  KU950643   94.10%    failed      0.00%
 465  KU950677   94.10%    failed      0.00%
 466  KU950486   94.10%    failed      0.00%
 467  KX894807   94.10%    failed      0.00%
 468  KU950581   94.10%    failed      0.00%
 469  KM042391   94.10%    failed      0.00%
 470  KU950594   94.27%    failed      0.00%
 471  KU950670   94.10%    failed      0.00%
 472  MG813986   94.37%    failed      0.00%
 473  MG813987   94.56%    failed      0.00%
 474  KJ672437   94.10%    failed      0.00%
 475  KJ672457   94.10%    failed      0.00%
 476  LC474558   94.10%    failed      0.00%
 477  KU950636   94.10%    failed      0.00%
 478  KU950628   94.10%    failed      0.00%
 479  KU950540   94.10%    failed      0.00%
 480  KU950685   94.10%    failed      0.00%
 481  KU950583   94.10%    failed      0.00%
 482  KU950459   94.10%    failed      0.00%
 483  KU950560   94.10%    failed      0.00%
 484  KU950523   94.10%    failed      0.00%
 485  MN630102   94.10%    failed      0.00%
 486  MH383066   94.13%    failed      0.00%
 487  MG793382   94.10%    failed      0.00%
 488  LC530050   94.10%    failed      0.00%
 489  KX765902   94.10%    failed      0.00%
 490  KX765915   94.10%    failed      0.00%
 491  KX765917   94.10%    failed      0.00%
 492  MK749912   94.10%    failed      0.00%
 493  MK749913   94.10%    failed      0.00%
 494  KJ672467   94.10%    failed      0.00%
 495  KJ672444   94.10%    failed      0.00%
 496  KJ672468   94.10%    failed      0.00%
 497  KX894799   94.10%    failed      0.00%
 498  KU950654   94.10%    failed      0.00%
 499  KU950475   94.10%    failed      0.00%
 500  KY982516   94.10%    failed      0.00%
 501  KU950612   94.10%    failed      0.00%
 502  KU950671   94.10%    failed      0.00%
 503  KU950626   94.28%    failed      0.00%
 504  KU950493   94.10%    failed      0.00%
 505  MG813977   94.10%    failed      0.00%
 506  MG813993   94.10%    failed      0.00%
 507  MG813992   94.10%    failed      0.00%
 508  KU950653   94.10%    failed      0.00%
 509  KU950696   94.10%    failed      0.00%
 510  KU950483   94.10%    failed      0.00%
 511  KJ672429   94.10%    failed      0.00%
 512  KJ672454   94.10%    failed      0.00%
 513  KX894803   94.10%    failed      0.00%
 514  KU950617   94.10%    failed      0.00%
 515  KU950694   94.10%    failed      0.00%
 516  KM042386   94.10%    failed      0.00%
 517  KJ672470   94.10%    failed      0.00%
 518  KJ672451   94.10%    failed      0.00%
 519  KJ672466   94.10%    failed      0.00%
 520  KX894804   94.10%    failed      0.00%
 521  KJ672424   94.10%    failed      0.00%
 522  KJ672461   94.10%    failed      0.00%
 523  KJ672452   94.10%    failed      0.00%
 524  KM042383   94.10%    failed      0.00%
 525  KU950660   94.10%    failed      0.00%
 526  KU950674   94.10%    failed      0.00%
 527  KU950511   94.10%    failed      0.00%
 528  KU950485   94.10%    failed      0.00%
 529  KJ672464   94.10%    failed      0.00%
 530  KU950474   94.10%    failed      0.00%
 531  KU950680   94.10%    failed      0.00%
 532  KU950509   94.10%    failed      0.00%
 533  KU950572   94.10%    failed      0.00%
 534  KU950480   94.10%    failed      0.00%
 535  KU950472   94.10%    failed      0.00%
 536  KU950598   94.10%    failed      0.00%
 537  KU950470   94.10%    failed      0.00%
 538  KU950608   94.10%    failed      0.00%
 539  MN630103   94.10%    failed      0.00%
 540  MZ515650   94.10%    failed      0.00%
 541  MZ515655   94.10%    failed      0.00%
 542  MZ515690   94.10%    failed      0.00%
 543  MZ515888   94.10%    failed      0.00%
 544  KX765970   94.10%    failed      0.00%
 545  KC731482   94.10%    failed      0.00%
 546  KX655644   94.10%    failed      0.00%
 547  KX655640   94.10%    failed      0.00%
 548  KU950615   94.10%    failed      0.00%
 549  KU950631   94.10%    failed      0.00%
 550  LC474556   94.10%    failed      0.00%
 551  KX765977   94.10%    failed      0.00%
 552  KU950531   94.10%    failed      0.00%
 553  KU950506   94.10%    failed      0.00%
 554  KU950585   94.10%    failed      0.00%
 555  KU950499   94.10%    failed      0.00%
 556  KU950520   94.10%    failed      0.00%
 557  KU950537   94.10%    failed      0.00%
 558  KU950686   94.10%    failed      0.00%
 559  MW033958   94.10%    failed      0.00%
 560  MW160749   94.10%    failed      0.00%
 561  MW160795   94.10%    failed      0.00%
 562  MW160801   94.10%    failed      0.00%
 563  MW160803   94.10%    failed      0.00%
 564  MN630100   94.10%    failed      0.00%
 565  MW160759   94.10%    failed      0.00%
 566  MK749867   94.10%    failed      0.00%
 567  MK749886   94.10%    failed      0.00%
 568  MK749893   94.10%    failed      0.00%
 569  MK749917   94.10%    failed      0.00%
 570  MK749911   94.10%    failed      0.00%
 571  MK749890   94.10%    failed      0.00%
 572  MW160807   94.10%    failed      0.00%
 573  MZ515559   94.10%    failed      0.00%
 574  MZ515695   94.10%    failed      0.00%
 575  MZ515905   94.10%    failed      0.00%
 576  MW160787   94.10%    failed      0.00%
 577  MZ516108   94.10%    failed      0.00%
 578  MZ515939   94.10%    failed      0.00%
 579  MZ516026   94.10%    failed      0.00%
 580  MZ516044   94.10%    failed      0.00%
 581  MZ515588   94.10%    failed      0.00%
 582  MZ515956   94.10%    failed      0.00%
 583  MZ515609   94.10%    failed      0.00%
 584  MZ515902   94.10%    failed      0.00%
 585  MZ515887   94.10%    failed      0.00%
 586  MZ516052   94.10%    failed      0.00%
 587  MZ515633   94.10%    failed      0.00%
 588  MZ515781   94.10%    failed      0.00%
 589  MZ515962   94.10%    failed      0.00%
 590  MZ515797   94.10%    failed      0.00%
 591  MZ515735   94.10%    failed      0.00%
 592  MZ515804   94.10%    failed      0.00%
 593  MZ515851   94.10%    failed      0.00%
 594  MZ516053   94.10%    failed      0.00%
 595  MZ515572   94.10%    failed      0.00%
 596  MZ515835   94.10%    failed      0.00%
 597  MZ515740   94.10%    failed      0.00%
 598  MZ515833   94.10%    failed      0.00%
 599  MZ516072   94.10%    failed      0.00%
 600  MZ515841   94.10%    failed      0.00%
 601  MZ515703   94.10%    failed      0.00%
 602  MZ515985   94.10%    failed      0.00%
 603  MW160761   94.10%    failed      0.00%
 604  MW160772   94.10%    failed      0.00%
 605  MW160767   94.10%    failed      0.00%
 606  KJ672428   94.10%    failed      0.00%
 607  MW160746   94.10%    failed      0.00%
 608  MW160766   94.10%    failed      0.00%
 609  MW160747   94.10%    failed      0.00%
 610  MW160756   94.10%    failed      0.00%
 611  MF614946   94.10%    failed      0.00%
 612  KJ672471   94.10%    failed      0.00%
 613  KU950610   94.10%    failed      0.00%
 614  MK749895   94.10%    failed      0.00%
 615  MK749909   94.10%    failed      0.00%
 616  MH447955   94.10%    failed      0.00%
 617  MH447956   94.10%    failed      0.00%
 618  KU950524   94.10%    failed      0.00%
 619  KM042389   94.10%    failed      0.00%
 620  KU950642   94.10%    failed      0.00%
 621  MG839543   94.10%    failed      0.00%
 622  KU950505   94.10%    failed      0.00%
 623  KU950641   94.10%    failed      0.00%
 624  KU950639   94.10%    failed      0.00%
 625  KU950650   94.10%    failed      0.00%
 626  KU950638   94.10%    failed      0.00%
 627  KU950566   94.10%    failed      0.00%
 628  KU950519   94.10%    failed      0.00%
 629  KU950455   94.10%    failed      0.00%
 630  KU950623   94.10%    failed      0.00%
 631  KU839630   94.10%    failed      0.00%
 632  KU839639   94.10%    failed      0.00%
 633  KU839626   94.10%    failed      0.00%
 634  KU839624   94.10%    failed      0.00%
 635  KU950491   94.10%    failed      0.00%
 636  KU950544   94.10%    failed      0.00%
 637  KU950644   94.10%    failed      0.00%
 638  KU950698   94.10%    failed      0.00%
 639  KU950590   94.10%    failed      0.00%
 640  KU950456   94.10%    failed      0.00%
 641  KU950549   94.10%    failed      0.00%
 642  KU950460   94.10%    failed      0.00%
 643  KU950683   94.10%    failed      0.00%
 644  KU839631   94.10%    failed      0.00%
 645  KU950518   94.10%    failed      0.00%
 646  KU950468   94.10%    failed      0.00%
 647  KU950464   94.10%    failed      0.00%
 648  KU950527   94.10%    failed      0.00%
 649  MH447958   94.10%    failed      0.00%
 650  MZ515999   94.10%    failed      0.00%
 651  MZ515909   94.10%    failed      0.00%
 652  MZ515575   94.10%    failed      0.00%
 653  MZ516010   94.10%    failed      0.00%
 654  MZ515850   94.10%    failed      0.00%
 655  MZ515569   94.10%    failed      0.00%
 656  MZ515921   94.10%    failed      0.00%
 657  MZ516028   94.10%    failed      0.00%
 658  MW160822   94.10%    failed      0.00%
 659  MH279547   94.13%    failed      0.00%
 660  MW160825   94.10%    failed      0.00%
 661  MZ516129   94.10%    failed      0.00%
 662  MN630101   94.10%    failed      0.00%
 663  MF614947   94.10%    failed      0.00%
 664  KX765925   94.10%    failed      0.00%
 665  KX765887   94.10%    failed      0.00%
 666  KX765948   94.10%    failed      0.00%
 667  KX765950   94.10%    failed      0.00%
 668  KX765955   94.10%    failed      0.00%
 669  KX765956   94.10%    failed      0.00%
 670  KX765932   94.10%    failed      0.00%
 671  KX765951   94.10%    failed      0.00%
 672  KX765914   94.10%    failed      0.00%
 673  MZ515564   94.10%    failed      0.00%
 674  MZ515866   94.10%    failed      0.00%
 675  MH290724   94.10%    failed      0.00%
 676  MW020598   94.10%    failed      0.00%
 677  MW020599   94.10%    failed      0.00%
 678  MH447957   94.10%    failed      0.00%
 679  MZ515718   94.10%    failed      0.00%
 680  MZ515913   94.10%    failed      0.00%
 681  MZ515800   94.10%    failed      0.00%
 682  MZ515814   94.10%    failed      0.00%
 683  MZ515802   94.10%    failed      0.00%
 684  MW020596   94.11%    failed      0.00%
 685  MW020597   94.11%    failed      0.00%
 686  MH447960   94.10%    failed      0.00%
 687  MZ515641   94.10%    failed      0.00%
 688  MZ515973   94.10%    failed      0.00%
 689  MZ515862   94.10%    failed      0.00%
 690  MN306050   94.20%    failed      0.00%
 691  KX765941   94.10%    failed      0.00%
 692  MW582528   94.10%    failed      0.00%
 693  MW160768   94.10%    failed      0.00%
 694  MW160783   94.10%    failed      0.00%
 695  MW160771   94.10%    failed      0.00%
 696  MW160778   94.10%    failed      0.00%
 697  MW160764   94.10%    failed      0.00%
 698  MW160779   94.10%    failed      0.00%
 699  MW160782   94.10%    failed      0.00%
 700  MH447959   94.10%    failed      0.00%
 701  MW160754   94.10%    failed      0.00%
 702  MW160797   94.10%    failed      0.00%
 703  MW160758   94.10%    failed      0.00%
 704  MW160799   94.10%    failed      0.00%
 705  MN306054   94.10%    failed      0.00%
 706  MN306030   94.10%    failed      0.00%
 707  MZ515689   94.10%    failed      0.00%
 708  MZ515969   94.10%    failed      0.00%
 709  MZ515768   94.10%    failed      0.00%
 710  MZ515929   94.10%    failed      0.00%
 711  MZ515966   94.10%    failed      0.00%
 712  MZ515772   94.10%    failed      0.00%
 713  MZ515847   94.10%    failed      0.00%
 714  MZ515933   94.10%    failed      0.00%
 715  MZ516071   94.10%    failed      0.00%
 716  MZ516031   94.10%    failed      0.00%
 717  MZ516007   94.10%    failed      0.00%
 718  MZ515984   94.10%    failed      0.00%
 719  MZ516117   94.10%    failed      0.00%
 720  MZ515579   94.10%    failed      0.00%
 721  MZ515943   94.10%    failed      0.00%
 722  MZ516075   94.10%    failed      0.00%
 723  MZ515585   94.10%    failed      0.00%
 724  MZ515873   94.10%    failed      0.00%
 725  KY967362   94.49%    failed      0.00%
 726  KY967363   94.49%    failed      0.00%
 727  MW160824   94.10%    failed      0.00%
 728  MW160827   94.10%    failed      0.00%
 729  MW160809   94.10%    failed      0.00%
 730  MW160820   94.10%    failed      0.00%
 731  MT506703   94.18%    failed      0.00%
 732  MZ516058   94.10%    failed      0.00%
 733  MZ515789   94.10%    failed      0.00%
 734  MZ516130   94.10%    failed      0.00%
 735  MZ515811   94.10%    failed      0.00%
 736  MZ516008   94.10%    failed      0.00%
 737  MZ515948   94.10%    failed      0.00%
 738  MZ515623   94.10%    failed      0.00%
 739  MZ516002   94.10%    failed      0.00%
 740  MZ516004   94.10%    failed      0.00%
 741  MZ515645   94.10%    failed      0.00%
 742  MZ516040   94.10%    failed      0.00%
 743  MZ515687   94.10%    failed      0.00%
 744  MZ515784   94.10%    failed      0.00%
 745  MZ515907   94.10%    failed      0.00%
 746  MZ515631   94.10%    failed      0.00%
 747  MZ516000   94.10%    failed      0.00%
 748  MZ515614   94.10%    failed      0.00%
 749  MZ515911   94.10%    failed      0.00%
 750  MZ515571   94.10%    failed      0.00%
 751  MZ515576   94.10%    failed      0.00%
 752  MZ515963   94.10%    failed      0.00%
 753  MZ515777   94.10%    failed      0.00%
 754  MZ515646   94.10%    failed      0.00%
 755  MZ516137   94.10%    failed      0.00%
 756  MZ515834   94.10%    failed      0.00%
 757  MZ515998   94.10%    failed      0.00%
 758  MZ516015   94.10%    failed      0.00%
 759  MZ515864   94.10%    failed      0.00%
 760  MZ516073   94.10%    failed      0.00%
 761  MZ515717   94.10%    failed      0.00%
 762  MZ515941   94.10%    failed      0.00%
 763  MZ516097   94.10%    failed      0.00%
 764  MZ515606   94.10%    failed      0.00%
 765  MZ515652   94.10%    failed      0.00%
 766  MZ515992   94.10%    failed      0.00%
 767  MZ515755   94.10%    failed      0.00%
 768  MZ515908   94.10%    failed      0.00%
 769  MZ515880   94.10%    failed      0.00%
 770  MZ515951   94.10%    failed      0.00%
 771  MZ516093   94.10%    failed      0.00%
 772  MZ515685   94.10%    failed      0.00%
 773  MZ516074   94.10%    failed      0.00%
 774  MZ515989   94.10%    failed      0.00%
 775  MZ515848   94.10%    failed      0.00%
 776  MZ516090   94.10%    failed      0.00%
 777  MZ515945   94.10%    failed      0.00%
 778  MZ515643   94.10%    failed      0.00%
 779  MZ515680   94.10%    failed      0.00%
 780  MZ515803   94.10%    failed      0.00%
 781  MZ516068   94.10%    failed      0.00%
 782  MZ516029   94.10%    failed      0.00%
 783  MZ515986   94.10%    failed      0.00%
 784  MZ515597   94.10%    failed      0.00%
 785  MZ515649   94.10%    failed      0.00%
 786  MZ516024   94.10%    failed      0.00%
 787  MZ515628   94.10%    failed      0.00%
 788  MZ515790   94.10%    failed      0.00%
 789  MZ515957   94.10%    failed      0.00%
 790  MZ515971   94.10%    failed      0.00%
 791  MZ515568   94.10%    failed      0.00%
 792  MZ515700   94.10%    failed      0.00%
 793  MZ515931   94.10%    failed      0.00%
 794  MZ515744   94.10%    failed      0.00%
 795  MZ515734   94.10%    failed      0.00%
 796  MZ515688   94.10%    failed      0.00%
 797  MZ516120   94.10%    failed      0.00%
 798  MZ516014   94.10%    failed      0.00%
 799  MZ515878   94.10%    failed      0.00%
 800  MZ515961   94.10%    failed      0.00%
 801  MZ515773   94.10%    failed      0.00%
 802  MZ515987   94.10%    failed      0.00%
 803  MZ516066   94.10%    failed      0.00%
 804  MZ516047   94.10%    failed      0.00%
 805  MZ515737   94.10%    failed      0.00%
 806  MZ515570   94.10%    failed      0.00%
 807  MZ515758   94.10%    failed      0.00%
 808  MZ516011   94.10%    failed      0.00%
 809  MZ515640   94.10%    failed      0.00%
 810  MZ515940   94.10%    failed      0.00%
 811  MZ515583   94.10%    failed      0.00%
 812  MZ515860   94.10%    failed      0.00%
 813  MZ516033   94.10%    failed      0.00%
 814  MZ516043   94.10%    failed      0.00%
 815  MZ515681   94.10%    failed      0.00%
 816  MW160753   94.10%    failed      0.00%
 817  MZ516087   94.10%    failed      0.00%
 818  MZ515840   94.10%    failed      0.00%
 819  MK749884   94.10%    failed      0.00%
 820  MZ516076   94.10%    failed      0.00%
 821  MZ515980   94.10%    failed      0.00%
 822  MZ516092   94.10%    failed      0.00%
 823  MZ515891   94.10%    failed      0.00%
 824  MZ515927   94.10%    failed      0.00%
 825  MZ515819   94.10%    failed      0.00%
 826  MZ515853   94.10%    failed      0.00%
 827  MZ515922   94.10%    failed      0.00%
 828  MZ515870   94.10%    failed      0.00%
 829  MZ515593   94.10%    failed      0.00%
 830  MZ515861   94.10%    failed      0.00%
 831  MZ515600   94.10%    failed      0.00%
 832  MZ515959   94.10%    failed      0.00%
 833  MZ515573   94.10%    failed      0.00%
 834  OK649684   94.10%    failed      0.00%
 835  MZ516057   94.10%    failed      0.00%
 836  MZ515842   94.10%    failed      0.00%
 837  MN531557   94.10%    failed      0.00%
 838  LC474557   94.10%    failed      0.00%
 839  KX765886   94.10%    failed      0.00%
 840  KX765898   94.10%    failed      0.00%
 841  MW160762   94.10%    failed      0.00%
 842  MW160819   94.10%    failed      0.00%
 843  MZ516118   94.10%    failed      0.00%
 844  MZ515616   94.10%    failed      0.00%
 845  MZ515780   94.10%    failed      0.00%
 846  MZ516134   94.10%    failed      0.00%
 847  MZ515592   94.10%    failed      0.00%
 848  MZ515884   94.10%    failed      0.00%
 849  MZ516012   94.10%    failed      0.00%
 850  MZ515567   94.10%    failed      0.00%
 851  MZ515749   94.10%    failed      0.00%
 852  MZ515825   94.10%    failed      0.00%
 853  MZ515782   94.10%    failed      0.00%
 854  MN630105   94.10%    failed      0.00%
 855  MZ515682   94.10%    failed      0.00%
 856  MZ516019   94.10%    failed      0.00%
 857  MW160828   94.10%    failed      0.00%
 858  MW160830   94.10%    failed      0.00%
 859  MZ515566   94.10%    failed      0.00%
 860  MZ515852   94.10%    failed      0.00%
 861  MN306021   94.10%    failed      0.00%
 862  MW160774   94.10%    failed      0.00%
 863  MW160785   94.10%    failed      0.00%
 864  KJ672459   94.10%    failed      0.00%
 865  KJ672436   94.10%    failed      0.00%
 866  KX894796   94.10%    failed      0.00%
 867  KU950661   94.10%    failed      0.00%
 868  KX655658   94.10%    failed      0.00%
 869  KF826840   94.10%    failed      0.00%
 870  KJ627266   94.10%    failed      0.00%
 871  KJ627282   94.10%    failed      0.00%
 872  KJ627288   94.10%    failed      0.00%
 873  JF920047   94.10%    failed      0.00%
 874  JF920046   94.10%    failed      0.00%
 875  JX015483   94.10%    failed      0.00%
 876  KJ627326   94.10%    failed      0.00%
 877  KJ627346   94.10%    failed      0.00%
 878  KJ627295   94.10%    failed      0.00%
 879  KJ627252   94.10%    failed      0.00%
 880  KJ627312   94.10%    failed      0.00%
 881  KJ627320   94.10%    failed      0.00%
 882  KJ627355   94.10%    failed      0.00%
 883  KJ627283   94.10%    failed      0.00%
 884  KJ627297   94.10%    failed      0.00%
 885  KJ627250   94.10%    failed      0.00%
 886  KJ627306   94.10%    failed      0.00%
 887  KJ627318   94.10%    failed      0.00%
 888  KJ627373   94.10%    failed      0.00%
 889  KJ627291   94.10%    failed      0.00%
 890  KJ627360   94.10%    failed      0.00%
 891  KJ627315   94.10%    failed      0.00%
 892  KM578843   94.10%    failed      0.00%
 893  KJ627272   94.10%    failed      0.00%
 894  KJ627259   94.10%    failed      0.00%
 895  KJ627268   94.10%    failed      0.00%
 896  KJ627301   94.10%    failed      0.00%
 897  KJ627245   94.10%    failed      0.00%
 898  KJ627309   94.10%    failed      0.00%
 899  KJ627261   94.10%    failed      0.00%
 900  KJ627365   94.10%    failed      0.00%
 901  KJ627256   94.10%    failed      0.00%
 902  KJ627253   94.10%    failed      0.00%
 903  KJ627367   94.10%    failed      0.00%
 904  KJ627279   94.10%    failed      0.00%
 905  KJ627372   94.10%    failed      0.00%
 906  KJ627370   94.10%    failed      0.00%
 907  OK649655   94.10%    failed      0.00%
 908  KF826831   94.10%    failed      0.00%
 909  MG431254   94.10%    failed      0.00%
 910  KJ627338   94.10%    failed      0.00%
 911  KJ627369   94.10%    failed      0.00%
 912  KJ627354   94.10%    failed      0.00%
 913  KJ627281   94.10%    failed      0.00%
 914  KJ627293   94.10%    failed      0.00%
 915  KF826821   94.10%    failed      0.00%
 916  JF920048   94.10%    failed      0.00%
 917  JX015499   94.10%    failed      0.00%
 918  OK649601   94.10%    failed      0.00%
 919  OK649628   94.10%    failed      0.00%
 920  OK649634   94.10%    failed      0.00%
 921  OK649638   94.10%    failed      0.00%
 922  OK649654   94.10%    failed      0.00%
 923  OK649599   94.10%    failed      0.00%
 924  OK649609   94.10%    failed      0.00%
 925  OK649620   94.10%    failed      0.00%
 926  OK649611   94.10%    failed      0.00%
 927  OK649616   94.10%    failed      0.00%
 928  OK649622   94.10%    failed      0.00%
 929  OK649630   94.10%    failed      0.00%
 930  OK649631   94.10%    failed      0.00%
 931  KJ627287   94.10%    failed      0.00%
 932  KJ627351   94.10%    failed      0.00%
 933  KX655632   94.10%    failed      0.00%
 934  KJ627325   94.10%    failed      0.00%
 935  KJ627270   94.10%    failed      0.00%
 936  KJ627298   94.10%    failed      0.00%
 937  KJ627313   94.10%    failed      0.00%
 938  KJ627329   94.10%    failed      0.00%
 939  KJ627292   94.10%    failed      0.00%
 940  KJ627296   94.10%    failed      0.00%
 941  KJ627273   94.10%    failed      0.00%
 942  KJ627334   94.10%    failed      0.00%
 943  KJ627263   94.10%    failed      0.00%
 944  KJ627358   94.10%    failed      0.00%
 945  KJ627258   94.10%    failed      0.00%
 946  KJ627333   94.10%    failed      0.00%
 947  KJ627371   94.10%    failed      0.00%
 948  KJ627307   94.10%    failed      0.00%
 949  KJ627357   94.10%    failed      0.00%
 950  KJ627345   94.10%    failed      0.00%
 951  KJ627269   94.10%    failed      0.00%
 952  KF826855   94.10%    failed      0.00%
 953  OK649636   94.10%    failed      0.00%
 954  KX655691   94.10%    failed      0.00%
 955  KX655618   94.10%    failed      0.00%
 956  KX655697   94.10%    failed      0.00%
 957  KX655634   94.10%    failed      0.00%
 958  KX655651   94.10%    failed      0.00%
 959  KX655667   94.10%    failed      0.00%
 960  KX655619   94.10%    failed      0.00%
 961  KX655672   94.10%    failed      0.00%
 962  KX655623   94.10%    failed      0.00%
 963  MK109773   94.10%    failed      0.00%
 964  KX655696   94.10%    failed      0.00%
 965  KX655635   94.10%    failed      0.00%
 966  KF826833   94.10%    failed      0.00%
 967  KX655617   94.10%    failed      0.00%
 968  KX655622   94.10%    failed      0.00%
 969  KX655628   94.10%    failed      0.00%
 970  KX655637   94.10%    failed      0.00%
 971  KX655678   94.10%    failed      0.00%
 972  KX655650   94.10%    failed      0.00%
 973  KX655636   94.10%    failed      0.00%
 974  KX655694   94.10%    failed      0.00%
 975  KX655673   94.10%    failed      0.00%
 976  MK109774   94.10%    failed      0.00%
 977  MK109785   94.10%    failed      0.00%
 978  MK109776   94.10%    failed      0.00%
 979  MF001052   94.10%    failed      0.00%
 980  MF001054   94.10%    failed      0.00%
 981  MK109787   94.10%    failed      0.00%
 982  JX015482   94.10%    failed      0.00%
 983  OK649663   94.10%    failed      0.00%
 984  OK649667   94.10%    failed      0.00%
 985  KJ627271   94.10%    failed      0.00%
 986  KJ939941   94.10%    failed      0.00%
 987  KJ939945   94.10%    failed      0.00%
 988  KJ939951   94.10%    failed      0.00%
 989  KJ939962   94.10%    failed      0.00%
 990  KJ939964   94.10%    failed      0.00%
 991  KJ939959   94.10%    failed      0.00%
 992  KJ939957   94.10%    failed      0.00%
 993  KJ939956   94.10%    failed      0.00%
 994  KJ939960   94.10%    failed      0.00%
 995  KJ939950   94.10%    failed      0.00%
 996  KJ939944   94.10%    failed      0.00%
 997  KJ939963   94.10%    failed      0.00%
 998  KJ939949   94.10%    failed      0.00%
 999  KJ939953   94.10%    failed      0.00%
1000  KJ939946   94.10%    failed      0.00%
1001  JX015479   94.10%    failed      0.00%
1002  KJ939968   94.10%    failed      0.00%
1003  KJ939958   94.10%    failed      0.00%
1004  KJ939942   94.10%    failed      0.00%
1005  KJ939967   94.10%    failed      0.00%
1006  KJ939969   94.10%    failed      0.00%
1007  KJ939939   94.10%    failed      0.00%
1008  KJ939936   94.10%    failed      0.00%
1009  KJ939938   94.10%    failed      0.00%
1010  KJ939937   94.10%    failed      0.00%
1011  KJ939935   94.10%    failed      0.00%
1012  KJ939940   94.10%    failed      0.00%
1013  KJ627267   94.10%    failed      0.00%
1014  KJ627275   94.10%    failed      0.00%
1015  KJ939965   94.10%    failed      0.00%
1016  JX015494   94.10%    failed      0.00%
1017  KJ627350   94.10%    failed      0.00%
1018  KJ627286   94.10%    failed      0.00%
1019  KJ627294   94.10%    failed      0.00%
1020  KJ627316   94.10%    failed      0.00%
1021  KX655643   94.10%    failed      0.00%
1022  JX015496   94.10%    failed      0.00%
1023  JX015489   94.10%    failed      0.00%
1024  JX015491   94.10%    failed      0.00%
1025  JX015492   94.10%    failed      0.00%
1026  JX015484   94.10%    failed      0.00%
1027  JX015493   94.10%    failed      0.00%
1028  JX015490   94.10%    failed      0.00%
1029  OK649623   94.10%    failed      0.00%
1030  KJ939955   94.10%    failed      0.00%
1031  KX765918   94.10%    failed      0.00%
1032  KJ939970   94.10%    failed      0.00%
1033  KX765942   94.10%    failed      0.00%
1034  KX655647   94.10%    failed      0.00%
1035  KF826856   94.10%    failed      0.00%
1036  OK649641   94.10%    failed      0.00%
1037  OK649651   94.10%    failed      0.00%
1038  MG431255   94.10%    failed      0.00%
1039  OK649648   94.10%    failed      0.00%
1040  OK649645   94.10%    failed      0.00%
1041  KP317953   94.10%    failed      0.00%
1042  OK649643   94.10%    failed      0.00%
1043  OK649644   94.10%    failed      0.00%
1044  OK649650   94.10%    failed      0.00%
1045  JF920054   94.10%    failed      0.00%
1046  OK649597   94.10%    failed      0.00%
1047  OK649607   94.10%    failed      0.00%
1048  OK649619   94.10%    failed      0.00%
1049  OK649629   94.10%    failed      0.00%
1050  OK649633   94.10%    failed      0.00%
1051  OK649632   94.10%    failed      0.00%
1052  OK649602   94.10%    failed      0.00%
1053  OK649621   94.10%    failed      0.00%
1054  OK649626   94.10%    failed      0.00%
1055  OK649624   94.10%    failed      0.00%
1056  OK649603   94.10%    failed      0.00%
1057  OK649605   94.10%    failed      0.00%
1058  OK649604   94.10%    failed      0.00%
1059  OK649610   94.10%    failed      0.00%
1060  OK649613   94.10%    failed      0.00%
1061  KJ627319   94.10%    failed      0.00%
1062  KJ627344   94.10%    failed      0.00%
1063  KJ627356   94.10%    failed      0.00%
1064  KJ627343   94.10%    failed      0.00%
1065  KJ627303   94.10%    failed      0.00%
1066  KJ627308   94.10%    failed      0.00%
1067  KM517572   94.10%    failed      0.00%
1068  KY782635   94.10%    failed      0.00%
1069  KJ627362   94.10%    failed      0.00%
1070  JF920049   94.10%    failed      0.00%
1071  JF920051   94.10%    failed      0.00%
1072  KJ627274   94.10%    failed      0.00%
1073  KF826838   94.10%    failed      0.00%
1074  KJ627337   94.10%    failed      0.00%
1075  KJ627335   94.10%    failed      0.00%
1076  KJ627290   94.10%    failed      0.00%
1077  KJ627257   94.10%    failed      0.00%
1078  KX655616   94.10%    failed      0.00%
1079  KX655627   94.10%    failed      0.00%
1080  KX655676   94.10%    failed      0.00%
1081  KX655662   94.10%    failed      0.00%
1082  MK109775   94.10%    failed      0.00%
1083  KX765946   94.10%    failed      0.00%
1084  KX765958   94.10%    failed      0.00%
1085  KJ939966   94.10%    failed      0.00%
1086  KF826830   94.10%    failed      0.00%
1087  KJ939947   94.10%    failed      0.00%
1088  JX015498   94.10%    failed      0.00%
1089  JX015495   94.10%    failed      0.00%
1090  OK649652   94.10%    failed      0.00%
1091  KX655670   94.10%    failed      0.00%
1092  KX655656   94.10%    failed      0.00%
1093  KX655679   94.10%    failed      0.00%
1094  KX655657   94.10%    failed      0.00%
1095  KX655692   94.10%    failed      0.00%
1096  KX765910   94.10%    failed      0.00%
1097  MF001041   94.10%    failed      0.00%
1098  KJ939952   94.10%    failed      0.00%
1099  KJ627328   94.10%    failed      0.00%
1100  JX015481   94.10%    failed      0.00%
1101  JX015497   94.10%    failed      0.00%
1102  KJ627349   94.10%    failed      0.00%
1103  KJ627322   94.10%    failed      0.00%
1104  KJ627246   94.10%    failed      0.00%
1105  KJ627300   94.10%    failed      0.00%
1106  KJ627304   94.10%    failed      0.00%
1107  KX655615   94.10%    failed      0.00%
1108  KX655630   94.10%    failed      0.00%
1109  KF530261   94.10%    failed      0.00%
1110  OK649618   94.10%    failed      0.00%
1111  KJ939971   94.10%    failed      0.00%
1112  KJ939961   94.10%    failed      0.00%
1113  OK649615   94.10%    failed      0.00%
1114  KX655620   94.10%    failed      0.00%
1115  KX655695   94.10%    failed      0.00%
1116  KX655699   94.10%    failed      0.00%
1117  KX655638   94.10%    failed      0.00%
1118  KX655665   94.10%    failed      0.00%
1119  KX655631   94.10%    failed      0.00%
1120  MK109772   94.10%    failed      0.00%
1121  KX655659   94.10%    failed      0.00%
1122  MK109777   94.10%    failed      0.00%
1123  MK109763   94.10%    failed      0.00%
1124  KX655687   94.10%    failed      0.00%
1125  KX765928   94.10%    failed      0.00%
1126  KX655682   94.10%    failed      0.00%
1127  KX655621   94.10%    failed      0.00%
1128  KX655680   94.10%    failed      0.00%
1129  KX655689   94.10%    failed      0.00%
1130  KX655663   94.10%    failed      0.00%
1131  KX765920   94.10%    failed      0.00%
1132  KX765913   94.10%    failed      0.00%
1133  KX765937   94.10%    failed      0.00%
1134  KX765953   94.10%    failed      0.00%
1135  KX765934   94.10%    failed      0.00%
1136  KX765969   94.10%    failed      0.00%
1137  MZ516055   94.10%    failed      0.00%
1138  MZ515620   94.10%    failed      0.00%
1139  MZ515629   94.10%    failed      0.00%
1140  MZ515634   94.10%    failed      0.00%
1141  MZ515706   94.10%    failed      0.00%
1142  MZ151854   94.10%    failed      0.00%
1143  MZ151855   94.10%    failed      0.00%
1144  MW160773   94.10%    failed      0.00%
1145  MW160776   94.10%    failed      0.00%
1146  MN310477   94.35%    failed      0.00%
1147  MZ515967   94.10%    failed      0.00%
1148  KJ672480   94.10%    failed      0.00%
1149  MZ515651   94.10%    failed      0.00%
1150  MZ515696   94.10%    failed      0.00%
1151  MZ515801   94.10%    failed      0.00%
1152  MZ515701   94.10%    failed      0.00%
1153  MZ515766   94.10%    failed      0.00%
1154  MZ515898   94.10%    failed      0.00%
1155  MZ515859   94.10%    failed      0.00%
1156  MZ516088   94.10%    failed      0.00%
1157  MZ515901   94.10%    failed      0.00%
1158  MZ515877   94.10%    failed      0.00%
1159  MZ516132   94.10%    failed      0.00%
1160  MZ515709   94.10%    failed      0.00%
1161  MZ515720   94.10%    failed      0.00%
1162  MZ515821   94.10%    failed      0.00%
1163  MZ516103   94.10%    failed      0.00%
1164  MZ516080   94.10%    failed      0.00%
1165  MZ516038   94.10%    failed      0.00%
1166  MZ515580   94.10%    failed      0.00%
1167  MN306045   94.10%    failed      0.00%
1168  MN306017   94.10%    failed      0.00%
1169  MZ515666   94.10%    failed      0.00%
1170  MZ515993   94.10%    failed      0.00%
1171  MZ516023   94.10%    failed      0.00%
1172  MZ515619   94.10%    failed      0.00%
1173  MN306048   94.10%    failed      0.00%
1174  MZ515647   94.10%    failed      0.00%
1175  MZ515964   94.10%    failed      0.00%
1176  MZ516063   94.10%    failed      0.00%
1177  MZ516067   94.10%    failed      0.00%
1178  MZ515617   94.10%    failed      0.00%
1179  MZ515954   94.10%    failed      0.00%
1180  MZ515668   94.10%    failed      0.00%
1181  MZ515942   94.10%    failed      0.00%
1182  MN306029   94.10%    failed      0.00%
1183  MZ516086   94.10%    failed      0.00%
1184  MZ516017   94.10%    failed      0.00%
1185  MZ515626   94.10%    failed      0.00%
1186  MZ516100   94.10%    failed      0.00%
1187  MZ515693   94.10%    failed      0.00%
1188  MZ516096   94.10%    failed      0.00%
1189  MZ515752   94.10%    failed      0.00%
1190  MZ515882   94.10%    failed      0.00%
1191  MZ515795   94.10%    failed      0.00%
1192  MZ516110   94.10%    failed      0.00%
1193  MZ515632   94.10%    failed      0.00%
1194  MZ515828   94.10%    failed      0.00%
1195  MZ515731   94.10%    failed      0.00%
1196  MZ516027   94.10%    failed      0.00%
1197  MZ515854   94.10%    failed      0.00%
1198  MZ516112   94.10%    failed      0.00%
1199  MZ515692   94.10%    failed      0.00%
1200  MZ516111   94.10%    failed      0.00%
1201  MZ515760   94.10%    failed      0.00%
1202  MZ516039   94.10%    failed      0.00%
1203  MZ516005   94.10%    failed      0.00%
1204  MZ515679   94.10%    failed      0.00%
1205  MZ515928   94.10%    failed      0.00%
1206  MZ515723   94.10%    failed      0.00%
1207  MZ515555   94.10%    failed      0.00%
1208  MZ515910   94.10%    failed      0.00%
1209  MZ515923   94.10%    failed      0.00%
1210  MT422269   94.10%    failed      0.00%
1211  MT422270   94.10%    failed      0.00%
1212  MZ151852   94.10%    failed      0.00%
1213  MZ151853   94.10%    failed      0.00%
1214  MT422271   94.10%    failed      0.00%
1215  MT422272   94.10%    failed      0.00%
1216  MT422273   94.10%    failed      0.00%
1217  MN306031   94.10%    failed      0.00%
1218  MN251607   94.10%    failed      0.00%
1219  MF001047   94.10%    failed      0.00%
1220  OK649672   94.10%    failed      0.00%
1221  KP258704   94.10%    failed      0.00%
1222  KF826832   94.10%    failed      0.00%
1223  KX765933   94.10%    failed      0.00%
WARNING: 1223 sequences contain more than 50% gaps/ambiguity
****  TOTAL      94.10%  1223 sequences failed composition chi2 test (p-value<5%; df=3)
NOTE: KP258725 is identical to KP856967 but kept for subsequent analysis
NOTE: MG642032 is identical to KP258709 but kept for subsequent analysis
NOTE: MG642024 is identical to MG642028 but kept for subsequent analysis
NOTE: KJ723468 is identical to KU316093 but kept for subsequent analysis
NOTE: MG642079 is identical to MG642031 but kept for subsequent analysis
NOTE: KJ627678 is identical to KJ627679 but kept for subsequent analysis
NOTE: KJ627682 is identical to KJ627683 but kept for subsequent analysis
NOTE: KJ627707 is identical to KJ627703 but kept for subsequent analysis
NOTE: KJ627674 is identical to KJ627672 but kept for subsequent analysis
NOTE: KJ627727 is identical to KJ627731 but kept for subsequent analysis
NOTE: KJ627664 is identical to KJ627671 but kept for subsequent analysis
NOTE: KJ627723 is identical to KJ627725 but kept for subsequent analysis
NOTE: KJ627659 is identical to KJ627657 but kept for subsequent analysis
NOTE: KJ627685 is identical to KJ627687 but kept for subsequent analysis
NOTE: KJ627708 is identical to KJ627709 but kept for subsequent analysis
NOTE: KF826823 is identical to KF826824 but kept for subsequent analysis
NOTE: MG642061 is identical to MG642052 but kept for subsequent analysis
NOTE: MG642055 is identical to KU316176 but kept for subsequent analysis
NOTE: KP258732 is identical to KJ723490 but kept for subsequent analysis
NOTE: KU316170 is identical to KP258707 but kept for subsequent analysis
NOTE: KP258722 is identical to KP258740 but kept for subsequent analysis
NOTE: OK649676 is identical to KU316161 but kept for subsequent analysis
NOTE: KF826837 is identical to KF826836 but kept for subsequent analysis
NOTE: OK649606 is identical to OK649595 but kept for subsequent analysis
NOTE: KJ627718 is identical to KJ627716 but kept for subsequent analysis
NOTE: KJ627720 is identical to KJ627662 but kept for subsequent analysis
NOTE: KF973334 is identical to KF973331 but kept for subsequent analysis
NOTE: KF973333 is identical to KF973325 but kept for subsequent analysis
NOTE: KX894800 is identical to KJ672447 but kept for subsequent analysis
NOTE: KJ672479 is identical to KU950473 but kept for subsequent analysis
NOTE: KX894798 is identical to KJ672462 but kept for subsequent analysis
NOTE: KJ627695 is identical to KJ627696 but kept for subsequent analysis
NOTE: KJ627647 is identical to KJ627648 but kept for subsequent analysis
NOTE: KU316139 is identical to KP258697 but kept for subsequent analysis
NOTE: MG642080 is identical to KU316131 but kept for subsequent analysis
NOTE: KU316141 is identical to KP856968 but kept for subsequent analysis
NOTE: OK649664 is identical to OK649661 but kept for subsequent analysis
NOTE: OK649665 is identical to OK649662 but kept for subsequent analysis
NOTE: KJ627305 is identical to KJ627361 but kept for subsequent analysis
NOTE: OK649627 is identical to OK649598 but kept for subsequent analysis
NOTE: KJ627321 is identical to KJ627324 but kept for subsequent analysis
NOTE: MG642071 is identical to KP258733 but kept for subsequent analysis
NOTE: MG642077 is identical to KU316138 but kept for subsequent analysis
NOTE: KF826849 is identical to KF530269 but kept for subsequent analysis
NOTE: KX655675 is identical to KX655652 but kept for subsequent analysis
NOTE: MF001051 is identical to MF001049 but kept for subsequent analysis
NOTE: MF001053 is identical to MF001050 but kept for subsequent analysis
NOTE: KX765936 is identical to KX765901 but kept for subsequent analysis
NOTE: MN630107 is identical to MN630097 but kept for subsequent analysis
NOTE: KX765911 is identical to KX765894 but kept for subsequent analysis
NOTE: KJ672455 is identical to KJ672478 but kept for subsequent analysis
NOTE: KJ672484 is identical to KJ672482 but kept for subsequent analysis
NOTE: KU950541 is identical to KU950595 but kept for subsequent analysis
NOTE: MN630099 is identical to MN630089 but kept for subsequent analysis
NOTE: KY883567 is identical to KY883566 but kept for subsequent analysis
NOTE: MG813981 is identical to MG813980 but kept for subsequent analysis
NOTE: MG813979 is identical to MG813978 but kept for subsequent analysis
NOTE: MG813985 is identical to MG813984 but kept for subsequent analysis
NOTE: MH447952 is identical to MH447951 but kept for subsequent analysis
NOTE: MN630090 is identical to MN630088 but kept for subsequent analysis
NOTE: MN630098 is identical to MN630106 but kept for subsequent analysis
NOTE: KX765919 is identical to KX765904 but kept for subsequent analysis
NOTE: KX765972 is identical to KX765971 but kept for subsequent analysis
NOTE: KX765916 is identical to KX765939 but kept for subsequent analysis
NOTE: MG813990 is identical to MG813988 but kept for subsequent analysis
NOTE: KX894806 is identical to KJ672448 but kept for subsequent analysis
NOTE: KX894797 is identical to KU950655 but kept for subsequent analysis
NOTE: KU950592 is identical to KJ672441 but kept for subsequent analysis
NOTE: KJ672475 is identical to KJ672440 but kept for subsequent analysis
NOTE: KU950627 is identical to KU839637 but kept for subsequent analysis
NOTE: KU950673 is identical to KJ672433 but kept for subsequent analysis
NOTE: KU950651 is identical to KJ672472 but kept for subsequent analysis
NOTE: KX894807 is identical to KU950486 but kept for subsequent analysis
NOTE: KJ672457 is identical to KJ672437 but kept for subsequent analysis
NOTE: KU950583 is identical to KU950685 but kept for subsequent analysis
NOTE: LC530050 is identical to MG793382 but kept for subsequent analysis
NOTE: KX765915 is identical to KX765902 but kept for subsequent analysis
NOTE: KJ672444 is identical to KJ672467 but kept for subsequent analysis
NOTE: MG813977 is identical to KU950493 but kept for subsequent analysis
NOTE: KJ672454 is identical to KJ672429 but kept for subsequent analysis
NOTE: KJ672451 is identical to KJ672470 but kept for subsequent analysis
NOTE: KU950474 is identical to KJ672464 but kept for subsequent analysis
NOTE: KU950598 is identical to KU950472 but kept for subsequent analysis
NOTE: MZ515655 is identical to MZ515650 but kept for subsequent analysis
NOTE: KU950585 is identical to KU950506 but kept for subsequent analysis
NOTE: MK749886 is identical to MK749867 but kept for subsequent analysis
NOTE: MK749917 is identical to MK749893 but kept for subsequent analysis
NOTE: MZ515695 is identical to MZ515559 but kept for subsequent analysis
NOTE: MZ516044 is identical to MZ516026 but kept for subsequent analysis
NOTE: MZ515956 is identical to MZ515588 but kept for subsequent analysis
NOTE: MZ515781 is identical to MZ515633 but kept for subsequent analysis
NOTE: MZ515835 is identical to MZ515572 but kept for subsequent analysis
NOTE: MW160772 is identical to MW160761 but kept for subsequent analysis
NOTE: KU950642 is identical to KM042389 but kept for subsequent analysis
NOTE: KU950641 is identical to KU950505 but kept for subsequent analysis
NOTE: KU950590 is identical to KU950698 but kept for subsequent analysis
NOTE: KU839631 is identical to KU950683 but kept for subsequent analysis
NOTE: MZ515909 is identical to MZ515999 but kept for subsequent analysis
NOTE: MZ515850 is identical to MZ516010 but kept for subsequent analysis
NOTE: KX765948 is identical to KX765887 but kept for subsequent analysis
NOTE: MZ515866 is identical to MZ515564 but kept for subsequent analysis
NOTE: MZ515913 is identical to MZ515718 but kept for subsequent analysis
NOTE: MZ515814 is identical to MZ515800 but kept for subsequent analysis
NOTE: MZ515973 is identical to MZ515641 but kept for subsequent analysis
NOTE: MW160783 is identical to MW160768 but kept for subsequent analysis
NOTE: MW160779 is identical to MW160764 but kept for subsequent analysis
NOTE: MW160758 is identical to MW160797 but kept for subsequent analysis
NOTE: MZ515689 is identical to MN306030 but kept for subsequent analysis
NOTE: MZ515847 is identical to MZ515772 but kept for subsequent analysis
NOTE: MZ516031 is identical to MZ516071 but kept for subsequent analysis
NOTE: MZ515943 is identical to MZ515579 but kept for subsequent analysis
NOTE: MW160820 is identical to MW160809 but kept for subsequent analysis
NOTE: MZ515789 is identical to MZ516058 but kept for subsequent analysis
NOTE: MZ515811 is identical to MZ516130 but kept for subsequent analysis
NOTE: MZ515948 is identical to MZ516008 but kept for subsequent analysis
NOTE: MZ516004 is identical to MZ516002 but kept for subsequent analysis
NOTE: MZ516040 is identical to MZ515645 but kept for subsequent analysis
NOTE: MZ515784 is identical to MZ515687 but kept for subsequent analysis
NOTE: MZ515614 is identical to MZ516000 but kept for subsequent analysis
NOTE: MZ515963 is identical to MZ515576 but kept for subsequent analysis
NOTE: MZ516137 is identical to MZ515646 but kept for subsequent analysis
NOTE: MZ515998 is identical to MZ515834 but kept for subsequent analysis
NOTE: MZ515606 is identical to MZ516097 but kept for subsequent analysis
NOTE: MZ515992 is identical to MZ515652 but kept for subsequent analysis
NOTE: MZ515685 is identical to MZ516093 but kept for subsequent analysis
NOTE: MZ515680 is identical to MZ515643 but kept for subsequent analysis
NOTE: MZ515986 is identical to MZ516029 but kept for subsequent analysis
NOTE: MZ515628 is identical to MZ516024 but kept for subsequent analysis
NOTE: MZ515700 is identical to MZ515568 but kept for subsequent analysis
NOTE: MZ515734 is identical to MZ515744 but kept for subsequent analysis
NOTE: MZ516120 is identical to MZ515688 but kept for subsequent analysis
NOTE: MZ516047 is identical to MZ516066 but kept for subsequent analysis
NOTE: MZ515640 is identical to MZ516011 but kept for subsequent analysis
NOTE: MZ515840 is identical to MZ516087 but kept for subsequent analysis
NOTE: MZ515980 is identical to MZ516076 but kept for subsequent analysis
NOTE: MZ515891 is identical to MZ516092 but kept for subsequent analysis
NOTE: MZ515959 is identical to MZ515600 but kept for subsequent analysis
NOTE: KX765898 is identical to KX765886 but kept for subsequent analysis
NOTE: MZ515616 is identical to MZ516118 but kept for subsequent analysis
NOTE: MW160785 is identical to MW160774 but kept for subsequent analysis
NOTE: KJ672436 is identical to KJ672459 but kept for subsequent analysis
NOTE: KJ627282 is identical to KJ627266 but kept for subsequent analysis
NOTE: KJ627346 is identical to KJ627326 but kept for subsequent analysis
NOTE: KJ627312 is identical to KJ627252 but kept for subsequent analysis
NOTE: KJ627283 is identical to KJ627355 but kept for subsequent analysis
NOTE: KJ627318 is identical to KJ627306 but kept for subsequent analysis
NOTE: KJ627301 is identical to KJ627268 but kept for subsequent analysis
NOTE: KJ627279 is identical to KJ627367 but kept for subsequent analysis
NOTE: KJ627369 is identical to KJ627338 but kept for subsequent analysis
NOTE: OK649620 is identical to OK649609 but kept for subsequent analysis
NOTE: OK649631 is identical to OK649630 but kept for subsequent analysis
NOTE: KJ627313 is identical to KJ627298 but kept for subsequent analysis
NOTE: KX655697 is identical to KX655618 but kept for subsequent analysis
NOTE: KX655672 is identical to KX655619 but kept for subsequent analysis
NOTE: MK109773 is identical to KX655623 but kept for subsequent analysis
NOTE: KX655628 is identical to KX655622 but kept for subsequent analysis
NOTE: KJ939945 is identical to KJ939941 but kept for subsequent analysis
NOTE: KJ939964 is identical to KJ939962 but kept for subsequent analysis
NOTE: KJ939957 is identical to KJ939959 but kept for subsequent analysis
NOTE: KJ939950 is identical to KJ939960 but kept for subsequent analysis
NOTE: KJ939936 is identical to KJ939939 but kept for subsequent analysis
NOTE: KJ939937 is identical to KJ939938 but kept for subsequent analysis
NOTE: KJ627275 is identical to KJ627267 but kept for subsequent analysis
NOTE: JX015492 is identical to JX015491 but kept for subsequent analysis
NOTE: OK649651 is identical to OK649641 but kept for subsequent analysis
NOTE: OK649644 is identical to OK649643 but kept for subsequent analysis
NOTE: OK649607 is identical to OK649597 but kept for subsequent analysis
NOTE: OK649604 is identical to OK649605 but kept for subsequent analysis
NOTE: KJ627344 is identical to KJ627319 but kept for subsequent analysis
NOTE: KJ627343 is identical to KJ627356 but kept for subsequent analysis
NOTE: KJ627308 is identical to KJ627303 but kept for subsequent analysis
NOTE: KJ627290 is identical to KJ627335 but kept for subsequent analysis
NOTE: MK109775 is identical to KX655662 but kept for subsequent analysis
NOTE: KX765958 is identical to KX765946 but kept for subsequent analysis
NOTE: KF826830 is identical to KJ939966 but kept for subsequent analysis
NOTE: KX655679 is identical to KX655656 but kept for subsequent analysis
NOTE: KJ627322 is identical to KJ627349 but kept for subsequent analysis
NOTE: KJ939961 is identical to KJ939971 but kept for subsequent analysis
NOTE: KX655699 is identical to KX655695 but kept for subsequent analysis
NOTE: MK109772 is identical to KX655631 but kept for subsequent analysis
NOTE: KX655680 is identical to KX655621 but kept for subsequent analysis
NOTE: KX765953 is identical to KX765937 but kept for subsequent analysis
NOTE: MZ515620 is identical to MZ516055 but kept for subsequent analysis
NOTE: MZ151855 is identical to MZ151854 but kept for subsequent analysis
NOTE: MZ515696 is identical to MZ515651 but kept for subsequent analysis
NOTE: MZ515709 is identical to MZ516132 but kept for subsequent analysis
NOTE: MZ516038 is identical to MZ516080 but kept for subsequent analysis
NOTE: MZ515993 is identical to MZ515666 but kept for subsequent analysis
NOTE: MZ515964 is identical to MZ515647 but kept for subsequent analysis
NOTE: MZ515942 is identical to MZ515668 but kept for subsequent analysis
NOTE: MZ516017 is identical to MZ516086 but kept for subsequent analysis
NOTE: MZ515693 is identical to MZ516100 but kept for subsequent analysis
NOTE: MZ515752 is identical to MZ516096 but kept for subsequent analysis
NOTE: MZ515632 is identical to MZ516110 but kept for subsequent analysis
NOTE: MZ516111 is identical to MZ515692 but kept for subsequent analysis
NOTE: MZ515928 is identical to MZ515679 but kept for subsequent analysis
NOTE: MZ515910 is identical to MZ515555 but kept for subsequent analysis
NOTE: MZ151853 is identical to MZ151852 but kept for subsequent analysis
NOTE: MT422272 is identical to MT422271 but kept for subsequent analysis
NOTE: 275 identical sequences (see below) will be ignored for subsequent analysis
NOTE: KJ723488 (identical to KP856967) is ignored but added at the end
NOTE: MG642040 (identical to KP258709) is ignored but added at the end
NOTE: MG642058 (identical to KP258709) is ignored but added at the end
NOTE: KU316135 (identical to KP258709) is ignored but added at the end
NOTE: KJ627684 (identical to KJ627683) is ignored but added at the end
NOTE: KJ627706 (identical to KJ627703) is ignored but added at the end
NOTE: KJ627705 (identical to KJ627703) is ignored but added at the end
NOTE: KJ627704 (identical to KJ627703) is ignored but added at the end
NOTE: KJ627702 (identical to KJ627703) is ignored but added at the end
NOTE: KJ627675 (identical to KJ627672) is ignored but added at the end
NOTE: KJ627688 (identical to KJ627672) is ignored but added at the end
NOTE: KJ627728 (identical to KJ627731) is ignored but added at the end
NOTE: KJ627663 (identical to KJ627671) is ignored but added at the end
NOTE: KJ627724 (identical to KJ627725) is ignored but added at the end
NOTE: KJ627686 (identical to KJ627687) is ignored but added at the end
NOTE: MG642048 (identical to KU316176) is ignored but added at the end
NOTE: KU316104 (identical to KJ723490) is ignored but added at the end
NOTE: KJ723487 (identical to KP258740) is ignored but added at the end
NOTE: KJ627717 (identical to KJ627716) is ignored but added at the end
NOTE: KJ627729 (identical to KJ627716) is ignored but added at the end
NOTE: KJ627721 (identical to KJ627662) is ignored but added at the end
NOTE: KJ627722 (identical to KJ627662) is ignored but added at the end
NOTE: KJ627714 (identical to KJ627662) is ignored but added at the end
NOTE: KJ627715 (identical to KJ627662) is ignored but added at the end
NOTE: KJ627667 (identical to KJ627662) is ignored but added at the end
NOTE: KJ627666 (identical to KJ627662) is ignored but added at the end
NOTE: KJ627719 (identical to KJ627662) is ignored but added at the end
NOTE: KF973321 (identical to KF973325) is ignored but added at the end
NOTE: KF973322 (identical to KF973325) is ignored but added at the end
NOTE: KF973320 (identical to KF973325) is ignored but added at the end
NOTE: KF973323 (identical to KF973325) is ignored but added at the end
NOTE: KF973329 (identical to KF973325) is ignored but added at the end
NOTE: KF973330 (identical to KF973325) is ignored but added at the end
NOTE: KF973328 (identical to KF973325) is ignored but added at the end
NOTE: KF973336 (identical to KF973325) is ignored but added at the end
NOTE: KF973326 (identical to KF973325) is ignored but added at the end
NOTE: KF973319 (identical to KF973325) is ignored but added at the end
NOTE: KF973327 (identical to KF973325) is ignored but added at the end
NOTE: KF973324 (identical to KF973325) is ignored but added at the end
NOTE: KF973332 (identical to KF973325) is ignored but added at the end
NOTE: KJ627649 (identical to KF973325) is ignored but added at the end
NOTE: KU950479 (identical to KU950473) is ignored but added at the end
NOTE: KU950616 (identical to KJ672462) is ignored but added at the end
NOTE: KU950609 (identical to KJ672462) is ignored but added at the end
NOTE: MG642050 (identical to KU316131) is ignored but added at the end
NOTE: MG642033 (identical to KU316131) is ignored but added at the end
NOTE: KU316091 (identical to KP856968) is ignored but added at the end
NOTE: OK649666 (identical to OK649662) is ignored but added at the end
NOTE: KJ627314 (identical to KJ627324) is ignored but added at the end
NOTE: KJ627339 (identical to KJ627324) is ignored but added at the end
NOTE: KJ627289 (identical to KJ627324) is ignored but added at the end
NOTE: KJ627284 (identical to KJ627324) is ignored but added at the end
NOTE: KJ627366 (identical to KJ627324) is ignored but added at the end
NOTE: MG642035 (identical to KP258733) is ignored but added at the end
NOTE: KU316098 (identical to KP258733) is ignored but added at the end
NOTE: KU316125 (identical to KP258733) is ignored but added at the end
NOTE: JF920052 (identical to KF530269) is ignored but added at the end
NOTE: MF001056 (identical to MF001050) is ignored but added at the end
NOTE: KX765931 (identical to KX765894) is ignored but added at the end
NOTE: KJ672456 (identical to KJ672478) is ignored but added at the end
NOTE: KJ672460 (identical to KJ672478) is ignored but added at the end
NOTE: KJ672443 (identical to KJ672478) is ignored but added at the end
NOTE: KJ672431 (identical to KJ672478) is ignored but added at the end
NOTE: KJ672439 (identical to KJ672478) is ignored but added at the end
NOTE: KJ672450 (identical to KJ672478) is ignored but added at the end
NOTE: KJ672426 (identical to KJ672478) is ignored but added at the end
NOTE: KU950563 (identical to KJ672478) is ignored but added at the end
NOTE: KU950632 (identical to KJ672478) is ignored but added at the end
NOTE: KU950554 (identical to KJ672478) is ignored but added at the end
NOTE: KJ672446 (identical to KJ672478) is ignored but added at the end
NOTE: KJ672453 (identical to KJ672478) is ignored but added at the end
NOTE: KU950545 (identical to KJ672478) is ignored but added at the end
NOTE: KU950528 (identical to KJ672478) is ignored but added at the end
NOTE: KM042381 (identical to KJ672478) is ignored but added at the end
NOTE: KU950546 (identical to KJ672478) is ignored but added at the end
NOTE: KU950579 (identical to KJ672478) is ignored but added at the end
NOTE: KU950522 (identical to KJ672478) is ignored but added at the end
NOTE: KU950646 (identical to KJ672478) is ignored but added at the end
NOTE: KU950529 (identical to KJ672478) is ignored but added at the end
NOTE: KU950469 (identical to KJ672478) is ignored but added at the end
NOTE: KU950649 (identical to KJ672478) is ignored but added at the end
NOTE: KU950624 (identical to KJ672478) is ignored but added at the end
NOTE: KX894802 (identical to KJ672478) is ignored but added at the end
NOTE: KU950620 (identical to KJ672478) is ignored but added at the end
NOTE: KU950498 (identical to KJ672478) is ignored but added at the end
NOTE: KU950658 (identical to KJ672478) is ignored but added at the end
NOTE: KU950645 (identical to KJ672478) is ignored but added at the end
NOTE: KJ672477 (identical to KJ672482) is ignored but added at the end
NOTE: KJ672427 (identical to KJ672482) is ignored but added at the end
NOTE: KU950634 (identical to KU950595) is ignored but added at the end
NOTE: MG813983 (identical to MG813980) is ignored but added at the end
NOTE: MN630096 (identical to MN630088) is ignored but added at the end
NOTE: KX765954 (identical to KX765904) is ignored but added at the end
NOTE: KX765940 (identical to KX765971) is ignored but added at the end
NOTE: MG813991 (identical to MG813988) is ignored but added at the end
NOTE: KJ672432 (identical to KJ672448) is ignored but added at the end
NOTE: KX894805 (identical to KU950655) is ignored but added at the end
NOTE: KU950556 (identical to KU950655) is ignored but added at the end
NOTE: KU950692 (identical to KJ672441) is ignored but added at the end
NOTE: KU950521 (identical to KJ672440) is ignored but added at the end
NOTE: KU950596 (identical to KU839637) is ignored but added at the end
NOTE: KU950459 (identical to KU950685) is ignored but added at the end
NOTE: KU950560 (identical to KU950685) is ignored but added at the end
NOTE: KX765917 (identical to KX765902) is ignored but added at the end
NOTE: KJ672468 (identical to KJ672467) is ignored but added at the end
NOTE: KX894799 (identical to KJ672467) is ignored but added at the end
NOTE: KU950654 (identical to KJ672467) is ignored but added at the end
NOTE: KU950475 (identical to KJ672467) is ignored but added at the end
NOTE: KY982516 (identical to KJ672467) is ignored but added at the end
NOTE: KU950612 (identical to KJ672467) is ignored but added at the end
NOTE: KU950671 (identical to KJ672467) is ignored but added at the end
NOTE: MG813993 (identical to KU950493) is ignored but added at the end
NOTE: MG813992 (identical to KU950493) is ignored but added at the end
NOTE: KX894803 (identical to KJ672429) is ignored but added at the end
NOTE: KJ672466 (identical to KJ672470) is ignored but added at the end
NOTE: KX894804 (identical to KJ672470) is ignored but added at the end
NOTE: KJ672424 (identical to KJ672470) is ignored but added at the end
NOTE: KJ672461 (identical to KJ672470) is ignored but added at the end
NOTE: KJ672452 (identical to KJ672470) is ignored but added at the end
NOTE: KM042383 (identical to KJ672470) is ignored but added at the end
NOTE: KU950660 (identical to KJ672470) is ignored but added at the end
NOTE: KU950674 (identical to KJ672470) is ignored but added at the end
NOTE: KU950511 (identical to KJ672470) is ignored but added at the end
NOTE: KU950485 (identical to KJ672470) is ignored but added at the end
NOTE: MZ515690 (identical to MZ515650) is ignored but added at the end
NOTE: MZ515888 (identical to MZ515650) is ignored but added at the end
NOTE: KU950499 (identical to KU950506) is ignored but added at the end
NOTE: KU950520 (identical to KU950506) is ignored but added at the end
NOTE: KU950537 (identical to KU950506) is ignored but added at the end
NOTE: KU950686 (identical to KU950506) is ignored but added at the end
NOTE: MK749911 (identical to MK749893) is ignored but added at the end
NOTE: MK749890 (identical to MK749893) is ignored but added at the end
NOTE: MZ515905 (identical to MZ515559) is ignored but added at the end
NOTE: MZ515609 (identical to MZ515588) is ignored but added at the end
NOTE: MZ515902 (identical to MZ515588) is ignored but added at the end
NOTE: MZ515962 (identical to MZ515633) is ignored but added at the end
NOTE: MZ515797 (identical to MZ515633) is ignored but added at the end
NOTE: MZ515735 (identical to MZ515633) is ignored but added at the end
NOTE: MZ515804 (identical to MZ515633) is ignored but added at the end
NOTE: MZ515851 (identical to MZ515633) is ignored but added at the end
NOTE: KU950639 (identical to KU950505) is ignored but added at the end
NOTE: KU950650 (identical to KU950505) is ignored but added at the end
NOTE: KU950638 (identical to KU950505) is ignored but added at the end
NOTE: KU950566 (identical to KU950505) is ignored but added at the end
NOTE: KU950519 (identical to KU950505) is ignored but added at the end
NOTE: KU950455 (identical to KU950505) is ignored but added at the end
NOTE: KU950623 (identical to KU950505) is ignored but added at the end
NOTE: KU839630 (identical to KU950505) is ignored but added at the end
NOTE: KU839639 (identical to KU950505) is ignored but added at the end
NOTE: KU839626 (identical to KU950505) is ignored but added at the end
NOTE: KU839624 (identical to KU950505) is ignored but added at the end
NOTE: KU950491 (identical to KU950505) is ignored but added at the end
NOTE: KU950544 (identical to KU950505) is ignored but added at the end
NOTE: KU950644 (identical to KU950505) is ignored but added at the end
NOTE: KU950456 (identical to KU950698) is ignored but added at the end
NOTE: KU950549 (identical to KU950698) is ignored but added at the end
NOTE: KU950460 (identical to KU950698) is ignored but added at the end
NOTE: KX765950 (identical to KX765887) is ignored but added at the end
NOTE: KX765955 (identical to KX765887) is ignored but added at the end
NOTE: KX765956 (identical to KX765887) is ignored but added at the end
NOTE: KX765932 (identical to KX765887) is ignored but added at the end
NOTE: KX765951 (identical to KX765887) is ignored but added at the end
NOTE: KX765914 (identical to KX765887) is ignored but added at the end
NOTE: MZ515862 (identical to MZ515641) is ignored but added at the end
NOTE: MW160771 (identical to MW160768) is ignored but added at the end
NOTE: MW160778 (identical to MW160768) is ignored but added at the end
NOTE: MZ515969 (identical to MN306030) is ignored but added at the end
NOTE: MZ515768 (identical to MN306030) is ignored but added at the end
NOTE: MZ515933 (identical to MZ515772) is ignored but added at the end
NOTE: MZ516007 (identical to MZ516071) is ignored but added at the end
NOTE: MZ515984 (identical to MZ516071) is ignored but added at the end
NOTE: MZ516117 (identical to MZ516071) is ignored but added at the end
NOTE: MZ516075 (identical to MZ515579) is ignored but added at the end
NOTE: MZ515585 (identical to MZ515579) is ignored but added at the end
NOTE: MZ515873 (identical to MZ515579) is ignored but added at the end
NOTE: MZ515907 (identical to MZ515687) is ignored but added at the end
NOTE: MZ515777 (identical to MZ515576) is ignored but added at the end
NOTE: MZ516015 (identical to MZ515834) is ignored but added at the end
NOTE: MZ515864 (identical to MZ515834) is ignored but added at the end
NOTE: MZ515755 (identical to MZ515652) is ignored but added at the end
NOTE: MZ515908 (identical to MZ515652) is ignored but added at the end
NOTE: MZ515880 (identical to MZ515652) is ignored but added at the end
NOTE: MZ515951 (identical to MZ515652) is ignored but added at the end
NOTE: MZ516074 (identical to MZ516093) is ignored but added at the end
NOTE: MZ515989 (identical to MZ516093) is ignored but added at the end
NOTE: MZ515803 (identical to MZ515643) is ignored but added at the end
NOTE: MZ516068 (identical to MZ515643) is ignored but added at the end
NOTE: MZ515790 (identical to MZ516024) is ignored but added at the end
NOTE: MZ515957 (identical to MZ516024) is ignored but added at the end
NOTE: MZ515971 (identical to MZ516024) is ignored but added at the end
NOTE: MZ515931 (identical to MZ515568) is ignored but added at the end
NOTE: MZ516014 (identical to MZ515688) is ignored but added at the end
NOTE: MZ515878 (identical to MZ515688) is ignored but added at the end
NOTE: MZ515961 (identical to MZ515688) is ignored but added at the end
NOTE: MZ515737 (identical to MZ516066) is ignored but added at the end
NOTE: MZ515570 (identical to MZ516066) is ignored but added at the end
NOTE: MZ515758 (identical to MZ516066) is ignored but added at the end
NOTE: MZ515940 (identical to MZ516011) is ignored but added at the end
NOTE: MZ515583 (identical to MZ516011) is ignored but added at the end
NOTE: MZ515860 (identical to MZ516011) is ignored but added at the end
NOTE: MZ516033 (identical to MZ516011) is ignored but added at the end
NOTE: MZ515927 (identical to MZ516092) is ignored but added at the end
NOTE: MZ515819 (identical to MZ516092) is ignored but added at the end
NOTE: MZ515853 (identical to MZ516092) is ignored but added at the end
NOTE: MZ515922 (identical to MZ516092) is ignored but added at the end
NOTE: MZ515870 (identical to MZ516092) is ignored but added at the end
NOTE: MZ515593 (identical to MZ516092) is ignored but added at the end
NOTE: MZ515861 (identical to MZ516092) is ignored but added at the end
NOTE: KX894796 (identical to KJ672459) is ignored but added at the end
NOTE: KJ627295 (identical to KJ627326) is ignored but added at the end
NOTE: KJ627320 (identical to KJ627252) is ignored but added at the end
NOTE: KJ627373 (identical to KJ627306) is ignored but added at the end
NOTE: KJ627291 (identical to KJ627306) is ignored but added at the end
NOTE: KJ627245 (identical to KJ627268) is ignored but added at the end
NOTE: KJ627309 (identical to KJ627268) is ignored but added at the end
NOTE: KJ627261 (identical to KJ627268) is ignored but added at the end
NOTE: KJ627365 (identical to KJ627268) is ignored but added at the end
NOTE: KJ627256 (identical to KJ627268) is ignored but added at the end
NOTE: KJ627253 (identical to KJ627268) is ignored but added at the end
NOTE: KJ627354 (identical to KJ627338) is ignored but added at the end
NOTE: KJ627281 (identical to KJ627338) is ignored but added at the end
NOTE: KJ627329 (identical to KJ627298) is ignored but added at the end
NOTE: KJ627292 (identical to KJ627298) is ignored but added at the end
NOTE: KJ627296 (identical to KJ627298) is ignored but added at the end
NOTE: KJ627273 (identical to KJ627298) is ignored but added at the end
NOTE: KJ627334 (identical to KJ627298) is ignored but added at the end
NOTE: KJ627263 (identical to KJ627298) is ignored but added at the end
NOTE: KJ627358 (identical to KJ627298) is ignored but added at the end
NOTE: KJ627258 (identical to KJ627298) is ignored but added at the end
NOTE: KJ627333 (identical to KJ627298) is ignored but added at the end
NOTE: KX655634 (identical to KX655618) is ignored but added at the end
NOTE: KX655637 (identical to KX655622) is ignored but added at the end
NOTE: KX655678 (identical to KX655622) is ignored but added at the end
NOTE: KX655650 (identical to KX655622) is ignored but added at the end
NOTE: KX655636 (identical to KX655622) is ignored but added at the end
NOTE: KX655694 (identical to KX655622) is ignored but added at the end
NOTE: KJ939956 (identical to KJ939959) is ignored but added at the end
NOTE: KJ939944 (identical to KJ939960) is ignored but added at the end
NOTE: KJ939963 (identical to KJ939960) is ignored but added at the end
NOTE: KJ939935 (identical to KJ939938) is ignored but added at the end
NOTE: KJ939940 (identical to KJ939938) is ignored but added at the end
NOTE: JX015484 (identical to JX015491) is ignored but added at the end
NOTE: OK649650 (identical to OK649643) is ignored but added at the end
NOTE: OK649619 (identical to OK649597) is ignored but added at the end
NOTE: OK649629 (identical to OK649597) is ignored but added at the end
NOTE: OK649633 (identical to OK649597) is ignored but added at the end
NOTE: OK649610 (identical to OK649605) is ignored but added at the end
NOTE: KX655659 (identical to KX655631) is ignored but added at the end
NOTE: MK109777 (identical to KX655631) is ignored but added at the end
NOTE: MK109763 (identical to KX655631) is ignored but added at the end
NOTE: KX655689 (identical to KX655621) is ignored but added at the end
NOTE: KX655663 (identical to KX655621) is ignored but added at the end
NOTE: KX765934 (identical to KX765937) is ignored but added at the end
NOTE: KX765969 (identical to KX765937) is ignored but added at the end
NOTE: MZ515801 (identical to MZ515651) is ignored but added at the end
NOTE: MZ515701 (identical to MZ515651) is ignored but added at the end
NOTE: MZ515766 (identical to MZ515651) is ignored but added at the end
NOTE: MZ515898 (identical to MZ515651) is ignored but added at the end
NOTE: MZ515859 (identical to MZ515651) is ignored but added at the end
NOTE: MZ516088 (identical to MZ515651) is ignored but added at the end
NOTE: MZ515720 (identical to MZ516132) is ignored but added at the end
NOTE: MZ515821 (identical to MZ516132) is ignored but added at the end
NOTE: MZ516103 (identical to MZ516132) is ignored but added at the end
NOTE: MZ515580 (identical to MZ516080) is ignored but added at the end
NOTE: MZ516063 (identical to MZ515647) is ignored but added at the end
NOTE: MZ516067 (identical to MZ515647) is ignored but added at the end
NOTE: MZ515617 (identical to MZ515647) is ignored but added at the end
NOTE: MZ515954 (identical to MZ515647) is ignored but added at the end
NOTE: MZ515626 (identical to MZ516086) is ignored but added at the end
NOTE: MZ515882 (identical to MZ516096) is ignored but added at the end
NOTE: MZ515795 (identical to MZ516096) is ignored but added at the end
NOTE: MZ515828 (identical to MZ516110) is ignored but added at the end
NOTE: MZ515760 (identical to MZ515692) is ignored but added at the end
NOTE: MZ515923 (identical to MZ515555) is ignored but added at the end
NOTE: MT422273 (identical to MT422271) is ignored but added at the end
Alignment was printed to results/aligned_A_G-delim.fasta.uniqueseq.phy

For your convenience alignment with unique sequences printed to results/aligned_A_G-delim.fasta.uniqueseq.phy

Create initial parsimony tree by phylogenetic likelihood library (PLL)... 0.603 seconds

NOTE: 21 MB RAM (0 GB) is required!
Estimate model parameters (epsilon = 0.500)
1. Initial log-likelihood: -27393.273
2. Current log-likelihood: -20300.716
3. Current log-likelihood: -20299.435
Optimal log-likelihood: -20299.104
Rate parameters:  A-C: 1.69076  A-G: 8.37120  A-T: 1.61324  C-G: 0.03667  C-T: 17.22119  G-T: 1.00000
Base frequencies:  A: 0.311  C: 0.275  G: 0.195  T: 0.219
Parameters optimization took 3 rounds (12.911 sec)
Computing ML distances based on estimated model parameters...
Computing ML distances took 7.714819 sec (of wall-clock time) 7.193055 sec(of CPU time)
Computing RapidNJ tree took 0.110767 sec (of wall-clock time) 0.172861 sec (of CPU time)
Log-likelihood of RapidNJ tree: -20473.639
--------------------------------------------------------------------
|             INITIALIZING CANDIDATE TREE SET                      |
--------------------------------------------------------------------

Do NNI search on 2 best initial trees
Estimate model parameters (epsilon = 0.500)
BETTER TREE FOUND at iteration 1: -20274.796
Finish initializing candidate tree set (4)
Current best tree score: -20274.796 / CPU time: 6.804
Number of iterations: 2
TREE SEARCH COMPLETED AFTER 2 ITERATIONS / Time: 0h:0m:31s

--------------------------------------------------------------------
|                    FINALIZING TREE SEARCH                        |
--------------------------------------------------------------------
Performs final model parameters optimization
Estimate model parameters (epsilon = 0.050)
1. Initial log-likelihood: -20274.796
Optimal log-likelihood: -20274.796
Rate parameters:  A-C: 1.67040  A-G: 8.37081  A-T: 1.62216  C-G: 0.03601  C-T: 17.22266  G-T: 1.00000
Base frequencies:  A: 0.311  C: 0.275  G: 0.195  T: 0.219
Parameters optimization took 1 rounds (0.875 sec)
BEST SCORE FOUND : -20274.796
Total tree length: 3.234

Total number of iterations: 2
CPU time used for tree search: 6.336 sec (0h:0m:6s)
Wall-clock time used for tree search: 6.843 sec (0h:0m:6s)
Total CPU time used: 29.904 sec (0h:0m:29s)
Total wall-clock time used: 32.482 sec (0h:0m:32s)

Analysis results written to: 
  IQ-TREE report:                results/aligned_A_G-delim.fasta.iqtree
  Maximum-likelihood tree:       results/aligned_A_G-delim.fasta.treefile
  Likelihood distances:          results/aligned_A_G-delim.fasta.mldist
  Screen log file:               results/aligned_A_G-delim.fasta.log

Date and Time: Wed Mar  9 12:21:44 2022
