IQ-TREE multicore version 2.2.0-beta COVID-edition for Mac OS X 64-bit built Mar  3 2022 built Mar  3 2022
Developed by Bui Quang Minh, James Barbetti, Nguyen Lam Tung,
Olga Chernomor, Heiko Schmidt, Dominik Schrempf, Michael Woodhams, Ly Trong Nhan.

Host:    MacBook-Pro.local (SSE4.2, 8 GB RAM)
Command: iqtree2 -nt 1 -s results/aligned-delim.fasta -m GTR -ninit 2 -n 2 -me 0.05
Seed:    823771 (Using SPRNG - Scalable Parallel Random Number Generator)
Time:    Thu Mar 31 14:21:59 2022
Kernel:  SSE2 - 1 threads (8 CPU cores detected)

HINT: Use -nt option to specify number of threads because your CPU has 8 cores!
HINT: -nt AUTO will automatically determine the best number of threads to use.

Reading alignment file results/aligned-delim.fasta ... Fasta format detected
Reading fasta file: done in 0.401174 secs using 95.92% CPU
Alignment most likely contains DNA/RNA sequences
Constructing alignment: done in 0.150543 secs using 88.06% CPU
Alignment has 1623 sequences with 15191 columns, 8154 distinct patterns
6648 parsimony-informative, 1324 singleton sites, 7219 constant sites
          Gap/Ambiguity  Composition  p-value
Analyzing sequences: done in 0.0532839 secs using 93.85% CPU
   1  JX069803    0.15%    passed     98.06%
   2  JX069802    0.15%    passed     98.44%
   3  KF826824    0.49%    passed     96.49%
   4  KF826823    0.13%    passed     96.22%
   5  KF530268    0.60%    passed     99.38%
   6  KF826836    0.34%    passed     98.59%
   7  KF826837    0.14%    passed     99.25%
   8  KF826841    0.14%    passed     98.40%
   9  KF826846    0.49%    passed     99.77%
  10  KU950561    0.41%    passed     98.48%
  11  KF826826    0.13%    passed     95.71%
  12  KF826828    0.16%    passed     95.31%
  13  JQ901448    0.02%    passed     96.76%
  14  JQ901449    0.03%    passed     95.43%
  15  JQ901456    0.03%    passed     89.46%
  16  JQ901450    0.02%    passed     94.05%
  17  KF826827    0.07%    passed     98.14%
  18  JX015487    0.03%    passed     95.85%
  19  JQ901455    0.02%    passed     98.77%
  20  JQ901454    0.03%    passed     91.01%
  21  JQ901451    0.03%    passed     95.24%
  22  KF530260    1.55%    passed     97.82%
  23  KF826854    0.15%    passed     92.34%
  24  JX015485    0.03%    passed     98.22%
  25  JX015488    0.03%    passed     97.85%
  26  KF826832    0.30%    passed     94.45%
  27  KJ672447    0.70%    passed     95.21%
  28  KX894800    0.70%    passed     95.21%
  29  KU950473    0.70%    passed     95.00%
  30  KJ672479    0.71%    passed     95.33%
  31  KJ672474    0.71%    passed     94.91%
  32  KU950501    0.70%    passed     94.73%
  33  KU950564    0.31%    passed     94.20%
  34  KU950479    0.31%    passed     95.11%
  35  KU950487    0.32%    passed     94.62%
  36  KJ672462    0.72%    passed     95.55%
  37  KX894798    0.72%    passed     95.55%
  38  KU950616    0.72%    passed     96.03%
  39  KJ672483    0.72%    passed     94.89%
  40  KU950609    0.33%    passed     95.90%
  41  KX765891    0.72%    passed     92.93%
  42  KJ939954    0.14%    passed     97.15%
  43  KJ939948    0.01%    passed     98.80%
  44  KJ939943    0.01%    passed     97.35%
  45  KX765933    0.33%    passed     94.17%
  46  JX069801    0.15%    passed     99.17%
  47  JF920065    0.45%    passed     98.44%
  48  JX069800    0.16%    passed     98.91%
  49  JF920062    0.59%    passed     99.55%
  50  JQ901447    0.07%    passed     98.32%
  51  JX069799    0.20%    passed     99.35%
  52  JF920057    0.51%    passed     98.88%
  53  JQ901458    0.09%    passed     97.20%
  54  JQ901457    0.07%    passed     97.68%
  55  JX015486    0.07%    passed     95.08%
  56  KJ627324    0.73%    passed     98.68%
  57  KJ627321    0.73%    passed     98.33%
  58  KJ627314    0.73%    passed     98.65%
  59  KJ627339    0.74%    passed     98.75%
  60  KJ627289    0.74%    passed     98.75%
  61  KJ627284    0.74%    passed     98.39%
  62  KJ627366    1.82%    passed     99.02%
  63  KJ627276    0.77%    passed     97.00%
  64  KJ627248    0.78%    passed     96.74%
  65  KJ627327    0.77%    passed     96.95%
  66  KJ627353    0.77%    passed     99.40%
  67  KJ627260    0.76%    passed     99.67%
  68  KJ627336    0.76%    passed     99.64%
  69  KJ627311    0.78%    passed     99.24%
  70  KJ627255    0.80%    passed     98.33%
  71  JQ901453    0.03%    passed     97.71%
  72  JQ901452    0.03%    passed     98.54%
  73  JX015480    0.03%    passed     98.57%
  74  KJ627361    0.72%    passed     99.96%
  75  KJ627352    0.72%    passed     99.97%
  76  KJ627305    0.74%    passed     99.95%
  77  KP663728    0.28%    passed     97.61%
  78  KF530269    1.09%    passed     97.91%
  79  KF826849    0.22%    passed     95.76%
  80  JF920052    0.63%    passed     95.44%
  81  JF920053    0.81%    passed     97.11%
  82  KC978856    0.49%    passed     90.76%
  83  KX655652    0.76%    passed     97.05%
  84  KX655675    0.41%    passed     95.75%
  85  KX655666    1.23%    passed     99.10%
  86  KX655677    1.84%    passed     98.24%
  87  MN630092    4.06%    passed     84.55%
  88  MN630097    1.23%    passed     98.38%
  89  MN630107    4.51%    passed     84.30%
  90  KX765894    0.41%    passed     87.35%
  91  KX765911    0.41%    passed     89.35%
  92  KX765931    0.41%    passed     88.77%
  93  KX765938    0.41%    passed     87.51%
  94  KX765960    0.41%    passed     92.15%
  95  KJ627374    0.75%    passed     97.32%
  96  KX655639    0.75%    passed     95.84%
  97  KX765896    0.76%    passed     96.31%
  98  KX765901    1.60%    passed     99.14%
  99  KX765936    0.42%    passed     94.31%
 100  KX765967    0.41%    passed     91.10%
 101  KJ672478    0.76%    passed     98.29%
 102  KJ672455    0.76%    passed     98.38%
 103  KJ672456    0.76%    passed     98.72%
 104  KJ672460    0.76%    passed     98.72%
 105  KJ672443    0.76%    passed     98.85%
 106  KJ672431    0.76%    passed     98.95%
 107  KJ672439    0.76%    passed     97.96%
 108  KJ672450    0.76%    passed     98.92%
 109  KJ672463    0.76%    passed     98.88%
 110  KJ672426    0.76%    passed     98.45%
 111  KJ672434    0.76%    passed     98.72%
 112  KU950563    0.76%    passed     99.37%
 113  KU950632    0.76%    passed     98.63%
 114  KU950554    0.76%    passed     98.85%
 115  KJ672446    0.76%    passed     98.72%
 116  KJ672453    0.76%    passed     98.88%
 117  KJ672435    0.76%    passed     98.80%
 118  KJ672482    0.76%    passed     98.50%
 119  KJ672484    0.76%    passed     98.68%
 120  KJ672477    0.76%    passed     97.91%
 121  KJ672427    0.76%    passed     98.04%
 122  KU950545    0.45%    passed     98.02%
 123  KU950528    0.45%    passed     98.52%
 124  KM042381    0.90%    passed     98.87%
 125  KJ672442    0.76%    passed     98.80%
 126  KM042384    0.76%    passed     98.85%
 127  KM042385    0.76%    passed     98.63%
 128  KU950546    0.36%    passed     98.43%
 129  KU950579    0.36%    passed     97.93%
 130  KU950522    0.36%    passed     98.19%
 131  KU950646    0.36%    passed     97.93%
 132  KU950595    0.36%    passed     97.64%
 133  KU950529    0.36%    passed     97.34%
 134  KU950469    0.36%    passed     98.32%
 135  KU950649    0.36%    passed     98.30%
 136  KU950536    0.38%    passed     98.19%
 137  KU950541    0.43%    passed     97.25%
 138  KU950624    0.36%    passed     98.51%
 139  KX894802    0.41%    passed     98.35%
 140  KU950620    0.45%    passed     97.74%
 141  KU950538    0.39%    passed     98.45%
 142  KU950507    0.36%    passed     98.69%
 143  KU950498    0.37%    passed     97.84%
 144  KU950658    0.88%    passed     99.15%
 145  KU950645    0.76%    passed     99.48%
 146  KU950634    1.07%    passed     99.31%
 147  KU950667    0.43%    passed     99.31%
 148  KJ672459    0.75%    passed     96.08%
 149  KJ672436    0.75%    passed     95.66%
 150  KX894796    0.75%    passed     95.66%
 151  KU950661    0.36%    passed     95.38%
 152  KX765920    0.76%    passed     97.69%
 153  KX765913    0.75%    passed     96.86%
 154  KX765937    0.82%    passed     98.02%
 155  KX765953    0.75%    passed     97.96%
 156  KX765934    0.75%    passed     96.56%
 157  KX765969    0.76%    passed     97.48%
 158  KU950652    0.43%    passed     97.06%
 159  KX655658    0.80%    passed     98.49%
 160  JX627336    0.08%    passed     99.77%
 161  MG813980    1.38%    passed     99.85%
 162  MG813981    1.38%    passed     99.85%
 163  MG813982    1.68%    passed     99.05%
 164  MG813983    1.38%    passed     99.89%
 165  MG813984    1.37%    passed     99.77%
 166  MG813985    1.37%    passed     99.77%
 167  KJ672472    0.76%    passed     97.25%
 168  KU950651    0.36%    passed     96.76%
 169  KJ627264    0.76%    passed     96.56%
 170  KU950502    0.45%    passed     96.31%
 171  KJ672458    0.76%    passed     97.06%
 172  KU950655    0.36%    passed     95.56%
 173  KX894797    0.76%    passed     96.86%
 174  KX894805    0.76%    passed     96.31%
 175  KU950556    0.80%    passed     97.92%
 176  KJ672465    0.76%    passed     95.94%
 177  KM042392    0.76%    passed     97.48%
 178  KU950677    0.36%    passed     99.26%
 179  KU950486    0.38%    passed     97.37%
 180  KX894807    0.76%    passed     97.76%
 181  KJ672449    0.76%    passed     97.62%
 182  KU950557    0.41%    passed     97.45%
 183  KU950570    0.36%    passed     96.77%
 184  KU950664    0.39%    passed     96.60%
 185  KU950550    0.38%    passed     98.26%
 186  KU950531    0.45%    passed     98.25%
 187  KJ672448    0.76%    passed     99.09%
 188  KX894806    0.76%    passed     99.09%
 189  KJ672432    0.76%    passed     99.46%
 190  MF614946    0.38%    passed     95.55%
 191  KX655626    1.83%    passed     99.55%
 192  MH447951    0.45%    passed     98.90%
 193  MG813988    1.40%    passed     98.81%
 194  MG813990    1.37%    passed     99.34%
 195  MG813991    1.37%    passed     99.34%
 196  MH447952    1.17%    passed     99.27%
 197  MG813978    1.38%    passed     97.84%
 198  MG813979    1.38%    passed     97.84%
 199  KU950540    0.41%    passed     98.91%
 200  KU950523    0.41%    passed     98.73%
 201  KU950685    0.39%    passed     98.90%
 202  KU950583    0.45%    passed     98.92%
 203  KU950459    1.11%    passed     99.64%
 204  KU950560    1.28%    passed     99.31%
 205  MN630100    0.35%    passed     99.71%
 206  KM042386    0.76%    passed     98.04%
 207  KJ672470    0.76%    passed     98.20%
 208  KJ672451    0.76%    passed     98.20%
 209  KJ672466    0.76%    passed     98.20%
 210  KX894804    0.76%    passed     98.20%
 211  KJ672424    0.76%    passed     97.97%
 212  KJ672461    0.76%    passed     97.97%
 213  KJ672452    0.76%    passed     98.17%
 214  KM042383    0.76%    passed     97.92%
 215  KJ672464    0.76%    passed     98.50%
 216  KU950660    0.37%    passed     97.45%
 217  KU950674    0.37%    passed     97.45%
 218  KU950511    0.35%    passed     97.46%
 219  KU950680    0.41%    passed     97.03%
 220  KU950485    0.38%    passed     97.10%
 221  KU950572    0.40%    passed     97.84%
 222  KU950509    0.35%    passed     97.42%
 223  KU950474    0.36%    passed     97.30%
 224  KU950480    0.38%    passed     98.47%
 225  KJ672480    0.89%    passed     98.43%
 226  KJ672441    0.76%    passed     96.69%
 227  KU950592    0.87%    passed     97.84%
 228  KU950692    0.39%    passed     95.01%
 229  KJ672440    0.76%    passed     98.47%
 230  KU950567    0.36%    passed     97.09%
 231  KJ672469    0.76%    passed     96.74%
 232  KM042388    0.76%    passed     96.47%
 233  KJ672475    0.76%    passed     98.02%
 234  KM042390    0.76%    passed     97.54%
 235  MH447953    0.53%    passed     98.17%
 236  MH447954    0.47%    passed     98.62%
 237  KU950524    0.36%    passed     97.73%
 238  KU950492    0.36%    passed     97.92%
 239  KU839637    0.76%    passed     97.92%
 240  KU950627    0.39%    passed     97.15%
 241  KU950596    0.39%    passed     96.75%
 242  KU950513    1.51%    passed     98.41%
 243  KJ672467    0.76%    passed     98.63%
 244  KJ672444    0.76%    passed     99.20%
 245  KJ672468    0.76%    passed     98.72%
 246  KX894799    0.76%    passed     98.92%
 247  KU950654    0.36%    passed     98.38%
 248  KU950475    0.36%    passed     98.75%
 249  KU950493    0.45%    passed     98.31%
 250  KY982516    0.45%    passed     98.60%
 251  KU950653    0.44%    passed     98.13%
 252  KU950612    0.41%    passed     97.93%
 253  KU950671    0.49%    passed     98.87%
 254  MG813977    1.39%    passed     99.40%
 255  MG813993    1.37%    passed     99.35%
 256  MG813992    1.40%    passed     99.29%
 257  KU950694    0.43%    passed     97.75%
 258  KJ672429    0.76%    passed     98.81%
 259  KJ672454    0.76%    passed     98.81%
 260  KX894803    0.42%    passed     98.19%
 261  KU950617    0.47%    passed     98.37%
 262  KU950696    0.36%    passed     98.58%
 263  KU950626    1.55%    passed     99.28%
 264  KU950483    0.45%    passed     98.13%
 265  KJ672428    0.76%    passed     97.08%
 266  KM042389    1.05%    passed     98.39%
 267  KU950642    0.45%    passed     95.82%
 268  KY982517    0.43%    passed     98.50%
 269  KJ672433    0.76%    passed     96.59%
 270  KU950673    0.50%    passed     96.10%
 271  KU950521    0.48%    passed     99.15%
 272  KU950615    0.42%    passed     98.74%
 273  KU950631    0.36%    passed     98.92%
 274  KX655644    0.45%    passed     99.53%
 275  KX765977    0.41%    passed     98.82%
 276  KX655640    0.83%    passed     99.28%
 277  LC474556    0.39%    passed     99.31%
 278  KU950505    0.36%    passed     95.97%
 279  KU950683    0.36%    passed     96.77%
 280  KU950698    0.36%    passed     96.39%
 281  KU950590    0.36%    passed     96.77%
 282  KU950641    0.50%    passed     96.27%
 283  KU950639    0.36%    passed     95.91%
 284  KU950650    0.36%    passed     96.16%
 285  KU950638    0.36%    passed     94.21%
 286  KU950456    0.37%    passed     96.49%
 287  KU950566    0.36%    passed     94.38%
 288  KU950464    0.36%    passed     96.38%
 289  KU950519    0.38%    passed     96.53%
 290  KU950468    0.39%    passed     96.09%
 291  KU950549    0.38%    passed     95.71%
 292  KU950455    0.45%    passed     96.54%
 293  KU950623    0.36%    passed     95.68%
 294  KU839631    0.76%    passed     97.54%
 295  KU839630    0.76%    passed     97.44%
 296  KU839639    0.76%    passed     96.99%
 297  KU839626    0.76%    passed     96.76%
 298  KU839624    0.76%    passed     97.07%
 299  KU950491    1.81%    passed     99.77%
 300  KU950544    0.36%    passed     95.28%
 301  KU950518    0.37%    passed     95.59%
 302  KU950460    1.07%    passed     98.75%
 303  KU950644    1.30%    passed     99.50%
 304  KU950527    1.03%    passed     98.52%
 305  KX765926    0.41%    passed     97.77%
 306  KX765904    0.42%    passed     96.76%
 307  KX765919    0.42%    passed     96.76%
 308  KX765974    0.42%    passed     96.16%
 309  KX765971    0.42%    passed     97.29%
 310  KX765972    0.42%    passed     96.76%
 311  KX765940    0.42%    passed     95.87%
 312  KX765939    0.42%    passed     96.76%
 313  KX765954    0.76%    passed     97.15%
 314  KX765916    0.41%    passed     96.32%
 315  KX765944    0.41%    passed     96.39%
 316  KX765925    0.41%    passed     95.82%
 317  MF614947    0.35%    passed     96.86%
 318  KU950506    0.57%    passed     99.38%
 319  KU950585    0.46%    passed     98.93%
 320  KU950499    1.57%    passed     98.89%
 321  KU950520    0.74%    passed     99.40%
 322  KU950537    0.38%    passed     98.97%
 323  KU950686    0.38%    passed     98.97%
 324  KU950643    0.39%    passed     98.03%
 325  MW160759    0.50%    passed     98.86%
 326  KM042391    0.88%    passed     96.61%
 327  KJ672437    0.77%    passed     95.69%
 328  KU950670    0.69%    passed     94.16%
 329  KJ672457    0.76%    passed     95.91%
 330  KU950594    0.94%    passed     93.98%
 331  KU950636    0.38%    passed     97.27%
 332  KU950628    0.44%    passed     96.54%
 333  KU950581    0.37%    passed     97.02%
 334  LC474558    0.39%    passed     96.53%
 335  KX765902    0.43%    passed     98.69%
 336  KX765915    0.41%    passed     98.34%
 337  KX765917    0.41%    passed     98.48%
 338  MW160822    0.48%    passed     98.33%
 339  KU950472    1.14%    passed     97.96%
 340  KU950470    0.45%    passed     96.45%
 341  KU950608    1.53%    passed     98.50%
 342  KU950598    0.43%    passed     96.73%
 343  KX765941    0.41%    passed     99.45%
 344  MW582528    0.07%    passed     98.64%
 345  MW160768    0.47%    passed     96.50%
 346  MW160783    0.47%    passed     96.50%
 347  MW160771    0.57%    passed     97.33%
 348  MW160778    1.53%    passed     98.78%
 349  MN630102    1.72%    passed     97.85%
 350  MW160749    0.47%    passed     98.89%
 351  MW160795    0.46%    passed     96.77%
 352  MW160801    0.46%    passed     98.13%
 353  MW160803    0.46%    passed     98.85%
 354  MW160825    0.46%    passed     99.57%
 355  MZ516129    0.11%    passed     97.67%
 356  MN630101    2.88%    passed     92.47%
 357  MK749867    1.27%    passed     99.63%
 358  MK749886    1.27%    passed     99.54%
 359  MK749893    1.27%    passed     99.72%
 360  MK749917    1.27%    passed     99.71%
 361  MK749911    1.29%    passed     99.66%
 362  MK749890    1.28%    passed     99.79%
 363  MW160787    0.47%    passed     97.73%
 364  MW160807    0.47%    passed     98.99%
 365  MZ515559    0.09%    passed     98.29%
 366  MZ515695    0.11%    passed     98.08%
 367  MZ515905    0.09%    passed     96.18%
 368  MW160773    0.46%    passed     97.49%
 369  MH447958    0.51%    passed     99.81%
 370  MZ516108    0.11%    passed     98.80%
 371  MZ515939    0.12%    passed     99.09%
 372  MH383066    0.39%    passed     97.99%
 373  MG793382    0.37%    passed     99.15%
 374  LC530050    0.37%    passed     99.15%
 375  KJ672471    0.76%    passed     98.00%
 376  KU950610    0.38%    passed     97.74%
 377  MN630088    0.66%    passed     97.93%
 378  MN630090    0.74%    passed     99.08%
 379  MN630096    0.97%    passed     98.89%
 380  MN630104    0.32%    passed     97.25%
 381  MN630106    0.84%    passed     98.54%
 382  MN630098    1.31%    passed     98.82%
 383  KT285064    0.16%    passed     98.96%
 384  KX765970    0.41%    passed     95.45%
 385  MG839543    0.48%    passed     98.49%
 386  KU950666    1.49%    passed     98.73%
 387  MN630089    0.57%    passed     97.69%
 388  MN630099    0.70%    passed     98.00%
 389  MN630093    0.74%    passed     99.27%
 390  MZ516077    0.09%    passed     95.35%
 391  MK749912    1.28%    passed     99.84%
 392  MK749913    1.21%    passed     99.86%
 393  MZ515651    0.08%    passed     99.24%
 394  MZ515696    0.08%    passed     99.28%
 395  MZ515801    0.08%    passed     99.27%
 396  MZ515701    0.10%    passed     99.34%
 397  MZ515766    0.10%    passed     99.20%
 398  MZ515898    0.10%    passed     99.45%
 399  MZ515859    0.10%    passed     99.59%
 400  MZ516088    0.10%    passed     99.34%
 401  MZ515877    0.08%    passed     99.25%
 402  MZ516080    0.08%    passed     98.93%
 403  MZ516132    0.10%    passed     99.03%
 404  MZ515709    0.10%    passed     98.82%
 405  MZ515720    0.10%    passed     98.82%
 406  MZ515821    0.14%    passed     99.01%
 407  MZ516038    0.08%    passed     99.11%
 408  MZ515580    0.10%    passed     99.03%
 409  MZ516103    0.15%    passed     98.89%
 410  MZ515901    0.07%    passed     98.87%
 411  KX765887    0.41%    passed     99.48%
 412  KX765948    0.41%    passed     99.48%
 413  KX765950    0.41%    passed     99.54%
 414  KX765955    0.41%    passed     99.43%
 415  KX765956    0.41%    passed     99.58%
 416  KX765932    0.41%    passed     99.48%
 417  KX765951    0.41%    passed     99.30%
 418  KX765914    0.42%    passed     99.16%
 419  MW020596    0.52%    passed     98.91%
 420  MW020597    0.53%    passed     98.50%
 421  MW020598    0.53%    passed     99.33%
 422  MW020599    0.51%    passed     99.62%
 423  MZ515718    0.09%    passed     95.35%
 424  MZ515913    0.09%    passed     95.35%
 425  MZ515800    0.07%    passed     97.98%
 426  MZ515814    0.09%    passed     97.78%
 427  MZ515802    0.10%    passed     97.74%
 428  MH447960    0.44%    passed     97.37%
 429  MZ515641    0.09%    passed     99.40%
 430  MZ515973    0.09%    passed     99.26%
 431  MZ515862    0.12%    passed     99.33%
 432  MH447957    0.51%    passed     99.21%
 433  MH290724    0.42%    passed     99.49%
 434  MZ515564    0.46%    passed     99.30%
 435  MZ515866    0.12%    passed     98.72%
 436  LC474557    0.39%    passed     94.02%
 437  MK749895    1.28%    passed     97.24%
 438  MK749909    1.27%    passed     97.71%
 439  MH447955    0.41%    passed     98.46%
 440  MH447956    0.43%    passed     98.51%
 441  KU950629    0.43%    passed     94.16%
 442  MW160753    0.47%    passed     92.41%
 443  MW160754    0.51%    passed     98.10%
 444  MW160797    0.47%    passed     98.68%
 445  MW160799    0.47%    passed     98.05%
 446  MW160758    0.47%    passed     98.35%
 447  MW160746    0.46%    passed     97.10%
 448  MW160747    0.46%    passed     97.33%
 449  MW160766    0.46%    passed     97.85%
 450  MW160756    0.46%    passed     98.64%
 451  MW160776    0.46%    passed     97.83%
 452  MN630103    3.01%    passed     94.94%
 453  MZ515681    0.08%    passed     97.38%
 454  MZ515650    0.07%    passed     93.14%
 455  MZ515655    0.07%    passed     93.14%
 456  MZ515690    0.20%    passed     95.48%
 457  MZ515888    2.30%    passed     96.06%
 458  MW160764    0.70%    passed     96.94%
 459  MW160782    1.42%    passed     99.39%
 460  MW160779    0.69%    passed     96.90%
 461  MW160774    0.46%    passed     91.30%
 462  MW160785    0.46%    passed     91.30%
 463  KY883566    0.44%    passed     99.61%
 464  KY883567    0.82%    passed     99.88%
 465  KX765886    0.41%    passed     98.68%
 466  KX765898    0.41%    passed     98.26%
 467  MW160762    0.46%    passed     99.73%
 468  MW160819    0.45%    passed     99.14%
 469  MZ516012    0.09%    passed     99.96%
 470  MZ515567    0.10%    passed     99.82%
 471  MZ515749    0.09%    passed     99.87%
 472  MZ515825    0.10%    passed     99.84%
 473  MZ515782    0.07%    passed     99.93%
 474  MZ516118    0.09%    passed     99.35%
 475  MZ515616    0.07%    passed     99.42%
 476  MZ516134    0.08%    passed     99.25%
 477  MZ515592    0.07%    passed     99.45%
 478  MZ515884    0.07%    passed     99.40%
 479  MZ515780    0.07%    passed     99.09%
 480  MN630105    2.15%    passed     97.67%
 481  MK749884    1.27%    passed     99.10%
 482  MZ516076    0.07%    passed     99.23%
 483  MZ515980    0.51%    passed     99.53%
 484  MZ516092    0.07%    passed     99.51%
 485  MZ515891    0.07%    passed     99.51%
 486  MZ515927    0.07%    passed     99.51%
 487  MZ515819    0.07%    passed     99.45%
 488  MZ515853    0.07%    passed     99.45%
 489  MZ515922    0.07%    passed     99.45%
 490  MZ515600    0.09%    passed     99.00%
 491  MZ515959    0.09%    passed     99.00%
 492  MZ515870    0.09%    passed     99.39%
 493  MZ515593    0.65%    passed     98.66%
 494  MZ515861    0.28%    passed     98.92%
 495  MH447959    0.45%    passed     96.16%
 496  MW160761    0.47%    passed     98.15%
 497  MW160772    0.47%    passed     98.15%
 498  MW160767    0.47%    passed     98.06%
 499  MW160830    0.46%    passed     97.47%
 500  MZ515566    0.07%    passed     93.79%
 501  MZ515852    0.09%    passed     99.52%
 502  MH279547    0.34%    passed     97.03%
 503  MZ516087    0.11%    passed     98.53%
 504  MZ515840    0.09%    passed     98.62%
 505  MZ516057    0.10%    passed     95.08%
 506  MZ515842    0.08%    passed     93.07%
 507  MZ516053    0.10%    passed     96.51%
 508  MZ515572    0.44%    passed     97.63%
 509  MZ515835    0.11%    passed     95.99%
 510  MZ515740    0.09%    passed     93.45%
 511  MZ515833    0.11%    passed     94.63%
 512  MZ516072    0.07%    passed     94.22%
 513  MZ515841    0.08%    passed     91.68%
 514  MZ515703    0.11%    passed     93.00%
 515  MZ515985    0.09%    passed     95.16%
 516  MZ515999    0.61%    passed     98.27%
 517  MZ516010    0.44%    passed     98.44%
 518  MZ515850    0.10%    passed     97.66%
 519  MZ515569    0.10%    passed     98.45%
 520  MZ515921    0.10%    passed     97.88%
 521  MZ515909    0.10%    passed     97.82%
 522  MZ515575    0.10%    passed     98.41%
 523  MZ516028    0.10%    passed     97.26%
 524  MZ516026    0.09%    passed     98.68%
 525  MZ516044    0.09%    passed     98.68%
 526  MZ516052    0.09%    passed     98.89%
 527  MZ515633    0.09%    passed     99.06%
 528  MZ515781    0.09%    passed     99.06%
 529  MZ515962    0.09%    passed     99.06%
 530  MZ515797    0.29%    passed     99.63%
 531  MZ515735    0.07%    passed     99.18%
 532  MZ515804    0.07%    passed     99.18%
 533  MZ515851    0.07%    passed     99.03%
 534  MZ515588    0.15%    passed     99.55%
 535  MZ515956    0.09%    passed     99.26%
 536  MZ515609    0.09%    passed     99.00%
 537  MZ515902    0.09%    passed     99.26%
 538  MZ515887    0.07%    passed     99.27%
 539  MZ516055    0.09%    passed     99.48%
 540  MZ515620    0.09%    passed     99.53%
 541  MZ515629    0.33%    passed     97.65%
 542  MZ515967    0.09%    passed     99.10%
 543  MZ516043    0.09%    passed     97.18%
 544  MW160828    0.49%    passed     99.42%
 545  MT422269    2.34%    passed     98.05%
 546  MT422270    2.16%    passed     97.50%
 547  MZ151852    2.16%    passed     98.09%
 548  MZ151853    2.16%    passed     98.13%
 549  MT422271    2.16%    passed     97.26%
 550  MT422272    2.16%    passed     97.26%
 551  MT422273    2.21%    passed     97.53%
 552  MZ515647    0.07%    passed     95.15%
 553  MZ515964    0.07%    passed     95.15%
 554  MZ516063    0.07%    passed     94.88%
 555  MZ516067    0.07%    passed     94.88%
 556  MZ515617    0.07%    passed     94.88%
 557  MZ515954    0.07%    passed     94.88%
 558  MZ516096    0.53%    passed     94.39%
 559  MZ515752    0.07%    passed     96.63%
 560  MZ515882    0.07%    passed     95.62%
 561  MZ515795    1.18%    passed     98.09%
 562  MZ516005    1.55%    passed     98.28%
 563  MZ516110    0.09%    passed     94.48%
 564  MZ515632    0.09%    passed     94.74%
 565  MZ515731    0.09%    passed     95.41%
 566  MZ515828    0.07%    passed     94.94%
 567  MZ516027    0.07%    passed     94.39%
 568  MZ515854    0.07%    passed     95.28%
 569  MZ515668    0.07%    passed     96.94%
 570  MZ515942    0.07%    passed     96.94%
 571  MZ516086    0.07%    passed     96.81%
 572  MZ516017    0.07%    passed     96.81%
 573  MZ515626    0.54%    passed     98.76%
 574  MZ515692    0.07%    passed     96.70%
 575  MZ516111    0.07%    passed     96.70%
 576  MZ515760    1.41%    passed     99.87%
 577  MZ515679    0.07%    passed     94.77%
 578  MZ515723    0.07%    passed     95.95%
 579  MZ515928    0.07%    passed     95.51%
 580  MZ515555    0.07%    passed     96.00%
 581  MZ515910    0.07%    passed     95.33%
 582  MZ515923    0.07%    passed     94.94%
 583  MZ516112    0.07%    passed     91.18%
 584  MZ516100    0.07%    passed     97.94%
 585  MZ515693    0.07%    passed     97.94%
 586  MZ516039    0.07%    passed     99.18%
 587  MZ515666    0.08%    passed     97.64%
 588  MZ515993    0.08%    passed     97.64%
 589  MZ516023    0.08%    passed     97.91%
 590  MZ515619    0.07%    passed     96.88%
 591  MZ515634    0.07%    passed     99.96%
 592  MZ515682    0.08%    passed     98.67%
 593  MW160809    0.46%    passed     98.88%
 594  MW160820    1.50%    passed     95.96%
 595  MZ515945    0.10%    passed     99.47%
 596  MW160824    0.45%    passed     99.53%
 597  MW160827    0.49%    passed     99.60%
 598  MZ515645    0.07%    passed     99.47%
 599  MZ516040    0.09%    passed     99.38%
 600  MZ515687    0.07%    passed     99.19%
 601  MZ515784    0.07%    passed     99.19%
 602  MZ515907    0.07%    passed     99.07%
 603  MZ515631    0.07%    passed     98.44%
 604  MZ516000    0.09%    passed     98.98%
 605  MZ515614    0.07%    passed     99.00%
 606  MZ515911    0.07%    passed     99.23%
 607  MZ515571    0.07%    passed     99.19%
 608  MZ516002    0.07%    passed     99.64%
 609  MZ516004    5.58%    passed     87.21%
 610  MZ515623    0.07%    passed     99.52%
 611  MZ515643    0.07%    passed     99.43%
 612  MZ515680    0.07%    passed     99.43%
 613  MZ515803    0.07%    passed     99.43%
 614  MZ516068    0.07%    passed     99.52%
 615  MZ516130    0.11%    passed     99.28%
 616  MZ515811    0.07%    passed     99.59%
 617  MZ515649    0.07%    passed     99.17%
 618  MZ516024    0.07%    passed     99.20%
 619  MZ515628    0.07%    passed     98.95%
 620  MZ515790    0.07%    passed     99.43%
 621  MZ515957    0.30%    passed     99.42%
 622  MZ515971    0.07%    passed     99.16%
 623  MZ515568    0.07%    passed     98.70%
 624  MZ515700    0.07%    passed     98.70%
 625  MZ515931    0.07%    passed     98.55%
 626  MZ515744    0.07%    passed     99.15%
 627  MZ515734    3.09%    passed     99.97%
 628  MZ516058    0.09%    passed     98.55%
 629  MZ515789    0.09%    passed     98.85%
 630  MZ515576    0.09%    passed     99.57%
 631  MZ515963    0.07%    passed     99.60%
 632  MZ515777    0.07%    passed     99.74%
 633  MZ515689    0.07%    passed     99.21%
 634  MZ515772    0.09%    passed     98.82%
 635  MZ515847    0.07%    passed     98.91%
 636  MZ515933    0.07%    passed     98.91%
 637  MZ515929    0.07%    passed     99.15%
 638  MZ515969    0.07%    passed     99.17%
 639  MZ515768    1.24%    passed     99.53%
 640  MZ515966    0.07%    passed     98.90%
 641  MZ516071    0.10%    passed     99.07%
 642  MZ516031    0.10%    passed     99.07%
 643  MZ515579    0.10%    passed     99.18%
 644  MZ515943    0.10%    passed     99.18%
 645  MZ516007    0.10%    passed     99.07%
 646  MZ516075    0.08%    passed     99.18%
 647  MZ515585    0.08%    passed     99.18%
 648  MZ515873    0.08%    passed     99.18%
 649  MZ515984    0.08%    passed     99.18%
 650  MZ516117    0.16%    passed     99.51%
 651  MZ515646    0.14%    passed     99.73%
 652  MZ516137    0.08%    passed     99.49%
 653  MZ516073    0.08%    passed     99.30%
 654  MZ515834    0.08%    passed     99.30%
 655  MZ515998    0.16%    passed     99.35%
 656  MZ516015    0.08%    passed     99.28%
 657  MZ515864    0.08%    passed     99.28%
 658  MZ516097    0.42%    passed     99.83%
 659  MZ515606    0.13%    passed     99.90%
 660  MZ515941    0.07%    passed     99.94%
 661  MZ515717    0.07%    passed     99.56%
 662  MZ515652    0.10%    passed     99.71%
 663  MZ515992    0.10%    passed     99.67%
 664  MZ516093    0.10%    passed     99.58%
 665  MZ515755    0.10%    passed     99.67%
 666  MZ515908    0.10%    passed     99.67%
 667  MZ515880    0.10%    passed     99.77%
 668  MZ515685    0.08%    passed     99.64%
 669  MZ516074    0.08%    passed     99.64%
 670  MZ515989    0.08%    passed     99.64%
 671  MZ515848    0.08%    passed     99.53%
 672  MZ515951    0.08%    passed     99.81%
 673  MZ516029    0.07%    passed     99.57%
 674  MZ515986    0.07%    passed     99.57%
 675  MZ516011    0.07%    passed     99.93%
 676  MZ515640    0.07%    passed     99.90%
 677  MZ515940    0.07%    passed     99.90%
 678  MZ515583    0.07%    passed     99.90%
 679  MZ515860    0.07%    passed     99.93%
 680  MZ516033    0.07%    passed     99.95%
 681  MZ515688    0.09%    passed     99.96%
 682  MZ516120    0.07%    passed     99.97%
 683  MZ516014    0.07%    passed     99.97%
 684  MZ515878    1.00%    passed     99.83%
 685  MZ515961    0.07%    passed     99.95%
 686  MZ515773    0.07%    passed     99.95%
 687  MZ515987    0.08%    passed     99.96%
 688  MZ516066    0.08%    passed     99.82%
 689  MZ516047    0.08%    passed     99.82%
 690  MZ515737    0.22%    passed     99.91%
 691  MZ515570    0.10%    passed     99.86%
 692  MZ515758    0.10%    passed     99.79%
 693  MZ515706    0.08%    passed     99.95%
 694  MZ516008    0.07%    passed     99.29%
 695  MZ515948    0.09%    passed     99.30%
 696  MZ515597    0.09%    passed     98.34%
 697  MZ151854    2.16%    passed     97.55%
 698  MZ151855    2.16%    passed     97.55%
 699  MZ516090    0.07%    passed     98.91%
 700  MZ515573    0.07%    passed     99.92%
 701  KF826840    0.74%    passed     97.94%
 702  JX015499    0.08%    passed     94.23%
 703  KJ627362    0.75%    passed     96.93%
 704  KJ627274    0.75%    passed     95.57%
 705  KJ627288    0.82%    passed     97.21%
 706  KJ627266    0.75%    passed     97.80%
 707  KJ627282    0.76%    passed     90.05%
 708  JF920049    0.49%    passed     96.28%
 709  JF920047    0.64%    passed     94.22%
 710  JF920051    0.66%    passed     97.67%
 711  KJ627338    0.76%    passed     97.85%
 712  KJ627369    0.76%    passed     97.61%
 713  KJ627354    0.76%    passed     97.33%
 714  KJ627281    0.76%    passed     97.86%
 715  KJ627293    0.76%    passed     95.43%
 716  KF826838    0.18%    passed     92.04%
 717  KJ627337    1.71%    passed     99.14%
 718  KJ627335    0.76%    passed     96.75%
 719  KJ627290    0.76%    passed     96.50%
 720  KJ627257    0.76%    passed     96.39%
 721  KJ939966    0.04%    passed     96.19%
 722  KJ939947    0.05%    passed     96.63%
 723  KF826830    0.20%    passed     95.58%
 724  JX015498    0.09%    passed     95.80%
 725  KF826831    0.16%    passed     96.82%
 726  JX015489    0.07%    passed     96.25%
 727  JX015491    0.07%    passed     95.56%
 728  JX015492    0.07%    passed     94.64%
 729  JX015484    0.09%    passed     94.07%
 730  JX015493    0.07%    passed     97.01%
 731  JX015490    0.07%    passed     96.15%
 732  JX015482    0.63%    passed     98.73%
 733  KJ627328    0.78%    passed     96.90%
 734  KJ939939    0.06%    passed     98.24%
 735  KJ939936    0.07%    passed     97.94%
 736  KJ939938    0.07%    passed     97.46%
 737  KJ939937    0.07%    passed     97.58%
 738  KJ939935    0.07%    passed     98.52%
 739  KJ939940    0.07%    passed     98.29%
 740  JX015494    0.07%    passed     97.70%
 741  KJ627267    0.75%    passed     96.81%
 742  KJ627275    0.75%    passed     96.55%
 743  KF530261    0.76%    passed     97.56%
 744  KJ939965    0.07%    passed     94.41%
 745  KJ627325    0.75%    passed     98.95%
 746  KJ627270    0.75%    passed     99.14%
 747  KJ627298    0.75%    passed     99.03%
 748  KJ627313    0.75%    passed     99.31%
 749  KJ627329    0.76%    passed     99.06%
 750  KJ627269    0.75%    passed     98.90%
 751  KJ627292    0.75%    passed     99.14%
 752  KJ627371    0.75%    passed     98.95%
 753  KJ627357    0.75%    passed     98.95%
 754  KJ627345    0.75%    passed     99.07%
 755  KJ627296    0.75%    passed     99.12%
 756  KJ627273    0.75%    passed     99.08%
 757  KJ627334    0.75%    passed     99.25%
 758  KJ627263    0.75%    passed     99.25%
 759  KJ627307    0.75%    passed     98.09%
 760  KJ627358    0.85%    passed     99.44%
 761  KJ627258    0.75%    passed     98.23%
 762  KJ627333    0.75%    passed     99.71%
 763  KX655617    0.76%    passed     99.18%
 764  KX655622    0.76%    passed     98.89%
 765  KX655628    0.76%    passed     98.91%
 766  KX655637    0.76%    passed     99.18%
 767  KX655678    0.76%    passed     99.16%
 768  MK109785    0.76%    passed     99.21%
 769  MK109774    0.76%    passed     99.18%
 770  KX655650    0.76%    passed     99.09%
 771  KX655673    0.76%    passed     99.30%
 772  KX655636    1.53%    passed     97.54%
 773  KX655694    1.10%    passed     98.05%
 774  MK109776    0.75%    passed     99.55%
 775  MK109787    0.41%    passed     98.10%
 776  KF826855    0.35%    passed     98.34%
 777  KF826833    0.57%    passed     99.32%
 778  KX655618    0.75%    passed     98.77%
 779  KX655697    0.75%    passed     98.96%
 780  KX655634    0.75%    passed     99.09%
 781  KX655651    1.94%    passed     99.14%
 782  KX655667    1.30%    passed     99.49%
 783  KX655635    1.50%    passed     98.95%
 784  KX655619    1.19%    passed     99.30%
 785  KX655672    0.75%    passed     99.25%
 786  KX655623    1.49%    passed     98.05%
 787  KX655696    0.75%    passed     99.67%
 788  MK109773    0.75%    passed     99.51%
 789  KJ627316    0.82%    passed     92.91%
 790  KX655643    1.37%    passed     97.31%
 791  KX655656    1.52%    passed     98.91%
 792  KX655657    0.83%    passed     96.90%
 793  KX655679    1.11%    passed     97.80%
 794  JX015496    0.07%    passed     97.44%
 795  JX015483    0.07%    passed     95.58%
 796  KX655691    0.75%    passed     98.98%
 797  KJ939955    0.20%    passed     94.21%
 798  KJ939970    0.09%    passed     95.93%
 799  KX655647    0.79%    passed     98.11%
 800  KX765918    0.76%    passed     97.02%
 801  KX765942    0.36%    passed     95.65%
 802  KJ627268    0.75%    passed     96.51%
 803  KJ627301    0.75%    passed     96.81%
 804  KJ627245    0.75%    passed     96.81%
 805  KJ627309    0.75%    passed     97.12%
 806  KJ627261    0.76%    passed     96.93%
 807  KJ627365    0.75%    passed     98.13%
 808  KJ627256    0.75%    passed     97.90%
 809  KJ627372    0.75%    passed     96.46%
 810  KJ627253    1.75%    passed     99.45%
 811  KJ627367    0.76%    passed     97.45%
 812  KJ627279    1.67%    passed     99.58%
 813  KJ627287    0.75%    passed     97.42%
 814  KJ627326    0.75%    passed     97.70%
 815  KJ627346    0.75%    passed     97.70%
 816  KJ627295    0.75%    passed     97.70%
 817  KJ627355    0.75%    passed     96.02%
 818  KJ627283    0.75%    passed     96.08%
 819  KJ627297    1.61%    passed     99.76%
 820  KJ627252    0.79%    passed     96.94%
 821  KJ627351    0.75%    passed     97.43%
 822  KJ627312    0.75%    passed     96.11%
 823  KJ627320    0.76%    passed     96.29%
 824  KJ627250    0.76%    passed     96.26%
 825  KJ627370    0.76%    passed     97.31%
 826  KJ627306    0.75%    passed     98.98%
 827  KJ627360    0.75%    passed     98.53%
 828  KJ627315    0.76%    passed     97.63%
 829  KJ627318    0.76%    passed     98.76%
 830  KJ627373    0.79%    passed     98.27%
 831  KJ627291    0.81%    passed     98.48%
 832  KJ627272    0.75%    passed     98.08%
 833  KJ627350    0.75%    passed     95.47%
 834  KJ627286    0.75%    passed     96.91%
 835  KJ627294    0.76%    passed     96.15%
 836  KJ627319    0.76%    passed     99.01%
 837  KJ627344    0.76%    passed     99.01%
 838  MG431254    0.18%    passed     98.83%
 839  KJ627349    0.75%    passed     99.12%
 840  KJ627322    0.75%    passed     97.94%
 841  KJ627300    0.75%    passed     97.31%
 842  KJ627246    1.59%    passed     98.48%
 843  KJ627304    0.76%    passed     98.10%
 844  KJ627356    0.76%    passed     96.16%
 845  KJ627303    1.61%    passed     97.88%
 846  KJ627308    0.75%    passed     96.75%
 847  KJ627343    0.75%    passed     96.35%
 848  KX655616    0.77%    passed     97.57%
 849  KX655627    0.90%    passed     99.22%
 850  KX655676    0.80%    passed     99.30%
 851  KX655662    0.76%    passed     98.04%
 852  MK109775    0.76%    passed     98.44%
 853  KX765946    1.59%    passed     98.20%
 854  KX765958    0.82%    passed     99.07%
 855  KX655692    0.99%    passed     99.63%
 856  KX655670    1.83%    passed     98.37%
 857  KF826856    0.18%    passed     96.92%
 858  MG431255    0.22%    passed     97.03%
 859  KM578843    0.07%    passed     98.72%
 860  KX765910    0.77%    passed     96.25%
 861  JF920054    0.78%    passed     97.14%
 862  KJ627259    0.75%    passed     98.86%
 863  KP317953    0.07%    passed     97.41%
 864  KJ627271    0.76%    passed     91.93%
 865  KY782635    0.07%    passed     99.59%
 866  KM517572    0.08%    passed     96.38%
 867  KJ939941    0.07%    passed     99.19%
 868  KJ939945    0.07%    passed     98.37%
 869  KJ939958    0.18%    passed     97.14%
 870  KJ939951    0.07%    passed     98.76%
 871  KJ939968    0.07%    passed     98.33%
 872  KJ939960    0.07%    passed     98.51%
 873  KJ939950    0.07%    passed     97.45%
 874  KJ939962    0.07%    passed     98.69%
 875  KJ939964    0.07%    passed     98.49%
 876  KJ939959    0.20%    passed     98.37%
 877  KJ939957    0.19%    passed     96.05%
 878  KJ939956    0.20%    passed     97.68%
 879  KJ939949    0.07%    passed     98.30%
 880  KJ939944    0.11%    passed     97.74%
 881  KJ939963    0.07%    passed     98.28%
 882  KJ939953    0.43%    passed     96.35%
 883  KJ939946    0.07%    passed     97.50%
 884  KJ939969    0.07%    passed     97.49%
 885  KJ939967    0.07%    passed     98.44%
 886  KJ939942    0.07%    passed     98.66%
 887  KJ939952    0.22%    passed     99.19%
 888  JX015479    0.07%    passed     98.20%
 889  JX015481    0.07%    passed     97.66%
 890  JX015497    0.07%    passed     98.61%
 891  JX015495    0.07%    passed     95.40%
 892  KX655615    0.75%    passed     96.46%
 893  KX655630    0.75%    passed     97.23%
 894  KJ939971    0.09%    passed     94.45%
 895  KJ939961    0.09%    passed     92.68%
 896  KX655620    1.70%    passed     94.56%
 897  KX655695    1.72%    passed     90.99%
 898  KX655699    1.80%    passed     92.83%
 899  KX655638    0.77%    passed     99.46%
 900  KX655665    1.38%    passed     95.64%
 901  KX655621    1.61%    passed     98.74%
 902  KX655680    0.80%    passed     99.89%
 903  KX655689    1.80%    passed     97.95%
 904  KX655663    1.96%    passed     98.87%
 905  KX655631    1.45%    passed     98.93%
 906  MK109772    0.77%    passed     99.78%
 907  KX655659    0.38%    passed     99.63%
 908  MK109777    1.61%    passed     97.36%
 909  KX655687    1.61%    passed     97.51%
 910  MK109763    0.80%    passed     99.92%
 911  KX655682    1.58%    passed     98.44%
 912  KX765928    0.37%    passed     98.28%
 913  KX655632    0.79%    passed     98.17%
 914  KY460517    0.84%    passed     87.29%
 915  MZ516019    1.63%    passed     98.88%
 916  KP218910    0.13%    passed     87.28%
 917  KU950573    1.55%    passed     99.25%
 918  JX069798    0.12%    passed     95.03%
 919  FJ948820    0.04%    passed     98.57%
 920  MT506703    0.83%    passed     97.26%
 921  KP317952    0.58%    passed     91.70%
 922  KP317934    0.83%    passed     96.60%
 923  KP317945    0.84%    passed     93.95%
 924  KP317927    0.83%    passed     93.96%
 925  KP317925    2.01%    passed     89.14%
 926  KP317941    2.28%    passed     68.92%
 927  KP317932    0.83%    passed     93.96%
 928  KP317928    0.82%    passed     94.39%
 929  KF640637    0.55%    passed     96.91%
 930  JX576757    0.56%    passed     93.98%
 931  JX576752    0.56%    passed     97.38%
 932  JX576759    0.56%    passed     96.30%
 933  JX576755    0.56%    passed     93.83%
 934  JX576754    0.56%    passed     97.35%
 935  KU950574    0.84%    passed     94.01%
 936  KU950614    0.84%    passed     95.31%
 937  KU950457    0.84%    passed     95.70%
 938  JX576744    0.56%    passed     94.63%
 939  JX576748    0.56%    passed     94.39%
 940  JX576756    0.57%    passed     96.43%
 941  JX576753    0.56%    passed     93.81%
 942  JX576751    0.56%    passed     92.77%
 943  KP317917    0.83%    passed     96.34%
 944  JX576750    0.56%    passed     83.81%
 945  KJ627280    1.23%    passed     96.35%
 946  KJ627317    1.23%    passed     95.50%
 947  KJ627310    1.23%    passed     95.67%
 948  KJ627299    1.23%    passed     99.22%
 949  JX576745    0.56%    passed     94.58%
 950  JX576732    0.56%    passed     93.58%
 951  KJ939928    0.66%    passed     98.21%
 952  KJ939925    0.63%    passed     98.69%
 953  KJ939921    0.64%    passed     95.66%
 954  KJ939923    0.63%    passed     93.97%
 955  KJ939924    0.69%    passed     95.61%
 956  KJ939934    0.70%    passed     99.33%
 957  KJ939931    0.67%    passed     95.26%
 958  KJ939927    0.63%    passed     94.90%
 959  KJ939932    0.63%    passed     98.91%
 960  JX576738    0.56%    passed     98.59%
 961  KX765949    1.23%    passed     98.91%
 962  KX765930    0.97%    passed     96.27%
 963  KX765968    0.84%    passed     97.66%
 964  JX576749    0.56%    passed     93.64%
 965  KJ939920    0.64%    passed     98.45%
 966  JX576740    0.57%    passed     97.38%
 967  JX576743    0.56%    passed     97.23%
 968  KU950458    0.86%    passed     98.75%
 969  KU950569    0.85%    passed     99.00%
 970  KJ627359    1.23%    passed     97.95%
 971  KJ627348    1.23%    passed     98.85%
 972  KF826835    0.89%    passed     99.86%
 973  KF826857    0.63%    passed     99.69%
 974  KF826834    1.01%    passed     99.52%
 975  KJ627364    1.23%    passed     99.94%
 976  KJ627251    1.23%    passed     98.74%
 977  KJ627254    1.24%    passed     98.99%
 978  KX765899    0.97%    passed     96.47%
 979  KJ627341    1.23%    passed     93.30%
 980  KJ627278    1.23%    passed     93.28%
 981  KJ627330    1.23%    passed     96.80%
 982  KF826842    0.60%    passed     98.07%
 983  KF826839    0.60%    passed     98.71%
 984  JX576731    0.57%    passed     98.35%
 985  JX576746    0.57%    passed     97.93%
 986  JX576729    0.58%    passed     98.86%
 987  KF826859    0.64%    passed     93.89%
 988  KF826860    0.73%    passed     94.40%
 989  KF826820    4.68%    passed     72.50%
 990  JX576730    0.56%    passed     94.69%
 991  JX576733    0.56%    passed     92.64%
 992  JX576735    0.56%    passed     89.25%
 993  KX655624    1.23%    passed     90.02%
 994  MK109766    1.23%    passed     92.22%
 995  MK109778    1.23%    passed     91.05%
 996  MK109780    1.23%    passed     91.05%
 997  MK109788    1.23%    passed     91.85%
 998  KX655683    1.23%    passed     90.81%
 999  MK109768    1.23%    passed     88.09%
1000  KX655633    1.23%    passed     89.81%
1001  KX655700    1.23%    passed     91.18%
1002  MK109771    1.23%    passed     90.96%
1003  KX655645    1.23%    passed     91.42%
1004  MK109784    1.23%    passed     90.73%
1005  KX655693    1.23%    passed     91.85%
1006  KX655698    0.97%    passed     89.35%
1007  MK109783    0.97%    passed     91.54%
1008  KX655641    0.84%    passed     90.71%
1009  KX655642    0.86%    passed     91.03%
1010  KU950488    0.85%    passed     87.65%
1011  MW582529    0.54%    passed     83.43%
1012  MK749883    1.32%    passed     80.69%
1013  KU950588    1.23%    passed     90.25%
1014  KU839633    1.23%    passed     89.92%
1015  KU950533    0.86%    passed     88.89%
1016  KU950542    0.87%    passed     89.43%
1017  KU950508    0.87%    passed     90.83%
1018  KJ672476    1.23%    passed     91.58%
1019  KU950586    0.87%    passed     89.42%
1020  KU950571    0.87%    passed     90.47%
1021  KU950548    0.84%    passed     91.01%
1022  KU950547    0.84%    passed     91.50%
1023  KU950558    0.92%    passed     94.71%
1024  KU950621    1.28%    passed     93.53%
1025  KU950461    1.27%    passed     91.98%
1026  KY249668    0.60%    passed     90.44%
1027  KY249663    0.60%    passed     96.89%
1028  KY249669    0.61%    passed     91.53%
1029  KX655674    1.36%    passed     89.90%
1030  MK109767    1.24%    passed     96.58%
1031  KX655655    1.23%    passed     90.98%
1032  KX765963    1.23%    passed     90.27%
1033  KX765945    0.84%    passed     95.13%
1034  JX576741    0.56%    passed     94.37%
1035  KF826858    0.84%    passed     93.08%
1036  MG431251    0.75%    passed     96.11%
1037  KY249679    0.70%    passed     95.64%
1038  KX655684    1.23%    passed     96.13%
1039  MK109779    1.23%    passed     95.69%
1040  JX576736    0.56%    passed     98.02%
1041  JX576734    0.56%    passed     97.05%
1042  KU950618    0.84%    passed     97.28%
1043  LC474559    0.88%    passed     97.11%
1044  LC474560    0.88%    passed     96.76%
1045  KU950530    0.85%    passed     96.77%
1046  KU950477    0.85%    passed     98.92%
1047  KU950578    0.85%    passed     98.67%
1048  KU950494    1.23%    passed     97.59%
1049  KU950613    0.88%    passed     98.26%
1050  KU950496    0.87%    passed     98.89%
1051  KU950552    1.23%    passed     99.06%
1052  KY249658    0.55%    passed     97.24%
1053  KX655654    0.97%    passed     96.85%
1054  KU950577    1.23%    passed     99.06%
1055  KU839634    1.23%    passed     98.78%
1056  KU950565    1.23%    passed     99.03%
1057  KU950559    1.23%    passed     99.27%
1058  KU839640    1.23%    passed     98.81%
1059  KU950695    1.23%    passed     98.98%
1060  KU839635    1.23%    passed     98.98%
1061  KU950589    1.23%    passed     98.93%
1062  KU839628    1.23%    passed     99.03%
1063  KU839629    1.23%    passed     98.93%
1064  KU839623    1.23%    passed     98.73%
1065  KU950687    1.23%    passed     98.99%
1066  KU839632    1.23%    passed     98.10%
1067  KU950599    1.23%    passed     99.01%
1068  KU839638    1.23%    passed     98.73%
1069  KU839641    1.23%    passed     97.73%
1070  KU950465    0.87%    passed     97.67%
1071  KU950676    1.23%    passed     98.60%
1072  KU839627    1.23%    passed     99.23%
1073  KU950568    0.85%    passed     99.30%
1074  KU950510    0.87%    passed     98.08%
1075  KU950516    0.87%    passed     98.99%
1076  KU950691    0.87%    passed     98.99%
1077  KU950466    0.87%    passed     98.68%
1078  KU950525    0.87%    passed     99.40%
1079  KU950481    0.87%    passed     98.82%
1080  KU950495    0.87%    passed     99.01%
1081  KU950504    0.87%    passed     99.10%
1082  KU950463    0.87%    passed     99.24%
1083  KU950497    0.87%    passed     98.33%
1084  KU950591    0.87%    passed     98.65%
1085  KU950503    0.84%    passed     98.62%
1086  KU950659    0.84%    passed     99.03%
1087  KU950678    0.84%    passed     98.85%
1088  KU950462    0.84%    passed     98.64%
1089  KU950515    0.84%    passed     98.91%
1090  KU950580    0.84%    passed     98.73%
1091  KU950593    0.84%    passed     98.91%
1092  KU950532    0.84%    passed     99.03%
1093  KU950582    0.84%    passed     98.73%
1094  KU950681    0.86%    passed     98.92%
1095  KU950482    0.86%    passed     98.92%
1096  KU950476    0.86%    passed     99.08%
1097  KU950512    0.86%    passed     98.86%
1098  KU950663    0.84%    passed     98.89%
1099  KU950526    0.84%    passed     98.73%
1100  KU950478    0.87%    passed     98.99%
1101  KU950622    0.87%    passed     98.82%
1102  KU950562    0.84%    passed     99.35%
1103  KU950630    0.85%    passed     98.54%
1104  KU950679    0.85%    passed     98.54%
1105  KU950668    0.85%    passed     99.04%
1106  KU950648    1.16%    passed     98.69%
1107  KU950672    0.85%    passed     98.87%
1108  KU950534    0.87%    passed     98.70%
1109  KU950684    0.86%    passed     99.16%
1110  KU950471    0.86%    passed     99.22%
1111  KU950606    0.84%    passed     98.27%
1112  KU950689    0.97%    passed     98.53%
1113  KU950675    0.84%    passed     99.13%
1114  KU950690    0.97%    passed     98.82%
1115  KU950535    0.84%    passed     99.11%
1116  KU950539    0.84%    passed     98.40%
1117  KU950514    1.03%    passed     99.01%
1118  KU950665    1.23%    passed     98.40%
1119  KU950697    1.84%    passed     98.16%
1120  KU950553    0.85%    passed     99.02%
1121  KU950688    0.86%    passed     98.60%
1122  KU950555    0.84%    passed     97.21%
1123  KU950601    1.11%    passed     98.38%
1124  KU950517    0.87%    passed     97.70%
1125  KU950543    1.24%    passed     98.63%
1126  KU950656    1.07%    passed     99.06%
1127  KU950605    1.47%    passed     98.94%
1128  MK749900    1.34%    passed     97.87%
1129  KY249675    0.55%    passed     87.85%
1130  KY249676    0.55%    passed     85.88%
1131  KY249680    0.76%    passed     90.34%
1132  KX655660    1.41%    passed     95.90%
1133  MK109764    1.23%    passed     96.36%
1134  JX576737    0.56%    passed     98.01%
1135  KJ627342    1.23%    passed     97.42%
1136  KJ627262    1.23%    passed     97.69%
1137  KJ627340    1.23%    passed     98.58%
1138  KX765903    1.23%    passed     98.97%
1139  KX765927    1.23%    passed     98.91%
1140  KX765890    1.22%    passed     97.10%
1141  KX765922    1.22%    passed     96.78%
1142  KX765978    1.22%    passed     95.99%
1143  KU950669    0.84%    passed     92.22%
1144  KX765889    1.22%    passed     95.47%
1145  KX765964    1.22%    passed     94.49%
1146  KX765976    1.22%    passed     95.92%
1147  KX765952    1.23%    passed     90.93%
1148  KY249672    0.56%    passed     95.07%
1149  KU950633    1.23%    passed     94.90%
1150  KX655661    1.24%    passed     94.38%
1151  KY249671    0.55%    passed     95.95%
1152  KX655646    0.84%    passed     93.68%
1153  MK109765    0.96%    passed     94.02%
1154  MK109769    1.23%    passed     94.89%
1155  MK109789    0.84%    passed     91.62%
1156  MK109781    0.85%    passed     98.23%
1157  KX655686    0.87%    passed     94.90%
1158  MK109770    0.84%    passed     96.44%
1159  KU950584    0.84%    passed     95.68%
1160  KX655629    0.83%    passed     95.69%
1161  KX655649    0.86%    passed     95.92%
1162  KR350475    0.57%    passed     95.82%
1163  JX576747    0.56%    passed     93.73%
1164  MT040081    1.03%    passed     92.10%
1165  KY883571    0.86%    passed     91.56%
1166  KJ627285    1.23%    passed     97.39%
1167  KJ939933    0.66%    passed     93.01%
1168  KJ939929    0.64%    passed     97.21%
1169  KY249665    0.55%    passed     95.83%
1170  KX655664    0.84%    passed     99.64%
1171  KX765975    0.85%    passed     97.19%
1172  KY249677    0.55%    passed     93.56%
1173  KX655671    0.84%    passed     97.98%
1174  KY249678    0.55%    passed     96.90%
1175  KY249670    0.70%    passed     97.75%
1176  KY249664    0.56%    passed     95.99%
1177  KP663729    0.82%    passed     98.70%
1178  KP663730    0.82%    passed     98.26%
1179  KU950611    0.99%    passed     98.65%
1180  KU950467    0.84%    passed     99.08%
1181  KU950682    0.84%    passed     98.83%
1182  KX765959    0.84%    passed     99.35%
1183  KX655648    0.84%    passed     98.83%
1184  MK109782    0.84%    passed     98.44%
1185  KX655681    0.87%    passed     98.22%
1186  KY249667    0.55%    passed     98.48%
1187  KY249673    0.74%    passed     98.21%
1188  KX765892    0.84%    passed     97.00%
1189  KX765895    0.84%    passed     97.28%
1190  KX765929    0.84%    passed     97.84%
1191  KY249657    0.55%    passed     99.30%
1192  KX765947    0.84%    passed     99.26%
1193  KX765912    0.84%    passed     97.94%
1194  KU950635    0.84%    passed     99.13%
1195  KU950637    0.87%    passed     99.07%
1196  KU950587    0.84%    passed     99.04%
1197  KU950604    0.87%    passed     99.21%
1198  KX765905    0.97%    passed     98.39%
1199  LC385001    0.87%    passed     99.21%
1200  MK109786    0.84%    passed     98.67%
1201  KU839625    1.23%    passed     98.48%
1202  KU950607    0.87%    passed     98.50%
1203  LC385000    0.87%    passed     98.37%
1204  LC385007    0.87%    passed     98.37%
1205  LC385003    0.70%    passed     97.74%
1206  KX655653    1.04%    passed     99.54%
1207  KX765961    0.84%    passed     99.40%
1208  LC384998    0.88%    passed     99.64%
1209  KY883568    0.82%    passed     98.69%
1210  KY883569    1.30%    passed     98.25%
1211  KY883570    0.93%    passed     97.50%
1212  KU950603    0.84%    passed     94.54%
1213  KX765921    0.84%    passed     96.73%
1214  KX765966    0.84%    passed     95.15%
1215  KX765957    0.84%    passed     97.30%
1216  KX765962    0.84%    passed     95.72%
1217  KY249656    0.55%    passed     94.47%
1218  KX765897    1.23%    passed     95.97%
1219  KM517573    0.56%    passed     99.34%
1220  KX765906    0.84%    passed     98.26%
1221  MK749871    1.10%    passed     99.53%
1222  MK749872    1.12%    passed     99.70%
1223  MK749898    1.11%    passed     99.64%
1224  MK749892    1.05%    passed     99.48%
1225  MK749902    1.11%    passed     99.06%
1226  LC384997    0.87%    passed     99.86%
1227  LC384999    0.87%    passed     99.79%
1228  LC385005    0.87%    passed     99.78%
1229  MW160811    0.94%    passed     99.58%
1230  MW160816    0.94%    passed     99.86%
1231  MK749873    1.04%    passed     99.59%
1232  MK749877    1.15%    passed     98.71%
1233  MK749891    1.02%    passed     99.11%
1234  MK749881    1.03%    passed     99.21%
1235  MK749899    1.09%    passed     97.89%
1236  KY249660    0.74%    passed     98.73%
1237  LC385002    0.87%    passed     99.06%
1238  MW160802    0.94%    passed     99.31%
1239  KY249681    0.80%    passed     99.22%
1240  KY249683    0.90%    passed     99.02%
1241  MW160757    0.94%    passed     99.50%
1242  MK749868    1.05%    passed     99.26%
1243  MK749882    1.11%    passed     99.45%
1244  MK749869    0.88%    passed     98.67%
1245  MK749894    0.88%    passed     98.76%
1246  MK749910    0.95%    passed     99.28%
1247  MK749885    0.95%    passed     99.26%
1248  MK749916    0.90%    passed     98.67%
1249  MK749901    0.95%    passed     99.10%
1250  MK749887    1.13%    passed     98.70%
1251  MW160781    0.94%    passed     99.25%
1252  MZ515648    0.66%    passed     98.91%
1253  MW160760    0.94%    passed     99.38%
1254  MW160777    0.94%    passed     99.47%
1255  MW160744    0.94%    passed     97.39%
1256  MW160789    0.94%    passed     97.74%
1257  MZ516032    0.55%    passed     97.67%
1258  MW160770    0.94%    passed     99.38%
1259  MW160750    0.94%    passed     99.86%
1260  MW160792    0.94%    passed     99.92%
1261  MW160796    0.94%    passed     99.65%
1262  MW160788    0.94%    passed     99.66%
1263  MW160755    1.22%    passed     97.96%
1264  MW160775    0.94%    passed     98.85%
1265  MW160808    0.93%    passed     99.74%
1266  KX765935    0.84%    passed     99.00%
1267  MW160752    0.94%    passed     99.56%
1268  MW160817    0.94%    passed     99.10%
1269  MW160794    0.94%    passed     98.84%
1270  LC385006    0.87%    passed     98.54%
1271  MW160765    0.94%    passed     99.37%
1272  MZ515578    0.58%    passed     98.73%
1273  MZ515843    0.58%    passed     98.73%
1274  MZ515603    0.58%    passed     98.51%
1275  MZ515831    0.55%    passed     97.66%
1276  MZ516082    0.55%    passed     98.62%
1277  MN163124    1.13%    passed     97.82%
1278  MZ516041    0.57%    passed     99.14%
1279  MW160748    0.94%    passed     98.46%
1280  MW160763    0.95%    passed     99.73%
1281  MW160805    0.94%    passed     98.67%
1282  MW160821    1.47%    passed     97.74%
1283  MZ515918    0.57%    passed     98.81%
1284  MW160793    0.94%    passed     98.25%
1285  MW160806    0.95%    passed     98.43%
1286  MG839547    0.70%    passed     97.79%
1287  MW160813    0.94%    passed     97.17%
1288  MW160835    0.94%    passed     97.17%
1289  MW160829    0.94%    passed     96.02%
1290  MZ515554    0.85%    passed     96.32%
1291  MK749904    1.10%    passed     94.77%
1292  MK749907    1.10%    passed     94.15%
1293  MK749866    1.10%    passed     95.13%
1294  MK749880    0.95%    passed     94.38%
1295  MK749914    0.95%    passed     94.34%
1296  MK749874    1.02%    passed     96.00%
1297  MK749915    0.95%    passed     94.17%
1298  MK749888    1.11%    passed     96.19%
1299  MK749870    1.15%    passed     96.26%
1300  MK749903    1.15%    passed     95.52%
1301  MK749878    1.11%    passed     95.69%
1302  MK749906    1.10%    passed     96.34%
1303  MK749879    0.95%    passed     94.45%
1304  MK749876    1.08%    passed     96.90%
1305  MK749889    1.07%    passed     95.86%
1306  MK749905    1.07%    passed     96.98%
1307  MK749896    0.98%    passed     96.71%
1308  MK749897    1.09%    passed     97.15%
1309  MK749908    0.91%    passed     92.71%
1310  MK749875    1.23%    passed     94.76%
1311  MW160834    0.94%    passed     99.26%
1312  KY249682    0.88%    passed     99.24%
1313  MW160745    1.14%    passed     97.99%
1314  MW160791    1.14%    passed     98.28%
1315  MW160790    1.14%    passed     98.16%
1316  MW160798    1.40%    passed     97.71%
1317  MW160751    1.14%    passed     98.61%
1318  MW160833    1.14%    passed     99.01%
1319  LC385004    0.88%    passed     99.24%
1320  LC385008    0.87%    passed     99.55%
1321  MT040084    0.85%    passed     98.86%
1322  MT040086    0.78%    passed     98.92%
1323  MT040089    1.67%    passed     96.62%
1324  MT040088    0.84%    passed     98.40%
1325  MT040087    0.85%    passed     97.68%
1326  MW160786    0.94%    passed     95.08%
1327  MZ515587    0.57%    passed     97.85%
1328  MZ515770    0.59%    passed     98.09%
1329  MZ515869    0.58%    passed     98.51%
1330  MZ515793    0.57%    passed     98.64%
1331  MZ516141    0.57%    passed     98.56%
1332  MZ515892    0.55%    passed     98.56%
1333  MZ516126    0.55%    passed     98.56%
1334  MZ515729    0.55%    passed     98.56%
1335  MZ515996    0.55%    passed     98.43%
1336  MT040085    1.30%    passed     95.76%
1337  MW160810    0.94%    passed     97.99%
1338  MZ516045    0.55%    passed     97.55%
1339  MZ515836    0.58%    passed     98.07%
1340  MZ516104    0.84%    passed     97.88%
1341  MK481079    1.35%    passed     98.63%
1342  MK534510    1.35%    passed     98.63%
1343  MK534511    1.35%    passed     95.07%
1344  MK534512    1.35%    passed     95.07%
1345  MN163125    0.74%    passed     96.76%
1346  MW160780    0.95%    passed     95.96%
1347  MW160832    1.22%    passed     95.74%
1348  MZ515926    0.57%    passed     97.36%
1349  MZ515663    0.59%    passed     97.80%
1350  MZ516060    0.57%    passed     97.11%
1351  MZ516016    0.90%    passed     95.56%
1352  MW160812    0.95%    passed     97.57%
1353  MW160818    0.95%    passed     97.32%
1354  MW160826    0.95%    passed     96.61%
1355  MW160838    0.95%    passed     96.74%
1356  MW160837    0.95%    passed     96.83%
1357  MW160823    0.95%    passed     97.35%
1358  MZ515669    0.56%    passed     97.52%
1359  MZ515698    0.56%    passed     97.17%
1360  MZ515817    0.56%    passed     98.31%
1361  MZ515713    1.36%    passed     95.79%
1362  MZ515849    0.56%    passed     97.93%
1363  MZ515925    0.55%    passed     99.09%
1364  MZ515894    0.56%    passed     97.11%
1365  MZ515917    0.56%    passed     97.11%
1366  MZ516116    0.56%    passed     97.11%
1367  MZ515667    0.56%    passed     97.11%
1368  MZ515916    0.62%    passed     97.05%
1369  MZ515704    0.59%    passed     96.69%
1370  MZ515561    0.56%    passed     95.88%
1371  MZ515890    0.56%    passed     93.60%
1372  MZ515627    0.56%    passed     94.40%
1373  MZ515809    0.56%    passed     95.05%
1374  MN163126    0.56%    passed     95.74%
1375  MZ515612    0.56%    passed     97.84%
1376  MW160784    0.95%    passed     98.68%
1377  MW160800    0.95%    passed     98.94%
1378  MW160831    0.94%    passed     99.05%
1379  MW160804    0.95%    passed     99.47%
1380  MZ515674    0.59%    passed     98.64%
1381  MW160836    0.95%    passed     99.31%
1382  MZ515955    0.57%    passed     98.01%
1383  MZ515995    0.57%    passed     98.11%
1384  MZ516094    0.64%    passed     98.28%
1385  MZ515746    0.65%    passed     98.48%
1386  MZ515598    0.59%    passed     98.75%
1387  MZ515743    0.59%    passed     98.68%
1388  MZ515710    0.56%    passed     98.18%
1389  MT373704    1.34%    passed     95.44%
1390  MW020595    0.94%    passed     97.96%
1391  MW160815    0.95%    passed     97.64%
1392  MZ515846    0.57%    passed     97.03%
1393  MZ515979    0.84%    passed     95.96%
1394  MZ515775    0.56%    passed     95.78%
1395  MZ516062    0.56%    passed     97.31%
1396  MZ515807    0.56%    passed     98.58%
1397  MZ515978    0.57%    passed     97.11%
1398  MZ515594    0.84%    passed     95.12%
1399  MZ515653    0.56%    passed     96.87%
1400  MZ516105    0.56%    passed     97.09%
1401  MZ515778    0.56%    passed     97.09%
1402  MZ515719    0.57%    passed     97.86%
1403  MZ515557    0.59%    passed     95.17%
1404  MZ515844    0.57%    passed     95.56%
1405  MZ516101    0.57%    passed     95.56%
1406  MZ515671    0.57%    passed     95.56%
1407  MZ515691    0.57%    passed     95.56%
1408  MZ516021    0.57%    passed     94.76%
1409  MZ515672    0.57%    passed     93.28%
1410  MZ515586    0.95%    passed     93.97%
1411  MZ515937    0.85%    passed     90.16%
1412  MZ515779    0.57%    passed     92.83%
1413  MZ515759    0.57%    passed     92.48%
1414  MZ515988    1.09%    passed     96.13%
1415  MZ515756    0.57%    passed     97.34%
1416  MZ516056    0.57%    passed     96.55%
1417  MZ515707    0.56%    passed     96.43%
1418  MZ515599    0.57%    passed     97.37%
1419  MZ515562    0.56%    passed     96.46%
1420  MZ515977    0.59%    passed     96.67%
1421  MZ515584    0.56%    passed     97.31%
1422  MZ516061    0.56%    passed     97.63%
1423  MZ515895    0.56%    passed     97.91%
1424  MZ515953    0.56%    passed     96.88%
1425  MZ515677    0.56%    passed     96.88%
1426  MZ516139    0.56%    passed     97.02%
1427  MZ515786    0.56%    passed     97.92%
1428  MZ515904    0.56%    passed     97.73%
1429  MZ515712    0.56%    passed     97.00%
1430  MZ516123    0.56%    passed     97.09%
1431  MZ515823    0.56%    passed     95.14%
1432  MZ515678    0.56%    passed     95.14%
1433  MZ515871    0.56%    passed     95.35%
1434  MZ515732    0.56%    passed     94.66%
1435  MZ515990    0.55%    passed     95.82%
1436  MZ515799    0.56%    passed     95.97%
1437  MZ516083    0.57%    passed     96.68%
1438  MZ515771    0.56%    passed     96.62%
1439  MZ516098    0.56%    passed     94.60%
1440  MZ516114    0.55%    passed     97.37%
1441  MZ515748    0.55%    passed     98.17%
1442  MZ516020    0.56%    passed     97.60%
1443  MZ516122    0.56%    passed     97.60%
1444  MZ515638    0.56%    passed     97.60%
1445  MZ516030    0.56%    passed     98.43%
1446  MZ515837    0.56%    passed     95.49%
1447  MZ516054    0.56%    passed     91.90%
1448  MZ515824    0.84%    passed     97.96%
1449  MZ516059    0.61%    passed     97.08%
1450  MZ515660    0.58%    passed     95.90%
1451  MT373705    1.34%    passed     97.82%
1452  MZ515820    0.56%    passed     97.01%
1453  MZ516037    0.56%    passed     97.01%
1454  MZ516125    0.56%    passed     97.01%
1455  MZ515936    0.66%    passed     97.26%
1456  MZ515845    0.58%    passed     98.77%
1457  MZ515658    0.56%    passed     98.32%
1458  MZ515944    0.59%    passed     97.91%
1459  MZ515883    0.59%    passed     97.75%
1460  MZ516051    0.56%    passed     97.87%
1461  MZ515596    0.56%    passed     97.87%
1462  MZ515767    0.56%    passed     97.87%
1463  MZ515762    0.56%    passed     97.45%
1464  MZ515974    0.58%    passed     97.77%
1465  MZ516065    0.56%    passed     96.63%
1466  MZ515656    0.56%    passed     97.19%
1467  MZ515812    0.56%    passed     97.75%
1468  MZ515903    0.56%    passed     95.66%
1469  MZ515636    0.57%    passed     95.66%
1470  MZ515827    0.56%    passed     98.60%
1471  MZ515930    0.56%    passed     98.60%
1472  MZ515863    0.56%    passed     98.36%
1473  MZ515972    0.56%    passed     98.52%
1474  MZ516143    0.56%    passed     98.52%
1475  MZ515728    0.56%    passed     98.52%
1476  MZ515715    0.56%    passed     98.39%
1477  MZ516140    0.56%    passed     98.57%
1478  MZ515872    0.56%    passed     98.33%
1479  MZ515684    0.66%    passed     99.08%
1480  MZ515776    0.57%    passed     98.66%
1481  MZ515899    0.59%    passed     98.86%
1482  MZ515560    0.57%    passed     99.32%
1483  MZ151849    1.35%    passed     99.70%
1484  MZ151851    2.44%    passed     97.35%
1485  MZ515664    0.74%    passed     96.93%
1486  MZ515699    0.57%    passed     98.15%
1487  MZ516049    0.56%    passed     96.01%
1488  MZ515830    0.56%    passed     96.89%
1489  MZ515558    0.57%    passed     96.97%
1490  MZ516135    0.59%    passed     96.89%
1491  MZ515639    0.59%    passed     97.27%
1492  MZ516003    0.56%    passed     97.09%
1493  MZ515938    0.56%    passed     97.45%
1494  MZ515997    0.59%    passed     97.33%
1495  MZ516102    0.56%    passed     98.56%
1496  MZ515857    0.56%    passed     96.51%
1497  MZ516042    0.56%    passed     96.51%
1498  MZ516081    0.56%    passed     96.51%
1499  MZ515791    0.56%    passed     96.51%
1500  MZ515726    0.56%    passed     96.51%
1501  MZ515914    0.56%    passed     96.08%
1502  MZ515934    0.56%    passed     96.08%
1503  MZ515607    0.56%    passed     96.08%
1504  MZ515635    0.56%    passed     96.08%
1505  MZ515753    0.57%    passed     96.45%
1506  MZ515622    0.99%    passed     94.65%
1507  MZ515727    1.11%    passed     97.02%
1508  MZ515751    0.56%    passed     97.66%
1509  MZ515865    0.59%    passed     97.33%
1510  MZ515886    0.56%    passed     96.79%
1511  MZ516034    0.56%    passed     96.79%
1512  MZ516089    0.56%    passed     96.79%
1513  MZ515665    0.56%    passed     96.79%
1514  MZ515730    0.56%    passed     96.79%
1515  MZ515683    0.56%    passed     97.01%
1516  MZ515792    1.91%    passed     96.88%
1517  MZ515805    0.66%    passed     97.46%
1518  MZ515625    0.56%    passed     97.39%
1519  MZ515670    4.03%    passed     87.73%
1520  MZ516113    0.56%    passed     95.78%
1521  MZ516107    0.56%    passed     98.25%
1522  MZ515694    0.56%    passed     98.46%
1523  MZ515981    0.56%    passed     97.36%
1524  MZ515637    0.56%    passed     97.36%
1525  MZ515757    0.84%    passed     96.17%
1526  MZ515716    0.55%    passed     97.66%
1527  MZ516022    0.56%    passed     96.03%
1528  MZ515761    0.56%    passed     95.42%
1529  MZ516095    0.56%    passed     97.83%
1530  MZ515613    0.56%    passed     96.63%
1531  MZ516109    1.14%    passed     95.89%
1532  MZ515975    0.57%    passed     98.07%
1533  MT373703    1.34%    passed     98.29%
1534  MZ515581    0.58%    passed     96.16%
1535  MZ515794    0.57%    passed     96.03%
1536  MZ515595    0.57%    passed     96.30%
1537  MZ515724    0.57%    passed     97.10%
1538  MZ515946    0.57%    passed     96.44%
1539  MZ515950    0.81%    passed     95.46%
1540  MZ515553    0.56%    passed     97.33%
1541  MZ515839    0.57%    passed     97.61%
1542  LC495297    2.23%    passed     94.87%
1543  MZ515590    0.57%    passed     98.03%
1544  MZ515605    0.57%    passed     98.17%
1545  MZ515832    2.00%    passed     90.01%
1546  MZ515591    0.55%    passed     96.87%
1547  MZ515970    0.55%    passed     97.04%
1548  MZ515769    0.55%    passed     98.49%
1549  MZ515608    0.57%    passed     96.21%
1550  MZ515738    0.56%    passed     90.74%
1551  MZ515565    0.57%    passed     96.89%
1552  MZ515611    0.56%    passed     97.05%
1553  MZ515868    0.57%    passed     97.18%
1554  MZ515991    0.57%    passed     97.18%
1555  MZ151850    1.34%    passed     97.32%
1556  MZ151856    1.34%    passed     98.01%
1557  MZ515764    0.57%    passed     97.60%
1558  MZ515924    0.55%    passed     98.75%
1559  MZ515889    0.55%    passed     97.76%
1560  MZ515574    0.60%    passed     95.89%
1561  MG839545    0.91%    passed     97.66%
1562  KJ627302    1.22%    passed     93.78%
1563  MG431252    0.65%    passed     95.64%
1564  MG813994    0.94%    passed     99.57%
1565  KF826844    0.93%    passed     96.48%
1566  KF826843    0.59%    passed     96.17%
1567  JX576742    0.56%    passed     94.69%
1568  KJ627277    1.23%    passed     91.26%
1569  KJ627247    1.23%    passed     95.03%
1570  KJ627332    1.23%    passed     95.20%
1571  MG431253    0.95%    passed     95.90%
1572  KF826845    1.40%    passed     96.86%
1573  JX576739    0.57%    passed     99.09%
1574  KX655690    1.44%    passed     94.66%
1575  KX765893    1.24%    passed     96.10%
1576  KX765900    1.23%    passed     98.88%
1577  KX655669    1.23%    passed     91.12%
1578  KJ672430    1.24%    passed     93.47%
1579  KJ672481    1.23%    passed     93.29%
1580  KM042393    1.23%    passed     91.29%
1581  KJ672425    1.23%    passed     94.89%
1582  KJ672438    1.23%    passed     89.72%
1583  KU950619    0.87%    passed     91.06%
1584  KU950500    0.84%    passed     92.96%
1585  KU950576    0.84%    passed     90.25%
1586  KJ672473    1.23%    passed     83.70%
1587  KU950693    0.84%    passed     94.42%
1588  KU950489    1.23%    passed     94.84%
1589  KU950625    1.23%    passed     96.81%
1590  KX765888    1.23%    passed     95.31%
1591  KX765907    1.23%    passed     96.80%
1592  KX765973    1.23%    passed     96.35%
1593  KU950647    1.16%    passed     94.99%
1594  KU839636    1.23%    passed     94.58%
1595  KU950484    0.84%    passed     94.77%
1596  KU950662    0.84%    passed     99.34%
1597  KY249666    0.55%    passed     98.31%
1598  KY249674    0.55%    passed     97.32%
1599  KX765909    1.23%    passed     96.83%
1600  KX765923    1.23%    passed     95.71%
1601  KX765908    1.23%    passed     98.41%
1602  KX765943    1.23%    passed     98.35%
1603  KX765965    1.23%    passed     98.97%
1604  KY249661    0.74%    passed     98.27%
1605  KX655685    1.23%    passed     92.27%
1606  KU950602    0.84%    passed     97.94%
1607  KJ939926    0.67%    passed     99.29%
1608  KY249659    0.55%    passed     94.42%
1609  KU950657    0.84%    passed     98.82%
1610  KF826829    0.95%    passed     92.01%
1611  KF826825    0.66%    passed     94.15%
1612  JX576761    0.52%    passed     95.38%
1613  JX576762    0.53%    passed     93.38%
1614  JX576758    0.53%    passed     90.74%
1615  KJ939919    0.61%    passed     86.09%
1616  KJ939922    0.61%    passed     87.88%
1617  KJ939930    0.63%    passed     95.93%
1618  MZ516025    0.81%    passed     98.87%
1619  KY249662    0.56%    passed     95.56%
1620  KY924878    0.55%    passed     99.59%
1621  JX576760    0.70%    passed     95.29%
1622  KP317923    0.95%    passed     86.09%
1623  KF826853    0.93%    passed     91.25%
****  TOTAL       0.68%  0 sequences failed composition chi2 test (p-value<5%; df=3)
NOTE: KX894800 is identical to KJ672447 but kept for subsequent analysis
NOTE: KX894798 is identical to KJ672462 but kept for subsequent analysis
NOTE: KJ672460 is identical to KJ672456 but kept for subsequent analysis
NOTE: KX894796 is identical to KJ672436 but kept for subsequent analysis
NOTE: MG813981 is identical to MG813980 but kept for subsequent analysis
NOTE: MG813985 is identical to MG813984 but kept for subsequent analysis
NOTE: KX894806 is identical to KJ672448 but kept for subsequent analysis
NOTE: MG813991 is identical to MG813990 but kept for subsequent analysis
NOTE: MG813979 is identical to MG813978 but kept for subsequent analysis
NOTE: KJ672451 is identical to KJ672470 but kept for subsequent analysis
NOTE: KJ672461 is identical to KJ672424 but kept for subsequent analysis
NOTE: KJ672454 is identical to KJ672429 but kept for subsequent analysis
NOTE: KU950686 is identical to KU950537 but kept for subsequent analysis
NOTE: LC530050 is identical to MG793382 but kept for subsequent analysis
NOTE: MZ515720 is identical to MZ515709 but kept for subsequent analysis
NOTE: MZ515655 is identical to MZ515650 but kept for subsequent analysis
NOTE: MW160785 is identical to MW160774 but kept for subsequent analysis
NOTE: MZ515891 is identical to MZ516092 but kept for subsequent analysis
NOTE: MZ515853 is identical to MZ515819 but kept for subsequent analysis
NOTE: MZ515959 is identical to MZ515600 but kept for subsequent analysis
NOTE: MW160772 is identical to MW160761 but kept for subsequent analysis
NOTE: MZ515781 is identical to MZ515633 but kept for subsequent analysis
NOTE: MZ515804 is identical to MZ515735 but kept for subsequent analysis
NOTE: MT422272 is identical to MT422271 but kept for subsequent analysis
NOTE: MZ515964 is identical to MZ515647 but kept for subsequent analysis
NOTE: MZ516067 is identical to MZ516063 but kept for subsequent analysis
NOTE: MZ515942 is identical to MZ515668 but kept for subsequent analysis
NOTE: MZ516017 is identical to MZ516086 but kept for subsequent analysis
NOTE: MZ516111 is identical to MZ515692 but kept for subsequent analysis
NOTE: MZ515693 is identical to MZ516100 but kept for subsequent analysis
NOTE: MZ515993 is identical to MZ515666 but kept for subsequent analysis
NOTE: MZ515784 is identical to MZ515687 but kept for subsequent analysis
NOTE: MZ515680 is identical to MZ515643 but kept for subsequent analysis
NOTE: MZ515700 is identical to MZ515568 but kept for subsequent analysis
NOTE: MZ515933 is identical to MZ515847 but kept for subsequent analysis
NOTE: MZ516031 is identical to MZ516071 but kept for subsequent analysis
NOTE: MZ515943 is identical to MZ515579 but kept for subsequent analysis
NOTE: MZ515585 is identical to MZ516075 but kept for subsequent analysis
NOTE: MZ515864 is identical to MZ516015 but kept for subsequent analysis
NOTE: MZ515908 is identical to MZ515755 but kept for subsequent analysis
NOTE: MZ516074 is identical to MZ515685 but kept for subsequent analysis
NOTE: MZ515986 is identical to MZ516029 but kept for subsequent analysis
NOTE: MZ515940 is identical to MZ515640 but kept for subsequent analysis
NOTE: MZ516014 is identical to MZ516120 but kept for subsequent analysis
NOTE: MZ516047 is identical to MZ516066 but kept for subsequent analysis
NOTE: MZ151855 is identical to MZ151854 but kept for subsequent analysis
NOTE: KJ627263 is identical to KJ627334 but kept for subsequent analysis
NOTE: KJ627245 is identical to KJ627301 but kept for subsequent analysis
NOTE: KJ627346 is identical to KJ627326 but kept for subsequent analysis
NOTE: KU839635 is identical to KU950695 but kept for subsequent analysis
NOTE: MZ515843 is identical to MZ515578 but kept for subsequent analysis
NOTE: MW160835 is identical to MW160813 but kept for subsequent analysis
NOTE: MZ516126 is identical to MZ515892 but kept for subsequent analysis
NOTE: MK534510 is identical to MK481079 but kept for subsequent analysis
NOTE: MK534512 is identical to MK534511 but kept for subsequent analysis
NOTE: MZ515917 is identical to MZ515894 but kept for subsequent analysis
NOTE: MZ515778 is identical to MZ516105 but kept for subsequent analysis
NOTE: MZ516101 is identical to MZ515844 but kept for subsequent analysis
NOTE: MZ515677 is identical to MZ515953 but kept for subsequent analysis
NOTE: MZ515678 is identical to MZ515823 but kept for subsequent analysis
NOTE: MZ516122 is identical to MZ516020 but kept for subsequent analysis
NOTE: MZ516037 is identical to MZ515820 but kept for subsequent analysis
NOTE: MZ515596 is identical to MZ516051 but kept for subsequent analysis
NOTE: MZ515930 is identical to MZ515827 but kept for subsequent analysis
NOTE: MZ515728 is identical to MZ516143 but kept for subsequent analysis
NOTE: MZ516042 is identical to MZ515857 but kept for subsequent analysis
NOTE: MZ515934 is identical to MZ515914 but kept for subsequent analysis
NOTE: MZ516034 is identical to MZ515886 but kept for subsequent analysis
NOTE: MZ515637 is identical to MZ515981 but kept for subsequent analysis
NOTE: MZ515991 is identical to MZ515868 but kept for subsequent analysis
Checking for duplicate sequences: done in 0.0527489 secs using 97.67% CPU
Identifying sites to remove: done in 0.121071 secs using 88.92% CPU
NOTE: 29 identical sequences (see below) will be ignored for subsequent analysis
NOTE: KJ672446 (identical to KJ672456) is ignored but added at the end
NOTE: KJ672466 (identical to KJ672470) is ignored but added at the end
NOTE: KX894804 (identical to KJ672470) is ignored but added at the end
NOTE: MZ515927 (identical to MZ516092) is ignored but added at the end
NOTE: MZ515922 (identical to MZ515819) is ignored but added at the end
NOTE: MZ515962 (identical to MZ515633) is ignored but added at the end
NOTE: MZ515617 (identical to MZ516063) is ignored but added at the end
NOTE: MZ515954 (identical to MZ516063) is ignored but added at the end
NOTE: MZ515803 (identical to MZ515643) is ignored but added at the end
NOTE: MZ516007 (identical to MZ516071) is ignored but added at the end
NOTE: MZ515873 (identical to MZ516075) is ignored but added at the end
NOTE: MZ515989 (identical to MZ515685) is ignored but added at the end
NOTE: KJ627295 (identical to KJ627326) is ignored but added at the end
NOTE: MZ515729 (identical to MZ515892) is ignored but added at the end
NOTE: MZ516116 (identical to MZ515894) is ignored but added at the end
NOTE: MZ515667 (identical to MZ515894) is ignored but added at the end
NOTE: MZ515671 (identical to MZ515844) is ignored but added at the end
NOTE: MZ515691 (identical to MZ515844) is ignored but added at the end
NOTE: MZ515638 (identical to MZ516020) is ignored but added at the end
NOTE: MZ516125 (identical to MZ515820) is ignored but added at the end
NOTE: MZ515767 (identical to MZ516051) is ignored but added at the end
NOTE: MZ516081 (identical to MZ515857) is ignored but added at the end
NOTE: MZ515791 (identical to MZ515857) is ignored but added at the end
NOTE: MZ515726 (identical to MZ515857) is ignored but added at the end
NOTE: MZ515607 (identical to MZ515914) is ignored but added at the end
NOTE: MZ515635 (identical to MZ515914) is ignored but added at the end
NOTE: MZ516089 (identical to MZ515886) is ignored but added at the end
NOTE: MZ515665 (identical to MZ515886) is ignored but added at the end
NOTE: MZ515730 (identical to MZ515886) is ignored but added at the end
Alignment was printed to results/aligned-delim.fasta.uniqueseq.phy

For your convenience alignment with unique sequences printed to results/aligned-delim.fasta.uniqueseq.phy

Create initial parsimony tree by phylogenetic likelihood library (PLL)... 0.040 seconds

NOTE: 421 MB RAM (0 GB) is required!
Estimate model parameters (epsilon = 0.500)
1. Initial log-likelihood: -6355013.686
2. Current log-likelihood: -5847781.680
3. Current log-likelihood: -5781500.333
4. Current log-likelihood: -5780831.530
5. Current log-likelihood: -5780829.989
6. Current log-likelihood: -5780826.289
7. Current log-likelihood: -5780810.480
8. Current log-likelihood: -5780795.112
Optimal log-likelihood: -5780794.883
Rate parameters:  A-C: 2.98760  A-G: 9.17440  A-T: 2.66476  C-G: 0.95236  C-T: 16.90278  G-T: 1.00000
Base frequencies:  A: 0.388  C: 0.177  G: 0.157  T: 0.278
Parameters optimization took 8 rounds (63.898 sec)
Wrote distance file to... 
Computing ML distances based on estimated model parameters...
Calculating distance matrix: done in 25.1193 secs using 99.62% CPU
Computing ML distances took 25.294415 sec (of wall-clock time) 25.092758 sec (of CPU time)
Setting up auxiliary I and S matrices: done in 0.048526 secs using 187.5% CPU
Constructing RapidNJ tree: done in 0.0816951 secs using 192.7% CPU
Computing RapidNJ tree took 0.130324 sec (of wall-clock time) 0.248561 sec (of CPU time)
Log-likelihood of RapidNJ tree: -264273.149
--------------------------------------------------------------------
|             INITIALIZING CANDIDATE TREE SET                      |
--------------------------------------------------------------------

Do NNI search on 2 best initial trees
Optimizing NNI: done in 21.1781 secs using 99.47% CPU
Estimate model parameters (epsilon = 0.500)
BETTER TREE FOUND at iteration 1: -258616.056
Optimizing NNI: done in 209.668 secs using 94.08% CPU
Finish initializing candidate tree set (4)
Current best tree score: -258616.056 / CPU time: 252.355
Number of iterations: 2
TREE SEARCH COMPLETED AFTER 2 ITERATIONS / Time: 0h:5m:49s

--------------------------------------------------------------------
|                    FINALIZING TREE SEARCH                        |
--------------------------------------------------------------------
Performs final model parameters optimization
Estimate model parameters (epsilon = 0.050)
1. Initial log-likelihood: -258616.056
Optimal log-likelihood: -258616.042
Rate parameters:  A-C: 1.95023  A-G: 10.73215  A-T: 1.46628  C-G: 0.19422  C-T: 21.21564  G-T: 1.00000
Base frequencies:  A: 0.388  C: 0.177  G: 0.157  T: 0.278
Parameters optimization took 1 rounds (3.208 sec)
BEST SCORE FOUND : -258616.042
Total tree length: 2.157

Total number of iterations: 2
CPU time used for tree search: 239.450 sec (0h:3m:59s)
Wall-clock time used for tree search: 252.360 sec (0h:4m:12s)
Total CPU time used: 338.258 sec (0h:5m:38s)
Total wall-clock time used: 352.998 sec (0h:5m:52s)

Analysis results written to: 
  IQ-TREE report:                results/aligned-delim.fasta.iqtree
  Maximum-likelihood tree:       results/aligned-delim.fasta.treefile
  Likelihood distances:          results/aligned-delim.fasta.mldist
  Screen log file:               results/aligned-delim.fasta.log

Date and Time: Thu Mar 31 14:27:54 2022
