IQ-TREE multicore version 2.1.4-beta COVID-edition for Mac OS X 64-bit built Jun 24 2021
Developed by Bui Quang Minh, James Barbetti, Nguyen Lam Tung,
Olga Chernomor, Heiko Schmidt, Dominik Schrempf, Michael Woodhams.

Host:    kates-mbp-3.fhcrc.org (AVX2, FMA3, 8 GB RAM)
Command: iqtree2 -ninit 2 -n 2 -me 0.05 -nt 1 -s results/aligned_B_G-delim.fasta -m GTR
Seed:    932206 (Using SPRNG - Scalable Parallel Random Number Generator)
Time:    Wed Mar  9 13:12:33 2022
Kernel:  AVX+FMA - 1 threads (4 CPU cores detected)

HINT: Use -nt option to specify number of threads because your CPU has 4 cores!
HINT: -nt AUTO will automatically determine the best number of threads to use.

Reading alignment file results/aligned_B_G-delim.fasta ... Fasta format detected
Alignment most likely contains DNA/RNA sequences
WARNING: 14299 sites contain only gaps or ambiguous characters.
Alignment has 929 sequences with 15191 columns, 621 distinct patterns
488 parsimony-informative, 129 singleton sites, 14574 constant sites
          Gap/Ambiguity  Composition  p-value
   1  LC474554   94.19%    failed      0.00%
   2  MW160823   94.19%    failed      0.00%
   3  MW160833   94.19%    failed      0.00%
   4  MW160784   94.19%    failed      0.00%
   5  MW160836   94.19%    failed      0.00%
   6  MW160804   94.19%    failed      0.00%
   7  KY249660   94.19%    failed      0.00%
   8  KY674984   94.19%    failed      0.00%
   9  MW160751   94.19%    failed      0.00%
  10  LC474553   94.19%    failed      0.00%
  11  MN163125   94.19%    failed      0.00%
  12  MN163126   94.19%    failed      0.00%
  13  MZ516095   94.19%    failed      0.00%
  14  MZ515613   94.19%    failed      0.00%
  15  MW160757   94.19%    failed      0.00%
  16  MW160752   94.19%    failed      0.00%
  17  LC474552   94.19%    failed      0.00%
  18  LC474555   94.19%    failed      0.00%
  19  MK481079   94.19%    failed      0.00%
  20  MK534510   94.19%    failed      0.00%
  21  MW160780   94.19%    failed      0.00%
  22  MZ515926   94.19%    failed      0.00%
  23  MZ515663   94.19%    failed      0.00%
  24  MZ516060   94.19%    failed      0.00%
  25  MZ516016   94.19%    failed      0.00%
  26  MW160832   94.19%    failed      0.00%
  27  MW160818   94.19%    failed      0.00%
  28  MW160826   94.19%    failed      0.00%
  29  MW160838   94.19%    failed      0.00%
  30  MW160837   94.19%    failed      0.00%
  31  MZ515669   94.19%    failed      0.00%
  32  MZ515698   94.19%    failed      0.00%
  33  MZ515918   94.19%    failed      0.00%
  34  LC474541   94.19%    failed      0.00%
  35  MW160805   94.19%    failed      0.00%
  36  MW160748   94.19%    failed      0.00%
  37  MW160763   94.19%    failed      0.00%
  38  MW160821   94.19%    failed      0.00%
  39  LC474537   94.19%    failed      0.00%
  40  KM517573   94.19%    failed      0.00%
  41  LC384997   94.19%    failed      0.00%
  42  MK749891   94.19%    failed      0.00%
  43  MK749899   94.19%    failed      0.00%
  44  LC384999   94.19%    failed      0.00%
  45  LC385005   94.19%    failed      0.00%
  46  MK749877   94.19%    failed      0.00%
  47  MK749881   94.19%    failed      0.00%
  48  MK749873   94.19%    failed      0.00%
  49  MK749871   94.19%    failed      0.00%
  50  MK749872   94.19%    failed      0.00%
  51  MK749898   94.19%    failed      0.00%
  52  MK749902   94.19%    failed      0.00%
  53  MK749892   94.19%    failed      0.00%
  54  MW160811   94.19%    failed      0.00%
  55  MW160816   94.19%    failed      0.00%
  56  LC474550   94.19%    failed      0.00%
  57  LC385006   94.19%    failed      0.00%
  58  MN163124   94.39%    failed      0.00%
  59  MZ515578   94.19%    failed      0.00%
  60  MZ515843   94.19%    failed      0.00%
  61  MZ515831   94.19%    failed      0.00%
  62  MZ516082   94.19%    failed      0.00%
  63  MZ515603   94.19%    failed      0.00%
  64  MW160765   94.19%    failed      0.00%
  65  MZ515738   94.19%    failed      0.00%
  66  MZ515865   94.19%    failed      0.00%
  67  MZ515886   94.19%    failed      0.00%
  68  MZ516034   94.19%    failed      0.00%
  69  MZ516089   94.19%    failed      0.00%
  70  MZ515665   94.19%    failed      0.00%
  71  MZ515730   94.19%    failed      0.00%
  72  MZ515683   94.19%    failed      0.00%
  73  MZ515792   94.19%    failed      0.00%
  74  MZ515805   94.19%    failed      0.00%
  75  MZ515625   94.19%    failed      0.00%
  76  MZ515670   94.19%    failed      0.00%
  77  MZ516113   94.19%    failed      0.00%
  78  MN306044   94.19%    failed      0.00%
  79  MZ516107   94.19%    failed      0.00%
  80  MZ515694   94.19%    failed      0.00%
  81  MZ515955   94.19%    failed      0.00%
  82  MZ515995   94.19%    failed      0.00%
  83  MZ515743   94.19%    failed      0.00%
  84  MZ515710   94.19%    failed      0.00%
  85  MZ516094   94.19%    failed      0.00%
  86  MZ515746   94.19%    failed      0.00%
  87  MZ515598   94.19%    failed      0.00%
  88  MW160794   94.19%    failed      0.00%
  89  MK534511   94.19%    failed      0.00%
  90  MK534512   94.19%    failed      0.00%
  91  MZ516022   94.19%    failed      0.00%
  92  MZ515761   94.19%    failed      0.00%
  93  LC474546   94.19%    failed      0.00%
  94  LC488177   94.19%    failed      0.00%
  95  LC474551   94.19%    failed      0.00%
  96  MZ515574   94.19%    failed      0.00%
  97  MW160793   94.19%    failed      0.00%
  98  MW160806   94.19%    failed      0.00%
  99  KX765935   94.19%    failed      0.00%
 100  KY249682   94.19%    failed      0.00%
 101  MZ515832   94.19%    failed      0.00%
 102  MZ515970   94.19%    failed      0.00%
 103  MZ515591   94.19%    failed      0.00%
 104  MW160744   94.19%    failed      0.00%
 105  MW160789   94.19%    failed      0.00%
 106  MW160775   94.19%    failed      0.00%
 107  MW160750   94.19%    failed      0.00%
 108  MW160792   94.19%    failed      0.00%
 109  MW160788   94.19%    failed      0.00%
 110  MW160755   94.19%    failed      0.00%
 111  MW160796   94.19%    failed      0.00%
 112  MZ516032   94.19%    failed      0.00%
 113  MW160808   94.19%    failed      0.00%
 114  MW160770   94.19%    failed      0.00%
 115  KY684758   94.19%    failed      0.00%
 116  MG839547   94.19%    failed      0.00%
 117  MW160813   94.19%    failed      0.00%
 118  MW160835   94.19%    failed      0.00%
 119  MW160829   94.19%    failed      0.00%
 120  MK749868   94.19%    failed      0.00%
 121  MK749885   94.19%    failed      0.00%
 122  MK749882   94.19%    failed      0.00%
 123  MK749869   94.19%    failed      0.00%
 124  MK749910   94.19%    failed      0.00%
 125  MK749916   94.19%    failed      0.00%
 126  MK749894   94.19%    failed      0.00%
 127  MK749901   94.19%    failed      0.00%
 128  MK749887   94.19%    failed      0.00%
 129  MZ515648   94.19%    failed      0.00%
 130  LC385004   94.19%    failed      0.00%
 131  LC385008   94.19%    failed      0.00%
 132  MT040086   94.39%    failed      0.00%
 133  MT040089   94.39%    failed      0.00%
 134  MT040088   94.39%    failed      0.00%
 135  MT040087   94.39%    failed      0.00%
 136  MT040084   94.37%    failed      0.00%
 137  MW160800   94.19%    failed      0.00%
 138  MW160831   94.19%    failed      0.00%
 139  MZ515565   94.19%    failed      0.00%
 140  MZ515611   94.19%    failed      0.00%
 141  MZ515868   94.19%    failed      0.00%
 142  MZ515991   94.19%    failed      0.00%
 143  MT040085   94.19%    failed      0.00%
 144  MZ151850   94.19%    failed      0.00%
 145  MZ151856   94.19%    failed      0.00%
 146  KX765906   94.19%    failed      0.00%
 147  MZ515612   94.19%    failed      0.00%
 148  KY249681   94.19%    failed      0.00%
 149  KY249683   94.19%    failed      0.00%
 150  LC385002   94.19%    failed      0.00%
 151  MW160777   94.19%    failed      0.00%
 152  MW160802   94.19%    failed      0.00%
 153  MZ515587   94.19%    failed      0.00%
 154  MZ515770   94.19%    failed      0.00%
 155  MZ515869   94.19%    failed      0.00%
 156  MZ516141   94.19%    failed      0.00%
 157  MZ515892   94.19%    failed      0.00%
 158  MZ516126   94.19%    failed      0.00%
 159  MZ515729   94.19%    failed      0.00%
 160  MZ515996   94.19%    failed      0.00%
 161  MZ515793   94.19%    failed      0.00%
 162  MZ515817   94.19%    failed      0.00%
 163  MZ515713   94.19%    failed      0.00%
 164  MZ515849   94.19%    failed      0.00%
 165  MZ515925   94.19%    failed      0.00%
 166  MZ515704   94.19%    failed      0.00%
 167  MZ515894   94.19%    failed      0.00%
 168  MZ515917   94.19%    failed      0.00%
 169  MZ516116   94.19%    failed      0.00%
 170  MZ515667   94.19%    failed      0.00%
 171  MZ515916   94.19%    failed      0.00%
 172  MZ515561   94.19%    failed      0.00%
 173  MZ515890   94.19%    failed      0.00%
 174  MZ515627   94.19%    failed      0.00%
 175  MZ515809   94.19%    failed      0.00%
 176  MW160760   94.19%    failed      0.00%
 177  MZ515608   94.19%    failed      0.00%
 178  MT107528   94.19%    failed      0.00%
 179  MZ515974   94.19%    failed      0.00%
 180  MZ515845   94.19%    failed      0.00%
 181  MZ515658   94.19%    failed      0.00%
 182  MZ515944   94.19%    failed      0.00%
 183  MZ515883   94.19%    failed      0.00%
 184  MZ515812   94.19%    failed      0.00%
 185  MZ516051   94.19%    failed      0.00%
 186  MZ515596   94.19%    failed      0.00%
 187  MZ515767   94.19%    failed      0.00%
 188  MZ515762   94.19%    failed      0.00%
 189  MT373705   94.19%    failed      0.00%
 190  MW020595   94.19%    failed      0.00%
 191  MZ516083   94.19%    failed      0.00%
 192  MZ515771   94.19%    failed      0.00%
 193  MZ515748   94.19%    failed      0.00%
 194  MZ515990   94.19%    failed      0.00%
 195  MZ515799   94.19%    failed      0.00%
 196  MZ515903   94.19%    failed      0.00%
 197  MZ515636   94.19%    failed      0.00%
 198  MZ515823   94.19%    failed      0.00%
 199  MZ515678   94.19%    failed      0.00%
 200  MZ515871   94.19%    failed      0.00%
 201  MZ515732   94.19%    failed      0.00%
 202  MZ515827   94.19%    failed      0.00%
 203  MZ515930   94.19%    failed      0.00%
 204  MZ515972   94.19%    failed      0.00%
 205  MZ516143   94.19%    failed      0.00%
 206  MZ515728   94.19%    failed      0.00%
 207  MZ515715   94.19%    failed      0.00%
 208  MZ516140   94.19%    failed      0.00%
 209  MZ515684   94.19%    failed      0.00%
 210  MZ515776   94.19%    failed      0.00%
 211  MZ515899   94.19%    failed      0.00%
 212  MZ515863   94.19%    failed      0.00%
 213  MZ515872   94.19%    failed      0.00%
 214  MZ515560   94.19%    failed      0.00%
 215  MZ515557   94.19%    failed      0.00%
 216  MZ515844   94.19%    failed      0.00%
 217  MZ516101   94.19%    failed      0.00%
 218  MZ515671   94.19%    failed      0.00%
 219  MZ515691   94.19%    failed      0.00%
 220  MZ515937   94.19%    failed      0.00%
 221  MZ515779   94.19%    failed      0.00%
 222  MZ515759   94.19%    failed      0.00%
 223  MZ515988   94.19%    failed      0.00%
 224  MZ515756   94.19%    failed      0.00%
 225  MZ515599   94.19%    failed      0.00%
 226  MZ516021   94.19%    failed      0.00%
 227  MZ515586   94.19%    failed      0.00%
 228  MZ515707   94.19%    failed      0.00%
 229  MZ515846   94.19%    failed      0.00%
 230  MZ515979   94.19%    failed      0.00%
 231  MZ515775   94.19%    failed      0.00%
 232  MZ516062   94.19%    failed      0.00%
 233  MZ515953   94.19%    failed      0.00%
 234  MZ515677   94.19%    failed      0.00%
 235  MZ516139   94.19%    failed      0.00%
 236  MZ515786   94.19%    failed      0.00%
 237  MZ515904   94.19%    failed      0.00%
 238  MZ516123   94.19%    failed      0.00%
 239  MZ515605   94.19%    failed      0.00%
 240  MZ515978   94.19%    failed      0.00%
 241  MZ515594   94.19%    failed      0.00%
 242  MZ515653   94.19%    failed      0.00%
 243  MZ516105   94.19%    failed      0.00%
 244  MZ515778   94.19%    failed      0.00%
 245  MZ515672   94.19%    failed      0.00%
 246  MZ515820   94.19%    failed      0.00%
 247  MZ516037   94.19%    failed      0.00%
 248  MZ516125   94.19%    failed      0.00%
 249  MZ515936   94.19%    failed      0.00%
 250  MW160815   94.19%    failed      0.00%
 251  MZ515807   94.19%    failed      0.00%
 252  MZ515719   94.19%    failed      0.00%
 253  MZ151849   94.19%    failed      0.00%
 254  MZ151851   94.19%    failed      0.00%
 255  MZ515824   94.19%    failed      0.00%
 256  MT373703   94.19%    failed      0.00%
 257  MZ515581   94.20%    failed      0.00%
 258  MZ515946   94.20%    failed      0.00%
 259  MZ515794   94.20%    failed      0.00%
 260  MZ515595   94.20%    failed      0.00%
 261  MZ515724   94.20%    failed      0.00%
 262  MZ515950   94.20%    failed      0.00%
 263  MZ516114   94.19%    failed      0.00%
 264  MZ516049   94.19%    failed      0.00%
 265  MZ515656   94.19%    failed      0.00%
 266  MZ516054   94.19%    failed      0.00%
 267  MZ516098   94.19%    failed      0.00%
 268  MZ515830   94.19%    failed      0.00%
 269  MZ516065   94.19%    failed      0.00%
 270  MZ516059   94.19%    failed      0.00%
 271  MZ515660   94.19%    failed      0.00%
 272  MZ516056   94.19%    failed      0.00%
 273  MZ516109   94.19%    failed      0.00%
 274  MZ515590   94.19%    failed      0.00%
 275  MZ515857   94.19%    failed      0.00%
 276  MZ516042   94.19%    failed      0.00%
 277  MZ516081   94.19%    failed      0.00%
 278  MZ515791   94.19%    failed      0.00%
 279  MZ515726   94.19%    failed      0.00%
 280  MZ515914   94.19%    failed      0.00%
 281  MZ515934   94.19%    failed      0.00%
 282  MZ515607   94.19%    failed      0.00%
 283  MZ515635   94.19%    failed      0.00%
 284  MZ515753   94.19%    failed      0.00%
 285  MZ515622   94.19%    failed      0.00%
 286  MZ515558   94.19%    failed      0.00%
 287  MZ516135   94.19%    failed      0.00%
 288  MZ515639   94.19%    failed      0.00%
 289  MZ516003   94.19%    failed      0.00%
 290  MZ515938   94.19%    failed      0.00%
 291  MZ515997   94.19%    failed      0.00%
 292  MZ516102   94.19%    failed      0.00%
 293  MZ515727   94.19%    failed      0.00%
 294  MZ515751   94.19%    failed      0.00%
 295  MZ515584   94.19%    failed      0.00%
 296  MZ516061   94.19%    failed      0.00%
 297  MZ515895   94.19%    failed      0.00%
 298  MZ515712   94.19%    failed      0.00%
 299  MZ515553   94.19%    failed      0.00%
 300  MZ515562   94.19%    failed      0.00%
 301  MZ515977   94.19%    failed      0.00%
 302  MZ515839   94.19%    failed      0.00%
 303  MZ516020   94.19%    failed      0.00%
 304  MZ516122   94.19%    failed      0.00%
 305  MZ515638   94.19%    failed      0.00%
 306  MZ516030   94.19%    failed      0.00%
 307  LC495297   94.19%    failed      0.00%
 308  MZ515975   94.19%    failed      0.00%
 309  MT373704   94.19%    failed      0.00%
 310  MW160812   94.19%    failed      0.00%
 311  MZ515769   94.19%    failed      0.00%
 312  MZ516041   94.19%    failed      0.00%
 313  MZ515674   94.19%    failed      0.00%
 314  MW160817   94.19%    failed      0.00%
 315  MZ515981   94.19%    failed      0.00%
 316  MZ515637   94.19%    failed      0.00%
 317  MZ515757   94.19%    failed      0.00%
 318  MZ515716   94.19%    failed      0.00%
 319  LC474542   94.19%    failed      0.00%
 320  LC474544   94.19%    failed      0.00%
 321  MK749904   94.19%    failed      0.00%
 322  MK749888   94.19%    failed      0.00%
 323  MK749866   94.19%    failed      0.00%
 324  MK749880   94.19%    failed      0.00%
 325  MK749914   94.19%    failed      0.00%
 326  MK749874   94.19%    failed      0.00%
 327  MK749915   94.19%    failed      0.00%
 328  MK749870   94.19%    failed      0.00%
 329  MK749903   94.19%    failed      0.00%
 330  MK749878   94.19%    failed      0.00%
 331  MK749906   94.19%    failed      0.00%
 332  MK749907   94.19%    failed      0.00%
 333  MK749879   94.19%    failed      0.00%
 334  MK749876   94.17%    failed      0.00%
 335  MK749889   94.17%    failed      0.00%
 336  MK749905   94.17%    failed      0.00%
 337  MK749908   94.17%    failed      0.00%
 338  MK749896   94.17%    failed      0.00%
 339  MK749897   94.17%    failed      0.00%
 340  MK749875   94.19%    failed      0.00%
 341  MZ515764   94.19%    failed      0.00%
 342  MF001058   94.19%    failed      0.00%
 343  MW160781   94.19%    failed      0.00%
 344  MH327947   94.19%    failed      0.00%
 345  LC474545   94.19%    failed      0.00%
 346  MW160834   94.19%    failed      0.00%
 347  MZ515554   94.19%    failed      0.00%
 348  MK167041   94.19%    failed      0.00%
 349  MW160810   94.19%    failed      0.00%
 350  MZ516045   94.19%    failed      0.00%
 351  MZ515836   94.19%    failed      0.00%
 352  MZ516104   94.19%    failed      0.00%
 353  MZ515837   94.19%    failed      0.00%
 354  MZ515664   94.19%    failed      0.00%
 355  MZ515699   94.19%    failed      0.00%
 356  MW160745   94.19%    failed      0.00%
 357  MW160791   94.19%    failed      0.00%
 358  MW160790   94.19%    failed      0.00%
 359  MW160798   94.19%    failed      0.00%
 360  MZ515889   94.19%    failed      0.00%
 361  MZ515924   94.19%    failed      0.00%
 362  KP663729   94.19%    failed      0.00%
 363  KP663730   94.19%    failed      0.00%
 364  KU950682   94.19%    failed      0.00%
 365  MF001048   94.19%    failed      0.00%
 366  KX655653   94.19%    failed      0.00%
 367  KY249667   94.19%    failed      0.00%
 368  KY249673   94.19%    failed      0.00%
 369  KU950635   94.19%    failed      0.00%
 370  KU950587   94.19%    failed      0.00%
 371  KU950604   94.19%    failed      0.00%
 372  KU950637   94.19%    failed      0.00%
 373  MK109786   94.19%    failed      0.00%
 374  KX655648   94.19%    failed      0.00%
 375  KX655681   94.19%    failed      0.00%
 376  MK109782   94.19%    failed      0.00%
 377  LC474538   94.19%    failed      0.00%
 378  KX765959   94.19%    failed      0.00%
 379  LC385001   94.19%    failed      0.00%
 380  KU839625   94.19%    failed      0.00%
 381  KU950607   94.19%    failed      0.00%
 382  KX765892   94.19%    failed      0.00%
 383  KX765895   94.19%    failed      0.00%
 384  KX765929   94.19%    failed      0.00%
 385  LC474524   94.19%    failed      0.00%
 386  KX765905   94.19%    failed      0.00%
 387  KX765961   94.19%    failed      0.00%
 388  MG839545   94.19%    failed      0.00%
 389  KU950611   94.19%    failed      0.00%
 390  KU950467   94.19%    failed      0.00%
 391  KY883568   94.19%    failed      0.00%
 392  KY883569   94.19%    failed      0.00%
 393  KY883570   94.20%    failed      0.00%
 394  LC385000   94.19%    failed      0.00%
 395  LC385007   94.19%    failed      0.00%
 396  LC385003   94.19%    failed      0.00%
 397  KX765912   94.19%    failed      0.00%
 398  KX765975   94.19%    failed      0.00%
 399  KY249677   94.19%    failed      0.00%
 400  LC474531   94.19%    failed      0.00%
 401  LC474532   94.19%    failed      0.00%
 402  LC474533   94.19%    failed      0.00%
 403  LC474534   94.19%    failed      0.00%
 404  LC474536   94.19%    failed      0.00%
 405  LC474540   94.19%    failed      0.00%
 406  LC474547   94.19%    failed      0.00%
 407  KF640637   94.19%    failed      0.00%
 408  OK649689   94.19%    failed      0.00%
 409  OK649705   94.19%    failed      0.00%
 410  OK649690   94.19%    failed      0.00%
 411  OK649726   94.19%    failed      0.00%
 412  OK649685   94.19%    failed      0.00%
 413  OK649687   94.19%    failed      0.00%
 414  OK649719   94.19%    failed      0.00%
 415  OK649694   94.19%    failed      0.00%
 416  OK649714   94.19%    failed      0.00%
 417  KJ939920   94.15%    failed      0.00%
 418  KJ627348   94.19%    failed      0.00%
 419  KF826835   94.19%    failed      0.00%
 420  KF826857   94.19%    failed      0.00%
 421  KF826834   94.19%    failed      0.00%
 422  JX576732   94.19%    failed      0.00%
 423  JX576757   94.19%    failed      0.00%
 424  KP317925   94.19%    failed      0.00%
 425  JX576759   94.19%    failed      0.00%
 426  JX576752   94.19%    failed      0.00%
 427  JX576754   94.19%    failed      0.00%
 428  JX576756   94.19%    failed      0.00%
 429  KJ627280   94.19%    failed      0.00%
 430  KJ627317   94.19%    failed      0.00%
 431  KJ627310   94.19%    failed      0.00%
 432  KJ627299   94.19%    failed      0.00%
 433  JX576744   94.19%    failed      0.00%
 434  JX576748   94.19%    failed      0.00%
 435  OK649686   94.19%    failed      0.00%
 436  OK649698   94.19%    failed      0.00%
 437  LC474539   94.19%    failed      0.00%
 438  LC474543   94.19%    failed      0.00%
 439  LC474549   94.19%    failed      0.00%
 440  KF530259   94.19%    failed      0.00%
 441  JX576753   94.19%    failed      0.00%
 442  JX576751   94.19%    failed      0.00%
 443  KF826822   94.19%    failed      0.00%
 444  MF001040   94.19%    failed      0.00%
 445  MF001045   94.19%    failed      0.00%
 446  MK167034   94.19%    failed      0.00%
 447  MK453523   94.19%    failed      0.00%
 448  OK649722   94.19%    failed      0.00%
 449  OK649736   94.19%    failed      0.00%
 450  JX576731   94.19%    failed      0.00%
 451  JX576729   94.19%    failed      0.00%
 452  JX576746   94.19%    failed      0.00%
 453  OK649691   94.19%    failed      0.00%
 454  OK649693   94.19%    failed      0.00%
 455  OK649704   94.19%    failed      0.00%
 456  OK649697   94.19%    failed      0.00%
 457  OK649708   94.19%    failed      0.00%
 458  OK649728   94.19%    failed      0.00%
 459  OK649737   94.19%    failed      0.00%
 460  KF826851   94.19%    failed      0.00%
 461  KJ627364   94.19%    failed      0.00%
 462  KU950574   94.19%    failed      0.00%
 463  KU950614   94.19%    failed      0.00%
 464  KU950457   94.19%    failed      0.00%
 465  KP317917   94.19%    failed      0.00%
 466  OK649742   94.19%    failed      0.00%
 467  OK649744   94.19%    failed      0.00%
 468  OK649743   94.19%    failed      0.00%
 469  OK649741   94.19%    failed      0.00%
 470  JX576750   94.19%    failed      0.00%
 471  MG431252   94.19%    failed      0.00%
 472  OK649706   94.19%    failed      0.00%
 473  OK649735   94.19%    failed      0.00%
 474  OK649711   94.19%    failed      0.00%
 475  OK649692   94.19%    failed      0.00%
 476  OK649739   94.19%    failed      0.00%
 477  OK649702   94.19%    failed      0.00%
 478  OK649721   94.19%    failed      0.00%
 479  OK649707   94.19%    failed      0.00%
 480  MG813994   94.31%    failed      0.00%
 481  OK649732   94.19%    failed      0.00%
 482  KF826839   94.19%    failed      0.00%
 483  KJ627341   94.19%    failed      0.00%
 484  KJ627278   94.19%    failed      0.00%
 485  KJ627330   94.19%    failed      0.00%
 486  KX655646   94.19%    failed      0.00%
 487  MK109781   94.19%    failed      0.00%
 488  MK109765   94.19%    failed      0.00%
 489  MK109789   94.19%    failed      0.00%
 490  MK109769   94.19%    failed      0.00%
 491  MK109770   94.19%    failed      0.00%
 492  JX576747   94.19%    failed      0.00%
 493  JX576740   94.19%    failed      0.00%
 494  JX576743   94.19%    failed      0.00%
 495  KU950569   94.19%    failed      0.00%
 496  KU950458   94.19%    failed      0.00%
 497  KJ627359   94.19%    failed      0.00%
 498  KJ627251   94.19%    failed      0.00%
 499  KJ627254   94.19%    failed      0.00%
 500  KX765899   94.19%    failed      0.00%
 501  JX576755   94.19%    failed      0.00%
 502  KF826842   94.19%    failed      0.00%
 503  OK649709   94.19%    failed      0.00%
 504  OK649713   94.19%    failed      0.00%
 505  OK649725   94.19%    failed      0.00%
 506  KU950603   94.19%    failed      0.00%
 507  KX765921   94.19%    failed      0.00%
 508  KX765966   94.19%    failed      0.00%
 509  KX765957   94.19%    failed      0.00%
 510  KX765962   94.19%    failed      0.00%
 511  KY249656   94.19%    failed      0.00%
 512  KJ939932   94.16%    failed      0.00%
 513  KJ939929   94.16%    failed      0.00%
 514  KY249665   94.20%    failed      0.00%
 515  KJ939925   94.15%    failed      0.00%
 516  KJ939921   94.16%    failed      0.00%
 517  KJ939923   94.16%    failed      0.00%
 518  KJ939934   94.16%    failed      0.00%
 519  KJ939924   94.15%    failed      0.00%
 520  KJ939933   94.15%    failed      0.00%
 521  KJ939927   94.16%    failed      0.00%
 522  JX576738   94.19%    failed      0.00%
 523  KX765930   94.19%    failed      0.00%
 524  KX765968   94.19%    failed      0.00%
 525  KJ939928   94.16%    failed      0.00%
 526  KX765949   94.19%    failed      0.00%
 527  KJ939931   94.15%    failed      0.00%
 528  KU950584   94.19%    failed      0.00%
 529  KR350475   94.19%    failed      0.00%
 530  KX655629   94.19%    failed      0.00%
 531  KX655649   94.19%    failed      0.00%
 532  JX576745   94.19%    failed      0.00%
 533  JX576735   94.19%    failed      0.00%
 534  KU950488   94.19%    failed      0.00%
 535  MK109766   94.19%    failed      0.00%
 536  MW582529   94.19%    failed      0.00%
 537  KX655624   94.19%    failed      0.00%
 538  MK109788   94.19%    failed      0.00%
 539  MK109778   94.19%    failed      0.00%
 540  MK109780   94.19%    failed      0.00%
 541  KX655633   94.19%    failed      0.00%
 542  KX655645   94.19%    failed      0.00%
 543  KX655693   94.19%    failed      0.00%
 544  MK109783   94.19%    failed      0.00%
 545  KX655683   94.19%    failed      0.00%
 546  MK109768   94.19%    failed      0.00%
 547  KX655700   94.19%    failed      0.00%
 548  MK109784   94.19%    failed      0.00%
 549  KX655698   94.19%    failed      0.00%
 550  KX655641   94.19%    failed      0.00%
 551  MK109771   94.19%    failed      0.00%
 552  KX655642   94.19%    failed      0.00%
 553  KX655655   94.19%    failed      0.00%
 554  KX765963   94.19%    failed      0.00%
 555  KF826858   94.19%    failed      0.00%
 556  OK649710   94.19%    failed      0.00%
 557  OK649712   94.19%    failed      0.00%
 558  OK649724   94.19%    failed      0.00%
 559  OK649730   94.19%    failed      0.00%
 560  OK649733   94.19%    failed      0.00%
 561  OK649727   94.19%    failed      0.00%
 562  OK649729   94.19%    failed      0.00%
 563  OK649731   94.19%    failed      0.00%
 564  OK649734   94.19%    failed      0.00%
 565  OK649738   94.19%    failed      0.00%
 566  KJ627342   94.19%    failed      0.00%
 567  KJ627262   94.19%    failed      0.00%
 568  KJ627340   94.19%    failed      0.00%
 569  KX765927   94.19%    failed      0.00%
 570  KX765903   94.19%    failed      0.00%
 571  KX655684   94.19%    failed      0.00%
 572  MK109779   94.19%    failed      0.00%
 573  KU950530   94.19%    failed      0.00%
 574  KU950494   94.19%    failed      0.00%
 575  KU950477   94.19%    failed      0.00%
 576  KU950552   94.19%    failed      0.00%
 577  KU950578   94.19%    failed      0.00%
 578  KU950613   94.19%    failed      0.00%
 579  KU950496   94.19%    failed      0.00%
 580  OK649723   94.19%    failed      0.00%
 581  MK749900   94.19%    failed      0.00%
 582  KY249658   94.19%    failed      0.00%
 583  JX576736   94.19%    failed      0.00%
 584  JX576734   94.19%    failed      0.00%
 585  KX655661   94.19%    failed      0.00%
 586  KU950577   94.19%    failed      0.00%
 587  KU839634   94.19%    failed      0.00%
 588  KU950565   94.19%    failed      0.00%
 589  KU950559   94.19%    failed      0.00%
 590  KU950695   94.19%    failed      0.00%
 591  KU839635   94.19%    failed      0.00%
 592  KU839628   94.19%    failed      0.00%
 593  KU839623   94.19%    failed      0.00%
 594  KU839627   94.19%    failed      0.00%
 595  KU950568   94.19%    failed      0.00%
 596  KU950516   94.19%    failed      0.00%
 597  KU950525   94.19%    failed      0.00%
 598  KU950481   94.19%    failed      0.00%
 599  KU950504   94.19%    failed      0.00%
 600  KU950591   94.19%    failed      0.00%
 601  KU950659   94.19%    failed      0.00%
 602  KU950678   94.19%    failed      0.00%
 603  KU950462   94.19%    failed      0.00%
 604  KU950580   94.19%    failed      0.00%
 605  KU950593   94.19%    failed      0.00%
 606  KU950582   94.19%    failed      0.00%
 607  KU950681   94.19%    failed      0.00%
 608  KU950512   94.19%    failed      0.00%
 609  KU950534   94.19%    failed      0.00%
 610  KU950684   94.19%    failed      0.00%
 611  KU950471   94.19%    failed      0.00%
 612  KU950675   94.19%    failed      0.00%
 613  KU950517   94.19%    failed      0.00%
 614  KU950656   94.19%    failed      0.00%
 615  KU839640   94.19%    failed      0.00%
 616  KU950515   94.19%    failed      0.00%
 617  KU950476   94.19%    failed      0.00%
 618  KU950676   94.19%    failed      0.00%
 619  KU950691   94.19%    failed      0.00%
 620  KU950466   94.19%    failed      0.00%
 621  KU950495   94.19%    failed      0.00%
 622  KU950463   94.19%    failed      0.00%
 623  KU950482   94.19%    failed      0.00%
 624  KU950690   94.19%    failed      0.00%
 625  KU950553   94.19%    failed      0.00%
 626  KU950589   94.19%    failed      0.00%
 627  KU950605   94.26%    failed      0.00%
 628  KU839632   94.19%    failed      0.00%
 629  KU950599   94.19%    failed      0.00%
 630  KU839638   94.19%    failed      0.00%
 631  KU950510   94.19%    failed      0.00%
 632  KU950497   94.19%    failed      0.00%
 633  KU950663   94.19%    failed      0.00%
 634  KU950526   94.19%    failed      0.00%
 635  KU950478   94.19%    failed      0.00%
 636  KU950562   94.19%    failed      0.00%
 637  KU950630   94.19%    failed      0.00%
 638  KU950672   94.19%    failed      0.00%
 639  KU950535   94.19%    failed      0.00%
 640  KU950514   94.19%    failed      0.00%
 641  KU950697   94.19%    failed      0.00%
 642  KU950601   94.19%    failed      0.00%
 643  KU839641   94.19%    failed      0.00%
 644  KU950465   94.19%    failed      0.00%
 645  KU950503   94.19%    failed      0.00%
 646  KU950648   94.19%    failed      0.00%
 647  KU950622   94.19%    failed      0.00%
 648  KU950679   94.19%    failed      0.00%
 649  KU950665   94.19%    failed      0.00%
 650  KU950688   94.19%    failed      0.00%
 651  KU950555   94.19%    failed      0.00%
 652  KU950539   94.19%    failed      0.00%
 653  KU950606   94.19%    failed      0.00%
 654  KU950543   94.19%    failed      0.00%
 655  KU950689   94.19%    failed      0.00%
 656  KU839629   94.19%    failed      0.00%
 657  KU950532   94.19%    failed      0.00%
 658  KU950687   94.19%    failed      0.00%
 659  KU950668   94.19%    failed      0.00%
 660  MT040081   94.19%    failed      0.00%
 661  KX655654   94.19%    failed      0.00%
 662  MF185753   94.19%    failed      0.00%
 663  KU950558   94.19%    failed      0.00%
 664  KU950461   94.19%    failed      0.00%
 665  KU950621   94.19%    failed      0.00%
 666  KY249668   94.19%    failed      0.00%
 667  MK109767   94.19%    failed      0.00%
 668  LC474529   94.19%    failed      0.00%
 669  LC474530   94.19%    failed      0.00%
 670  KX655674   94.19%    failed      0.00%
 671  KX765945   94.19%    failed      0.00%
 672  KY249669   94.19%    failed      0.00%
 673  LC474527   94.19%    failed      0.00%
 674  KY883571   94.20%    failed      0.00%
 675  KX765890   94.19%    failed      0.00%
 676  KX765922   94.19%    failed      0.00%
 677  KX765978   94.19%    failed      0.00%
 678  KU950588   94.19%    failed      0.00%
 679  KU839633   94.19%    failed      0.00%
 680  KU950533   94.19%    failed      0.00%
 681  KU950542   94.19%    failed      0.00%
 682  KU950508   94.19%    failed      0.00%
 683  KU950548   94.19%    failed      0.00%
 684  KU950547   94.19%    failed      0.00%
 685  KJ672476   94.19%    failed      0.00%
 686  KU950586   94.19%    failed      0.00%
 687  KU950571   94.19%    failed      0.00%
 688  OK649755   94.19%    failed      0.00%
 689  KU950633   94.19%    failed      0.00%
 690  MF001055   94.19%    failed      0.00%
 691  KY249672   94.19%    failed      0.00%
 692  KX765889   94.19%    failed      0.00%
 693  KX765964   94.19%    failed      0.00%
 694  KX765976   94.19%    failed      0.00%
 695  KX765952   94.19%    failed      0.00%
 696  JX576737   94.19%    failed      0.00%
 697  KY249679   94.19%    failed      0.00%
 698  MG431251   94.19%    failed      0.00%
 699  KY249675   94.19%    failed      0.00%
 700  KY249680   94.19%    failed      0.00%
 701  KY249676   94.19%    failed      0.00%
 702  KU950618   94.19%    failed      0.00%
 703  LC474559   94.19%    failed      0.00%
 704  LC474560   94.19%    failed      0.00%
 705  MF001046   94.19%    failed      0.00%
 706  KY249671   94.19%    failed      0.00%
 707  JX576741   94.19%    failed      0.00%
 708  MH685715   94.19%    failed      0.00%
 709  OK649701   94.19%    failed      0.00%
 710  LC384998   94.19%    failed      0.00%
 711  KP317928   94.19%    failed      0.00%
 712  KF826859   94.19%    failed      0.00%
 713  JX576730   94.19%    failed      0.00%
 714  OK649695   94.19%    failed      0.00%
 715  OK649696   94.19%    failed      0.00%
 716  OK649703   94.19%    failed      0.00%
 717  OK649716   94.19%    failed      0.00%
 718  OK649717   94.19%    failed      0.00%
 719  OK649718   94.19%    failed      0.00%
 720  OK649720   94.19%    failed      0.00%
 721  OK649715   94.19%    failed      0.00%
 722  KF826860   94.19%    failed      0.00%
 723  KF826820   94.19%    failed      0.00%
 724  LC474522   94.19%    failed      0.00%
 725  OK649700   94.19%    failed      0.00%
 726  JX576749   94.19%    failed      0.00%
 727  KP317952   94.19%    failed      0.00%
 728  KP317934   94.19%    failed      0.00%
 729  KP317945   94.19%    failed      0.00%
 730  KP317927   94.19%    failed      0.00%
 731  KJ627285   94.19%    failed      0.00%
 732  MF001044   94.19%    failed      0.00%
 733  KX655664   94.19%    failed      0.00%
 734  MK749883   94.19%    failed      0.00%
 735  KU950669   94.19%    failed      0.00%
 736  KJ627302   94.19%    failed      0.00%
 737  KY249657   94.19%    failed      0.00%
 738  KX765947   94.19%    failed      0.00%
 739  MZ516025   94.19%    failed      0.00%
 740  OK649688   94.19%    failed      0.00%
 741  KP317941   94.19%    failed      0.00%
 742  KP317932   94.19%    failed      0.00%
 743  KF826844   94.19%    failed      0.00%
 744  KF826843   94.19%    failed      0.00%
 745  JX576742   94.19%    failed      0.00%
 746  MG431253   94.46%    failed      0.00%
 747  KJ627277   94.19%    failed      0.00%
 748  KJ627247   94.19%    failed      0.00%
 749  KJ627332   94.19%    failed      0.00%
 750  OK649699   94.19%    failed      0.00%
 751  KF826845   94.19%    failed      0.00%
 752  KU950657   94.19%    failed      0.00%
 753  KX765900   94.19%    failed      0.00%
 754  JX576739   94.19%    failed      0.00%
 755  KJ939926   94.15%    failed      0.00%
 756  MF001042   94.19%    failed      0.00%
 757  KX765893   94.19%    failed      0.00%
 758  KU950693   94.19%    failed      0.00%
 759  KU950489   94.19%    failed      0.00%
 760  KU950647   94.19%    failed      0.00%
 761  KX765888   94.19%    failed      0.00%
 762  KX765907   94.19%    failed      0.00%
 763  KX765973   94.19%    failed      0.00%
 764  KU839636   94.19%    failed      0.00%
 765  KU950484   94.19%    failed      0.00%
 766  KU950662   94.19%    failed      0.00%
 767  LC474535   94.19%    failed      0.00%
 768  KY249674   94.19%    failed      0.00%
 769  KX765909   94.19%    failed      0.00%
 770  KX765923   94.19%    failed      0.00%
 771  KU950625   94.19%    failed      0.00%
 772  KU950602   94.19%    failed      0.00%
 773  KY249666   94.19%    failed      0.00%
 774  KX765908   94.19%    failed      0.00%
 775  KX765943   94.19%    failed      0.00%
 776  KX765965   94.19%    failed      0.00%
 777  KY249661   94.19%    failed      0.00%
 778  KX655685   94.19%    failed      0.00%
 779  KY249659   94.19%    failed      0.00%
 780  KX655669   94.19%    failed      0.00%
 781  LC474523   94.19%    failed      0.00%
 782  LC474526   94.19%    failed      0.00%
 783  KY249662   94.19%    failed      0.00%
 784  KX655690   94.30%    failed      0.00%
 785  KJ672430   94.19%    failed      0.00%
 786  KJ672481   94.19%    failed      0.00%
 787  KM042393   94.19%    failed      0.00%
 788  KU950619   94.19%    failed      0.00%
 789  KJ672425   94.19%    failed      0.00%
 790  KJ672438   94.19%    failed      0.00%
 791  KU950500   94.19%    failed      0.00%
 792  KU950576   94.19%    failed      0.00%
 793  KJ672473   94.19%    failed      0.00%
 794  LC474528   94.19%    failed      0.00%
 795  JX576733   94.19%    failed      0.00%
 796  KY249663   94.19%    failed      0.00%
 797  KX655671   94.19%    failed      0.00%
 798  KY249678   94.19%    failed      0.00%
 799  KY249670   94.19%    failed      0.00%
 800  KX655660   94.19%    failed      0.00%
 801  MK109764   94.19%    failed      0.00%
 802  KX765897   94.19%    failed      0.00%
 803  KX655686   94.19%    failed      0.00%
 804  KY249664   94.19%    failed      0.00%
 805  KJ939930   94.15%    failed      0.00%
 806  MW160786   94.19%    failed      0.00%
 807  JQ582844   94.15%    failed      0.00%
 808  MF185752   94.15%    failed      0.00%
 809  JX576762   94.15%    failed      0.00%
 810  JX576758   94.15%    failed      0.00%
 811  KF826825   94.15%    failed      0.00%
 812  JX576761   94.15%    failed      0.00%
 813  KP258724   94.25%    failed      0.00%
 814  KP856966   94.15%    failed      0.00%
 815  KP258713   94.25%    failed      0.00%
 816  OK649748   94.25%    failed      0.00%
 817  KU316134   94.25%    failed      0.00%
 818  KP258739   94.15%    failed      0.00%
 819  KP258742   94.25%    failed      0.00%
 820  KP258745   94.25%    failed      0.00%
 821  KP258708   94.25%    failed      0.00%
 822  OK649752   94.25%    failed      0.00%
 823  KU316100   94.25%    failed      0.00%
 824  OK649740   94.25%    failed      0.00%
 825  KU316105   94.15%    failed      0.00%
 826  KU316172   94.15%    failed      0.00%
 827  KU316158   94.15%    failed      0.00%
 828  KF826829   94.15%    failed      0.00%
 829  OK649754   94.15%    failed      0.00%
 830  OK649753   94.15%    failed      0.00%
 831  JQ582843   94.25%    failed      0.00%
 832  MF185754   94.25%    failed      0.00%
 833  KU316179   94.25%    failed      0.00%
 834  JX576760   94.25%    failed      0.00%
 835  KJ939919   94.15%    failed      0.00%
 836  KJ939922   94.15%    failed      0.00%
 837  KP856961   94.15%    failed      0.00%
 838  KP856965   94.15%    failed      0.00%
 839  KJ723466   94.15%    failed      0.00%
 840  KU316163   94.15%    failed      0.00%
 841  OK649747   94.15%    failed      0.00%
 842  MG642049   94.15%    failed      0.00%
 843  KP258720   94.15%    failed      0.00%
 844  KU316156   94.15%    failed      0.00%
 845  KU316094   94.15%    failed      0.00%
 846  KU316111   94.15%    failed      0.00%
 847  KP258705   94.15%    failed      0.00%
 848  KP258702   94.15%    failed      0.00%
 849  MG642064   94.15%    failed      0.00%
 850  KU316117   94.15%    failed      0.00%
 851  OK649746   94.15%    failed      0.00%
 852  KJ723484   94.15%    failed      0.00%
 853  KU316114   94.15%    failed      0.00%
 854  OK649750   94.15%    failed      0.00%
 855  OK649745   94.15%    failed      0.00%
 856  OK649751   94.15%    failed      0.00%
 857  KU316128   94.15%    failed      0.00%
 858  KU316159   94.15%    failed      0.00%
 859  MG642062   94.15%    failed      0.00%
 860  KP258731   94.19%    failed      0.00%
 861  KU316129   94.19%    failed      0.00%
 862  MG642051   94.19%    failed      0.00%
 863  KU316151   94.19%    failed      0.00%
 864  KJ723463   94.19%    failed      0.00%
 865  KU316108   94.19%    failed      0.00%
 866  KJ723476   94.19%    failed      0.00%
 867  KJ723469   94.19%    failed      0.00%
 868  KP258735   94.19%    failed      0.00%
 869  MG642076   94.19%    failed      0.00%
 870  MG642068   94.19%    failed      0.00%
 871  KP258712   94.15%    failed      0.00%
 872  KP258721   94.19%    failed      0.00%
 873  KP258698   94.15%    failed      0.00%
 874  KJ723460   94.15%    failed      0.00%
 875  KU316144   94.15%    failed      0.00%
 876  MG642054   94.15%    failed      0.00%
 877  KU316132   94.15%    failed      0.00%
 878  KJ723480   94.15%    failed      0.00%
 879  KJ723477   94.15%    failed      0.00%
 880  KU316127   94.15%    failed      0.00%
 881  MG642072   94.15%    failed      0.00%
 882  MG642027   94.15%    failed      0.00%
 883  KJ723470   94.15%    failed      0.00%
 884  OK649749   94.15%    failed      0.00%
 885  KJ723482   94.15%    failed      0.00%
 886  KU316113   94.15%    failed      0.00%
 887  MG642036   94.15%    failed      0.00%
 888  MG642082   94.15%    failed      0.00%
 889  KU316181   94.15%    failed      0.00%
 890  MG642066   94.15%    failed      0.00%
 891  KP258714   94.15%    failed      0.00%
 892  KJ723481   94.15%    failed      0.00%
 893  KU316130   94.15%    failed      0.00%
 894  MG642042   94.15%    failed      0.00%
 895  MG642057   94.15%    failed      0.00%
 896  KU316173   94.15%    failed      0.00%
 897  MG642039   94.15%    failed      0.00%
 898  KU316175   94.15%    failed      0.00%
 899  KU316102   94.15%    failed      0.00%
 900  MG642043   94.15%    failed      0.00%
 901  MG642046   94.15%    failed      0.00%
 902  KU316182   94.15%    failed      0.00%
 903  KP856963   94.15%    failed      0.00%
 904  KU316122   94.15%    failed      0.00%
 905  MG642037   94.15%    failed      0.00%
 906  MG642047   94.15%    failed      0.00%
 907  KU316116   94.15%    failed      0.00%
 908  MG642045   94.15%    failed      0.00%
 909  KP258736   94.15%    failed      0.00%
 910  KU316177   94.15%    failed      0.00%
 911  MG642065   94.15%    failed      0.00%
 912  KU316101   94.15%    failed      0.00%
 913  MG642025   94.15%    failed      0.00%
 914  MG642044   94.15%    failed      0.00%
 915  MG642078   94.15%    failed      0.00%
 916  KJ723479   94.15%    failed      0.00%
 917  KP258718   94.15%    failed      0.00%
 918  MG642059   94.15%    failed      0.00%
 919  KU316147   94.15%    failed      0.00%
 920  KU316095   94.15%    failed      0.00%
 921  KU316097   94.15%    failed      0.00%
 922  KJ723485   94.16%    failed      0.00%
 923  KU316136   94.16%    failed      0.00%
 924  KP258738   94.15%    failed      0.00%
 925  KU316115   94.15%    failed      0.00%
 926  KP317923   94.15%    failed      0.00%
 927  KF826853   94.15%    failed      0.00%
 928  MF185751   94.15%    failed      0.00%
 929  MG813995   94.17%    failed      0.00%
WARNING: 929 sequences contain more than 50% gaps/ambiguity
****  TOTAL      94.19%  929 sequences failed composition chi2 test (p-value<5%; df=3)
NOTE: MK534510 is identical to MK481079 but kept for subsequent analysis
NOTE: MZ515663 is identical to MZ515926 but kept for subsequent analysis
NOTE: MW160838 is identical to MW160826 but kept for subsequent analysis
NOTE: MZ515698 is identical to MZ515669 but kept for subsequent analysis
NOTE: MK749899 is identical to MK749891 but kept for subsequent analysis
NOTE: LC385005 is identical to LC384999 but kept for subsequent analysis
NOTE: MK749872 is identical to MK749871 but kept for subsequent analysis
NOTE: MZ515843 is identical to MZ515578 but kept for subsequent analysis
NOTE: MZ515886 is identical to MZ515865 but kept for subsequent analysis
NOTE: MZ515694 is identical to MZ516107 but kept for subsequent analysis
NOTE: MZ515995 is identical to MZ515955 but kept for subsequent analysis
NOTE: MZ515710 is identical to MZ515743 but kept for subsequent analysis
NOTE: MZ515746 is identical to MZ516094 but kept for subsequent analysis
NOTE: MK534512 is identical to MK534511 but kept for subsequent analysis
NOTE: MZ515761 is identical to MZ516022 but kept for subsequent analysis
NOTE: MW160806 is identical to MW160793 but kept for subsequent analysis
NOTE: MZ515970 is identical to MZ515832 but kept for subsequent analysis
NOTE: MW160792 is identical to MW160750 but kept for subsequent analysis
NOTE: MW160835 is identical to MW160813 but kept for subsequent analysis
NOTE: MK749885 is identical to MK749868 but kept for subsequent analysis
NOTE: MK749910 is identical to MK749869 but kept for subsequent analysis
NOTE: MT040089 is identical to MT040086 but kept for subsequent analysis
NOTE: MZ515611 is identical to MZ515565 but kept for subsequent analysis
NOTE: MZ515991 is identical to MZ515868 but kept for subsequent analysis
NOTE: MZ515770 is identical to MZ515587 but kept for subsequent analysis
NOTE: MZ515713 is identical to MZ515817 but kept for subsequent analysis
NOTE: MZ515917 is identical to MZ515894 but kept for subsequent analysis
NOTE: MZ515890 is identical to MZ515561 but kept for subsequent analysis
NOTE: MZ515974 is identical to MT107528 but kept for subsequent analysis
NOTE: MZ515658 is identical to MZ515845 but kept for subsequent analysis
NOTE: MZ515596 is identical to MZ516051 but kept for subsequent analysis
NOTE: MZ515771 is identical to MZ516083 but kept for subsequent analysis
NOTE: MZ515636 is identical to MZ515903 but kept for subsequent analysis
NOTE: MZ515678 is identical to MZ515823 but kept for subsequent analysis
NOTE: MZ515930 is identical to MZ515827 but kept for subsequent analysis
NOTE: MZ516101 is identical to MZ515844 but kept for subsequent analysis
NOTE: MZ515779 is identical to MZ515937 but kept for subsequent analysis
NOTE: MZ515979 is identical to MZ515846 but kept for subsequent analysis
NOTE: MZ515677 is identical to MZ515953 but kept for subsequent analysis
NOTE: MZ515904 is identical to MZ515786 but kept for subsequent analysis
NOTE: MZ515594 is identical to MZ515978 but kept for subsequent analysis
NOTE: MZ515778 is identical to MZ516105 but kept for subsequent analysis
NOTE: MZ516037 is identical to MZ515820 but kept for subsequent analysis
NOTE: MZ151851 is identical to MZ151849 but kept for subsequent analysis
NOTE: MZ515946 is identical to MZ515581 but kept for subsequent analysis
NOTE: MZ515595 is identical to MZ515794 but kept for subsequent analysis
NOTE: MZ516042 is identical to MZ515857 but kept for subsequent analysis
NOTE: MZ516135 is identical to MZ515558 but kept for subsequent analysis
NOTE: MZ515751 is identical to MZ515727 but kept for subsequent analysis
NOTE: MZ516061 is identical to MZ515584 but kept for subsequent analysis
NOTE: MZ515977 is identical to MZ515562 but kept for subsequent analysis
NOTE: MZ516122 is identical to MZ516020 but kept for subsequent analysis
NOTE: MZ515637 is identical to MZ515981 but kept for subsequent analysis
NOTE: MK749888 is identical to MK749904 but kept for subsequent analysis
NOTE: MK749880 is identical to MK749866 but kept for subsequent analysis
NOTE: MK749905 is identical to MK749889 but kept for subsequent analysis
NOTE: MZ515699 is identical to MZ515664 but kept for subsequent analysis
NOTE: MW160791 is identical to MW160745 but kept for subsequent analysis
NOTE: KU950604 is identical to KU950587 but kept for subsequent analysis
NOTE: KU950607 is identical to KU839625 but kept for subsequent analysis
NOTE: KX765895 is identical to KX765892 but kept for subsequent analysis
NOTE: KU950467 is identical to KU950611 but kept for subsequent analysis
NOTE: KY883569 is identical to KY883568 but kept for subsequent analysis
NOTE: LC385007 is identical to LC385000 but kept for subsequent analysis
NOTE: LC474532 is identical to LC474531 but kept for subsequent analysis
NOTE: OK649705 is identical to OK649689 but kept for subsequent analysis
NOTE: OK649687 is identical to OK649685 but kept for subsequent analysis
NOTE: OK649714 is identical to OK649694 but kept for subsequent analysis
NOTE: KF826857 is identical to KF826835 but kept for subsequent analysis
NOTE: KJ627310 is identical to KJ627317 but kept for subsequent analysis
NOTE: MK167034 is identical to MF001045 but kept for subsequent analysis
NOTE: JX576729 is identical to JX576731 but kept for subsequent analysis
NOTE: OK649693 is identical to OK649691 but kept for subsequent analysis
NOTE: OK649697 is identical to OK649704 but kept for subsequent analysis
NOTE: OK649737 is identical to OK649728 but kept for subsequent analysis
NOTE: KU950614 is identical to KU950574 but kept for subsequent analysis
NOTE: OK649744 is identical to OK649742 but kept for subsequent analysis
NOTE: OK649702 is identical to OK649739 but kept for subsequent analysis
NOTE: KJ627278 is identical to KJ627341 but kept for subsequent analysis
NOTE: MK109789 is identical to MK109765 but kept for subsequent analysis
NOTE: JX576743 is identical to JX576740 but kept for subsequent analysis
NOTE: KX765966 is identical to KX765921 but kept for subsequent analysis
NOTE: KJ939934 is identical to KJ939923 but kept for subsequent analysis
NOTE: KX765968 is identical to KX765930 but kept for subsequent analysis
NOTE: KX655649 is identical to KX655629 but kept for subsequent analysis
NOTE: MK109788 is identical to KX655624 but kept for subsequent analysis
NOTE: MK109780 is identical to MK109778 but kept for subsequent analysis
NOTE: KX655698 is identical to MK109784 but kept for subsequent analysis
NOTE: OK649712 is identical to OK649710 but kept for subsequent analysis
NOTE: OK649730 is identical to OK649724 but kept for subsequent analysis
NOTE: OK649731 is identical to OK649729 but kept for subsequent analysis
NOTE: KJ627262 is identical to KJ627342 but kept for subsequent analysis
NOTE: KX765927 is identical to KJ627340 but kept for subsequent analysis
NOTE: MK109779 is identical to KX655684 but kept for subsequent analysis
NOTE: KU839634 is identical to KU950577 but kept for subsequent analysis
NOTE: KU950515 is identical to KU839640 but kept for subsequent analysis
NOTE: KU950599 is identical to KU839632 but kept for subsequent analysis
NOTE: KU950465 is identical to KU839641 but kept for subsequent analysis
NOTE: KU950648 is identical to KU950503 but kept for subsequent analysis
NOTE: KU950543 is identical to KU950606 but kept for subsequent analysis
NOTE: KU950532 is identical to KU839629 but kept for subsequent analysis
NOTE: KU950461 is identical to KU950558 but kept for subsequent analysis
NOTE: LC474530 is identical to LC474529 but kept for subsequent analysis
NOTE: KX765922 is identical to KX765890 but kept for subsequent analysis
NOTE: KU839633 is identical to KU950588 but kept for subsequent analysis
NOTE: KU950586 is identical to KJ672476 but kept for subsequent analysis
NOTE: KX765964 is identical to KX765889 but kept for subsequent analysis
NOTE: OK649696 is identical to OK649695 but kept for subsequent analysis
NOTE: OK649717 is identical to OK649716 but kept for subsequent analysis
NOTE: KJ627332 is identical to KJ627247 but kept for subsequent analysis
NOTE: KU950647 is identical to KU950489 but kept for subsequent analysis
NOTE: KX765907 is identical to KX765888 but kept for subsequent analysis
NOTE: KU950484 is identical to KU839636 but kept for subsequent analysis
NOTE: KX765923 is identical to KX765909 but kept for subsequent analysis
NOTE: KX765943 is identical to KX765908 but kept for subsequent analysis
NOTE: KJ672481 is identical to KJ672430 but kept for subsequent analysis
NOTE: MK109764 is identical to KX655660 but kept for subsequent analysis
NOTE: MF185754 is identical to JQ582843 but kept for subsequent analysis
NOTE: KJ939922 is identical to KJ939919 but kept for subsequent analysis
NOTE: KP856965 is identical to KP856961 but kept for subsequent analysis
NOTE: KU316163 is identical to KJ723466 but kept for subsequent analysis
NOTE: KU316094 is identical to KU316156 but kept for subsequent analysis
NOTE: KP258702 is identical to KP258705 but kept for subsequent analysis
NOTE: MG642051 is identical to KU316129 but kept for subsequent analysis
NOTE: KU316108 is identical to KJ723463 but kept for subsequent analysis
NOTE: KJ723460 is identical to KP258698 but kept for subsequent analysis
NOTE: KU316113 is identical to KJ723482 but kept for subsequent analysis
NOTE: KU316130 is identical to KJ723481 but kept for subsequent analysis
NOTE: MG642047 is identical to MG642037 but kept for subsequent analysis
NOTE: MG642025 is identical to KU316101 but kept for subsequent analysis
NOTE: MG642078 is identical to MG642044 but kept for subsequent analysis
NOTE: KP258718 is identical to KJ723479 but kept for subsequent analysis
NOTE: KU316095 is identical to KU316147 but kept for subsequent analysis
NOTE: 153 identical sequences (see below) will be ignored for subsequent analysis
NOTE: MZ516060 (identical to MZ515926) is ignored but added at the end
NOTE: MW160837 (identical to MW160826) is ignored but added at the end
NOTE: MK749898 (identical to MK749871) is ignored but added at the end
NOTE: MK749902 (identical to MK749871) is ignored but added at the end
NOTE: MZ515831 (identical to MZ515578) is ignored but added at the end
NOTE: MZ516082 (identical to MZ515578) is ignored but added at the end
NOTE: MZ516034 (identical to MZ515865) is ignored but added at the end
NOTE: MZ516089 (identical to MZ515865) is ignored but added at the end
NOTE: MZ515665 (identical to MZ515865) is ignored but added at the end
NOTE: MZ515730 (identical to MZ515865) is ignored but added at the end
NOTE: MZ515683 (identical to MZ515865) is ignored but added at the end
NOTE: MZ515792 (identical to MZ515865) is ignored but added at the end
NOTE: MZ515805 (identical to MZ515865) is ignored but added at the end
NOTE: MZ515625 (identical to MZ515865) is ignored but added at the end
NOTE: MZ515670 (identical to MZ515865) is ignored but added at the end
NOTE: MZ515598 (identical to MZ516094) is ignored but added at the end
NOTE: MW160788 (identical to MW160750) is ignored but added at the end
NOTE: MW160755 (identical to MW160750) is ignored but added at the end
NOTE: MK749916 (identical to MK749869) is ignored but added at the end
NOTE: MT040088 (identical to MT040086) is ignored but added at the end
NOTE: MT040087 (identical to MT040086) is ignored but added at the end
NOTE: MZ515869 (identical to MZ515587) is ignored but added at the end
NOTE: MZ516141 (identical to MZ515587) is ignored but added at the end
NOTE: MZ515892 (identical to MZ515587) is ignored but added at the end
NOTE: MZ516126 (identical to MZ515587) is ignored but added at the end
NOTE: MZ515729 (identical to MZ515587) is ignored but added at the end
NOTE: MZ515996 (identical to MZ515587) is ignored but added at the end
NOTE: MZ515849 (identical to MZ515817) is ignored but added at the end
NOTE: MZ516116 (identical to MZ515894) is ignored but added at the end
NOTE: MZ515667 (identical to MZ515894) is ignored but added at the end
NOTE: MZ515916 (identical to MZ515894) is ignored but added at the end
NOTE: MZ515627 (identical to MZ515561) is ignored but added at the end
NOTE: MZ515944 (identical to MZ515845) is ignored but added at the end
NOTE: MZ515883 (identical to MZ515845) is ignored but added at the end
NOTE: MZ515767 (identical to MZ516051) is ignored but added at the end
NOTE: MZ515972 (identical to MZ515827) is ignored but added at the end
NOTE: MZ516143 (identical to MZ515827) is ignored but added at the end
NOTE: MZ515728 (identical to MZ515827) is ignored but added at the end
NOTE: MZ515715 (identical to MZ515827) is ignored but added at the end
NOTE: MZ516140 (identical to MZ515827) is ignored but added at the end
NOTE: MZ515684 (identical to MZ515827) is ignored but added at the end
NOTE: MZ515776 (identical to MZ515827) is ignored but added at the end
NOTE: MZ515899 (identical to MZ515827) is ignored but added at the end
NOTE: MZ515671 (identical to MZ515844) is ignored but added at the end
NOTE: MZ515691 (identical to MZ515844) is ignored but added at the end
NOTE: MZ515759 (identical to MZ515937) is ignored but added at the end
NOTE: MZ515653 (identical to MZ515978) is ignored but added at the end
NOTE: MZ516125 (identical to MZ515820) is ignored but added at the end
NOTE: MZ515936 (identical to MZ515820) is ignored but added at the end
NOTE: MZ516081 (identical to MZ515857) is ignored but added at the end
NOTE: MZ515791 (identical to MZ515857) is ignored but added at the end
NOTE: MZ515726 (identical to MZ515857) is ignored but added at the end
NOTE: MZ515914 (identical to MZ515857) is ignored but added at the end
NOTE: MZ515934 (identical to MZ515857) is ignored but added at the end
NOTE: MZ515607 (identical to MZ515857) is ignored but added at the end
NOTE: MZ515635 (identical to MZ515857) is ignored but added at the end
NOTE: MZ515753 (identical to MZ515857) is ignored but added at the end
NOTE: MZ515622 (identical to MZ515857) is ignored but added at the end
NOTE: MZ515639 (identical to MZ515558) is ignored but added at the end
NOTE: MZ516003 (identical to MZ515558) is ignored but added at the end
NOTE: MZ515938 (identical to MZ515558) is ignored but added at the end
NOTE: MZ515638 (identical to MZ516020) is ignored but added at the end
NOTE: MZ515757 (identical to MZ515981) is ignored but added at the end
NOTE: MK749914 (identical to MK749866) is ignored but added at the end
NOTE: MK749874 (identical to MK749866) is ignored but added at the end
NOTE: MK749915 (identical to MK749866) is ignored but added at the end
NOTE: MK749870 (identical to MK749866) is ignored but added at the end
NOTE: MK749903 (identical to MK749866) is ignored but added at the end
NOTE: MK749878 (identical to MK749866) is ignored but added at the end
NOTE: MK749906 (identical to MK749866) is ignored but added at the end
NOTE: MK749908 (identical to MK749889) is ignored but added at the end
NOTE: MW160790 (identical to MW160745) is ignored but added at the end
NOTE: MW160798 (identical to MW160745) is ignored but added at the end
NOTE: KX765929 (identical to KX765892) is ignored but added at the end
NOTE: LC385003 (identical to LC385000) is ignored but added at the end
NOTE: MK453523 (identical to MF001045) is ignored but added at the end
NOTE: KU950457 (identical to KU950574) is ignored but added at the end
NOTE: OK649721 (identical to OK649739) is ignored but added at the end
NOTE: KX765957 (identical to KX765921) is ignored but added at the end
NOTE: KX655633 (identical to MK109778) is ignored but added at the end
NOTE: KX655645 (identical to MK109778) is ignored but added at the end
NOTE: KX655693 (identical to MK109778) is ignored but added at the end
NOTE: MK109783 (identical to MK109778) is ignored but added at the end
NOTE: OK649733 (identical to OK649724) is ignored but added at the end
NOTE: OK649734 (identical to OK649729) is ignored but added at the end
NOTE: KU950565 (identical to KU950577) is ignored but added at the end
NOTE: KU950559 (identical to KU950577) is ignored but added at the end
NOTE: KU950695 (identical to KU950577) is ignored but added at the end
NOTE: KU839635 (identical to KU950577) is ignored but added at the end
NOTE: KU839628 (identical to KU950577) is ignored but added at the end
NOTE: KU839623 (identical to KU950577) is ignored but added at the end
NOTE: KU839627 (identical to KU950577) is ignored but added at the end
NOTE: KU950568 (identical to KU950577) is ignored but added at the end
NOTE: KU950516 (identical to KU950577) is ignored but added at the end
NOTE: KU950525 (identical to KU950577) is ignored but added at the end
NOTE: KU950481 (identical to KU950577) is ignored but added at the end
NOTE: KU950504 (identical to KU950577) is ignored but added at the end
NOTE: KU950591 (identical to KU950577) is ignored but added at the end
NOTE: KU950659 (identical to KU950577) is ignored but added at the end
NOTE: KU950678 (identical to KU950577) is ignored but added at the end
NOTE: KU950462 (identical to KU950577) is ignored but added at the end
NOTE: KU950580 (identical to KU950577) is ignored but added at the end
NOTE: KU950593 (identical to KU950577) is ignored but added at the end
NOTE: KU950582 (identical to KU950577) is ignored but added at the end
NOTE: KU950681 (identical to KU950577) is ignored but added at the end
NOTE: KU950512 (identical to KU950577) is ignored but added at the end
NOTE: KU950534 (identical to KU950577) is ignored but added at the end
NOTE: KU950684 (identical to KU950577) is ignored but added at the end
NOTE: KU950471 (identical to KU950577) is ignored but added at the end
NOTE: KU950675 (identical to KU950577) is ignored but added at the end
NOTE: KU950517 (identical to KU950577) is ignored but added at the end
NOTE: KU950656 (identical to KU950577) is ignored but added at the end
NOTE: KU950476 (identical to KU839640) is ignored but added at the end
NOTE: KU839638 (identical to KU839632) is ignored but added at the end
NOTE: KU950510 (identical to KU839632) is ignored but added at the end
NOTE: KU950497 (identical to KU839632) is ignored but added at the end
NOTE: KU950663 (identical to KU839632) is ignored but added at the end
NOTE: KU950526 (identical to KU839632) is ignored but added at the end
NOTE: KU950478 (identical to KU839632) is ignored but added at the end
NOTE: KU950562 (identical to KU839632) is ignored but added at the end
NOTE: KU950630 (identical to KU839632) is ignored but added at the end
NOTE: KU950672 (identical to KU839632) is ignored but added at the end
NOTE: KU950535 (identical to KU839632) is ignored but added at the end
NOTE: KU950514 (identical to KU839632) is ignored but added at the end
NOTE: KU950697 (identical to KU839632) is ignored but added at the end
NOTE: KU950601 (identical to KU839632) is ignored but added at the end
NOTE: KU950533 (identical to KU950588) is ignored but added at the end
NOTE: KU950542 (identical to KU950588) is ignored but added at the end
NOTE: KU950571 (identical to KJ672476) is ignored but added at the end
NOTE: KX765976 (identical to KX765889) is ignored but added at the end
NOTE: KX765952 (identical to KX765889) is ignored but added at the end
NOTE: OK649718 (identical to OK649716) is ignored but added at the end
NOTE: OK649720 (identical to OK649716) is ignored but added at the end
NOTE: OK649715 (identical to OK649716) is ignored but added at the end
NOTE: KX765973 (identical to KX765888) is ignored but added at the end
NOTE: KX765965 (identical to KX765908) is ignored but added at the end
NOTE: KY249661 (identical to KX765908) is ignored but added at the end
NOTE: KM042393 (identical to KJ672430) is ignored but added at the end
NOTE: KU950619 (identical to KJ672430) is ignored but added at the end
NOTE: MG642064 (identical to KP258705) is ignored but added at the end
NOTE: KU316151 (identical to KU316129) is ignored but added at the end
NOTE: KJ723476 (identical to KJ723463) is ignored but added at the end
NOTE: KJ723469 (identical to KJ723463) is ignored but added at the end
NOTE: KU316144 (identical to KP258698) is ignored but added at the end
NOTE: MG642054 (identical to KP258698) is ignored but added at the end
NOTE: KU316132 (identical to KP258698) is ignored but added at the end
NOTE: MG642036 (identical to KJ723482) is ignored but added at the end
NOTE: MG642082 (identical to KJ723482) is ignored but added at the end
NOTE: MG642042 (identical to KJ723481) is ignored but added at the end
NOTE: MG642057 (identical to KJ723481) is ignored but added at the end
NOTE: KU316173 (identical to KJ723481) is ignored but added at the end
NOTE: MG642039 (identical to KJ723481) is ignored but added at the end
NOTE: MG642059 (identical to KJ723479) is ignored but added at the end
Alignment was printed to results/aligned_B_G-delim.fasta.uniqueseq.phy

For your convenience alignment with unique sequences printed to results/aligned_B_G-delim.fasta.uniqueseq.phy

Create initial parsimony tree by phylogenetic likelihood library (PLL)... 0.384 seconds

NOTE: 15 MB RAM (0 GB) is required!
Estimate model parameters (epsilon = 0.500)
1. Initial log-likelihood: -24867.232
2. Current log-likelihood: -18463.970
3. Current log-likelihood: -18126.394
4. Current log-likelihood: -18125.564
Optimal log-likelihood: -18125.560
Rate parameters:  A-C: 3.06473  A-G: 18.74846  A-T: 2.12401  C-G: 0.17288  C-T: 40.10165  G-T: 1.00000
Base frequencies:  A: 0.318  C: 0.273  G: 0.189  T: 0.220
Parameters optimization took 4 rounds (4.823 sec)
Computing ML distances based on estimated model parameters...
Computing ML distances took 5.552947 sec (of wall-clock time) 4.647331 sec(of CPU time)
Computing RapidNJ tree took 0.067923 sec (of wall-clock time) 0.115874 sec (of CPU time)
Log-likelihood of RapidNJ tree: -18175.332
--------------------------------------------------------------------
|             INITIALIZING CANDIDATE TREE SET                      |
--------------------------------------------------------------------

Do NNI search on 2 best initial trees
Estimate model parameters (epsilon = 0.500)
BETTER TREE FOUND at iteration 1: -18109.704
Estimate model parameters (epsilon = 0.500)
BETTER TREE FOUND at iteration 2: -17985.303
Finish initializing candidate tree set (4)
Current best tree score: -17985.303 / CPU time: 6.722
Number of iterations: 2
TREE SEARCH COMPLETED AFTER 2 ITERATIONS / Time: 0h:0m:19s

--------------------------------------------------------------------
|                    FINALIZING TREE SEARCH                        |
--------------------------------------------------------------------
Performs final model parameters optimization
Estimate model parameters (epsilon = 0.050)
1. Initial log-likelihood: -17985.303
Optimal log-likelihood: -17985.303
Rate parameters:  A-C: 2.98970  A-G: 18.57045  A-T: 2.08485  C-G: 0.13932  C-T: 40.23883  G-T: 1.00000
Base frequencies:  A: 0.318  C: 0.273  G: 0.189  T: 0.220
Parameters optimization took 1 rounds (0.363 sec)
BEST SCORE FOUND : -17985.303
Total tree length: 2.977

Total number of iterations: 2
CPU time used for tree search: 5.591 sec (0h:0m:5s)
Wall-clock time used for tree search: 6.756 sec (0h:0m:6s)
Total CPU time used: 17.156 sec (0h:0m:17s)
Total wall-clock time used: 20.104 sec (0h:0m:20s)

Analysis results written to: 
  IQ-TREE report:                results/aligned_B_G-delim.fasta.iqtree
  Maximum-likelihood tree:       results/aligned_B_G-delim.fasta.treefile
  Likelihood distances:          results/aligned_B_G-delim.fasta.mldist
  Screen log file:               results/aligned_B_G-delim.fasta.log

Date and Time: Wed Mar  9 13:12:57 2022
