IQ-TREE multicore version 2.1.4-beta COVID-edition for Mac OS X 64-bit built Jun 24 2021
Developed by Bui Quang Minh, James Barbetti, Nguyen Lam Tung,
Olga Chernomor, Heiko Schmidt, Dominik Schrempf, Michael Woodhams.

Host:    kates-mbp-3.fhcrc.org (AVX2, FMA3, 8 GB RAM)
Command: iqtree2 -ninit 2 -n 2 -me 0.05 -nt 1 -s results/aligned_A_F-delim.fasta -m GTR
Seed:    460045 (Using SPRNG - Scalable Parallel Random Number Generator)
Time:    Wed Mar  9 12:21:39 2022
Kernel:  AVX+FMA - 1 threads (4 CPU cores detected)

HINT: Use -nt option to specify number of threads because your CPU has 4 cores!
HINT: -nt AUTO will automatically determine the best number of threads to use.

Reading alignment file results/aligned_A_F-delim.fasta ... Fasta format detected
Alignment most likely contains DNA/RNA sequences
WARNING: 13466 sites contain only gaps or ambiguous characters.
Alignment has 1223 sequences with 15191 columns, 738 distinct patterns
564 parsimony-informative, 161 singleton sites, 14466 constant sites
          Gap/Ambiguity  Composition  p-value
   1  JX069801   88.64%    failed      0.02%
   2  JF920065   88.64%    failed      0.02%
   3  JX069800   88.64%    failed      0.01%
   4  JF920062   88.64%    failed      0.01%
   5  KP258743   88.64%    failed      0.01%
   6  OK649658   88.64%    failed      0.01%
   7  OK649678   88.64%    failed      0.00%
   8  KU316142   88.64%    failed      0.01%
   9  KU316148   88.64%    failed      0.01%
  10  KU316166   88.64%    failed      0.01%
  11  MG642056   88.64%    failed      0.01%
  12  MG642026   88.64%    failed      0.01%
  13  MG642081   88.64%    failed      0.01%
  14  KU316126   88.64%    failed      0.00%
  15  KP258737   88.64%    failed      0.01%
  16  KP258723   88.64%    failed      0.00%
  17  KJ723483   88.64%    failed      0.00%
  18  MG642071   88.64%    failed      0.00%
  19  MG642035   88.64%    failed      0.00%
  20  KU316098   88.64%    failed      0.00%
  21  KU316125   88.64%    failed      0.00%
  22  KP258733   88.64%    failed      0.00%
  23  KU316138   88.64%    failed      0.00%
  24  MG642077   88.64%    failed      0.00%
  25  MG642034   88.64%    failed      0.00%
  26  KP258700   88.64%    failed      0.00%
  27  KU316167   88.64%    failed      0.00%
  28  KU316110   88.64%    failed      0.00%
  29  MG642063   88.64%    failed      0.00%
  30  OK649672   88.64%    failed      0.00%
  31  OK649669   88.64%    failed      0.00%
  32  KJ723464   88.64%    failed      0.00%
  33  KP258734   88.64%    failed      0.00%
  34  KJ723492   88.64%    failed      0.00%
  35  KU316092   88.64%    failed      0.01%
  36  MG642030   88.64%    failed      0.01%
  37  KP856967   88.64%    failed      0.00%
  38  KP258709   88.64%    failed      0.00%
  39  MG642032   88.64%    failed      0.00%
  40  MG642040   88.64%    failed      0.00%
  41  MG642058   88.64%    failed      0.00%
  42  MG642024   88.64%    failed      0.00%
  43  KP258725   88.64%    failed      0.00%
  44  KU316090   88.64%    failed      0.00%
  45  KJ723488   88.64%    failed      0.00%
  46  MG642028   88.64%    failed      0.00%
  47  KU316135   88.64%    failed      0.00%
  48  KU316150   88.64%    failed      0.00%
  49  KP258699   88.64%    failed      0.00%
  50  MG642031   88.64%    failed      0.00%
  51  MG642079   88.64%    failed      0.00%
  52  MG642083   88.64%    failed      0.00%
  53  KU316133   88.64%    failed      0.00%
  54  MG642074   88.64%    failed      0.00%
  55  KP856969   88.64%    failed      0.00%
  56  KU316157   88.64%    failed      0.00%
  57  KU316137   88.64%    failed      0.00%
  58  KU316178   88.64%    failed      0.00%
  59  KU316149   88.64%    failed      0.00%
  60  KU316143   88.64%    failed      0.00%
  61  KP258704   88.64%    failed      0.00%
  62  KP258696   88.64%    failed      0.00%
  63  KU316093   88.64%    failed      0.00%
  64  KP258715   88.64%    failed      0.00%
  65  KJ723468   88.64%    failed      0.00%
  66  JX069803   88.64%    failed      0.00%
  67  JX069802   88.66%    failed      0.00%
  68  KJ627679   88.64%    failed      0.00%
  69  KJ627678   88.64%    failed      0.00%
  70  KJ627687   88.64%    failed      0.00%
  71  KJ627685   88.64%    failed      0.00%
  72  KJ627686   88.64%    failed      0.00%
  73  KJ627703   88.64%    failed      0.00%
  74  KJ627707   88.64%    failed      0.00%
  75  KJ627706   88.64%    failed      0.00%
  76  KJ627705   88.64%    failed      0.00%
  77  KJ627704   88.64%    failed      0.00%
  78  KJ627702   88.64%    failed      0.00%
  79  KJ627690   88.64%    failed      0.00%
  80  KF826824   88.64%    failed      0.00%
  81  KF826823   88.64%    failed      0.00%
  82  KP258727   88.64%    failed      0.00%
  83  KU316180   88.64%    failed      0.00%
  84  KF826847   88.64%    failed      0.00%
  85  KJ627656   88.64%    failed      0.00%
  86  JX015485   88.64%    failed      0.00%
  87  KF530260   88.64%    failed      0.00%
  88  KF826854   88.64%    failed      0.00%
  89  JQ901455   88.64%    failed      0.00%
  90  KP258711   88.64%    failed      0.00%
  91  KJ723465   88.64%    failed      0.00%
  92  KP258710   88.64%    failed      0.00%
  93  KP258740   88.64%    failed      0.00%
  94  KU316161   88.64%    failed      0.00%
  95  OK649676   88.64%    failed      0.00%
  96  KJ723487   88.64%    failed      0.00%
  97  KJ723473   88.64%    failed      0.00%
  98  KP258722   88.64%    failed      0.00%
  99  KJ723490   88.64%    failed      0.00%
 100  KP258732   88.64%    failed      0.00%
 101  KP258728   88.64%    failed      0.00%
 102  KU316104   88.64%    failed      0.00%
 103  KP258701   88.64%    failed      0.00%
 104  OK649674   88.64%    failed      0.00%
 105  MG642061   88.64%    failed      0.00%
 106  MG642052   88.64%    failed      0.00%
 107  KJ723462   88.64%    failed      0.00%
 108  KU316121   88.64%    failed      0.00%
 109  KU316176   88.64%    failed      0.00%
 110  MG642055   88.64%    failed      0.00%
 111  MG642048   88.64%    failed      0.00%
 112  KP258707   88.64%    failed      0.00%
 113  KU316170   88.64%    failed      0.00%
 114  KU316145   88.64%    failed      0.00%
 115  KJ627683   88.64%    failed      0.00%
 116  KJ627682   88.64%    failed      0.00%
 117  KJ627684   88.64%    failed      0.00%
 118  KJ627676   88.64%    failed      0.00%
 119  KJ627709   88.64%    failed      0.00%
 120  KJ627708   88.64%    failed      0.00%
 121  KJ627693   88.64%    failed      0.00%
 122  JQ901451   88.64%    failed      0.00%
 123  KJ627672   88.64%    failed      0.00%
 124  KJ627674   88.64%    failed      0.00%
 125  KJ627675   88.64%    failed      0.00%
 126  KJ627710   88.64%    failed      0.00%
 127  KJ627688   88.64%    failed      0.00%
 128  KJ627731   88.64%    failed      0.00%
 129  KJ627727   88.64%    failed      0.00%
 130  KJ627728   88.64%    failed      0.00%
 131  KJ627733   88.64%    failed      0.00%
 132  KJ627652   88.64%    failed      0.00%
 133  KJ627725   88.64%    failed      0.00%
 134  KJ627723   88.64%    failed      0.00%
 135  KJ627724   88.64%    failed      0.00%
 136  KJ627670   88.64%    failed      0.00%
 137  KJ627671   88.64%    failed      0.00%
 138  KJ627657   88.64%    failed      0.00%
 139  KJ627659   88.64%    failed      0.00%
 140  KJ627664   88.64%    failed      0.00%
 141  KJ627663   88.64%    failed      0.00%
 142  JX015488   88.64%    failed      0.00%
 143  KF530268   88.64%    failed      0.00%
 144  KF826846   88.64%    failed      0.00%
 145  KF826850   88.64%    failed      0.00%
 146  KF826841   88.64%    failed      0.00%
 147  KF826836   88.64%    failed      0.00%
 148  KF826837   88.64%    failed      0.00%
 149  KF826852   88.64%    failed      0.00%
 150  KU950561   88.64%    failed      0.00%
 151  KF826826   88.64%    failed      0.00%
 152  OK649595   88.64%    failed      0.00%
 153  OK649606   88.64%    failed      0.00%
 154  OK649649   88.64%    failed      0.00%
 155  OK649608   88.64%    failed      0.00%
 156  OK649635   88.64%    failed      0.00%
 157  OK649637   88.64%    failed      0.00%
 158  OK649653   88.64%    failed      0.00%
 159  OK649646   88.64%    failed      0.00%
 160  OK649656   88.64%    failed      0.00%
 161  KJ672462   88.64%    failed      0.00%
 162  KX894798   88.64%    failed      0.00%
 163  KU950616   88.64%    failed      0.00%
 164  KU950609   88.64%    failed      0.00%
 165  KJ672483   88.64%    failed      0.00%
 166  KX765891   88.64%    failed      0.00%
 167  KJ672447   88.64%    failed      0.00%
 168  KX894800   88.64%    failed      0.00%
 169  KJ672479   88.64%    failed      0.00%
 170  KJ672474   88.64%    failed      0.00%
 171  KU950473   88.64%    failed      0.00%
 172  KU950479   88.64%    failed      0.00%
 173  KU950501   88.64%    failed      0.00%
 174  KU950564   88.64%    failed      0.00%
 175  KU950487   88.64%    failed      0.00%
 176  JX015487   88.64%    failed      0.00%
 177  KF826828   88.64%    failed      0.00%
 178  JQ901448   88.64%    failed      0.00%
 179  JQ901449   88.64%    failed      0.00%
 180  KJ627716   88.64%    failed      0.00%
 181  KJ627718   88.64%    failed      0.00%
 182  KJ627717   88.64%    failed      0.00%
 183  KJ627729   88.64%    failed      0.00%
 184  KF826827   88.64%    failed      0.00%
 185  KJ627662   88.64%    failed      0.00%
 186  KJ627720   88.64%    failed      0.00%
 187  KJ627721   88.64%    failed      0.00%
 188  KJ627722   88.64%    failed      0.00%
 189  KJ627714   88.64%    failed      0.00%
 190  KJ627715   88.64%    failed      0.00%
 191  KJ627719   88.64%    failed      0.00%
 192  KJ627667   88.64%    failed      0.00%
 193  KJ627666   88.64%    failed      0.00%
 194  KJ627668   88.64%    failed      0.00%
 195  KF973331   88.64%    failed      0.00%
 196  KF973334   88.64%    failed      0.00%
 197  KF973325   88.64%    failed      0.00%
 198  KF973333   88.64%    failed      0.00%
 199  KF973321   88.64%    failed      0.00%
 200  KF973322   88.64%    failed      0.00%
 201  KF973320   88.64%    failed      0.00%
 202  KF973323   88.64%    failed      0.00%
 203  KF973329   88.64%    failed      0.00%
 204  KF973330   88.64%    failed      0.00%
 205  KF973328   88.64%    failed      0.00%
 206  KF973336   88.64%    failed      0.00%
 207  KF973326   88.64%    failed      0.00%
 208  KF973319   88.64%    failed      0.00%
 209  KF973327   88.64%    failed      0.00%
 210  KF973324   88.64%    failed      0.00%
 211  KF973332   88.64%    failed      0.00%
 212  KF973335   88.64%    failed      0.00%
 213  KF973339   88.64%    failed      0.00%
 214  KF973338   88.64%    failed      0.00%
 215  KJ627649   88.64%    failed      0.00%
 216  KF973340   88.64%    failed      0.00%
 217  OK649677   88.64%    failed      0.00%
 218  JQ901456   88.64%    failed      0.00%
 219  OK649617   88.64%    failed      0.00%
 220  MG027862   88.64%    failed      0.00%
 221  JQ901450   88.64%    failed      0.00%
 222  KF826832   88.64%    failed      0.00%
 223  KX765933   88.64%    failed      0.00%
 224  JQ901454   88.64%    failed      0.00%
 225  KU316096   88.64%    failed      0.00%
 226  OK649671   88.64%    failed      0.00%
 227  KP258703   88.64%    failed      0.00%
 228  KP258726   88.64%    failed      0.00%
 229  KJ627696   88.64%    failed      0.00%
 230  KJ627695   88.64%    failed      0.00%
 231  KJ939954   88.66%    failed      0.00%
 232  KJ939948   88.64%    failed      0.00%
 233  KJ939943   88.64%    failed      0.00%
 234  MG642070   88.64%    failed      0.00%
 235  JQ901447   88.64%    failed      0.00%
 236  KP856968   88.64%    failed      0.00%
 237  KU316141   88.64%    failed      0.00%
 238  KU316091   88.64%    failed      0.00%
 239  JX069799   88.64%    failed      0.00%
 240  JF920057   88.64%    failed      0.00%
 241  JQ901457   88.64%    failed      0.00%
 242  OK649679   88.64%    failed      0.00%
 243  KJ627324   88.64%    failed      0.00%
 244  KJ627321   88.64%    failed      0.00%
 245  KJ627366   88.64%    failed      0.00%
 246  KJ627314   88.64%    failed      0.00%
 247  KJ627339   88.64%    failed      0.00%
 248  KJ627289   88.64%    failed      0.00%
 249  KJ627284   88.64%    failed      0.00%
 250  KJ627276   88.64%    failed      0.00%
 251  KJ627248   88.64%    failed      0.00%
 252  KJ627327   88.64%    failed      0.00%
 253  KJ627260   88.64%    failed      0.00%
 254  KJ627336   88.64%    failed      0.00%
 255  KJ627353   88.64%    failed      0.00%
 256  KJ627311   88.64%    failed      0.00%
 257  KJ627255   88.64%    failed      0.00%
 258  JQ901458   88.64%    failed      0.00%
 259  JX015486   88.64%    failed      0.00%
 260  OK649660   88.64%    failed      0.00%
 261  OK649661   88.64%    failed      0.00%
 262  OK649664   88.64%    failed      0.00%
 263  OK649662   88.64%    failed      0.00%
 264  OK649665   88.64%    failed      0.00%
 265  OK649666   88.64%    failed      0.00%
 266  OK649642   88.64%    failed      0.00%
 267  JX069798   88.64%    failed      0.00%
 268  KJ627648   88.64%    failed      0.00%
 269  KJ627647   88.64%    failed      0.00%
 270  FJ948820   88.64%    failed      0.00%
 271  KP258697   88.64%    failed      0.00%
 272  KU316131   88.64%    failed      0.00%
 273  MG642080   88.64%    failed      0.00%
 274  MG642033   88.64%    failed      0.00%
 275  OK649592   88.64%    failed      0.00%
 276  MG642050   88.64%    failed      0.00%
 277  KU316139   88.64%    failed      0.00%
 278  OK649590   88.64%    failed      0.00%
 279  OK649657   88.64%    failed      0.00%
 280  OK649659   88.64%    failed      0.00%
 281  KU316118   88.64%    failed      0.01%
 282  JQ901453   88.64%    failed      0.00%
 283  JQ901452   88.64%    failed      0.00%
 284  KF826848   88.64%    failed      0.00%
 285  JX015480   88.64%    failed      0.01%
 286  KJ627361   88.64%    failed      0.00%
 287  KJ627352   88.64%    failed      0.00%
 288  KJ627305   88.64%    failed      0.00%
 289  OK649598   88.64%    failed      0.00%
 290  OK649627   88.64%    failed      0.00%
 291  OK649625   88.64%    failed      0.00%
 292  OK649612   88.64%    failed      0.00%
 293  OK649600   88.64%    failed      0.00%
 294  OK649614   88.64%    failed      0.01%
 295  OK649596   88.64%    failed      0.00%
 296  KU950573   88.64%    failed      0.00%
 297  KP663728   88.64%    failed      0.00%
 298  KX655658   88.64%    failed      0.00%
 299  KM517572   88.64%    failed      0.00%
 300  JX015496   88.64%    failed      0.00%
 301  KX655670   88.64%    failed      0.00%
 302  KJ627271   88.64%    failed      0.00%
 303  JX015483   88.64%    failed      0.00%
 304  KX765910   88.64%    failed      0.00%
 305  KX655617   88.64%    failed      0.00%
 306  KX655622   88.64%    failed      0.00%
 307  KX655628   88.64%    failed      0.00%
 308  MK109785   88.64%    failed      0.00%
 309  KX655673   88.64%    failed      0.00%
 310  KX655694   88.64%    failed      0.00%
 311  KX655637   88.64%    failed      0.00%
 312  KX655678   88.64%    failed      0.00%
 313  KX655650   88.64%    failed      0.00%
 314  KX655636   88.64%    failed      0.00%
 315  MK109774   88.64%    failed      0.00%
 316  MK109776   88.64%    failed      0.00%
 317  MF001052   88.64%    failed      0.00%
 318  MF001054   88.64%    failed      0.00%
 319  MK109787   88.64%    failed      0.00%
 320  KJ939955   88.66%    failed      0.00%
 321  KJ939970   88.64%    failed      0.00%
 322  KX655647   88.64%    failed      0.00%
 323  KX765918   88.64%    failed      0.00%
 324  KX765942   88.64%    failed      0.00%
 325  KJ939941   88.64%    failed      0.00%
 326  KJ939945   88.64%    failed      0.00%
 327  KJ939958   88.66%    failed      0.00%
 328  KJ939968   88.64%    failed      0.00%
 329  KJ939960   88.64%    failed      0.00%
 330  KJ939962   88.64%    failed      0.00%
 331  KJ939964   88.64%    failed      0.00%
 332  KJ939950   88.64%    failed      0.00%
 333  KJ939944   88.64%    failed      0.00%
 334  KJ939963   88.64%    failed      0.00%
 335  KJ939942   88.64%    failed      0.00%
 336  KJ939957   88.66%    failed      0.00%
 337  KJ939956   88.66%    failed      0.00%
 338  KJ939949   88.64%    failed      0.00%
 339  KJ939959   88.66%    failed      0.00%
 340  KJ939952   88.66%    failed      0.00%
 341  KJ939967   88.64%    failed      0.00%
 342  KJ939953   88.66%    failed      0.00%
 343  KJ939946   88.64%    failed      0.00%
 344  KJ939951   88.64%    failed      0.00%
 345  KJ939969   88.64%    failed      0.00%
 346  JX015479   88.64%    failed      0.00%
 347  OK649655   88.64%    failed      0.00%
 348  KJ627316   88.64%    failed      0.00%
 349  KX655656   88.64%    failed      0.00%
 350  KX655657   88.64%    failed      0.00%
 351  KX655679   88.64%    failed      0.00%
 352  KX655643   88.64%    failed      0.00%
 353  KX655615   88.64%    failed      0.00%
 354  KX655630   88.64%    failed      0.00%
 355  KJ939971   88.64%    failed      0.00%
 356  KJ939961   88.64%    failed      0.00%
 357  KP317953   88.64%    failed      0.00%
 358  KX765960   88.64%    failed      0.00%
 359  KC731483   88.64%    failed      0.00%
 360  KX655639   88.64%    failed      0.00%
 361  KF530269   88.64%    failed      0.00%
 362  KF826849   88.64%    failed      0.00%
 363  JF920053   88.64%    failed      0.00%
 364  OK649647   88.64%    failed      0.00%
 365  KX765901   88.64%    failed      0.00%
 366  KX765936   88.64%    failed      0.00%
 367  KX765967   88.64%    failed      0.00%
 368  OK649639   88.64%    failed      0.00%
 369  JF920052   88.78%    failed      0.00%
 370  KC978856   88.64%    failed      0.00%
 371  KX765896   88.64%    failed      0.00%
 372  MF001050   88.64%    failed      0.00%
 373  MF001053   88.64%    failed      0.00%
 374  MF001056   88.64%    failed      0.00%
 375  MN251607   88.64%    failed      0.00%
 376  KU950652   88.64%    failed      0.00%
 377  MF001043   88.64%    failed      0.00%
 378  MK167036   88.64%    failed      0.00%
 379  KJ627325   88.64%    failed      0.00%
 380  KJ627270   88.64%    failed      0.00%
 381  KJ627298   88.64%    failed      0.00%
 382  KJ627313   88.64%    failed      0.00%
 383  KJ627329   88.64%    failed      0.00%
 384  KJ627269   88.64%    failed      0.00%
 385  KJ627292   88.64%    failed      0.00%
 386  KJ627357   88.64%    failed      0.00%
 387  KJ627345   88.64%    failed      0.00%
 388  KJ627273   88.64%    failed      0.00%
 389  KJ627358   88.64%    failed      0.00%
 390  KJ627371   88.64%    failed      0.00%
 391  KF826833   88.64%    failed      0.00%
 392  JX015495   88.64%    failed      0.00%
 393  KJ627349   88.64%    failed      0.00%
 394  KJ627246   88.64%    failed      0.00%
 395  KJ627304   88.64%    failed      0.00%
 396  KJ627322   88.64%    failed      0.00%
 397  KJ627300   88.64%    failed      0.00%
 398  KJ627296   88.64%    failed      0.00%
 399  KJ627334   88.64%    failed      0.00%
 400  KJ627263   88.64%    failed      0.00%
 401  KJ627287   88.64%    failed      0.00%
 402  KJ627326   88.64%    failed      0.00%
 403  KJ627346   88.64%    failed      0.00%
 404  KJ627295   88.64%    failed      0.00%
 405  KJ627355   88.64%    failed      0.00%
 406  KJ627283   88.64%    failed      0.00%
 407  KJ627297   88.64%    failed      0.00%
 408  KJ627252   88.64%    failed      0.00%
 409  KJ627312   88.64%    failed      0.00%
 410  KJ627320   88.64%    failed      0.00%
 411  KJ627250   88.64%    failed      0.00%
 412  KJ627351   88.64%    failed      0.00%
 413  KJ627370   88.64%    failed      0.00%
 414  KJ627272   88.64%    failed      0.00%
 415  KJ627350   88.64%    failed      0.00%
 416  KJ627286   88.64%    failed      0.00%
 417  MG431254   88.64%    failed      0.00%
 418  KJ627258   88.64%    failed      0.00%
 419  KF826855   88.64%    failed      0.00%
 420  OK649636   88.64%    failed      0.00%
 421  KJ627356   88.64%    failed      0.00%
 422  KJ627303   88.64%    failed      0.00%
 423  KJ627308   88.64%    failed      0.00%
 424  KJ627343   88.64%    failed      0.00%
 425  KJ627319   88.64%    failed      0.00%
 426  KJ627344   88.64%    failed      0.00%
 427  OK649643   88.64%    failed      0.00%
 428  OK649644   88.64%    failed      0.00%
 429  OK649650   88.64%    failed      0.00%
 430  KJ627268   88.64%    failed      0.00%
 431  KJ627301   88.64%    failed      0.00%
 432  KJ627245   88.64%    failed      0.00%
 433  KJ627309   88.64%    failed      0.00%
 434  KJ627261   88.64%    failed      0.00%
 435  KJ627365   88.64%    failed      0.00%
 436  KJ627256   88.64%    failed      0.00%
 437  KJ627372   88.64%    failed      0.00%
 438  KJ627253   88.64%    failed      0.00%
 439  KJ627367   88.64%    failed      0.00%
 440  KJ627279   88.64%    failed      0.00%
 441  KX655616   88.64%    failed      0.00%
 442  KX765946   88.64%    failed      0.00%
 443  KX765958   88.64%    failed      0.00%
 444  KX655662   88.64%    failed      0.00%
 445  MK109775   88.64%    failed      0.00%
 446  KJ627306   88.64%    failed      0.00%
 447  KJ627318   88.64%    failed      0.00%
 448  KJ627360   88.64%    failed      0.00%
 449  KJ627315   88.64%    failed      0.00%
 450  KJ627373   88.64%    failed      0.00%
 451  KJ627291   88.64%    failed      0.00%
 452  KJ627333   88.64%    failed      0.00%
 453  KJ627259   88.64%    failed      0.00%
 454  KJ627307   88.64%    failed      0.00%
 455  JF920054   88.64%    failed      0.00%
 456  KX655666   88.64%    failed      0.00%
 457  OK649640   88.64%    failed      0.00%
 458  KX655652   88.64%    failed      0.00%
 459  KX655675   88.64%    failed      0.00%
 460  MF001049   88.64%    failed      0.00%
 461  MF001051   88.64%    failed      0.00%
 462  OK649680   88.64%    failed      0.00%
 463  KJ939939   88.64%    failed      0.00%
 464  KJ939938   88.64%    failed      0.00%
 465  KJ939937   88.64%    failed      0.00%
 466  KJ939935   88.64%    failed      0.00%
 467  KJ939940   88.64%    failed      0.00%
 468  KJ939936   88.64%    failed      0.00%
 469  JX015494   88.64%    failed      0.00%
 470  KJ939965   88.64%    failed      0.00%
 471  KX655618   88.64%    failed      0.00%
 472  KX655697   88.64%    failed      0.00%
 473  KX655634   88.64%    failed      0.00%
 474  KX655651   88.64%    failed      0.00%
 475  KX655667   88.64%    failed      0.00%
 476  KX655635   88.64%    failed      0.00%
 477  MK109773   88.64%    failed      0.00%
 478  KX655696   88.64%    failed      0.00%
 479  KX655619   88.64%    failed      0.00%
 480  KX655672   88.64%    failed      0.00%
 481  KX655623   88.64%    failed      0.00%
 482  KF530261   88.64%    failed      0.00%
 483  OK649652   88.64%    failed      0.00%
 484  KX655692   88.64%    failed      0.00%
 485  KM578843   88.64%    failed      0.00%
 486  KX655691   88.64%    failed      0.00%
 487  KX655677   88.64%    failed      0.00%
 488  KX765894   88.64%    failed      0.00%
 489  KX765911   88.64%    failed      0.00%
 490  KX765931   88.64%    failed      0.00%
 491  KX765938   88.64%    failed      0.00%
 492  MF001039   88.67%    failed      0.00%
 493  KJ672459   88.64%    failed      0.00%
 494  KJ672436   88.64%    failed      0.00%
 495  KX894796   88.64%    failed      0.00%
 496  KU950661   88.64%    failed      0.00%
 497  KX765920   88.64%    failed      0.00%
 498  KX765913   88.64%    failed      0.00%
 499  KX765937   88.64%    failed      0.00%
 500  KX765953   88.64%    failed      0.00%
 501  KX765969   88.64%    failed      0.00%
 502  KX765934   88.64%    failed      0.00%
 503  MN630092   88.64%    failed      0.00%
 504  MN630097   88.64%    failed      0.00%
 505  MN630107   88.64%    failed      0.00%
 506  KJ672478   88.64%    failed      0.00%
 507  KJ672455   88.64%    failed      0.00%
 508  KJ672443   88.64%    failed      0.00%
 509  KJ672431   88.64%    failed      0.00%
 510  KU950554   88.64%    failed      0.00%
 511  KX894802   88.64%    failed      0.00%
 512  KU950538   88.64%    failed      0.00%
 513  KJ672456   88.64%    failed      0.00%
 514  KJ672460   88.64%    failed      0.00%
 515  KJ672439   88.64%    failed      0.00%
 516  KJ672450   88.64%    failed      0.00%
 517  KJ672463   88.64%    failed      0.00%
 518  KJ672426   88.64%    failed      0.00%
 519  KJ672434   88.64%    failed      0.00%
 520  KU950563   88.64%    failed      0.00%
 521  KU950632   88.64%    failed      0.00%
 522  KJ672446   88.64%    failed      0.00%
 523  KJ672453   88.64%    failed      0.00%
 524  KJ672435   88.64%    failed      0.00%
 525  KJ672482   88.64%    failed      0.00%
 526  KJ672484   88.64%    failed      0.00%
 527  KJ672477   88.64%    failed      0.00%
 528  KU950545   88.64%    failed      0.00%
 529  KU950528   88.64%    failed      0.00%
 530  KM042381   88.64%    failed      0.00%
 531  KM042385   88.64%    failed      0.00%
 532  KU950546   88.64%    failed      0.00%
 533  KU950579   88.64%    failed      0.00%
 534  KU950522   88.64%    failed      0.00%
 535  KU950646   88.64%    failed      0.00%
 536  KU950595   88.64%    failed      0.00%
 537  KU950469   88.64%    failed      0.00%
 538  KU950620   88.64%    failed      0.00%
 539  KU950507   88.64%    failed      0.00%
 540  KU950498   88.64%    failed      0.00%
 541  KU950658   88.64%    failed      0.00%
 542  KU950645   88.64%    failed      0.00%
 543  KU950634   88.64%    failed      0.00%
 544  KJ672427   88.64%    failed      0.00%
 545  KM042384   88.64%    failed      0.00%
 546  KU950529   88.64%    failed      0.00%
 547  KU950541   88.64%    failed      0.00%
 548  KJ672442   88.64%    failed      0.00%
 549  KU950624   88.64%    failed      0.00%
 550  KU950649   88.64%    failed      0.00%
 551  KU950536   88.64%    failed      0.00%
 552  OK649683   88.64%    failed      0.00%
 553  MG813980   88.64%    failed      0.00%
 554  MG813981   88.64%    failed      0.00%
 555  OK649681   88.64%    failed      0.00%
 556  KU950592   88.64%    failed      0.00%
 557  KU950692   88.64%    failed      0.00%
 558  KJ672467   88.64%    failed      0.00%
 559  KU950475   88.64%    failed      0.00%
 560  KU950694   88.64%    failed      0.00%
 561  KX765926   88.64%    failed      0.00%
 562  MN531557   88.64%    failed      0.00%
 563  KU950502   88.64%    failed      0.00%
 564  KJ672458   88.64%    failed      0.00%
 565  KX894797   88.64%    failed      0.00%
 566  KU950556   88.64%    failed      0.00%
 567  KJ627264   88.64%    failed      0.00%
 568  KM042392   88.64%    failed      0.00%
 569  MF001057   88.64%    failed      0.00%
 570  MK167035   88.64%    failed      0.00%
 571  KJ672449   88.64%    failed      0.00%
 572  KU950557   88.64%    failed      0.00%
 573  KU950570   88.64%    failed      0.00%
 574  KU950664   88.64%    failed      0.00%
 575  KX655626   88.64%    failed      0.00%
 576  MH447951   88.64%    failed      0.00%
 577  MH447952   88.64%    failed      0.00%
 578  MG813978   88.64%    failed      0.00%
 579  MG813979   88.64%    failed      0.00%
 580  KJ672441   88.64%    failed      0.00%
 581  MH447953   88.64%    failed      0.00%
 582  MH447954   88.64%    failed      0.00%
 583  KU950483   88.64%    failed      0.00%
 584  KJ672428   88.64%    failed      0.00%
 585  KU950521   88.64%    failed      0.00%
 586  MG813984   88.64%    failed      0.00%
 587  MG813985   88.64%    failed      0.00%
 588  KM042389   88.64%    failed      0.00%
 589  KU950486   88.64%    failed      0.00%
 590  KX894807   88.64%    failed      0.00%
 591  KU950540   88.64%    failed      0.00%
 592  KU950523   88.64%    failed      0.00%
 593  KU950685   88.64%    failed      0.00%
 594  KU950583   88.64%    failed      0.00%
 595  KU950459   88.64%    failed      0.00%
 596  KU950560   88.64%    failed      0.00%
 597  KJ672444   88.64%    failed      0.00%
 598  KJ672468   88.64%    failed      0.00%
 599  KX894799   88.64%    failed      0.00%
 600  KU950654   88.64%    failed      0.00%
 601  KU950493   88.64%    failed      0.00%
 602  KY982516   88.64%    failed      0.00%
 603  KU950653   88.64%    failed      0.00%
 604  KU950671   88.64%    failed      0.00%
 605  MG813977   88.64%    failed      0.00%
 606  MG813993   88.64%    failed      0.00%
 607  MG813992   88.64%    failed      0.00%
 608  KU950626   88.64%    failed      0.00%
 609  KU950612   88.64%    failed      0.00%
 610  MN630088   88.64%    failed      0.00%
 611  MN630090   88.64%    failed      0.00%
 612  MN630096   88.64%    failed      0.00%
 613  MN630104   88.64%    failed      0.00%
 614  MN630106   88.64%    failed      0.00%
 615  MN630098   88.64%    failed      0.00%
 616  MF614946   88.64%    failed      0.00%
 617  KJ672429   88.64%    failed      0.00%
 618  KJ672454   88.64%    failed      0.00%
 619  KX894803   88.64%    failed      0.00%
 620  MN630089   88.64%    failed      0.00%
 621  MN630099   88.64%    failed      0.00%
 622  MN630093   88.64%    failed      0.00%
 623  KU950642   88.64%    failed      0.00%
 624  KU950643   88.64%    failed      0.00%
 625  KU950506   88.64%    failed      0.00%
 626  KU950585   88.64%    failed      0.00%
 627  KU950499   88.64%    failed      0.00%
 628  KU950520   88.64%    failed      0.00%
 629  KU950537   88.64%    failed      0.00%
 630  KU950686   88.64%    failed      0.00%
 631  KT285064   88.64%    failed      0.00%
 632  MG813982   88.64%    failed      0.00%
 633  MG813983   88.64%    failed      0.00%
 634  KU950513   88.64%    failed      0.00%
 635  MF614947   88.64%    failed      0.00%
 636  KJ672448   88.64%    failed      0.00%
 637  KX894806   88.64%    failed      0.00%
 638  KJ672432   88.64%    failed      0.00%
 639  KJ672472   88.64%    failed      0.00%
 640  KU950651   88.64%    failed      0.00%
 641  KX765941   88.64%    failed      0.00%
 642  KU950615   88.64%    failed      0.00%
 643  KU950631   88.64%    failed      0.00%
 644  KX655644   88.64%    failed      0.00%
 645  MW160762   88.64%    failed      0.00%
 646  KU950567   88.64%    failed      0.00%
 647  KM042386   88.64%    failed      0.00%
 648  KJ672470   88.64%    failed      0.00%
 649  KJ672451   88.64%    failed      0.00%
 650  KJ672466   88.64%    failed      0.00%
 651  KX894804   88.64%    failed      0.00%
 652  KJ672424   88.64%    failed      0.00%
 653  KJ672461   88.64%    failed      0.00%
 654  KJ672452   88.64%    failed      0.00%
 655  KM042383   88.64%    failed      0.00%
 656  KU950660   88.64%    failed      0.00%
 657  KU950674   88.64%    failed      0.00%
 658  KU950680   88.64%    failed      0.00%
 659  KU950572   88.64%    failed      0.00%
 660  KU950509   88.64%    failed      0.00%
 661  KU950474   88.64%    failed      0.00%
 662  KJ672480   88.64%    failed      0.00%
 663  KU950511   88.64%    failed      0.00%
 664  KU950485   88.64%    failed      0.00%
 665  KU950480   88.64%    failed      0.00%
 666  KX765977   88.64%    failed      0.00%
 667  KX655640   88.64%    failed      0.00%
 668  KX765886   88.64%    failed      0.00%
 669  KX765898   88.64%    failed      0.00%
 670  KC731482   88.64%    failed      0.00%
 671  KX765925   88.64%    failed      0.00%
 672  KU950550   88.64%    failed      0.00%
 673  KU950655   88.64%    failed      0.00%
 674  KX894805   88.64%    failed      0.00%
 675  OK649684   88.64%    failed      0.00%
 676  MG793382   88.64%    failed      0.00%
 677  LC530050   88.64%    failed      0.00%
 678  KJ672469   88.64%    failed      0.00%
 679  KM042388   88.64%    failed      0.00%
 680  OK649682   88.64%    failed      0.00%
 681  KJ672475   88.64%    failed      0.00%
 682  KM042390   88.64%    failed      0.00%
 683  JX627336   88.64%    failed      0.00%
 684  MG813988   88.64%    failed      0.00%
 685  MG813990   88.64%    failed      0.00%
 686  MG813991   88.64%    failed      0.00%
 687  KU950610   88.64%    failed      0.00%
 688  MW160753   88.64%    failed      0.00%
 689  KY982517   88.64%    failed      0.00%
 690  MN630101   88.64%    failed      0.00%
 691  KX765904   88.64%    failed      0.00%
 692  KX765919   88.64%    failed      0.00%
 693  KX765974   88.64%    failed      0.00%
 694  KX765971   88.64%    failed      0.00%
 695  KX765972   88.64%    failed      0.00%
 696  KX765940   88.64%    failed      0.00%
 697  KX765939   88.64%    failed      0.00%
 698  KX765954   88.64%    failed      0.00%
 699  KX765916   88.64%    failed      0.00%
 700  KX765944   88.64%    failed      0.00%
 701  KX765887   88.64%    failed      0.00%
 702  KX765948   88.64%    failed      0.00%
 703  KX765950   88.64%    failed      0.00%
 704  KX765955   88.64%    failed      0.00%
 705  KX765951   88.64%    failed      0.00%
 706  KX765914   88.64%    failed      0.00%
 707  KX765956   88.64%    failed      0.00%
 708  KX765932   88.64%    failed      0.00%
 709  MW020598   88.64%    failed      0.00%
 710  MW020599   88.64%    failed      0.00%
 711  MH447957   88.64%    failed      0.00%
 712  MZ515718   88.64%    failed      0.00%
 713  MZ515913   88.64%    failed      0.00%
 714  MZ515800   88.64%    failed      0.00%
 715  MZ515814   88.64%    failed      0.00%
 716  MZ515802   88.64%    failed      0.00%
 717  MW020596   88.64%    failed      0.00%
 718  MW020597   88.64%    failed      0.00%
 719  KU950524   88.64%    failed      0.00%
 720  KU950617   88.64%    failed      0.00%
 721  KU950531   88.64%    failed      0.00%
 722  LC474557   88.64%    failed      0.00%
 723  KU839637   88.64%    failed      0.00%
 724  KU950627   88.64%    failed      0.00%
 725  KU950596   88.64%    failed      0.00%
 726  KU950677   88.64%    failed      0.00%
 727  KU950492   88.64%    failed      0.00%
 728  KU950472   88.64%    failed      0.00%
 729  KU950470   88.64%    failed      0.00%
 730  KU950608   88.64%    failed      0.00%
 731  KU950598   88.64%    failed      0.00%
 732  KM042391   88.64%    failed      0.00%
 733  KJ672437   88.64%    failed      0.00%
 734  KU950670   88.64%    failed      0.00%
 735  KJ672457   88.64%    failed      0.00%
 736  KU950636   88.64%    failed      0.00%
 737  MG813986   88.64%    failed      0.00%
 738  MG813987   88.64%    failed      0.00%
 739  KU950628   88.64%    failed      0.00%
 740  KU950594   88.64%    failed      0.00%
 741  KU950581   88.64%    failed      0.00%
 742  KJ627374   88.64%    failed      0.00%
 743  KJ672464   88.64%    failed      0.00%
 744  MH447960   88.64%    failed      0.00%
 745  MH447959   88.64%    failed      0.00%
 746  MW160828   88.64%    failed      0.00%
 747  KJ672433   88.64%    failed      0.00%
 748  KU950673   88.64%    failed      0.00%
 749  MN630100   88.64%    failed      0.00%
 750  MW160795   88.64%    failed      0.00%
 751  MW160801   88.64%    failed      0.00%
 752  MW160803   88.64%    failed      0.00%
 753  MW160749   88.64%    failed      0.00%
 754  MK749867   88.64%    failed      0.00%
 755  MK749886   88.64%    failed      0.00%
 756  MK749893   88.64%    failed      0.00%
 757  MK749917   88.64%    failed      0.00%
 758  MK749911   88.64%    failed      0.00%
 759  MK749890   88.64%    failed      0.00%
 760  MW160787   88.64%    failed      0.00%
 761  MW160807   88.64%    failed      0.00%
 762  MZ515999   88.64%    failed      0.00%
 763  MZ515569   88.64%    failed      0.00%
 764  MZ515921   88.64%    failed      0.00%
 765  MZ515909   88.64%    failed      0.00%
 766  MZ516010   88.64%    failed      0.00%
 767  MZ516028   88.64%    failed      0.00%
 768  MZ515850   88.64%    failed      0.00%
 769  MZ515575   88.64%    failed      0.00%
 770  MZ516026   88.64%    failed      0.00%
 771  MZ516044   88.64%    failed      0.00%
 772  MZ516052   88.64%    failed      0.00%
 773  MZ515633   88.64%    failed      0.00%
 774  MZ515781   88.64%    failed      0.00%
 775  MZ515962   88.64%    failed      0.00%
 776  MZ515797   88.64%    failed      0.00%
 777  MZ515735   88.64%    failed      0.00%
 778  MZ515804   88.64%    failed      0.00%
 779  MZ515851   88.64%    failed      0.00%
 780  MZ515588   88.64%    failed      0.00%
 781  MZ515956   88.64%    failed      0.00%
 782  MZ515609   88.64%    failed      0.00%
 783  MZ515902   88.64%    failed      0.00%
 784  MZ515887   88.64%    failed      0.00%
 785  MZ516053   88.64%    failed      0.00%
 786  MZ515572   88.64%    failed      0.00%
 787  MZ515835   88.64%    failed      0.00%
 788  MZ515740   88.64%    failed      0.00%
 789  MZ516072   88.64%    failed      0.00%
 790  MZ515833   88.64%    failed      0.00%
 791  MZ515841   88.64%    failed      0.00%
 792  MZ515703   88.64%    failed      0.00%
 793  MZ515985   88.64%    failed      0.00%
 794  MH447958   88.64%    failed      0.00%
 795  MW033958   88.64%    failed      0.00%
 796  MH383066   88.64%    failed      0.00%
 797  MW160830   88.64%    failed      0.00%
 798  MZ515566   88.64%    failed      0.00%
 799  MZ515852   88.64%    failed      0.00%
 800  KU950696   88.64%    failed      0.00%
 801  MZ516077   88.64%    failed      0.00%
 802  MG839543   88.64%    failed      0.00%
 803  MZ516055   88.64%    failed      0.00%
 804  MZ515620   88.64%    failed      0.00%
 805  MK749895   88.64%    failed      0.00%
 806  MK749909   88.64%    failed      0.00%
 807  MN630102   88.64%    failed      0.00%
 808  MW160759   88.64%    failed      0.00%
 809  KY883566   88.64%    failed      0.00%
 810  KY883567   88.64%    failed      0.00%
 811  MZ516057   88.64%    failed      0.00%
 812  MW160746   88.64%    failed      0.00%
 813  MW160747   88.64%    failed      0.00%
 814  MW160766   88.64%    failed      0.00%
 815  MW160756   88.64%    failed      0.00%
 816  MW160822   88.64%    failed      0.00%
 817  MH279547   88.64%    failed      0.00%
 818  MW582528   88.64%    failed      0.00%
 819  KU950666   88.64%    failed      0.00%
 820  MZ515634   88.64%    failed      0.00%
 821  KX765902   88.64%    failed      0.00%
 822  KX765915   88.64%    failed      0.00%
 823  KX765917   88.64%    failed      0.00%
 824  MZ516087   88.64%    failed      0.00%
 825  MZ515840   88.64%    failed      0.00%
 826  KU950505   88.64%    failed      0.00%
 827  KU950455   88.64%    failed      0.00%
 828  KU839630   88.64%    failed      0.00%
 829  KU950683   88.64%    failed      0.00%
 830  KU950698   88.64%    failed      0.00%
 831  KU950641   88.64%    failed      0.00%
 832  KU950639   88.64%    failed      0.00%
 833  KU950650   88.64%    failed      0.00%
 834  KU950456   88.64%    failed      0.00%
 835  KU950566   88.64%    failed      0.00%
 836  KU950464   88.64%    failed      0.00%
 837  KU950519   88.64%    failed      0.00%
 838  KU950468   88.64%    failed      0.00%
 839  KU839631   88.64%    failed      0.00%
 840  KU839639   88.64%    failed      0.00%
 841  KU839626   88.64%    failed      0.00%
 842  KU839624   88.64%    failed      0.00%
 843  KU950544   88.64%    failed      0.00%
 844  KU950518   88.64%    failed      0.00%
 845  KU950644   88.64%    failed      0.00%
 846  KU950527   88.64%    failed      0.00%
 847  KU950590   88.64%    failed      0.00%
 848  KU950491   88.64%    failed      0.00%
 849  KU950460   88.64%    failed      0.00%
 850  KU950638   88.64%    failed      0.00%
 851  KU950549   88.64%    failed      0.00%
 852  KU950623   88.64%    failed      0.00%
 853  MZ516012   88.64%    failed      0.00%
 854  MZ515567   88.64%    failed      0.00%
 855  MZ515825   88.64%    failed      0.00%
 856  MZ515749   88.64%    failed      0.01%
 857  MZ515782   88.64%    failed      0.01%
 858  KJ672465   88.64%    failed      0.00%
 859  MW160776   88.64%    failed      0.00%
 860  KU950667   88.64%    failed      0.00%
 861  LC474556   88.64%    failed      0.00%
 862  MW160774   88.64%    failed      0.00%
 863  MW160785   88.64%    failed      0.00%
 864  MZ516118   88.64%    failed      0.00%
 865  MZ515616   88.64%    failed      0.00%
 866  MZ516134   88.64%    failed      0.00%
 867  MZ515592   88.64%    failed      0.00%
 868  MZ515884   88.64%    failed      0.00%
 869  MZ515780   88.64%    failed      0.00%
 870  MN630105   88.64%    failed      0.00%
 871  MZ515564   88.64%    failed      0.00%
 872  MZ515866   88.64%    failed      0.00%
 873  MW160773   88.64%    failed      0.00%
 874  MN306021   88.64%    failed      0.00%
 875  KJ672440   88.64%    failed      0.00%
 876  KJ672471   88.64%    failed      0.00%
 877  MW160754   88.64%    failed      0.00%
 878  MW160797   88.64%    failed      0.00%
 879  MW160799   88.64%    failed      0.00%
 880  MW160758   88.64%    failed      0.00%
 881  MN310477   88.64%    failed      0.00%
 882  MZ515967   88.64%    failed      0.00%
 883  MK749884   88.64%    failed      0.00%
 884  MZ516076   88.64%    failed      0.00%
 885  MZ515980   88.64%    failed      0.00%
 886  MZ516092   88.64%    failed      0.00%
 887  MZ515891   88.64%    failed      0.00%
 888  MZ515927   88.64%    failed      0.00%
 889  MZ515819   88.64%    failed      0.00%
 890  MZ515853   88.64%    failed      0.00%
 891  MZ515922   88.64%    failed      0.00%
 892  MZ515870   88.64%    failed      0.00%
 893  MZ515600   88.64%    failed      0.00%
 894  MZ515959   88.64%    failed      0.00%
 895  MZ515593   88.64%    failed      0.00%
 896  MZ515861   88.64%    failed      0.00%
 897  KJ627294   88.64%    failed      0.00%
 898  KF826856   88.64%    failed      0.00%
 899  OK649641   88.64%    failed      0.00%
 900  OK649651   88.64%    failed      0.00%
 901  OK649645   88.64%    failed      0.00%
 902  MG431255   88.64%    failed      0.00%
 903  OK649648   88.64%    failed      0.00%
 904  KX655632   88.64%    failed      0.00%
 905  MW160764   88.64%    failed      0.00%
 906  MW160782   88.64%    failed      0.00%
 907  MW160779   88.64%    failed      0.00%
 908  MZ516019   88.64%    failed      0.00%
 909  MW160768   88.64%    failed      0.00%
 910  MW160783   88.64%    failed      0.00%
 911  MW160771   88.64%    failed      0.00%
 912  MW160778   88.64%    failed      0.00%
 913  MW160825   88.64%    failed      0.00%
 914  MZ516129   88.64%    failed      0.00%
 915  KX765970   88.64%    failed      0.00%
 916  MW160819   88.64%    failed      0.00%
 917  MZ515559   88.64%    failed      0.00%
 918  MZ515695   88.64%    failed      0.00%
 919  MZ515905   88.64%    failed      0.00%
 920  MN306050   88.64%    failed      0.00%
 921  MH290724   88.64%    failed      0.00%
 922  MZ515641   88.64%    failed      0.00%
 923  MZ515862   88.64%    failed      0.00%
 924  MZ515973   88.64%    failed      0.00%
 925  MH447955   88.64%    failed      0.00%
 926  MH447956   88.64%    failed      0.00%
 927  MN630103   88.64%    failed      0.00%
 928  MZ515650   88.64%    failed      0.00%
 929  MZ515655   88.64%    failed      0.00%
 930  MZ515690   88.64%    failed      0.00%
 931  MZ515888   88.64%    failed      0.00%
 932  MZ515681   88.64%    failed      0.00%
 933  MN306045   88.64%    failed      0.00%
 934  MN306017   88.64%    failed      0.00%
 935  MZ515666   88.64%    failed      0.00%
 936  MZ515993   88.64%    failed      0.00%
 937  MZ516023   88.64%    failed      0.00%
 938  MN306029   88.64%    failed      0.00%
 939  MZ516086   88.64%    failed      0.00%
 940  MZ516017   88.64%    failed      0.00%
 941  MZ515626   88.64%    failed      0.00%
 942  MT422271   88.64%    failed      0.00%
 943  MT422272   88.64%    failed      0.00%
 944  MT422273   88.64%    failed      0.00%
 945  MZ516100   88.64%    failed      0.00%
 946  MZ515693   88.64%    failed      0.00%
 947  MZ516096   88.64%    failed      0.00%
 948  MZ515752   88.64%    failed      0.00%
 949  MZ515795   88.78%    failed      0.00%
 950  MZ515882   88.64%    failed      0.00%
 951  MZ516005   88.64%    failed      0.00%
 952  MZ516110   88.64%    failed      0.00%
 953  MZ515828   88.64%    failed      0.00%
 954  MZ515632   88.64%    failed      0.00%
 955  MZ515731   88.64%    failed      0.00%
 956  MT422269   88.64%    failed      0.00%
 957  MZ151852   88.64%    failed      0.00%
 958  MZ151853   88.64%    failed      0.00%
 959  MT422270   88.64%    failed      0.00%
 960  MZ515647   88.64%    failed      0.00%
 961  MZ515964   88.64%    failed      0.00%
 962  MZ516063   88.64%    failed      0.00%
 963  MZ516067   88.64%    failed      0.00%
 964  MZ515617   88.64%    failed      0.00%
 965  MZ515954   88.64%    failed      0.00%
 966  MZ516027   88.64%    failed      0.00%
 967  MZ515692   88.64%    failed      0.00%
 968  MZ516111   88.64%    failed      0.00%
 969  MZ515760   88.64%    failed      0.00%
 970  MZ515854   88.64%    failed      0.00%
 971  MZ515679   88.64%    failed      0.00%
 972  MZ515723   88.64%    failed      0.00%
 973  MZ515910   88.64%    failed      0.00%
 974  MZ515923   88.64%    failed      0.00%
 975  MZ515555   88.64%    failed      0.00%
 976  MZ515928   88.64%    failed      0.00%
 977  MZ516112   88.64%    failed      0.00%
 978  MZ515668   88.64%    failed      0.00%
 979  MZ515942   88.64%    failed      0.00%
 980  MN306048   88.64%    failed      0.00%
 981  MZ515619   88.64%    failed      0.00%
 982  MZ516039   88.64%    failed      0.00%
 983  KU950629   88.64%    failed      0.00%
 984  MK749912   88.64%    failed      0.00%
 985  MK749913   88.64%    failed      0.00%
 986  MZ515651   88.64%    failed      0.00%
 987  MZ515696   88.64%    failed      0.00%
 988  MZ515701   88.64%    failed      0.00%
 989  MZ515766   88.64%    failed      0.00%
 990  MZ515898   88.64%    failed      0.00%
 991  MZ515859   88.64%    failed      0.00%
 992  MZ516088   88.64%    failed      0.00%
 993  MZ515877   88.64%    failed      0.00%
 994  MZ516080   88.64%    failed      0.00%
 995  MZ516132   88.64%    failed      0.00%
 996  MZ515709   88.64%    failed      0.00%
 997  MZ515720   88.64%    failed      0.00%
 998  MZ515821   88.64%    failed      0.00%
 999  MZ516103   88.64%    failed      0.00%
1000  MZ516038   88.64%    failed      0.00%
1001  MZ515580   88.64%    failed      0.00%
1002  MZ515801   88.64%    failed      0.00%
1003  MZ515901   88.64%    failed      0.00%
1004  KY782635   88.64%    failed      0.00%
1005  KX655620   88.64%    failed      0.00%
1006  KX655695   88.64%    failed      0.00%
1007  KX655699   88.64%    failed      0.00%
1008  KX655638   88.64%    failed      0.00%
1009  KX655665   88.64%    failed      0.00%
1010  KX655621   88.64%    failed      0.00%
1011  KX655680   88.64%    failed      0.00%
1012  KX655689   88.64%    failed      0.00%
1013  KX655663   88.64%    failed      0.00%
1014  KX655631   88.64%    failed      0.00%
1015  MK109772   88.64%    failed      0.00%
1016  KX655659   88.64%    failed      0.00%
1017  MK109777   88.64%    failed      0.00%
1018  KX655687   88.64%    failed      0.00%
1019  MK109763   88.64%    failed      0.00%
1020  KX655682   88.64%    failed      0.00%
1021  KX765928   88.64%    failed      0.00%
1022  KF826840   88.64%    failed      0.00%
1023  KF826821   88.64%    failed      0.00%
1024  JF920048   88.64%    failed      0.00%
1025  JF920047   88.64%    failed      0.00%
1026  JF920046   88.64%    failed      0.00%
1027  JF920049   88.64%    failed      0.00%
1028  KJ627362   88.64%    failed      0.00%
1029  KJ627274   88.64%    failed      0.00%
1030  KJ627282   88.64%    failed      0.00%
1031  KJ627288   88.64%    failed      0.00%
1032  KJ627266   88.64%    failed      0.00%
1033  JF920051   88.65%    failed      0.00%
1034  OK649618   88.64%    failed      0.00%
1035  OK649626   88.64%    failed      0.00%
1036  OK649624   88.64%    failed      0.00%
1037  OK649599   88.64%    failed      0.00%
1038  OK649622   88.64%    failed      0.00%
1039  OK649611   88.64%    failed      0.00%
1040  OK649609   88.64%    failed      0.00%
1041  OK649620   88.64%    failed      0.00%
1042  OK649616   88.64%    failed      0.00%
1043  OK649631   88.64%    failed      0.00%
1044  OK649601   88.64%    failed      0.00%
1045  OK649628   88.64%    failed      0.00%
1046  OK649654   88.64%    failed      0.00%
1047  OK649638   88.64%    failed      0.00%
1048  OK649634   88.64%    failed      0.00%
1049  JX015499   88.64%    failed      0.00%
1050  OK649603   88.64%    failed      0.00%
1051  OK649605   88.64%    failed      0.00%
1052  OK649610   88.64%    failed      0.00%
1053  OK649613   88.64%    failed      0.00%
1054  OK649604   88.64%    failed      0.00%
1055  OK649630   88.64%    failed      0.00%
1056  OK649621   88.64%    failed      0.00%
1057  OK649602   88.64%    failed      0.00%
1058  OK649615   88.64%    failed      0.00%
1059  OK649597   88.64%    failed      0.00%
1060  OK649607   88.64%    failed      0.00%
1061  OK649619   88.64%    failed      0.00%
1062  OK649629   88.64%    failed      0.00%
1063  OK649632   88.64%    failed      0.00%
1064  OK649633   88.64%    failed      0.00%
1065  KJ627338   88.64%    failed      0.00%
1066  KJ627369   88.64%    failed      0.00%
1067  KJ627354   88.64%    failed      0.00%
1068  KJ627281   88.64%    failed      0.00%
1069  KJ627293   88.64%    failed      0.00%
1070  KF826838   88.64%    failed      0.00%
1071  JX015489   88.64%    failed      0.00%
1072  JX015491   88.64%    failed      0.00%
1073  JX015492   88.64%    failed      0.00%
1074  JX015490   88.64%    failed      0.00%
1075  OK649623   88.64%    failed      0.00%
1076  JX015484   88.66%    failed      0.00%
1077  JX015493   88.64%    failed      0.00%
1078  JX015482   88.64%    failed      0.00%
1079  OK649663   88.64%    failed      0.00%
1080  OK649667   88.64%    failed      0.00%
1081  KJ627328   88.64%    failed      0.00%
1082  KF826831   88.64%    failed      0.00%
1083  KJ939966   88.64%    failed      0.00%
1084  KJ939947   88.64%    failed      0.00%
1085  JX015498   88.64%    failed      0.00%
1086  KF826830   88.64%    failed      0.00%
1087  MF001047   88.64%    failed      0.00%
1088  KJ627337   88.64%    failed      0.00%
1089  KJ627335   88.64%    failed      0.00%
1090  KJ627290   88.64%    failed      0.00%
1091  KJ627257   88.64%    failed      0.00%
1092  MF001041   88.64%    failed      0.00%
1093  KX655627   88.64%    failed      0.00%
1094  KX655676   88.64%    failed      0.00%
1095  KJ627267   88.64%    failed      0.00%
1096  KJ627275   88.64%    failed      0.00%
1097  MZ516108   88.64%    failed      0.00%
1098  MZ515939   88.64%    failed      0.00%
1099  MN306054   88.64%    failed      0.00%
1100  MN306030   88.64%    failed      0.00%
1101  MZ515772   88.64%    failed      0.00%
1102  MZ515847   88.64%    failed      0.00%
1103  MZ515933   88.64%    failed      0.00%
1104  MZ515969   88.64%    failed      0.00%
1105  MZ515768   88.72%    failed      0.00%
1106  MZ515966   88.64%    failed      0.00%
1107  MZ515689   88.64%    failed      0.00%
1108  MZ515929   88.64%    failed      0.00%
1109  MZ516071   88.64%    failed      0.00%
1110  MZ516031   88.64%    failed      0.00%
1111  MZ515579   88.64%    failed      0.00%
1112  MZ515943   88.64%    failed      0.00%
1113  MZ516007   88.64%    failed      0.00%
1114  MZ516075   88.64%    failed      0.00%
1115  MZ515585   88.64%    failed      0.00%
1116  MZ515873   88.64%    failed      0.00%
1117  MZ515984   88.64%    failed      0.00%
1118  MZ516117   88.64%    failed      0.00%
1119  KY967363   88.64%    failed      0.00%
1120  MW160827   88.64%    failed      0.00%
1121  MZ516029   88.64%    failed      0.00%
1122  MZ515986   88.64%    failed      0.00%
1123  MZ515941   88.64%    failed      0.00%
1124  MZ515687   88.64%    failed      0.00%
1125  MZ515784   88.64%    failed      0.00%
1126  MZ515907   88.64%    failed      0.00%
1127  MZ515631   88.64%    failed      0.00%
1128  MZ516000   88.64%    failed      0.00%
1129  MZ515614   88.64%    failed      0.00%
1130  MZ515911   88.64%    failed      0.00%
1131  MZ516002   88.64%    failed      0.00%
1132  MZ516004   88.76%    failed      0.00%
1133  MZ515571   88.64%    failed      0.00%
1134  MZ515645   88.64%    failed      0.00%
1135  MZ516040   88.64%    failed      0.00%
1136  MW160824   88.64%    failed      0.00%
1137  MW160809   88.64%    failed      0.00%
1138  MW160820   88.64%    failed      0.00%
1139  MZ516097   88.64%    failed      0.00%
1140  MZ515606   88.64%    failed      0.00%
1141  MZ516058   88.64%    failed      0.00%
1142  MZ515789   88.64%    failed      0.00%
1143  MZ515706   88.64%    failed      0.00%
1144  MZ516066   88.64%    failed      0.00%
1145  MZ516047   88.64%    failed      0.00%
1146  MZ515737   88.64%    failed      0.00%
1147  MZ515570   88.64%    failed      0.00%
1148  MZ515758   88.64%    failed      0.00%
1149  MZ151854   88.64%    failed      0.00%
1150  MZ151855   88.64%    failed      0.00%
1151  MZ515623   88.64%    failed      0.00%
1152  MZ515945   88.64%    failed      0.00%
1153  MZ515646   88.64%    failed      0.00%
1154  MZ516137   88.64%    failed      0.00%
1155  MZ515998   88.64%    failed      0.00%
1156  MZ516015   88.64%    failed      0.00%
1157  MZ515864   88.64%    failed      0.00%
1158  MZ516073   88.64%    failed      0.00%
1159  MZ515834   88.64%    failed      0.00%
1160  MZ515688   88.64%    failed      0.00%
1161  MZ516120   88.64%    failed      0.00%
1162  MZ516014   88.64%    failed      0.00%
1163  MZ515878   88.64%    failed      0.00%
1164  MZ515961   88.64%    failed      0.00%
1165  MZ515773   88.64%    failed      0.00%
1166  MZ515987   88.64%    failed      0.00%
1167  MZ515597   88.64%    failed      0.00%
1168  MZ515576   88.64%    failed      0.00%
1169  MZ515963   88.64%    failed      0.00%
1170  MZ515777   88.64%    failed      0.00%
1171  KY967362   88.64%    failed      0.00%
1172  MZ516130   88.64%    failed      0.00%
1173  MZ515811   88.64%    failed      0.00%
1174  MZ515643   88.64%    failed      0.00%
1175  MZ515680   88.64%    failed      0.00%
1176  MZ515803   88.64%    failed      0.00%
1177  MZ516068   88.64%    failed      0.00%
1178  MZ515652   88.64%    failed      0.00%
1179  MZ515992   88.64%    failed      0.00%
1180  MZ516093   88.64%    failed      0.00%
1181  MZ515880   88.64%    failed      0.00%
1182  MZ515685   88.64%    failed      0.00%
1183  MZ516074   88.64%    failed      0.00%
1184  MZ515989   88.64%    failed      0.00%
1185  MZ515848   88.64%    failed      0.00%
1186  MZ515951   88.64%    failed      0.00%
1187  MZ515755   88.64%    failed      0.00%
1188  MZ515908   88.64%    failed      0.00%
1189  MN306031   88.64%    failed      0.00%
1190  MZ516011   88.64%    failed      0.00%
1191  MZ515640   88.64%    failed      0.00%
1192  MZ515940   88.64%    failed      0.00%
1193  MZ515583   88.64%    failed      0.00%
1194  MZ515860   88.64%    failed      0.00%
1195  MZ516033   88.64%    failed      0.00%
1196  MZ515717   88.64%    failed      0.00%
1197  MZ515649   88.64%    failed      0.00%
1198  MZ516024   88.64%    failed      0.00%
1199  MZ515628   88.64%    failed      0.00%
1200  MZ515790   88.64%    failed      0.00%
1201  MZ515957   88.64%    failed      0.00%
1202  MZ515971   88.64%    failed      0.00%
1203  MZ515568   88.64%    failed      0.00%
1204  MZ515700   88.64%    failed      0.00%
1205  MZ515931   88.64%    failed      0.00%
1206  MZ515744   88.64%    failed      0.00%
1207  MZ515734   88.93%    failed      0.00%
1208  MZ515573   88.64%    failed      0.00%
1209  MZ516008   88.64%    failed      0.00%
1210  MZ515948   88.64%    failed      0.00%
1211  MZ516090   88.64%    failed      0.00%
1212  LC474558   88.64%    failed      0.00%
1213  MZ515842   88.64%    failed      0.00%
1214  MZ515629   88.64%    failed      0.00%
1215  MZ516043   88.64%    failed      0.00%
1216  KY460517   88.64%    failed      0.00%
1217  MZ515682   88.64%    failed      0.00%
1218  MW160761   88.64%    failed      0.00%
1219  MW160772   88.64%    failed      0.00%
1220  MW160767   88.64%    failed      0.00%
1221  JX015481   88.64%    failed      0.00%
1222  JX015497   88.64%    failed      0.00%
1223  MT506703   88.64%    failed      0.00%
WARNING: 1223 sequences contain more than 50% gaps/ambiguity
****  TOTAL      88.65%  1223 sequences failed composition chi2 test (p-value<5%; df=3)
NOTE: MG642056 is identical to KU316166 but kept for subsequent analysis
NOTE: MG642071 is identical to KJ723483 but kept for subsequent analysis
NOTE: MG642077 is identical to KU316138 but kept for subsequent analysis
NOTE: KP258709 is identical to KP856967 but kept for subsequent analysis
NOTE: MG642079 is identical to MG642031 but kept for subsequent analysis
NOTE: KP258715 is identical to KU316093 but kept for subsequent analysis
NOTE: KJ627678 is identical to KJ627679 but kept for subsequent analysis
NOTE: KJ627685 is identical to KJ627687 but kept for subsequent analysis
NOTE: KJ627707 is identical to KJ627703 but kept for subsequent analysis
NOTE: KJ723465 is identical to KP258711 but kept for subsequent analysis
NOTE: KU316161 is identical to KP258740 but kept for subsequent analysis
NOTE: KP258728 is identical to KP258732 but kept for subsequent analysis
NOTE: OK649674 is identical to KP258701 but kept for subsequent analysis
NOTE: KU316170 is identical to KP258707 but kept for subsequent analysis
NOTE: KJ627682 is identical to KJ627683 but kept for subsequent analysis
NOTE: KJ627708 is identical to KJ627709 but kept for subsequent analysis
NOTE: KJ627674 is identical to KJ627672 but kept for subsequent analysis
NOTE: KJ627688 is identical to KJ627710 but kept for subsequent analysis
NOTE: KJ627727 is identical to KJ627731 but kept for subsequent analysis
NOTE: KJ627723 is identical to KJ627725 but kept for subsequent analysis
NOTE: KJ627671 is identical to KJ627670 but kept for subsequent analysis
NOTE: KJ627663 is identical to KJ627664 but kept for subsequent analysis
NOTE: OK649606 is identical to OK649595 but kept for subsequent analysis
NOTE: KX894798 is identical to KJ672462 but kept for subsequent analysis
NOTE: KX894800 is identical to KJ672447 but kept for subsequent analysis
NOTE: KJ627718 is identical to KJ627716 but kept for subsequent analysis
NOTE: KJ627720 is identical to KJ627662 but kept for subsequent analysis
NOTE: KJ627666 is identical to KJ627667 but kept for subsequent analysis
NOTE: KF973334 is identical to KF973331 but kept for subsequent analysis
NOTE: KJ627695 is identical to KJ627696 but kept for subsequent analysis
NOTE: KJ627366 is identical to KJ627321 but kept for subsequent analysis
NOTE: OK649664 is identical to OK649661 but kept for subsequent analysis
NOTE: KJ627647 is identical to KJ627648 but kept for subsequent analysis
NOTE: KU316131 is identical to KP258697 but kept for subsequent analysis
NOTE: OK649627 is identical to OK649598 but kept for subsequent analysis
NOTE: KX655622 is identical to KX655617 but kept for subsequent analysis
NOTE: KJ939945 is identical to KJ939941 but kept for subsequent analysis
NOTE: KJ939962 is identical to KJ939960 but kept for subsequent analysis
NOTE: KJ939963 is identical to KJ939944 but kept for subsequent analysis
NOTE: KJ939956 is identical to KJ939957 but kept for subsequent analysis
NOTE: KX655630 is identical to KX655615 but kept for subsequent analysis
NOTE: KF826849 is identical to KF530269 but kept for subsequent analysis
NOTE: MF001056 is identical to MF001053 but kept for subsequent analysis
NOTE: KJ627270 is identical to KJ627325 but kept for subsequent analysis
NOTE: KJ627246 is identical to KJ627349 but kept for subsequent analysis
NOTE: KJ627263 is identical to KJ627334 but kept for subsequent analysis
NOTE: KJ627326 is identical to KJ627287 but kept for subsequent analysis
NOTE: KJ627303 is identical to KJ627356 but kept for subsequent analysis
NOTE: KJ627344 is identical to KJ627319 but kept for subsequent analysis
NOTE: OK649644 is identical to OK649643 but kept for subsequent analysis
NOTE: KJ627301 is identical to KJ627268 but kept for subsequent analysis
NOTE: KJ627318 is identical to KJ627306 but kept for subsequent analysis
NOTE: KJ627291 is identical to KJ627373 but kept for subsequent analysis
NOTE: KX655675 is identical to KX655652 but kept for subsequent analysis
NOTE: KJ939937 is identical to KJ939938 but kept for subsequent analysis
NOTE: KX655697 is identical to KX655618 but kept for subsequent analysis
NOTE: KX655672 is identical to KX655619 but kept for subsequent analysis
NOTE: KJ672436 is identical to KJ672459 but kept for subsequent analysis
NOTE: KX765913 is identical to KX765920 but kept for subsequent analysis
NOTE: MN630107 is identical to MN630097 but kept for subsequent analysis
NOTE: KJ672431 is identical to KJ672443 but kept for subsequent analysis
NOTE: KJ672460 is identical to KJ672456 but kept for subsequent analysis
NOTE: KU950536 is identical to KU950649 but kept for subsequent analysis
NOTE: MG813981 is identical to MG813980 but kept for subsequent analysis
NOTE: KJ672458 is identical to KU950502 but kept for subsequent analysis
NOTE: MK167035 is identical to MF001057 but kept for subsequent analysis
NOTE: KU950557 is identical to KJ672449 but kept for subsequent analysis
NOTE: MG813979 is identical to MG813978 but kept for subsequent analysis
NOTE: MH447954 is identical to MH447953 but kept for subsequent analysis
NOTE: MG813985 is identical to MG813984 but kept for subsequent analysis
NOTE: KX894807 is identical to KU950486 but kept for subsequent analysis
NOTE: KU950523 is identical to KU950540 but kept for subsequent analysis
NOTE: KJ672468 is identical to KJ672444 but kept for subsequent analysis
NOTE: MN630090 is identical to MN630088 but kept for subsequent analysis
NOTE: MN630104 is identical to MN630096 but kept for subsequent analysis
NOTE: KJ672454 is identical to KJ672429 but kept for subsequent analysis
NOTE: MN630099 is identical to MN630089 but kept for subsequent analysis
NOTE: KU950585 is identical to KU950506 but kept for subsequent analysis
NOTE: MG813983 is identical to MG813982 but kept for subsequent analysis
NOTE: KX894806 is identical to KJ672448 but kept for subsequent analysis
NOTE: KU950651 is identical to KJ672472 but kept for subsequent analysis
NOTE: KU950631 is identical to KU950615 but kept for subsequent analysis
NOTE: KJ672451 is identical to KJ672470 but kept for subsequent analysis
NOTE: KX765898 is identical to KX765886 but kept for subsequent analysis
NOTE: LC530050 is identical to MG793382 but kept for subsequent analysis
NOTE: MG813990 is identical to MG813988 but kept for subsequent analysis
NOTE: KX765919 is identical to KX765904 but kept for subsequent analysis
NOTE: KX765948 is identical to KX765887 but kept for subsequent analysis
NOTE: MW020599 is identical to MW020598 but kept for subsequent analysis
NOTE: MZ515913 is identical to MZ515718 but kept for subsequent analysis
NOTE: MZ515814 is identical to MZ515800 but kept for subsequent analysis
NOTE: KU950627 is identical to KU839637 but kept for subsequent analysis
NOTE: KU950470 is identical to KU950472 but kept for subsequent analysis
NOTE: KJ672437 is identical to KM042391 but kept for subsequent analysis
NOTE: MG813987 is identical to MG813986 but kept for subsequent analysis
NOTE: KU950673 is identical to KJ672433 but kept for subsequent analysis
NOTE: MW160803 is identical to MW160801 but kept for subsequent analysis
NOTE: MK749893 is identical to MK749886 but kept for subsequent analysis
NOTE: MZ515569 is identical to MZ515999 but kept for subsequent analysis
NOTE: MZ516028 is identical to MZ516010 but kept for subsequent analysis
NOTE: MZ516044 is identical to MZ516026 but kept for subsequent analysis
NOTE: MZ515956 is identical to MZ515588 but kept for subsequent analysis
NOTE: MZ515572 is identical to MZ516053 but kept for subsequent analysis
NOTE: MZ515620 is identical to MZ516055 but kept for subsequent analysis
NOTE: MK749909 is identical to MK749895 but kept for subsequent analysis
NOTE: KY883567 is identical to KY883566 but kept for subsequent analysis
NOTE: MW160766 is identical to MW160747 but kept for subsequent analysis
NOTE: KX765917 is identical to KX765915 but kept for subsequent analysis
NOTE: MZ515840 is identical to MZ516087 but kept for subsequent analysis
NOTE: KU950455 is identical to KU950505 but kept for subsequent analysis
NOTE: KU950698 is identical to KU950683 but kept for subsequent analysis
NOTE: MW160785 is identical to MW160774 but kept for subsequent analysis
NOTE: MZ515616 is identical to MZ516118 but kept for subsequent analysis
NOTE: MZ515866 is identical to MZ515564 but kept for subsequent analysis
NOTE: MW160797 is identical to MW160754 but kept for subsequent analysis
NOTE: MZ515980 is identical to MZ516076 but kept for subsequent analysis
NOTE: MZ515891 is identical to MZ516092 but kept for subsequent analysis
NOTE: MZ515959 is identical to MZ515600 but kept for subsequent analysis
NOTE: MZ515861 is identical to MZ515593 but kept for subsequent analysis
NOTE: OK649651 is identical to OK649641 but kept for subsequent analysis
NOTE: OK649648 is identical to MG431255 but kept for subsequent analysis
NOTE: MW160782 is identical to MW160764 but kept for subsequent analysis
NOTE: MW160783 is identical to MW160768 but kept for subsequent analysis
NOTE: MZ515695 is identical to MZ515559 but kept for subsequent analysis
NOTE: MZ515862 is identical to MZ515641 but kept for subsequent analysis
NOTE: MZ515655 is identical to MZ515650 but kept for subsequent analysis
NOTE: MZ515993 is identical to MZ515666 but kept for subsequent analysis
NOTE: MZ516017 is identical to MZ516086 but kept for subsequent analysis
NOTE: MT422272 is identical to MT422271 but kept for subsequent analysis
NOTE: MZ515693 is identical to MZ516100 but kept for subsequent analysis
NOTE: MZ515752 is identical to MZ516096 but kept for subsequent analysis
NOTE: MZ515828 is identical to MZ516110 but kept for subsequent analysis
NOTE: MZ151852 is identical to MT422269 but kept for subsequent analysis
NOTE: MZ515964 is identical to MZ515647 but kept for subsequent analysis
NOTE: MZ516111 is identical to MZ515692 but kept for subsequent analysis
NOTE: MZ515723 is identical to MZ515679 but kept for subsequent analysis
NOTE: MZ515942 is identical to MZ515668 but kept for subsequent analysis
NOTE: MZ515696 is identical to MZ515651 but kept for subsequent analysis
NOTE: MZ515580 is identical to MZ516038 but kept for subsequent analysis
NOTE: KX655695 is identical to KX655620 but kept for subsequent analysis
NOTE: KX655680 is identical to KX655621 but kept for subsequent analysis
NOTE: KX655659 is identical to MK109772 but kept for subsequent analysis
NOTE: JF920048 is identical to KF826821 but kept for subsequent analysis
NOTE: KJ627274 is identical to KJ627362 but kept for subsequent analysis
NOTE: OK649622 is identical to OK649599 but kept for subsequent analysis
NOTE: OK649605 is identical to OK649603 but kept for subsequent analysis
NOTE: OK649607 is identical to OK649597 but kept for subsequent analysis
NOTE: KJ627354 is identical to KJ627369 but kept for subsequent analysis
NOTE: JX015491 is identical to JX015489 but kept for subsequent analysis
NOTE: OK649667 is identical to OK649663 but kept for subsequent analysis
NOTE: KJ939947 is identical to KJ939966 but kept for subsequent analysis
NOTE: KJ627335 is identical to KJ627337 but kept for subsequent analysis
NOTE: KX655676 is identical to KX655627 but kept for subsequent analysis
NOTE: KJ627275 is identical to KJ627267 but kept for subsequent analysis
NOTE: MN306030 is identical to MN306054 but kept for subsequent analysis
NOTE: MZ516031 is identical to MZ516071 but kept for subsequent analysis
NOTE: MZ516029 is identical to MW160827 but kept for subsequent analysis
NOTE: MZ515784 is identical to MZ515687 but kept for subsequent analysis
NOTE: MZ515631 is identical to MZ515907 but kept for subsequent analysis
NOTE: MW160820 is identical to MW160809 but kept for subsequent analysis
NOTE: MZ515606 is identical to MZ516097 but kept for subsequent analysis
NOTE: MZ516047 is identical to MZ516066 but kept for subsequent analysis
NOTE: MZ151855 is identical to MZ151854 but kept for subsequent analysis
NOTE: MZ516137 is identical to MZ515646 but kept for subsequent analysis
NOTE: MZ516015 is identical to MZ515998 but kept for subsequent analysis
NOTE: MZ515834 is identical to MZ516073 but kept for subsequent analysis
NOTE: MZ516120 is identical to MZ515688 but kept for subsequent analysis
NOTE: MZ515963 is identical to MZ515576 but kept for subsequent analysis
NOTE: MZ515811 is identical to MZ516130 but kept for subsequent analysis
NOTE: MZ515680 is identical to MZ515643 but kept for subsequent analysis
NOTE: MZ515992 is identical to MZ515652 but kept for subsequent analysis
NOTE: MZ515908 is identical to MZ515755 but kept for subsequent analysis
NOTE: MZ515640 is identical to MZ516011 but kept for subsequent analysis
NOTE: MZ515860 is identical to MZ515583 but kept for subsequent analysis
NOTE: MZ515957 is identical to MZ515790 but kept for subsequent analysis
NOTE: MZ515568 is identical to MZ515971 but kept for subsequent analysis
NOTE: MZ515948 is identical to MZ516008 but kept for subsequent analysis
NOTE: MW160772 is identical to MW160761 but kept for subsequent analysis
NOTE: JX015497 is identical to JX015481 but kept for subsequent analysis
NOTE: 331 identical sequences (see below) will be ignored for subsequent analysis
NOTE: MG642026 (identical to KU316166) is ignored but added at the end
NOTE: MG642035 (identical to KJ723483) is ignored but added at the end
NOTE: KU316098 (identical to KJ723483) is ignored but added at the end
NOTE: KU316125 (identical to KJ723483) is ignored but added at the end
NOTE: MG642032 (identical to KP856967) is ignored but added at the end
NOTE: MG642040 (identical to KP856967) is ignored but added at the end
NOTE: MG642058 (identical to KP856967) is ignored but added at the end
NOTE: MG642024 (identical to KP856967) is ignored but added at the end
NOTE: KP258725 (identical to KP856967) is ignored but added at the end
NOTE: KU316090 (identical to KP856967) is ignored but added at the end
NOTE: KJ723488 (identical to KP856967) is ignored but added at the end
NOTE: KJ723468 (identical to KU316093) is ignored but added at the end
NOTE: KJ627686 (identical to KJ627687) is ignored but added at the end
NOTE: KJ627706 (identical to KJ627703) is ignored but added at the end
NOTE: KJ627705 (identical to KJ627703) is ignored but added at the end
NOTE: KJ627704 (identical to KJ627703) is ignored but added at the end
NOTE: KJ627702 (identical to KJ627703) is ignored but added at the end
NOTE: KP258710 (identical to KP258711) is ignored but added at the end
NOTE: OK649676 (identical to KP258740) is ignored but added at the end
NOTE: KJ723487 (identical to KP258740) is ignored but added at the end
NOTE: KJ627684 (identical to KJ627683) is ignored but added at the end
NOTE: KJ627675 (identical to KJ627672) is ignored but added at the end
NOTE: KJ627728 (identical to KJ627731) is ignored but added at the end
NOTE: KJ627724 (identical to KJ627725) is ignored but added at the end
NOTE: KJ627657 (identical to KJ627670) is ignored but added at the end
NOTE: KJ627659 (identical to KJ627670) is ignored but added at the end
NOTE: OK649649 (identical to OK649595) is ignored but added at the end
NOTE: OK649608 (identical to OK649595) is ignored but added at the end
NOTE: KU950616 (identical to KJ672462) is ignored but added at the end
NOTE: KU950609 (identical to KJ672462) is ignored but added at the end
NOTE: KJ672479 (identical to KJ672447) is ignored but added at the end
NOTE: KJ672474 (identical to KJ672447) is ignored but added at the end
NOTE: KJ627717 (identical to KJ627716) is ignored but added at the end
NOTE: KJ627729 (identical to KJ627716) is ignored but added at the end
NOTE: KJ627721 (identical to KJ627662) is ignored but added at the end
NOTE: KJ627722 (identical to KJ627662) is ignored but added at the end
NOTE: KJ627714 (identical to KJ627662) is ignored but added at the end
NOTE: KJ627715 (identical to KJ627662) is ignored but added at the end
NOTE: KJ627719 (identical to KJ627662) is ignored but added at the end
NOTE: KJ627668 (identical to KJ627667) is ignored but added at the end
NOTE: KF973325 (identical to KF973331) is ignored but added at the end
NOTE: KF973333 (identical to KF973331) is ignored but added at the end
NOTE: KF973321 (identical to KF973331) is ignored but added at the end
NOTE: KF973322 (identical to KF973331) is ignored but added at the end
NOTE: KF973320 (identical to KF973331) is ignored but added at the end
NOTE: KF973323 (identical to KF973331) is ignored but added at the end
NOTE: KF973329 (identical to KF973331) is ignored but added at the end
NOTE: KF973330 (identical to KF973331) is ignored but added at the end
NOTE: KF973328 (identical to KF973331) is ignored but added at the end
NOTE: KF973336 (identical to KF973331) is ignored but added at the end
NOTE: KF973326 (identical to KF973331) is ignored but added at the end
NOTE: KF973319 (identical to KF973331) is ignored but added at the end
NOTE: KF973327 (identical to KF973331) is ignored but added at the end
NOTE: KF973324 (identical to KF973331) is ignored but added at the end
NOTE: KF973332 (identical to KF973331) is ignored but added at the end
NOTE: KF973335 (identical to KF973331) is ignored but added at the end
NOTE: KF973339 (identical to KF973331) is ignored but added at the end
NOTE: KF973338 (identical to KF973331) is ignored but added at the end
NOTE: KJ627649 (identical to KF973331) is ignored but added at the end
NOTE: OK649662 (identical to OK649661) is ignored but added at the end
NOTE: OK649665 (identical to OK649661) is ignored but added at the end
NOTE: OK649666 (identical to OK649661) is ignored but added at the end
NOTE: MG642080 (identical to KP258697) is ignored but added at the end
NOTE: MG642033 (identical to KP258697) is ignored but added at the end
NOTE: OK649592 (identical to KP258697) is ignored but added at the end
NOTE: KX655628 (identical to KX655617) is ignored but added at the end
NOTE: MK109785 (identical to KX655617) is ignored but added at the end
NOTE: KX655673 (identical to KX655617) is ignored but added at the end
NOTE: KX655694 (identical to KX655617) is ignored but added at the end
NOTE: KJ939964 (identical to KJ939960) is ignored but added at the end
NOTE: JF920053 (identical to KF530269) is ignored but added at the end
NOTE: OK649647 (identical to KF530269) is ignored but added at the end
NOTE: KX765901 (identical to KF530269) is ignored but added at the end
NOTE: KX765936 (identical to KF530269) is ignored but added at the end
NOTE: KX765967 (identical to KF530269) is ignored but added at the end
NOTE: KJ627298 (identical to KJ627325) is ignored but added at the end
NOTE: KJ627313 (identical to KJ627325) is ignored but added at the end
NOTE: KJ627329 (identical to KJ627325) is ignored but added at the end
NOTE: KJ627269 (identical to KJ627325) is ignored but added at the end
NOTE: KJ627292 (identical to KJ627325) is ignored but added at the end
NOTE: KJ627357 (identical to KJ627325) is ignored but added at the end
NOTE: KJ627345 (identical to KJ627325) is ignored but added at the end
NOTE: KJ627273 (identical to KJ627325) is ignored but added at the end
NOTE: KJ627358 (identical to KJ627325) is ignored but added at the end
NOTE: KJ627304 (identical to KJ627349) is ignored but added at the end
NOTE: KJ627346 (identical to KJ627287) is ignored but added at the end
NOTE: KJ627295 (identical to KJ627287) is ignored but added at the end
NOTE: KJ627355 (identical to KJ627287) is ignored but added at the end
NOTE: KJ627283 (identical to KJ627287) is ignored but added at the end
NOTE: KJ627297 (identical to KJ627287) is ignored but added at the end
NOTE: KJ627252 (identical to KJ627287) is ignored but added at the end
NOTE: KJ627308 (identical to KJ627356) is ignored but added at the end
NOTE: KJ627343 (identical to KJ627356) is ignored but added at the end
NOTE: KJ627245 (identical to KJ627268) is ignored but added at the end
NOTE: KJ627309 (identical to KJ627268) is ignored but added at the end
NOTE: KJ627261 (identical to KJ627268) is ignored but added at the end
NOTE: KJ627365 (identical to KJ627268) is ignored but added at the end
NOTE: KJ627256 (identical to KJ627268) is ignored but added at the end
NOTE: KJ627372 (identical to KJ627268) is ignored but added at the end
NOTE: KJ627253 (identical to KJ627268) is ignored but added at the end
NOTE: KJ627367 (identical to KJ627268) is ignored but added at the end
NOTE: KJ627279 (identical to KJ627268) is ignored but added at the end
NOTE: MF001049 (identical to KX655652) is ignored but added at the end
NOTE: MF001051 (identical to KX655652) is ignored but added at the end
NOTE: KJ939935 (identical to KJ939938) is ignored but added at the end
NOTE: KJ939940 (identical to KJ939938) is ignored but added at the end
NOTE: KX655634 (identical to KX655618) is ignored but added at the end
NOTE: KX655651 (identical to KX655618) is ignored but added at the end
NOTE: KX655667 (identical to KX655618) is ignored but added at the end
NOTE: KX655635 (identical to KX655618) is ignored but added at the end
NOTE: KX894796 (identical to KJ672459) is ignored but added at the end
NOTE: KX765937 (identical to KX765920) is ignored but added at the end
NOTE: KX765953 (identical to KX765920) is ignored but added at the end
NOTE: KX765969 (identical to KX765920) is ignored but added at the end
NOTE: KU950554 (identical to KJ672443) is ignored but added at the end
NOTE: KX894802 (identical to KJ672443) is ignored but added at the end
NOTE: KU950538 (identical to KJ672443) is ignored but added at the end
NOTE: KJ672439 (identical to KJ672456) is ignored but added at the end
NOTE: KJ672450 (identical to KJ672456) is ignored but added at the end
NOTE: KJ672463 (identical to KJ672456) is ignored but added at the end
NOTE: KJ672426 (identical to KJ672456) is ignored but added at the end
NOTE: KJ672434 (identical to KJ672456) is ignored but added at the end
NOTE: KU950563 (identical to KJ672456) is ignored but added at the end
NOTE: KU950632 (identical to KJ672456) is ignored but added at the end
NOTE: KJ672446 (identical to KJ672456) is ignored but added at the end
NOTE: KJ672453 (identical to KJ672456) is ignored but added at the end
NOTE: KJ672435 (identical to KJ672456) is ignored but added at the end
NOTE: KJ672482 (identical to KJ672456) is ignored but added at the end
NOTE: KJ672484 (identical to KJ672456) is ignored but added at the end
NOTE: KJ672477 (identical to KJ672456) is ignored but added at the end
NOTE: KU950545 (identical to KJ672456) is ignored but added at the end
NOTE: KU950528 (identical to KJ672456) is ignored but added at the end
NOTE: KM042381 (identical to KJ672456) is ignored but added at the end
NOTE: KM042385 (identical to KJ672456) is ignored but added at the end
NOTE: KU950546 (identical to KJ672456) is ignored but added at the end
NOTE: KU950579 (identical to KJ672456) is ignored but added at the end
NOTE: KU950522 (identical to KJ672456) is ignored but added at the end
NOTE: KU950646 (identical to KJ672456) is ignored but added at the end
NOTE: KU950595 (identical to KJ672456) is ignored but added at the end
NOTE: KU950469 (identical to KJ672456) is ignored but added at the end
NOTE: KU950620 (identical to KJ672456) is ignored but added at the end
NOTE: KU950507 (identical to KJ672456) is ignored but added at the end
NOTE: KU950498 (identical to KJ672456) is ignored but added at the end
NOTE: KU950658 (identical to KJ672456) is ignored but added at the end
NOTE: KU950645 (identical to KJ672456) is ignored but added at the end
NOTE: KU950634 (identical to KJ672456) is ignored but added at the end
NOTE: OK649681 (identical to MG813980) is ignored but added at the end
NOTE: KU950592 (identical to MG813980) is ignored but added at the end
NOTE: KU950692 (identical to MG813980) is ignored but added at the end
NOTE: KJ672467 (identical to MG813980) is ignored but added at the end
NOTE: KU950475 (identical to MG813980) is ignored but added at the end
NOTE: KU950694 (identical to MG813980) is ignored but added at the end
NOTE: KX765926 (identical to MG813980) is ignored but added at the end
NOTE: MN531557 (identical to MG813980) is ignored but added at the end
NOTE: KX894797 (identical to KU950502) is ignored but added at the end
NOTE: KU950556 (identical to KU950502) is ignored but added at the end
NOTE: KU950570 (identical to KJ672449) is ignored but added at the end
NOTE: KU950664 (identical to KJ672449) is ignored but added at the end
NOTE: KU950685 (identical to KU950540) is ignored but added at the end
NOTE: KU950583 (identical to KU950540) is ignored but added at the end
NOTE: KU950459 (identical to KU950540) is ignored but added at the end
NOTE: KU950560 (identical to KU950540) is ignored but added at the end
NOTE: KX894799 (identical to KJ672444) is ignored but added at the end
NOTE: KU950654 (identical to KJ672444) is ignored but added at the end
NOTE: KU950493 (identical to KJ672444) is ignored but added at the end
NOTE: KY982516 (identical to KJ672444) is ignored but added at the end
NOTE: KU950653 (identical to KJ672444) is ignored but added at the end
NOTE: KU950671 (identical to KJ672444) is ignored but added at the end
NOTE: MG813977 (identical to KJ672444) is ignored but added at the end
NOTE: MG813993 (identical to KJ672444) is ignored but added at the end
NOTE: MG813992 (identical to KJ672444) is ignored but added at the end
NOTE: KU950626 (identical to KJ672444) is ignored but added at the end
NOTE: MN630106 (identical to MN630096) is ignored but added at the end
NOTE: MN630098 (identical to MN630096) is ignored but added at the end
NOTE: KX894803 (identical to KJ672429) is ignored but added at the end
NOTE: MN630093 (identical to MN630089) is ignored but added at the end
NOTE: KU950499 (identical to KU950506) is ignored but added at the end
NOTE: KU950520 (identical to KU950506) is ignored but added at the end
NOTE: KU950537 (identical to KU950506) is ignored but added at the end
NOTE: KU950686 (identical to KU950506) is ignored but added at the end
NOTE: KJ672466 (identical to KJ672470) is ignored but added at the end
NOTE: KX894804 (identical to KJ672470) is ignored but added at the end
NOTE: KJ672424 (identical to KJ672470) is ignored but added at the end
NOTE: KJ672461 (identical to KJ672470) is ignored but added at the end
NOTE: KJ672452 (identical to KJ672470) is ignored but added at the end
NOTE: KM042383 (identical to KJ672470) is ignored but added at the end
NOTE: KU950660 (identical to KJ672470) is ignored but added at the end
NOTE: KU950674 (identical to KJ672470) is ignored but added at the end
NOTE: KU950680 (identical to KJ672470) is ignored but added at the end
NOTE: KU950572 (identical to KJ672470) is ignored but added at the end
NOTE: KU950509 (identical to KJ672470) is ignored but added at the end
NOTE: KU950474 (identical to KJ672470) is ignored but added at the end
NOTE: KJ672480 (identical to KJ672470) is ignored but added at the end
NOTE: MG813991 (identical to MG813988) is ignored but added at the end
NOTE: KX765974 (identical to KX765904) is ignored but added at the end
NOTE: KX765971 (identical to KX765904) is ignored but added at the end
NOTE: KX765972 (identical to KX765904) is ignored but added at the end
NOTE: KX765940 (identical to KX765904) is ignored but added at the end
NOTE: KX765939 (identical to KX765904) is ignored but added at the end
NOTE: KX765954 (identical to KX765904) is ignored but added at the end
NOTE: KX765950 (identical to KX765887) is ignored but added at the end
NOTE: KX765955 (identical to KX765887) is ignored but added at the end
NOTE: KX765951 (identical to KX765887) is ignored but added at the end
NOTE: KX765914 (identical to KX765887) is ignored but added at the end
NOTE: KU950596 (identical to KU839637) is ignored but added at the end
NOTE: KU950608 (identical to KU950472) is ignored but added at the end
NOTE: KU950670 (identical to KM042391) is ignored but added at the end
NOTE: KJ672457 (identical to KM042391) is ignored but added at the end
NOTE: KU950636 (identical to KM042391) is ignored but added at the end
NOTE: MZ515921 (identical to MZ515999) is ignored but added at the end
NOTE: MZ515909 (identical to MZ515999) is ignored but added at the end
NOTE: MZ516052 (identical to MZ516026) is ignored but added at the end
NOTE: MZ515633 (identical to MZ516026) is ignored but added at the end
NOTE: MZ515781 (identical to MZ516026) is ignored but added at the end
NOTE: MZ515962 (identical to MZ516026) is ignored but added at the end
NOTE: MZ515797 (identical to MZ516026) is ignored but added at the end
NOTE: MZ515735 (identical to MZ516026) is ignored but added at the end
NOTE: MZ515804 (identical to MZ516026) is ignored but added at the end
NOTE: MZ515851 (identical to MZ516026) is ignored but added at the end
NOTE: MZ515609 (identical to MZ515588) is ignored but added at the end
NOTE: MZ515902 (identical to MZ515588) is ignored but added at the end
NOTE: MZ515887 (identical to MZ515588) is ignored but added at the end
NOTE: KU839630 (identical to KU950505) is ignored but added at the end
NOTE: KU950641 (identical to KU950683) is ignored but added at the end
NOTE: KU950639 (identical to KU950683) is ignored but added at the end
NOTE: KU950650 (identical to KU950683) is ignored but added at the end
NOTE: KU950456 (identical to KU950683) is ignored but added at the end
NOTE: KU950566 (identical to KU950683) is ignored but added at the end
NOTE: KU950464 (identical to KU950683) is ignored but added at the end
NOTE: KU950519 (identical to KU950683) is ignored but added at the end
NOTE: KU950468 (identical to KU950683) is ignored but added at the end
NOTE: KU839631 (identical to KU950683) is ignored but added at the end
NOTE: KU839639 (identical to KU950683) is ignored but added at the end
NOTE: KU839626 (identical to KU950683) is ignored but added at the end
NOTE: KU839624 (identical to KU950683) is ignored but added at the end
NOTE: KU950544 (identical to KU950683) is ignored but added at the end
NOTE: KU950518 (identical to KU950683) is ignored but added at the end
NOTE: KU950644 (identical to KU950683) is ignored but added at the end
NOTE: KU950527 (identical to KU950683) is ignored but added at the end
NOTE: MZ516134 (identical to MZ516118) is ignored but added at the end
NOTE: MZ515592 (identical to MZ516118) is ignored but added at the end
NOTE: MZ515884 (identical to MZ516118) is ignored but added at the end
NOTE: MW160799 (identical to MW160754) is ignored but added at the end
NOTE: MZ515927 (identical to MZ516092) is ignored but added at the end
NOTE: MZ515819 (identical to MZ516092) is ignored but added at the end
NOTE: MZ515853 (identical to MZ516092) is ignored but added at the end
NOTE: MZ515922 (identical to MZ516092) is ignored but added at the end
NOTE: MZ515870 (identical to MZ516092) is ignored but added at the end
NOTE: MW160779 (identical to MW160764) is ignored but added at the end
NOTE: MW160771 (identical to MW160768) is ignored but added at the end
NOTE: MW160778 (identical to MW160768) is ignored but added at the end
NOTE: MZ515690 (identical to MZ515650) is ignored but added at the end
NOTE: MZ515888 (identical to MZ515650) is ignored but added at the end
NOTE: MZ516023 (identical to MZ515666) is ignored but added at the end
NOTE: MZ515626 (identical to MZ516086) is ignored but added at the end
NOTE: MT422273 (identical to MT422271) is ignored but added at the end
NOTE: MZ151853 (identical to MT422269) is ignored but added at the end
NOTE: MZ516063 (identical to MZ515647) is ignored but added at the end
NOTE: MZ516067 (identical to MZ515647) is ignored but added at the end
NOTE: MZ515617 (identical to MZ515647) is ignored but added at the end
NOTE: MZ515954 (identical to MZ515647) is ignored but added at the end
NOTE: MZ515760 (identical to MZ515692) is ignored but added at the end
NOTE: MZ515910 (identical to MZ515679) is ignored but added at the end
NOTE: MZ515923 (identical to MZ515679) is ignored but added at the end
NOTE: MZ515701 (identical to MZ515651) is ignored but added at the end
NOTE: MZ515766 (identical to MZ515651) is ignored but added at the end
NOTE: MZ515898 (identical to MZ515651) is ignored but added at the end
NOTE: MZ515859 (identical to MZ515651) is ignored but added at the end
NOTE: MZ516088 (identical to MZ515651) is ignored but added at the end
NOTE: MZ515877 (identical to MZ515651) is ignored but added at the end
NOTE: MZ516080 (identical to MZ515651) is ignored but added at the end
NOTE: MZ516132 (identical to MZ515651) is ignored but added at the end
NOTE: MZ515709 (identical to MZ515651) is ignored but added at the end
NOTE: MZ515720 (identical to MZ515651) is ignored but added at the end
NOTE: MZ515821 (identical to MZ515651) is ignored but added at the end
NOTE: MZ516103 (identical to MZ515651) is ignored but added at the end
NOTE: KX655699 (identical to KX655620) is ignored but added at the end
NOTE: KX655689 (identical to KX655621) is ignored but added at the end
NOTE: MK109777 (identical to MK109772) is ignored but added at the end
NOTE: KX655687 (identical to MK109772) is ignored but added at the end
NOTE: MK109763 (identical to MK109772) is ignored but added at the end
NOTE: OK649610 (identical to OK649603) is ignored but added at the end
NOTE: OK649613 (identical to OK649603) is ignored but added at the end
NOTE: OK649619 (identical to OK649597) is ignored but added at the end
NOTE: OK649629 (identical to OK649597) is ignored but added at the end
NOTE: OK649632 (identical to OK649597) is ignored but added at the end
NOTE: KJ627281 (identical to KJ627369) is ignored but added at the end
NOTE: JX015492 (identical to JX015489) is ignored but added at the end
NOTE: JX015490 (identical to JX015489) is ignored but added at the end
NOTE: OK649623 (identical to JX015489) is ignored but added at the end
NOTE: KJ627290 (identical to KJ627337) is ignored but added at the end
NOTE: MZ515772 (identical to MN306054) is ignored but added at the end
NOTE: MZ515847 (identical to MN306054) is ignored but added at the end
NOTE: MZ515933 (identical to MN306054) is ignored but added at the end
NOTE: MZ515969 (identical to MN306054) is ignored but added at the end
NOTE: MZ515966 (identical to MN306054) is ignored but added at the end
NOTE: MZ515579 (identical to MZ516071) is ignored but added at the end
NOTE: MZ515943 (identical to MZ516071) is ignored but added at the end
NOTE: MZ516007 (identical to MZ516071) is ignored but added at the end
NOTE: MZ516075 (identical to MZ516071) is ignored but added at the end
NOTE: MZ515585 (identical to MZ516071) is ignored but added at the end
NOTE: MZ515873 (identical to MZ516071) is ignored but added at the end
NOTE: MZ515984 (identical to MZ516071) is ignored but added at the end
NOTE: MZ516117 (identical to MZ516071) is ignored but added at the end
NOTE: MZ515986 (identical to MW160827) is ignored but added at the end
NOTE: MZ516000 (identical to MZ515907) is ignored but added at the end
NOTE: MZ515614 (identical to MZ515907) is ignored but added at the end
NOTE: MZ515911 (identical to MZ515907) is ignored but added at the end
NOTE: MZ516002 (identical to MZ515907) is ignored but added at the end
NOTE: MZ515737 (identical to MZ516066) is ignored but added at the end
NOTE: MZ515570 (identical to MZ516066) is ignored but added at the end
NOTE: MZ515758 (identical to MZ516066) is ignored but added at the end
NOTE: MZ515864 (identical to MZ515998) is ignored but added at the end
NOTE: MZ516014 (identical to MZ515688) is ignored but added at the end
NOTE: MZ515878 (identical to MZ515688) is ignored but added at the end
NOTE: MZ515961 (identical to MZ515688) is ignored but added at the end
NOTE: MZ515773 (identical to MZ515688) is ignored but added at the end
NOTE: MZ515987 (identical to MZ515688) is ignored but added at the end
NOTE: MZ515803 (identical to MZ515643) is ignored but added at the end
NOTE: MZ516068 (identical to MZ515643) is ignored but added at the end
NOTE: MZ516093 (identical to MZ515652) is ignored but added at the end
NOTE: MZ515880 (identical to MZ515652) is ignored but added at the end
NOTE: MZ515685 (identical to MZ515652) is ignored but added at the end
NOTE: MZ516074 (identical to MZ515652) is ignored but added at the end
NOTE: MZ515989 (identical to MZ515652) is ignored but added at the end
NOTE: MZ515848 (identical to MZ515652) is ignored but added at the end
NOTE: MZ515951 (identical to MZ515652) is ignored but added at the end
NOTE: MZ515940 (identical to MZ516011) is ignored but added at the end
NOTE: MZ515700 (identical to MZ515971) is ignored but added at the end
NOTE: MZ515931 (identical to MZ515971) is ignored but added at the end
NOTE: MZ515744 (identical to MZ515971) is ignored but added at the end
Alignment was printed to results/aligned_A_F-delim.fasta.uniqueseq.phy

For your convenience alignment with unique sequences printed to results/aligned_A_F-delim.fasta.uniqueseq.phy

Create initial parsimony tree by phylogenetic likelihood library (PLL)... 0.539 seconds

NOTE: 21 MB RAM (0 GB) is required!
Estimate model parameters (epsilon = 0.500)
1. Initial log-likelihood: -23992.825
2. Current log-likelihood: -20251.633
3. Current log-likelihood: -19571.781
4. Current log-likelihood: -19567.809
Optimal log-likelihood: -19567.809
Rate parameters:  A-C: 2.06801  A-G: 10.36453  A-T: 1.60109  C-G: 0.00054  C-T: 21.35970  G-T: 1.00000
Base frequencies:  A: 0.327  C: 0.205  G: 0.204  T: 0.264
Parameters optimization took 4 rounds (10.574 sec)
Computing ML distances based on estimated model parameters...
Computing ML distances took 8.409068 sec (of wall-clock time) 8.001482 sec(of CPU time)
Computing RapidNJ tree took 0.106064 sec (of wall-clock time) 0.155901 sec (of CPU time)
Log-likelihood of RapidNJ tree: -19625.889
--------------------------------------------------------------------
|             INITIALIZING CANDIDATE TREE SET                      |
--------------------------------------------------------------------

Do NNI search on 2 best initial trees
Estimate model parameters (epsilon = 0.500)
BETTER TREE FOUND at iteration 1: -19552.205
Estimate model parameters (epsilon = 0.500)
BETTER TREE FOUND at iteration 2: -19502.230
Finish initializing candidate tree set (4)
Current best tree score: -19502.230 / CPU time: 4.989
Number of iterations: 2
TREE SEARCH COMPLETED AFTER 2 ITERATIONS / Time: 0h:0m:26s

--------------------------------------------------------------------
|                    FINALIZING TREE SEARCH                        |
--------------------------------------------------------------------
Performs final model parameters optimization
Estimate model parameters (epsilon = 0.050)
1. Initial log-likelihood: -19502.230
Optimal log-likelihood: -19502.217
Rate parameters:  A-C: 2.07316  A-G: 10.36552  A-T: 1.57192  C-G: 0.00140  C-T: 21.36131  G-T: 1.00000
Base frequencies:  A: 0.327  C: 0.205  G: 0.204  T: 0.264
Parameters optimization took 1 rounds (0.522 sec)
BEST SCORE FOUND : -19502.217
Total tree length: 1.344

Total number of iterations: 2
CPU time used for tree search: 4.820 sec (0h:0m:4s)
Wall-clock time used for tree search: 5.023 sec (0h:0m:5s)
Total CPU time used: 25.817 sec (0h:0m:25s)
Total wall-clock time used: 27.299 sec (0h:0m:27s)

Analysis results written to: 
  IQ-TREE report:                results/aligned_A_F-delim.fasta.iqtree
  Maximum-likelihood tree:       results/aligned_A_F-delim.fasta.treefile
  Likelihood distances:          results/aligned_A_F-delim.fasta.mldist
  Screen log file:               results/aligned_A_F-delim.fasta.log

Date and Time: Wed Mar  9 12:22:10 2022
