IQ-TREE multicore version 2.2.0-beta COVID-edition for Mac OS X 64-bit built Mar  3 2022 built Mar  3 2022
Developed by Bui Quang Minh, James Barbetti, Nguyen Lam Tung,
Olga Chernomor, Heiko Schmidt, Dominik Schrempf, Michael Woodhams, Ly Trong Nhan.

Host:    MacBook-Pro.local (SSE4.2, 8 GB RAM)
Command: iqtree2 -nt 1 -s data/aligned_B_all-delim.fasta -m GTR -ninit 2 -n 2 -me 0.05
Seed:    665806 (Using SPRNG - Scalable Parallel Random Number Generator)
Time:    Mon Apr 11 12:13:40 2022
Kernel:  SSE2 - 1 threads (8 CPU cores detected)

HINT: Use -nt option to specify number of threads because your CPU has 8 cores!
HINT: -nt AUTO will automatically determine the best number of threads to use.

Reading alignment file data/aligned_B_all-delim.fasta ... Fasta format detected
Reading fasta file: done in 0.251448 secs using 84.98% CPU
Alignment most likely contains DNA/RNA sequences
Constructing alignment: done in 0.113073 secs using 76.78% CPU
Alignment has 874 sequences with 15285 columns, 6195 distinct patterns
4681 parsimony-informative, 1825 singleton sites, 8779 constant sites
          Gap/Ambiguity  Composition  p-value
Analyzing sequences: done in 0.0333848 secs using 86.2% CPU
   1  KP856961    1.09%    passed     99.96%
   2  JQ582843    0.45%    passed     98.85%
   3  KP317923    0.69%    passed     97.66%
   4  KP856965    1.09%    passed     99.97%
   5  KP258712    1.07%    passed     98.98%
   6  KP258731    1.11%    passed     99.43%
   7  KF826853    0.67%    passed     99.55%
   8  JX576760    0.45%    passed     98.94%
   9  KJ723466    1.11%    passed     99.90%
  10  KJ723460    1.09%    passed     95.02%
  11  KP258713    1.10%    passed     99.97%
  12  KP258745    1.10%    passed     99.74%
  13  KJ723477    1.09%    passed     95.75%
  14  KJ723480    1.07%    passed     96.16%
  15  KP258721    1.11%    passed     98.26%
  16  KP258698    1.07%    passed     94.77%
  17  KP258702    1.10%    passed     98.59%
  18  KP258724    1.12%    passed     99.96%
  19  KJ723482    1.07%    passed     98.18%
  20  KP258705    1.10%    passed     98.39%
  21  KJ723485    1.09%    passed     79.56%
  22  KU316116    0.69%    passed     60.71%
  23  KU316097    0.69%    passed     57.03%
  24  KP258714    1.07%    passed     98.40%
  25  KU316147    0.69%    passed     74.14%
  26  KP258738    1.09%    passed     83.61%
  27  KJ723469    1.13%    passed     97.38%
  28  KJ723470    1.07%    passed     94.95%
  29  KU316181    1.10%    passed     97.32%
  30  KU316136    1.10%    passed     80.98%
  31  KU316182    1.09%    passed     97.18%
  32  KP258708    1.11%    passed     99.95%
  33  KJ723484    1.10%    passed     98.73%
  34  KJ723481    1.07%    passed     97.66%
  35  KU316113    1.09%    passed     98.57%
  36  KU316102    0.69%    passed     98.90%
  37  KP258742    1.10%    passed     99.92%
  38  KU316156    1.10%    passed     99.65%
  39  KP258720    1.11%    passed     99.80%
  40  KU316117    1.10%    passed     98.65%
  41  KU316094    1.10%    passed     99.95%
  42  KU316101    0.72%    passed     51.27%
  43  KU316132    1.09%    passed     96.43%
  44  KU316163    1.11%    passed     99.93%
  45  KU316111    1.10%    passed     99.45%
  46  KU316173    1.09%    passed     98.04%
  47  KU316175    0.69%    passed     98.02%
  48  KU316114    1.10%    passed     99.03%
  49  KU316095    0.69%    passed     73.41%
  50  KU316144    1.09%    passed     95.85%
  51  KU316130    1.09%    passed     98.28%
  52  KU316122    0.69%    passed     54.79%
  53  KU316128    1.11%    passed     99.29%
  54  KU316115    1.09%    passed     68.57%
  55  KU316134    0.71%    passed     99.80%
  56  KU316159    1.10%    passed     98.77%
  57  KU316100    1.10%    passed     99.71%
  58  KU316179    1.11%    passed     99.27%
  59  KU316127    1.09%    passed     96.20%
  60  KU316177    0.70%    passed     50.80%
  61  MG642064    1.10%    passed     98.15%
  62  MG642036    1.09%    passed     98.34%
  63  MG642039    0.69%    passed     97.99%
  64  MG642042    1.09%    passed     97.83%
  65  MG642066    1.09%    passed     98.21%
  66  MG642072    1.09%    passed     95.55%
  67  MG642049    1.11%    passed     99.95%
  68  MG642065    0.69%    passed     52.23%
  69  MG642054    1.09%    passed     95.09%
  70  MG642047    0.70%    passed     62.47%
  71  MG642043    0.69%    passed     98.69%
  72  MG642037    0.71%    passed     63.96%
  73  MG642045    0.69%    passed     62.86%
  74  MG642025    0.69%    passed     50.00%
  75  MG642044    0.69%    passed     51.02%
  76  MG642059    0.69%    passed     56.91%
  77  MF185751    1.96%    passed     99.28%
  78  MF185754    2.21%    passed     98.16%
  79  MG642057    1.09%    passed     98.08%
  80  MG642027    1.09%    passed     96.36%
  81  MG642078    0.71%    passed     54.20%
  82  MG642062    1.10%    passed     98.84%
  83  MG642082    1.09%    passed     98.09%
  84  OK649740    0.84%    passed     99.96%
  85  MG813995    0.79%    passed     72.97%
  86  OK649746    0.58%    passed     98.06%
  87  OK649749    0.49%    passed     96.87%
  88  OK649752    0.54%    passed    100.00%
  89  OK649750    0.61%    passed     98.87%
  90  OK649747    0.63%    passed     99.99%
  91  OK649751    0.57%    passed     97.55%
  92  OK649748    0.65%    passed     99.99%
  93  JQ582844    0.04%    passed     97.28%
  94  KP317925    1.47%    passed     98.30%
  95  KF826829    0.46%    passed     97.25%
  96  KP317941    1.84%    passed     88.39%
  97  KP317928    0.33%    passed     99.68%
  98  KP317934    0.34%    passed     99.71%
  99  KF640637    0.06%    passed     99.70%
 100  LC474554    0.41%    passed     99.23%
 101  KP317932    0.34%    passed     99.46%
 102  KF826825    0.17%    passed     99.68%
 103  KF826844    0.44%    passed     99.94%
 104  KJ939925    0.13%    passed     98.83%
 105  KP317945    0.35%    passed     99.74%
 106  KP663729    0.33%    passed     99.83%
 107  KJ939933    0.16%    passed     98.76%
 108  KP317917    0.34%    passed     99.83%
 109  KP317927    0.34%    passed     99.76%
 110  KJ939930    0.14%    passed     99.23%
 111  KP663730    0.33%    passed    100.00%
 112  KJ939923    0.14%    passed     97.83%
 113  KJ939931    0.18%    passed     98.61%
 114  KJ939929    0.14%    passed     99.45%
 115  KJ939934    0.21%    passed     99.47%
 116  KJ939932    0.14%    passed     99.85%
 117  KJ939920    0.14%    passed     99.84%
 118  KJ939921    0.14%    passed     98.21%
 119  KJ939928    0.17%    passed     99.92%
 120  JX576757    0.07%    passed     98.40%
 121  JX576744    0.07%    passed     99.88%
 122  JX576761    0.03%    passed     99.95%
 123  JX576733    0.07%    passed     99.41%
 124  JX576759    0.07%    passed     99.57%
 125  JX576737    0.07%    passed     99.98%
 126  JX576731    0.09%    passed     99.38%
 127  JX576750    0.07%    passed     91.81%
 128  KF530259    0.55%    passed     99.79%
 129  KF826859    0.14%    passed     99.81%
 130  JX576738    0.07%    passed     99.94%
 131  JX576749    0.07%    passed     99.76%
 132  JX576735    0.07%    passed     97.41%
 133  KF826860    0.24%    passed     99.89%
 134  JX576740    0.07%    passed     99.82%
 135  KJ627342    0.74%    passed     99.99%
 136  JX576762    0.03%    passed     99.22%
 137  JX576751    0.07%    passed     99.43%
 138  JX576753    0.07%    passed     99.67%
 139  JX576758    0.03%    passed     98.76%
 140  JX576754    0.07%    passed     99.97%
 141  JX576739    0.07%    passed     99.74%
 142  JX576741    0.07%    passed     99.81%
 143  JX576743    0.07%    passed     99.78%
 144  JX576746    0.07%    passed     99.68%
 145  JX576736    0.07%    passed     99.97%
 146  JX576742    0.07%    passed     99.90%
 147  JX576730    0.07%    passed     99.89%
 148  JX576752    0.07%    passed     99.86%
 149  JX576756    0.07%    passed     99.82%
 150  JX576745    0.07%    passed     99.55%
 151  JX576734    0.07%    passed     99.95%
 152  JX576747    0.07%    passed     99.37%
 153  JX576748    0.07%    passed     99.57%
 154  JX576732    0.07%    passed     99.50%
 155  JX576729    0.09%    passed     99.74%
 156  KF826820    4.17%    passed     88.12%
 157  KF826845    0.90%    passed     99.63%
 158  KJ627348    0.74%    passed     99.62%
 159  KF826835    0.39%    passed     99.43%
 160  KF826842    0.10%    passed     99.99%
 161  JX576755    0.07%    passed     99.63%
 162  KF826857    0.13%    passed     99.43%
 163  KF826834    0.52%    passed     99.68%
 164  KF826858    0.34%    passed     98.59%
 165  KJ627340    0.74%    passed     99.81%
 166  KJ627341    0.74%    passed     99.67%
 167  KJ627330    0.74%    passed     99.97%
 168  KF826851    0.07%    passed     99.80%
 169  KJ627277    0.74%    passed     99.24%
 170  KJ627247    0.74%    passed     99.85%
 171  KJ627332    0.74%    passed     99.87%
 172  KJ627285    0.74%    passed     99.96%
 173  KF826822    0.11%    passed     99.37%
 174  KJ627254    0.75%    passed     99.84%
 175  KJ627299    0.74%    passed     99.66%
 176  KJ627280    0.74%    passed     99.39%
 177  KJ627251    0.74%    passed     99.96%
 178  KJ627364    0.74%    passed     99.04%
 179  KJ627278    0.74%    passed     99.73%
 180  KJ627262    0.74%    passed     99.99%
 181  KJ627302    0.74%    passed     99.01%
 182  KJ627317    0.74%    passed     99.09%
 183  KJ627310    0.74%    passed     98.66%
 184  KU950577    0.74%    passed     99.88%
 185  KJ672430    0.75%    passed     99.26%
 186  KU950510    0.37%    passed     99.87%
 187  KJ627359    0.74%    passed     99.92%
 188  KJ939924    0.20%    passed     97.19%
 189  KU950588    0.74%    passed     98.46%
 190  KU950619    0.37%    passed     98.67%
 191  KJ672476    0.74%    passed     99.34%
 192  KJ939927    0.13%    passed     99.12%
 193  KJ672473    0.74%    passed     97.29%
 194  KJ672481    0.74%    passed     99.28%
 195  KJ672438    0.74%    passed     98.25%
 196  KJ672425    0.74%    passed     99.62%
 197  KM517573    0.07%    passed     99.92%
 198  KJ939926    0.18%    passed     99.84%
 199  KU950530    0.35%    passed     99.65%
 200  KU950553    0.35%    passed     99.99%
 201  KU950656    0.57%    passed     99.99%
 202  KU950663    0.35%    passed     99.95%
 203  KU950488    0.37%    passed     97.38%
 204  KM042393    0.74%    passed     98.89%
 205  KU839632    0.74%    passed     99.84%
 206  KU950516    0.37%    passed     99.94%
 207  KU950503    0.35%    passed     99.97%
 208  KU950688    0.36%    passed     99.91%
 209  KU950611    0.50%    passed     99.94%
 210  KU950533    0.37%    passed     98.15%
 211  KU950603    0.35%    passed     98.73%
 212  KU950681    0.36%    passed     99.92%
 213  KU950665    0.74%    passed     99.95%
 214  KU950543    0.75%    passed     99.84%
 215  KU950599    0.74%    passed     99.92%
 216  KU950606    0.35%    passed     99.83%
 217  KU950584    0.35%    passed     99.83%
 218  KU950675    0.35%    passed     99.86%
 219  KU950659    0.35%    passed     99.90%
 220  KU950489    0.74%    passed     99.52%
 221  KU950630    0.35%    passed     99.97%
 222  KU950695    0.74%    passed     99.92%
 223  KU950625    0.74%    passed     99.75%
 224  KU950602    0.35%    passed     99.58%
 225  KU950693    0.35%    passed     99.46%
 226  KU950467    0.35%    passed     99.95%
 227  KU950586    0.37%    passed     98.74%
 228  KR350475    0.07%    passed     99.83%
 229  KU950476    0.36%    passed     99.94%
 230  KU950558    0.42%    passed     99.57%
 231  KU950601    0.61%    passed     99.90%
 232  KU950462    0.35%    passed     99.82%
 233  KU950539    0.35%    passed     99.64%
 234  KU950525    0.37%    passed     99.97%
 235  KU839627    0.74%    passed     99.93%
 236  KU839623    0.74%    passed     99.90%
 237  KU950621    0.79%    passed     99.30%
 238  KU950562    0.35%    passed     99.99%
 239  KU950535    0.35%    passed     99.97%
 240  KU950477    0.35%    passed     99.98%
 241  KU839635    0.74%    passed     99.92%
 242  KU950676    0.74%    passed     99.81%
 243  KU950669    0.35%    passed     99.60%
 244  KU950548    0.35%    passed     98.91%
 245  KU950461    0.78%    passed     99.03%
 246  KU950574    0.34%    passed     99.07%
 247  KU950635    0.35%    passed     99.86%
 248  KU839636    0.74%    passed     99.66%
 249  KU950687    0.74%    passed     99.88%
 250  KU839634    0.74%    passed     99.84%
 251  KU950495    0.37%    passed     99.98%
 252  KU950481    0.37%    passed     99.97%
 253  KU950512    0.37%    passed     99.93%
 254  KU950691    0.37%    passed     99.94%
 255  KU950613    0.37%    passed     99.94%
 256  KU950571    0.37%    passed     98.96%
 257  KU839641    0.74%    passed     99.92%
 258  KU839628    0.74%    passed     99.82%
 259  KU839633    0.74%    passed     98.53%
 260  KU950648    0.67%    passed     99.96%
 261  KU950534    0.37%    passed     99.97%
 262  KU950637    0.37%    passed     99.96%
 263  KU950618    0.35%    passed     99.98%
 264  KU950689    0.48%    passed     99.95%
 265  KU839629    0.74%    passed     99.79%
 266  KU950591    0.37%    passed     99.95%
 267  KU950614    0.35%    passed     99.45%
 268  KU950576    0.35%    passed     97.91%
 269  KU839625    0.74%    passed     99.89%
 270  KU950657    0.35%    passed     99.89%
 271  KU950514    0.54%    passed    100.00%
 272  KU950565    0.74%    passed     99.82%
 273  KU950587    0.34%    passed     99.93%
 274  KU950463    0.37%    passed     99.94%
 275  KU950504    0.37%    passed     99.99%
 276  KU950568    0.35%    passed     99.97%
 277  KU950478    0.37%    passed     99.94%
 278  KU950580    0.35%    passed     99.90%
 279  KU950593    0.35%    passed     99.93%
 280  KU950559    0.74%    passed     99.89%
 281  KU950484    0.35%    passed     99.64%
 282  KU950682    0.35%    passed     99.95%
 283  KU950458    0.36%    passed     98.86%
 284  KU950578    0.35%    passed     99.93%
 285  KU950684    0.37%    passed     99.99%
 286  KU950526    0.35%    passed     99.87%
 287  KU950500    0.35%    passed     99.15%
 288  KU950496    0.37%    passed     99.98%
 289  KU950678    0.35%    passed     99.87%
 290  KU950515    0.35%    passed     99.93%
 291  KU950604    0.37%    passed     99.88%
 292  KU950465    0.37%    passed     99.93%
 293  KU950633    0.74%    passed     99.78%
 294  KU950569    0.35%    passed     99.36%
 295  KU950532    0.35%    passed     99.82%
 296  KU950690    0.48%    passed    100.00%
 297  KU950662    0.35%    passed     99.87%
 298  KU950622    0.37%    passed     99.92%
 299  KU950582    0.35%    passed     99.87%
 300  KU950679    0.35%    passed     99.97%
 301  KU950542    0.37%    passed     98.34%
 302  KU950471    0.36%    passed     99.99%
 303  KU950466    0.37%    passed     99.94%
 304  KU950517    0.37%    passed     99.66%
 305  KU950555    0.35%    passed     99.54%
 306  KU950589    0.74%    passed     99.95%
 307  KU950668    0.35%    passed     99.94%
 308  KU950482    0.36%    passed     99.92%
 309  KU950697    1.34%    passed     99.98%
 310  KU950607    0.37%    passed     99.76%
 311  KU950647    0.67%    passed     99.49%
 312  KU950497    0.37%    passed     99.98%
 313  KU839638    0.74%    passed     99.90%
 314  MN306044    0.43%    passed     99.73%
 315  KU950457    0.35%    passed     99.50%
 316  MH685715    0.29%    passed     99.14%
 317  KU839640    0.74%    passed     99.90%
 318  KU950547    0.35%    passed     99.13%
 319  LC385004    0.39%    passed     99.94%
 320  KU950508    0.37%    passed     98.55%
 321  KU950672    0.35%    passed     99.99%
 322  LC488177    1.00%    passed     96.75%
 323  LC474542    0.37%    passed     99.58%
 324  KX655624    0.74%    passed     98.89%
 325  KX655629    0.35%    passed     99.81%
 326  KX655642    0.37%    passed     99.21%
 327  KX655633    0.74%    passed     98.93%
 328  KX655641    0.35%    passed     99.05%
 329  KX655645    0.74%    passed     99.25%
 330  KX655646    0.35%    passed     97.52%
 331  KX655648    0.35%    passed     99.85%
 332  KX655661    0.75%    passed     99.74%
 333  KX655655    0.74%    passed     99.06%
 334  KX655649    0.37%    passed     99.81%
 335  KX655653    0.55%    passed     99.44%
 336  KX655669    0.74%    passed     98.84%
 337  KX655654    0.48%    passed     99.95%
 338  KX655664    0.35%    passed     99.28%
 339  KX655685    0.74%    passed     98.70%
 340  KX655671    0.35%    passed     99.99%
 341  KX655686    0.37%    passed     99.40%
 342  KX655683    0.74%    passed     99.17%
 343  KX655681    0.37%    passed     99.93%
 344  KX655684    0.75%    passed     99.53%
 345  KX655693    0.74%    passed     99.38%
 346  KX655698    0.48%    passed     98.91%
 347  KX765888    0.75%    passed     99.60%
 348  KX655700    0.74%    passed     99.22%
 349  KX765889    0.74%    passed     99.40%
 350  KX765890    0.75%    passed     99.84%
 351  KX765892    0.35%    passed     99.91%
 352  KX765893    0.75%    passed     99.67%
 353  KX765895    0.35%    passed     99.89%
 354  KX765899    0.48%    passed     99.75%
 355  KX765897    0.74%    passed     99.90%
 356  KX765900    0.74%    passed     99.81%
 357  KX765903    0.74%    passed     99.78%
 358  KX765905    0.48%    passed     99.92%
 359  KX765908    0.74%    passed     99.95%
 360  KX765907    0.74%    passed     99.65%
 361  KX765906    0.35%    passed     99.86%
 362  KX765912    0.35%    passed     99.93%
 363  KX765909    0.74%    passed     99.15%
 364  KX765921    0.35%    passed     99.56%
 365  KX765922    0.75%    passed     99.79%
 366  KX765929    0.35%    passed     99.95%
 367  KY674984    1.38%    passed     99.81%
 368  KX765923    0.74%    passed     99.14%
 369  KX765927    0.74%    passed     99.84%
 370  KX765935    0.35%    passed     99.88%
 371  KX765930    0.48%    passed     99.75%
 372  KY249668    0.10%    passed     98.72%
 373  KY249666    0.06%    passed     99.95%
 374  KY249667    0.06%    passed     99.98%
 375  KY249669    0.11%    passed     98.62%
 376  KY249671    0.06%    passed     99.62%
 377  KY249670    0.23%    passed     99.89%
 378  KY249672    0.07%    passed     99.85%
 379  KY249674    0.06%    passed     99.76%
 380  KY249673    0.25%    passed     99.93%
 381  KY249675    0.06%    passed     97.64%
 382  KY249678    0.06%    passed     99.98%
 383  KY249680    0.26%    passed     99.11%
 384  KY249676    0.06%    passed     97.14%
 385  KY249677    0.06%    passed     99.54%
 386  KY249679    0.21%    passed     99.25%
 387  KY249682    0.39%    passed     99.81%
 388  KY249681    0.31%    passed     99.31%
 389  KY249683    0.41%    passed     99.00%
 390  KY249658    0.06%    passed     99.97%
 391  KY249656    0.06%    passed     98.85%
 392  KY249659    0.06%    passed     99.32%
 393  KY249660    0.25%    passed     98.63%
 394  KY249657    0.06%    passed     99.86%
 395  KY249662    0.07%    passed     99.89%
 396  KY249661    0.25%    passed     99.97%
 397  KY249663    0.10%    passed     99.97%
 398  KX765975    0.35%    passed     99.98%
 399  KX765976    0.74%    passed     99.53%
 400  KY249664    0.07%    passed     99.23%
 401  KX765973    0.74%    passed     99.51%
 402  KY249665    0.07%    passed     99.89%
 403  MK749904    0.61%    passed     99.45%
 404  KX765978    0.75%    passed     99.65%
 405  KX765943    0.74%    passed     99.80%
 406  KX765949    0.74%    passed     99.96%
 407  KX765945    0.35%    passed     99.55%
 408  KX765947    0.35%    passed     99.85%
 409  KX765952    0.74%    passed     98.11%
 410  KX765957    0.35%    passed     99.44%
 411  KX765961    0.35%    passed     97.62%
 412  KX765959    0.35%    passed     99.78%
 413  KX765962    0.35%    passed     99.00%
 414  KY684758    0.65%    passed     99.94%
 415  MH327947    0.14%    passed     99.73%
 416  KX765964    0.74%    passed     99.11%
 417  KX765965    0.74%    passed     99.74%
 418  KX765963    0.74%    passed     97.94%
 419  KX765966    0.35%    passed     98.86%
 420  KX765968    0.35%    passed     99.92%
 421  MG431251    0.26%    passed     99.71%
 422  KY883568    0.33%    passed     99.39%
 423  MK481079    0.85%    passed     99.87%
 424  KY883571    0.37%    passed     99.32%
 425  MF001044    0.74%    passed     99.97%
 426  MK167034    0.58%    passed     99.56%
 427  KY883570    0.44%    passed     99.41%
 428  MF001058    0.95%    passed     99.95%
 429  MK534512    0.86%    passed     99.73%
 430  MK534510    0.85%    passed     99.87%
 431  MK534511    0.86%    passed     99.73%
 432  MK453523    0.57%    passed     99.41%
 433  MK749866    0.61%    passed     99.59%
 434  MK749870    0.66%    passed     99.89%
 435  MK749869    0.39%    passed     99.98%
 436  MK749868    0.56%    passed     99.95%
 437  MK749871    0.61%    passed     99.79%
 438  MK749873    0.54%    passed     99.63%
 439  MK749872    0.63%    passed     99.68%
 440  MK749874    0.54%    passed     99.80%
 441  MK749875    0.75%    passed     99.55%
 442  MK749876    0.62%    passed     99.71%
 443  MK749878    0.63%    passed     99.71%
 444  MK749880    0.46%    passed     99.31%
 445  MK749877    0.65%    passed     98.38%
 446  MK749879    0.46%    passed     99.15%
 447  MK749881    0.54%    passed     99.68%
 448  MK749882    0.61%    passed     99.92%
 449  MK749885    0.46%    passed     99.92%
 450  MK749891    0.52%    passed     98.11%
 451  MK749889    0.62%    passed     99.53%
 452  MK749892    0.56%    passed     99.77%
 453  MK749887    0.63%    passed     99.83%
 454  MK749894    0.39%    passed     99.97%
 455  MK749896    0.52%    passed     99.55%
 456  MK749888    0.62%    passed     99.70%
 457  MK749901    0.45%    passed     99.80%
 458  MG839545    0.42%    passed     99.28%
 459  MK749898    0.62%    passed     99.64%
 460  MK749897    0.62%    passed     99.83%
 461  MK749899    0.61%    passed     98.52%
 462  LC474539    0.39%    passed     99.86%
 463  MK749902    0.62%    passed     96.60%
 464  MK749903    0.66%    passed     99.79%
 465  LC385000    0.37%    passed     99.89%
 466  MG839547    0.21%    passed     99.96%
 467  LC384999    0.37%    passed     99.38%
 468  LC384997    0.37%    passed     99.48%
 469  LC385001    0.37%    passed     99.94%
 470  LC385002    0.37%    passed     99.85%
 471  LC384998    0.39%    passed     98.46%
 472  LC385003    0.21%    passed     99.77%
 473  LC385008    0.37%    passed     99.81%
 474  LC385006    0.37%    passed     99.98%
 475  LC474522    0.37%    passed     98.33%
 476  LC385007    0.37%    passed     99.91%
 477  LC385005    0.37%    passed     99.24%
 478  LC474524    0.37%    passed     98.82%
 479  LC474526    0.37%    passed     98.49%
 480  LC474523    0.37%    passed     99.36%
 481  LC474528    0.37%    passed     99.84%
 482  LC474527    0.37%    passed     99.30%
 483  LC474534    0.37%    passed     99.90%
 484  LC474529    0.37%    passed     99.16%
 485  LC474531    0.37%    passed     99.34%
 486  LC474533    0.37%    passed     99.53%
 487  LC474530    0.37%    passed     99.16%
 488  LC474532    0.37%    passed     99.38%
 489  LC474535    0.39%    passed     98.61%
 490  LC474537    0.44%    passed     99.51%
 491  LC474540    0.37%    passed     99.77%
 492  LC474541    0.38%    passed     99.85%
 493  LC474538    0.37%    passed     99.91%
 494  LC474536    0.37%    passed     99.95%
 495  LC474543    0.37%    passed     99.29%
 496  LC474544    0.43%    passed     99.83%
 497  LC474546    0.38%    passed     99.59%
 498  LC474549    0.37%    passed     99.88%
 499  LC474550    0.38%    passed     99.57%
 500  LC474552    0.39%    passed     99.99%
 501  LC474545    0.43%    passed     99.70%
 502  LC474553    0.38%    passed     99.46%
 503  LC474551    0.39%    passed     99.80%
 504  LC474547    0.37%    passed     99.64%
 505  MF185753    1.41%    passed     99.40%
 506  MF185752    1.46%    passed     93.44%
 507  LC474555    0.38%    passed     99.96%
 508  LC474560    0.38%    passed     99.97%
 509  LC474559    0.38%    passed     99.97%
 510  MK109766    0.74%    passed     99.18%
 511  MK109764    0.74%    passed     99.80%
 512  MK109767    0.75%    passed     99.91%
 513  MK109765    0.47%    passed     98.92%
 514  MK109768    0.74%    passed     98.45%
 515  MK109769    0.74%    passed     98.59%
 516  MK109778    0.74%    passed     99.01%
 517  MK109770    0.35%    passed     98.78%
 518  MK109771    0.74%    passed     99.01%
 519  MK109779    0.75%    passed     99.42%
 520  MK109789    0.35%    passed     96.77%
 521  MK109780    0.74%    passed     99.01%
 522  MK109781    0.35%    passed     99.57%
 523  MK109782    0.35%    passed     99.83%
 524  MK109784    0.74%    passed     99.08%
 525  MK109788    0.74%    passed     99.38%
 526  MK749906    0.61%    passed     99.81%
 527  MK109783    0.48%    passed     99.42%
 528  MK749905    0.61%    passed     99.77%
 529  MK749907    0.61%    passed     99.33%
 530  MK749910    0.46%    passed     99.90%
 531  MK749908    0.44%    passed     98.58%
 532  MK749915    0.47%    passed     99.22%
 533  MK109786    0.35%    passed     99.86%
 534  MK749916    0.41%    passed     99.98%
 535  MK749914    0.47%    passed     99.36%
 536  MT107528    0.07%    passed     99.90%
 537  MT373704    0.85%    passed     99.80%
 538  LC495297    1.73%    passed     98.33%
 539  MN163125    0.24%    passed     99.27%
 540  MT373703    0.85%    passed     99.76%
 541  MN163126    0.07%    passed     99.49%
 542  MT373705    0.85%    passed     99.99%
 543  MW582529    0.07%    passed     95.03%
 544  MW020595    0.41%    passed     99.84%
 545  MW160745    0.68%    passed     99.94%
 546  MW160744    0.44%    passed     99.79%
 547  MW160748    0.45%    passed     99.99%
 548  MW160750    0.44%    passed     99.59%
 549  MW160751    0.69%    passed     99.98%
 550  MW160770    0.44%    passed     99.90%
 551  MW160752    0.44%    passed     99.24%
 552  MW160765    0.44%    passed     99.95%
 553  MW160763    0.45%    passed     99.78%
 554  MW160757    0.44%    passed     99.90%
 555  MW160777    0.44%    passed     99.84%
 556  MW160775    0.44%    passed     99.96%
 557  MW160760    0.44%    passed     99.78%
 558  MW160784    0.45%    passed     99.81%
 559  MW160781    0.44%    passed     99.93%
 560  MW160780    0.45%    passed     99.54%
 561  MW160788    0.44%    passed     99.75%
 562  MW160786    0.44%    passed     99.50%
 563  MW160790    0.68%    passed     99.96%
 564  MW160791    0.68%    passed     99.97%
 565  MW160789    0.44%    passed     99.89%
 566  MW160793    0.44%    passed     99.98%
 567  MW160798    0.94%    passed     99.86%
 568  MW160792    0.44%    passed     99.49%
 569  MW160794    0.44%    passed     99.91%
 570  MW160800    0.45%    passed     99.29%
 571  MW160796    0.44%    passed     99.87%
 572  MW160802    0.44%    passed     99.96%
 573  MW160804    0.45%    passed     99.31%
 574  MW160806    0.45%    passed     99.94%
 575  MW160805    0.44%    passed     99.89%
 576  MW160811    0.44%    passed     99.67%
 577  MW160810    0.44%    passed     99.57%
 578  MW160808    0.44%    passed     99.71%
 579  MW160812    0.45%    passed     99.80%
 580  MW160823    0.46%    passed     99.08%
 581  MW160821    0.96%    passed     99.96%
 582  MW160815    0.44%    passed     99.79%
 583  MW160813    0.44%    passed     99.62%
 584  MW160829    0.44%    passed     99.84%
 585  MW160817    0.44%    passed     99.83%
 586  MW160826    0.45%    passed     99.90%
 587  MW160816    0.44%    passed     99.34%
 588  MW160832    0.72%    passed     99.15%
 589  MW160818    0.45%    passed     99.68%
 590  MW160834    0.44%    passed     99.78%
 591  MW160831    0.45%    passed     99.59%
 592  MW160833    0.69%    passed     99.94%
 593  MW160835    0.44%    passed     99.62%
 594  MZ515553    0.07%    passed     99.98%
 595  MW160838    0.45%    passed     99.93%
 596  MW160837    0.45%    passed     99.89%
 597  MZ515554    0.36%    passed     99.94%
 598  MW160836    0.45%    passed     99.08%
 599  MZ515557    0.09%    passed     98.67%
 600  MZ515558    0.08%    passed     99.36%
 601  MZ515560    0.07%    passed     99.74%
 602  MZ515561    0.07%    passed     99.94%
 603  MZ515562    0.07%    passed     99.29%
 604  MZ515574    0.10%    passed     99.34%
 605  MZ515565    0.07%    passed     99.84%
 606  MZ515586    0.45%    passed     97.06%
 607  MZ515817    0.07%    passed     99.99%
 608  MZ515824    0.35%    passed     99.99%
 609  MZ515581    0.09%    passed     99.03%
 610  MZ515578    0.09%    passed     99.75%
 611  MZ515584    0.06%    passed     99.48%
 612  MZ515820    0.07%    passed     99.95%
 613  MZ515587    0.07%    passed     99.98%
 614  MZ515823    0.06%    passed     99.85%
 615  MZ515827    0.07%    passed     99.74%
 616  MZ515830    0.07%    passed     99.27%
 617  MZ515831    0.06%    passed     99.64%
 618  MZ515832    1.51%    passed     95.67%
 619  MZ515839    0.07%    passed     99.81%
 620  MZ515836    0.09%    passed     99.94%
 621  MZ515837    0.06%    passed     99.79%
 622  MZ515844    0.07%    passed     99.19%
 623  MZ515846    0.07%    passed     99.73%
 624  MZ515843    0.09%    passed     99.75%
 625  MZ515845    0.09%    passed     99.90%
 626  MZ515849    0.07%    passed     99.99%
 627  MZ515857    0.07%    passed     99.51%
 628  MZ515863    0.07%    passed     99.71%
 629  MZ515869    0.09%    passed     99.97%
 630  MZ515865    0.10%    passed     99.99%
 631  MZ515871    0.06%    passed     99.51%
 632  MZ515868    0.07%    passed     99.87%
 633  MZ515872    0.07%    passed     99.79%
 634  MZ515889    0.06%    passed     99.95%
 635  MZ515883    0.09%    passed     99.92%
 636  MZ515886    0.07%    passed     99.94%
 637  MZ515892    0.06%    passed     99.98%
 638  MZ515890    0.07%    passed     99.77%
 639  MZ515895    0.06%    passed     99.88%
 640  MZ515894    0.07%    passed     99.95%
 641  MZ515899    0.09%    passed     99.68%
 642  MZ515904    0.06%    passed     99.46%
 643  MZ515903    0.07%    passed     99.36%
 644  MZ515916    0.12%    passed     99.88%
 645  MZ515914    0.07%    passed     99.41%
 646  MZ515917    0.07%    passed     99.95%
 647  MZ515924    0.05%    passed     99.98%
 648  MZ515918    0.08%    passed     99.98%
 649  MZ515925    0.06%    passed     99.80%
 650  MZ515934    0.07%    passed     99.41%
 651  MZ515926    0.07%    passed     99.31%
 652  MZ515930    0.07%    passed     99.74%
 653  MZ515936    0.16%    passed     99.96%
 654  MZ515937    0.35%    passed     95.44%
 655  MZ515944    0.09%    passed     99.71%
 656  MZ515950    0.33%    passed     98.97%
 657  MZ515938    0.07%    passed     98.88%
 658  MZ515953    0.06%    passed     99.16%
 659  MZ515972    0.07%    passed     99.87%
 660  MZ515946    0.08%    passed     99.34%
 661  MZ515955    0.08%    passed     99.89%
 662  MZ515970    0.07%    passed     99.27%
 663  MZ515988    0.59%    passed     98.86%
 664  MZ515975    0.07%    passed     99.88%
 665  MZ515974    0.09%    passed     99.48%
 666  MZ515977    0.09%    passed     99.31%
 667  MZ515978    0.07%    passed     99.06%
 668  MZ515981    0.06%    passed     99.79%
 669  MZ515979    0.35%    passed     99.34%
 670  MZ515990    0.06%    passed     99.95%
 671  MZ515995    0.08%    passed     99.85%
 672  MZ515991    0.07%    passed     99.87%
 673  MZ515997    0.09%    passed     98.96%
 674  MZ515996    0.06%    passed     99.97%
 675  MZ516003    0.07%    passed     99.35%
 676  MZ516022    0.07%    passed     99.71%
 677  MZ516016    0.41%    passed     96.34%
 678  MZ516021    0.07%    passed     99.15%
 679  MZ516020    0.06%    passed     99.96%
 680  MZ516025    0.32%    passed     99.80%
 681  MZ516032    0.06%    passed     99.96%
 682  MZ516030    0.06%    passed     99.97%
 683  MZ516034    0.07%    passed     99.94%
 684  MZ516037    0.07%    passed     99.95%
 685  MZ516042    0.07%    passed     99.51%
 686  MZ516045    0.06%    passed     99.30%
 687  MZ516041    0.07%    passed     99.85%
 688  MZ516049    0.07%    passed     99.84%
 689  MZ516054    0.06%    passed     99.02%
 690  MZ516051    0.07%    passed     99.96%
 691  MZ516056    0.07%    passed     98.46%
 692  MZ516059    0.11%    passed     99.32%
 693  MZ516061    0.06%    passed     99.60%
 694  MZ516081    0.07%    passed     99.51%
 695  MZ516062    0.06%    passed     99.34%
 696  MZ516065    0.07%    passed     99.42%
 697  MZ516060    0.07%    passed     98.86%
 698  MZ516082    0.06%    passed     99.76%
 699  MZ516083    0.07%    passed     99.94%
 700  MZ516089    0.07%    passed     99.94%
 701  MZ516094    0.15%    passed     99.77%
 702  MZ516101    0.07%    passed     99.19%
 703  MZ516098    0.06%    passed     99.70%
 704  MZ516095    0.06%    passed     99.28%
 705  MZ516104    0.35%    passed     99.99%
 706  MZ516102    0.07%    passed     99.75%
 707  MZ516105    0.06%    passed     99.60%
 708  MZ516113    0.07%    passed     99.87%
 709  MZ516107    0.07%    passed     99.71%
 710  MZ516109    0.64%    passed     99.16%
 711  MZ515786    0.07%    passed     99.61%
 712  MZ516114    0.06%    passed     99.77%
 713  MZ515792    1.44%    passed     99.72%
 714  MZ515779    0.07%    passed     97.22%
 715  MZ515805    0.18%    passed     99.99%
 716  MZ515799    0.06%    passed     99.92%
 717  MZ515791    0.07%    passed     99.51%
 718  MZ515793    0.08%    passed     99.95%
 719  MZ515794    0.07%    passed     99.20%
 720  MZ515807    0.06%    passed    100.00%
 721  MZ515809    0.07%    passed     99.88%
 722  MZ516122    0.06%    passed     99.96%
 723  MZ515812    0.07%    passed     99.71%
 724  MZ516116    0.07%    passed     99.95%
 725  MZ516123    0.07%    passed     99.88%
 726  MZ516140    0.07%    passed     99.81%
 727  MZ516139    0.06%    passed     99.54%
 728  MZ516126    0.06%    passed     99.98%
 729  MZ516125    0.07%    passed     99.95%
 730  MZ516135    0.09%    passed     98.95%
 731  MZ516143    0.07%    passed     99.87%
 732  MZ516141    0.08%    passed     99.98%
 733  MZ515591    0.07%    passed     99.82%
 734  MZ515590    0.07%    passed     99.33%
 735  MZ515594    0.35%    passed     97.80%
 736  MZ515595    0.07%    passed     99.18%
 737  MZ515596    0.07%    passed     99.96%
 738  MZ515598    0.10%    passed     99.88%
 739  MZ515599    0.07%    passed     99.23%
 740  MZ515603    0.09%    passed     99.74%
 741  MZ515605    0.07%    passed     99.20%
 742  MZ515607    0.07%    passed     99.41%
 743  MZ515612    0.07%    passed     99.73%
 744  MZ515608    0.07%    passed     99.96%
 745  MZ515613    0.07%    passed     99.19%
 746  MZ515611    0.07%    passed     99.87%
 747  MZ515622    0.50%    passed     98.66%
 748  MZ515625    0.07%    passed     99.99%
 749  MZ515627    0.07%    passed     99.86%
 750  MZ515637    0.06%    passed     99.79%
 751  MZ515635    0.07%    passed     99.41%
 752  MZ515636    0.07%    passed     99.39%
 753  MZ515638    0.06%    passed     99.96%
 754  MZ515639    0.09%    passed     99.36%
 755  MZ515653    0.06%    passed     98.92%
 756  MZ515648    0.17%    passed     99.95%
 757  MZ515665    0.07%    passed     99.94%
 758  MZ515660    0.08%    passed     98.55%
 759  MZ515658    0.07%    passed     99.89%
 760  MZ515663    0.09%    passed     99.15%
 761  MZ515656    0.07%    passed     99.84%
 762  MZ515670    3.70%    passed     97.78%
 763  MZ515667    0.07%    passed     99.95%
 764  MZ515669    0.07%    passed     99.83%
 765  MZ515678    0.06%    passed     99.85%
 766  MZ515672    0.07%    passed     97.98%
 767  MZ515671    0.07%    passed     99.19%
 768  MZ515677    0.06%    passed     99.16%
 769  MZ515674    0.09%    passed     99.92%
 770  MZ515683    0.07%    passed     99.95%
 771  MZ515694    0.07%    passed     99.81%
 772  MZ515684    0.16%    passed     99.78%
 773  MZ515691    0.07%    passed     99.19%
 774  MZ515704    0.09%    passed     99.95%
 775  MZ515699    0.07%    passed     99.56%
 776  MZ515707    0.07%    passed     98.86%
 777  MZ515713    0.86%    passed     99.81%
 778  MZ515710    0.07%    passed     99.86%
 779  MZ515698    0.07%    passed     99.78%
 780  MZ515712    0.06%    passed     99.81%
 781  MZ515727    0.61%    passed     99.93%
 782  MZ515724    0.07%    passed     99.35%
 783  MZ515715    0.07%    passed     99.84%
 784  MZ515729    0.06%    passed     99.98%
 785  MZ515719    0.07%    passed     99.82%
 786  MZ515716    0.06%    passed     99.87%
 787  MZ515726    0.07%    passed     99.51%
 788  MZ515728    0.07%    passed     99.87%
 789  MZ515730    0.07%    passed     99.94%
 790  MZ515743    0.09%    passed     99.93%
 791  MZ515732    0.06%    passed     99.42%
 792  MZ515738    0.07%    passed     98.45%
 793  MZ515748    0.06%    passed     99.74%
 794  MZ515751    0.07%    passed     99.90%
 795  MZ515746    0.16%    passed     99.74%
 796  MZ515753    0.08%    passed     99.43%
 797  MZ515757    0.35%    passed     99.35%
 798  MZ515756    0.07%    passed     98.67%
 799  MZ515769    0.06%    passed     99.35%
 800  MZ515761    0.07%    passed     99.67%
 801  MZ515759    0.07%    passed     97.11%
 802  MZ515762    0.07%    passed     99.96%
 803  MZ515764    0.08%    passed     99.98%
 804  MZ515770    0.09%    passed     99.97%
 805  MZ515767    0.07%    passed     99.96%
 806  MZ515775    0.06%    passed     99.52%
 807  MZ151849    0.86%    passed     99.43%
 808  MZ515771    0.06%    passed     99.94%
 809  MZ151850    0.85%    passed     99.99%
 810  OK649685    0.24%    passed     99.63%
 811  MZ515778    0.06%    passed     99.60%
 812  OK649686    0.22%    passed     99.44%
 813  MZ151856    0.85%    passed     99.99%
 814  MZ515776    0.08%    passed     99.90%
 815  MZ151851    1.98%    passed     99.83%
 816  OK649688    0.29%    passed     99.91%
 817  OK649690    0.18%    passed     99.44%
 818  OK649687    0.22%    passed     99.79%
 819  OK649689    0.23%    passed     99.77%
 820  OK649693    0.22%    passed     99.15%
 821  OK649692    0.29%    passed     99.34%
 822  OK649695    0.24%    passed     99.78%
 823  OK649694    0.29%    passed     99.94%
 824  OK649696    0.23%    passed     99.79%
 825  OK649698    0.15%    passed     99.88%
 826  OK649697    0.26%    passed     98.46%
 827  OK649699    0.21%    passed     99.75%
 828  OK649701    0.29%    passed     99.90%
 829  OK649700    0.31%    passed     99.75%
 830  OK649703    0.22%    passed     99.64%
 831  OK649705    0.26%    passed     99.21%
 832  OK649702    0.28%    passed     99.56%
 833  OK649704    0.24%    passed     98.69%
 834  OK649707    0.26%    passed     99.82%
 835  OK649706    0.26%    passed     99.34%
 836  OK649708    0.24%    passed     99.44%
 837  OK649709    0.14%    passed     99.94%
 838  OK649712    0.21%    passed     99.38%
 839  OK649711    0.24%    passed     99.84%
 840  OK649714    0.20%    passed     99.73%
 841  OK649710    0.22%    passed     99.71%
 842  OK649713    0.16%    passed     99.84%
 843  OK649715    0.20%    passed     99.40%
 844  OK649716    0.27%    passed     99.07%
 845  OK649719    0.22%    passed     99.87%
 846  OK649718    0.24%    passed     99.33%
 847  OK649717    0.24%    passed     99.31%
 848  OK649721    0.23%    passed     99.19%
 849  OK649720    0.20%    passed     99.50%
 850  OK649722    0.23%    passed     99.59%
 851  OK649724    0.24%    passed     99.61%
 852  OK649723    0.29%    passed     99.68%
 853  OK649726    0.19%    passed     99.75%
 854  OK649725    0.22%    passed     99.99%
 855  OK649727    0.29%    passed     99.36%
 856  OK649729    0.23%    passed     99.64%
 857  OK649731    0.23%    passed     99.72%
 858  OK649736    0.31%    passed     98.33%
 859  OK649728    0.21%    passed     99.43%
 860  OK649732    0.24%    passed     99.86%
 861  OK649730    0.26%    passed     96.98%
 862  OK649733    0.30%    passed     97.17%
 863  OK649734    0.23%    passed     99.76%
 864  OK649735    0.22%    passed     97.71%
 865  OK649737    0.24%    passed     99.19%
 866  OK649738    0.24%    passed     99.84%
 867  OK649739    0.22%    passed     99.71%
 868  OK649742    0.22%    passed     99.75%
 869  OK649753    0.10%    passed     99.93%
 870  OK649741    0.26%    passed     98.68%
 871  OK649743    0.25%    passed     99.07%
 872  OK649744    0.24%    passed     99.89%
 873  OK649754    0.20%    passed     99.03%
 874  OK649755    0.23%    passed     99.69%
****  TOTAL       0.42%  0 sequences failed composition chi2 test (p-value<5%; df=3)
NOTE: KU839635 is identical to KU950695 but kept for subsequent analysis
NOTE: MK534510 is identical to MK481079 but kept for subsequent analysis
NOTE: MK534511 is identical to MK534512 but kept for subsequent analysis
NOTE: LC474530 is identical to LC474529 but kept for subsequent analysis
NOTE: MW160835 is identical to MW160813 but kept for subsequent analysis
NOTE: MZ515843 is identical to MZ515578 but kept for subsequent analysis
NOTE: MZ516037 is identical to MZ515820 but kept for subsequent analysis
NOTE: MZ515678 is identical to MZ515823 but kept for subsequent analysis
NOTE: MZ515930 is identical to MZ515827 but kept for subsequent analysis
NOTE: MZ516101 is identical to MZ515844 but kept for subsequent analysis
NOTE: MZ516042 is identical to MZ515857 but kept for subsequent analysis
NOTE: MZ515991 is identical to MZ515868 but kept for subsequent analysis
NOTE: MZ516034 is identical to MZ515886 but kept for subsequent analysis
NOTE: MZ516126 is identical to MZ515892 but kept for subsequent analysis
NOTE: MZ515917 is identical to MZ515894 but kept for subsequent analysis
NOTE: MZ515934 is identical to MZ515914 but kept for subsequent analysis
NOTE: MZ515677 is identical to MZ515953 but kept for subsequent analysis
NOTE: MZ515637 is identical to MZ515981 but kept for subsequent analysis
NOTE: MZ516122 is identical to MZ516020 but kept for subsequent analysis
NOTE: MZ515596 is identical to MZ516051 but kept for subsequent analysis
NOTE: MZ515778 is identical to MZ516105 but kept for subsequent analysis
NOTE: MZ515728 is identical to MZ516143 but kept for subsequent analysis
Checking for duplicate sequences: done in 0.0271881 secs using 95.28% CPU
Identifying sites to remove: done in 0.0691991 secs using 90.63% CPU
NOTE: 16 identical sequences (see below) will be ignored for subsequent analysis
NOTE: MZ516125 (identical to MZ515820) is ignored but added at the end
NOTE: MZ515671 (identical to MZ515844) is ignored but added at the end
NOTE: MZ515691 (identical to MZ515844) is ignored but added at the end
NOTE: MZ516081 (identical to MZ515857) is ignored but added at the end
NOTE: MZ515791 (identical to MZ515857) is ignored but added at the end
NOTE: MZ515726 (identical to MZ515857) is ignored but added at the end
NOTE: MZ516089 (identical to MZ515886) is ignored but added at the end
NOTE: MZ515665 (identical to MZ515886) is ignored but added at the end
NOTE: MZ515730 (identical to MZ515886) is ignored but added at the end
NOTE: MZ515729 (identical to MZ515892) is ignored but added at the end
NOTE: MZ516116 (identical to MZ515894) is ignored but added at the end
NOTE: MZ515667 (identical to MZ515894) is ignored but added at the end
NOTE: MZ515607 (identical to MZ515914) is ignored but added at the end
NOTE: MZ515635 (identical to MZ515914) is ignored but added at the end
NOTE: MZ515638 (identical to MZ516020) is ignored but added at the end
NOTE: MZ515767 (identical to MZ516051) is ignored but added at the end
Alignment was printed to data/aligned_B_all-delim.fasta.uniqueseq.phy

For your convenience alignment with unique sequences printed to data/aligned_B_all-delim.fasta.uniqueseq.phy

Create initial parsimony tree by phylogenetic likelihood library (PLL)... 0.029 seconds

NOTE: 172 MB RAM (0 GB) is required!
Estimate model parameters (epsilon = 0.500)
1. Initial log-likelihood: -796061.736
2. Current log-likelihood: -714121.223
3. Current log-likelihood: -699616.851
4. Current log-likelihood: -699516.348
5. Current log-likelihood: -699508.499
Optimal log-likelihood: -699507.887
Rate parameters:  A-C: 2.80625  A-G: 16.64282  A-T: 1.67023  C-G: 0.46785  C-T: 37.02984  G-T: 1.00000
Base frequencies:  A: 0.387  C: 0.179  G: 0.158  T: 0.276
Parameters optimization took 5 rounds (26.469 sec)
Wrote distance file to... 
Computing ML distances based on estimated model parameters...
Calculating distance matrix: done in 6.1128 secs using 99.03% CPU
Computing ML distances took 6.213365 sec (of wall-clock time) 6.089428 sec (of CPU time)
Setting up auxiliary I and S matrices: done in 0.0146849 secs using 176.9% CPU
Constructing RapidNJ tree: done in 0.027632 secs using 192% CPU
Computing RapidNJ tree took 0.042440 sec (of wall-clock time) 0.079296 sec (of CPU time)
Log-likelihood of RapidNJ tree: -164417.592
--------------------------------------------------------------------
|             INITIALIZING CANDIDATE TREE SET                      |
--------------------------------------------------------------------

Do NNI search on 2 best initial trees
Optimizing NNI: done in 9.89308 secs using 59.71% CPU
Estimate model parameters (epsilon = 0.500)
BETTER TREE FOUND at iteration 1: -163980.892
Optimizing NNI: done in 137.284 secs using 96.4% CPU
Finish initializing candidate tree set (4)
Current best tree score: -163980.892 / CPU time: 155.319
Number of iterations: 2
TREE SEARCH COMPLETED AFTER 2 ITERATIONS / Time: 0h:3m:11s

--------------------------------------------------------------------
|                    FINALIZING TREE SEARCH                        |
--------------------------------------------------------------------
Performs final model parameters optimization
Estimate model parameters (epsilon = 0.050)
1. Initial log-likelihood: -163980.892
Optimal log-likelihood: -163980.887
Rate parameters:  A-C: 1.92108  A-G: 12.07177  A-T: 1.27466  C-G: 0.16842  C-T: 25.21223  G-T: 1.00000
Base frequencies:  A: 0.387  C: 0.179  G: 0.158  T: 0.276
Parameters optimization took 1 rounds (1.896 sec)
BEST SCORE FOUND : -163980.887
Total tree length: 1.210

Total number of iterations: 2
CPU time used for tree search: 144.492 sec (0h:2m:24s)
Wall-clock time used for tree search: 155.321 sec (0h:2m:35s)
Total CPU time used: 177.399 sec (0h:2m:57s)
Total wall-clock time used: 193.322 sec (0h:3m:13s)

Analysis results written to: 
  IQ-TREE report:                data/aligned_B_all-delim.fasta.iqtree
  Maximum-likelihood tree:       data/aligned_B_all-delim.fasta.treefile
  Likelihood distances:          data/aligned_B_all-delim.fasta.mldist
  Screen log file:               data/aligned_B_all-delim.fasta.log

Date and Time: Mon Apr 11 12:16:55 2022
