IQ-TREE multicore version 2.2.0-beta COVID-edition for Mac OS X 64-bit built Mar  3 2022 built Mar  3 2022
Developed by Bui Quang Minh, James Barbetti, Nguyen Lam Tung,
Olga Chernomor, Heiko Schmidt, Dominik Schrempf, Michael Woodhams, Ly Trong Nhan.

Host:    macbook-pro-5.fhcrc.org (SSE4.2, 8 GB RAM)
Command: iqtree2 -nt 1 -s results/aligned_fluC_PB2_Mississippi-delim.fasta -m GTR -ninit 2 -n 2 -me 0.05
Seed:    457415 (Using SPRNG - Scalable Parallel Random Number Generator)
Time:    Fri Aug 18 10:18:03 2023
Kernel:  SSE2 - 1 threads (8 CPU cores detected)

HINT: Use -nt option to specify number of threads because your CPU has 8 cores!
HINT: -nt AUTO will automatically determine the best number of threads to use.

Reading alignment file results/aligned_fluC_PB2_Mississippi-delim.fasta ... Fasta format detected
Reading fasta file: done in 0.00300598 secs using 74.72% CPU
Alignment most likely contains DNA/RNA sequences
Constructing alignment: done in 0.00181603 secs using 79.13% CPU
Alignment has 42 sequences with 2365 columns, 200 distinct patterns
149 parsimony-informative, 85 singleton sites, 2131 constant sites
            Gap/Ambiguity  Composition  p-value
Analyzing sequences: done in 1.69277e-05 secs using 88.61% CPU
   1  AB126191.2    0.00%    passed     98.24%
   2  FR671420.1    0.00%    passed     95.86%
   3  M28061.1      0.00%    passed     95.44%
   4  LC123283.1    1.69%    passed     98.49%
   5  LC123287.1    1.69%    passed     99.52%
   6  AF170576.2    0.00%    passed     98.86%
   7  LC123284.1    1.69%    passed     98.41%
   8  LC123285.1    1.69%    passed     99.83%
   9  MK480590.1    4.69%    passed     99.95%
  10  LC327659.1    1.90%    passed     99.87%
  11  LC123290.1    1.69%    passed     99.42%
  12  LC123292.1    1.69%    passed     99.69%
  13  LC123293.1    1.69%    passed     99.32%
  14  LC123322.1    1.69%    passed     99.89%
  15  LC123347.1    1.69%    passed     99.97%
  16  LC123354.1    1.69%    passed     99.98%
  17  LC123350.1    1.69%    passed     99.89%
  18  LC123356.1    1.69%    passed    100.00%
  19  LC123359.1    1.69%    passed    100.00%
  20  LC123360.1    1.69%    passed    100.00%
  21  LC123358.1    1.69%    passed     99.89%
  22  LC123352.1    1.69%    passed     99.99%
  23  LC123353.1    1.69%    passed     99.99%
  24  LC123355.1    1.69%    passed     99.99%
  25  LC123363.1    1.69%    passed     99.47%
  26  LC123361.1    1.69%    passed     99.99%
  27  LC123362.1    1.69%    passed     99.96%
  28  LC123372.1    1.69%    passed     99.77%
  29  LC123357.1    1.69%    passed     99.81%
  30  LC123365.1    1.69%    passed     99.84%
  31  LC123368.1    1.69%    passed     99.93%
  32  LC123371.1    1.69%    passed     99.76%
  33  LC123370.1    1.69%    passed     99.89%
  34  KT835342.1    6.09%    passed     99.78%
  35  KT835343.1    6.09%    passed     99.65%
  36  LC123286.1    1.69%    passed     99.95%
  37  LC123288.1    1.69%    passed     98.61%
  38  LC123296.1    1.69%    passed     99.97%
  39  LC123299.1    1.69%    passed     99.58%
  40  LC123306.1    1.69%    passed     99.92%
  41  LC123317.1    1.69%    passed     98.55%
  42  LC123336.1    1.69%    passed     96.08%
****  TOTAL         1.82%  0 sequences failed composition chi2 test (p-value<5%; df=3)
NOTE: LC123359.1 is identical to LC123356.1 but kept for subsequent analysis
NOTE: LC123353.1 is identical to LC123352.1 but kept for subsequent analysis
Checking for duplicate sequences: done in 8.60691e-05 secs using 76.68% CPU
Identifying sites to remove: done in 0.00336289 secs using 67.26% CPU
NOTE: 1 identical sequences (see below) will be ignored for subsequent analysis
NOTE: LC123355.1 (identical to LC123352.1) is ignored but added at the end
Alignment was printed to results/aligned_fluC_PB2_Mississippi-delim.fasta.uniqueseq.phy

For your convenience alignment with unique sequences printed to results/aligned_fluC_PB2_Mississippi-delim.fasta.uniqueseq.phy

Create initial parsimony tree by phylogenetic likelihood library (PLL)... 0.001 seconds

NOTE: 0 MB RAM (0 GB) is required!
Estimate model parameters (epsilon = 0.500)
1. Initial log-likelihood: -9207.038
2. Current log-likelihood: -8612.568
3. Current log-likelihood: -8565.469
4. Current log-likelihood: -8560.770
5. Current log-likelihood: -8558.934
Optimal log-likelihood: -8558.548
Rate parameters:  A-C: 6.08665  A-G: 46.39846  A-T: 4.22143  C-G: 0.00010  C-T: 61.67582  G-T: 1.00000
Base frequencies:  A: 0.376  C: 0.150  G: 0.214  T: 0.260
Parameters optimization took 5 rounds (0.066 sec)
Wrote distance file to... 
Computing ML distances based on estimated model parameters...
Calculating distance matrix: done in 0.00208211 secs using 99.08% CPU
Computing ML distances took 0.002156 sec (of wall-clock time) 0.002119 sec (of CPU time)
Setting up auxiliary I and S matrices: done in 0.00012207 secs using 156.5% CPU
Constructing RapidNJ tree: done in 0.000263929 secs using 139.4% CPU
Computing RapidNJ tree took 0.000502 sec (of wall-clock time) 0.000670 sec (of CPU time)
Log-likelihood of RapidNJ tree: -5269.050
--------------------------------------------------------------------
|             INITIALIZING CANDIDATE TREE SET                      |
--------------------------------------------------------------------

Do NNI search on 2 best initial trees
Optimizing NNI: done in 0.00357819 secs using 99.63% CPU
BETTER TREE FOUND at iteration 1: -5269.050
Optimizing NNI: done in 0.089705 secs using 97.02% CPU
Finish initializing candidate tree set (4)
Current best tree score: -5269.050 / CPU time: 0.097
Number of iterations: 2
TREE SEARCH COMPLETED AFTER 2 ITERATIONS / Time: 0h:0m:0s

--------------------------------------------------------------------
|                    FINALIZING TREE SEARCH                        |
--------------------------------------------------------------------
Performs final model parameters optimization
Estimate model parameters (epsilon = 0.050)
1. Initial log-likelihood: -5269.050
2. Current log-likelihood: -5262.180
3. Current log-likelihood: -5257.890
4. Current log-likelihood: -5257.521
5. Current log-likelihood: -5257.200
6. Current log-likelihood: -5257.113
7. Current log-likelihood: -5257.049
8. Current log-likelihood: -5256.936
9. Current log-likelihood: -5256.832
10. Current log-likelihood: -5256.742
11. Current log-likelihood: -5256.685
12. Current log-likelihood: -5256.510
Optimal log-likelihood: -5256.469
Rate parameters:  A-C: 1.51055  A-G: 11.74075  A-T: 0.68403  C-G: 0.00010  C-T: 16.86014  G-T: 1.00000
Base frequencies:  A: 0.376  C: 0.150  G: 0.214  T: 0.260
Parameters optimization took 12 rounds (0.125 sec)
BEST SCORE FOUND : -5256.469
Total tree length: 0.127

Total number of iterations: 2
CPU time used for tree search: 0.094 sec (0h:0m:0s)
Wall-clock time used for tree search: 0.097 sec (0h:0m:0s)
Total CPU time used: 0.304 sec (0h:0m:0s)
Total wall-clock time used: 0.318 sec (0h:0m:0s)

Analysis results written to: 
  IQ-TREE report:                results/aligned_fluC_PB2_Mississippi-delim.fasta.iqtree
  Maximum-likelihood tree:       results/aligned_fluC_PB2_Mississippi-delim.fasta.treefile
  Likelihood distances:          results/aligned_fluC_PB2_Mississippi-delim.fasta.mldist
  Screen log file:               results/aligned_fluC_PB2_Mississippi-delim.fasta.log

Date and Time: Fri Aug 18 10:18:03 2023
