IQ-TREE multicore version 2.2.0-beta COVID-edition for Mac OS X 64-bit built Mar  3 2022 built Mar  3 2022
Developed by Bui Quang Minh, James Barbetti, Nguyen Lam Tung,
Olga Chernomor, Heiko Schmidt, Dominik Schrempf, Michael Woodhams, Ly Trong Nhan.

Host:    macbook-pro-5.fhcrc.org (SSE4.2, 8 GB RAM)
Command: iqtree2 -nt 1 -s results/aligned_fluC_M_Yamagata-delim.fasta -m GTR -ninit 2 -n 2 -me 0.05
Seed:    546075 (Using SPRNG - Scalable Parallel Random Number Generator)
Time:    Fri Aug 18 10:19:01 2023
Kernel:  SSE2 - 1 threads (8 CPU cores detected)

HINT: Use -nt option to specify number of threads because your CPU has 8 cores!
HINT: -nt AUTO will automatically determine the best number of threads to use.

Reading alignment file results/aligned_fluC_M_Yamagata-delim.fasta ... Fasta format detected
Reading fasta file: done in 0.0103209 secs using 93.29% CPU
Alignment most likely contains DNA/RNA sequences
Constructing alignment: done in 0.0024271 secs using 82.03% CPU
Alignment has 231 sequences with 1180 columns, 374 distinct patterns
148 parsimony-informative, 99 singleton sites, 933 constant sites
            Gap/Ambiguity  Composition  p-value
Analyzing sequences: done in 0.000145912 secs using 79.5% CPU
   1  LC720286.1    0.76%    passed     99.74%
   2  MK480600.1   10.76%    passed     95.55%
   3  MH828689.1    2.12%    passed     98.37%
   4  MZ330882.1    4.66%    passed     99.78%
   5  MZ330945.1    4.66%    passed     99.95%
   6  MZ330889.1    4.66%    passed     99.84%
   7  MZ330896.1    4.66%    passed     99.84%
   8  MZ330910.1    4.66%    passed     99.89%
   9  MZ330917.1    4.66%    passed     99.84%
  10  MZ330959.1    4.66%    passed     99.84%
  11  MZ330966.1    4.66%    passed     99.62%
  12  LC123873.1    4.66%    passed     99.89%
  13  LC123862.1    4.66%    passed     99.89%
  14  LC123865.1    4.66%    passed     99.89%
  15  LC123867.1    4.66%    passed     99.89%
  16  LC123864.1    4.66%    passed     99.65%
  17  LC123872.1    4.66%    passed     99.95%
  18  LC123877.1    4.66%    passed     99.78%
  19  LC123878.1    4.66%    passed    100.00%
  20  MZ330903.1    4.66%    passed     99.97%
  21  MZ330994.1    4.66%    passed     99.97%
  22  MZ330952.1    4.66%    passed     99.85%
  23  MZ330973.1    4.66%    passed     99.57%
  24  MZ331001.1    4.66%    passed     99.57%
  25  LC603649.1    4.66%    passed     99.95%
  26  LC123831.1    4.66%    passed     99.98%
  27  LC123823.1    4.66%    passed     99.95%
  28  LC123828.1    4.66%    passed     99.87%
  29  LC123829.1    4.66%    passed     99.87%
  30  LC123824.1    4.66%    passed     99.83%
  31  LC123826.1    4.66%    passed     99.95%
  32  LC123830.1    4.66%    passed     99.95%
  33  LC123837.1    4.66%    passed     99.50%
  34  LC123843.1    4.66%    passed     99.50%
  35  LC123844.1    4.66%    passed     99.50%
  36  LC123850.1    4.66%    passed     99.50%
  37  LC123851.1    4.66%    passed     99.50%
  38  LC123853.1    4.66%    passed     99.50%
  39  LC123847.1    4.66%    passed     99.06%
  40  LC123849.1    4.66%    passed     99.11%
  41  LC123841.1    4.66%    passed     99.31%
  42  LC123839.1    4.66%    passed     99.73%
  43  MZ331008.1    4.66%    passed    100.00%
  44  MK050101.1    4.66%    passed     99.51%
  45  LC123876.1    4.66%    passed     99.87%
  46  LC123882.1    4.66%    passed     99.67%
  47  LC123879.1    4.66%    passed     99.95%
  48  LC123836.1    4.66%    passed     99.68%
  49  LC123838.1    4.66%    passed     99.68%
  50  LC123846.1    4.66%    passed     99.68%
  51  LC123825.1    4.66%    passed     99.66%
  52  MZ330980.1    4.66%    passed     99.83%
  53  MZ330987.1    4.66%    passed     99.83%
  54  MZ330924.1    4.66%    passed     99.53%
  55  MZ330931.1    4.66%    passed     99.57%
  56  MZ330938.1    4.66%    passed     99.93%
  57  LC123871.1    4.66%    passed     99.98%
  58  LC123881.1    4.66%    passed     99.98%
  59  LC123819.1    4.66%    passed     98.93%
  60  LC123820.1    4.66%    passed     99.55%
  61  LC603642.1    4.66%    passed     99.26%
  62  AB982131.1    4.92%    passed     99.92%
  63  AB982132.1    4.92%    passed     99.92%
  64  AB982133.1    4.92%    passed     99.91%
  65  AB982146.1    4.92%    passed     99.87%
  66  AB982140.1    4.92%    passed     99.90%
  67  AB982141.1    4.92%    passed     99.90%
  68  AB982144.1    4.92%    passed     99.90%
  69  AB982145.1    4.92%    passed     99.90%
  70  AB982142.1    4.92%    passed     99.88%
  71  AB099585.1    4.92%    passed     99.88%
  72  AB099588.1    4.92%    passed     99.88%
  73  AB086766.1    4.92%    passed     99.88%
  74  AB099595.1    4.92%    passed     99.89%
  75  AB099598.1    4.92%    passed     99.89%
  76  AB099599.1    4.92%    passed     99.89%
  77  AB086782.1    4.92%    passed     99.99%
  78  AB064432.1    4.92%    passed     99.95%
  79  AB064433.1    4.92%    passed     99.95%
  80  AB086761.1    4.92%    passed     99.49%
  81  AB086762.1    4.92%    passed     99.83%
  82  AB099591.1    4.92%    passed     99.87%
  83  AB982143.1    4.92%    passed     99.16%
  84  AB086781.1    4.92%    passed     99.68%
  85  LC327657.1    4.66%    passed     98.05%
  86  LC123880.1    4.66%    passed     98.91%
  87  LC123874.1    4.66%    passed     99.12%
  88  LC123875.1    4.66%    passed     98.60%
  89  LC123845.1    4.66%    passed     99.85%
  90  LC123856.1    4.66%    passed     99.97%
  91  LC123855.1    4.66%    passed     99.57%
  92  LC123848.1    4.66%    passed     99.47%
  93  LC123852.1    4.66%    passed     99.47%
  94  LC123863.1    4.66%    passed     99.92%
  95  LC123868.1    4.66%    passed     99.73%
  96  LC123869.1    4.66%    passed     99.96%
  97  LC123866.1    4.66%    passed     99.97%
  98  LC123859.1    4.66%    passed     99.97%
  99  LC123860.1    4.66%    passed     99.97%
 100  LC123870.1    4.66%    passed     99.85%
 101  LC327664.1    4.66%    passed     97.61%
 102  LC123861.1    4.66%    passed     99.92%
 103  AB982134.1    4.92%    passed     99.16%
 104  AB982137.1    4.92%    passed     99.10%
 105  AB982139.1    4.92%    passed     99.86%
 106  AB099579.1    4.92%    passed     99.48%
 107  AB099581.1    4.92%    passed     99.48%
 108  AB099580.1    4.92%    passed     98.97%
 109  AB099586.1    4.92%    passed     98.97%
 110  AB099597.1    4.92%    passed     98.97%
 111  AB099583.1    4.92%    passed     99.48%
 112  AB099584.1    4.92%    passed     98.52%
 113  AB099587.1    4.92%    passed     98.05%
 114  AB086786.1    4.92%    passed     98.05%
 115  AB086787.1    4.92%    passed     98.05%
 116  AB064438.1    4.92%    passed     98.05%
 117  AB086777.1    4.92%    passed     99.13%
 118  AB086779.1    4.92%    passed     99.13%
 119  AB086784.1    4.92%    passed     99.13%
 120  AB064434.1    4.92%    passed     99.13%
 121  AB064435.1    4.92%    passed     99.13%
 122  AB086783.1    4.92%    passed     98.87%
 123  AB099589.1    4.92%    passed     96.44%
 124  AB099592.1    4.92%    passed     99.38%
 125  AB099593.1    4.92%    passed     98.94%
 126  AB099594.1    4.92%    passed     98.94%
 127  AB099596.1    4.92%    passed     98.94%
 128  AB086785.1    4.92%    passed     99.88%
 129  AB064436.1    4.92%    passed     99.88%
 130  AB064437.1    4.92%    passed     99.88%
 131  AB982138.1    4.92%    passed     99.96%
 132  LC123854.1    4.66%    passed     99.00%
 133  LC123857.1    4.66%    passed     99.47%
 134  LC123858.1    4.66%    passed     99.04%
 135  AB982135.1    4.92%    passed     98.36%
 136  AB982136.1    4.92%    passed     99.13%
 137  LC123827.1    4.66%    passed     99.57%
 138  LC123832.1    4.66%    passed     99.57%
 139  AB099582.1    4.92%    passed     98.17%
 140  AB099590.1    4.92%    passed     98.17%
 141  AB086775.1    4.92%    passed     99.60%
 142  AB086767.1    4.92%    passed     99.77%
 143  AB086768.1    4.92%    passed     99.88%
 144  AB086772.1    4.92%    passed     99.48%
 145  AB086774.1    4.92%    passed     99.97%
 146  AB086776.1    4.92%    passed     99.97%
 147  AB099600.1    4.92%    passed     99.09%
 148  AB086773.1    4.92%    passed     99.35%
 149  AB086778.1    4.92%    passed     99.78%
 150  AB086780.1    4.92%    passed     99.78%
 151  KT232087.1    8.14%    passed     99.85%
 152  AB000605.1    3.73%    passed     99.05%
 153  AB000606.1    3.73%    passed     99.53%
 154  AB000607.1    3.73%    passed     98.39%
 155  AB000613.1    3.73%    passed     98.97%
 156  AB000614.1    3.73%    passed     99.24%
 157  AB000725.1    3.73%    passed     98.89%
 158  AB000608.1    3.73%    passed     99.35%
 159  AB000609.1    3.73%    passed     97.20%
 160  AB000612.1    3.64%    passed     98.13%
 161  AB000727.1    3.64%    passed     98.13%
 162  AB000721.1    3.64%    passed     98.01%
 163  AB000726.1    3.64%    passed     99.26%
 164  D16261.1      2.03%    passed     96.77%
 165  KM507557.1    4.75%    passed     99.87%
 166  LC123833.1    4.66%    passed     99.75%
 167  LC123835.1    4.66%    passed     99.75%
 168  LC123840.1    4.66%    passed     99.85%
 169  LC123842.1    4.66%    passed     99.55%
 170  AB182362.1    4.92%    passed     99.80%
 171  AB086771.1    4.92%    passed     99.72%
 172  AB035372.1    4.75%    passed     98.65%
 173  AB035373.1    4.75%    passed     99.33%
 174  CY239434.1   19.32%    passed     98.12%
 175  KM504282.1    0.00%    passed     98.25%
 176  JX963106.1   10.25%    passed     94.06%
 177  JX963107.1   10.34%    passed     95.91%
 178  JX963108.1   10.25%    passed     94.86%
 179  JX963109.1    9.75%    passed     93.57%
 180  KT835363.1   16.95%    passed     96.32%
 181  KT835364.1   17.54%    passed     92.71%
 182  MK480579.1    5.85%    passed     99.86%
 183  CY239416.1   17.12%    passed     91.69%
 184  MK480593.1    9.24%    passed     97.04%
 185  CY239419.1   12.37%    passed     96.74%
 186  CY239426.1   18.56%    passed     93.63%
 187  CY239423.1   18.81%    passed     96.22%
 188  CY239437.1   11.69%    passed     97.72%
 189  CY239466.1    3.81%    passed     96.98%
 190  CY239478.1    3.81%    passed     97.23%
 191  CY239429.1    7.03%    passed     99.44%
 192  CY239445.1    6.95%    passed     99.66%
 193  CY239472.1    3.90%    passed     97.96%
 194  CY239476.1    4.92%    passed     98.99%
 195  CY239462.1   13.05%    passed     97.09%
 196  CY239464.1   15.59%    passed     96.69%
 197  CY239468.1    2.37%    passed     96.32%
 198  CY239485.1    3.98%    passed     97.52%
 199  CY239470.1    3.56%    passed     97.54%
 200  CY239441.1    6.78%    passed     99.66%
 201  CY239431.1   13.22%    passed     98.09%
 202  CY239439.1    6.86%    passed     99.49%
 203  CY239453.1    6.95%    passed     99.58%
 204  CY239480.1    4.07%    passed     98.07%
 205  CY239420.1   16.10%    passed     93.61%
 206  CY239443.1   15.42%    passed     97.73%
 207  JX133150.1   18.39%    passed     87.87%
 208  JX133153.1   18.39%    passed     90.69%
 209  JX133154.1   18.39%    passed     88.56%
 210  JX133151.1   18.39%    passed     86.03%
 211  JX133155.1   18.39%    passed     86.03%
 212  JX133156.1   18.39%    passed     86.03%
 213  JX133159.1   18.39%    passed     86.03%
 214  JX133157.1   18.39%    passed     84.66%
 215  JX133158.1   18.39%    passed     84.66%
 216  JX133152.1   18.39%    passed     85.53%
 217  CY239425.1   23.22%    passed     91.71%
 218  CY239432.1   12.80%    passed     94.02%
 219  CY239458.1   17.63%    passed     94.13%
 220  CY239451.1   11.95%    passed     94.49%
 221  CY239482.1    3.22%    passed     97.61%
 222  CY239474.1    3.39%    passed     96.36%
 223  CY239449.1   12.20%    passed     89.53%
 224  CY239456.1   18.31%    passed     93.28%
 225  CY239460.1   20.42%    passed     92.00%
 226  KT835361.1   17.20%    passed     92.71%
 227  KT835362.1   16.78%    passed     91.71%
 228  MK480586.1    9.24%    passed     92.98%
 229  LC123834.1    4.66%    passed     99.49%
 230  KM507550.1    6.53%    passed     97.33%
 231  JX947866.1    1.61%    passed     88.78%
****  TOTAL         6.50%  0 sequences failed composition chi2 test (p-value<5%; df=3)
NOTE: MZ330896.1 is identical to MZ330889.1 but kept for subsequent analysis
NOTE: MZ330959.1 is identical to MZ330917.1 but kept for subsequent analysis
NOTE: LC123865.1 is identical to LC123862.1 but kept for subsequent analysis
NOTE: MZ330994.1 is identical to MZ330903.1 but kept for subsequent analysis
NOTE: LC123829.1 is identical to LC123828.1 but kept for subsequent analysis
NOTE: LC123843.1 is identical to LC123837.1 but kept for subsequent analysis
NOTE: LC123846.1 is identical to LC123838.1 but kept for subsequent analysis
NOTE: MZ330987.1 is identical to MZ330980.1 but kept for subsequent analysis
NOTE: LC123881.1 is identical to LC123871.1 but kept for subsequent analysis
NOTE: AB982132.1 is identical to AB982131.1 but kept for subsequent analysis
NOTE: AB982141.1 is identical to AB982140.1 but kept for subsequent analysis
NOTE: AB099588.1 is identical to AB099585.1 but kept for subsequent analysis
NOTE: AB099598.1 is identical to AB099595.1 but kept for subsequent analysis
NOTE: AB064433.1 is identical to AB064432.1 but kept for subsequent analysis
NOTE: LC123860.1 is identical to LC123859.1 but kept for subsequent analysis
NOTE: AB099581.1 is identical to AB099579.1 but kept for subsequent analysis
NOTE: AB099586.1 is identical to AB099580.1 but kept for subsequent analysis
NOTE: AB086786.1 is identical to AB099587.1 but kept for subsequent analysis
NOTE: AB086779.1 is identical to AB086777.1 but kept for subsequent analysis
NOTE: AB099594.1 is identical to AB099593.1 but kept for subsequent analysis
NOTE: AB064436.1 is identical to AB086785.1 but kept for subsequent analysis
NOTE: AB099590.1 is identical to AB099582.1 but kept for subsequent analysis
NOTE: AB086776.1 is identical to AB086774.1 but kept for subsequent analysis
NOTE: AB086780.1 is identical to AB086778.1 but kept for subsequent analysis
NOTE: LC123835.1 is identical to LC123833.1 but kept for subsequent analysis
NOTE: JX133155.1 is identical to JX133151.1 but kept for subsequent analysis
NOTE: JX133158.1 is identical to JX133157.1 but kept for subsequent analysis
Checking for duplicate sequences: done in 0.00178099 secs using 66.99% CPU
Identifying sites to remove: done in 0.00237584 secs using 92.3% CPU
NOTE: 16 identical sequences (see below) will be ignored for subsequent analysis
NOTE: LC123867.1 (identical to LC123862.1) is ignored but added at the end
NOTE: LC123844.1 (identical to LC123837.1) is ignored but added at the end
NOTE: LC123850.1 (identical to LC123837.1) is ignored but added at the end
NOTE: LC123851.1 (identical to LC123837.1) is ignored but added at the end
NOTE: LC123853.1 (identical to LC123837.1) is ignored but added at the end
NOTE: AB982144.1 (identical to AB982140.1) is ignored but added at the end
NOTE: AB982145.1 (identical to AB982140.1) is ignored but added at the end
NOTE: AB099599.1 (identical to AB099595.1) is ignored but added at the end
NOTE: AB099597.1 (identical to AB099580.1) is ignored but added at the end
NOTE: AB086787.1 (identical to AB099587.1) is ignored but added at the end
NOTE: AB086784.1 (identical to AB086777.1) is ignored but added at the end
NOTE: AB064434.1 (identical to AB086777.1) is ignored but added at the end
NOTE: AB064435.1 (identical to AB086777.1) is ignored but added at the end
NOTE: AB064437.1 (identical to AB086785.1) is ignored but added at the end
NOTE: JX133156.1 (identical to JX133151.1) is ignored but added at the end
NOTE: JX133159.1 (identical to JX133151.1) is ignored but added at the end
Alignment was printed to results/aligned_fluC_M_Yamagata-delim.fasta.uniqueseq.phy

For your convenience alignment with unique sequences printed to results/aligned_fluC_M_Yamagata-delim.fasta.uniqueseq.phy

Create initial parsimony tree by phylogenetic likelihood library (PLL)... 0.006 seconds

NOTE: 2 MB RAM (0 GB) is required!
Estimate model parameters (epsilon = 0.500)
1. Initial log-likelihood: -13403.951
2. Current log-likelihood: -12067.626
3. Current log-likelihood: -12062.895
Optimal log-likelihood: -12060.004
Rate parameters:  A-C: 7.24546  A-G: 29.83278  A-T: 1.85773  C-G: 0.07774  C-T: 54.95315  G-T: 1.00000
Base frequencies:  A: 0.368  C: 0.167  G: 0.219  T: 0.247
Parameters optimization took 3 rounds (0.517 sec)
Wrote distance file to... 
Computing ML distances based on estimated model parameters...
Calculating distance matrix: done in 0.0848 secs using 96.91% CPU
Computing ML distances took 0.085213 sec (of wall-clock time) 0.082455 sec (of CPU time)
Setting up auxiliary I and S matrices: done in 0.00134492 secs using 178.7% CPU
Constructing RapidNJ tree: done in 0.003968 secs using 184.5% CPU
Computing RapidNJ tree took 0.005454 sec (of wall-clock time) 0.009964 sec (of CPU time)
Log-likelihood of RapidNJ tree: -4558.163
--------------------------------------------------------------------
|             INITIALIZING CANDIDATE TREE SET                      |
--------------------------------------------------------------------

Do NNI search on 2 best initial trees
Optimizing NNI: done in 0.162275 secs using 152.5% CPU
Estimate model parameters (epsilon = 0.500)
BETTER TREE FOUND at iteration 1: -4530.109
Optimizing NNI: done in 1.63047 secs using 97.81% CPU
Finish initializing candidate tree set (4)
Current best tree score: -4530.109 / CPU time: 2.008
Number of iterations: 2
TREE SEARCH COMPLETED AFTER 2 ITERATIONS / Time: 0h:0m:2s

--------------------------------------------------------------------
|                    FINALIZING TREE SEARCH                        |
--------------------------------------------------------------------
Performs final model parameters optimization
Estimate model parameters (epsilon = 0.050)
1. Initial log-likelihood: -4530.109
Optimal log-likelihood: -4530.108
Rate parameters:  A-C: 1.41828  A-G: 8.17090  A-T: 1.09701  C-G: 0.11053  C-T: 17.30460  G-T: 1.00000
Base frequencies:  A: 0.368  C: 0.167  G: 0.219  T: 0.247
Parameters optimization took 1 rounds (0.024 sec)
BEST SCORE FOUND : -4530.108
Total tree length: 0.350

Total number of iterations: 2
CPU time used for tree search: 2.060 sec (0h:0m:2s)
Wall-clock time used for tree search: 2.008 sec (0h:0m:2s)
Total CPU time used: 2.864 sec (0h:0m:2s)
Total wall-clock time used: 2.777 sec (0h:0m:2s)

Analysis results written to: 
  IQ-TREE report:                results/aligned_fluC_M_Yamagata-delim.fasta.iqtree
  Maximum-likelihood tree:       results/aligned_fluC_M_Yamagata-delim.fasta.treefile
  Likelihood distances:          results/aligned_fluC_M_Yamagata-delim.fasta.mldist
  Screen log file:               results/aligned_fluC_M_Yamagata-delim.fasta.log

Date and Time: Fri Aug 18 10:19:04 2023
