IQ-TREE multicore version 2.2.0-beta COVID-edition for Mac OS X 64-bit built Mar  3 2022 built Mar  3 2022
Developed by Bui Quang Minh, James Barbetti, Nguyen Lam Tung,
Olga Chernomor, Heiko Schmidt, Dominik Schrempf, Michael Woodhams, Ly Trong Nhan.

Host:    MacBook-Pro-2.local (SSE4.2, 8 GB RAM)
Command: iqtree2 -nt 1 -s results/aligned_fluC_HE_Kanagawa-delim.fasta -m GTR -ninit 2 -n 2 -me 0.05
Seed:    211675 (Using SPRNG - Scalable Parallel Random Number Generator)
Time:    Mon Oct 24 17:39:58 2022
Kernel:  SSE2 - 1 threads (8 CPU cores detected)

HINT: Use -nt option to specify number of threads because your CPU has 8 cores!
HINT: -nt AUTO will automatically determine the best number of threads to use.

Reading alignment file results/aligned_fluC_HE_Kanagawa-delim.fasta ... Fasta format detected
Reading fasta file: done in 0.00421286 secs using 95.28% CPU
Alignment most likely contains DNA/RNA sequences
Constructing alignment: done in 0.00219893 secs using 80.72% CPU
WARNING: 30 sites contain only gaps or ambiguous characters.
Alignment has 111 sequences with 2073 columns, 387 distinct patterns
183 parsimony-informative, 129 singleton sites, 1761 constant sites
            Gap/Ambiguity  Composition  p-value
Analyzing sequences: done in 5.60284e-05 secs using 96.38% CPU
   1  MH828688.1    9.94%    passed     99.94%
   2  MZ330881.1    5.07%    passed     94.37%
   3  MZ330895.1    5.07%    passed     94.12%
   4  MZ330888.1    5.07%    passed     95.37%
   5  MZ330944.1    5.07%    passed     95.28%
   6  MZ330909.1    5.07%    passed     98.46%
   7  MZ330958.1    5.07%    passed     98.46%
   8  MZ330916.1    5.07%    passed     98.92%
   9  MZ330951.1    5.07%    passed     98.56%
  10  MZ331000.1    5.07%    passed     99.09%
  11  MZ330965.1    5.07%    passed     98.45%
  12  MZ330972.1    5.07%    passed     98.92%
  13  MZ330979.1    5.07%    passed     98.05%
  14  MZ330986.1    5.07%    passed     96.00%
  15  MK480592.1   11.14%    passed     98.11%
  16  LC122667.1    4.20%    passed     99.00%
  17  LC122671.1    4.20%    passed     99.00%
  18  AB899781.1    4.20%    passed     99.00%
  19  LC122669.1    4.20%    passed     98.75%
  20  JX080409.1   12.83%    passed     96.32%
  21  JX080412.1   12.83%    passed     98.45%
  22  JX080414.1   12.83%    passed     98.45%
  23  JX080413.1   12.83%    passed     97.89%
  24  HM748633.1    6.13%    passed     97.58%
  25  HM748634.1    6.13%    passed     97.58%
  26  CY239417.1    4.97%    passed     98.87%
  27  CY239427.1    3.52%    passed     99.90%
  28  CY239418.1    3.09%    passed     99.14%
  29  CY239421.1    4.00%    passed     99.72%
  30  CY239422.1    2.27%    passed     98.60%
  31  CY239465.1    1.69%    passed     95.29%
  32  CY239471.1    1.59%    passed     95.12%
  33  CY239475.1    1.45%    passed     94.89%
  34  CY239442.1    1.83%    passed     94.68%
  35  CY239469.1    1.59%    passed     95.44%
  36  CY239440.1    1.69%    passed     95.79%
  37  CY239477.1    1.69%    passed     95.79%
  38  CY239461.1    3.52%    passed     99.03%
  39  CY239452.1    1.93%    passed     94.73%
  40  CY239463.1    1.98%    passed     96.13%
  41  CY239467.1    1.59%    passed     96.17%
  42  CY239479.1    1.54%    passed     95.62%
  43  CY239484.1    2.03%    passed     93.95%
  44  CY239430.1    6.13%    passed     99.07%
  45  CY239444.1    1.78%    passed     96.38%
  46  CY239438.1    1.74%    passed     95.60%
  47  CY239428.1    6.17%    passed     96.83%
  48  CY239436.1    4.15%    passed     97.79%
  49  LC122674.1    4.20%    passed     99.98%
  50  LC013254.1    4.20%    passed     99.97%
  51  LC013255.1    4.20%    passed     99.97%
  52  LC013261.1    4.20%    passed     99.96%
  53  LC013257.1    4.20%    passed     99.98%
  54  MK480578.1   11.24%    passed     97.32%
  55  LC630941.1    4.20%    passed     99.44%
  56  LC603648.1    4.20%    passed     98.63%
  57  AB899779.1    7.09%    passed     99.49%
  58  AB219079.1    7.09%    passed     99.42%
  59  AB219080.1    7.09%    passed     99.42%
  60  LC122638.1    7.09%    passed     99.67%
  61  LC122639.1    7.09%    passed     99.79%
  62  AB099422.1    7.09%    passed     99.66%
  63  AB099426.1    7.09%    passed     99.46%
  64  AB099430.1    7.09%    passed     99.52%
  65  AB099429.1    7.09%    passed     99.33%
  66  LC122640.1    7.09%    passed     98.72%
  67  AB899778.1    7.09%    passed     99.05%
  68  AB252153.1    7.09%    passed     99.52%
  69  LC122642.1    7.09%    passed     99.52%
  70  LC122643.1    7.09%    passed     98.75%
  71  AB252163.1    7.09%    passed     99.85%
  72  LC122646.1    7.09%    passed     99.47%
  73  AB252161.1    7.09%    passed     99.57%
  74  AB252159.1    7.09%    passed     99.47%
  75  LC122647.1    7.09%    passed     99.47%
  76  AB099416.1    7.09%    passed     99.30%
  77  AB099419.1    7.09%    passed     99.30%
  78  AB086664.1    7.09%    passed     99.59%
  79  AB252156.1    7.09%    passed     99.30%
  80  AB252157.1    7.09%    passed     99.42%
  81  AB252162.1    7.09%    passed     99.16%
  82  AB252158.1    7.09%    passed     98.68%
  83  AB252165.1    7.09%    passed     97.09%
  84  HM748624.1    6.13%    passed     97.44%
  85  HM748626.1    6.13%    passed     99.05%
  86  HM748627.1    6.13%    passed     96.87%
  87  HM748628.1    6.13%    passed     96.87%
  88  HM748629.1    6.13%    passed     97.31%
  89  JX080410.1   12.83%    passed     97.31%
  90  LC122649.1    5.26%    passed     99.05%
  91  LC122651.1    5.26%    passed     99.15%
  92  LC122652.1    4.20%    passed     99.91%
  93  LC122655.1    4.20%    passed     99.96%
  94  LC122657.1    4.20%    passed     98.73%
  95  LC122654.1    5.26%    passed     98.01%
  96  GQ853453.1    4.34%    passed     96.51%
  97  GQ853454.1    3.67%    passed     98.48%
  98  KT835350.1   12.35%    passed     99.98%
  99  KT835353.1   12.35%    passed     99.88%
 100  GQ853455.1    4.15%    passed     99.89%
 101  GQ853452.1    4.10%    passed     99.68%
 102  HM748623.1    6.13%    passed     90.51%
 103  HM748625.1    6.13%    passed     91.99%
 104  JX129180.1   53.84%    passed     91.49%
 105  JX129181.1   53.84%    passed     97.19%
 106  KM507555.1    6.32%    passed     97.88%
 107  D63467.1      4.68%    passed     98.63%
 108  D63469.1      2.56%    passed     99.14%
 109  D63470.1      3.18%    passed     97.42%
 110  D63471.1      4.78%    passed     98.87%
 111  JX947861.1    6.22%    passed     86.38%
WARNING: 2 sequences contain more than 50% gaps/ambiguity
****  TOTAL         6.50%  0 sequences failed composition chi2 test (p-value<5%; df=3)
NOTE: MZ330958.1 is identical to MZ330909.1 but kept for subsequent analysis
NOTE: LC122671.1 is identical to LC122667.1 but kept for subsequent analysis
NOTE: JX080414.1 is identical to JX080412.1 but kept for subsequent analysis
NOTE: HM748634.1 is identical to HM748633.1 but kept for subsequent analysis
NOTE: CY239477.1 is identical to CY239440.1 but kept for subsequent analysis
NOTE: LC013255.1 is identical to LC013254.1 but kept for subsequent analysis
NOTE: AB219080.1 is identical to AB219079.1 but kept for subsequent analysis
NOTE: AB099419.1 is identical to AB099416.1 but kept for subsequent analysis
NOTE: HM748628.1 is identical to HM748627.1 but kept for subsequent analysis
Checking for duplicate sequences: done in 0.000302076 secs using 79.45% CPU
Identifying sites to remove: done in 0.00226188 secs using 96.82% CPU
NOTE: 1 identical sequences (see below) will be ignored for subsequent analysis
NOTE: AB899781.1 (identical to LC122667.1) is ignored but added at the end
Alignment was printed to results/aligned_fluC_HE_Kanagawa-delim.fasta.uniqueseq.phy

For your convenience alignment with unique sequences printed to results/aligned_fluC_HE_Kanagawa-delim.fasta.uniqueseq.phy

Create initial parsimony tree by phylogenetic likelihood library (PLL)... 0.001 seconds

NOTE: 1 MB RAM (0 GB) is required!
Estimate model parameters (epsilon = 0.500)
1. Initial log-likelihood: -13756.055
2. Current log-likelihood: -12798.026
3. Current log-likelihood: -12793.034
Optimal log-likelihood: -12793.033
Rate parameters:  A-C: 1.09159  A-G: 6.91197  A-T: 0.40244  C-G: 0.50917  C-T: 6.77929  G-T: 1.00000
Base frequencies:  A: 0.332  C: 0.183  G: 0.216  T: 0.268
Parameters optimization took 3 rounds (0.141 sec)
Wrote distance file to... 
Computing ML distances based on estimated model parameters...
Calculating distance matrix: done in 0.0178299 secs using 99.83% CPU
Computing ML distances took 0.018068 sec (of wall-clock time) 0.017956 sec (of CPU time)
Setting up auxiliary I and S matrices: done in 0.000272989 secs using 169.2% CPU
Constructing RapidNJ tree: done in 0.000529051 secs using 188.6% CPU
Computing RapidNJ tree took 0.000849 sec (of wall-clock time) 0.001549 sec (of CPU time)
Log-likelihood of RapidNJ tree: -6030.837
--------------------------------------------------------------------
|             INITIALIZING CANDIDATE TREE SET                      |
--------------------------------------------------------------------

Do NNI search on 2 best initial trees
Optimizing NNI: done in 0.088917 secs using 185.2% CPU
Estimate model parameters (epsilon = 0.500)
BETTER TREE FOUND at iteration 1: -5947.106
Optimizing NNI: done in 0.613706 secs using 105.1% CPU
Finish initializing candidate tree set (4)
Current best tree score: -5947.106 / CPU time: 0.764
Number of iterations: 2
TREE SEARCH COMPLETED AFTER 2 ITERATIONS / Time: 0h:0m:0s

--------------------------------------------------------------------
|                    FINALIZING TREE SEARCH                        |
--------------------------------------------------------------------
Performs final model parameters optimization
Estimate model parameters (epsilon = 0.050)
1. Initial log-likelihood: -5947.106
Optimal log-likelihood: -5947.106
Rate parameters:  A-C: 2.15959  A-G: 11.55496  A-T: 1.03591  C-G: 0.31155  C-T: 13.88054  G-T: 1.00000
Base frequencies:  A: 0.332  C: 0.183  G: 0.216  T: 0.268
Parameters optimization took 1 rounds (0.012 sec)
BEST SCORE FOUND : -5947.106
Total tree length: 0.226

Total number of iterations: 2
CPU time used for tree search: 0.924 sec (0h:0m:0s)
Wall-clock time used for tree search: 0.765 sec (0h:0m:0s)
Total CPU time used: 1.132 sec (0h:0m:1s)
Total wall-clock time used: 0.964 sec (0h:0m:0s)

Analysis results written to: 
  IQ-TREE report:                results/aligned_fluC_HE_Kanagawa-delim.fasta.iqtree
  Maximum-likelihood tree:       results/aligned_fluC_HE_Kanagawa-delim.fasta.treefile
  Likelihood distances:          results/aligned_fluC_HE_Kanagawa-delim.fasta.mldist
  Screen log file:               results/aligned_fluC_HE_Kanagawa-delim.fasta.log

Date and Time: Mon Oct 24 17:39:59 2022
