IQ-TREE multicore version 2.2.0-beta COVID-edition for Mac OS X 64-bit built Mar  3 2022 built Mar  3 2022
Developed by Bui Quang Minh, James Barbetti, Nguyen Lam Tung,
Olga Chernomor, Heiko Schmidt, Dominik Schrempf, Michael Woodhams, Ly Trong Nhan.

Host:    macbook-pro-5.fhcrc.org (SSE4.2, 8 GB RAM)
Command: iqtree2 -nt 1 -s results/aligned_fluC_NS_Mississippi-delim.fasta -m GTR -ninit 2 -n 2 -me 0.05
Seed:    759933 (Using SPRNG - Scalable Parallel Random Number Generator)
Time:    Fri Aug 18 10:17:59 2023
Kernel:  SSE2 - 1 threads (8 CPU cores detected)

HINT: Use -nt option to specify number of threads because your CPU has 8 cores!
HINT: -nt AUTO will automatically determine the best number of threads to use.

Reading alignment file results/aligned_fluC_NS_Mississippi-delim.fasta ... Fasta format detected
Reading fasta file: done in 0.001827 secs using 74.55% CPU
Alignment most likely contains DNA/RNA sequences
Constructing alignment: done in 0.000645876 secs using 73.39% CPU
Alignment has 33 sequences with 935 columns, 92 distinct patterns
44 parsimony-informative, 31 singleton sites, 860 constant sites
            Gap/Ambiguity  Composition  p-value
Analyzing sequences: done in 1.09673e-05 secs using 82.06% CPU
   1  AB283001.1    0.00%    passed     99.83%
   2  FR671425.1    2.25%    passed     99.57%
   3  AM410043.1    0.00%    passed     99.72%
   4  LC124977.1    5.88%    passed     99.38%
   5  LC124979.1    5.88%    passed     99.70%
   6  LC124980.1    5.88%    passed     99.70%
   7  LC124978.1    5.88%    passed     98.80%
   8  LC124981.1    5.88%    passed     98.28%
   9  LC124982.1    5.88%    passed     99.72%
  10  AB099627.1    7.81%    passed     98.09%
  11  AB086796.1    7.81%    passed     97.14%
  12  AB086801.1    7.81%    passed     97.53%
  13  AB086803.1    7.81%    passed     97.53%
  14  LC124998.1    5.88%    passed     98.80%
  15  AB099626.1    7.81%    passed     97.53%
  16  AB034155.1    5.78%    passed     99.11%
  17  AB034156.1    5.78%    passed     99.65%
  18  AB034162.1    5.78%    passed     99.84%
  19  AB034158.1    5.78%    passed     99.64%
  20  AB034165.1    5.78%    passed     99.92%
  21  AB034167.1    5.78%    passed     99.05%
  22  AB034166.1    5.78%    passed     99.94%
  23  AB099624.1    7.81%    passed     97.68%
  24  AB099625.1    7.81%    passed     98.10%
  25  AB034157.1    5.78%    passed     99.65%
  26  AB034160.1    5.78%    passed     99.46%
  27  AB034159.1    5.78%    passed     99.87%
  28  AB034161.1    5.78%    passed     99.64%
  29  M10087.1      0.11%    passed     99.40%
  30  M14881.1      4.39%    passed     97.75%
  31  M15090.1      4.39%    passed     97.75%
  32  M15089.1      4.39%    passed     97.04%
  33  M31007.1      4.39%    passed     95.17%
****  TOTAL         5.43%  0 sequences failed composition chi2 test (p-value<5%; df=3)
NOTE: LC124980.1 is identical to LC124979.1 but kept for subsequent analysis
NOTE: AB086803.1 is identical to AB086801.1 but kept for subsequent analysis
NOTE: M15090.1 is identical to M14881.1 but kept for subsequent analysis
Checking for duplicate sequences: done in 9.60827e-05 secs using 66.61% CPU

Create initial parsimony tree by phylogenetic likelihood library (PLL)... 0.002 seconds

NOTE: 0 MB RAM (0 GB) is required!
Estimate model parameters (epsilon = 0.500)
1. Initial log-likelihood: -3060.042
2. Current log-likelihood: -2876.990
3. Current log-likelihood: -2859.435
Optimal log-likelihood: -2859.429
Rate parameters:  A-C: 2.70604  A-G: 13.27363  A-T: 0.50190  C-G: 0.45491  C-T: 20.62311  G-T: 1.00000
Base frequencies:  A: 0.358  C: 0.182  G: 0.191  T: 0.269
Parameters optimization took 3 rounds (0.028 sec)
Wrote distance file to... 
Computing ML distances based on estimated model parameters...
Calculating distance matrix: done in 0.00176907 secs using 85.24% CPU
Computing ML distances took 0.001831 sec (of wall-clock time) 0.001550 sec (of CPU time)
Setting up auxiliary I and S matrices: done in 9.20296e-05 secs using 151% CPU
Constructing RapidNJ tree: done in 0.000211 secs using 173% CPU
Computing RapidNJ tree took 0.000433 sec (of wall-clock time) 0.000626 sec (of CPU time)
Log-likelihood of RapidNJ tree: -1884.147
--------------------------------------------------------------------
|             INITIALIZING CANDIDATE TREE SET                      |
--------------------------------------------------------------------

Do NNI search on 2 best initial trees
Optimizing NNI: done in 0.00708079 secs using 109.5% CPU
Estimate model parameters (epsilon = 0.500)
BETTER TREE FOUND at iteration 1: -1880.121
Optimizing NNI: done in 0.0409091 secs using 101.2% CPU
Finish initializing candidate tree set (4)
Current best tree score: -1880.121 / CPU time: 0.062
Number of iterations: 2
TREE SEARCH COMPLETED AFTER 2 ITERATIONS / Time: 0h:0m:0s

--------------------------------------------------------------------
|                    FINALIZING TREE SEARCH                        |
--------------------------------------------------------------------
Performs final model parameters optimization
Estimate model parameters (epsilon = 0.050)
1. Initial log-likelihood: -1880.121
Optimal log-likelihood: -1880.111
Rate parameters:  A-C: 1.89619  A-G: 14.12005  A-T: 1.21742  C-G: 0.00010  C-T: 19.66486  G-T: 1.00000
Base frequencies:  A: 0.358  C: 0.182  G: 0.191  T: 0.269
Parameters optimization took 1 rounds (0.010 sec)
BEST SCORE FOUND : -1880.111
Total tree length: 0.099

Total number of iterations: 2
CPU time used for tree search: 0.063 sec (0h:0m:0s)
Wall-clock time used for tree search: 0.063 sec (0h:0m:0s)
Total CPU time used: 0.112 sec (0h:0m:0s)
Total wall-clock time used: 0.126 sec (0h:0m:0s)

Analysis results written to: 
  IQ-TREE report:                results/aligned_fluC_NS_Mississippi-delim.fasta.iqtree
  Maximum-likelihood tree:       results/aligned_fluC_NS_Mississippi-delim.fasta.treefile
  Likelihood distances:          results/aligned_fluC_NS_Mississippi-delim.fasta.mldist
  Screen log file:               results/aligned_fluC_NS_Mississippi-delim.fasta.log

Date and Time: Fri Aug 18 10:17:59 2023
