IQ-TREE multicore version 2.2.0-beta COVID-edition for Mac OS X 64-bit built Mar  3 2022 built Mar  3 2022
Developed by Bui Quang Minh, James Barbetti, Nguyen Lam Tung,
Olga Chernomor, Heiko Schmidt, Dominik Schrempf, Michael Woodhams, Ly Trong Nhan.

Host:    MacBook-Pro-2.local (SSE4.2, 8 GB RAM)
Command: iqtree2 -nt 1 -s results/aligned_fluC_PB1_Mississippi-delim.fasta -m GTR -ninit 2 -n 2 -me 0.05
Seed:    459146 (Using SPRNG - Scalable Parallel Random Number Generator)
Time:    Mon Oct 24 17:43:24 2022
Kernel:  SSE2 - 1 threads (8 CPU cores detected)

HINT: Use -nt option to specify number of threads because your CPU has 8 cores!
HINT: -nt AUTO will automatically determine the best number of threads to use.

Reading alignment file results/aligned_fluC_PB1_Mississippi-delim.fasta ... Fasta format detected
Reading fasta file: done in 0.00801301 secs using 38.18% CPU
Alignment most likely contains DNA/RNA sequences
Constructing alignment: done in 0.00307703 secs using 67.89% CPU
Alignment has 31 sequences with 2363 columns, 195 distinct patterns
137 parsimony-informative, 131 singleton sites, 2095 constant sites
            Gap/Ambiguity  Composition  p-value
Analyzing sequences: done in 0.000279903 secs using 10.36% CPU
   1  AB126192.2    0.00%    passed     99.36%
   2  FR671421.1    0.00%    passed     99.35%
   3  M28060.1      0.00%    passed     99.10%
   4  LC123385.1    1.74%    passed     99.98%
   5  LC123389.1    1.74%    passed     99.98%
   6  AF170575.2    0.00%    passed     99.90%
   7  LC123386.1    1.74%    passed     99.42%
   8  LC123388.1    1.74%    passed     99.96%
   9  LC123390.1    1.74%    passed     99.64%
  10  LC123409.1    1.74%    passed     99.84%
  11  LC123397.1    1.74%    passed     99.97%
  12  LC123402.1    1.74%    passed     99.72%
  13  LC123413.1    1.74%    passed     99.26%
  14  LC123411.1    1.74%    passed     99.84%
  15  LC123414.1    1.74%    passed     99.36%
  16  LC123391.1    1.74%    passed     99.33%
  17  LC123394.1    1.74%    passed     99.83%
  18  LC123395.1    1.74%    passed     99.10%
  19  LC123399.1    1.74%    passed     99.70%
  20  LC123393.1    1.74%    passed     99.97%
  21  LC123396.1    1.74%    passed     97.69%
  22  LC123417.1    1.74%    passed     99.69%
  23  LC123425.1    1.74%    passed     99.80%
  24  LC123419.1    1.74%    passed     99.94%
  25  LC123438.1    1.74%    passed     99.77%
  26  LC123420.1    1.74%    passed     99.12%
  27  LC123387.1    1.74%    passed     99.73%
  28  LC123392.1    1.74%    passed     99.66%
  29  LC123398.1    1.74%    passed     99.32%
  30  LC123401.1    1.74%    passed     99.24%
  31  LC123408.1    1.74%    passed     98.13%
****  TOTAL         1.51%  0 sequences failed composition chi2 test (p-value<5%; df=3)
Checking for duplicate sequences: done in 0.000128031 secs using 70.3% CPU

Create initial parsimony tree by phylogenetic likelihood library (PLL)... 0.004 seconds

NOTE: 0 MB RAM (0 GB) is required!
Estimate model parameters (epsilon = 0.500)
1. Initial log-likelihood: -8504.406
2. Current log-likelihood: -8007.745
3. Current log-likelihood: -7895.844
4. Current log-likelihood: -7892.449
5. Current log-likelihood: -7891.645
Optimal log-likelihood: -7891.275
Rate parameters:  A-C: 2.05868  A-G: 11.30787  A-T: 0.90567  C-G: 0.00010  C-T: 15.08907  G-T: 1.00000
Base frequencies:  A: 0.380  C: 0.149  G: 0.205  T: 0.266
Parameters optimization took 5 rounds (0.061 sec)
Wrote distance file to... 
Computing ML distances based on estimated model parameters...
Calculating distance matrix: done in 0.00136018 secs using 80.65% CPU
Computing ML distances took 0.001681 sec (of wall-clock time) 0.001165 sec (of CPU time)
Setting up auxiliary I and S matrices: done in 4.60148e-05 secs using 80.41% CPU
Constructing RapidNJ tree: done in 8.98838e-05 secs using 93.45% CPU
Computing RapidNJ tree took 0.000182 sec (of wall-clock time) 0.000145 sec (of CPU time)
Log-likelihood of RapidNJ tree: -5540.282
--------------------------------------------------------------------
|             INITIALIZING CANDIDATE TREE SET                      |
--------------------------------------------------------------------

Do NNI search on 2 best initial trees
Optimizing NNI: done in 0.0151341 secs using 71.6% CPU
Estimate model parameters (epsilon = 0.500)
BETTER TREE FOUND at iteration 1: -5530.396
Optimizing NNI: done in 0.0641851 secs using 86.15% CPU
Finish initializing candidate tree set (4)
Current best tree score: -5530.396 / CPU time: 0.100
Number of iterations: 2
TREE SEARCH COMPLETED AFTER 2 ITERATIONS / Time: 0h:0m:0s

--------------------------------------------------------------------
|                    FINALIZING TREE SEARCH                        |
--------------------------------------------------------------------
Performs final model parameters optimization
Estimate model parameters (epsilon = 0.050)
1. Initial log-likelihood: -5530.396
Optimal log-likelihood: -5530.370
Rate parameters:  A-C: 1.11748  A-G: 11.47725  A-T: 0.81961  C-G: 0.00010  C-T: 15.60053  G-T: 1.00000
Base frequencies:  A: 0.380  C: 0.149  G: 0.205  T: 0.266
Parameters optimization took 1 rounds (0.009 sec)
BEST SCORE FOUND : -5530.370
Total tree length: 0.152

Total number of iterations: 2
CPU time used for tree search: 0.083 sec (0h:0m:0s)
Wall-clock time used for tree search: 0.100 sec (0h:0m:0s)
Total CPU time used: 0.155 sec (0h:0m:0s)
Total wall-clock time used: 0.221 sec (0h:0m:0s)

Analysis results written to: 
  IQ-TREE report:                results/aligned_fluC_PB1_Mississippi-delim.fasta.iqtree
  Maximum-likelihood tree:       results/aligned_fluC_PB1_Mississippi-delim.fasta.treefile
  Likelihood distances:          results/aligned_fluC_PB1_Mississippi-delim.fasta.mldist
  Screen log file:               results/aligned_fluC_PB1_Mississippi-delim.fasta.log

Date and Time: Mon Oct 24 17:43:24 2022
