IQ-TREE multicore version 2.2.0-beta COVID-edition for Mac OS X 64-bit built Mar  3 2022 built Mar  3 2022
Developed by Bui Quang Minh, James Barbetti, Nguyen Lam Tung,
Olga Chernomor, Heiko Schmidt, Dominik Schrempf, Michael Woodhams, Ly Trong Nhan.

Host:    MacBook-Pro-5.local (SSE4.2, 8 GB RAM)
Command: iqtree2 -nt 1 -s results/aligned_oc43_all_N-delim.fasta -m GTR -ninit 2 -n 2 -me 0.05
Seed:    132159 (Using SPRNG - Scalable Parallel Random Number Generator)
Time:    Tue Jan 10 16:30:29 2023
Kernel:  SSE2 - 1 threads (8 CPU cores detected)

HINT: Use -nt option to specify number of threads because your CPU has 8 cores!
HINT: -nt AUTO will automatically determine the best number of threads to use.

Reading alignment file results/aligned_oc43_all_N-delim.fasta ... Fasta format detected
Reading fasta file: done in 0.00483418 secs using 96.31% CPU
Alignment most likely contains DNA/RNA sequences
Constructing alignment: done in 0.00183296 secs using 84.34% CPU
Alignment has 196 sequences with 1347 columns, 182 distinct patterns
84 parsimony-informative, 81 singleton sites, 1182 constant sites
          Gap/Ambiguity  Composition  p-value
Analyzing sequences: done in 0.00043416 secs using 49.29% CPU
   1  OK662397    0.00%    passed     99.64%
   2  KF530071    0.00%    passed     99.75%
   3  KF530076    0.00%    passed     99.89%
   4  KF530067    0.00%    passed     99.89%
   5  KF530088    0.00%    passed     99.77%
   6  KF530091    0.00%    passed     99.77%
   7  KF530079    0.00%    passed     99.75%
   8  KF530082    0.00%    passed     99.77%
   9  KF530089    0.00%    passed     99.49%
  10  KF530094    0.00%    passed     99.66%
  11  KF530095    0.00%    passed     99.49%
  12  KF530096    0.00%    passed     99.49%
  13  JN129834    0.00%    passed     99.89%
  14  KF923890    0.00%    passed     99.89%
  15  KF923907    0.00%    passed     99.89%
  16  KF923911    0.00%    passed     99.89%
  17  KF923912    0.00%    passed     99.89%
  18  KF923909    0.00%    passed     99.89%
  19  KF923901    0.00%    passed     99.89%
  20  KF923919    0.00%    passed     99.89%
  21  KF923910    0.00%    passed     99.89%
  22  KF923892    0.00%    passed     99.89%
  23  KF923920    0.00%    passed     99.89%
  24  KF923913    0.00%    passed     99.89%
  25  KF923915    0.00%    passed     99.89%
  26  KF923891    0.00%    passed     99.89%
  27  KF923894    0.00%    passed     99.89%
  28  KF923917    0.00%    passed     99.89%
  29  KY554974    0.00%    passed     99.89%
  30  KY554975    0.00%    passed     99.89%
  31  KY674920    0.00%    passed     99.89%
  32  KF923908    0.00%    passed     99.89%
  33  KF923893    0.00%    passed     99.89%
  34  KF923924    0.00%    passed     99.89%
  35  KF923900    0.00%    passed     99.89%
  36  KF923899    0.00%    passed     99.89%
  37  KF923895    0.00%    passed     99.89%
  38  KF923914    0.00%    passed     99.67%
  39  KF923916    0.00%    passed     99.97%
  40  KF923921    0.00%    passed     99.79%
  41  KF923905    0.00%    passed     99.67%
  42  JN129835    0.00%    passed     99.91%
  43  KJ958218    0.00%    passed     99.89%
  44  KF923897    0.00%    passed     99.97%
  45  KF923903    0.00%    passed     99.97%
  46  KX538969    0.00%    passed     99.97%
  47  KX538977    0.00%    passed     99.97%
  48  KX538973    0.00%    passed     99.97%
  49  KX538971    0.00%    passed     99.97%
  50  KX538968    0.00%    passed     99.97%
  51  KX538974    0.00%    passed     99.89%
  52  KX538965    0.00%    passed    100.00%
  53  KF923923    0.00%    passed     99.90%
  54  KF923922    0.00%    passed     99.93%
  55  KF923925    0.00%    passed     99.78%
  56  KF923918    0.00%    passed     99.95%
  57  KX538967    0.07%    passed     99.99%
  58  KJ958219    0.00%    passed     99.85%
  59  KY554972    0.00%    passed     99.98%
  60  KY554973    0.00%    passed     99.98%
  61  KY674918    0.00%    passed     99.98%
  62  KY674917    0.00%    passed     99.98%
  63  KX344031    0.00%    passed     99.73%
  64  MN310476    0.00%    passed     99.60%
  65  MT118668    0.00%    passed     99.60%
  66  KX538975    0.00%    passed     99.96%
  67  KF923902    0.00%    passed    100.00%
  68  KF923904    0.00%    passed     99.97%
  69  KX538964    0.00%    passed     99.97%
  70  KX538972    0.00%    passed     99.97%
  71  KX538976    0.00%    passed     99.97%
  72  KX538978    0.00%    passed     99.97%
  73  KX538979    0.00%    passed     99.97%
  74  LC315646    0.00%    passed     99.93%
  75  OL770288    0.00%    passed     99.93%
  76  OL770287    0.00%    passed     99.93%
  77  OL770289    0.00%    passed     99.93%
  78  OK073087    0.00%    passed    100.00%
  79  OK073088    0.00%    passed    100.00%
  80  MW559057    0.00%    passed     99.85%
  81  MH828490    0.22%    passed     99.99%
  82  KX538966    0.00%    passed     99.99%
  83  LC315648    0.00%    passed     99.86%
  84  LC315647    0.00%    passed     99.93%
  85  KX538970    0.00%    passed     99.97%
  86  KY369905    0.00%    passed     99.97%
  87  KY983588    0.00%    passed     99.97%
  88  KY369907    0.00%    passed     99.97%
  89  MW587040    0.00%    passed     99.97%
  90  MT118667    0.00%    passed     99.97%
  91  KY967361    0.00%    passed     99.97%
  92  MF374984    0.00%    passed     99.97%
  93  MW587041    0.00%    passed     99.97%
  94  LC687399    0.00%    passed     99.97%
  95  LC720427    0.00%    passed     99.97%
  96  LC720429    0.00%    passed     99.97%
  97  MN306036    0.00%    passed     99.97%
  98  MN306041    0.00%    passed     99.97%
  99  MT118673    0.00%    passed     99.97%
 100  MT118678    0.00%    passed     99.97%
 101  MW587042    0.00%    passed     99.97%
 102  MT118685    0.00%    passed     99.97%
 103  MN306042    0.00%    passed     99.97%
 104  MN306053    0.00%    passed     99.97%
 105  LC687400    0.00%    passed     99.97%
 106  KY369906    0.00%    passed     99.99%
 107  MH121121    0.00%    passed     99.89%
 108  KY684759    0.00%    passed     99.90%
 109  KY983583    0.00%    passed     99.90%
 110  KY967358    0.00%    passed     99.90%
 111  MF374985    0.00%    passed     99.90%
 112  KY967359    0.00%    passed     99.90%
 113  MN310478    0.00%    passed     99.90%
 114  MW938760    0.00%    passed     99.99%
 115  MW411432    0.00%    passed     99.89%
 116  MW411433    0.00%    passed     99.89%
 117  OK391228    0.00%    passed     99.89%
 118  OM386798    0.00%    passed     99.99%
 119  OM386799    0.00%    passed     99.99%
 120  MG977451    0.07%    passed     99.93%
 121  OM386794    0.00%    passed     99.69%
 122  OM386795    0.00%    passed     99.90%
 123  OK391230    3.56%    passed     99.93%
 124  MG977452    0.00%    passed     99.91%
 125  KY983585    0.00%    passed     99.69%
 126  MT118683    0.00%    passed     99.91%
 127  MT118692    0.00%    passed     99.91%
 128  OK391227    0.00%    passed     99.90%
 129  OK391229    0.22%    passed     99.86%
 130  MF374983    0.00%    passed     99.85%
 131  OK073090    0.00%    passed     99.91%
 132  MN026164    0.00%    passed     99.68%
 133  LC687398    0.00%    passed     99.86%
 134  OM386796    0.00%    passed     99.42%
 135  OM386797    0.00%    passed     99.42%
 136  KY967356    0.00%    passed     99.72%
 137  OK391238    0.52%    passed     99.96%
 138  KF530068    0.00%    passed     99.85%
 139  KF530081    0.00%    passed     99.85%
 140  KF530070    0.00%    passed     99.85%
 141  KF530084    0.00%    passed     99.75%
 142  KF530098    0.00%    passed     99.59%
 143  KF923888    0.00%    passed     99.95%
 144  KF923887    0.00%    passed     99.99%
 145  KF923889    0.00%    passed     99.39%
 146  KF923898    0.22%    passed     99.96%
 147  OK073089    0.22%    passed     99.96%
 148  OK073091    0.22%    passed     99.50%
 149  OK073092    0.22%    passed     99.50%
 150  KF923886    0.00%    passed     99.91%
 151  MN306043    0.22%    passed     99.80%
 152  MW052042    0.22%    passed     99.72%
 153  OK391226    0.22%    passed     99.50%
 154  OK391225    0.22%    passed     99.72%
 155  OK391221    3.56%    passed     99.51%
 156  OK391223    0.00%    passed     99.56%
 157  OK391224    0.22%    passed     99.72%
 158  OK391222    0.67%    passed     99.74%
 159  KF530069    0.00%    passed     99.94%
 160  KF530063    0.00%    passed     99.77%
 161  KF530099    0.00%    passed     99.49%
 162  KP198611    0.00%    passed     99.91%
 163  KF530072    0.00%    passed     98.79%
 164  KF530080    0.00%    passed     99.08%
 165  KF530064    0.00%    passed     99.08%
 166  KF530078    0.00%    passed     99.08%
 167  KF530074    0.00%    passed     98.28%
 168  KF530090    0.00%    passed     98.28%
 169  KF530085    0.00%    passed     98.79%
 170  KF530075    0.00%    passed     99.30%
 171  KF530062    0.00%    passed     99.30%
 172  KF530059    0.00%    passed     99.61%
 173  KF530065    0.00%    passed     98.79%
 174  KF530073    0.00%    passed     98.79%
 175  KF530066    0.00%    passed     98.79%
 176  KF530061    0.00%    passed     98.79%
 177  KY014281    0.00%    passed     99.81%
 178  KF530092    0.00%    passed     99.55%
 179  KF530097    0.00%    passed     98.69%
 180  KF923896    0.00%    passed     99.16%
 181  KF923906    0.00%    passed     97.31%
 182  KP198610    0.00%    passed     98.19%
 183  KY014282    0.07%    passed     98.98%
 184  LC315649    0.00%    passed     98.62%
 185  KU131570    0.00%    passed     96.74%
 186  KY967360    0.00%    passed     97.66%
 187  MN026165    0.00%    passed     97.66%
 188  MF314143    0.00%    passed     98.60%
 189  MT118672    0.00%    passed     97.66%
 190  MT118671    0.00%    passed     97.66%
 191  KF530060    0.00%    passed     99.20%
 192  KF530083    0.00%    passed     99.78%
 193  KF530077    0.00%    passed     99.78%
 194  KF530093    0.00%    passed     99.41%
 195  KF530087    0.00%    passed     99.23%
 196  KF530086    0.00%    passed     99.54%
****  TOTAL       0.06%  0 sequences failed composition chi2 test (p-value<5%; df=3)
NOTE: KF530067 is identical to KF530076 but kept for subsequent analysis
NOTE: KF530096 is identical to KF530095 but kept for subsequent analysis
NOTE: KF923890 is identical to JN129834 but kept for subsequent analysis
NOTE: KF923903 is identical to KF923897 but kept for subsequent analysis
NOTE: KY554973 is identical to KY554972 but kept for subsequent analysis
NOTE: MT118668 is identical to MN310476 but kept for subsequent analysis
NOTE: KX538964 is identical to KF923904 but kept for subsequent analysis
NOTE: OL770288 is identical to LC315646 but kept for subsequent analysis
NOTE: KY369905 is identical to KX538970 but kept for subsequent analysis
NOTE: KY983583 is identical to KY684759 but kept for subsequent analysis
NOTE: MW411433 is identical to MW411432 but kept for subsequent analysis
NOTE: OM386799 is identical to OM386798 but kept for subsequent analysis
NOTE: OM386797 is identical to OM386796 but kept for subsequent analysis
NOTE: KF530081 is identical to KF530068 but kept for subsequent analysis
NOTE: OK073092 is identical to OK073091 but kept for subsequent analysis
NOTE: KF530064 is identical to KF530080 but kept for subsequent analysis
NOTE: KF530090 is identical to KF530074 but kept for subsequent analysis
NOTE: KF530062 is identical to KF530075 but kept for subsequent analysis
NOTE: KF530073 is identical to KF530065 but kept for subsequent analysis
NOTE: MN026165 is identical to KY967360 but kept for subsequent analysis
NOTE: MT118671 is identical to MT118672 but kept for subsequent analysis
NOTE: KF530077 is identical to KF530083 but kept for subsequent analysis
Checking for duplicate sequences: done in 0.00108814 secs using 68.47% CPU
Identifying sites to remove: done in 0.00380993 secs using 97.82% CPU
NOTE: 60 identical sequences (see below) will be ignored for subsequent analysis
NOTE: KF923907 (identical to JN129834) is ignored but added at the end
NOTE: KF923911 (identical to JN129834) is ignored but added at the end
NOTE: KF923912 (identical to JN129834) is ignored but added at the end
NOTE: KF923909 (identical to JN129834) is ignored but added at the end
NOTE: KF923901 (identical to JN129834) is ignored but added at the end
NOTE: KF923919 (identical to JN129834) is ignored but added at the end
NOTE: KF923910 (identical to JN129834) is ignored but added at the end
NOTE: KF923892 (identical to JN129834) is ignored but added at the end
NOTE: KF923920 (identical to JN129834) is ignored but added at the end
NOTE: KF923913 (identical to JN129834) is ignored but added at the end
NOTE: KF923915 (identical to JN129834) is ignored but added at the end
NOTE: KF923891 (identical to JN129834) is ignored but added at the end
NOTE: KF923894 (identical to JN129834) is ignored but added at the end
NOTE: KF923917 (identical to JN129834) is ignored but added at the end
NOTE: KY554974 (identical to JN129834) is ignored but added at the end
NOTE: KY554975 (identical to JN129834) is ignored but added at the end
NOTE: KY674920 (identical to JN129834) is ignored but added at the end
NOTE: KF923908 (identical to JN129834) is ignored but added at the end
NOTE: KF923893 (identical to JN129834) is ignored but added at the end
NOTE: KF923924 (identical to JN129834) is ignored but added at the end
NOTE: KF923900 (identical to JN129834) is ignored but added at the end
NOTE: KF923899 (identical to JN129834) is ignored but added at the end
NOTE: KF923895 (identical to JN129834) is ignored but added at the end
NOTE: KX538969 (identical to KF923897) is ignored but added at the end
NOTE: KX538977 (identical to KF923897) is ignored but added at the end
NOTE: KX538973 (identical to KF923897) is ignored but added at the end
NOTE: KX538971 (identical to KF923897) is ignored but added at the end
NOTE: KX538968 (identical to KF923897) is ignored but added at the end
NOTE: KY674918 (identical to KY554972) is ignored but added at the end
NOTE: KY674917 (identical to KY554972) is ignored but added at the end
NOTE: KX538972 (identical to KF923904) is ignored but added at the end
NOTE: KX538976 (identical to KF923904) is ignored but added at the end
NOTE: KX538978 (identical to KF923904) is ignored but added at the end
NOTE: KX538979 (identical to KF923904) is ignored but added at the end
NOTE: OL770287 (identical to LC315646) is ignored but added at the end
NOTE: OL770289 (identical to LC315646) is ignored but added at the end
NOTE: KY983588 (identical to KX538970) is ignored but added at the end
NOTE: KY369907 (identical to KX538970) is ignored but added at the end
NOTE: MW587040 (identical to KX538970) is ignored but added at the end
NOTE: MT118667 (identical to KX538970) is ignored but added at the end
NOTE: KY967361 (identical to KX538970) is ignored but added at the end
NOTE: MF374984 (identical to KX538970) is ignored but added at the end
NOTE: MW587041 (identical to KX538970) is ignored but added at the end
NOTE: LC687399 (identical to KX538970) is ignored but added at the end
NOTE: LC720427 (identical to KX538970) is ignored but added at the end
NOTE: LC720429 (identical to KX538970) is ignored but added at the end
NOTE: MN306036 (identical to KX538970) is ignored but added at the end
NOTE: MN306041 (identical to KX538970) is ignored but added at the end
NOTE: MT118673 (identical to KX538970) is ignored but added at the end
NOTE: MT118678 (identical to KX538970) is ignored but added at the end
NOTE: MW587042 (identical to KX538970) is ignored but added at the end
NOTE: MT118685 (identical to KX538970) is ignored but added at the end
NOTE: MN306042 (identical to KX538970) is ignored but added at the end
NOTE: MN306053 (identical to KX538970) is ignored but added at the end
NOTE: LC687400 (identical to KX538970) is ignored but added at the end
NOTE: OK391228 (identical to MW411432) is ignored but added at the end
NOTE: KF530070 (identical to KF530068) is ignored but added at the end
NOTE: KF530078 (identical to KF530080) is ignored but added at the end
NOTE: KF530066 (identical to KF530065) is ignored but added at the end
NOTE: KF530061 (identical to KF530065) is ignored but added at the end
Alignment was printed to results/aligned_oc43_all_N-delim.fasta.uniqueseq.phy

For your convenience alignment with unique sequences printed to results/aligned_oc43_all_N-delim.fasta.uniqueseq.phy

Create initial parsimony tree by phylogenetic likelihood library (PLL)... 0.002 seconds

NOTE: 0 MB RAM (0 GB) is required!
Estimate model parameters (epsilon = 0.500)
1. Initial log-likelihood: -11425.750
2. Current log-likelihood: -10608.592
3. Current log-likelihood: -10602.788
4. Current log-likelihood: -10602.241
Optimal log-likelihood: -10602.241
Rate parameters:  A-C: 0.39693  A-G: 1.90779  A-T: 0.61307  C-G: 0.03801  C-T: 4.60772  G-T: 1.00000
Base frequencies:  A: 0.297  C: 0.222  G: 0.241  T: 0.240
Parameters optimization took 4 rounds (0.098 sec)
Wrote distance file to... 
Computing ML distances based on estimated model parameters...
Calculating distance matrix: done in 0.026588 secs using 98.63% CPU
Computing ML distances took 0.026834 sec (of wall-clock time) 0.026346 sec (of CPU time)
Setting up auxiliary I and S matrices: done in 0.000370026 secs using 171.9% CPU
Constructing RapidNJ tree: done in 0.000716925 secs using 188.6% CPU
Computing RapidNJ tree took 0.001127 sec (of wall-clock time) 0.002082 sec (of CPU time)
Log-likelihood of RapidNJ tree: -3644.884
--------------------------------------------------------------------
|             INITIALIZING CANDIDATE TREE SET                      |
--------------------------------------------------------------------

Do NNI search on 2 best initial trees
Optimizing NNI: done in 0.039125 secs using 98.79% CPU
Estimate model parameters (epsilon = 0.500)
BETTER TREE FOUND at iteration 1: -3625.154
Optimizing NNI: done in 0.514414 secs using 87.91% CPU
Finish initializing candidate tree set (4)
Current best tree score: -3625.154 / CPU time: 0.604
Number of iterations: 2
TREE SEARCH COMPLETED AFTER 2 ITERATIONS / Time: 0h:0m:0s

--------------------------------------------------------------------
|                    FINALIZING TREE SEARCH                        |
--------------------------------------------------------------------
Performs final model parameters optimization
Estimate model parameters (epsilon = 0.050)
1. Initial log-likelihood: -3625.154
Optimal log-likelihood: -3625.154
Rate parameters:  A-C: 0.31446  A-G: 1.84020  A-T: 0.51937  C-G: 0.21495  C-T: 4.69888  G-T: 1.00000
Base frequencies:  A: 0.297  C: 0.222  G: 0.241  T: 0.240
Parameters optimization took 1 rounds (0.008 sec)
BEST SCORE FOUND : -3625.154
Total tree length: 0.164

Total number of iterations: 2
CPU time used for tree search: 0.540 sec (0h:0m:0s)
Wall-clock time used for tree search: 0.605 sec (0h:0m:0s)
Total CPU time used: 0.710 sec (0h:0m:0s)
Total wall-clock time used: 0.787 sec (0h:0m:0s)

Analysis results written to: 
  IQ-TREE report:                results/aligned_oc43_all_N-delim.fasta.iqtree
  Maximum-likelihood tree:       results/aligned_oc43_all_N-delim.fasta.treefile
  Likelihood distances:          results/aligned_oc43_all_N-delim.fasta.mldist
  Screen log file:               results/aligned_oc43_all_N-delim.fasta.log

Date and Time: Tue Jan 10 16:30:29 2023
