IQ-TREE multicore version 2.2.0-beta COVID-edition for Mac OS X 64-bit built Mar  3 2022 built Mar  3 2022
Developed by Bui Quang Minh, James Barbetti, Nguyen Lam Tung,
Olga Chernomor, Heiko Schmidt, Dominik Schrempf, Michael Woodhams, Ly Trong Nhan.

Host:    MacBook-Pro-5.local (SSE4.2, 8 GB RAM)
Command: iqtree2 -nt 1 -s results/aligned_oc43_A_Spike-delim.fasta -m GTR -ninit 2 -n 2 -me 0.05
Seed:    399241 (Using SPRNG - Scalable Parallel Random Number Generator)
Time:    Tue Jan 10 16:26:42 2023
Kernel:  SSE2 - 1 threads (8 CPU cores detected)

HINT: Use -nt option to specify number of threads because your CPU has 8 cores!
HINT: -nt AUTO will automatically determine the best number of threads to use.

Reading alignment file results/aligned_oc43_A_Spike-delim.fasta ... Fasta format detected
Reading fasta file: done in 0.0244081 secs using 94.69% CPU
Alignment most likely contains DNA/RNA sequences
Constructing alignment: done in 0.00699401 secs using 85.76% CPU
Alignment has 221 sequences with 4086 columns, 666 distinct patterns
325 parsimony-informative, 227 singleton sites, 3534 constant sites
          Gap/Ambiguity  Composition  p-value
Analyzing sequences: done in 0.000231981 secs using 88.8% CPU
   1  JN129834    0.29%    passed     99.92%
   2  KF923900    0.29%    passed     99.52%
   3  KF572818    0.29%    passed     99.52%
   4  KF923899    0.29%    passed     99.64%
   5  KF572817    0.29%    passed     99.64%
   6  JN129835    0.29%    passed     99.88%
   7  KF963235    0.29%    passed     99.93%
   8  KF923905    0.29%    passed     99.96%
   9  KF923890    0.51%    passed     99.99%
  10  KF923920    0.51%    passed     99.99%
  11  KF572819    0.51%    passed     99.99%
  12  KF572861    0.51%    passed     99.99%
  13  KF923909    0.51%    passed     99.95%
  14  KF572850    0.51%    passed     99.95%
  15  KF923901    0.51%    passed     99.97%
  16  KF572852    0.51%    passed     99.97%
  17  KF923892    0.51%    passed     99.92%
  18  KF572846    0.51%    passed     99.92%
  19  KF923919    0.51%    passed     99.97%
  20  KF572860    0.51%    passed     99.97%
  21  KF923910    0.51%    passed     99.97%
  22  KF572851    0.51%    passed     99.97%
  23  KF923891    0.51%    passed     99.97%
  24  KF572844    0.51%    passed     99.97%
  25  KF923894    0.51%    passed     99.97%
  26  KF572847    0.51%    passed     99.97%
  27  KF923921    0.51%    passed    100.00%
  28  KF572864    0.51%    passed    100.00%
  29  KF572842    0.51%    passed     99.99%
  30  KF572863    0.51%    passed    100.00%
  31  KF923907    0.51%    passed     99.96%
  32  KF572848    0.51%    passed     99.96%
  33  KF923911    0.51%    passed     99.95%
  34  KF572853    0.51%    passed     99.95%
  35  KF923913    0.51%    passed     99.97%
  36  KF572855    0.51%    passed     99.97%
  37  KF923915    0.51%    passed     99.92%
  38  KF572857    0.51%    passed     99.92%
  39  KF923912    0.51%    passed     99.94%
  40  KF572854    0.51%    passed     99.94%
  41  KF923914    0.51%    passed     99.99%
  42  KF572856    0.51%    passed     99.99%
  43  KF572843    0.51%    passed    100.00%
  44  KY554974    0.51%    passed     99.99%
  45  KY554975    0.51%    passed    100.00%
  46  KY674920    0.51%    passed    100.00%
  47  KF923923    0.51%    passed     99.93%
  48  KF572868    0.51%    passed     99.93%
  49  KY554972    0.51%    passed     99.93%
  50  KY554973    0.51%    passed     99.93%
  51  KY674918    0.51%    passed     99.93%
  52  KY674917    0.51%    passed     99.93%
  53  KF572862    0.51%    passed     99.73%
  54  KF572845    0.51%    passed     99.91%
  55  KF923917    0.51%    passed     99.91%
  56  KF572859    0.51%    passed     99.91%
  57  KF923918    0.51%    passed     99.73%
  58  KF572822    0.51%    passed     99.73%
  59  KF923922    0.51%    passed     99.95%
  60  KF572866    0.51%    passed     99.95%
  61  KF572821    0.51%    passed     99.96%
  62  KF572824    0.51%    passed     99.96%
  63  KF572826    0.51%    passed     99.96%
  64  KF572828    0.51%    passed     99.95%
  65  KF572830    0.51%    passed     99.95%
  66  KF572834    0.51%    passed     99.95%
  67  KF572837    0.51%    passed     99.99%
  68  KF572871    0.51%    passed     99.99%
  69  KF572872    0.51%    passed     99.98%
  70  KF572836    0.51%    passed     99.96%
  71  KF572835    0.51%    passed     99.89%
  72  KF572865    0.51%    passed     99.98%
  73  KF572867    0.51%    passed     99.90%
  74  KF572827    0.51%    passed     99.98%
  75  KF923893    0.51%    passed     99.98%
  76  KF572839    0.51%    passed     99.98%
  77  KF572870    0.51%    passed     99.97%
  78  KF923925    0.51%    passed     99.09%
  79  KF572825    0.51%    passed     99.09%
  80  KJ958218    0.51%    passed     99.93%
  81  KF572838    0.51%    passed     99.78%
  82  KJ958219    0.51%    passed     99.83%
  83  KF923924    0.51%    passed     99.90%
  84  KF572823    0.51%    passed     99.90%
  85  KF923916    0.51%    passed     98.10%
  86  KF572858    0.51%    passed     98.10%
  87  KF572820    0.51%    passed     97.65%
  88  KF923908    0.51%    passed     99.82%
  89  KF572849    0.51%    passed     99.87%
  90  KX344031    0.51%    passed     99.76%
  91  KF963240    0.51%    passed     99.88%
  92  KF923897    0.51%    passed     99.78%
  93  KF572841    0.51%    passed     99.78%
  94  KF923903    0.51%    passed     99.70%
  95  KF572832    0.51%    passed     99.70%
  96  KX538975    0.51%    passed     99.81%
  97  KX538965    0.51%    passed     99.87%
  98  KX538969    0.51%    passed     99.81%
  99  KX538973    0.51%    passed     99.81%
 100  KX538971    0.51%    passed     99.81%
 101  KX538968    0.51%    passed     99.81%
 102  KX538977    0.51%    passed     99.69%
 103  KX538974    0.51%    passed     99.86%
 104  KX538967    0.51%    passed     99.71%
 105  KF963242    0.51%    passed     99.90%
 106  KF963243    0.51%    passed     99.61%
 107  KF963244    0.51%    passed     99.63%
 108  MG977452    0.51%    passed     99.79%
 109  KF572816    0.29%    passed    100.00%
 110  KF923902    0.51%    passed     99.84%
 111  KF923904    0.51%    passed     99.96%
 112  KF572833    0.51%    passed     99.96%
 113  KX538964    0.51%    passed     99.96%
 114  KX538972    0.51%    passed     99.99%
 115  KX538970    0.51%    passed     99.99%
 116  KX538976    0.51%    passed     99.96%
 117  KX538966    0.51%    passed     99.98%
 118  KX538979    0.51%    passed    100.00%
 119  KX538978    0.51%    passed     99.98%
 120  OK073088    0.51%    passed     99.98%
 121  KY967356    0.51%    passed     99.97%
 122  KF572831    0.51%    passed     99.86%
 123  LC315648    0.51%    passed     99.99%
 124  LC315646    0.22%    passed     99.42%
 125  LC315647    0.51%    passed     99.99%
 126  MF374983    0.51%    passed     99.97%
 127  OK073087    0.51%    passed     99.97%
 128  MW559057    0.51%    passed     99.98%
 129  KY369905    0.51%    passed     99.89%
 130  KY983588    0.51%    passed     99.79%
 131  KY369906    0.51%    passed     99.79%
 132  MW587040    0.51%    passed     99.79%
 133  KY983583    0.51%    passed     99.79%
 134  MF374984    0.81%    passed     99.96%
 135  KY369907    0.51%    passed     99.77%
 136  MH121121    0.51%    passed     99.77%
 137  MF374985    0.39%    passed     99.48%
 138  KY983585    0.51%    passed     99.97%
 139  KY967359    0.51%    passed     99.76%
 140  KY967361    0.51%    passed     99.87%
 141  MT118667    0.51%    passed     99.64%
 142  KY684759    0.51%    passed     99.79%
 143  KY967358    0.51%    passed     99.87%
 144  MW587041   17.18%    passed     92.90%
 145  MN026164    0.51%    passed     99.76%
 146  MG977451    0.59%    passed     99.99%
 147  OL770288    0.51%    passed     99.94%
 148  OL770287    0.51%    passed     99.84%
 149  OL770289    3.43%    passed     99.36%
 150  OK073090    0.51%    passed     99.65%
 151  LC687399    0.88%    passed     99.94%
 152  LC720427    0.51%    passed     99.96%
 153  LC720429    0.73%    passed     99.97%
 154  OM386798    0.51%    passed     99.96%
 155  OM386799    0.51%    passed     99.96%
 156  MW411432    0.51%    passed     99.94%
 157  MW411433    0.51%    passed     99.97%
 158  OK391228    3.30%    passed     99.99%
 159  OK391230    5.21%    passed     99.54%
 160  MN306036    0.54%    passed     99.84%
 161  MN306041    0.51%    passed     99.97%
 162  LC687400    0.73%    passed     99.43%
 163  MT118673    0.51%    passed     99.86%
 164  MW587042    0.51%    passed     99.92%
 165  MT118685    0.51%    passed     99.86%
 166  MN310478    0.51%    passed     99.91%
 167  MW938760    0.51%    passed     99.91%
 168  MN306042    0.51%    passed     99.90%
 169  MT118692    0.51%    passed     99.79%
 170  MT118678    0.51%    passed     99.99%
 171  LC687398    0.73%    passed     99.65%
 172  MT118683    0.51%    passed     99.97%
 173  MN306053    0.51%    passed     99.95%
 174  OK391238    3.52%    passed     98.71%
 175  OK391227    1.20%    passed     99.47%
 176  OM386794    0.51%    passed     99.96%
 177  OM386796    0.51%    passed     99.87%
 178  OM386797    0.51%    passed     99.87%
 179  OM386795    0.51%    passed     99.79%
 180  OK391229   32.87%    passed     94.25%
 181  MH828490    0.22%    passed     99.97%
 182  KF530068    0.29%    passed     99.56%
 183  KF530081    0.29%    passed     99.77%
 184  KF530070    0.29%    passed     99.77%
 185  KF963231    0.29%    passed     99.51%
 186  KF530069    0.29%    passed     99.63%
 187  KF530063    0.29%    passed     99.65%
 188  KF530099    0.29%    passed     99.45%
 189  KF530098    0.29%    passed     99.58%
 190  KF530084    0.29%    passed     98.85%
 191  KF530071    0.37%    passed     99.22%
 192  KF530088    0.37%    passed     99.42%
 193  KF530091    0.37%    passed     99.19%
 194  KF530076    0.37%    passed     98.78%
 195  KF530082    0.29%    passed     97.87%
 196  KF530094    0.29%    passed     97.87%
 197  KF530089    0.29%    passed     97.81%
 198  KF530079    0.29%    passed     97.02%
 199  KF530095    0.37%    passed     99.23%
 200  KF530096    0.37%    passed     99.23%
 201  KF530067    0.29%    passed     99.58%
 202  KF963232    0.29%    passed     99.74%
 203  KF923895    0.15%    passed     99.50%
 204  KF923888    0.22%    passed     92.67%
 205  KF923898    0.22%    passed     96.21%
 206  OK073089    0.22%    passed     96.32%
 207  OK073091    0.22%    passed     95.83%
 208  OK073092    1.98%    passed     98.74%
 209  MN306043    0.22%    passed     97.17%
 210  MW052042    0.22%    passed     93.97%
 211  MN310476    0.22%    passed     92.60%
 212  MT118668    0.22%    passed     91.57%
 213  OK391226    0.44%    passed     97.90%
 214  OK391225    0.44%    passed     98.04%
 215  OK391224    3.60%    passed     95.35%
 216  OK391223    3.23%    passed     93.60%
 217  OK391222    4.28%    passed     93.53%
 218  KF923887    0.22%    passed     94.35%
 219  KF923889    0.22%    passed     95.06%
 220  KF923886    0.22%    passed     96.47%
 221  OK391221    3.08%    passed     92.50%
****  TOTAL       0.82%  0 sequences failed composition chi2 test (p-value<5%; df=3)
NOTE: KF923920 is identical to KF923890 but kept for subsequent analysis
NOTE: KF572850 is identical to KF923909 but kept for subsequent analysis
NOTE: KF572852 is identical to KF923901 but kept for subsequent analysis
NOTE: KF572846 is identical to KF923892 but kept for subsequent analysis
NOTE: KF572860 is identical to KF923919 but kept for subsequent analysis
NOTE: KF572851 is identical to KF923910 but kept for subsequent analysis
NOTE: KF572844 is identical to KF923891 but kept for subsequent analysis
NOTE: KF572847 is identical to KF923894 but kept for subsequent analysis
NOTE: KF572864 is identical to KF923921 but kept for subsequent analysis
NOTE: KF572848 is identical to KF923907 but kept for subsequent analysis
NOTE: KF572853 is identical to KF923911 but kept for subsequent analysis
NOTE: KF572855 is identical to KF923913 but kept for subsequent analysis
NOTE: KF572857 is identical to KF923915 but kept for subsequent analysis
NOTE: KF572854 is identical to KF923912 but kept for subsequent analysis
NOTE: KF572856 is identical to KF923914 but kept for subsequent analysis
NOTE: KF572868 is identical to KF923923 but kept for subsequent analysis
NOTE: KY554973 is identical to KY554972 but kept for subsequent analysis
NOTE: KF572859 is identical to KF923917 but kept for subsequent analysis
NOTE: KF572822 is identical to KF923918 but kept for subsequent analysis
NOTE: KF572866 is identical to KF923922 but kept for subsequent analysis
NOTE: KF572826 is identical to KF572824 but kept for subsequent analysis
NOTE: KF572830 is identical to KF572828 but kept for subsequent analysis
NOTE: KF572839 is identical to KF923893 but kept for subsequent analysis
NOTE: KF572825 is identical to KF923925 but kept for subsequent analysis
NOTE: KF572823 is identical to KF923924 but kept for subsequent analysis
NOTE: KF572858 is identical to KF923916 but kept for subsequent analysis
NOTE: KF572841 is identical to KF923897 but kept for subsequent analysis
NOTE: KF572832 is identical to KF923903 but kept for subsequent analysis
NOTE: KX538973 is identical to KX538969 but kept for subsequent analysis
NOTE: KF572833 is identical to KF923904 but kept for subsequent analysis
NOTE: KY369906 is identical to KY983588 but kept for subsequent analysis
NOTE: OM386799 is identical to OM386798 but kept for subsequent analysis
NOTE: OM386797 is identical to OM386796 but kept for subsequent analysis
NOTE: KF530094 is identical to KF530082 but kept for subsequent analysis
NOTE: KF530096 is identical to KF530095 but kept for subsequent analysis
Checking for duplicate sequences: done in 0.000916958 secs using 80.16% CPU
Identifying sites to remove: done in 0.00580597 secs using 95.99% CPU
NOTE: 9 identical sequences (see below) will be ignored for subsequent analysis
NOTE: KF572819 (identical to KF923890) is ignored but added at the end
NOTE: KF572861 (identical to KF923890) is ignored but added at the end
NOTE: KY674918 (identical to KY554972) is ignored but added at the end
NOTE: KY674917 (identical to KY554972) is ignored but added at the end
NOTE: KF572834 (identical to KF572828) is ignored but added at the end
NOTE: KX538971 (identical to KX538969) is ignored but added at the end
NOTE: KX538968 (identical to KX538969) is ignored but added at the end
NOTE: MW587040 (identical to KY983588) is ignored but added at the end
NOTE: KY983583 (identical to KY983588) is ignored but added at the end
Alignment was printed to results/aligned_oc43_A_Spike-delim.fasta.uniqueseq.phy

For your convenience alignment with unique sequences printed to results/aligned_oc43_A_Spike-delim.fasta.uniqueseq.phy

Create initial parsimony tree by phylogenetic likelihood library (PLL)... 0.004 seconds

NOTE: 4 MB RAM (0 GB) is required!
Estimate model parameters (epsilon = 0.500)
1. Initial log-likelihood: -46658.482
2. Current log-likelihood: -43739.143
3. Current log-likelihood: -43653.409
4. Current log-likelihood: -43622.547
Optimal log-likelihood: -43622.478
Rate parameters:  A-C: 1.70267  A-G: 2.93669  A-T: 0.93881  C-G: 1.08279  C-T: 7.60389  G-T: 1.00000
Base frequencies:  A: 0.287  C: 0.164  G: 0.191  T: 0.358
Parameters optimization took 4 rounds (0.486 sec)
Wrote distance file to... 
Computing ML distances based on estimated model parameters...
Calculating distance matrix: done in 0.162114 secs using 81.83% CPU
Computing ML distances took 0.162776 sec (of wall-clock time) 0.133114 sec (of CPU time)
Setting up auxiliary I and S matrices: done in 0.0013268 secs using 176.6% CPU
Constructing RapidNJ tree: done in 0.00308299 secs using 189.3% CPU
Computing RapidNJ tree took 0.004541 sec (of wall-clock time) 0.008410 sec (of CPU time)
Log-likelihood of RapidNJ tree: -12923.603
--------------------------------------------------------------------
|             INITIALIZING CANDIDATE TREE SET                      |
--------------------------------------------------------------------

Do NNI search on 2 best initial trees
Optimizing NNI: done in 0.320879 secs using 87.32% CPU
Estimate model parameters (epsilon = 0.500)
BETTER TREE FOUND at iteration 1: -12771.727
Optimizing NNI: done in 3.99217 secs using 79.8% CPU
Finish initializing candidate tree set (4)
Current best tree score: -12771.727 / CPU time: 4.577
Number of iterations: 2
TREE SEARCH COMPLETED AFTER 2 ITERATIONS / Time: 0h:0m:5s

--------------------------------------------------------------------
|                    FINALIZING TREE SEARCH                        |
--------------------------------------------------------------------
Performs final model parameters optimization
Estimate model parameters (epsilon = 0.050)
1. Initial log-likelihood: -12771.727
Optimal log-likelihood: -12771.659
Rate parameters:  A-C: 0.95585  A-G: 2.08774  A-T: 0.62409  C-G: 0.77034  C-T: 6.58413  G-T: 1.00000
Base frequencies:  A: 0.287  C: 0.164  G: 0.191  T: 0.358
Parameters optimization took 1 rounds (0.077 sec)
BEST SCORE FOUND : -12771.659
Total tree length: 0.223

Total number of iterations: 2
CPU time used for tree search: 3.683 sec (0h:0m:3s)
Wall-clock time used for tree search: 4.577 sec (0h:0m:4s)
Total CPU time used: 4.456 sec (0h:0m:4s)
Total wall-clock time used: 5.443 sec (0h:0m:5s)

Analysis results written to: 
  IQ-TREE report:                results/aligned_oc43_A_Spike-delim.fasta.iqtree
  Maximum-likelihood tree:       results/aligned_oc43_A_Spike-delim.fasta.treefile
  Likelihood distances:          results/aligned_oc43_A_Spike-delim.fasta.mldist
  Screen log file:               results/aligned_oc43_A_Spike-delim.fasta.log

Date and Time: Tue Jan 10 16:26:47 2023
