IQ-TREE multicore version 2.2.0-beta COVID-edition for Mac OS X 64-bit built Mar  3 2022 built Mar  3 2022
Developed by Bui Quang Minh, James Barbetti, Nguyen Lam Tung,
Olga Chernomor, Heiko Schmidt, Dominik Schrempf, Michael Woodhams, Ly Trong Nhan.

Host:    MacBook-Pro-2.local (SSE4.2, 8 GB RAM)
Command: iqtree2 -nt 1 -s results/aligned_denv2_AA-delim.fasta -m GTR -ninit 2 -n 2 -me 0.05
Seed:    685698 (Using SPRNG - Scalable Parallel Random Number Generator)
Time:    Tue May 31 11:35:25 2022
Kernel:  SSE2 - 1 threads (8 CPU cores detected)

HINT: Use -nt option to specify number of threads because your CPU has 8 cores!
HINT: -nt AUTO will automatically determine the best number of threads to use.

Reading alignment file results/aligned_denv2_AA-delim.fasta ... Fasta format detected
Reading fasta file: done in 0.116424 secs using 90.29% CPU
Alignment most likely contains DNA/RNA sequences
Constructing alignment: done in 0.0471761 secs using 80.06% CPU
Alignment has 596 sequences with 10723 columns, 4287 distinct patterns
2981 parsimony-informative, 1050 singleton sites, 6692 constant sites
                                                                                                           Gap/Ambiguity  Composition  p-value
Analyzing sequences: done in 0.00570512 secs using 89.67% CPU
   1  DENV_2_DELIM-KMYICTHYOHNRFFJCVFOB_BR_DELIM-KMYICTHYOHNRFFJCVFOB_BID_V2402_DELIM-KMYICTHYOHNRFFJCVFOB_2008    0.42%    passed     99.99%
   2  19190_DELIM-KMYICTHYOHNRFFJCVFOB_BR_PE_DELIM-KMYICTHYOHNRFFJCVFOB_10                                         0.00%    passed     99.97%
   3  DENV_2_DELIM-KMYICTHYOHNRFFJCVFOB_BR_DELIM-KMYICTHYOHNRFFJCVFOB_BID_V3644_DELIM-KMYICTHYOHNRFFJCVFOB_2008    1.79%    passed     99.90%
   4  BR0690_DELIM-KMYICTHYOHNRFFJCVFOB_RJ_DELIM-KMYICTHYOHNRFFJCVFOB_2008                                         5.10%    passed     99.56%
   5  DENV_2_DELIM-KMYICTHYOHNRFFJCVFOB_BR_DELIM-KMYICTHYOHNRFFJCVFOB_BID_V2399_DELIM-KMYICTHYOHNRFFJCVFOB_2007    0.42%    passed     99.64%
   6  FGU_Jan2_06                                                                                                  0.53%    passed     99.95%
   7  FGU_Jan1_06                                                                                                  0.01%    passed     99.80%
   8  FGU_Apr2_06                                                                                                  0.00%    passed     99.94%
   9  SUR_Aug_05                                                                                                   0.60%    passed     99.99%
  10  DENV_2_DELIM-KMYICTHYOHNRFFJCVFOB_BR_DELIM-KMYICTHYOHNRFFJCVFOB_BID_V3637_DELIM-KMYICTHYOHNRFFJCVFOB_2008    1.79%    passed     99.79%
  11  DENV_2_DELIM-KMYICTHYOHNRFFJCVFOB_BR_DELIM-KMYICTHYOHNRFFJCVFOB_BID_V3640_DELIM-KMYICTHYOHNRFFJCVFOB_2008    1.79%    passed     99.78%
  12  DENV_2_DELIM-KMYICTHYOHNRFFJCVFOB_BR_DELIM-KMYICTHYOHNRFFJCVFOB_BID_V3495_DELIM-KMYICTHYOHNRFFJCVFOB_2008    1.79%    passed     99.81%
  13  DENV_2_DELIM-KMYICTHYOHNRFFJCVFOB_BR_DELIM-KMYICTHYOHNRFFJCVFOB_BID_V3653_DELIM-KMYICTHYOHNRFFJCVFOB_2008    0.43%    passed     99.78%
  14  DENV_2_DELIM-KMYICTHYOHNRFFJCVFOB_BR_DELIM-KMYICTHYOHNRFFJCVFOB_BID_V3638_DELIM-KMYICTHYOHNRFFJCVFOB_2008    0.78%    passed     99.77%
  15  DENV_2_DELIM-KMYICTHYOHNRFFJCVFOB_BR_DELIM-KMYICTHYOHNRFFJCVFOB_BID_V3483_DELIM-KMYICTHYOHNRFFJCVFOB_2008    0.50%    passed     99.67%
  16  DENV_2_DELIM-KMYICTHYOHNRFFJCVFOB_BR_DELIM-KMYICTHYOHNRFFJCVFOB_BID_V3648_DELIM-KMYICTHYOHNRFFJCVFOB_2008    0.42%    passed     99.67%
  17  DENV_2_DELIM-KMYICTHYOHNRFFJCVFOB_BR_DELIM-KMYICTHYOHNRFFJCVFOB_BID_V3481_DELIM-KMYICTHYOHNRFFJCVFOB_2008    0.42%    passed     99.65%
  18  DENV_2_DELIM-KMYICTHYOHNRFFJCVFOB_BR_DELIM-KMYICTHYOHNRFFJCVFOB_BID_V3486_DELIM-KMYICTHYOHNRFFJCVFOB_2008    0.79%    passed     99.59%
  19  DENV_2_DELIM-KMYICTHYOHNRFFJCVFOB_BR_DELIM-KMYICTHYOHNRFFJCVFOB_BID_V3645_DELIM-KMYICTHYOHNRFFJCVFOB_2008    0.74%    passed     99.88%
  20  DENV_2_DELIM-KMYICTHYOHNRFFJCVFOB_BR_DELIM-KMYICTHYOHNRFFJCVFOB_BID_V3650_DELIM-KMYICTHYOHNRFFJCVFOB_2008    0.54%    passed     99.49%
  21  FGU_Mar_06                                                                                                   0.35%    passed     99.98%
  22  FGU_Apr1_06                                                                                                  0.75%    passed    100.00%
  23  DR23_DELIM-KMYICTHYOHNRFFJCVFOB_01                                                                           0.00%    passed     99.89%
  24  DR59_DELIM-KMYICTHYOHNRFFJCVFOB_01                                                                           0.00%    passed     99.93%
  25  DR31_DELIM-KMYICTHYOHNRFFJCVFOB_01                                                                           0.01%    passed     99.90%
  26  ACS380                                                                                                       0.95%    passed     99.96%
  27  BR0337_DELIM-KMYICTHYOHNRFFJCVFOB_2008_DELIM-KMYICTHYOHNRFFJCVFOB_RJ_DELIM-KMYICTHYOHNRFFJCVFOB_2008         5.13%    passed     97.13%
  28  DGV91                                                                                                        1.04%    passed     99.90%
  29  ACS46                                                                                                        1.69%    passed     99.35%
  30  ACS46_II                                                                                                     1.72%    passed     99.44%
  31  DGV37                                                                                                        1.17%    passed     99.95%
  32  DGV34                                                                                                        1.16%    passed     99.97%
  33  ACS721                                                                                                       1.18%    passed     99.89%
  34  DGV106                                                                                                       1.27%    passed     99.63%
  35  DGV69                                                                                                        1.18%    passed     99.44%
  36  ACS542                                                                                                       1.71%    passed     98.84%
  37  ACS538                                                                                                       1.67%    passed     98.10%
  38  DENV_2_DELIM-KMYICTHYOHNRFFJCVFOB_US_DELIM-KMYICTHYOHNRFFJCVFOB_BID_V1439_DELIM-KMYICTHYOHNRFFJCVFOB_2005    0.42%    passed     98.25%
  39  14905_DELIM-KMYICTHYOHNRFFJCVFOB_BR_PE_DELIM-KMYICTHYOHNRFFJCVFOB_10                                         0.00%    passed     99.90%
  40  DENV_2_DELIM-KMYICTHYOHNRFFJCVFOB_PE_DELIM-KMYICTHYOHNRFFJCVFOB_FPI01345_DELIM-KMYICTHYOHNRFFJCVFOB_2011     0.00%    passed     99.92%
  41  DENV_2_DELIM-KMYICTHYOHNRFFJCVFOB_PE_DELIM-KMYICTHYOHNRFFJCVFOB_FPI01851_DELIM-KMYICTHYOHNRFFJCVFOB_2011     0.01%    passed     99.91%
  42  DENV_2_DELIM-KMYICTHYOHNRFFJCVFOB_PE_DELIM-KMYICTHYOHNRFFJCVFOB_IDA_1081_DELIM-KMYICTHYOHNRFFJCVFOB_2011     0.00%    passed     99.81%
  43  DENV_2_DELIM-KMYICTHYOHNRFFJCVFOB_PE_DELIM-KMYICTHYOHNRFFJCVFOB_FPI01399_DELIM-KMYICTHYOHNRFFJCVFOB_2011     0.00%    passed     99.95%
  44  DENV_2_DELIM-KMYICTHYOHNRFFJCVFOB_PE_DELIM-KMYICTHYOHNRFFJCVFOB_NFI1159_DELIM-KMYICTHYOHNRFFJCVFOB_2010      0.00%    passed     99.92%
  45  DENV_2_DELIM-KMYICTHYOHNRFFJCVFOB_PE_DELIM-KMYICTHYOHNRFFJCVFOB_FPI00174_DELIM-KMYICTHYOHNRFFJCVFOB_2011     0.00%    passed     99.92%
  46  DENV_2_DELIM-KMYICTHYOHNRFFJCVFOB_PE_DELIM-KMYICTHYOHNRFFJCVFOB_IQA_1995_DELIM-KMYICTHYOHNRFFJCVFOB_2010     0.01%    passed     99.97%
  47  DENV_2_DELIM-KMYICTHYOHNRFFJCVFOB_PE_DELIM-KMYICTHYOHNRFFJCVFOB_IQA_2042_DELIM-KMYICTHYOHNRFFJCVFOB_2010     0.00%    passed     99.92%
  48  DENV_2_DELIM-KMYICTHYOHNRFFJCVFOB_PE_DELIM-KMYICTHYOHNRFFJCVFOB_FPI00073_DELIM-KMYICTHYOHNRFFJCVFOB_2010     0.01%    passed     99.97%
  49  DENV_2_DELIM-KMYICTHYOHNRFFJCVFOB_PE_DELIM-KMYICTHYOHNRFFJCVFOB_FPI00154_DELIM-KMYICTHYOHNRFFJCVFOB_2010     0.00%    passed     99.94%
  50  DENV_2_DELIM-KMYICTHYOHNRFFJCVFOB_PE_DELIM-KMYICTHYOHNRFFJCVFOB_IQA_2080_DELIM-KMYICTHYOHNRFFJCVFOB_2010     0.00%    passed     99.74%
  51  DENV_2_DELIM-KMYICTHYOHNRFFJCVFOB_PE_DELIM-KMYICTHYOHNRFFJCVFOB_FSL_4862_DELIM-KMYICTHYOHNRFFJCVFOB_2010     0.05%    passed     99.92%
  52  DENV_2_DELIM-KMYICTHYOHNRFFJCVFOB_PE_DELIM-KMYICTHYOHNRFFJCVFOB_FPY00016_DELIM-KMYICTHYOHNRFFJCVFOB_2010     0.00%    passed     99.99%
  53  DENV_2_DELIM-KMYICTHYOHNRFFJCVFOB_PE_DELIM-KMYICTHYOHNRFFJCVFOB_FPI01695_DELIM-KMYICTHYOHNRFFJCVFOB_2011     0.00%    passed     99.99%
  54  DENV_2_DELIM-KMYICTHYOHNRFFJCVFOB_PE_DELIM-KMYICTHYOHNRFFJCVFOB_FPI1617_DELIM-KMYICTHYOHNRFFJCVFOB_2011      0.00%    passed     99.85%
  55  DENV_2_DELIM-KMYICTHYOHNRFFJCVFOB_PE_DELIM-KMYICTHYOHNRFFJCVFOB_FPI01915_DELIM-KMYICTHYOHNRFFJCVFOB_2011     0.00%    passed     99.75%
  56  DENV_2_DELIM-KMYICTHYOHNRFFJCVFOB_PE_DELIM-KMYICTHYOHNRFFJCVFOB_FPI01777_DELIM-KMYICTHYOHNRFFJCVFOB_2011     0.00%    passed     99.97%
  57  DENV_2_DELIM-KMYICTHYOHNRFFJCVFOB_PE_DELIM-KMYICTHYOHNRFFJCVFOB_FPI1049_DELIM-KMYICTHYOHNRFFJCVFOB_2011      0.02%    passed     99.80%
  58  DENV_2_DELIM-KMYICTHYOHNRFFJCVFOB_PE_DELIM-KMYICTHYOHNRFFJCVFOB_FPI0492_DELIM-KMYICTHYOHNRFFJCVFOB_2011      0.00%    passed     99.92%
  59  DENV_2_DELIM-KMYICTHYOHNRFFJCVFOB_PE_DELIM-KMYICTHYOHNRFFJCVFOB_FPI01202_DELIM-KMYICTHYOHNRFFJCVFOB_2011     0.00%    passed     99.83%
  60  UF_1_DELIM-KMYICTHYOHNRFFJCVFOB_Gainesville_DELIM-KMYICTHYOHNRFFJCVFOB_2016                                  0.00%    passed     99.97%
  61  BR_DELIM-KMYICTHYOHNRFFJCVFOB_SJRP_DELIM-KMYICTHYOHNRFFJCVFOB_615_DELIM-KMYICTHYOHNRFFJCVFOB_2013            3.06%    passed     99.30%
  62  BR_DELIM-KMYICTHYOHNRFFJCVFOB_SJRP_DELIM-KMYICTHYOHNRFFJCVFOB_567_DELIM-KMYICTHYOHNRFFJCVFOB_2012            1.47%    passed     99.78%
  63  BR_DELIM-KMYICTHYOHNRFFJCVFOB_SJRP_DELIM-KMYICTHYOHNRFFJCVFOB_572_DELIM-KMYICTHYOHNRFFJCVFOB_2012            1.84%    passed     99.57%
  64  BR_DELIM-KMYICTHYOHNRFFJCVFOB_SJRP_DELIM-KMYICTHYOHNRFFJCVFOB_869_DELIM-KMYICTHYOHNRFFJCVFOB_2013            1.84%    passed     99.54%
  65  BR_DELIM-KMYICTHYOHNRFFJCVFOB_SJRP_DELIM-KMYICTHYOHNRFFJCVFOB_779_DELIM-KMYICTHYOHNRFFJCVFOB_2013            1.28%    passed     99.22%
  66  BR_DELIM-KMYICTHYOHNRFFJCVFOB_SJRP_DELIM-KMYICTHYOHNRFFJCVFOB_327_DELIM-KMYICTHYOHNRFFJCVFOB_2006            0.48%    passed     99.88%
  67  BR_DELIM-KMYICTHYOHNRFFJCVFOB_SJRP_DELIM-KMYICTHYOHNRFFJCVFOB_846_DELIM-KMYICTHYOHNRFFJCVFOB_2013            1.39%    passed     99.41%
  68  Haiti_0078_DELIM-KMYICTHYOHNRFFJCVFOB_2014                                                                   0.00%    passed     99.68%
  69  2_DELIM-KMYICTHYOHNRFFJCVFOB_Haiti_1_DELIM-KMYICTHYOHNRFFJCVFOB_2016                                         0.00%    passed     99.68%
  70  13858_DELIM-KMYICTHYOHNRFFJCVFOB_BR_PE_DELIM-KMYICTHYOHNRFFJCVFOB_10                                         0.00%    passed     99.97%
  71  9479_DELIM-KMYICTHYOHNRFFJCVFOB_BR_PE_DELIM-KMYICTHYOHNRFFJCVFOB_10                                          0.00%    passed     99.93%
  72  SUR_Oct_05                                                                                                   0.00%    passed     99.92%
  73  MAR_Aug_05                                                                                                   0.07%    passed     96.72%
  74  MAR_Nov_05                                                                                                   0.71%    passed     96.06%
  75  MAR_Jun_05                                                                                                   0.01%    passed     98.44%
  76  GUA_Sep_06                                                                                                   0.32%    passed     93.93%
  77  MAR_Sep_05                                                                                                   0.12%    passed     98.50%
  78  DENV_2_DELIM-KMYICTHYOHNRFFJCVFOB_US_DELIM-KMYICTHYOHNRFFJCVFOB_BID_V600_DELIM-KMYICTHYOHNRFFJCVFOB_2005     0.42%    passed     97.97%
  79  DENV_2_DELIM-KMYICTHYOHNRFFJCVFOB_US_DELIM-KMYICTHYOHNRFFJCVFOB_BID_V1413_DELIM-KMYICTHYOHNRFFJCVFOB_2007    0.42%    passed     95.45%
  80  DENV_2_DELIM-KMYICTHYOHNRFFJCVFOB_DO_DELIM-KMYICTHYOHNRFFJCVFOB_BID_V2955_DELIM-KMYICTHYOHNRFFJCVFOB_2003    0.42%    passed     98.90%
  81  DENV_2_DELIM-KMYICTHYOHNRFFJCVFOB_BR_DELIM-KMYICTHYOHNRFFJCVFOB_BID_V3581_DELIM-KMYICTHYOHNRFFJCVFOB_2008   52.53%    passed     39.28%
  82  BR_DELIM-KMYICTHYOHNRFFJCVFOB_SJRP_DELIM-KMYICTHYOHNRFFJCVFOB_350_DELIM-KMYICTHYOHNRFFJCVFOB_2008            0.52%    passed     99.13%
  83  BR_DELIM-KMYICTHYOHNRFFJCVFOB_SJRP_DELIM-KMYICTHYOHNRFFJCVFOB_2298_DELIM-KMYICTHYOHNRFFJCVFOB_2014           3.49%    passed     96.35%
  84  BR0450_DELIM-KMYICTHYOHNRFFJCVFOB_2008_DELIM-KMYICTHYOHNRFFJCVFOB_RJ_DELIM-KMYICTHYOHNRFFJCVFOB_2008         5.13%    passed     97.22%
  85  DENV_2_DELIM-KMYICTHYOHNRFFJCVFOB_US_DELIM-KMYICTHYOHNRFFJCVFOB_BID_V595_DELIM-KMYICTHYOHNRFFJCVFOB_2006     0.42%    passed     90.87%
  86  BD_RP                                                                                                        0.55%    passed     99.72%
  87  DENV_2_DELIM-KMYICTHYOHNRFFJCVFOB_US_DELIM-KMYICTHYOHNRFFJCVFOB_BID_V689_DELIM-KMYICTHYOHNRFFJCVFOB_1989     0.42%    passed     99.55%
  88  DENV_2_DELIM-KMYICTHYOHNRFFJCVFOB_US_DELIM-KMYICTHYOHNRFFJCVFOB_BID_V1183_DELIM-KMYICTHYOHNRFFJCVFOB_1990    0.42%    passed     99.36%
  89  DENV_2_DELIM-KMYICTHYOHNRFFJCVFOB_US_DELIM-KMYICTHYOHNRFFJCVFOB_BID_V688_DELIM-KMYICTHYOHNRFFJCVFOB_1989     0.42%    passed     99.43%
  90  DENV_2_DELIM-KMYICTHYOHNRFFJCVFOB_US_DELIM-KMYICTHYOHNRFFJCVFOB_BID_V1061_DELIM-KMYICTHYOHNRFFJCVFOB_1989    0.78%    passed     99.36%
  91  DENV_2_DELIM-KMYICTHYOHNRFFJCVFOB_US_DELIM-KMYICTHYOHNRFFJCVFOB_BID_V1188_DELIM-KMYICTHYOHNRFFJCVFOB_1990    0.42%    passed     99.22%
  92  DENV_2_DELIM-KMYICTHYOHNRFFJCVFOB_US_DELIM-KMYICTHYOHNRFFJCVFOB_BID_V1179_DELIM-KMYICTHYOHNRFFJCVFOB_1989    0.42%    passed     99.66%
  93  DENV_2_DELIM-KMYICTHYOHNRFFJCVFOB_US_DELIM-KMYICTHYOHNRFFJCVFOB_BID_V686_DELIM-KMYICTHYOHNRFFJCVFOB_1989     0.42%    passed     99.82%
  94  DENV_2_DELIM-KMYICTHYOHNRFFJCVFOB_US_DELIM-KMYICTHYOHNRFFJCVFOB_BID_V1178_DELIM-KMYICTHYOHNRFFJCVFOB_1989    0.42%    passed     99.85%
  95  DENV_2_DELIM-KMYICTHYOHNRFFJCVFOB_US_DELIM-KMYICTHYOHNRFFJCVFOB_BID_V1175_DELIM-KMYICTHYOHNRFFJCVFOB_1988    0.42%    passed     99.85%
  96  DENV_2_DELIM-KMYICTHYOHNRFFJCVFOB_US_DELIM-KMYICTHYOHNRFFJCVFOB_BID_V685_DELIM-KMYICTHYOHNRFFJCVFOB_1988     0.42%    passed     99.50%
  97  DENV_2_DELIM-KMYICTHYOHNRFFJCVFOB_US_DELIM-KMYICTHYOHNRFFJCVFOB_BID_V690_DELIM-KMYICTHYOHNRFFJCVFOB_1988     0.42%    passed     99.67%
  98  DENV_2_DELIM-KMYICTHYOHNRFFJCVFOB_US_DELIM-KMYICTHYOHNRFFJCVFOB_BID_V1176_DELIM-KMYICTHYOHNRFFJCVFOB_1988    0.42%    passed     99.71%
  99  DENV_2_DELIM-KMYICTHYOHNRFFJCVFOB_US_DELIM-KMYICTHYOHNRFFJCVFOB_BID_V1189_DELIM-KMYICTHYOHNRFFJCVFOB_1990    0.42%    passed     99.48%
 100  DENV_2_DELIM-KMYICTHYOHNRFFJCVFOB_US_DELIM-KMYICTHYOHNRFFJCVFOB_BID_V1182_DELIM-KMYICTHYOHNRFFJCVFOB_1989    0.42%    passed     99.66%
 101  DENV_2_DELIM-KMYICTHYOHNRFFJCVFOB_US_DELIM-KMYICTHYOHNRFFJCVFOB_BID_V1060_DELIM-KMYICTHYOHNRFFJCVFOB_1989    0.42%    passed     99.82%
 102  DENV_2_DELIM-KMYICTHYOHNRFFJCVFOB_US_DELIM-KMYICTHYOHNRFFJCVFOB_BID_V1169_DELIM-KMYICTHYOHNRFFJCVFOB_1987    0.59%    passed     99.52%
 103  DENV_2_DELIM-KMYICTHYOHNRFFJCVFOB_US_DELIM-KMYICTHYOHNRFFJCVFOB_BID_V1170_DELIM-KMYICTHYOHNRFFJCVFOB_1987    0.42%    passed     99.18%
 104  DENV_2_DELIM-KMYICTHYOHNRFFJCVFOB_US_DELIM-KMYICTHYOHNRFFJCVFOB_BID_V1165_DELIM-KMYICTHYOHNRFFJCVFOB_1987    0.42%    passed     99.92%
 105  DENV_2_DELIM-KMYICTHYOHNRFFJCVFOB_US_DELIM-KMYICTHYOHNRFFJCVFOB_BID_V1167_DELIM-KMYICTHYOHNRFFJCVFOB_1987    0.42%    passed     99.89%
 106  DENV_2_DELIM-KMYICTHYOHNRFFJCVFOB_US_DELIM-KMYICTHYOHNRFFJCVFOB_BID_V1174_DELIM-KMYICTHYOHNRFFJCVFOB_1987    0.42%    passed     99.98%
 107  DENV_2_DELIM-KMYICTHYOHNRFFJCVFOB_US_DELIM-KMYICTHYOHNRFFJCVFOB_BID_V1172_DELIM-KMYICTHYOHNRFFJCVFOB_1987    0.42%    passed     99.98%
 108  DENV_2_DELIM-KMYICTHYOHNRFFJCVFOB_US_DELIM-KMYICTHYOHNRFFJCVFOB_BID_V1164_DELIM-KMYICTHYOHNRFFJCVFOB_1986    0.42%    passed     99.88%
 109  DENV_2_DELIM-KMYICTHYOHNRFFJCVFOB_US_DELIM-KMYICTHYOHNRFFJCVFOB_BID_V1163_DELIM-KMYICTHYOHNRFFJCVFOB_1986    0.51%    passed     99.92%
 110  DENV_2_DELIM-KMYICTHYOHNRFFJCVFOB_US_DELIM-KMYICTHYOHNRFFJCVFOB_BID_V1181_DELIM-KMYICTHYOHNRFFJCVFOB_1989    0.57%    passed     99.72%
 111  DENV_2_DELIM-KMYICTHYOHNRFFJCVFOB_US_DELIM-KMYICTHYOHNRFFJCVFOB_BID_V1180_DELIM-KMYICTHYOHNRFFJCVFOB_1989    0.42%    passed     99.92%
 112  DENV_2_DELIM-KMYICTHYOHNRFFJCVFOB_US_DELIM-KMYICTHYOHNRFFJCVFOB_BID_V687_DELIM-KMYICTHYOHNRFFJCVFOB_1989     0.43%    passed     99.76%
 113  DENV_2_DELIM-KMYICTHYOHNRFFJCVFOB_US_DELIM-KMYICTHYOHNRFFJCVFOB_BID_V1171_DELIM-KMYICTHYOHNRFFJCVFOB_1987    0.52%    passed     99.73%
 114  DENV_2_DELIM-KMYICTHYOHNRFFJCVFOB_US_DELIM-KMYICTHYOHNRFFJCVFOB_BID_V851_DELIM-KMYICTHYOHNRFFJCVFOB_1990     0.42%    passed     99.44%
 115  DENV_2_DELIM-KMYICTHYOHNRFFJCVFOB_PR_DELIM-KMYICTHYOHNRFFJCVFOB_17DN_DELIM-KMYICTHYOHNRFFJCVFOB_1995         0.00%    passed     93.39%
 116  DENV_2_DELIM-KMYICTHYOHNRFFJCVFOB_PR_DELIM-KMYICTHYOHNRFFJCVFOB_34DN_DELIM-KMYICTHYOHNRFFJCVFOB_1994         0.02%    passed     96.92%
 117  DENV_2_DELIM-KMYICTHYOHNRFFJCVFOB_PR_DELIM-KMYICTHYOHNRFFJCVFOB_47DN_DELIM-KMYICTHYOHNRFFJCVFOB_1994         0.00%    passed     95.43%
 118  DENV_2_DELIM-KMYICTHYOHNRFFJCVFOB_PR_DELIM-KMYICTHYOHNRFFJCVFOB_9DN_DELIM-KMYICTHYOHNRFFJCVFOB_1994          0.03%    passed     96.85%
 119  DENV_2_DELIM-KMYICTHYOHNRFFJCVFOB_PR_DELIM-KMYICTHYOHNRFFJCVFOB_25DN_DELIM-KMYICTHYOHNRFFJCVFOB_1994         0.05%    passed     96.99%
 120  DENV_2_DELIM-KMYICTHYOHNRFFJCVFOB_PR_DELIM-KMYICTHYOHNRFFJCVFOB_16DN_DELIM-KMYICTHYOHNRFFJCVFOB_1995         0.01%    passed     97.61%
 121  DENV_2_DELIM-KMYICTHYOHNRFFJCVFOB_US_DELIM-KMYICTHYOHNRFFJCVFOB_BID_V679_DELIM-KMYICTHYOHNRFFJCVFOB_1994     0.42%    passed     97.45%
 122  DENV_2_DELIM-KMYICTHYOHNRFFJCVFOB_US_DELIM-KMYICTHYOHNRFFJCVFOB_BID_V1356_DELIM-KMYICTHYOHNRFFJCVFOB_1993    0.56%    passed     95.18%
 123  DENV_2_DELIM-KMYICTHYOHNRFFJCVFOB_US_DELIM-KMYICTHYOHNRFFJCVFOB_BID_V855_DELIM-KMYICTHYOHNRFFJCVFOB_1992     0.42%    passed     99.37%
 124  DENV_2_DELIM-KMYICTHYOHNRFFJCVFOB_US_DELIM-KMYICTHYOHNRFFJCVFOB_BID_V1054_DELIM-KMYICTHYOHNRFFJCVFOB_1996    0.43%    passed     98.52%
 125  DENV_2_DELIM-KMYICTHYOHNRFFJCVFOB_PR_DELIM-KMYICTHYOHNRFFJCVFOB_48DN_DELIM-KMYICTHYOHNRFFJCVFOB_1994         0.03%    passed     97.75%
 126  DENV_2_DELIM-KMYICTHYOHNRFFJCVFOB_PR_DELIM-KMYICTHYOHNRFFJCVFOB_1DN_DELIM-KMYICTHYOHNRFFJCVFOB_1994          0.01%    passed     97.63%
 127  DENV_2_DELIM-KMYICTHYOHNRFFJCVFOB_PR_DELIM-KMYICTHYOHNRFFJCVFOB_3DN_DELIM-KMYICTHYOHNRFFJCVFOB_1994          0.01%    passed     96.99%
 128  DENV_2_DELIM-KMYICTHYOHNRFFJCVFOB_PR_DELIM-KMYICTHYOHNRFFJCVFOB_22DN_DELIM-KMYICTHYOHNRFFJCVFOB_1994         0.04%    passed     98.24%
 129  DENV_2_DELIM-KMYICTHYOHNRFFJCVFOB_PR_DELIM-KMYICTHYOHNRFFJCVFOB_19DN_DELIM-KMYICTHYOHNRFFJCVFOB_1994         0.05%    passed     97.90%
 130  DENV_2_DELIM-KMYICTHYOHNRFFJCVFOB_PR_DELIM-KMYICTHYOHNRFFJCVFOB_28DN_DELIM-KMYICTHYOHNRFFJCVFOB_1994         0.01%    passed     96.56%
 131  DENV_2_DELIM-KMYICTHYOHNRFFJCVFOB_PR_DELIM-KMYICTHYOHNRFFJCVFOB_11DN_DELIM-KMYICTHYOHNRFFJCVFOB_1994         0.01%    passed     96.87%
 132  DENV_2_DELIM-KMYICTHYOHNRFFJCVFOB_US_DELIM-KMYICTHYOHNRFFJCVFOB_BID_V1372_DELIM-KMYICTHYOHNRFFJCVFOB_1995    0.42%    passed     97.26%
 133  DENV_2_DELIM-KMYICTHYOHNRFFJCVFOB_PR_DELIM-KMYICTHYOHNRFFJCVFOB_43DN_DELIM-KMYICTHYOHNRFFJCVFOB_1994         0.10%    passed     92.15%
 134  DENV_2_DELIM-KMYICTHYOHNRFFJCVFOB_PR_DELIM-KMYICTHYOHNRFFJCVFOB_6DN_DELIM-KMYICTHYOHNRFFJCVFOB_1994          0.01%    passed     95.26%
 135  DENV_2_DELIM-KMYICTHYOHNRFFJCVFOB_PR_DELIM-KMYICTHYOHNRFFJCVFOB_44DN_DELIM-KMYICTHYOHNRFFJCVFOB_1994         0.02%    passed     93.66%
 136  DENV_2_DELIM-KMYICTHYOHNRFFJCVFOB_PR_DELIM-KMYICTHYOHNRFFJCVFOB_45DN_DELIM-KMYICTHYOHNRFFJCVFOB_1994         0.04%    passed     94.72%
 137  DENV_2_DELIM-KMYICTHYOHNRFFJCVFOB_PR_DELIM-KMYICTHYOHNRFFJCVFOB_14DN_DELIM-KMYICTHYOHNRFFJCVFOB_1994         0.02%    passed     95.51%
 138  DENV_2_DELIM-KMYICTHYOHNRFFJCVFOB_US_DELIM-KMYICTHYOHNRFFJCVFOB_BID_V1057_DELIM-KMYICTHYOHNRFFJCVFOB_1994    0.43%    passed     93.52%
 139  DENV_2_DELIM-KMYICTHYOHNRFFJCVFOB_US_DELIM-KMYICTHYOHNRFFJCVFOB_BID_V1368_DELIM-KMYICTHYOHNRFFJCVFOB_1995    0.42%    passed     97.09%
 140  DENV_2_DELIM-KMYICTHYOHNRFFJCVFOB_PR_DELIM-KMYICTHYOHNRFFJCVFOB_BID_V1361_DELIM-KMYICTHYOHNRFFJCVFOB_1993   50.22%    passed     28.45%
 141  DENV_2_DELIM-KMYICTHYOHNRFFJCVFOB_US_DELIM-KMYICTHYOHNRFFJCVFOB_BID_V683_DELIM-KMYICTHYOHNRFFJCVFOB_1994     0.42%    passed     99.85%
 142  DENV_2_DELIM-KMYICTHYOHNRFFJCVFOB_PR_DELIM-KMYICTHYOHNRFFJCVFOB_12DN_DELIM-KMYICTHYOHNRFFJCVFOB_1994         0.01%    passed     99.70%
 143  DENV_2_DELIM-KMYICTHYOHNRFFJCVFOB_US_DELIM-KMYICTHYOHNRFFJCVFOB_BID_V1360_DELIM-KMYICTHYOHNRFFJCVFOB_1993    0.42%    passed     99.92%
 144  DENV_2_DELIM-KMYICTHYOHNRFFJCVFOB_PR_DELIM-KMYICTHYOHNRFFJCVFOB_10DN_DELIM-KMYICTHYOHNRFFJCVFOB_1994         0.15%    passed     98.14%
 145  DENV_2_DELIM-KMYICTHYOHNRFFJCVFOB_PR_DELIM-KMYICTHYOHNRFFJCVFOB_46DN_DELIM-KMYICTHYOHNRFFJCVFOB_1994         0.02%    passed     98.19%
 146  DENV_2_DELIM-KMYICTHYOHNRFFJCVFOB_PR_DELIM-KMYICTHYOHNRFFJCVFOB_30DN_DELIM-KMYICTHYOHNRFFJCVFOB_1994         0.02%    passed     99.09%
 147  DENV_2_DELIM-KMYICTHYOHNRFFJCVFOB_PR_DELIM-KMYICTHYOHNRFFJCVFOB_31DN_DELIM-KMYICTHYOHNRFFJCVFOB_1994         0.02%    passed     98.40%
 148  DENV_2_DELIM-KMYICTHYOHNRFFJCVFOB_PR_DELIM-KMYICTHYOHNRFFJCVFOB_29DN_DELIM-KMYICTHYOHNRFFJCVFOB_1994         0.04%    passed     98.13%
 149  DENV_2_DELIM-KMYICTHYOHNRFFJCVFOB_US_DELIM-KMYICTHYOHNRFFJCVFOB_BID_V1166_DELIM-KMYICTHYOHNRFFJCVFOB_1987    0.42%    passed     99.92%
 150  DENV_2_DELIM-KMYICTHYOHNRFFJCVFOB_PR_DELIM-KMYICTHYOHNRFFJCVFOB_BID_V856_DELIM-KMYICTHYOHNRFFJCVFOB_1986     1.79%    passed     99.84%
 151  DENV_2_DELIM-KMYICTHYOHNRFFJCVFOB_US_DELIM-KMYICTHYOHNRFFJCVFOB_BID_V1168_DELIM-KMYICTHYOHNRFFJCVFOB_1987    0.69%    passed    100.00%
 152  DENV_2_DELIM-KMYICTHYOHNRFFJCVFOB_US_DELIM-KMYICTHYOHNRFFJCVFOB_BID_V1087_DELIM-KMYICTHYOHNRFFJCVFOB_1991    0.42%    passed     99.48%
 153  DENV_2_DELIM-KMYICTHYOHNRFFJCVFOB_US_DELIM-KMYICTHYOHNRFFJCVFOB_BID_V1177_DELIM-KMYICTHYOHNRFFJCVFOB_1989    0.42%    passed     99.96%
 154  DENV_2_DELIM-KMYICTHYOHNRFFJCVFOB_PR_DELIM-KMYICTHYOHNRFFJCVFOB_36DN_DELIM-KMYICTHYOHNRFFJCVFOB_1994         0.01%    passed     99.98%
 155  87086_DELIM-KMYICTHYOHNRFFJCVFOB_BR_PE_DELIM-KMYICTHYOHNRFFJCVFOB_02                                         0.00%    passed     97.90%
 156  72144_DELIM-KMYICTHYOHNRFFJCVFOB_BR_PE_DELIM-KMYICTHYOHNRFFJCVFOB_00                                         0.00%    passed     99.76%
 157  BR39145_DELIM-KMYICTHYOHNRFFJCVFOB_RJ_DELIM-KMYICTHYOHNRFFJCVFOB_90                                          5.13%    passed     99.98%
 158  BR41768_DELIM-KMYICTHYOHNRFFJCVFOB_RJ_DELIM-KMYICTHYOHNRFFJCVFOB_90                                          5.13%    passed     99.99%
 159  BR42727_DELIM-KMYICTHYOHNRFFJCVFOB_RJ_DELIM-KMYICTHYOHNRFFJCVFOB_91                                          5.13%    passed     99.99%
 160  BR48622_DELIM-KMYICTHYOHNRFFJCVFOB_CE_DELIM-KMYICTHYOHNRFFJCVFOB_94                                          5.13%    passed     99.83%
 161  BR64905_DELIM-KMYICTHYOHNRFFJCVFOB_RJ_DELIM-KMYICTHYOHNRFFJCVFOB_99                                          5.13%    passed     99.83%
 162  37473_DELIM-KMYICTHYOHNRFFJCVFOB_BR_PE_DELIM-KMYICTHYOHNRFFJCVFOB_97                                         0.00%    passed     99.84%
 163  3275_DELIM-KMYICTHYOHNRFFJCVFOB_BR_PE_DELIM-KMYICTHYOHNRFFJCVFOB_95                                          0.00%    passed     99.77%
 164  3311_DELIM-KMYICTHYOHNRFFJCVFOB_BR_PE_DELIM-KMYICTHYOHNRFFJCVFOB_95                                          0.00%    passed     99.77%
 165  3337_DELIM-KMYICTHYOHNRFFJCVFOB_BR_PE_DELIM-KMYICTHYOHNRFFJCVFOB_95                                          0.00%    passed     99.87%
 166  47913_DELIM-KMYICTHYOHNRFFJCVFOB_BR_PE_DELIM-KMYICTHYOHNRFFJCVFOB_98                                         0.00%    passed     99.71%
 167  BR61310_DELIM-KMYICTHYOHNRFFJCVFOB_RJ_DELIM-KMYICTHYOHNRFFJCVFOB_98                                          5.13%    passed     99.76%
 168  51347_DELIM-KMYICTHYOHNRFFJCVFOB_BR_PE_DELIM-KMYICTHYOHNRFFJCVFOB_98                                         0.00%    passed     99.94%
 169  DENV_2_DELIM-KMYICTHYOHNRFFJCVFOB_VE_DELIM-KMYICTHYOHNRFFJCVFOB_BID_V3363_DELIM-KMYICTHYOHNRFFJCVFOB_1991    0.52%    passed     99.92%
 170  DENV_2_DELIM-KMYICTHYOHNRFFJCVFOB_VE_DELIM-KMYICTHYOHNRFFJCVFOB_BID_V3362_DELIM-KMYICTHYOHNRFFJCVFOB_1991    0.42%    passed     99.82%
 171  DENV_2_DELIM-KMYICTHYOHNRFFJCVFOB_VE_DELIM-KMYICTHYOHNRFFJCVFOB_BID_V3364_DELIM-KMYICTHYOHNRFFJCVFOB_1991    0.42%    passed     99.82%
 172  DENV_2_DELIM-KMYICTHYOHNRFFJCVFOB_VE_DELIM-KMYICTHYOHNRFFJCVFOB_BID_V3365_DELIM-KMYICTHYOHNRFFJCVFOB_1991    0.42%    passed     99.75%
 173  DENV_2_DELIM-KMYICTHYOHNRFFJCVFOB_VE_DELIM-KMYICTHYOHNRFFJCVFOB_BID_V3496_DELIM-KMYICTHYOHNRFFJCVFOB_1990    0.42%    passed     99.98%
 174  DENV_2_DELIM-KMYICTHYOHNRFFJCVFOB_VE_DELIM-KMYICTHYOHNRFFJCVFOB_BID_V3497_DELIM-KMYICTHYOHNRFFJCVFOB_1991    0.42%    passed     98.19%
 175  57135_DELIM-KMYICTHYOHNRFFJCVFOB_BR_PE_DELIM-KMYICTHYOHNRFFJCVFOB_99                                         0.00%    passed     99.20%
 176  DENV_2_DELIM-KMYICTHYOHNRFFJCVFOB_BR_DELIM-KMYICTHYOHNRFFJCVFOB_BID_V2376_DELIM-KMYICTHYOHNRFFJCVFOB_2000    0.43%    passed     99.89%
 177  DENV_2_DELIM-KMYICTHYOHNRFFJCVFOB_PE_DELIM-KMYICTHYOHNRFFJCVFOB_FMD1337_DELIM-KMYICTHYOHNRFFJCVFOB_2007      0.01%    passed     98.70%
 178  DENV_2_DELIM-KMYICTHYOHNRFFJCVFOB_PE_DELIM-KMYICTHYOHNRFFJCVFOB_FMD2303_DELIM-KMYICTHYOHNRFFJCVFOB_2009      0.03%    passed     98.38%
 179  DENV_2_DELIM-KMYICTHYOHNRFFJCVFOB_PE_DELIM-KMYICTHYOHNRFFJCVFOB_NFI_52_DELIM-KMYICTHYOHNRFFJCVFOB_2002       0.00%    passed     98.85%
 180  DENV_2_DELIM-KMYICTHYOHNRFFJCVFOB_PE_DELIM-KMYICTHYOHNRFFJCVFOB_FSL699_DELIM-KMYICTHYOHNRFFJCVFOB_2002       0.00%    passed     99.08%
 181  DENV_2_DELIM-KMYICTHYOHNRFFJCVFOB_VE_DELIM-KMYICTHYOHNRFFJCVFOB_BID_V2941_DELIM-KMYICTHYOHNRFFJCVFOB_1998    0.43%    passed     98.97%
 182  DENV_2_DELIM-KMYICTHYOHNRFFJCVFOB_VE_DELIM-KMYICTHYOHNRFFJCVFOB_BID_V1456_DELIM-KMYICTHYOHNRFFJCVFOB_1996    0.42%    passed     98.99%
 183  DENV_2_DELIM-KMYICTHYOHNRFFJCVFOB_US_DELIM-KMYICTHYOHNRFFJCVFOB_BID_V1373_DELIM-KMYICTHYOHNRFFJCVFOB_1995    0.42%    passed     99.63%
 184  DENV_2_DELIM-KMYICTHYOHNRFFJCVFOB_CO_DELIM-KMYICTHYOHNRFFJCVFOB_BID_V3368_DELIM-KMYICTHYOHNRFFJCVFOB_1998    0.56%    passed     99.99%
 185  DENV_2_DELIM-KMYICTHYOHNRFFJCVFOB_US_DELIM-KMYICTHYOHNRFFJCVFOB_BID_V1435_DELIM-KMYICTHYOHNRFFJCVFOB_2004    0.42%    passed     99.88%
 186  DENV_2_DELIM-KMYICTHYOHNRFFJCVFOB_US_DELIM-KMYICTHYOHNRFFJCVFOB_BID_V1436_DELIM-KMYICTHYOHNRFFJCVFOB_2004    0.42%    passed     99.93%
 187  DENV_2_DELIM-KMYICTHYOHNRFFJCVFOB_US_DELIM-KMYICTHYOHNRFFJCVFOB_BID_V1484_DELIM-KMYICTHYOHNRFFJCVFOB_2003    0.42%    passed     99.80%
 188  DENV_2_DELIM-KMYICTHYOHNRFFJCVFOB_US_DELIM-KMYICTHYOHNRFFJCVFOB_BID_V1487_DELIM-KMYICTHYOHNRFFJCVFOB_2003    0.42%    passed     99.79%
 189  DENV_2_DELIM-KMYICTHYOHNRFFJCVFOB_US_DELIM-KMYICTHYOHNRFFJCVFOB_BID_V1486_DELIM-KMYICTHYOHNRFFJCVFOB_2003    0.42%    passed     99.93%
 190  DENV_2_DELIM-KMYICTHYOHNRFFJCVFOB_US_DELIM-KMYICTHYOHNRFFJCVFOB_BID_V1482_DELIM-KMYICTHYOHNRFFJCVFOB_2003    0.42%    passed     99.72%
 191  DENV_2_DELIM-KMYICTHYOHNRFFJCVFOB_US_DELIM-KMYICTHYOHNRFFJCVFOB_BID_V1493_DELIM-KMYICTHYOHNRFFJCVFOB_2003    0.42%    passed     99.60%
 192  DENV_2_DELIM-KMYICTHYOHNRFFJCVFOB_US_DELIM-KMYICTHYOHNRFFJCVFOB_BID_V1496_DELIM-KMYICTHYOHNRFFJCVFOB_2004    0.42%    passed     99.86%
 193  DENV_2_DELIM-KMYICTHYOHNRFFJCVFOB_US_DELIM-KMYICTHYOHNRFFJCVFOB_BID_V1494_DELIM-KMYICTHYOHNRFFJCVFOB_2004    0.42%    passed     99.90%
 194  DENV_2_DELIM-KMYICTHYOHNRFFJCVFOB_US_DELIM-KMYICTHYOHNRFFJCVFOB_BID_V1495_DELIM-KMYICTHYOHNRFFJCVFOB_2004    0.42%    passed     99.90%
 195  DENV_2_DELIM-KMYICTHYOHNRFFJCVFOB_US_DELIM-KMYICTHYOHNRFFJCVFOB_BID_V1497_DELIM-KMYICTHYOHNRFFJCVFOB_2005    0.42%    passed     99.96%
 196  DENV_2_DELIM-KMYICTHYOHNRFFJCVFOB_US_DELIM-KMYICTHYOHNRFFJCVFOB_BID_V591_DELIM-KMYICTHYOHNRFFJCVFOB_2002     0.51%    passed     99.96%
 197  DENV_2_DELIM-KMYICTHYOHNRFFJCVFOB_US_DELIM-KMYICTHYOHNRFFJCVFOB_BID_V1464_DELIM-KMYICTHYOHNRFFJCVFOB_2000    0.42%    passed     99.70%
 198  DENV_2_DELIM-KMYICTHYOHNRFFJCVFOB_US_DELIM-KMYICTHYOHNRFFJCVFOB_BID_V1461_DELIM-KMYICTHYOHNRFFJCVFOB_2000    0.42%    passed     99.70%
 199  DENV_2_DELIM-KMYICTHYOHNRFFJCVFOB_US_DELIM-KMYICTHYOHNRFFJCVFOB_BID_V1463_DELIM-KMYICTHYOHNRFFJCVFOB_2000    0.42%    passed     99.83%
 200  DENV_2_DELIM-KMYICTHYOHNRFFJCVFOB_US_DELIM-KMYICTHYOHNRFFJCVFOB_BID_V1469_DELIM-KMYICTHYOHNRFFJCVFOB_2001    0.42%    passed     99.89%
 201  DENV_2_DELIM-KMYICTHYOHNRFFJCVFOB_US_DELIM-KMYICTHYOHNRFFJCVFOB_BID_V1462_DELIM-KMYICTHYOHNRFFJCVFOB_2000    0.42%    passed     99.70%
 202  DENV_2_DELIM-KMYICTHYOHNRFFJCVFOB_US_DELIM-KMYICTHYOHNRFFJCVFOB_BID_V1471_DELIM-KMYICTHYOHNRFFJCVFOB_2001    0.42%    passed     99.95%
 203  DENV_2_DELIM-KMYICTHYOHNRFFJCVFOB_US_DELIM-KMYICTHYOHNRFFJCVFOB_BID_V1468_DELIM-KMYICTHYOHNRFFJCVFOB_2001    0.42%    passed     99.70%
 204  DENV_2_DELIM-KMYICTHYOHNRFFJCVFOB_US_DELIM-KMYICTHYOHNRFFJCVFOB_BID_V854_DELIM-KMYICTHYOHNRFFJCVFOB_2001     0.42%    passed     99.80%
 205  DENV_2_DELIM-KMYICTHYOHNRFFJCVFOB_US_DELIM-KMYICTHYOHNRFFJCVFOB_BID_V1472_DELIM-KMYICTHYOHNRFFJCVFOB_2001    0.57%    passed     99.79%
 206  DENV_2_DELIM-KMYICTHYOHNRFFJCVFOB_US_DELIM-KMYICTHYOHNRFFJCVFOB_BID_V1467_DELIM-KMYICTHYOHNRFFJCVFOB_2001    0.42%    passed     99.56%
 207  DENV_2_DELIM-KMYICTHYOHNRFFJCVFOB_US_DELIM-KMYICTHYOHNRFFJCVFOB_BID_V599_DELIM-KMYICTHYOHNRFFJCVFOB_1999     0.88%    passed     99.90%
 208  DENV_2_DELIM-KMYICTHYOHNRFFJCVFOB_US_DELIM-KMYICTHYOHNRFFJCVFOB_BID_V1048_DELIM-KMYICTHYOHNRFFJCVFOB_1999    0.78%    passed     99.91%
 209  DENV_2_DELIM-KMYICTHYOHNRFFJCVFOB_US_DELIM-KMYICTHYOHNRFFJCVFOB_BID_V592_DELIM-KMYICTHYOHNRFFJCVFOB_2002     0.42%    passed     99.83%
 210  DENV_2_DELIM-KMYICTHYOHNRFFJCVFOB_US_DELIM-KMYICTHYOHNRFFJCVFOB_BID_V1470_DELIM-KMYICTHYOHNRFFJCVFOB_2001    0.46%    passed     99.75%
 211  DENV_2_DELIM-KMYICTHYOHNRFFJCVFOB_PR_DELIM-KMYICTHYOHNRFFJCVFOB_BID_V586_DELIM-KMYICTHYOHNRFFJCVFOB_2006     1.79%    passed     99.96%
 212  DENV_2_DELIM-KMYICTHYOHNRFFJCVFOB_US_DELIM-KMYICTHYOHNRFFJCVFOB_BID_V588_DELIM-KMYICTHYOHNRFFJCVFOB_2006     0.42%    passed     99.83%
 213  DENV_2_DELIM-KMYICTHYOHNRFFJCVFOB_US_DELIM-KMYICTHYOHNRFFJCVFOB_BID_V1039_DELIM-KMYICTHYOHNRFFJCVFOB_2006    0.42%    passed     99.98%
 214  DENV_2_DELIM-KMYICTHYOHNRFFJCVFOB_US_DELIM-KMYICTHYOHNRFFJCVFOB_BID_V1434_DELIM-KMYICTHYOHNRFFJCVFOB_2004    0.42%    passed     99.79%
 215  DENV_2_DELIM-KMYICTHYOHNRFFJCVFOB_US_DELIM-KMYICTHYOHNRFFJCVFOB_BID_V1046_DELIM-KMYICTHYOHNRFFJCVFOB_2004    0.78%    passed     99.94%
 216  DENV_2_DELIM-KMYICTHYOHNRFFJCVFOB_US_DELIM-KMYICTHYOHNRFFJCVFOB_BID_V1483_DELIM-KMYICTHYOHNRFFJCVFOB_2003    0.44%    passed     99.90%
 217  DENV_2_DELIM-KMYICTHYOHNRFFJCVFOB_US_DELIM-KMYICTHYOHNRFFJCVFOB_BID_V1432_DELIM-KMYICTHYOHNRFFJCVFOB_2004    0.42%    passed     99.05%
 218  DENV_2_DELIM-KMYICTHYOHNRFFJCVFOB_US_DELIM-KMYICTHYOHNRFFJCVFOB_BID_V1492_DELIM-KMYICTHYOHNRFFJCVFOB_2003    0.42%    passed     99.76%
 219  DENV_2_DELIM-KMYICTHYOHNRFFJCVFOB_US_DELIM-KMYICTHYOHNRFFJCVFOB_BID_V1431_DELIM-KMYICTHYOHNRFFJCVFOB_2004    0.42%    passed     99.70%
 220  DENV_2_DELIM-KMYICTHYOHNRFFJCVFOB_US_DELIM-KMYICTHYOHNRFFJCVFOB_BID_V1036_DELIM-KMYICTHYOHNRFFJCVFOB_2006    0.42%    passed     99.89%
 221  DENV_2_DELIM-KMYICTHYOHNRFFJCVFOB_US_DELIM-KMYICTHYOHNRFFJCVFOB_BID_V1031_DELIM-KMYICTHYOHNRFFJCVFOB_2006    0.42%    passed     99.80%
 222  DENV_2_DELIM-KMYICTHYOHNRFFJCVFOB_US_DELIM-KMYICTHYOHNRFFJCVFOB_BID_V594_DELIM-KMYICTHYOHNRFFJCVFOB_2006     0.42%    passed     99.98%
 223  DENV_2_DELIM-KMYICTHYOHNRFFJCVFOB_US_DELIM-KMYICTHYOHNRFFJCVFOB_BID_V1411_DELIM-KMYICTHYOHNRFFJCVFOB_2007    0.42%    passed     99.79%
 224  DENV_2_DELIM-KMYICTHYOHNRFFJCVFOB_US_DELIM-KMYICTHYOHNRFFJCVFOB_BID_V1040_DELIM-KMYICTHYOHNRFFJCVFOB_2006    0.42%    passed     99.95%
 225  DENV_2_DELIM-KMYICTHYOHNRFFJCVFOB_PR_DELIM-KMYICTHYOHNRFFJCVFOB_BID_V1037_DELIM-KMYICTHYOHNRFFJCVFOB_2006    1.88%    passed     99.64%
 226  DENV_2_DELIM-KMYICTHYOHNRFFJCVFOB_PR_DELIM-KMYICTHYOHNRFFJCVFOB_40DN_DELIM-KMYICTHYOHNRFFJCVFOB_1994         0.01%    passed     99.97%
 227  DENV_2_DELIM-KMYICTHYOHNRFFJCVFOB_PR_DELIM-KMYICTHYOHNRFFJCVFOB_38DN_DELIM-KMYICTHYOHNRFFJCVFOB_1994         0.01%    passed     99.87%
 228  DENV_2_DELIM-KMYICTHYOHNRFFJCVFOB_PR_DELIM-KMYICTHYOHNRFFJCVFOB_27DN_DELIM-KMYICTHYOHNRFFJCVFOB_1994         0.00%    passed     99.97%
 229  DENV_2_DELIM-KMYICTHYOHNRFFJCVFOB_PR_DELIM-KMYICTHYOHNRFFJCVFOB_8DN_DELIM-KMYICTHYOHNRFFJCVFOB_1994          0.01%    passed     99.68%
 230  DENV_2_DELIM-KMYICTHYOHNRFFJCVFOB_PR_DELIM-KMYICTHYOHNRFFJCVFOB_33DN_DELIM-KMYICTHYOHNRFFJCVFOB_1994         0.02%    passed     99.80%
 231  DENV_2_DELIM-KMYICTHYOHNRFFJCVFOB_PR_DELIM-KMYICTHYOHNRFFJCVFOB_23DN_DELIM-KMYICTHYOHNRFFJCVFOB_1994         0.02%    passed     99.82%
 232  DENV_2_DELIM-KMYICTHYOHNRFFJCVFOB_US_DELIM-KMYICTHYOHNRFFJCVFOB_BID_V1367_DELIM-KMYICTHYOHNRFFJCVFOB_1995    0.42%    passed     99.81%
 233  DENV_2_DELIM-KMYICTHYOHNRFFJCVFOB_US_DELIM-KMYICTHYOHNRFFJCVFOB_BID_V682_DELIM-KMYICTHYOHNRFFJCVFOB_1994     0.42%    passed     99.75%
 234  DENV_2_DELIM-KMYICTHYOHNRFFJCVFOB_US_DELIM-KMYICTHYOHNRFFJCVFOB_BID_V1378_DELIM-KMYICTHYOHNRFFJCVFOB_1996    0.42%    passed     99.30%
 235  DENV_2_DELIM-KMYICTHYOHNRFFJCVFOB_US_DELIM-KMYICTHYOHNRFFJCVFOB_BID_V1396_DELIM-KMYICTHYOHNRFFJCVFOB_1997    0.42%    passed     99.87%
 236  DENV_2_DELIM-KMYICTHYOHNRFFJCVFOB_US_DELIM-KMYICTHYOHNRFFJCVFOB_BID_V1385_DELIM-KMYICTHYOHNRFFJCVFOB_1996    0.42%    passed    100.00%
 237  DENV_2_DELIM-KMYICTHYOHNRFFJCVFOB_US_DELIM-KMYICTHYOHNRFFJCVFOB_BID_V1398_DELIM-KMYICTHYOHNRFFJCVFOB_1997    0.42%    passed     99.99%
 238  DENV_2_DELIM-KMYICTHYOHNRFFJCVFOB_US_DELIM-KMYICTHYOHNRFFJCVFOB_BID_V1383_DELIM-KMYICTHYOHNRFFJCVFOB_1996    0.42%    passed     99.99%
 239  DENV_2_DELIM-KMYICTHYOHNRFFJCVFOB_US_DELIM-KMYICTHYOHNRFFJCVFOB_BID_V1042_DELIM-KMYICTHYOHNRFFJCVFOB_1998    0.78%    passed     99.88%
 240  DENV_2_DELIM-KMYICTHYOHNRFFJCVFOB_US_DELIM-KMYICTHYOHNRFFJCVFOB_BID_V1038_DELIM-KMYICTHYOHNRFFJCVFOB_1998    0.42%    passed    100.00%
 241  DENV_2_DELIM-KMYICTHYOHNRFFJCVFOB_US_DELIM-KMYICTHYOHNRFFJCVFOB_BID_V1395_DELIM-KMYICTHYOHNRFFJCVFOB_1997    0.43%    passed     99.95%
 242  DENV_2_DELIM-KMYICTHYOHNRFFJCVFOB_US_DELIM-KMYICTHYOHNRFFJCVFOB_BID_V1424_DELIM-KMYICTHYOHNRFFJCVFOB_1996    0.43%    passed     99.98%
 243  DENV_2_DELIM-KMYICTHYOHNRFFJCVFOB_US_DELIM-KMYICTHYOHNRFFJCVFOB_BID_V1376_DELIM-KMYICTHYOHNRFFJCVFOB_1996    0.43%    passed    100.00%
 244  DENV_2_DELIM-KMYICTHYOHNRFFJCVFOB_US_DELIM-KMYICTHYOHNRFFJCVFOB_BID_V1393_DELIM-KMYICTHYOHNRFFJCVFOB_1998    0.43%    passed     99.99%
 245  DENV_2_DELIM-KMYICTHYOHNRFFJCVFOB_US_DELIM-KMYICTHYOHNRFFJCVFOB_BID_V1427_DELIM-KMYICTHYOHNRFFJCVFOB_1999    0.42%    passed    100.00%
 246  DENV_2_DELIM-KMYICTHYOHNRFFJCVFOB_PR_DELIM-KMYICTHYOHNRFFJCVFOB_2DN_DELIM-KMYICTHYOHNRFFJCVFOB_1994          0.19%    passed     99.95%
 247  DENV_2_DELIM-KMYICTHYOHNRFFJCVFOB_US_DELIM-KMYICTHYOHNRFFJCVFOB_BID_V1401_DELIM-KMYICTHYOHNRFFJCVFOB_1997    0.56%    passed     99.83%
 248  DENV_2_DELIM-KMYICTHYOHNRFFJCVFOB_US_DELIM-KMYICTHYOHNRFFJCVFOB_BID_V1404_DELIM-KMYICTHYOHNRFFJCVFOB_1997    0.43%    passed     99.87%
 249  DENV_2_DELIM-KMYICTHYOHNRFFJCVFOB_PR_DELIM-KMYICTHYOHNRFFJCVFOB_BID_V1406_DELIM-KMYICTHYOHNRFFJCVFOB_1997    0.73%    passed     99.17%
 250  DENV_2_DELIM-KMYICTHYOHNRFFJCVFOB_US_DELIM-KMYICTHYOHNRFFJCVFOB_BID_V1392_DELIM-KMYICTHYOHNRFFJCVFOB_1998    0.42%    passed    100.00%
 251  DENV_2_DELIM-KMYICTHYOHNRFFJCVFOB_US_DELIM-KMYICTHYOHNRFFJCVFOB_BID_V1399_DELIM-KMYICTHYOHNRFFJCVFOB_1997    0.42%    passed     99.99%
 252  DENV_2_DELIM-KMYICTHYOHNRFFJCVFOB_US_DELIM-KMYICTHYOHNRFFJCVFOB_BID_V1034_DELIM-KMYICTHYOHNRFFJCVFOB_1998    0.42%    passed     99.99%
 253  DENV_2_DELIM-KMYICTHYOHNRFFJCVFOB_US_DELIM-KMYICTHYOHNRFFJCVFOB_BID_V1409_DELIM-KMYICTHYOHNRFFJCVFOB_1997    0.21%    passed     99.99%
 254  DENV_2_DELIM-KMYICTHYOHNRFFJCVFOB_US_DELIM-KMYICTHYOHNRFFJCVFOB_BID_V1397_DELIM-KMYICTHYOHNRFFJCVFOB_1997    0.42%    passed    100.00%
 255  DENV_2_DELIM-KMYICTHYOHNRFFJCVFOB_US_DELIM-KMYICTHYOHNRFFJCVFOB_BID_V1084_DELIM-KMYICTHYOHNRFFJCVFOB_1998    0.42%    passed     99.87%
 256  DENV_2_DELIM-KMYICTHYOHNRFFJCVFOB_US_DELIM-KMYICTHYOHNRFFJCVFOB_BID_V1388_DELIM-KMYICTHYOHNRFFJCVFOB_1998    0.43%    passed     99.97%
 257  DENV_2_DELIM-KMYICTHYOHNRFFJCVFOB_US_DELIM-KMYICTHYOHNRFFJCVFOB_BID_V598_DELIM-KMYICTHYOHNRFFJCVFOB_1999     0.42%    passed     99.96%
 258  DENV_2_DELIM-KMYICTHYOHNRFFJCVFOB_US_DELIM-KMYICTHYOHNRFFJCVFOB_BID_V596_DELIM-KMYICTHYOHNRFFJCVFOB_1998     0.42%    passed     99.84%
 259  DENV_2_DELIM-KMYICTHYOHNRFFJCVFOB_US_DELIM-KMYICTHYOHNRFFJCVFOB_BID_V681_DELIM-KMYICTHYOHNRFFJCVFOB_1998     0.42%    passed     99.94%
 260  DENV_2_DELIM-KMYICTHYOHNRFFJCVFOB_US_DELIM-KMYICTHYOHNRFFJCVFOB_BID_V1055_DELIM-KMYICTHYOHNRFFJCVFOB_1996    0.56%    passed     99.96%
 261  DENV_2_DELIM-KMYICTHYOHNRFFJCVFOB_US_DELIM-KMYICTHYOHNRFFJCVFOB_BID_V675_DELIM-KMYICTHYOHNRFFJCVFOB_1998     0.42%    passed     99.95%
 262  DENV_2_DELIM-KMYICTHYOHNRFFJCVFOB_US_DELIM-KMYICTHYOHNRFFJCVFOB_BID_V1426_DELIM-KMYICTHYOHNRFFJCVFOB_1999    0.42%    passed     99.94%
 263  DENV_2_DELIM-KMYICTHYOHNRFFJCVFOB_US_DELIM-KMYICTHYOHNRFFJCVFOB_BID_V676_DELIM-KMYICTHYOHNRFFJCVFOB_1998     0.44%    passed     99.49%
 264  DENV_2_DELIM-KMYICTHYOHNRFFJCVFOB_US_DELIM-KMYICTHYOHNRFFJCVFOB_BID_V597_DELIM-KMYICTHYOHNRFFJCVFOB_1998     0.45%    passed     99.47%
 265  DENV_2_DELIM-KMYICTHYOHNRFFJCVFOB_US_DELIM-KMYICTHYOHNRFFJCVFOB_BID_V1394_DELIM-KMYICTHYOHNRFFJCVFOB_1998    0.53%    passed    100.00%
 266  DENV_2_DELIM-KMYICTHYOHNRFFJCVFOB_PR_DELIM-KMYICTHYOHNRFFJCVFOB_BID_V1408_DELIM-KMYICTHYOHNRFFJCVFOB_1997    0.66%    passed     99.99%
 267  DENV_2_DELIM-KMYICTHYOHNRFFJCVFOB_US_DELIM-KMYICTHYOHNRFFJCVFOB_BID_V585_DELIM-KMYICTHYOHNRFFJCVFOB_2006     0.52%    passed     99.85%
 268  DENV_2_DELIM-KMYICTHYOHNRFFJCVFOB_US_DELIM-KMYICTHYOHNRFFJCVFOB_BID_V589_DELIM-KMYICTHYOHNRFFJCVFOB_2006     0.42%    passed     99.49%
 269  DENV_2_DELIM-KMYICTHYOHNRFFJCVFOB_PR_DELIM-KMYICTHYOHNRFFJCVFOB_35DN_DELIM-KMYICTHYOHNRFFJCVFOB_1994         0.14%    passed     99.27%
 270  DENV_2_DELIM-KMYICTHYOHNRFFJCVFOB_NI_DELIM-KMYICTHYOHNRFFJCVFOB_BID_V1197_DELIM-KMYICTHYOHNRFFJCVFOB_2007    0.61%    passed     98.21%
 271  DENV_2_DELIM-KMYICTHYOHNRFFJCVFOB_NI_DELIM-KMYICTHYOHNRFFJCVFOB_BID_V1295_DELIM-KMYICTHYOHNRFFJCVFOB_2007   19.94%    passed     45.10%
 272  DENV_2_DELIM-KMYICTHYOHNRFFJCVFOB_NI_DELIM-KMYICTHYOHNRFFJCVFOB_BID_V1311_DELIM-KMYICTHYOHNRFFJCVFOB_2007    0.78%    passed     97.93%
 273  DENV_2_DELIM-KMYICTHYOHNRFFJCVFOB_NI_DELIM-KMYICTHYOHNRFFJCVFOB_BID_V565_DELIM-KMYICTHYOHNRFFJCVFOB_2006     0.42%    passed     98.28%
 274  DENV_2_DELIM-KMYICTHYOHNRFFJCVFOB_NI_DELIM-KMYICTHYOHNRFFJCVFOB_BID_V566_DELIM-KMYICTHYOHNRFFJCVFOB_2006     0.42%    passed     98.30%
 275  DENV_2_DELIM-KMYICTHYOHNRFFJCVFOB_NI_DELIM-KMYICTHYOHNRFFJCVFOB_BID_V663_DELIM-KMYICTHYOHNRFFJCVFOB_2007     0.42%    passed     98.45%
 276  DENV_2_DELIM-KMYICTHYOHNRFFJCVFOB_NI_DELIM-KMYICTHYOHNRFFJCVFOB_BID_V578_DELIM-KMYICTHYOHNRFFJCVFOB_2006     0.42%    passed     98.39%
 277  DENV_2_DELIM-KMYICTHYOHNRFFJCVFOB_NI_DELIM-KMYICTHYOHNRFFJCVFOB_BID_V582_DELIM-KMYICTHYOHNRFFJCVFOB_2007     0.42%    passed     98.57%
 278  DENV_2_DELIM-KMYICTHYOHNRFFJCVFOB_NI_DELIM-KMYICTHYOHNRFFJCVFOB_BID_V1196_DELIM-KMYICTHYOHNRFFJCVFOB_2007    0.21%    passed     97.92%
 279  DENV_2_DELIM-KMYICTHYOHNRFFJCVFOB_NI_DELIM-KMYICTHYOHNRFFJCVFOB_BID_V1211_DELIM-KMYICTHYOHNRFFJCVFOB_2007    0.42%    passed     97.31%
 280  DENV_2_DELIM-KMYICTHYOHNRFFJCVFOB_NI_DELIM-KMYICTHYOHNRFFJCVFOB_BID_V1199_DELIM-KMYICTHYOHNRFFJCVFOB_2007    0.42%    passed     98.00%
 281  DENV_2_DELIM-KMYICTHYOHNRFFJCVFOB_NI_DELIM-KMYICTHYOHNRFFJCVFOB_BID_V1214_DELIM-KMYICTHYOHNRFFJCVFOB_2007    0.42%    passed     98.15%
 282  DENV_2_DELIM-KMYICTHYOHNRFFJCVFOB_NI_DELIM-KMYICTHYOHNRFFJCVFOB_BID_V1235_DELIM-KMYICTHYOHNRFFJCVFOB_2007    0.42%    passed     98.24%
 283  DENV_2_DELIM-KMYICTHYOHNRFFJCVFOB_NI_DELIM-KMYICTHYOHNRFFJCVFOB_BID_V1202_DELIM-KMYICTHYOHNRFFJCVFOB_2007    0.42%    passed     97.59%
 284  DENV_2_DELIM-KMYICTHYOHNRFFJCVFOB_NI_DELIM-KMYICTHYOHNRFFJCVFOB_BID_V1232_DELIM-KMYICTHYOHNRFFJCVFOB_2007    0.42%    passed     97.54%
 285  DENV_2_DELIM-KMYICTHYOHNRFFJCVFOB_NI_DELIM-KMYICTHYOHNRFFJCVFOB_BID_V3002_DELIM-KMYICTHYOHNRFFJCVFOB_2007    0.42%    passed     97.95%
 286  DENV_2_DELIM-KMYICTHYOHNRFFJCVFOB_NI_DELIM-KMYICTHYOHNRFFJCVFOB_BID_V2427_DELIM-KMYICTHYOHNRFFJCVFOB_2007    0.51%    passed     98.41%
 287  DENV_2_DELIM-KMYICTHYOHNRFFJCVFOB_NI_DELIM-KMYICTHYOHNRFFJCVFOB_BID_V1200_DELIM-KMYICTHYOHNRFFJCVFOB_2007    0.42%    passed     98.02%
 288  DENV_2_DELIM-KMYICTHYOHNRFFJCVFOB_NI_DELIM-KMYICTHYOHNRFFJCVFOB_BID_V1206_DELIM-KMYICTHYOHNRFFJCVFOB_2007    0.57%    passed     98.38%
 289  DENV_2_DELIM-KMYICTHYOHNRFFJCVFOB_NI_DELIM-KMYICTHYOHNRFFJCVFOB_BID_V1192_DELIM-KMYICTHYOHNRFFJCVFOB_2007    0.48%    passed     98.14%
 290  DENV_2_DELIM-KMYICTHYOHNRFFJCVFOB_NI_DELIM-KMYICTHYOHNRFFJCVFOB_BID_V1198_DELIM-KMYICTHYOHNRFFJCVFOB_2007    0.43%    passed     98.37%
 291  DENV_2_DELIM-KMYICTHYOHNRFFJCVFOB_NI_DELIM-KMYICTHYOHNRFFJCVFOB_BID_V1763_DELIM-KMYICTHYOHNRFFJCVFOB_2006    0.43%    passed     98.16%
 292  DENV_2_DELIM-KMYICTHYOHNRFFJCVFOB_NI_DELIM-KMYICTHYOHNRFFJCVFOB_BID_V1237_DELIM-KMYICTHYOHNRFFJCVFOB_2007    0.43%    passed     97.78%
 293  DENV_2_DELIM-KMYICTHYOHNRFFJCVFOB_NI_DELIM-KMYICTHYOHNRFFJCVFOB_BID_V2360_DELIM-KMYICTHYOHNRFFJCVFOB_2007    0.44%    passed     98.31%
 294  DENV_2_DELIM-KMYICTHYOHNRFFJCVFOB_NI_DELIM-KMYICTHYOHNRFFJCVFOB_BID_V2682_DELIM-KMYICTHYOHNRFFJCVFOB_2006   42.60%    passed     50.40%
 295  DENV_2_DELIM-KMYICTHYOHNRFFJCVFOB_NI_DELIM-KMYICTHYOHNRFFJCVFOB_BID_V572_DELIM-KMYICTHYOHNRFFJCVFOB_2006     0.44%    passed     97.92%
 296  DENV_2_DELIM-KMYICTHYOHNRFFJCVFOB_NI_DELIM-KMYICTHYOHNRFFJCVFOB_BID_V1228_DELIM-KMYICTHYOHNRFFJCVFOB_2007    0.43%    passed     98.39%
 297  DENV_2_DELIM-KMYICTHYOHNRFFJCVFOB_NI_DELIM-KMYICTHYOHNRFFJCVFOB_BID_V2359_DELIM-KMYICTHYOHNRFFJCVFOB_2007    0.43%    passed     98.53%
 298  DENV_2_DELIM-KMYICTHYOHNRFFJCVFOB_NI_DELIM-KMYICTHYOHNRFFJCVFOB_BID_V2921_DELIM-KMYICTHYOHNRFFJCVFOB_1999   42.70%    passed     47.76%
 299  DENV_2_DELIM-KMYICTHYOHNRFFJCVFOB_NI_DELIM-KMYICTHYOHNRFFJCVFOB_BID_V2599_DELIM-KMYICTHYOHNRFFJCVFOB_2006    0.01%    passed     98.70%
 300  DENV_2_DELIM-KMYICTHYOHNRFFJCVFOB_NI_DELIM-KMYICTHYOHNRFFJCVFOB_BID_V532_DELIM-KMYICTHYOHNRFFJCVFOB_2005     0.44%    passed     98.55%
 301  DENV_2_DELIM-KMYICTHYOHNRFFJCVFOB_NI_DELIM-KMYICTHYOHNRFFJCVFOB_BID_V693_DELIM-KMYICTHYOHNRFFJCVFOB_2005     0.43%    passed     96.94%
 302  DENV_2_DELIM-KMYICTHYOHNRFFJCVFOB_NI_DELIM-KMYICTHYOHNRFFJCVFOB_BID_V1226_DELIM-KMYICTHYOHNRFFJCVFOB_2007    0.69%    passed     97.88%
 303  DENV_2_DELIM-KMYICTHYOHNRFFJCVFOB_NI_DELIM-KMYICTHYOHNRFFJCVFOB_BID_V1218_DELIM-KMYICTHYOHNRFFJCVFOB_2007    0.62%    passed     97.49%
 304  DENV_2_DELIM-KMYICTHYOHNRFFJCVFOB_NI_DELIM-KMYICTHYOHNRFFJCVFOB_BID_V2353_DELIM-KMYICTHYOHNRFFJCVFOB_2008    0.45%    passed     98.13%
 305  DENV_2_DELIM-KMYICTHYOHNRFFJCVFOB_NI_DELIM-KMYICTHYOHNRFFJCVFOB_BID_V3001_DELIM-KMYICTHYOHNRFFJCVFOB_2007   34.73%    passed     42.59%
 306  DENV_2_DELIM-KMYICTHYOHNRFFJCVFOB_NI_DELIM-KMYICTHYOHNRFFJCVFOB_BID_V1721_DELIM-KMYICTHYOHNRFFJCVFOB_2008    0.42%    passed     99.06%
 307  DENV_2_DELIM-KMYICTHYOHNRFFJCVFOB_NI_DELIM-KMYICTHYOHNRFFJCVFOB_BID_V1725_DELIM-KMYICTHYOHNRFFJCVFOB_2007   19.94%    passed     42.50%
 308  DENV_2_DELIM-KMYICTHYOHNRFFJCVFOB_NI_DELIM-KMYICTHYOHNRFFJCVFOB_BID_V570_DELIM-KMYICTHYOHNRFFJCVFOB_2006     0.42%    passed     97.31%
 309  DENV_2_DELIM-KMYICTHYOHNRFFJCVFOB_NI_DELIM-KMYICTHYOHNRFFJCVFOB_BID_V580_DELIM-KMYICTHYOHNRFFJCVFOB_2006     0.42%    passed     98.45%
 310  DENV_2_DELIM-KMYICTHYOHNRFFJCVFOB_NI_DELIM-KMYICTHYOHNRFFJCVFOB_BID_V3223_DELIM-KMYICTHYOHNRFFJCVFOB_2008    2.30%    passed     96.05%
 311  DENV_2_DELIM-KMYICTHYOHNRFFJCVFOB_NI_DELIM-KMYICTHYOHNRFFJCVFOB_BID_V2351_DELIM-KMYICTHYOHNRFFJCVFOB_2008    0.79%    passed     96.93%
 312  DENV_2_DELIM-KMYICTHYOHNRFFJCVFOB_NI_DELIM-KMYICTHYOHNRFFJCVFOB_BID_V5072_DELIM-KMYICTHYOHNRFFJCVFOB_2009    2.30%    passed     95.97%
 313  DENV_2_DELIM-KMYICTHYOHNRFFJCVFOB_NI_DELIM-KMYICTHYOHNRFFJCVFOB_BID_V5073_DELIM-KMYICTHYOHNRFFJCVFOB_2009    2.30%    passed     96.32%
 314  DENV_2_DELIM-KMYICTHYOHNRFFJCVFOB_NI_DELIM-KMYICTHYOHNRFFJCVFOB_BID_V4915_DELIM-KMYICTHYOHNRFFJCVFOB_2009    2.24%    passed     95.87%
 315  DENV_2_DELIM-KMYICTHYOHNRFFJCVFOB_NI_DELIM-KMYICTHYOHNRFFJCVFOB_BID_V3152_DELIM-KMYICTHYOHNRFFJCVFOB_2008    2.30%    passed     94.60%
 316  DENV_2_DELIM-KMYICTHYOHNRFFJCVFOB_NI_DELIM-KMYICTHYOHNRFFJCVFOB_BID_V3251_DELIM-KMYICTHYOHNRFFJCVFOB_2007   10.31%    passed     90.59%
 317  DENV_2_DELIM-KMYICTHYOHNRFFJCVFOB_NI_DELIM-KMYICTHYOHNRFFJCVFOB_BID_V3143_DELIM-KMYICTHYOHNRFFJCVFOB_2007    2.30%    passed     92.34%
 318  DENV_2_DELIM-KMYICTHYOHNRFFJCVFOB_NI_DELIM-KMYICTHYOHNRFFJCVFOB_BID_V2596_DELIM-KMYICTHYOHNRFFJCVFOB_2006    0.40%    passed     99.34%
 319  DENV_2_DELIM-KMYICTHYOHNRFFJCVFOB_NI_DELIM-KMYICTHYOHNRFFJCVFOB_BID_V4638_DELIM-KMYICTHYOHNRFFJCVFOB_2005   19.64%    passed     44.44%
 320  DENV_2_DELIM-KMYICTHYOHNRFFJCVFOB_NI_DELIM-KMYICTHYOHNRFFJCVFOB_BID_V3226_DELIM-KMYICTHYOHNRFFJCVFOB_2008   42.01%    passed     49.15%
 321  DENV_2_DELIM-KMYICTHYOHNRFFJCVFOB_NI_DELIM-KMYICTHYOHNRFFJCVFOB_BID_V3268_DELIM-KMYICTHYOHNRFFJCVFOB_2008   42.00%    passed     45.27%
 322  DENV_2_DELIM-KMYICTHYOHNRFFJCVFOB_NI_DELIM-KMYICTHYOHNRFFJCVFOB_BID_V2355_DELIM-KMYICTHYOHNRFFJCVFOB_2007    0.42%    passed     99.03%
 323  DENV_2_DELIM-KMYICTHYOHNRFFJCVFOB_NI_DELIM-KMYICTHYOHNRFFJCVFOB_BID_V1761_DELIM-KMYICTHYOHNRFFJCVFOB_2006    0.43%    passed     98.73%
 324  DENV_2_DELIM-KMYICTHYOHNRFFJCVFOB_NI_DELIM-KMYICTHYOHNRFFJCVFOB_BID_V2333_DELIM-KMYICTHYOHNRFFJCVFOB_2001   34.37%    passed     35.67%
 325  DENV_2_DELIM-KMYICTHYOHNRFFJCVFOB_NI_DELIM-KMYICTHYOHNRFFJCVFOB_BID_V2361_DELIM-KMYICTHYOHNRFFJCVFOB_2001    0.57%    passed     96.30%
 326  DENV_2_DELIM-KMYICTHYOHNRFFJCVFOB_NI_DELIM-KMYICTHYOHNRFFJCVFOB_BID_V2338_DELIM-KMYICTHYOHNRFFJCVFOB_2001   29.96%    passed     14.54%
 327  DENV_2_DELIM-KMYICTHYOHNRFFJCVFOB_NI_DELIM-KMYICTHYOHNRFFJCVFOB_BID_V2345_DELIM-KMYICTHYOHNRFFJCVFOB_2000   34.81%    passed     41.96%
 328  DENV_2_DELIM-KMYICTHYOHNRFFJCVFOB_NI_DELIM-KMYICTHYOHNRFFJCVFOB_BID_V2364_DELIM-KMYICTHYOHNRFFJCVFOB_2000    0.57%    passed     96.04%
 329  DENV_2_DELIM-KMYICTHYOHNRFFJCVFOB_NI_DELIM-KMYICTHYOHNRFFJCVFOB_BID_V2362_DELIM-KMYICTHYOHNRFFJCVFOB_2000    0.43%    passed     94.93%
 330  DENV_2_DELIM-KMYICTHYOHNRFFJCVFOB_NI_DELIM-KMYICTHYOHNRFFJCVFOB_BID_V2665_DELIM-KMYICTHYOHNRFFJCVFOB_2000    0.43%    passed     97.81%
 331  DENV_2_DELIM-KMYICTHYOHNRFFJCVFOB_NI_DELIM-KMYICTHYOHNRFFJCVFOB_BID_V2659_DELIM-KMYICTHYOHNRFFJCVFOB_2000    0.43%    passed     97.34%
 332  DENV_2_DELIM-KMYICTHYOHNRFFJCVFOB_NI_DELIM-KMYICTHYOHNRFFJCVFOB_BID_V2363_DELIM-KMYICTHYOHNRFFJCVFOB_2000    0.52%    passed     98.14%
 333  DENV_2_DELIM-KMYICTHYOHNRFFJCVFOB_NI_DELIM-KMYICTHYOHNRFFJCVFOB_BID_V2660_DELIM-KMYICTHYOHNRFFJCVFOB_2000    0.43%    passed     96.97%
 334  DENV_2_DELIM-KMYICTHYOHNRFFJCVFOB_NI_DELIM-KMYICTHYOHNRFFJCVFOB_BID_V2336_DELIM-KMYICTHYOHNRFFJCVFOB_2001   32.47%    passed     30.81%
 335  DENV_2_DELIM-KMYICTHYOHNRFFJCVFOB_NI_DELIM-KMYICTHYOHNRFFJCVFOB_BID_V2658_DELIM-KMYICTHYOHNRFFJCVFOB_2000    0.43%    passed     96.78%
 336  DENV_2_DELIM-KMYICTHYOHNRFFJCVFOB_NI_DELIM-KMYICTHYOHNRFFJCVFOB_BID_V2923_DELIM-KMYICTHYOHNRFFJCVFOB_2000    0.44%    passed     98.98%
 337  DENV_2_DELIM-KMYICTHYOHNRFFJCVFOB_NI_DELIM-KMYICTHYOHNRFFJCVFOB_BID_V2663_DELIM-KMYICTHYOHNRFFJCVFOB_2000    0.43%    passed     98.85%
 338  DENV_2_DELIM-KMYICTHYOHNRFFJCVFOB_NI_DELIM-KMYICTHYOHNRFFJCVFOB_BID_V2674_DELIM-KMYICTHYOHNRFFJCVFOB_2001    0.43%    passed     96.38%
 339  DENV_2_DELIM-KMYICTHYOHNRFFJCVFOB_NI_DELIM-KMYICTHYOHNRFFJCVFOB_BID_V2334_DELIM-KMYICTHYOHNRFFJCVFOB_2001   30.31%    passed     19.90%
 340  DENV_2_DELIM-KMYICTHYOHNRFFJCVFOB_NI_DELIM-KMYICTHYOHNRFFJCVFOB_BID_V2683_DELIM-KMYICTHYOHNRFFJCVFOB_1999    0.44%    passed     97.34%
 341  DENV_2_DELIM-KMYICTHYOHNRFFJCVFOB_NI_DELIM-KMYICTHYOHNRFFJCVFOB_BID_V2657_DELIM-KMYICTHYOHNRFFJCVFOB_2000    0.43%    passed     98.78%
 342  DENV_2_DELIM-KMYICTHYOHNRFFJCVFOB_NI_DELIM-KMYICTHYOHNRFFJCVFOB_BID_V2664_DELIM-KMYICTHYOHNRFFJCVFOB_2000    0.43%    passed     99.20%
 343  DENV_2_DELIM-KMYICTHYOHNRFFJCVFOB_NI_DELIM-KMYICTHYOHNRFFJCVFOB_BID_V2662_DELIM-KMYICTHYOHNRFFJCVFOB_2000    0.44%    passed     98.14%
 344  DENV_2_DELIM-KMYICTHYOHNRFFJCVFOB_NI_DELIM-KMYICTHYOHNRFFJCVFOB_BID_V3076_DELIM-KMYICTHYOHNRFFJCVFOB_2001    0.21%    passed     98.72%
 345  DENV_2_DELIM-KMYICTHYOHNRFFJCVFOB_NI_DELIM-KMYICTHYOHNRFFJCVFOB_BID_V2661_DELIM-KMYICTHYOHNRFFJCVFOB_2000    0.54%    passed     98.11%
 346  DENV_2_DELIM-KMYICTHYOHNRFFJCVFOB_NI_DELIM-KMYICTHYOHNRFFJCVFOB_BID_V2337_DELIM-KMYICTHYOHNRFFJCVFOB_2001   30.20%    passed     16.75%
 347  DENV_2_DELIM-KMYICTHYOHNRFFJCVFOB_NI_DELIM-KMYICTHYOHNRFFJCVFOB_BID_V2675_DELIM-KMYICTHYOHNRFFJCVFOB_2002    0.53%    passed     99.37%
 348  DENV_2_DELIM-KMYICTHYOHNRFFJCVFOB_MX_DELIM-KMYICTHYOHNRFFJCVFOB_BID_V2954_DELIM-KMYICTHYOHNRFFJCVFOB_2002    0.43%    passed     98.20%
 349  DENV_2_DELIM-KMYICTHYOHNRFFJCVFOB_MX_DELIM-KMYICTHYOHNRFFJCVFOB_BID_V2959_DELIM-KMYICTHYOHNRFFJCVFOB_2005    0.52%    passed     99.24%
 350  DENV_2_DELIM-KMYICTHYOHNRFFJCVFOB_NI_DELIM-KMYICTHYOHNRFFJCVFOB_BID_V2344_DELIM-KMYICTHYOHNRFFJCVFOB_2000    0.21%    passed     96.86%
 351  DENV_2_DELIM-KMYICTHYOHNRFFJCVFOB_NI_DELIM-KMYICTHYOHNRFFJCVFOB_BID_V2666_DELIM-KMYICTHYOHNRFFJCVFOB_2000    0.21%    passed     97.25%
 352  DENV_2_DELIM-KMYICTHYOHNRFFJCVFOB_NI_DELIM-KMYICTHYOHNRFFJCVFOB_BID_V2924_DELIM-KMYICTHYOHNRFFJCVFOB_2000    0.43%    passed     96.97%
 353  DENV_2_DELIM-KMYICTHYOHNRFFJCVFOB_NI_DELIM-KMYICTHYOHNRFFJCVFOB_BID_V2340_DELIM-KMYICTHYOHNRFFJCVFOB_2001   34.28%    passed     29.51%
 354  DENV_2_DELIM-KMYICTHYOHNRFFJCVFOB_NI_DELIM-KMYICTHYOHNRFFJCVFOB_BID_V2672_DELIM-KMYICTHYOHNRFFJCVFOB_2001   34.32%    passed     37.05%
 355  DENV_2_DELIM-KMYICTHYOHNRFFJCVFOB_NI_DELIM-KMYICTHYOHNRFFJCVFOB_BID_V2673_DELIM-KMYICTHYOHNRFFJCVFOB_2001    0.43%    passed     97.58%
 356  DENV_2_DELIM-KMYICTHYOHNRFFJCVFOB_NI_DELIM-KMYICTHYOHNRFFJCVFOB_BID_V2346_DELIM-KMYICTHYOHNRFFJCVFOB_2000    0.37%    passed     99.54%
 357  DENV_2_DELIM-KMYICTHYOHNRFFJCVFOB_NI_DELIM-KMYICTHYOHNRFFJCVFOB_BID_V3078_DELIM-KMYICTHYOHNRFFJCVFOB_2001   16.87%    passed     97.95%
 358  DENV_2_DELIM-KMYICTHYOHNRFFJCVFOB_MX_DELIM-KMYICTHYOHNRFFJCVFOB_BID_V2953_DELIM-KMYICTHYOHNRFFJCVFOB_2002    0.56%    passed     95.52%
 359  DENV_2_DELIM-KMYICTHYOHNRFFJCVFOB_NI_DELIM-KMYICTHYOHNRFFJCVFOB_BID_V3079_DELIM-KMYICTHYOHNRFFJCVFOB_2001   38.79%    passed     84.59%
 360  DENV_2_DELIM-KMYICTHYOHNRFFJCVFOB_BZ_DELIM-KMYICTHYOHNRFFJCVFOB_BID_V2952_DELIM-KMYICTHYOHNRFFJCVFOB_2002    0.43%    passed     96.76%
 361  DENV_2_DELIM-KMYICTHYOHNRFFJCVFOB_NI_DELIM-KMYICTHYOHNRFFJCVFOB_BID_V513_DELIM-KMYICTHYOHNRFFJCVFOB_2005     0.41%    passed     97.52%
 362  DENV_2_DELIM-KMYICTHYOHNRFFJCVFOB_NI_DELIM-KMYICTHYOHNRFFJCVFOB_BID_V535_DELIM-KMYICTHYOHNRFFJCVFOB_2005     0.47%    passed     96.30%
 363  DENV_2_DELIM-KMYICTHYOHNRFFJCVFOB_NI_DELIM-KMYICTHYOHNRFFJCVFOB_BID_V633_DELIM-KMYICTHYOHNRFFJCVFOB_2006     0.42%    passed     95.11%
 364  DENV_2_DELIM-KMYICTHYOHNRFFJCVFOB_NI_DELIM-KMYICTHYOHNRFFJCVFOB_BID_V4157_DELIM-KMYICTHYOHNRFFJCVFOB_2006    0.42%    passed     98.90%
 365  DENV_2_DELIM-KMYICTHYOHNRFFJCVFOB_NI_DELIM-KMYICTHYOHNRFFJCVFOB_BID_V1753_DELIM-KMYICTHYOHNRFFJCVFOB_2007   29.84%    passed     93.76%
 366  DENV_2_DELIM-KMYICTHYOHNRFFJCVFOB_VE_DELIM-KMYICTHYOHNRFFJCVFOB_BID_V1107_DELIM-KMYICTHYOHNRFFJCVFOB_2007    0.42%    passed     99.70%
 367  DENV_2_DELIM-KMYICTHYOHNRFFJCVFOB_VE_DELIM-KMYICTHYOHNRFFJCVFOB_BID_V2221_DELIM-KMYICTHYOHNRFFJCVFOB_2004    0.43%    passed     99.21%
 368  DENV_2_DELIM-KMYICTHYOHNRFFJCVFOB_VE_DELIM-KMYICTHYOHNRFFJCVFOB_BID_V2216_DELIM-KMYICTHYOHNRFFJCVFOB_2003    0.42%    passed     99.35%
 369  DENV_2_DELIM-KMYICTHYOHNRFFJCVFOB_VE_DELIM-KMYICTHYOHNRFFJCVFOB_BID_V2262_DELIM-KMYICTHYOHNRFFJCVFOB_2006    0.42%    passed     99.45%
 370  DENV_2_DELIM-KMYICTHYOHNRFFJCVFOB_CO_DELIM-KMYICTHYOHNRFFJCVFOB_BID_V1603_DELIM-KMYICTHYOHNRFFJCVFOB_2004    0.72%    passed     99.87%
 371  DENV_2_DELIM-KMYICTHYOHNRFFJCVFOB_VE_DELIM-KMYICTHYOHNRFFJCVFOB_BID_V2473_DELIM-KMYICTHYOHNRFFJCVFOB_2007   15.56%    passed     66.00%
 372  DENV_2_DELIM-KMYICTHYOHNRFFJCVFOB_CO_DELIM-KMYICTHYOHNRFFJCVFOB_BID_V3369_DELIM-KMYICTHYOHNRFFJCVFOB_1999    0.92%    passed     99.80%
 373  DENV_2_DELIM-KMYICTHYOHNRFFJCVFOB_VE_DELIM-KMYICTHYOHNRFFJCVFOB_BID_V1457_DELIM-KMYICTHYOHNRFFJCVFOB_1996    0.42%    passed     99.63%
 374  DENV_2_DELIM-KMYICTHYOHNRFFJCVFOB_VE_DELIM-KMYICTHYOHNRFFJCVFOB_BID_V2942_DELIM-KMYICTHYOHNRFFJCVFOB_2000    0.42%    passed     97.86%
 375  FGU_Feb_93                                                                                                   0.56%    passed     99.84%
 376  FGU_Jan_00                                                                                                   0.69%    passed     99.84%
 377  FGU_May_99                                                                                                   0.24%    passed     99.60%
 378  DENV_2_DELIM-KMYICTHYOHNRFFJCVFOB_KN_DELIM-KMYICTHYOHNRFFJCVFOB_BID_V2951_DELIM-KMYICTHYOHNRFFJCVFOB_2001    0.42%    passed     97.29%
 379  DENV_2_DELIM-KMYICTHYOHNRFFJCVFOB_US_DELIM-KMYICTHYOHNRFFJCVFOB_BID_V1387_DELIM-KMYICTHYOHNRFFJCVFOB_1998    0.51%    passed     98.30%
 380  DENV_2_DELIM-KMYICTHYOHNRFFJCVFOB_US_DELIM-KMYICTHYOHNRFFJCVFOB_BID_V1428_DELIM-KMYICTHYOHNRFFJCVFOB_1999    0.42%    passed     98.09%
 381  Cuba205_DELIM-KMYICTHYOHNRFFJCVFOB_97                                                                        0.01%    passed     99.96%
 382  Cuba165_DELIM-KMYICTHYOHNRFFJCVFOB_97                                                                        0.01%    passed     99.97%
 383  Cuba115_DELIM-KMYICTHYOHNRFFJCVFOB_97                                                                        0.01%    passed    100.00%
 384  Cuba58_DELIM-KMYICTHYOHNRFFJCVFOB_97                                                                         0.01%    passed     99.97%
 385  Cuba13_DELIM-KMYICTHYOHNRFFJCVFOB_97                                                                         0.01%    passed     99.98%
 386  DENV_2_DELIM-KMYICTHYOHNRFFJCVFOB_NI_DELIM-KMYICTHYOHNRFFJCVFOB_BID_V2335_DELIM-KMYICTHYOHNRFFJCVFOB_2001   29.71%    passed     16.14%
 387  DENV_2_DELIM-KMYICTHYOHNRFFJCVFOB_NI_DELIM-KMYICTHYOHNRFFJCVFOB_BID_V2928_DELIM-KMYICTHYOHNRFFJCVFOB_2001   34.72%    passed     42.86%
 388  DENV_2_DELIM-KMYICTHYOHNRFFJCVFOB_MX_DELIM-KMYICTHYOHNRFFJCVFOB_BID_V3654_DELIM-KMYICTHYOHNRFFJCVFOB_2006    0.57%    passed     99.72%
 389  DENV_2_DELIM-KMYICTHYOHNRFFJCVFOB_MX_DELIM-KMYICTHYOHNRFFJCVFOB_BID_V3768_DELIM-KMYICTHYOHNRFFJCVFOB_2004    1.88%    passed     98.48%
 390  DENV_2_DELIM-KMYICTHYOHNRFFJCVFOB_MX_DELIM-KMYICTHYOHNRFFJCVFOB_BID_V3715_DELIM-KMYICTHYOHNRFFJCVFOB_2007    0.54%    passed     97.13%
 391  DENV_2_DELIM-KMYICTHYOHNRFFJCVFOB_NI_DELIM-KMYICTHYOHNRFFJCVFOB_BID_V4914_DELIM-KMYICTHYOHNRFFJCVFOB_2009    2.28%    passed     92.24%
 392  DENV_2_DELIM-KMYICTHYOHNRFFJCVFOB_NI_DELIM-KMYICTHYOHNRFFJCVFOB_BID_V3149_DELIM-KMYICTHYOHNRFFJCVFOB_2007    2.23%    passed     96.20%
 393  DENV_2_DELIM-KMYICTHYOHNRFFJCVFOB_NI_DELIM-KMYICTHYOHNRFFJCVFOB_BID_V563_DELIM-KMYICTHYOHNRFFJCVFOB_2006     0.43%    passed     95.43%
 394  DENV_2_DELIM-KMYICTHYOHNRFFJCVFOB_NI_DELIM-KMYICTHYOHNRFFJCVFOB_BID_V528_DELIM-KMYICTHYOHNRFFJCVFOB_2005     0.38%    passed     97.48%
 395  DENV_2_DELIM-KMYICTHYOHNRFFJCVFOB_NI_DELIM-KMYICTHYOHNRFFJCVFOB_BID_V4160_DELIM-KMYICTHYOHNRFFJCVFOB_2005    7.86%    passed     93.11%
 396  DENV_2_DELIM-KMYICTHYOHNRFFJCVFOB_NI_DELIM-KMYICTHYOHNRFFJCVFOB_BID_V668_DELIM-KMYICTHYOHNRFFJCVFOB_2004     0.54%    passed     96.96%
 397  DENV_2_DELIM-KMYICTHYOHNRFFJCVFOB_NI_DELIM-KMYICTHYOHNRFFJCVFOB_BID_V627_DELIM-KMYICTHYOHNRFFJCVFOB_2004     0.43%    passed     96.52%
 398  DENV_2_DELIM-KMYICTHYOHNRFFJCVFOB_NI_DELIM-KMYICTHYOHNRFFJCVFOB_BID_V2574_DELIM-KMYICTHYOHNRFFJCVFOB_2005    0.43%    passed     93.51%
 399  DENV_2_DELIM-KMYICTHYOHNRFFJCVFOB_NI_DELIM-KMYICTHYOHNRFFJCVFOB_BID_V557_DELIM-KMYICTHYOHNRFFJCVFOB_2005     0.43%    passed     93.39%
 400  DENV_2_DELIM-KMYICTHYOHNRFFJCVFOB_NI_DELIM-KMYICTHYOHNRFFJCVFOB_BID_V556_DELIM-KMYICTHYOHNRFFJCVFOB_2005     0.43%    passed     93.07%
 401  DENV_2_DELIM-KMYICTHYOHNRFFJCVFOB_NI_DELIM-KMYICTHYOHNRFFJCVFOB_BID_V2332_DELIM-KMYICTHYOHNRFFJCVFOB_2006   29.61%    passed     19.00%
 402  DENV_2_DELIM-KMYICTHYOHNRFFJCVFOB_NI_DELIM-KMYICTHYOHNRFFJCVFOB_BID_V672_DELIM-KMYICTHYOHNRFFJCVFOB_2005     0.43%    passed     95.47%
 403  DENV_2_DELIM-KMYICTHYOHNRFFJCVFOB_NI_DELIM-KMYICTHYOHNRFFJCVFOB_BID_V549_DELIM-KMYICTHYOHNRFFJCVFOB_2005     0.44%    passed     95.22%
 404  DENV_2_DELIM-KMYICTHYOHNRFFJCVFOB_NI_DELIM-KMYICTHYOHNRFFJCVFOB_BID_V743_DELIM-KMYICTHYOHNRFFJCVFOB_2005     0.51%    passed     96.72%
 405  DENV_2_DELIM-KMYICTHYOHNRFFJCVFOB_NI_DELIM-KMYICTHYOHNRFFJCVFOB_BID_V2572_DELIM-KMYICTHYOHNRFFJCVFOB_2005    0.60%    passed     92.67%
 406  DENV_2_DELIM-KMYICTHYOHNRFFJCVFOB_NI_DELIM-KMYICTHYOHNRFFJCVFOB_BID_V654_DELIM-KMYICTHYOHNRFFJCVFOB_2005     0.43%    passed     97.14%
 407  DENV_2_DELIM-KMYICTHYOHNRFFJCVFOB_NI_DELIM-KMYICTHYOHNRFFJCVFOB_BID_V623_DELIM-KMYICTHYOHNRFFJCVFOB_2005     0.43%    passed     97.14%
 408  DENV_2_DELIM-KMYICTHYOHNRFFJCVFOB_NI_DELIM-KMYICTHYOHNRFFJCVFOB_BID_V620_DELIM-KMYICTHYOHNRFFJCVFOB_2005     0.43%    passed     97.14%
 409  DENV_2_DELIM-KMYICTHYOHNRFFJCVFOB_NI_DELIM-KMYICTHYOHNRFFJCVFOB_BID_V609_DELIM-KMYICTHYOHNRFFJCVFOB_2005     0.43%    passed     96.73%
 410  DENV_2_DELIM-KMYICTHYOHNRFFJCVFOB_NI_DELIM-KMYICTHYOHNRFFJCVFOB_BID_V660_DELIM-KMYICTHYOHNRFFJCVFOB_2005     0.44%    passed     96.95%
 411  DENV_2_DELIM-KMYICTHYOHNRFFJCVFOB_NI_DELIM-KMYICTHYOHNRFFJCVFOB_BID_V631_DELIM-KMYICTHYOHNRFFJCVFOB_2006     0.44%    passed     96.95%
 412  DENV_2_DELIM-KMYICTHYOHNRFFJCVFOB_NI_DELIM-KMYICTHYOHNRFFJCVFOB_BID_V527_DELIM-KMYICTHYOHNRFFJCVFOB_2005     0.44%    passed     96.58%
 413  DENV_2_DELIM-KMYICTHYOHNRFFJCVFOB_NI_DELIM-KMYICTHYOHNRFFJCVFOB_BID_V634_DELIM-KMYICTHYOHNRFFJCVFOB_2005     0.44%    passed     96.74%
 414  DENV_2_DELIM-KMYICTHYOHNRFFJCVFOB_NI_DELIM-KMYICTHYOHNRFFJCVFOB_BID_V645_DELIM-KMYICTHYOHNRFFJCVFOB_2005     0.06%    passed     98.55%
 415  DENV_2_DELIM-KMYICTHYOHNRFFJCVFOB_NI_DELIM-KMYICTHYOHNRFFJCVFOB_BID_V575_DELIM-KMYICTHYOHNRFFJCVFOB_2006     0.44%    passed     92.71%
 416  DENV_2_DELIM-KMYICTHYOHNRFFJCVFOB_NI_DELIM-KMYICTHYOHNRFFJCVFOB_BID_V520_DELIM-KMYICTHYOHNRFFJCVFOB_2005     0.43%    passed     94.94%
 417  DENV_2_DELIM-KMYICTHYOHNRFFJCVFOB_NI_DELIM-KMYICTHYOHNRFFJCVFOB_BID_V632_DELIM-KMYICTHYOHNRFFJCVFOB_2005    34.37%    passed     35.07%
 418  DENV_2_DELIM-KMYICTHYOHNRFFJCVFOB_NI_DELIM-KMYICTHYOHNRFFJCVFOB_BID_V673_DELIM-KMYICTHYOHNRFFJCVFOB_2006     0.43%    passed     93.44%
 419  DENV_2_DELIM-KMYICTHYOHNRFFJCVFOB_NI_DELIM-KMYICTHYOHNRFFJCVFOB_BID_V2331_DELIM-KMYICTHYOHNRFFJCVFOB_2006    0.43%    passed     95.16%
 420  DENV_2_DELIM-KMYICTHYOHNRFFJCVFOB_NI_DELIM-KMYICTHYOHNRFFJCVFOB_BID_V543_DELIM-KMYICTHYOHNRFFJCVFOB_2005     0.43%    passed     95.95%
 421  DENV_2_DELIM-KMYICTHYOHNRFFJCVFOB_NI_DELIM-KMYICTHYOHNRFFJCVFOB_BID_V4639_DELIM-KMYICTHYOHNRFFJCVFOB_2005    2.31%    passed     92.69%
 422  DENV_2_DELIM-KMYICTHYOHNRFFJCVFOB_NI_DELIM-KMYICTHYOHNRFFJCVFOB_BID_V1760_DELIM-KMYICTHYOHNRFFJCVFOB_2006   29.77%    passed     16.98%
 423  DENV_2_DELIM-KMYICTHYOHNRFFJCVFOB_NI_DELIM-KMYICTHYOHNRFFJCVFOB_BID_V1759_DELIM-KMYICTHYOHNRFFJCVFOB_2006   32.30%    passed     27.09%
 424  DENV_2_DELIM-KMYICTHYOHNRFFJCVFOB_NI_DELIM-KMYICTHYOHNRFFJCVFOB_BID_V1233_DELIM-KMYICTHYOHNRFFJCVFOB_2007    0.43%    passed     96.04%
 425  DENV_2_DELIM-KMYICTHYOHNRFFJCVFOB_NI_DELIM-KMYICTHYOHNRFFJCVFOB_BID_V1220_DELIM-KMYICTHYOHNRFFJCVFOB_2007   37.17%    passed     44.32%
 426  DENV_2_DELIM-KMYICTHYOHNRFFJCVFOB_NI_DELIM-KMYICTHYOHNRFFJCVFOB_BID_V4637_DELIM-KMYICTHYOHNRFFJCVFOB_2005    2.31%    passed     89.35%
 427  DENV_2_DELIM-KMYICTHYOHNRFFJCVFOB_NI_DELIM-KMYICTHYOHNRFFJCVFOB_BID_V3080_DELIM-KMYICTHYOHNRFFJCVFOB_2001   38.60%    passed     33.60%
 428  CAM7786                                                                                                      1.88%    passed     99.39%
 429  DENV_2_DELIM-KMYICTHYOHNRFFJCVFOB_MX_DELIM-KMYICTHYOHNRFFJCVFOB_BID_V3661_DELIM-KMYICTHYOHNRFFJCVFOB_2006    0.96%    passed     99.49%
 430  DENV_2_DELIM-KMYICTHYOHNRFFJCVFOB_MX_DELIM-KMYICTHYOHNRFFJCVFOB_BID_V3762_DELIM-KMYICTHYOHNRFFJCVFOB_2008   23.25%    passed     96.75%
 431  DENV_2_DELIM-KMYICTHYOHNRFFJCVFOB_MX_DELIM-KMYICTHYOHNRFFJCVFOB_BID_V2964_DELIM-KMYICTHYOHNRFFJCVFOB_2008    0.43%    passed     98.22%
 432  DENV2_30                                                                                                     1.48%    passed     96.93%
 433  DENV_2_DELIM-KMYICTHYOHNRFFJCVFOB_MX_DELIM-KMYICTHYOHNRFFJCVFOB_BID_V3771_DELIM-KMYICTHYOHNRFFJCVFOB_2003   21.77%    passed     89.68%
 434  G2AE                                                                                                         1.38%    passed     99.70%
 435  G3AE                                                                                                         0.35%    passed     98.76%
 436  G1AE                                                                                                         1.01%    passed     98.19%
 437  DENV_2_DELIM-KMYICTHYOHNRFFJCVFOB_MX_DELIM-KMYICTHYOHNRFFJCVFOB_BID_V7537_DELIM-KMYICTHYOHNRFFJCVFOB_2010    3.94%    passed     89.46%
 438  DENV_2_DELIM-KMYICTHYOHNRFFJCVFOB_MX_DELIM-KMYICTHYOHNRFFJCVFOB_BID_V3763_DELIM-KMYICTHYOHNRFFJCVFOB_2008    1.92%    passed     95.69%
 439  DENV_2_DELIM-KMYICTHYOHNRFFJCVFOB_MX_DELIM-KMYICTHYOHNRFFJCVFOB_BID_V7535_DELIM-KMYICTHYOHNRFFJCVFOB_2009    2.31%    passed     95.11%
 440  DENV_2_DELIM-KMYICTHYOHNRFFJCVFOB_CO_DELIM-KMYICTHYOHNRFFJCVFOB_BID_V7294_DELIM-KMYICTHYOHNRFFJCVFOB_2000    2.30%    passed     98.63%
 441  DENV_2_DELIM-KMYICTHYOHNRFFJCVFOB_GU_DELIM-KMYICTHYOHNRFFJCVFOB_FDA_GUA09_DELIM-KMYICTHYOHNRFFJCVFOB_2009    0.00%    passed     99.91%
 442  DENV_2_DELIM-KMYICTHYOHNRFFJCVFOB_MX_DELIM-KMYICTHYOHNRFFJCVFOB_BID_V8199_DELIM-KMYICTHYOHNRFFJCVFOB_2011    2.28%    passed     96.02%
 443  DENV_2_DELIM-KMYICTHYOHNRFFJCVFOB_US_DELIM-KMYICTHYOHNRFFJCVFOB_BID_V1425_DELIM-KMYICTHYOHNRFFJCVFOB_1999    0.42%    passed     99.62%
 444  DENV_2_DELIM-KMYICTHYOHNRFFJCVFOB_US_DELIM-KMYICTHYOHNRFFJCVFOB_BID_V1052_DELIM-KMYICTHYOHNRFFJCVFOB_1998    0.42%    passed     99.81%
 445  DENV_2_DELIM-KMYICTHYOHNRFFJCVFOB_US_DELIM-KMYICTHYOHNRFFJCVFOB_BID_V1033_DELIM-KMYICTHYOHNRFFJCVFOB_1998    0.42%    passed     99.96%
 446  DENV_2_DELIM-KMYICTHYOHNRFFJCVFOB_BR_DELIM-KMYICTHYOHNRFFJCVFOB_BID_V2386_DELIM-KMYICTHYOHNRFFJCVFOB_2003    0.52%    passed     99.82%
 447  DENV_2_DELIM-KMYICTHYOHNRFFJCVFOB_BR_DELIM-KMYICTHYOHNRFFJCVFOB_BID_V2396_DELIM-KMYICTHYOHNRFFJCVFOB_2006    0.52%    passed     99.15%
 448  DENV_2_DELIM-KMYICTHYOHNRFFJCVFOB_BR_DELIM-KMYICTHYOHNRFFJCVFOB_BID_V2379_DELIM-KMYICTHYOHNRFFJCVFOB_2001    0.42%    passed     99.54%
 449  DENV_2_DELIM-KMYICTHYOHNRFFJCVFOB_BR_DELIM-KMYICTHYOHNRFFJCVFOB_BID_V2385_DELIM-KMYICTHYOHNRFFJCVFOB_2003    0.52%    passed     99.80%
 450  DENV_2_DELIM-KMYICTHYOHNRFFJCVFOB_BR_DELIM-KMYICTHYOHNRFFJCVFOB_BID_V2382_DELIM-KMYICTHYOHNRFFJCVFOB_2002    0.56%    passed     99.73%
 451  FGU_Oct_05                                                                                                   0.33%    passed     99.38%
 452  FGU_Aug_98                                                                                                   0.27%    passed     99.79%
 453  FGU_Fev_98                                                                                                   0.07%    passed     99.77%
 454  FGU_Jun_97                                                                                                   0.01%    passed     99.50%
 455  FGU_Apr_02                                                                                                   0.01%    passed     99.01%
 456  FGU_Dec_01                                                                                                   0.44%    passed     99.91%
 457  DENV_2_DELIM-KMYICTHYOHNRFFJCVFOB_BR_DELIM-KMYICTHYOHNRFFJCVFOB_BID_V2377_DELIM-KMYICTHYOHNRFFJCVFOB_2000    1.14%    passed     99.03%
 458  DENV_2_DELIM-KMYICTHYOHNRFFJCVFOB_BR_DELIM-KMYICTHYOHNRFFJCVFOB_BID_V2393_DELIM-KMYICTHYOHNRFFJCVFOB_2005    0.43%    passed     98.64%
 459  DENV_2_DELIM-KMYICTHYOHNRFFJCVFOB_BR_DELIM-KMYICTHYOHNRFFJCVFOB_BID_V2390_DELIM-KMYICTHYOHNRFFJCVFOB_2004    0.41%    passed     98.20%
 460  BR_DEN2_01_01                                                                                                0.00%    passed     97.76%
 461  DENV_2_DELIM-KMYICTHYOHNRFFJCVFOB_US_DELIM-KMYICTHYOHNRFFJCVFOB_BID_V678_DELIM-KMYICTHYOHNRFFJCVFOB_1998     0.42%    passed     99.94%
 462  DENV_2_DELIM-KMYICTHYOHNRFFJCVFOB_US_DELIM-KMYICTHYOHNRFFJCVFOB_BID_V677_DELIM-KMYICTHYOHNRFFJCVFOB_1998     0.42%    passed     99.89%
 463  DENV_2_DELIM-KMYICTHYOHNRFFJCVFOB_US_DELIM-KMYICTHYOHNRFFJCVFOB_BID_V1032_DELIM-KMYICTHYOHNRFFJCVFOB_1998    0.42%    passed     99.91%
 464  DENV_2_DELIM-KMYICTHYOHNRFFJCVFOB_NI_DELIM-KMYICTHYOHNRFFJCVFOB_BID_V2925_DELIM-KMYICTHYOHNRFFJCVFOB_1999   37.00%    passed     64.62%
 465  DENV_2_DELIM-KMYICTHYOHNRFFJCVFOB_CO_DELIM-KMYICTHYOHNRFFJCVFOB_BID_V3374_DELIM-KMYICTHYOHNRFFJCVFOB_2007    0.94%    passed     83.30%
 466  DENV_2_DELIM-KMYICTHYOHNRFFJCVFOB_CO_DELIM-KMYICTHYOHNRFFJCVFOB_BID_V3375_DELIM-KMYICTHYOHNRFFJCVFOB_2007    0.42%    passed     83.63%
 467  DENV_2_DELIM-KMYICTHYOHNRFFJCVFOB_VE_DELIM-KMYICTHYOHNRFFJCVFOB_BID_V2160_DELIM-KMYICTHYOHNRFFJCVFOB_2003    0.72%    passed     92.48%
 468  DENV_2_DELIM-KMYICTHYOHNRFFJCVFOB_CO_DELIM-KMYICTHYOHNRFFJCVFOB_BID_V3371_DELIM-KMYICTHYOHNRFFJCVFOB_2005    0.53%    passed     90.88%
 469  DENV_2_DELIM-KMYICTHYOHNRFFJCVFOB_CO_DELIM-KMYICTHYOHNRFFJCVFOB_BID_V3373_DELIM-KMYICTHYOHNRFFJCVFOB_2005    0.53%    passed     89.30%
 470  DENV_2_DELIM-KMYICTHYOHNRFFJCVFOB_VE_DELIM-KMYICTHYOHNRFFJCVFOB_BID_V2470_DELIM-KMYICTHYOHNRFFJCVFOB_2007    0.43%    passed     98.69%
 471  DENV_2_DELIM-KMYICTHYOHNRFFJCVFOB_VE_DELIM-KMYICTHYOHNRFFJCVFOB_BID_V1144_DELIM-KMYICTHYOHNRFFJCVFOB_2007    0.43%    passed     98.93%
 472  DENV_2_DELIM-KMYICTHYOHNRFFJCVFOB_VE_DELIM-KMYICTHYOHNRFFJCVFOB_BID_V2471_DELIM-KMYICTHYOHNRFFJCVFOB_2007    1.42%    passed     99.08%
 473  DENV_2_DELIM-KMYICTHYOHNRFFJCVFOB_VE_DELIM-KMYICTHYOHNRFFJCVFOB_BID_V2424_DELIM-KMYICTHYOHNRFFJCVFOB_2004    0.21%    passed     98.71%
 474  DENV_2_DELIM-KMYICTHYOHNRFFJCVFOB_VE_DELIM-KMYICTHYOHNRFFJCVFOB_BID_V2246_DELIM-KMYICTHYOHNRFFJCVFOB_2005    0.43%    passed     96.30%
 475  DENV_2_DELIM-KMYICTHYOHNRFFJCVFOB_VE_DELIM-KMYICTHYOHNRFFJCVFOB_BID_V2159_DELIM-KMYICTHYOHNRFFJCVFOB_2005    0.50%    passed     97.46%
 476  DENV_2_DELIM-KMYICTHYOHNRFFJCVFOB_VE_DELIM-KMYICTHYOHNRFFJCVFOB_BID_V2944_DELIM-KMYICTHYOHNRFFJCVFOB_2005    0.43%    passed     97.60%
 477  VE_61069_2006                                                                                                0.01%    passed     97.89%
 478  VE_61095_2007                                                                                                0.01%    passed     98.22%
 479  VE_61133_2007                                                                                                0.01%    passed     98.00%
 480  VE_61082_2007                                                                                                0.01%    passed     98.64%
 481  DENV_2_DELIM-KMYICTHYOHNRFFJCVFOB_VE_DELIM-KMYICTHYOHNRFFJCVFOB_BID_V1095_DELIM-KMYICTHYOHNRFFJCVFOB_2007    0.43%    passed     94.35%
 482  DENV_2_DELIM-KMYICTHYOHNRFFJCVFOB_VE_DELIM-KMYICTHYOHNRFFJCVFOB_BID_V1105_DELIM-KMYICTHYOHNRFFJCVFOB_2007    0.52%    passed     94.24%
 483  DENV_2_DELIM-KMYICTHYOHNRFFJCVFOB_VE_DELIM-KMYICTHYOHNRFFJCVFOB_BID_V1111_DELIM-KMYICTHYOHNRFFJCVFOB_2007    0.58%    passed     96.08%
 484  DENV_2_DELIM-KMYICTHYOHNRFFJCVFOB_VE_DELIM-KMYICTHYOHNRFFJCVFOB_BID_V2477_DELIM-KMYICTHYOHNRFFJCVFOB_2008    0.53%    passed     94.23%
 485  DENV_2_DELIM-KMYICTHYOHNRFFJCVFOB_VE_DELIM-KMYICTHYOHNRFFJCVFOB_BID_V2476_DELIM-KMYICTHYOHNRFFJCVFOB_2008    0.44%    passed     95.37%
 486  VEN_HUPAZ_1_DELIM-KMYICTHYOHNRFFJCVFOB_2016                                                                  0.01%    passed     99.09%
 487  DENV_2_DELIM-KMYICTHYOHNRFFJCVFOB_VE_DELIM-KMYICTHYOHNRFFJCVFOB_BID_V2472_DELIM-KMYICTHYOHNRFFJCVFOB_2007   25.24%    passed     48.34%
 488  DENV_2_DELIM-KMYICTHYOHNRFFJCVFOB_CO_DELIM-KMYICTHYOHNRFFJCVFOB_BID_V1597_DELIM-KMYICTHYOHNRFFJCVFOB_2005    0.81%    passed     99.76%
 489  DENV_2_DELIM-KMYICTHYOHNRFFJCVFOB_CO_DELIM-KMYICTHYOHNRFFJCVFOB_BID_V1595_DELIM-KMYICTHYOHNRFFJCVFOB_2005    0.78%    passed     99.62%
 490  DENV_2_DELIM-KMYICTHYOHNRFFJCVFOB_CO_DELIM-KMYICTHYOHNRFFJCVFOB_BID_V1596_DELIM-KMYICTHYOHNRFFJCVFOB_2005    0.78%    passed     99.80%
 491  DENV_2_DELIM-KMYICTHYOHNRFFJCVFOB_CO_DELIM-KMYICTHYOHNRFFJCVFOB_BID_V1594_DELIM-KMYICTHYOHNRFFJCVFOB_2005    0.72%    passed     99.56%
 492  DENV_2_DELIM-KMYICTHYOHNRFFJCVFOB_CO_DELIM-KMYICTHYOHNRFFJCVFOB_BID_V1601_DELIM-KMYICTHYOHNRFFJCVFOB_2005    0.82%    passed     99.75%
 493  DENV_2_DELIM-KMYICTHYOHNRFFJCVFOB_CO_DELIM-KMYICTHYOHNRFFJCVFOB_BID_V3370_DELIM-KMYICTHYOHNRFFJCVFOB_2004    0.90%    passed     98.78%
 494  DENV_2_DELIM-KMYICTHYOHNRFFJCVFOB_CO_DELIM-KMYICTHYOHNRFFJCVFOB_BID_V3372_DELIM-KMYICTHYOHNRFFJCVFOB_2005    0.42%    passed     98.28%
 495  VE_61154_2007                                                                                                0.01%    passed     99.31%
 496  DENV_2_DELIM-KMYICTHYOHNRFFJCVFOB_VE_DELIM-KMYICTHYOHNRFFJCVFOB_BID_V2158_DELIM-KMYICTHYOHNRFFJCVFOB_2005    0.88%    passed     99.71%
 497  DENV_2_DELIM-KMYICTHYOHNRFFJCVFOB_VE_DELIM-KMYICTHYOHNRFFJCVFOB_BID_V1104_DELIM-KMYICTHYOHNRFFJCVFOB_2007    0.42%    passed     89.67%
 498  VE_61136_2007                                                                                                0.01%    passed     98.07%
 499  VE_61115_2007                                                                                                0.01%    passed     99.60%
 500  DENV_2_DELIM-KMYICTHYOHNRFFJCVFOB_VE_DELIM-KMYICTHYOHNRFFJCVFOB_BID_V2475_DELIM-KMYICTHYOHNRFFJCVFOB_2007   30.74%    passed     74.74%
 501  DENV_2_DELIM-KMYICTHYOHNRFFJCVFOB_VE_DELIM-KMYICTHYOHNRFFJCVFOB_BID_V2478_DELIM-KMYICTHYOHNRFFJCVFOB_2008    0.56%    passed     99.35%
 502  DENV_2_DELIM-KMYICTHYOHNRFFJCVFOB_VE_DELIM-KMYICTHYOHNRFFJCVFOB_BID_V2613_DELIM-KMYICTHYOHNRFFJCVFOB_2007    0.68%    passed     98.45%
 503  DENV_2_DELIM-KMYICTHYOHNRFFJCVFOB_VE_DELIM-KMYICTHYOHNRFFJCVFOB_IDAMS_DELIM-KMYICTHYOHNRFFJCVFOB_910121      0.19%    passed     94.26%
 504  DENV_2_DELIM-KMYICTHYOHNRFFJCVFOB_VE_DELIM-KMYICTHYOHNRFFJCVFOB_IDAMS_DELIM-KMYICTHYOHNRFFJCVFOB_921099      1.01%    passed     96.50%
 505  DENV_2_DELIM-KMYICTHYOHNRFFJCVFOB_VE_DELIM-KMYICTHYOHNRFFJCVFOB_IDAMS_DELIM-KMYICTHYOHNRFFJCVFOB_921096      0.28%    passed     96.24%
 506  DENV_2_DELIM-KMYICTHYOHNRFFJCVFOB_CO_DELIM-KMYICTHYOHNRFFJCVFOB_BID_V1602_DELIM-KMYICTHYOHNRFFJCVFOB_2005   50.42%    passed     54.28%
 507  DENV_2_DELIM-KMYICTHYOHNRFFJCVFOB_VE_DELIM-KMYICTHYOHNRFFJCVFOB_IDAMS_DELIM-KMYICTHYOHNRFFJCVFOB_921095      0.14%    passed     99.52%
 508  DENV_2_DELIM-KMYICTHYOHNRFFJCVFOB_VE_DELIM-KMYICTHYOHNRFFJCVFOB_IDAMS_DELIM-KMYICTHYOHNRFFJCVFOB_910105      0.13%    passed     99.18%
 509  TD_00057_P_2WK                                                                                               0.72%    passed     98.98%
 510  00155_P                                                                                                      0.72%    passed     99.25%
 511  TD_00079_P                                                                                                   0.72%    passed     97.58%
 512  TD_00080_P                                                                                                   0.72%    passed     97.58%
 513  TD_00077_P                                                                                                   0.72%    passed     97.58%
 514  TD_00093_P                                                                                                   0.72%    passed     98.96%
 515  TD_00021_S                                                                                                   0.72%    passed     98.70%
 516  TD_00082_P                                                                                                   0.74%    passed     99.40%
 517  RL_00065_P                                                                                                   0.72%    passed     99.51%
 518  00143_P                                                                                                      0.72%    passed     99.28%
 519  00137_P                                                                                                      0.72%    passed     99.11%
 520  00104_P                                                                                                      0.72%    passed     99.63%
 521  00127_P                                                                                                      0.76%    passed     99.60%
 522  RL_00028_S                                                                                                   0.75%    passed     99.66%
 523  TD_00036_S                                                                                                   0.73%    passed     99.57%
 524  00145_P                                                                                                      0.72%    passed     99.52%
 525  TD_00016_S                                                                                                   0.72%    passed     99.41%
 526  TD_00074_P                                                                                                   0.72%    passed     99.62%
 527  TD_00094_P                                                                                                   0.74%    passed     99.49%
 528  TD_00078_P                                                                                                   0.72%    passed     99.60%
 529  TD_00048_S                                                                                                   0.74%    passed     99.61%
 530  00147_P                                                                                                      0.72%    passed     99.73%
 531  00121_P                                                                                                      2.47%    passed     98.05%
 532  00142_P                                                                                                      0.73%    passed     99.34%
 533  00149_P                                                                                                      0.75%    passed     99.73%
 534  00173_P                                                                                                      0.72%    passed     99.70%
 535  00166_P                                                                                                      0.74%    passed     99.59%
 536  DENV_2_DELIM-KMYICTHYOHNRFFJCVFOB_VE_DELIM-KMYICTHYOHNRFFJCVFOB_BID_V2161_DELIM-KMYICTHYOHNRFFJCVFOB_2001    1.04%    passed     96.40%
 537  DENV_2_DELIM-KMYICTHYOHNRFFJCVFOB_VN_DELIM-KMYICTHYOHNRFFJCVFOB_BID_V2947_DELIM-KMYICTHYOHNRFFJCVFOB_1988    1.37%    passed     98.74%
 538  DENV_2_DELIM-KMYICTHYOHNRFFJCVFOB_NI_DELIM-KMYICTHYOHNRFFJCVFOB_BID_V2339_DELIM-KMYICTHYOHNRFFJCVFOB_2001   31.48%    passed     95.58%
 539  DENV_2_DELIM-KMYICTHYOHNRFFJCVFOB_VN_DELIM-KMYICTHYOHNRFFJCVFOB_BID_V763_DELIM-KMYICTHYOHNRFFJCVFOB_2003     0.42%    passed     93.95%
 540  DENV_2_DELIM-KMYICTHYOHNRFFJCVFOB_VN_DELIM-KMYICTHYOHNRFFJCVFOB_BID_V758_DELIM-KMYICTHYOHNRFFJCVFOB_2003     0.42%    passed     93.30%
 541  DENV_2_DELIM-KMYICTHYOHNRFFJCVFOB_VN_DELIM-KMYICTHYOHNRFFJCVFOB_BID_V759_DELIM-KMYICTHYOHNRFFJCVFOB_2003     0.42%    passed     93.06%
 542  DENV_2_DELIM-KMYICTHYOHNRFFJCVFOB_VN_DELIM-KMYICTHYOHNRFFJCVFOB_BID_V757_DELIM-KMYICTHYOHNRFFJCVFOB_2003     0.42%    passed     91.76%
 543  DF900                                                                                                        0.31%    passed     91.84%
 544  DF726                                                                                                        0.29%    passed     91.08%
 545  DENV_2_DELIM-KMYICTHYOHNRFFJCVFOB_VN_DELIM-KMYICTHYOHNRFFJCVFOB_BID_V765_DELIM-KMYICTHYOHNRFFJCVFOB_2003     0.42%    passed     93.30%
 546  DF727                                                                                                        0.28%    passed     89.38%
 547  MD902                                                                                                        2.21%    passed     90.66%
 548  MD1270                                                                                                       0.35%    passed     89.00%
 549  MD919                                                                                                        3.09%    passed     87.86%
 550  DF670                                                                                                        0.35%    passed     92.58%
 551  DF897                                                                                                        0.34%    passed     91.40%
 552  MD944                                                                                                        0.34%    passed     89.40%
 553  MD1244                                                                                                       0.48%    passed     93.26%
 554  DENV_2_DELIM-KMYICTHYOHNRFFJCVFOB_VN_DELIM-KMYICTHYOHNRFFJCVFOB_BID_V761_DELIM-KMYICTHYOHNRFFJCVFOB_2003     0.43%    passed     88.00%
 555  DENV_2_DELIM-KMYICTHYOHNRFFJCVFOB_VN_DELIM-KMYICTHYOHNRFFJCVFOB_BID_V766_DELIM-KMYICTHYOHNRFFJCVFOB_2003     0.42%    passed     87.67%
 556  CSF381                                                                                                       0.60%    passed     95.10%
 557  DF707                                                                                                        1.19%    passed     85.04%
 558  MD510                                                                                                        0.60%    passed     90.99%
 559  MD1515                                                                                                       0.66%    passed     87.96%
 560  MD1280                                                                                                       1.11%    passed     94.82%
 561  MD861                                                                                                        0.35%    passed     95.26%
 562  MD917                                                                                                        0.35%    passed     93.51%
 563  DF404                                                                                                        0.35%    passed     93.38%
 564  MD1284                                                                                                       0.37%    passed     96.11%
 565  DENV_2_DELIM-KMYICTHYOHNRFFJCVFOB_VN_DELIM-KMYICTHYOHNRFFJCVFOB_BID_V756_DELIM-KMYICTHYOHNRFFJCVFOB_2003     0.43%    passed     96.96%
 566  VNHCM18_K_DELIM-KMYICTHYOHNRFFJCVFOB_02                                                                      0.73%    passed     95.18%
 567  VNHCM18_C_DELIM-KMYICTHYOHNRFFJCVFOB_02                                                                      0.72%    passed     94.51%
 568  MD1366                                                                                                       0.35%    passed     91.17%
 569  DF755                                                                                                        0.35%    passed     91.34%
 570  MD1504                                                                                                       0.27%    passed     96.85%
 571  DF657                                                                                                        0.36%    passed     89.69%
 572  MD903                                                                                                        1.53%    passed     98.40%
 573  MD863                                                                                                        0.35%    passed     99.59%
 574  MD518                                                                                                        0.32%    passed     98.00%
 575  MD594                                                                                                        0.36%    passed     97.24%
 576  DF699                                                                                                        0.35%    passed     95.16%
 577  DF593                                                                                                        3.15%    passed     99.48%
 578  DENV_2_DELIM-KMYICTHYOHNRFFJCVFOB_VN_DELIM-KMYICTHYOHNRFFJCVFOB_BID_V1004_DELIM-KMYICTHYOHNRFFJCVFOB_2006    0.42%    passed     99.75%
 579  DENV_2_DELIM-KMYICTHYOHNRFFJCVFOB_VN_DELIM-KMYICTHYOHNRFFJCVFOB_BID_V711_DELIM-KMYICTHYOHNRFFJCVFOB_2006     0.42%    passed     99.35%
 580  DF674                                                                                                        1.00%    passed     99.25%
 581  DF768                                                                                                        0.29%    passed     97.81%
 582  DENV_2_DELIM-KMYICTHYOHNRFFJCVFOB_VN_DELIM-KMYICTHYOHNRFFJCVFOB_BID_V727_DELIM-KMYICTHYOHNRFFJCVFOB_2006     0.42%    passed     99.81%
 583  D2_DELIM-KMYICTHYOHNRFFJCVFOB_Taiwan_DELIM-KMYICTHYOHNRFFJCVFOB_407TC9509a                                   0.79%    passed     97.98%
 584  MD1275                                                                                                       1.04%    passed     98.33%
 585  CNS36                                                                                                        0.02%    passed     99.66%
 586  DENV_2_DELIM-KMYICTHYOHNRFFJCVFOB_KH_DELIM-KMYICTHYOHNRFFJCVFOB_BID_V2019_DELIM-KMYICTHYOHNRFFJCVFOB_2001    2.31%    passed     97.49%
 587  DENV_2_DELIM-KMYICTHYOHNRFFJCVFOB_KH_DELIM-KMYICTHYOHNRFFJCVFOB_BID_V2032_DELIM-KMYICTHYOHNRFFJCVFOB_2003    3.29%    passed     96.79%
 588  DENV_2_DELIM-KMYICTHYOHNRFFJCVFOB_KH_DELIM-KMYICTHYOHNRFFJCVFOB_BID_V2033_DELIM-KMYICTHYOHNRFFJCVFOB_2003    0.56%    passed     94.84%
 589  DENV_2_DELIM-KMYICTHYOHNRFFJCVFOB_KH_DELIM-KMYICTHYOHNRFFJCVFOB_BID_V2030_DELIM-KMYICTHYOHNRFFJCVFOB_2003    0.53%    passed     94.64%
 590  DENV_2_DELIM-KMYICTHYOHNRFFJCVFOB_KH_DELIM-KMYICTHYOHNRFFJCVFOB_BID_V2020_DELIM-KMYICTHYOHNRFFJCVFOB_2001    0.52%    passed     96.27%
 591  DENV_2_DELIM-KMYICTHYOHNRFFJCVFOB_KH_DELIM-KMYICTHYOHNRFFJCVFOB_BID_V2024_DELIM-KMYICTHYOHNRFFJCVFOB_2002    0.42%    passed     98.87%
 592  DENV_2_DELIM-KMYICTHYOHNRFFJCVFOB_KH_DELIM-KMYICTHYOHNRFFJCVFOB_BID_V2022_DELIM-KMYICTHYOHNRFFJCVFOB_2002    0.43%    passed     99.20%
 593  DENV_2_DELIM-KMYICTHYOHNRFFJCVFOB_KH_DELIM-KMYICTHYOHNRFFJCVFOB_BID_V2023_DELIM-KMYICTHYOHNRFFJCVFOB_2002    0.44%    passed     98.78%
 594  DENV_2_DELIM-KMYICTHYOHNRFFJCVFOB_KH_DELIM-KMYICTHYOHNRFFJCVFOB_BID_V2021_DELIM-KMYICTHYOHNRFFJCVFOB_2002    0.43%    passed     99.44%
 595  ThD2_0284_90                                                                                                 0.00%    passed     98.43%
 596  DENV_2_DELIM-KMYICTHYOHNRFFJCVFOB_MX_DELIM-KMYICTHYOHNRFFJCVFOB_BID_V3766_DELIM-KMYICTHYOHNRFFJCVFOB_2005   30.51%    passed     80.30%
WARNING: 3 sequences contain more than 50% gaps/ambiguity
****  TOTAL                                                                                                        2.70%  0 sequences failed composition chi2 test (p-value<5%; df=3)
NOTE: DENV_2_DELIM-KMYICTHYOHNRFFJCVFOB_PE_DELIM-KMYICTHYOHNRFFJCVFOB_FPI01695_DELIM-KMYICTHYOHNRFFJCVFOB_2011 is identical to DENV_2_DELIM-KMYICTHYOHNRFFJCVFOB_PE_DELIM-KMYICTHYOHNRFFJCVFOB_FPY00016_DELIM-KMYICTHYOHNRFFJCVFOB_2010 but kept for subsequent analysis
NOTE: DENV_2_DELIM-KMYICTHYOHNRFFJCVFOB_US_DELIM-KMYICTHYOHNRFFJCVFOB_BID_V1172_DELIM-KMYICTHYOHNRFFJCVFOB_1987 is identical to DENV_2_DELIM-KMYICTHYOHNRFFJCVFOB_US_DELIM-KMYICTHYOHNRFFJCVFOB_BID_V1174_DELIM-KMYICTHYOHNRFFJCVFOB_1987 but kept for subsequent analysis
NOTE: DENV_2_DELIM-KMYICTHYOHNRFFJCVFOB_VE_DELIM-KMYICTHYOHNRFFJCVFOB_BID_V3364_DELIM-KMYICTHYOHNRFFJCVFOB_1991 is identical to DENV_2_DELIM-KMYICTHYOHNRFFJCVFOB_VE_DELIM-KMYICTHYOHNRFFJCVFOB_BID_V3362_DELIM-KMYICTHYOHNRFFJCVFOB_1991 but kept for subsequent analysis
NOTE: DENV_2_DELIM-KMYICTHYOHNRFFJCVFOB_US_DELIM-KMYICTHYOHNRFFJCVFOB_BID_V1461_DELIM-KMYICTHYOHNRFFJCVFOB_2000 is identical to DENV_2_DELIM-KMYICTHYOHNRFFJCVFOB_US_DELIM-KMYICTHYOHNRFFJCVFOB_BID_V1464_DELIM-KMYICTHYOHNRFFJCVFOB_2000 but kept for subsequent analysis
NOTE: DENV_2_DELIM-KMYICTHYOHNRFFJCVFOB_NI_DELIM-KMYICTHYOHNRFFJCVFOB_BID_V623_DELIM-KMYICTHYOHNRFFJCVFOB_2005 is identical to DENV_2_DELIM-KMYICTHYOHNRFFJCVFOB_NI_DELIM-KMYICTHYOHNRFFJCVFOB_BID_V654_DELIM-KMYICTHYOHNRFFJCVFOB_2005 but kept for subsequent analysis
NOTE: DENV_2_DELIM-KMYICTHYOHNRFFJCVFOB_NI_DELIM-KMYICTHYOHNRFFJCVFOB_BID_V631_DELIM-KMYICTHYOHNRFFJCVFOB_2006 is identical to DENV_2_DELIM-KMYICTHYOHNRFFJCVFOB_NI_DELIM-KMYICTHYOHNRFFJCVFOB_BID_V660_DELIM-KMYICTHYOHNRFFJCVFOB_2005 but kept for subsequent analysis
NOTE: TD_00080_P is identical to TD_00079_P but kept for subsequent analysis
Checking for duplicate sequences: done in 0.00666809 secs using 95.66% CPU
Identifying sites to remove: done in 0.0401928 secs using 90.64% CPU
NOTE: 2 identical sequences (see below) will be ignored for subsequent analysis
NOTE: DENV_2_DELIM-KMYICTHYOHNRFFJCVFOB_NI_DELIM-KMYICTHYOHNRFFJCVFOB_BID_V620_DELIM-KMYICTHYOHNRFFJCVFOB_2005 (identical to DENV_2_DELIM-KMYICTHYOHNRFFJCVFOB_NI_DELIM-KMYICTHYOHNRFFJCVFOB_BID_V654_DELIM-KMYICTHYOHNRFFJCVFOB_2005) is ignored but added at the end
NOTE: TD_00077_P (identical to TD_00079_P) is ignored but added at the end
Alignment was printed to results/aligned_denv2_AA-delim.fasta.uniqueseq.phy

For your convenience alignment with unique sequences printed to results/aligned_denv2_AA-delim.fasta.uniqueseq.phy

Create initial parsimony tree by phylogenetic likelihood library (PLL)... 0.011 seconds

NOTE: 82 MB RAM (0 GB) is required!
Estimate model parameters (epsilon = 0.500)
1. Initial log-likelihood: -606834.361
2. Current log-likelihood: -521767.657
3. Current log-likelihood: -521228.904
4. Current log-likelihood: -521124.629
5. Current log-likelihood: -521123.868
Optimal log-likelihood: -521123.822
Rate parameters:  A-C: 2.51437  A-G: 20.85053  A-T: 2.64058  C-G: 0.99917  C-T: 64.24958  G-T: 1.00000
Base frequencies:  A: 0.332  C: 0.205  G: 0.252  T: 0.210
Parameters optimization took 5 rounds (11.085 sec)
Wrote distance file to... 
Computing ML distances based on estimated model parameters...
Calculating distance matrix: done in 1.82168 secs using 99.87% CPU
Computing ML distances took 1.829271 sec (of wall-clock time) 1.826078 sec (of CPU time)
Setting up auxiliary I and S matrices: done in 0.00617909 secs using 186.2% CPU
Constructing RapidNJ tree: done in 0.0125611 secs using 192.3% CPU
Computing RapidNJ tree took 0.018804 sec (of wall-clock time) 0.035734 sec (of CPU time)
Log-likelihood of RapidNJ tree: -102272.668
--------------------------------------------------------------------
|             INITIALIZING CANDIDATE TREE SET                      |
--------------------------------------------------------------------

Do NNI search on 2 best initial trees
Optimizing NNI: done in 3.41798 secs using 99.84% CPU
Estimate model parameters (epsilon = 0.500)
BETTER TREE FOUND at iteration 1: -101298.856
Optimizing NNI: done in 51.3443 secs using 99.78% CPU
Finish initializing candidate tree set (4)
Current best tree score: -101298.856 / CPU time: 57.939
Number of iterations: 2
TREE SEARCH COMPLETED AFTER 2 ITERATIONS / Time: 0h:1m:11s

--------------------------------------------------------------------
|                    FINALIZING TREE SEARCH                        |
--------------------------------------------------------------------
Performs final model parameters optimization
Estimate model parameters (epsilon = 0.050)
1. Initial log-likelihood: -101298.856
Optimal log-likelihood: -101298.855
Rate parameters:  A-C: 1.43846  A-G: 10.40055  A-T: 1.65865  C-G: 0.80489  C-T: 31.89931  G-T: 1.00000
Base frequencies:  A: 0.332  C: 0.205  G: 0.252  T: 0.210
Parameters optimization took 1 rounds (0.720 sec)
BEST SCORE FOUND : -101298.855
Total tree length: 1.110

Total number of iterations: 2
CPU time used for tree search: 57.808 sec (0h:0m:57s)
Wall-clock time used for tree search: 57.940 sec (0h:0m:57s)
Total CPU time used: 72.644 sec (0h:1m:12s)
Total wall-clock time used: 72.630 sec (0h:1m:12s)

Analysis results written to: 
  IQ-TREE report:                results/aligned_denv2_AA-delim.fasta.iqtree
  Maximum-likelihood tree:       results/aligned_denv2_AA-delim.fasta.treefile
  Likelihood distances:          results/aligned_denv2_AA-delim.fasta.mldist
  Screen log file:               results/aligned_denv2_AA-delim.fasta.log

Date and Time: Tue May 31 11:36:38 2022
