IQ-TREE multicore version 2.2.0-beta COVID-edition for Mac OS X 64-bit built Mar  3 2022 built Mar  3 2022
Developed by Bui Quang Minh, James Barbetti, Nguyen Lam Tung,
Olga Chernomor, Heiko Schmidt, Dominik Schrempf, Michael Woodhams, Ly Trong Nhan.

Host:    MacBook-Pro-2.local (SSE4.2, 8 GB RAM)
Command: iqtree2 -nt 1 -s results/aligned_denv1_IV-delim.fasta -m GTR -ninit 2 -n 2 -me 0.05
Seed:    383595 (Using SPRNG - Scalable Parallel Random Number Generator)
Time:    Tue May 31 12:02:21 2022
Kernel:  SSE2 - 1 threads (8 CPU cores detected)

HINT: Use -nt option to specify number of threads because your CPU has 8 cores!
HINT: -nt AUTO will automatically determine the best number of threads to use.

Reading alignment file results/aligned_denv1_IV-delim.fasta ... Fasta format detected
Reading fasta file: done in 0.00993991 secs using 96.22% CPU
Alignment most likely contains DNA/RNA sequences
Constructing alignment: done in 0.00818896 secs using 79.92% CPU
Alignment has 54 sequences with 10735 columns, 1375 distinct patterns
1497 parsimony-informative, 728 singleton sites, 8510 constant sites
                                                                                                                                           Gap/Ambiguity  Composition  p-value
Analyzing sequences: done in 0.000121117 secs using 97.43% CPU
   1  GD03_DELIM-TGUCIQRKTWADFEBHJHUQ_91                                                                                                           0.00%    passed     99.84%
   2  D1_DELIM-TGUCIQRKTWADFEBHJHUQ_Taiwan_DELIM-TGUCIQRKTWADFEBHJHUQ_900PT0407a                                                                   0.43%    passed     96.99%
   3  HawO3663                                                                                                                                     0.00%    passed     99.64%
   4  DENV_1_DELIM-TGUCIQRKTWADFEBHJHUQ_PH_DELIM-TGUCIQRKTWADFEBHJHUQ_BID_V2940_DELIM-TGUCIQRKTWADFEBHJHUQ_2004                                    0.54%    passed     99.81%
   5  DenKor_07                                                                                                                                    0.01%    passed     99.24%
   6  D1_DELIM-TGUCIQRKTWADFEBHJHUQ_Taiwan_DELIM-TGUCIQRKTWADFEBHJHUQ_114TP1611a                                                                   0.43%    passed     96.75%
   7  D1_DELIM-TGUCIQRKTWADFEBHJHUQ_Philippines_DELIM-TGUCIQRKTWADFEBHJHUQ_1610cTw                                                                 0.43%    passed     97.69%
   8  D1_DELIM-TGUCIQRKTWADFEBHJHUQ_SG_DELIM-TGUCIQRKTWADFEBHJHUQ_CT3_DELIM-TGUCIQRKTWADFEBHJHUQ_2012                                              0.01%    passed     98.51%
   9  GZ_DELIM-TGUCIQRKTWADFEBHJHUQ_12375_DELIM-TGUCIQRKTWADFEBHJHUQ_D1_DELIM-TGUCIQRKTWADFEBHJHUQ_2010                                            1.33%    passed     98.86%
  10  SG_EHI_D1_DELIM-TGUCIQRKTWADFEBHJHUQ_01053Y13                                                                                                0.00%    passed     99.55%
  11  Su1                                                                                                                                          0.43%    passed     94.81%
  12  D1_DELIM-TGUCIQRKTWADFEBHJHUQ_Hu_DELIM-TGUCIQRKTWADFEBHJHUQ_Philippines_DELIM-TGUCIQRKTWADFEBHJHUQ_NIID13_DELIM-TGUCIQRKTWADFEBHJHUQ_2016    0.39%    passed     99.63%
  13  SUB_049A                                                                                                                                     0.00%    passed     98.94%
  14  V9076                                                                                                                                        0.00%    passed     99.28%
  15  MKS_0486                                                                                                                                     0.00%    passed     98.07%
  16  SUB_032A                                                                                                                                     0.00%    passed     97.63%
  17  SUB_026A                                                                                                                                     0.00%    passed     99.38%
  18  DS212_110306                                                                                                                                 0.60%    passed     96.70%
  19  SG_EHI_D1_DELIM-TGUCIQRKTWADFEBHJHUQ_60330Y11                                                                                                0.00%    passed     94.51%
  20  98901530_DF_DV_1                                                                                                                             0.00%    passed     93.87%
  21  GZ_DELIM-TGUCIQRKTWADFEBHJHUQ_5700_DELIM-TGUCIQRKTWADFEBHJHUQ_D1_DELIM-TGUCIQRKTWADFEBHJHUQ_2007                                             1.11%    passed     92.09%
  22  GZ2002                                                                                                                                       0.00%    passed     98.40%
  23  GZ_DELIM-TGUCIQRKTWADFEBHJHUQ_215_DELIM-TGUCIQRKTWADFEBHJHUQ_D1_DELIM-TGUCIQRKTWADFEBHJHUQ_2002                                              1.16%    passed     92.33%
  24  GD66_DELIM-TGUCIQRKTWADFEBHJHUQ_03                                                                                                           0.00%    passed     94.70%
  25  GD54_DELIM-TGUCIQRKTWADFEBHJHUQ_03                                                                                                           0.00%    passed     87.56%
  26  SG_EHI_D1_DELIM-TGUCIQRKTWADFEBHJHUQ_14158Y11                                                                                                0.00%    passed     99.00%
  27  DENV1_3746                                                                                                                                   1.43%    passed     86.01%
  28  MKS_0390                                                                                                                                     0.00%    passed     99.99%
  29  PF09_DELIM-TGUCIQRKTWADFEBHJHUQ_090609_76                                                                                                    0.34%    passed     99.98%
  30  PF08_DELIM-TGUCIQRKTWADFEBHJHUQ_080108_88                                                                                                    1.29%    passed     99.98%
  31  PF08_080108_88                                                                                                                               0.19%    passed     99.98%
  32  PF07_DELIM-TGUCIQRKTWADFEBHJHUQ_051107_164                                                                                                   0.34%    passed     99.90%
  33  PF08_DELIM-TGUCIQRKTWADFEBHJHUQ_180908_01                                                                                                    0.34%    passed     99.90%
  34  PF08_DELIM-TGUCIQRKTWADFEBHJHUQ_070308_138                                                                                                   0.34%    passed     99.90%
  35  PF07_DELIM-TGUCIQRKTWADFEBHJHUQ_230407_201                                                                                                   0.34%    passed     99.99%
  36  PF09_DELIM-TGUCIQRKTWADFEBHJHUQ_060209_120                                                                                                   0.34%    passed     99.97%
  37  NC09_DELIM-TGUCIQRKTWADFEBHJHUQ_300509_13639                                                                                                 0.34%    passed     99.98%
  38  NC10_DELIM-TGUCIQRKTWADFEBHJHUQ_080810_1138                                                                                                  0.34%    passed     99.90%
  39  HawM3430                                                                                                                                     0.00%    passed     99.85%
  40  HawM2540                                                                                                                                     0.00%    passed     99.85%
  41  HawM2516                                                                                                                                     0.00%    passed     99.82%
  42  HawO3758                                                                                                                                     0.00%    passed     99.84%
  43  NC02_DELIM-TGUCIQRKTWADFEBHJHUQ_030602_585                                                                                                   0.34%    passed     99.89%
  44  DENV_1_DELIM-TGUCIQRKTWADFEBHJHUQ_PF_DELIM-TGUCIQRKTWADFEBHJHUQ_BID_V2939_DELIM-TGUCIQRKTWADFEBHJHUQ_2001                                    0.55%    passed     99.74%
  45  NC04_DELIM-TGUCIQRKTWADFEBHJHUQ_030704_1994                                                                                                  5.01%    passed     88.72%
  46  CHI3336_02                                                                                                                                   0.00%    passed     99.71%
  47  GD95_DELIM-TGUCIQRKTWADFEBHJHUQ_95                                                                                                           0.00%    passed     98.71%
  48  GZ01_DELIM-TGUCIQRKTWADFEBHJHUQ_95                                                                                                           0.00%    passed     97.58%
  49  Reunion_185_DELIM-TGUCIQRKTWADFEBHJHUQ_04                                                                                                    0.43%    passed     98.92%
  50  Reunion_257_DELIM-TGUCIQRKTWADFEBHJHUQ_04                                                                                                    0.37%    passed     98.39%
  51  Seychelles_1480_04                                                                                                                           0.69%    passed     99.32%
  52  PNG_2015c                                                                                                                                    0.27%    passed     97.42%
  53  D1_DELIM-TGUCIQRKTWADFEBHJHUQ_hu_DELIM-TGUCIQRKTWADFEBHJHUQ_Yap_DELIM-TGUCIQRKTWADFEBHJHUQ_NIID27_DELIM-TGUCIQRKTWADFEBHJHUQ_2004            0.27%    passed     96.86%
  54  PNG_2016                                                                                                                                     0.27%    passed     97.51%
****  TOTAL                                                                                                                                        0.38%  0 sequences failed composition chi2 test (p-value<5%; df=3)
NOTE: HawM2540 is identical to HawM3430 but kept for subsequent analysis
Checking for duplicate sequences: done in 0.000240088 secs using 84.97% CPU

Create initial parsimony tree by phylogenetic likelihood library (PLL)... 0.002 seconds

NOTE: 2 MB RAM (0 GB) is required!
Estimate model parameters (epsilon = 0.500)
1. Initial log-likelihood: -98832.944
2. Current log-likelihood: -88249.381
3. Current log-likelihood: -86527.122
4. Current log-likelihood: -86525.602
Optimal log-likelihood: -86525.594
Rate parameters:  A-C: 1.32150  A-G: 11.01782  A-T: 1.65705  C-G: 0.54501  C-T: 32.24771  G-T: 1.00000
Base frequencies:  A: 0.320  C: 0.208  G: 0.258  T: 0.215
Parameters optimization took 4 rounds (0.233 sec)
Wrote distance file to... 
Computing ML distances based on estimated model parameters...
Calculating distance matrix: done in 0.00689411 secs using 96.36% CPU
Computing ML distances took 0.007174 sec (of wall-clock time) 0.006892 sec (of CPU time)
Setting up auxiliary I and S matrices: done in 7.79629e-05 secs using 165.5% CPU
Constructing RapidNJ tree: done in 0.000183105 secs using 180.8% CPU
Computing RapidNJ tree took 0.000308 sec (of wall-clock time) 0.000516 sec (of CPU time)
Log-likelihood of RapidNJ tree: -37965.046
--------------------------------------------------------------------
|             INITIALIZING CANDIDATE TREE SET                      |
--------------------------------------------------------------------

Do NNI search on 2 best initial trees
Optimizing NNI: done in 0.0469918 secs using 190.9% CPU
Estimate model parameters (epsilon = 0.500)
BETTER TREE FOUND at iteration 1: -37931.879
Optimizing NNI: done in 0.583354 secs using 109.2% CPU
Finish initializing candidate tree set (4)
Current best tree score: -37931.879 / CPU time: 0.710
Number of iterations: 2
TREE SEARCH COMPLETED AFTER 2 ITERATIONS / Time: 0h:0m:0s

--------------------------------------------------------------------
|                    FINALIZING TREE SEARCH                        |
--------------------------------------------------------------------
Performs final model parameters optimization
Estimate model parameters (epsilon = 0.050)
1. Initial log-likelihood: -37931.879
Optimal log-likelihood: -37931.878
Rate parameters:  A-C: 1.49848  A-G: 12.18332  A-T: 1.89834  C-G: 0.73320  C-T: 36.99904  G-T: 1.00000
Base frequencies:  A: 0.320  C: 0.208  G: 0.258  T: 0.215
Parameters optimization took 1 rounds (0.023 sec)
BEST SCORE FOUND : -37931.878
Total tree length: 0.341

Total number of iterations: 2
CPU time used for tree search: 0.883 sec (0h:0m:0s)
Wall-clock time used for tree search: 0.711 sec (0h:0m:0s)
Total CPU time used: 1.183 sec (0h:0m:1s)
Total wall-clock time used: 1.006 sec (0h:0m:1s)

Analysis results written to: 
  IQ-TREE report:                results/aligned_denv1_IV-delim.fasta.iqtree
  Maximum-likelihood tree:       results/aligned_denv1_IV-delim.fasta.treefile
  Likelihood distances:          results/aligned_denv1_IV-delim.fasta.mldist
  Screen log file:               results/aligned_denv1_IV-delim.fasta.log

Date and Time: Tue May 31 12:02:22 2022
