IQ-TREE multicore version 2.2.0-beta COVID-edition for Mac OS X 64-bit built Mar  3 2022 built Mar  3 2022
Developed by Bui Quang Minh, James Barbetti, Nguyen Lam Tung,
Olga Chernomor, Heiko Schmidt, Dominik Schrempf, Michael Woodhams, Ly Trong Nhan.

Host:    MacBook-Pro-5.local (SSE4.2, 8 GB RAM)
Command: iqtree2 -nt 1 -s results/aligned_oc43_all_HE-delim.fasta -m GTR -ninit 2 -n 2 -me 0.05
Seed:    142825 (Using SPRNG - Scalable Parallel Random Number Generator)
Time:    Tue Jan 10 16:26:00 2023
Kernel:  SSE2 - 1 threads (8 CPU cores detected)

HINT: Use -nt option to specify number of threads because your CPU has 8 cores!
HINT: -nt AUTO will automatically determine the best number of threads to use.

Reading alignment file results/aligned_oc43_all_HE-delim.fasta ... Fasta format detected
Reading fasta file: done in 0.00590014 secs using 95.25% CPU
Alignment most likely contains DNA/RNA sequences
Constructing alignment: done in 0.00184011 secs using 82.06% CPU
Alignment has 196 sequences with 1275 columns, 241 distinct patterns
107 parsimony-informative, 94 singleton sites, 1074 constant sites
          Gap/Ambiguity  Composition  p-value
Analyzing sequences: done in 8.70228e-05 secs using 76.99% CPU
   1  OK662397    0.00%    passed     99.38%
   2  KF530071    0.00%    passed     99.56%
   3  KF530091    0.00%    passed     99.56%
   4  KF530088    0.00%    passed     99.79%
   5  KF530076    0.00%    passed     99.79%
   6  KF530082    0.00%    passed     99.07%
   7  KF530094    0.00%    passed     99.07%
   8  KF530089    0.00%    passed     99.07%
   9  KF530079    0.00%    passed     99.46%
  10  KF530067    0.00%    passed     97.45%
  11  KF530095    0.00%    passed     99.46%
  12  KF530096    0.00%    passed     99.29%
  13  JN129834    0.24%    passed     99.86%
  14  KF923900    0.24%    passed     99.86%
  15  KF923899    0.24%    passed     99.86%
  16  JN129835    0.24%    passed     99.86%
  17  KF923905    0.24%    passed     99.90%
  18  KF530068    0.24%    passed     99.49%
  19  KF530070    0.24%    passed     99.49%
  20  KF530081    0.24%    passed     99.67%
  21  KF530069    0.24%    passed     96.73%
  22  KF530063    0.24%    passed     98.88%
  23  KF530099    0.24%    passed     98.88%
  24  KF530084    0.24%    passed     99.30%
  25  KF530098    0.24%    passed     98.35%
  26  KF923888    0.24%    passed     99.74%
  27  KF923887    0.24%    passed     99.70%
  28  MN306043    0.24%    passed     99.34%
  29  MW052042    0.24%    passed     99.33%
  30  KF923896    0.24%    passed     97.30%
  31  LC315649    0.24%    passed     99.74%
  32  KY014282    0.24%    passed     98.66%
  33  MT118672    0.24%    passed     98.66%
  34  MT118671    0.24%    passed     98.66%
  35  KY967360    0.24%    passed     99.34%
  36  MN026165    0.24%    passed     99.70%
  37  MF314143    0.24%    passed     97.84%
  38  KU131570    0.24%    passed     99.57%
  39  KF923906    0.24%    passed     99.34%
  40  KP198611    0.24%    passed     98.66%
  41  KP198610    0.24%    passed     98.47%
  42  KF923889    0.24%    passed     99.34%
  43  KF923886    0.24%    passed     99.86%
  44  KF923890    0.24%    passed    100.00%
  45  KF923907    0.24%    passed     99.91%
  46  KF923911    0.24%    passed     99.91%
  47  KF923914    0.24%    passed     99.91%
  48  KF923912    0.24%    passed     99.91%
  49  KF923909    0.24%    passed     99.91%
  50  KF923919    0.24%    passed     99.91%
  51  KF923910    0.24%    passed     99.91%
  52  KF923892    0.24%    passed     99.91%
  53  KF923920    0.24%    passed     99.91%
  54  KF923913    0.24%    passed     99.91%
  55  KF923915    0.24%    passed     99.91%
  56  KF923917    0.24%    passed     99.91%
  57  KF923916    0.24%    passed     99.91%
  58  KF923921    0.24%    passed     99.91%
  59  KF923908    0.24%    passed     99.91%
  60  KF923891    0.24%    passed     99.96%
  61  KF923918    0.24%    passed     99.71%
  62  KY554972    0.24%    passed     99.96%
  63  KY554973    0.24%    passed     99.96%
  64  KY674918    0.24%    passed     99.96%
  65  KY674917    0.24%    passed     99.96%
  66  KX344031    0.24%    passed     99.94%
  67  KY554974    0.24%    passed     99.83%
  68  KY554975    0.24%    passed     99.83%
  69  KY674920    0.24%    passed     99.83%
  70  KF923922    0.24%    passed     99.38%
  71  KF923894    0.24%    passed     99.72%
  72  KJ958219    0.24%    passed     99.94%
  73  KF923901    0.24%    passed     99.72%
  74  KF923924    0.24%    passed     99.91%
  75  KF923895    0.24%    passed     99.74%
  76  KF923925    0.24%    passed     99.84%
  77  KF923923    0.24%    passed     99.87%
  78  KF923893    0.24%    passed     99.84%
  79  KJ958218    0.24%    passed     99.84%
  80  KF923897    0.24%    passed     99.84%
  81  KF923903    0.24%    passed     99.84%
  82  KX538965    0.24%    passed     99.84%
  83  KX538969    0.24%    passed     99.84%
  84  KX538977    0.24%    passed     99.84%
  85  KX538973    0.24%    passed     99.84%
  86  KX538968    0.24%    passed     99.53%
  87  KX538967    0.24%    passed     99.53%
  88  KX538975    0.24%    passed     99.84%
  89  KX538971    0.24%    passed     99.74%
  90  KX538974    0.24%    passed     99.74%
  91  KF923902    0.24%    passed     99.24%
  92  KX538970    0.24%    passed     99.67%
  93  KX538978    0.24%    passed     99.67%
  94  KX538979    0.24%    passed     99.67%
  95  OK073088    0.24%    passed     99.67%
  96  LC315646    0.24%    passed     99.72%
  97  OK073087    0.24%    passed     99.47%
  98  OK073090    0.24%    passed     99.88%
  99  MG977451    0.24%    passed     99.24%
 100  LC315647    0.24%    passed     98.78%
 101  OL770288    0.24%    passed     99.34%
 102  OL770287    0.24%    passed     99.34%
 103  OL770289    0.94%    passed     99.75%
 104  KF923904    0.24%    passed     99.34%
 105  KX538964    0.24%    passed     99.34%
 106  KX538972    0.24%    passed     99.34%
 107  KX538966    0.24%    passed     99.34%
 108  KX538976    0.24%    passed     99.81%
 109  OK391227    0.24%    passed     99.24%
 110  LC315648    0.24%    passed     99.67%
 111  MF374983    0.24%    passed     99.50%
 112  KY369905    0.24%    passed     99.97%
 113  KY983588    0.24%    passed     99.97%
 114  KY369906    0.24%    passed     99.97%
 115  MW587040    0.24%    passed     99.97%
 116  MH121121    0.24%    passed     99.97%
 117  KY684759    0.24%    passed     99.97%
 118  KY983583    0.24%    passed     99.97%
 119  KY983585    0.24%    passed     99.97%
 120  KY967359    0.24%    passed     99.97%
 121  MF374984    0.24%    passed     99.97%
 122  KY369907    0.24%    passed     99.91%
 123  MF374985    0.24%    passed     99.91%
 124  MT118667    0.24%    passed    100.00%
 125  KY967361    0.24%    passed    100.00%
 126  MN306041    0.24%    passed     99.50%
 127  MT118673    0.24%    passed     99.83%
 128  MT118678    0.24%    passed     99.83%
 129  MW587042    0.24%    passed     99.83%
 130  MN306042    0.24%    passed     99.83%
 131  MW938760    0.24%    passed     99.83%
 132  MN310478    0.24%    passed     99.97%
 133  OK391238    0.24%    passed     99.81%
 134  LC687398    0.94%    passed     99.90%
 135  KY967358    0.24%    passed     99.88%
 136  OM386795    0.24%    passed     99.83%
 137  MN306036    0.24%    passed     99.67%
 138  MT118685    0.24%    passed     99.72%
 139  LC687400    0.24%    passed     99.72%
 140  OK391229    7.45%    passed     96.68%
 141  MT118692    0.24%    passed     99.92%
 142  MN026164    0.24%    passed     99.97%
 143  MT118683    0.24%    passed     99.47%
 144  MN306053    0.24%    passed     99.34%
 145  OK391230    0.71%    passed     99.60%
 146  LC687399    0.24%    passed     99.67%
 147  LC720427    0.24%    passed     99.83%
 148  LC720429    0.24%    passed     99.83%
 149  OM386798    0.24%    passed     99.74%
 150  OM386799    0.24%    passed     99.74%
 151  MW411432    0.24%    passed     99.34%
 152  OK391228    0.24%    passed     99.34%
 153  MW411433    0.39%    passed     99.25%
 154  MH828490    0.24%    passed     99.96%
 155  OM386794    0.24%    passed     99.98%
 156  OM386796    0.24%    passed     99.96%
 157  OM386797    0.24%    passed     99.96%
 158  KY967356    0.24%    passed     98.78%
 159  OK391226    0.24%    passed     99.69%
 160  OK391223    0.24%    passed     99.91%
 161  OK391222    0.24%    passed     99.86%
 162  OK391224    0.24%    passed     99.78%
 163  OK391225    0.24%    passed     99.99%
 164  OK391221    0.24%    passed     99.99%
 165  MG977452    0.24%    passed     99.81%
 166  OK073089    0.24%    passed     99.86%
 167  KF923898    0.24%    passed     99.84%
 168  OK073091    0.24%    passed     98.29%
 169  OK073092    0.24%    passed     98.29%
 170  MN310476    0.24%    passed     95.33%
 171  MT118668    0.24%    passed     97.06%
 172  MW559057    0.24%    passed     98.66%
 173  MW587041   56.08%    passed     77.94%
 174  KF530072    0.00%    passed     98.27%
 175  KF530080    0.00%    passed     98.27%
 176  KF530064    0.00%    passed     98.50%
 177  KF530078    0.00%    passed     98.50%
 178  KF530092    0.00%    passed     98.59%
 179  KY014281    0.00%    passed     98.59%
 180  KF530074    0.00%    passed     98.08%
 181  KF530097    0.00%    passed     98.08%
 182  KF530090    0.00%    passed     97.39%
 183  KF530075    0.00%    passed     98.65%
 184  KF530059   43.69%    passed     78.84%
 185  KF530062   49.80%    passed     78.83%
 186  KF530065    0.00%    passed     97.21%
 187  KF530073    0.00%    passed     97.21%
 188  KF530066    0.00%    passed     97.21%
 189  KF530061    0.00%    passed     97.21%
 190  KF530060    0.00%    passed     96.33%
 191  KF530083    0.00%    passed     95.28%
 192  KF530086    0.00%    passed     95.42%
 193  KF530093    0.00%    passed     96.84%
 194  KF530085    0.00%    passed     96.74%
 195  KF530077    0.00%    passed     96.74%
 196  KF530087    0.00%    passed     96.84%
WARNING: 1 sequences contain more than 50% gaps/ambiguity
****  TOTAL       1.00%  0 sequences failed composition chi2 test (p-value<5%; df=3)
NOTE: KF530091 is identical to KF530071 but kept for subsequent analysis
NOTE: KF530094 is identical to KF530082 but kept for subsequent analysis
NOTE: KF923900 is identical to JN129834 but kept for subsequent analysis
NOTE: KF530070 is identical to KF530068 but kept for subsequent analysis
NOTE: MT118671 is identical to MT118672 but kept for subsequent analysis
NOTE: KF923911 is identical to KF923907 but kept for subsequent analysis
NOTE: KY554973 is identical to KY554972 but kept for subsequent analysis
NOTE: KY554975 is identical to KY554974 but kept for subsequent analysis
NOTE: KF923903 is identical to KF923897 but kept for subsequent analysis
NOTE: KX538974 is identical to KX538971 but kept for subsequent analysis
NOTE: KX538978 is identical to KX538970 but kept for subsequent analysis
NOTE: OL770287 is identical to OL770288 but kept for subsequent analysis
NOTE: KX538964 is identical to KF923904 but kept for subsequent analysis
NOTE: KY983588 is identical to KY369905 but kept for subsequent analysis
NOTE: MF374985 is identical to KY369907 but kept for subsequent analysis
NOTE: MT118678 is identical to MT118673 but kept for subsequent analysis
NOTE: LC720429 is identical to LC720427 but kept for subsequent analysis
NOTE: OM386799 is identical to OM386798 but kept for subsequent analysis
NOTE: OK391228 is identical to MW411432 but kept for subsequent analysis
NOTE: OM386797 is identical to OM386796 but kept for subsequent analysis
NOTE: OK073092 is identical to OK073091 but kept for subsequent analysis
NOTE: KF530080 is identical to KF530072 but kept for subsequent analysis
NOTE: KF530078 is identical to KF530064 but kept for subsequent analysis
NOTE: KY014281 is identical to KF530092 but kept for subsequent analysis
NOTE: KF530097 is identical to KF530074 but kept for subsequent analysis
NOTE: KF530073 is identical to KF530065 but kept for subsequent analysis
Checking for duplicate sequences: done in 0.000567198 secs using 75.63% CPU
Identifying sites to remove: done in 0.00158119 secs using 96.95% CPU
NOTE: 39 identical sequences (see below) will be ignored for subsequent analysis
NOTE: KF530089 (identical to KF530082) is ignored but added at the end
NOTE: KF923899 (identical to JN129834) is ignored but added at the end
NOTE: KF923914 (identical to KF923907) is ignored but added at the end
NOTE: KF923912 (identical to KF923907) is ignored but added at the end
NOTE: KF923909 (identical to KF923907) is ignored but added at the end
NOTE: KF923919 (identical to KF923907) is ignored but added at the end
NOTE: KF923910 (identical to KF923907) is ignored but added at the end
NOTE: KF923892 (identical to KF923907) is ignored but added at the end
NOTE: KF923920 (identical to KF923907) is ignored but added at the end
NOTE: KF923913 (identical to KF923907) is ignored but added at the end
NOTE: KF923915 (identical to KF923907) is ignored but added at the end
NOTE: KF923917 (identical to KF923907) is ignored but added at the end
NOTE: KF923916 (identical to KF923907) is ignored but added at the end
NOTE: KF923921 (identical to KF923907) is ignored but added at the end
NOTE: KF923908 (identical to KF923907) is ignored but added at the end
NOTE: KY674918 (identical to KY554972) is ignored but added at the end
NOTE: KY674917 (identical to KY554972) is ignored but added at the end
NOTE: KY674920 (identical to KY554974) is ignored but added at the end
NOTE: KX538965 (identical to KF923897) is ignored but added at the end
NOTE: KX538969 (identical to KF923897) is ignored but added at the end
NOTE: KX538977 (identical to KF923897) is ignored but added at the end
NOTE: KX538973 (identical to KF923897) is ignored but added at the end
NOTE: KX538979 (identical to KX538970) is ignored but added at the end
NOTE: OK073088 (identical to KX538970) is ignored but added at the end
NOTE: KX538972 (identical to KF923904) is ignored but added at the end
NOTE: KX538966 (identical to KF923904) is ignored but added at the end
NOTE: KY369906 (identical to KY369905) is ignored but added at the end
NOTE: MW587040 (identical to KY369905) is ignored but added at the end
NOTE: MH121121 (identical to KY369905) is ignored but added at the end
NOTE: KY684759 (identical to KY369905) is ignored but added at the end
NOTE: KY983583 (identical to KY369905) is ignored but added at the end
NOTE: KY983585 (identical to KY369905) is ignored but added at the end
NOTE: KY967359 (identical to KY369905) is ignored but added at the end
NOTE: MF374984 (identical to KY369905) is ignored but added at the end
NOTE: MW587042 (identical to MT118673) is ignored but added at the end
NOTE: MN306042 (identical to MT118673) is ignored but added at the end
NOTE: MW938760 (identical to MT118673) is ignored but added at the end
NOTE: KF530066 (identical to KF530065) is ignored but added at the end
NOTE: KF530061 (identical to KF530065) is ignored but added at the end
Alignment was printed to results/aligned_oc43_all_HE-delim.fasta.uniqueseq.phy

For your convenience alignment with unique sequences printed to results/aligned_oc43_all_HE-delim.fasta.uniqueseq.phy

Create initial parsimony tree by phylogenetic likelihood library (PLL)... 0.001 seconds

NOTE: 1 MB RAM (0 GB) is required!
Estimate model parameters (epsilon = 0.500)
1. Initial log-likelihood: -13358.694
2. Current log-likelihood: -12492.496
3. Current log-likelihood: -12480.154
4. Current log-likelihood: -12478.022
5. Current log-likelihood: -12463.872
6. Current log-likelihood: -12462.472
Optimal log-likelihood: -12462.472
Rate parameters:  A-C: 0.28893  A-G: 0.90211  A-T: 0.27969  C-G: 0.84958  C-T: 3.51276  G-T: 1.00000
Base frequencies:  A: 0.253  C: 0.166  G: 0.187  T: 0.394
Parameters optimization took 6 rounds (0.155 sec)
Wrote distance file to... 
Computing ML distances based on estimated model parameters...
Calculating distance matrix: done in 0.0415411 secs using 94.57% CPU
Computing ML distances took 0.041844 sec (of wall-clock time) 0.039468 sec (of CPU time)
Setting up auxiliary I and S matrices: done in 0.000838995 secs using 168.4% CPU
Constructing RapidNJ tree: done in 0.0018909 secs using 188.7% CPU
Computing RapidNJ tree took 0.002857 sec (of wall-clock time) 0.005126 sec (of CPU time)
Log-likelihood of RapidNJ tree: -3985.690
--------------------------------------------------------------------
|             INITIALIZING CANDIDATE TREE SET                      |
--------------------------------------------------------------------

Do NNI search on 2 best initial trees
Optimizing NNI: done in 0.0364461 secs using 98.71% CPU
BETTER TREE FOUND at iteration 1: -3985.689
Optimizing NNI: done in 0.920397 secs using 81.93% CPU
Finish initializing candidate tree set (4)
Current best tree score: -3985.689 / CPU time: 0.964
Number of iterations: 2
TREE SEARCH COMPLETED AFTER 2 ITERATIONS / Time: 0h:0m:1s

--------------------------------------------------------------------
|                    FINALIZING TREE SEARCH                        |
--------------------------------------------------------------------
Performs final model parameters optimization
Estimate model parameters (epsilon = 0.050)
1. Initial log-likelihood: -3985.689
2. Current log-likelihood: -3984.412
Optimal log-likelihood: -3984.409
Rate parameters:  A-C: 0.38219  A-G: 1.11598  A-T: 0.30248  C-G: 0.89687  C-T: 4.40780  G-T: 1.00000
Base frequencies:  A: 0.253  C: 0.166  G: 0.187  T: 0.394
Parameters optimization took 2 rounds (0.059 sec)
BEST SCORE FOUND : -3984.409
Total tree length: 0.238

Total number of iterations: 2
CPU time used for tree search: 0.797 sec (0h:0m:0s)
Wall-clock time used for tree search: 0.964 sec (0h:0m:0s)
Total CPU time used: 1.089 sec (0h:0m:1s)
Total wall-clock time used: 1.264 sec (0h:0m:1s)

Analysis results written to: 
  IQ-TREE report:                results/aligned_oc43_all_HE-delim.fasta.iqtree
  Maximum-likelihood tree:       results/aligned_oc43_all_HE-delim.fasta.treefile
  Likelihood distances:          results/aligned_oc43_all_HE-delim.fasta.mldist
  Screen log file:               results/aligned_oc43_all_HE-delim.fasta.log

Date and Time: Tue Jan 10 16:26:01 2023
