IQ-TREE multicore version 2.2.0-beta COVID-edition for Mac OS X 64-bit built Mar  3 2022 built Mar  3 2022
Developed by Bui Quang Minh, James Barbetti, Nguyen Lam Tung,
Olga Chernomor, Heiko Schmidt, Dominik Schrempf, Michael Woodhams, Ly Trong Nhan.

Host:    MacBook-Pro-5.local (SSE4.2, 8 GB RAM)
Command: iqtree2 -nt 1 -s results/aligned_oc43_A_N-delim.fasta -m GTR -ninit 2 -n 2 -me 0.05
Seed:    423563 (Using SPRNG - Scalable Parallel Random Number Generator)
Time:    Tue Jan 10 16:29:50 2023
Kernel:  SSE2 - 1 threads (8 CPU cores detected)

HINT: Use -nt option to specify number of threads because your CPU has 8 cores!
HINT: -nt AUTO will automatically determine the best number of threads to use.

Reading alignment file results/aligned_oc43_A_N-delim.fasta ... Fasta format detected
Reading fasta file: done in 0.005404 secs using 94.91% CPU
Alignment most likely contains DNA/RNA sequences
Constructing alignment: done in 0.00160599 secs using 82.94% CPU
Alignment has 160 sequences with 1347 columns, 141 distinct patterns
60 parsimony-informative, 65 singleton sites, 1222 constant sites
          Gap/Ambiguity  Composition  p-value
Analyzing sequences: done in 3.50475e-05 secs using 94.16% CPU
   1  KF530071    0.00%    passed     99.82%
   2  KF530076    0.00%    passed     99.90%
   3  KF530067    0.00%    passed     99.90%
   4  KF530088    0.00%    passed     99.72%
   5  KF530091    0.00%    passed     99.72%
   6  KF530079    0.00%    passed     99.82%
   7  KF530082    0.00%    passed     99.72%
   8  KF530089    0.00%    passed     99.36%
   9  KF530094    0.00%    passed     99.61%
  10  KF530095    0.00%    passed     99.36%
  11  KF530096    0.00%    passed     99.36%
  12  JN129834    0.00%    passed     99.97%
  13  KF923890    0.00%    passed     99.97%
  14  KF923907    0.00%    passed     99.97%
  15  KF923911    0.00%    passed     99.97%
  16  KF923912    0.00%    passed     99.97%
  17  KF923909    0.00%    passed     99.97%
  18  KF923901    0.00%    passed     99.97%
  19  KF923919    0.00%    passed     99.97%
  20  KF923910    0.00%    passed     99.97%
  21  KF923892    0.00%    passed     99.97%
  22  KF923920    0.00%    passed     99.97%
  23  KF923913    0.00%    passed     99.97%
  24  KF923915    0.00%    passed     99.97%
  25  KF923891    0.00%    passed     99.97%
  26  KF923894    0.00%    passed     99.97%
  27  KF923917    0.00%    passed     99.97%
  28  KY554974    0.00%    passed     99.97%
  29  KY554975    0.00%    passed     99.97%
  30  KY674920    0.00%    passed     99.97%
  31  KF923908    0.00%    passed     99.97%
  32  KF923893    0.00%    passed     99.97%
  33  KF923924    0.00%    passed     99.97%
  34  KF923900    0.00%    passed     99.97%
  35  KF923899    0.00%    passed     99.97%
  36  KF923895    0.00%    passed     99.97%
  37  KF923914    0.00%    passed     99.85%
  38  KF923916    0.00%    passed    100.00%
  39  KF923921    0.00%    passed     99.94%
  40  KF923905    0.00%    passed     99.85%
  41  JN129835    0.00%    passed     99.95%
  42  KJ958218    0.00%    passed     99.97%
  43  KF923897    0.00%    passed    100.00%
  44  KF923903    0.00%    passed    100.00%
  45  KX538969    0.00%    passed    100.00%
  46  KX538977    0.00%    passed    100.00%
  47  KX538973    0.00%    passed    100.00%
  48  KX538971    0.00%    passed    100.00%
  49  KX538968    0.00%    passed    100.00%
  50  KX538974    0.00%    passed     99.97%
  51  KX538965    0.00%    passed    100.00%
  52  KF923923    0.00%    passed     99.98%
  53  KF923922    0.00%    passed     99.99%
  54  KF923925    0.00%    passed     99.92%
  55  KF923918    0.00%    passed     99.91%
  56  KX538967    0.07%    passed    100.00%
  57  KJ958219    0.00%    passed     99.93%
  58  KY554972    0.00%    passed     99.98%
  59  KY554973    0.00%    passed     99.98%
  60  KY674918    0.00%    passed     99.98%
  61  KY674917    0.00%    passed     99.98%
  62  KX344031    0.00%    passed     99.86%
  63  MN310476    0.00%    passed     99.84%
  64  MT118668    0.00%    passed     99.84%
  65  KX538975    0.00%    passed     99.96%
  66  KF923902    0.00%    passed    100.00%
  67  KF923904    0.00%    passed     99.99%
  68  KX538964    0.00%    passed     99.99%
  69  KX538972    0.00%    passed     99.99%
  70  KX538976    0.00%    passed     99.99%
  71  KX538978    0.00%    passed     99.99%
  72  KX538979    0.00%    passed     99.99%
  73  LC315646    0.00%    passed     99.99%
  74  OL770288    0.00%    passed     99.99%
  75  OL770287    0.00%    passed     99.99%
  76  OL770289    0.00%    passed     99.99%
  77  OK073087    0.00%    passed    100.00%
  78  OK073088    0.00%    passed    100.00%
  79  MW559057    0.00%    passed     99.93%
  80  MH828490    0.22%    passed    100.00%
  81  KX538966    0.00%    passed     99.98%
  82  LC315648    0.00%    passed     99.95%
  83  LC315647    0.00%    passed     99.99%
  84  KX538970    0.00%    passed     99.99%
  85  KY369905    0.00%    passed     99.99%
  86  KY983588    0.00%    passed     99.99%
  87  KY369907    0.00%    passed     99.99%
  88  MW587040    0.00%    passed     99.99%
  89  MT118667    0.00%    passed     99.99%
  90  KY967361    0.00%    passed     99.99%
  91  MF374984    0.00%    passed     99.99%
  92  MW587041    0.00%    passed     99.99%
  93  LC687399    0.00%    passed     99.99%
  94  LC720427    0.00%    passed     99.99%
  95  LC720429    0.00%    passed     99.99%
  96  MN306036    0.00%    passed     99.99%
  97  MN306041    0.00%    passed     99.99%
  98  MT118673    0.00%    passed     99.99%
  99  MT118678    0.00%    passed     99.99%
 100  MW587042    0.00%    passed     99.99%
 101  MT118685    0.00%    passed     99.99%
 102  MN306042    0.00%    passed     99.99%
 103  MN306053    0.00%    passed     99.99%
 104  LC687400    0.00%    passed     99.99%
 105  KY369906    0.00%    passed     99.98%
 106  MH121121    0.00%    passed     99.96%
 107  KY684759    0.00%    passed     99.97%
 108  KY983583    0.00%    passed     99.97%
 109  KY967358    0.00%    passed     99.97%
 110  MF374985    0.00%    passed     99.97%
 111  KY967359    0.00%    passed     99.97%
 112  MN310478    0.00%    passed     99.97%
 113  MW938760    0.00%    passed     99.98%
 114  MW411432    0.00%    passed     99.96%
 115  MW411433    0.00%    passed     99.96%
 116  OK391228    0.00%    passed     99.96%
 117  OM386798    0.00%    passed     99.98%
 118  OM386799    0.00%    passed     99.98%
 119  MG977451    0.07%    passed     99.97%
 120  OM386794    0.00%    passed     99.86%
 121  OM386795    0.00%    passed     99.97%
 122  OK391230    3.56%    passed     99.92%
 123  MG977452    0.00%    passed     99.94%
 124  KY983585    0.00%    passed     99.86%
 125  MT118683    0.00%    passed     99.94%
 126  MT118692    0.00%    passed     99.94%
 127  OK391227    0.00%    passed     99.88%
 128  OK391229    0.22%    passed     99.96%
 129  MF374983    0.00%    passed     99.93%
 130  OK073090    0.00%    passed     99.94%
 131  MN026164    0.00%    passed     99.84%
 132  LC687398    0.00%    passed     99.84%
 133  OM386796    0.00%    passed     99.56%
 134  OM386797    0.00%    passed     99.56%
 135  KY967356    0.00%    passed     99.83%
 136  OK391238    0.52%    passed     99.97%
 137  KF530068    0.00%    passed     99.85%
 138  KF530081    0.00%    passed     99.85%
 139  KF530070    0.00%    passed     99.85%
 140  KF530084    0.00%    passed     99.87%
 141  KF530098    0.00%    passed     99.59%
 142  KF923888    0.00%    passed     99.87%
 143  KF923887    0.00%    passed     99.97%
 144  KF923889    0.00%    passed     98.95%
 145  KF923898    0.22%    passed     99.85%
 146  OK073089    0.22%    passed     99.85%
 147  OK073091    0.22%    passed     99.03%
 148  OK073092    0.22%    passed     99.03%
 149  KF923886    0.00%    passed     99.75%
 150  MN306043    0.22%    passed     99.57%
 151  MW052042    0.22%    passed     99.39%
 152  OK391226    0.22%    passed     99.03%
 153  OK391225    0.22%    passed     99.39%
 154  OK391221    3.56%    passed     99.69%
 155  OK391223    0.00%    passed     99.15%
 156  OK391224    0.22%    passed     99.40%
 157  OK391222    0.67%    passed     99.41%
 158  KF530069    0.00%    passed     99.90%
 159  KF530063    0.00%    passed     99.72%
 160  KF530099    0.00%    passed     99.36%
****  TOTAL       0.07%  0 sequences failed composition chi2 test (p-value<5%; df=3)
NOTE: KF530067 is identical to KF530076 but kept for subsequent analysis
NOTE: KF530096 is identical to KF530095 but kept for subsequent analysis
NOTE: KF923890 is identical to JN129834 but kept for subsequent analysis
NOTE: KF923903 is identical to KF923897 but kept for subsequent analysis
NOTE: KY554973 is identical to KY554972 but kept for subsequent analysis
NOTE: MT118668 is identical to MN310476 but kept for subsequent analysis
NOTE: KX538964 is identical to KF923904 but kept for subsequent analysis
NOTE: OL770288 is identical to LC315646 but kept for subsequent analysis
NOTE: KY369905 is identical to KX538970 but kept for subsequent analysis
NOTE: KY983583 is identical to KY684759 but kept for subsequent analysis
NOTE: MW411433 is identical to MW411432 but kept for subsequent analysis
NOTE: OM386799 is identical to OM386798 but kept for subsequent analysis
NOTE: OM386797 is identical to OM386796 but kept for subsequent analysis
NOTE: KF530081 is identical to KF530068 but kept for subsequent analysis
NOTE: OK073092 is identical to OK073091 but kept for subsequent analysis
Checking for duplicate sequences: done in 0.000342846 secs using 74.96% CPU
Identifying sites to remove: done in 0.00126696 secs using 98.58% CPU
NOTE: 57 identical sequences (see below) will be ignored for subsequent analysis
NOTE: KF923907 (identical to JN129834) is ignored but added at the end
NOTE: KF923911 (identical to JN129834) is ignored but added at the end
NOTE: KF923912 (identical to JN129834) is ignored but added at the end
NOTE: KF923909 (identical to JN129834) is ignored but added at the end
NOTE: KF923901 (identical to JN129834) is ignored but added at the end
NOTE: KF923919 (identical to JN129834) is ignored but added at the end
NOTE: KF923910 (identical to JN129834) is ignored but added at the end
NOTE: KF923892 (identical to JN129834) is ignored but added at the end
NOTE: KF923920 (identical to JN129834) is ignored but added at the end
NOTE: KF923913 (identical to JN129834) is ignored but added at the end
NOTE: KF923915 (identical to JN129834) is ignored but added at the end
NOTE: KF923891 (identical to JN129834) is ignored but added at the end
NOTE: KF923894 (identical to JN129834) is ignored but added at the end
NOTE: KF923917 (identical to JN129834) is ignored but added at the end
NOTE: KY554974 (identical to JN129834) is ignored but added at the end
NOTE: KY554975 (identical to JN129834) is ignored but added at the end
NOTE: KY674920 (identical to JN129834) is ignored but added at the end
NOTE: KF923908 (identical to JN129834) is ignored but added at the end
NOTE: KF923893 (identical to JN129834) is ignored but added at the end
NOTE: KF923924 (identical to JN129834) is ignored but added at the end
NOTE: KF923900 (identical to JN129834) is ignored but added at the end
NOTE: KF923899 (identical to JN129834) is ignored but added at the end
NOTE: KF923895 (identical to JN129834) is ignored but added at the end
NOTE: KX538969 (identical to KF923897) is ignored but added at the end
NOTE: KX538977 (identical to KF923897) is ignored but added at the end
NOTE: KX538973 (identical to KF923897) is ignored but added at the end
NOTE: KX538971 (identical to KF923897) is ignored but added at the end
NOTE: KX538968 (identical to KF923897) is ignored but added at the end
NOTE: KY674918 (identical to KY554972) is ignored but added at the end
NOTE: KY674917 (identical to KY554972) is ignored but added at the end
NOTE: KX538972 (identical to KF923904) is ignored but added at the end
NOTE: KX538976 (identical to KF923904) is ignored but added at the end
NOTE: KX538978 (identical to KF923904) is ignored but added at the end
NOTE: KX538979 (identical to KF923904) is ignored but added at the end
NOTE: OL770287 (identical to LC315646) is ignored but added at the end
NOTE: OL770289 (identical to LC315646) is ignored but added at the end
NOTE: KY983588 (identical to KX538970) is ignored but added at the end
NOTE: KY369907 (identical to KX538970) is ignored but added at the end
NOTE: MW587040 (identical to KX538970) is ignored but added at the end
NOTE: MT118667 (identical to KX538970) is ignored but added at the end
NOTE: KY967361 (identical to KX538970) is ignored but added at the end
NOTE: MF374984 (identical to KX538970) is ignored but added at the end
NOTE: MW587041 (identical to KX538970) is ignored but added at the end
NOTE: LC687399 (identical to KX538970) is ignored but added at the end
NOTE: LC720427 (identical to KX538970) is ignored but added at the end
NOTE: LC720429 (identical to KX538970) is ignored but added at the end
NOTE: MN306036 (identical to KX538970) is ignored but added at the end
NOTE: MN306041 (identical to KX538970) is ignored but added at the end
NOTE: MT118673 (identical to KX538970) is ignored but added at the end
NOTE: MT118678 (identical to KX538970) is ignored but added at the end
NOTE: MW587042 (identical to KX538970) is ignored but added at the end
NOTE: MT118685 (identical to KX538970) is ignored but added at the end
NOTE: MN306042 (identical to KX538970) is ignored but added at the end
NOTE: MN306053 (identical to KX538970) is ignored but added at the end
NOTE: LC687400 (identical to KX538970) is ignored but added at the end
NOTE: OK391228 (identical to MW411432) is ignored but added at the end
NOTE: KF530070 (identical to KF530068) is ignored but added at the end
Alignment was printed to results/aligned_oc43_A_N-delim.fasta.uniqueseq.phy

For your convenience alignment with unique sequences printed to results/aligned_oc43_A_N-delim.fasta.uniqueseq.phy

Create initial parsimony tree by phylogenetic likelihood library (PLL)... 0.001 seconds

NOTE: 0 MB RAM (0 GB) is required!
Estimate model parameters (epsilon = 0.500)
1. Initial log-likelihood: -6739.877
2. Current log-likelihood: -6408.884
3. Current log-likelihood: -6401.253
Optimal log-likelihood: -6401.248
Rate parameters:  A-C: 0.86745  A-G: 2.02429  A-T: 0.59873  C-G: 0.09508  C-T: 4.96241  G-T: 1.00000
Base frequencies:  A: 0.298  C: 0.223  G: 0.240  T: 0.239
Parameters optimization took 3 rounds (0.041 sec)
Wrote distance file to... 
Computing ML distances based on estimated model parameters...
Calculating distance matrix: done in 0.012511 secs using 99.74% CPU
Computing ML distances took 0.012654 sec (of wall-clock time) 0.012565 sec (of CPU time)
Setting up auxiliary I and S matrices: done in 0.000355959 secs using 172.5% CPU
Constructing RapidNJ tree: done in 0.00108695 secs using 179.4% CPU
Computing RapidNJ tree took 0.001600 sec (of wall-clock time) 0.002739 sec (of CPU time)
Log-likelihood of RapidNJ tree: -3119.645
--------------------------------------------------------------------
|             INITIALIZING CANDIDATE TREE SET                      |
--------------------------------------------------------------------

Do NNI search on 2 best initial trees
Optimizing NNI: done in 0.0106521 secs using 90.45% CPU
BETTER TREE FOUND at iteration 1: -3119.644
Optimizing NNI: done in 0.179347 secs using 102.2% CPU
Finish initializing candidate tree set (4)
Current best tree score: -3119.644 / CPU time: 0.196
Number of iterations: 2
TREE SEARCH COMPLETED AFTER 2 ITERATIONS / Time: 0h:0m:0s

--------------------------------------------------------------------
|                    FINALIZING TREE SEARCH                        |
--------------------------------------------------------------------
Performs final model parameters optimization
Estimate model parameters (epsilon = 0.050)
1. Initial log-likelihood: -3119.644
2. Current log-likelihood: -3114.411
Optimal log-likelihood: -3114.410
Rate parameters:  A-C: 0.43031  A-G: 2.14273  A-T: 0.55166  C-G: 0.33276  C-T: 4.70254  G-T: 1.00000
Base frequencies:  A: 0.298  C: 0.223  G: 0.240  T: 0.239
Parameters optimization took 2 rounds (0.027 sec)
BEST SCORE FOUND : -3114.410
Total tree length: 0.114

Total number of iterations: 2
CPU time used for tree search: 0.199 sec (0h:0m:0s)
Wall-clock time used for tree search: 0.196 sec (0h:0m:0s)
Total CPU time used: 0.311 sec (0h:0m:0s)
Total wall-clock time used: 0.310 sec (0h:0m:0s)

Analysis results written to: 
  IQ-TREE report:                results/aligned_oc43_A_N-delim.fasta.iqtree
  Maximum-likelihood tree:       results/aligned_oc43_A_N-delim.fasta.treefile
  Likelihood distances:          results/aligned_oc43_A_N-delim.fasta.mldist
  Screen log file:               results/aligned_oc43_A_N-delim.fasta.log

Date and Time: Tue Jan 10 16:29:50 2023
