IQ-TREE multicore version 2.2.0-beta COVID-edition for Mac OS X 64-bit built Mar  3 2022 built Mar  3 2022
Developed by Bui Quang Minh, James Barbetti, Nguyen Lam Tung,
Olga Chernomor, Heiko Schmidt, Dominik Schrempf, Michael Woodhams, Ly Trong Nhan.

Host:    MacBook-Pro-5.local (SSE4.2, 8 GB RAM)
Command: iqtree2 -nt 1 -s results/aligned_oc43_all_ORF1ab-delim.fasta -m GTR -ninit 2 -n 2 -me 0.05
Seed:    753676 (Using SPRNG - Scalable Parallel Random Number Generator)
Time:    Tue Jan 10 16:32:01 2023
Kernel:  SSE2 - 1 threads (8 CPU cores detected)

HINT: Use -nt option to specify number of threads because your CPU has 8 cores!
HINT: -nt AUTO will automatically determine the best number of threads to use.

Reading alignment file results/aligned_oc43_all_ORF1ab-delim.fasta ... Fasta format detected
Reading fasta file: done in 0.079766 secs using 95.83% CPU
Alignment most likely contains DNA/RNA sequences
Constructing alignment: done in 0.0419362 secs using 85.9% CPU
Alignment has 196 sequences with 21288 columns, 1903 distinct patterns
780 parsimony-informative, 815 singleton sites, 19693 constant sites
          Gap/Ambiguity  Composition  p-value
Analyzing sequences: done in 0.000791073 secs using 88.36% CPU
   1  OK662397    0.00%    passed     97.84%
   2  KF530065    0.00%    passed     98.94%
   3  KF530073    0.00%    passed     99.23%
   4  KF530066    0.00%    passed     99.17%
   5  KF530061    0.00%    passed     99.17%
   6  KF530074    0.00%    passed     99.73%
   7  KF530097    0.00%    passed     99.72%
   8  KF530090    0.00%    passed     99.67%
   9  KF530075    0.00%    passed     99.31%
  10  KF530059    1.24%    passed     99.55%
  11  KF530062    1.89%    passed     98.62%
  12  KF530060    0.00%    passed     99.55%
  13  KF530093    2.49%    passed     98.26%
  14  KF530087    0.00%    passed     99.29%
  15  KF530083    0.00%    passed     99.40%
  16  KF530086    0.00%    passed     99.41%
  17  KF530077    0.00%    passed     99.51%
  18  KF530085    0.00%    passed     99.72%
  19  JN129834    0.06%    passed     99.42%
  20  KF530068    0.00%    passed     99.84%
  21  KF530081    0.00%    passed     99.92%
  22  KF530070    0.00%    passed     99.73%
  23  KF530069    0.00%    passed     99.89%
  24  KF530063    0.00%    passed     99.06%
  25  KF530099    0.00%    passed     99.11%
  26  KF530071    0.00%    passed     99.58%
  27  KF530088    0.00%    passed     99.55%
  28  KF530076    0.00%    passed     99.32%
  29  KF530079    0.00%    passed     98.99%
  30  KF530082    0.00%    passed     99.61%
  31  KF530089    0.00%    passed     99.59%
  32  KF530094    0.00%    passed     99.46%
  33  KF530091    0.00%    passed     99.18%
  34  KF530067    0.00%    passed     99.75%
  35  KF530095    0.00%    passed     99.16%
  36  KF530096    0.00%    passed     99.13%
  37  KF530072    0.00%    passed     99.83%
  38  KF530080    0.00%    passed     99.73%
  39  KF530064    0.00%    passed     99.78%
  40  KF530078    0.00%    passed     99.73%
  41  KF530092    0.00%    passed     99.66%
  42  KY014281    0.00%    passed     99.77%
  43  KF923896    0.00%    passed     99.54%
  44  KP198611    0.00%    passed     99.33%
  45  KY014282    0.00%    passed     99.47%
  46  KP198610    0.00%    passed     99.26%
  47  KY967360    0.00%    passed     98.76%
  48  MN026165    0.80%    passed     94.91%
  49  MF314143    0.00%    passed     98.82%
  50  MT118672    0.00%    passed     98.70%
  51  MT118671    0.00%    passed     98.70%
  52  KU131570    0.00%    passed     98.49%
  53  KF923906    0.00%    passed     99.14%
  54  LC315649    0.00%    passed     98.41%
  55  JN129835    0.00%    passed    100.00%
  56  KF923890    0.00%    passed    100.00%
  57  KF923907    0.00%    passed    100.00%
  58  KF923911    0.00%    passed    100.00%
  59  KF923901    0.00%    passed     99.98%
  60  KF923914    0.00%    passed    100.00%
  61  KF923912    0.00%    passed     99.99%
  62  KF923894    0.00%    passed     99.98%
  63  KF923917    0.00%    passed     99.99%
  64  KF923908    0.00%    passed     99.99%
  65  KF923909    0.00%    passed     99.98%
  66  KF923916    0.00%    passed     99.96%
  67  KF923892    0.00%    passed     99.98%
  68  KF923919    0.00%    passed    100.00%
  69  KF923910    0.00%    passed     99.99%
  70  KF923913    0.00%    passed     99.96%
  71  KF923915    0.00%    passed     99.95%
  72  KY554974    0.00%    passed    100.00%
  73  KY554975    0.00%    passed    100.00%
  74  KY674920    0.00%    passed     99.99%
  75  KF923920    0.00%    passed     99.97%
  76  KY554972    0.00%    passed     99.97%
  77  KY554973    0.00%    passed     99.97%
  78  KY674918    0.00%    passed     99.97%
  79  KY674917    0.00%    passed     99.97%
  80  KF923891    0.00%    passed     99.95%
  81  KF923921    0.00%    passed     99.96%
  82  KF923902    0.00%    passed     99.99%
  83  KF923904    0.00%    passed    100.00%
  84  KX538964    0.00%    passed    100.00%
  85  KX538972    0.00%    passed    100.00%
  86  KX538976    0.00%    passed    100.00%
  87  KX538966    0.00%    passed    100.00%
  88  KX538970    0.00%    passed     99.99%
  89  KX538978    0.00%    passed     99.98%
  90  LC315646    0.00%    passed     99.95%
  91  LC315647    0.00%    passed     99.93%
  92  OL770288    0.00%    passed     99.92%
  93  OL770287    0.00%    passed     99.95%
  94  OL770289    0.71%    passed     99.91%
  95  KX538979    0.00%    passed     99.99%
  96  OK073088    0.02%    passed     99.98%
  97  LC315648    0.00%    passed     99.98%
  98  OK073087    0.00%    passed     99.92%
  99  OK073090    0.00%    passed     99.88%
 100  KY967356    0.24%    passed     99.99%
 101  KF923918    0.00%    passed     99.91%
 102  KF923922    0.00%    passed     99.98%
 103  KF923925    0.00%    passed     99.83%
 104  KJ958219    0.00%    passed     99.68%
 105  KJ958218    0.00%    passed     99.74%
 106  KF923924    0.00%    passed     99.92%
 107  KF923895    0.00%    passed     99.97%
 108  KX344031    0.00%    passed    100.00%
 109  KF923897    0.00%    passed     99.99%
 110  KF923903    0.00%    passed     99.98%
 111  KX538965    0.00%    passed     99.99%
 112  KX538973    0.00%    passed    100.00%
 113  KX538971    0.00%    passed    100.00%
 114  KX538974    0.00%    passed     99.98%
 115  KX538968    0.00%    passed    100.00%
 116  KX538977    0.00%    passed     99.99%
 117  KX538969    0.00%    passed     99.98%
 118  KX538967    0.00%    passed     99.99%
 119  KX538975    0.00%    passed     99.98%
 120  MN310476    0.05%    passed     99.73%
 121  MT118668    0.00%    passed     99.74%
 122  KF923893    0.00%    passed     99.90%
 123  OK073091    0.00%    passed     99.98%
 124  OK073092    1.40%    passed     99.99%
 125  MF374983    0.00%    passed     99.96%
 126  MG977451    0.00%    passed     99.73%
 127  MG977452    0.00%    passed     99.73%
 128  MN026164    0.00%    passed     99.90%
 129  KF923923    0.00%    passed     99.94%
 130  OK073089    0.00%    passed     99.76%
 131  KY369905    0.00%    passed     99.98%
 132  KY369907    0.00%    passed     99.98%
 133  KY967361    0.21%    passed     99.79%
 134  MW587040    0.00%    passed     99.96%
 135  KY967358    0.00%    passed     99.97%
 136  MH121121    0.00%    passed     99.97%
 137  KY983583    0.00%    passed     99.92%
 138  KY983585    0.00%    passed     99.93%
 139  MF374984    0.00%    passed     99.93%
 140  MF374985    0.00%    passed     99.95%
 141  MT118667    0.00%    passed     99.96%
 142  KY369906    0.00%    passed     99.95%
 143  KY967359    0.10%    passed    100.00%
 144  KY983588    0.08%    passed     99.93%
 145  KY684759    0.00%    passed     99.93%
 146  OK391226    0.00%    passed     99.85%
 147  MW587041   24.02%    passed     63.09%
 148  OK391225    0.00%    passed     99.78%
 149  OK391224    0.85%    passed     98.25%
 150  OK391223    2.76%    passed     99.61%
 151  LC687399    0.00%    passed     99.77%
 152  LC720427    0.00%    passed     99.77%
 153  LC720429    0.00%    passed     99.86%
 154  MN306036    0.74%    passed     99.98%
 155  MN306041    0.00%    passed     99.90%
 156  MT118673    0.00%    passed     99.88%
 157  MW587042    0.00%    passed     99.93%
 158  LC687400    0.00%    passed     99.92%
 159  MT118678    0.00%    passed     99.91%
 160  MN306042    0.00%    passed     99.84%
 161  LC687398    0.00%    passed     99.86%
 162  MT118685    0.00%    passed     99.85%
 163  MN306053    0.00%    passed     99.88%
 164  MW411432    0.00%    passed     99.84%
 165  MW411433    0.01%    passed     99.87%
 166  OK391228    0.39%    passed     99.55%
 167  OM386798    0.00%    passed     99.85%
 168  OM386799    0.00%    passed     99.85%
 169  OM386794    0.00%    passed     99.81%
 170  MT118692    0.00%    passed     99.81%
 171  OM386796    0.00%    passed     99.85%
 172  OM386797    0.00%    passed     99.85%
 173  MN310478    1.79%    passed     99.89%
 174  MW938760    0.00%    passed     99.88%
 175  OM386795    0.00%    passed     99.89%
 176  OK391227    0.00%    passed     99.71%
 177  MT118683    0.00%    passed     99.73%
 178  OK391238    5.91%    passed     97.77%
 179  KF923886    0.00%    passed     99.86%
 180  MH828490    0.00%    passed     99.98%
 181  KF923888    0.00%    passed     99.98%
 182  KF923887    0.00%    passed     99.99%
 183  KF923889    0.00%    passed     99.98%
 184  KF923898    0.00%    passed     99.97%
 185  MN306043    0.00%    passed     99.61%
 186  MW052042    0.00%    passed     99.59%
 187  OK391230    5.10%    passed     91.43%
 188  MW559057    0.00%    passed     99.76%
 189  KF923900    0.00%    passed     99.90%
 190  KF923899    0.00%    passed     99.95%
 191  KF923905    0.00%    passed     99.94%
 192  KF530084    0.00%    passed     99.93%
 193  KF530098    0.00%    passed     99.91%
 194  OK391222    5.44%    passed     93.26%
 195  OK391229   36.52%    passed     91.88%
 196  OK391221    2.36%    passed     98.60%
****  TOTAL       0.49%  0 sequences failed composition chi2 test (p-value<5%; df=3)
NOTE: MT118671 is identical to MT118672 but kept for subsequent analysis
NOTE: KY554975 is identical to KY554974 but kept for subsequent analysis
NOTE: KY554973 is identical to KY554972 but kept for subsequent analysis
NOTE: LC720427 is identical to LC687399 but kept for subsequent analysis
NOTE: OM386799 is identical to OM386798 but kept for subsequent analysis
NOTE: OM386797 is identical to OM386796 but kept for subsequent analysis
Checking for duplicate sequences: done in 0.00113511 secs using 85.81% CPU
Identifying sites to remove: done in 0.03409 secs using 94.88% CPU
NOTE: 2 identical sequences (see below) will be ignored for subsequent analysis
NOTE: KY674918 (identical to KY554972) is ignored but added at the end
NOTE: KY674917 (identical to KY554972) is ignored but added at the end
Alignment was printed to results/aligned_oc43_all_ORF1ab-delim.fasta.uniqueseq.phy

For your convenience alignment with unique sequences printed to results/aligned_oc43_all_ORF1ab-delim.fasta.uniqueseq.phy

Create initial parsimony tree by phylogenetic likelihood library (PLL)... 0.011 seconds

NOTE: 12 MB RAM (0 GB) is required!
Estimate model parameters (epsilon = 0.500)
1. Initial log-likelihood: -113868.099
2. Current log-likelihood: -106411.395
3. Current log-likelihood: -106352.251
Optimal log-likelihood: -106351.908
Rate parameters:  A-C: 0.52882  A-G: 2.43509  A-T: 0.41441  C-G: 0.33482  C-T: 7.39762  G-T: 1.00000
Base frequencies:  A: 0.273  C: 0.143  G: 0.221  T: 0.363
Parameters optimization took 3 rounds (1.556 sec)
Wrote distance file to... 
Computing ML distances based on estimated model parameters...
Calculating distance matrix: done in 0.199112 secs using 82.07% CPU
Computing ML distances took 0.200454 sec (of wall-clock time) 0.164592 sec (of CPU time)
Setting up auxiliary I and S matrices: done in 0.00109792 secs using 174.2% CPU
Constructing RapidNJ tree: done in 0.00293183 secs using 187.8% CPU
Computing RapidNJ tree took 0.004163 sec (of wall-clock time) 0.007640 sec (of CPU time)
Log-likelihood of RapidNJ tree: -48395.816
--------------------------------------------------------------------
|             INITIALIZING CANDIDATE TREE SET                      |
--------------------------------------------------------------------

Do NNI search on 2 best initial trees
Optimizing NNI: done in 1.05429 secs using 83.08% CPU
Estimate model parameters (epsilon = 0.500)
BETTER TREE FOUND at iteration 1: -48116.623
Optimizing NNI: done in 8.94747 secs using 85.02% CPU
Finish initializing candidate tree set (4)
Current best tree score: -48116.623 / CPU time: 10.629
Number of iterations: 2
TREE SEARCH COMPLETED AFTER 2 ITERATIONS / Time: 0h:0m:12s

--------------------------------------------------------------------
|                    FINALIZING TREE SEARCH                        |
--------------------------------------------------------------------
Performs final model parameters optimization
Estimate model parameters (epsilon = 0.050)
1. Initial log-likelihood: -48116.623
Optimal log-likelihood: -48116.622
Rate parameters:  A-C: 0.91865  A-G: 2.65331  A-T: 0.52237  C-G: 0.46059  C-T: 7.44397  G-T: 1.00000
Base frequencies:  A: 0.273  C: 0.143  G: 0.221  T: 0.363
Parameters optimization took 1 rounds (0.190 sec)
BEST SCORE FOUND : -48116.622
Total tree length: 0.105

Total number of iterations: 2
CPU time used for tree search: 9.015 sec (0h:0m:9s)
Wall-clock time used for tree search: 10.629 sec (0h:0m:10s)
Total CPU time used: 10.910 sec (0h:0m:10s)
Total wall-clock time used: 12.882 sec (0h:0m:12s)

Analysis results written to: 
  IQ-TREE report:                results/aligned_oc43_all_ORF1ab-delim.fasta.iqtree
  Maximum-likelihood tree:       results/aligned_oc43_all_ORF1ab-delim.fasta.treefile
  Likelihood distances:          results/aligned_oc43_all_ORF1ab-delim.fasta.mldist
  Screen log file:               results/aligned_oc43_all_ORF1ab-delim.fasta.log

Date and Time: Tue Jan 10 16:32:14 2023
