IQ-TREE multicore version 2.2.0-beta COVID-edition for Mac OS X 64-bit built Mar  3 2022 built Mar  3 2022
Developed by Bui Quang Minh, James Barbetti, Nguyen Lam Tung,
Olga Chernomor, Heiko Schmidt, Dominik Schrempf, Michael Woodhams, Ly Trong Nhan.

Host:    MacBook-Pro-5.local (SSE4.2, 8 GB RAM)
Command: iqtree2 -nt 1 -s results/aligned_oc43_B_S1-delim.fasta -m GTR -ninit 2 -n 2 -me 0.05
Seed:    126176 (Using SPRNG - Scalable Parallel Random Number Generator)
Time:    Tue Jan 10 16:15:58 2023
Kernel:  SSE2 - 1 threads (8 CPU cores detected)

HINT: Use -nt option to specify number of threads because your CPU has 8 cores!
HINT: -nt AUTO will automatically determine the best number of threads to use.

Reading alignment file results/aligned_oc43_B_S1-delim.fasta ... Fasta format detected
Reading fasta file: done in 0.00507092 secs using 96.18% CPU
Alignment most likely contains DNA/RNA sequences
Constructing alignment: done in 0.00464201 secs using 74.26% CPU
WARNING: 4 sites contain only gaps or ambiguous characters.
Alignment has 124 sequences with 2259 columns, 195 distinct patterns
138 parsimony-informative, 62 singleton sites, 2059 constant sites
          Gap/Ambiguity  Composition  p-value
Analyzing sequences: done in 4.79221e-05 secs using 81.38% CPU
   1  KF530072    0.80%    passed     98.67%
   2  KF530080    0.80%    passed     97.07%
   3  KF530078    0.80%    passed     95.93%
   4  KF530092    0.80%    passed     96.68%
   5  KF530064    0.80%    passed     95.94%
   6  KY014281    0.80%    passed     97.62%
   7  KF963233    0.80%    passed     97.93%
   8  KF963230    0.80%    passed     94.84%
   9  KF963236    0.80%    passed     94.83%
  10  KF530065    0.80%    passed     99.73%
  11  KF530066    0.80%    passed     99.73%
  12  KF530073    0.80%    passed     99.73%
  13  KF530061    0.80%    passed     99.47%
  14  KF530085    0.80%    passed     99.85%
  15  KF530060    0.80%    passed     99.73%
  16  KF530093    0.80%    passed     99.73%
  17  KF530083    0.80%    passed     99.65%
  18  KF530086    0.80%    passed     99.65%
  19  KF530077    0.80%    passed     99.83%
  20  KF530087    0.80%    passed     99.09%
  21  KF530074    0.80%    passed     99.83%
  22  KF530090    0.80%    passed     99.83%
  23  KF530097    0.80%    passed     99.83%
  24  KF530075    0.80%    passed     99.65%
  25  KF530059    0.80%    passed     99.68%
  26  KF530062    0.80%    passed     99.68%
  27  KF923896    0.27%    passed     99.79%
  28  KF923906    0.27%    passed     99.54%
  29  KP198611    0.27%    passed     99.81%
  30  KY014282    0.27%    passed     99.81%
  31  KP198610    0.27%    passed     99.31%
  32  KY967360    0.27%    passed     99.89%
  33  MN026165    0.40%    passed     99.94%
  34  MF314143    0.27%    passed     99.88%
  35  MT118672    0.27%    passed     99.65%
  36  MT118671    0.27%    passed     99.65%
  37  LC315649    0.27%    passed     99.98%
  38  KU131570    0.66%    passed     99.75%
  39  KF572804    0.40%    passed     99.99%
  40  KF963238    0.40%    passed     99.99%
  41  LC506778    0.40%    passed     99.99%
  42  LC506779    0.40%    passed     99.99%
  43  LC506783    0.40%    passed     99.99%
  44  KF572811    0.40%    passed    100.00%
  45  LC506833    0.40%    passed     99.99%
  46  KF963241    0.40%    passed     99.94%
  47  LC506840    0.40%    passed     99.99%
  48  LC506824    0.40%    passed     99.98%
  49  LC506829    0.40%    passed     99.98%
  50  LC331081    0.40%    passed     99.98%
  51  LC506825    0.40%    passed     99.99%
  52  LC506866    0.40%    passed     99.99%
  53  LC506826    0.40%    passed     99.99%
  54  LC506872    0.40%    passed     99.99%
  55  LC506828    0.40%    passed     99.99%
  56  LC331082    0.40%    passed     99.99%
  57  LC331090    0.40%    passed     99.99%
  58  LC331084    0.40%    passed     99.99%
  59  LC331085    0.40%    passed     99.99%
  60  LC331087    0.40%    passed     99.99%
  61  LC331091    0.40%    passed     99.99%
  62  LC331088    0.40%    passed     99.99%
  63  LC331086    0.44%    passed     99.97%
  64  KF572814    0.40%    passed     99.88%
  65  LC506789    0.40%    passed     99.98%
  66  LC506774    0.40%    passed     99.98%
  67  LC506775    0.40%    passed     99.98%
  68  LC506776    0.40%    passed     99.98%
  69  LC506777    0.40%    passed     99.98%
  70  LC506780    0.40%    passed     99.98%
  71  LC506781    0.40%    passed     99.98%
  72  LC506784    0.40%    passed     99.98%
  73  LC506785    0.40%    passed     99.98%
  74  LC506787    0.40%    passed     99.98%
  75  LC506788    0.40%    passed     99.98%
  76  LC506786    0.40%    passed     99.90%
  77  LC506868    0.40%    passed     99.97%
  78  LC506831    0.40%    passed    100.00%
  79  LC506838    0.40%    passed    100.00%
  80  LC331089    0.40%    passed    100.00%
  81  LC331092    0.40%    passed    100.00%
  82  LC506839    0.40%    passed     99.99%
  83  LC506755    0.40%    passed     99.97%
  84  LC506756    0.40%    passed     99.97%
  85  LC506757    0.40%    passed     99.97%
  86  LC506758    0.40%    passed     99.97%
  87  LC506759    0.40%    passed     99.97%
  88  LC506760    0.40%    passed     99.97%
  89  LC506763    0.40%    passed     99.97%
  90  LC506764    0.40%    passed     99.97%
  91  LC506766    0.40%    passed     99.97%
  92  LC506782    0.40%    passed     99.99%
  93  KF963237    0.40%    passed     99.88%
  94  KF572807    0.40%    passed     99.94%
  95  KF572812    0.40%    passed    100.00%
  96  KF572806    0.40%    passed     99.94%
  97  KF572809    0.40%    passed     99.78%
  98  LC506827    0.40%    passed    100.00%
  99  LC506830    0.40%    passed    100.00%
 100  LC331079    0.40%    passed     99.97%
 101  LC506939    0.40%    passed     99.93%
 102  LC331080    0.40%    passed     99.93%
 103  LC331093    0.40%    passed     99.90%
 104  MF996612    8.81%    passed     99.72%
 105  KF572813    0.40%    passed     99.83%
 106  MF996606    9.34%    passed     99.77%
 107  MF996607    8.63%    passed     99.80%
 108  MF996611    8.99%    passed     99.76%
 109  MF996619    8.32%    passed     99.83%
 110  LC506946    0.40%    passed     99.88%
 111  LC506947    0.40%    passed     99.88%
 112  LC506948    0.40%    passed     99.88%
 113  LC506949    0.40%    passed     99.88%
 114  MF996605    8.37%    passed     99.96%
 115  MN306043    0.40%    passed     99.69%
 116  MN310476    0.40%    passed     99.92%
 117  KF963239    0.40%    passed     99.97%
 118  LC506821    0.40%    passed     99.69%
 119  KF572805    0.40%    passed     99.62%
 120  KF572810    0.40%    passed    100.00%
 121  LC506761    0.40%    passed     99.70%
 122  LC506762    0.40%    passed     99.38%
 123  KF572808    0.40%    passed     99.88%
 124  KF963234    0.27%    passed     99.55%
****  TOTAL       0.88%  0 sequences failed composition chi2 test (p-value<5%; df=3)
NOTE: KF530066 is identical to KF530065 but kept for subsequent analysis
NOTE: KF530086 is identical to KF530083 but kept for subsequent analysis
NOTE: KF530090 is identical to KF530074 but kept for subsequent analysis
NOTE: KF530062 is identical to KF530059 but kept for subsequent analysis
NOTE: KY014282 is identical to KP198611 but kept for subsequent analysis
NOTE: MT118671 is identical to MT118672 but kept for subsequent analysis
NOTE: KF963238 is identical to KF572804 but kept for subsequent analysis
NOTE: LC506829 is identical to LC506824 but kept for subsequent analysis
NOTE: LC506866 is identical to LC506825 but kept for subsequent analysis
NOTE: LC331090 is identical to LC331082 but kept for subsequent analysis
NOTE: LC506774 is identical to LC506789 but kept for subsequent analysis
NOTE: LC506838 is identical to LC506831 but kept for subsequent analysis
NOTE: LC506756 is identical to LC506755 but kept for subsequent analysis
NOTE: LC506830 is identical to LC506827 but kept for subsequent analysis
NOTE: LC331080 is identical to LC506939 but kept for subsequent analysis
NOTE: LC506947 is identical to LC506946 but kept for subsequent analysis
Checking for duplicate sequences: done in 0.000339985 secs using 73.83% CPU
Identifying sites to remove: done in 0.00388217 secs using 82.61% CPU
NOTE: 32 identical sequences (see below) will be ignored for subsequent analysis
NOTE: KF530097 (identical to KF530074) is ignored but added at the end
NOTE: LC506778 (identical to KF572804) is ignored but added at the end
NOTE: LC506779 (identical to KF572804) is ignored but added at the end
NOTE: LC506783 (identical to KF572804) is ignored but added at the end
NOTE: LC331081 (identical to LC506824) is ignored but added at the end
NOTE: LC506826 (identical to LC506825) is ignored but added at the end
NOTE: LC506872 (identical to LC506825) is ignored but added at the end
NOTE: LC506828 (identical to LC506825) is ignored but added at the end
NOTE: LC331084 (identical to LC331082) is ignored but added at the end
NOTE: LC331085 (identical to LC331082) is ignored but added at the end
NOTE: LC331087 (identical to LC331082) is ignored but added at the end
NOTE: LC331091 (identical to LC331082) is ignored but added at the end
NOTE: LC331088 (identical to LC331082) is ignored but added at the end
NOTE: LC506775 (identical to LC506789) is ignored but added at the end
NOTE: LC506776 (identical to LC506789) is ignored but added at the end
NOTE: LC506777 (identical to LC506789) is ignored but added at the end
NOTE: LC506780 (identical to LC506789) is ignored but added at the end
NOTE: LC506781 (identical to LC506789) is ignored but added at the end
NOTE: LC506784 (identical to LC506789) is ignored but added at the end
NOTE: LC506785 (identical to LC506789) is ignored but added at the end
NOTE: LC506787 (identical to LC506789) is ignored but added at the end
NOTE: LC506788 (identical to LC506789) is ignored but added at the end
NOTE: LC331089 (identical to LC506831) is ignored but added at the end
NOTE: LC506757 (identical to LC506755) is ignored but added at the end
NOTE: LC506758 (identical to LC506755) is ignored but added at the end
NOTE: LC506759 (identical to LC506755) is ignored but added at the end
NOTE: LC506760 (identical to LC506755) is ignored but added at the end
NOTE: LC506763 (identical to LC506755) is ignored but added at the end
NOTE: LC506764 (identical to LC506755) is ignored but added at the end
NOTE: LC506766 (identical to LC506755) is ignored but added at the end
NOTE: LC506948 (identical to LC506946) is ignored but added at the end
NOTE: LC506949 (identical to LC506946) is ignored but added at the end
Alignment was printed to results/aligned_oc43_B_S1-delim.fasta.uniqueseq.phy

For your convenience alignment with unique sequences printed to results/aligned_oc43_B_S1-delim.fasta.uniqueseq.phy

Create initial parsimony tree by phylogenetic likelihood library (PLL)... 0.001 seconds

NOTE: 0 MB RAM (0 GB) is required!
Estimate model parameters (epsilon = 0.500)
1. Initial log-likelihood: -16148.165
2. Current log-likelihood: -15552.365
3. Current log-likelihood: -15550.649
Optimal log-likelihood: -15487.305
Rate parameters:  A-C: 2.01997  A-G: 2.90973  A-T: 1.02523  C-G: 0.70073  C-T: 5.63320  G-T: 1.00000
Base frequencies:  A: 0.280  C: 0.160  G: 0.188  T: 0.371
Parameters optimization took 3 rounds (0.094 sec)
Wrote distance file to... 
Computing ML distances based on estimated model parameters...
Calculating distance matrix: done in 0.0256999 secs using 59.35% CPU
Computing ML distances took 0.025913 sec (of wall-clock time) 0.015390 sec (of CPU time)
Setting up auxiliary I and S matrices: done in 0.000482082 secs using 86.5% CPU
Constructing RapidNJ tree: done in 0.000690937 secs using 142.6% CPU
Computing RapidNJ tree took 0.001278 sec (of wall-clock time) 0.001506 sec (of CPU time)
Log-likelihood of RapidNJ tree: -5291.947
--------------------------------------------------------------------
|             INITIALIZING CANDIDATE TREE SET                      |
--------------------------------------------------------------------

Do NNI search on 2 best initial trees
Optimizing NNI: done in 0.0337269 secs using 101.6% CPU
Estimate model parameters (epsilon = 0.500)
BETTER TREE FOUND at iteration 1: -5250.428
Optimizing NNI: done in 0.37365 secs using 97.03% CPU
Finish initializing candidate tree set (4)
Current best tree score: -5250.428 / CPU time: 0.456
Number of iterations: 2
TREE SEARCH COMPLETED AFTER 2 ITERATIONS / Time: 0h:0m:0s

--------------------------------------------------------------------
|                    FINALIZING TREE SEARCH                        |
--------------------------------------------------------------------
Performs final model parameters optimization
Estimate model parameters (epsilon = 0.050)
1. Initial log-likelihood: -5250.428
Optimal log-likelihood: -5250.427
Rate parameters:  A-C: 0.81036  A-G: 2.21660  A-T: 0.73250  C-G: 0.68312  C-T: 5.33116  G-T: 1.00000
Base frequencies:  A: 0.280  C: 0.160  G: 0.188  T: 0.371
Parameters optimization took 1 rounds (0.009 sec)
BEST SCORE FOUND : -5250.427
Total tree length: 0.132

Total number of iterations: 2
CPU time used for tree search: 0.444 sec (0h:0m:0s)
Wall-clock time used for tree search: 0.457 sec (0h:0m:0s)
Total CPU time used: 0.579 sec (0h:0m:0s)
Total wall-clock time used: 0.647 sec (0h:0m:0s)

Analysis results written to: 
  IQ-TREE report:                results/aligned_oc43_B_S1-delim.fasta.iqtree
  Maximum-likelihood tree:       results/aligned_oc43_B_S1-delim.fasta.treefile
  Likelihood distances:          results/aligned_oc43_B_S1-delim.fasta.mldist
  Screen log file:               results/aligned_oc43_B_S1-delim.fasta.log

Date and Time: Tue Jan 10 16:15:58 2023
