IQ-TREE multicore version 2.2.0-beta COVID-edition for Mac OS X 64-bit built Mar  3 2022 built Mar  3 2022
Developed by Bui Quang Minh, James Barbetti, Nguyen Lam Tung,
Olga Chernomor, Heiko Schmidt, Dominik Schrempf, Michael Woodhams, Ly Trong Nhan.

Host:    MacBook-Pro-5.local (SSE4.2, 8 GB RAM)
Command: iqtree2 -nt 1 -s results/aligned_oc43_all_E-delim.fasta -m GTR -ninit 2 -n 2 -me 0.05
Seed:    46502 (Using SPRNG - Scalable Parallel Random Number Generator)
Time:    Tue Jan 10 16:25:54 2023
Kernel:  SSE2 - 1 threads (8 CPU cores detected)

HINT: Use -nt option to specify number of threads because your CPU has 8 cores!
HINT: -nt AUTO will automatically determine the best number of threads to use.

Reading alignment file results/aligned_oc43_all_E-delim.fasta ... Fasta format detected
Reading fasta file: done in 0.00102186 secs using 95.32% CPU
Alignment most likely contains DNA/RNA sequences
Constructing alignment: done in 0.000352144 secs using 84.91% CPU
Alignment has 196 sequences with 255 columns, 36 distinct patterns
7 parsimony-informative, 7 singleton sites, 241 constant sites
          Gap/Ambiguity  Composition  p-value
Analyzing sequences: done in 1.78814e-05 secs using 89.48% CPU
   1  OK662397    0.00%    passed     99.86%
   2  KF530071    0.00%    passed     99.86%
   3  KF530088    0.00%    passed     99.86%
   4  KF530076    0.00%    passed     99.86%
   5  KF530091    0.00%    passed     99.86%
   6  KF530082    0.00%    passed     99.86%
   7  KF530094    0.00%    passed     99.86%
   8  KF530089    0.00%    passed     99.86%
   9  KF530079    0.00%    passed     99.86%
  10  KF530067    0.00%    passed     99.86%
  11  KF530095    0.00%    passed     99.86%
  12  KF530096    0.00%    passed     99.86%
  13  JN129834    0.00%    passed    100.00%
  14  JN129835    0.00%    passed    100.00%
  15  KF923890    0.00%    passed    100.00%
  16  KF923907    0.00%    passed    100.00%
  17  KF923911    0.00%    passed    100.00%
  18  KF923914    0.00%    passed    100.00%
  19  KF923912    0.00%    passed    100.00%
  20  KF923909    0.00%    passed    100.00%
  21  KF923901    0.00%    passed    100.00%
  22  KF923919    0.00%    passed    100.00%
  23  KF923910    0.00%    passed    100.00%
  24  KF923892    0.00%    passed    100.00%
  25  KF923920    0.00%    passed    100.00%
  26  KF923913    0.00%    passed    100.00%
  27  KF923915    0.00%    passed    100.00%
  28  KF923891    0.00%    passed    100.00%
  29  KF923894    0.00%    passed    100.00%
  30  KF923917    0.00%    passed    100.00%
  31  KY554974    0.00%    passed    100.00%
  32  KY554975    0.00%    passed    100.00%
  33  KY674920    0.00%    passed    100.00%
  34  KF923916    0.00%    passed    100.00%
  35  KY554972    0.00%    passed    100.00%
  36  KY554973    0.00%    passed    100.00%
  37  KY674918    0.00%    passed    100.00%
  38  KY674917    0.00%    passed    100.00%
  39  KF923921    0.00%    passed    100.00%
  40  KF923908    0.00%    passed    100.00%
  41  KF923923    0.00%    passed    100.00%
  42  KF923918    0.00%    passed    100.00%
  43  KF923922    0.00%    passed    100.00%
  44  KF923925    0.00%    passed    100.00%
  45  KJ958219    0.00%    passed    100.00%
  46  KJ958218    0.00%    passed    100.00%
  47  KF923893    0.00%    passed    100.00%
  48  KF923924    0.00%    passed    100.00%
  49  KF923903    0.00%    passed    100.00%
  50  KX538965    0.00%    passed    100.00%
  51  KX538969    0.00%    passed    100.00%
  52  KX538977    0.00%    passed    100.00%
  53  KX538973    0.00%    passed    100.00%
  54  KX538971    0.00%    passed    100.00%
  55  KX538968    0.00%    passed    100.00%
  56  KX538974    0.00%    passed    100.00%
  57  KX538967    0.00%    passed    100.00%
  58  KX538975    0.00%    passed    100.00%
  59  KF923900    0.00%    passed    100.00%
  60  KF923899    0.00%    passed    100.00%
  61  KF923905    0.00%    passed    100.00%
  62  KF923902    0.00%    passed    100.00%
  63  KF923904    0.00%    passed    100.00%
  64  KX538964    0.00%    passed    100.00%
  65  KX538972    0.00%    passed    100.00%
  66  KX538976    0.00%    passed    100.00%
  67  KX538966    0.00%    passed    100.00%
  68  KX538970    0.00%    passed    100.00%
  69  KX538978    0.00%    passed    100.00%
  70  KX538979    0.00%    passed    100.00%
  71  LC315648    0.00%    passed    100.00%
  72  LC315646    0.00%    passed    100.00%
  73  OK073087    0.00%    passed    100.00%
  74  OK073088    0.00%    passed    100.00%
  75  LC315647    0.00%    passed    100.00%
  76  OL770288    0.00%    passed    100.00%
  77  OL770287    0.00%    passed    100.00%
  78  OL770289    0.00%    passed    100.00%
  79  OK073090    0.00%    passed    100.00%
  80  MG977451    0.00%    passed    100.00%
  81  MG977452    0.00%    passed    100.00%
  82  MF374983    0.00%    passed    100.00%
  83  KY369905    0.00%    passed    100.00%
  84  KY983588    0.00%    passed    100.00%
  85  KY369906    0.00%    passed    100.00%
  86  KY369907    0.00%    passed    100.00%
  87  MW587040    0.00%    passed    100.00%
  88  MH121121    0.00%    passed    100.00%
  89  MT118667    0.00%    passed    100.00%
  90  KY684759    0.00%    passed    100.00%
  91  KY983583    0.00%    passed    100.00%
  92  KY967361    0.00%    passed    100.00%
  93  KY967358    0.00%    passed    100.00%
  94  KY983585    0.00%    passed    100.00%
  95  MF374985    0.00%    passed    100.00%
  96  KY967359    0.00%    passed    100.00%
  97  MF374984    0.00%    passed    100.00%
  98  LC687399    0.00%    passed    100.00%
  99  LC720427    0.00%    passed    100.00%
 100  LC720429    0.00%    passed    100.00%
 101  MN306036    0.00%    passed    100.00%
 102  MN306041    0.00%    passed    100.00%
 103  MT118673    0.00%    passed    100.00%
 104  MT118678    0.00%    passed    100.00%
 105  MW587042    0.00%    passed    100.00%
 106  MT118685    0.00%    passed    100.00%
 107  MT118683    0.00%    passed    100.00%
 108  MN306053    0.00%    passed    100.00%
 109  OM386794    0.00%    passed    100.00%
 110  OM386796    0.00%    passed    100.00%
 111  OM386797    0.00%    passed    100.00%
 112  OM386795    0.00%    passed    100.00%
 113  MN310478    0.39%    passed     99.96%
 114  MW938760    0.00%    passed    100.00%
 115  MW411432    0.00%    passed    100.00%
 116  MW411433    0.00%    passed    100.00%
 117  OM386798    0.00%    passed    100.00%
 118  OM386799    0.00%    passed    100.00%
 119  LC687400    0.00%    passed    100.00%
 120  LC687398    0.00%    passed    100.00%
 121  MT118692    0.00%    passed    100.00%
 122  MN026164    0.00%    passed    100.00%
 123  KF923895    0.00%    passed    100.00%
 124  MW559057    0.00%    passed    100.00%
 125  OK391229   38.43%    passed     95.10%
 126  KF923896    0.00%    passed    100.00%
 127  KF923906    0.00%    passed    100.00%
 128  KX344031    0.00%    passed     99.90%
 129  OK391228    2.35%    passed     99.84%
 130  OK391227    2.35%    passed     99.84%
 131  OK391238    2.35%    passed     99.84%
 132  MH828490    2.35%    passed     99.84%
 133  OK391230    2.35%    passed     99.84%
 134  MN306042    0.39%    passed     99.89%
 135  KF923897    2.35%    passed     98.87%
 136  KF530068    2.35%    passed     98.87%
 137  KF530081    2.35%    passed     98.87%
 138  KF530070    2.35%    passed     98.87%
 139  KF530069    0.00%    passed     99.83%
 140  KF530099    0.00%    passed     99.83%
 141  KF530098    0.00%    passed     99.83%
 142  KF923888    2.35%    passed     98.87%
 143  KF923887    2.35%    passed     98.87%
 144  KF923889    2.35%    passed     98.87%
 145  KF923886    2.35%    passed     98.87%
 146  KF923898    2.35%    passed     98.87%
 147  MN306043    2.35%    passed     98.87%
 148  MW052042    2.35%    passed     98.87%
 149  OK073091    2.35%    passed     98.87%
 150  OK073092    2.35%    passed     98.87%
 151  MN310476    0.00%    passed     99.83%
 152  MT118668    0.00%    passed     99.83%
 153  OK391225    2.35%    passed     98.87%
 154  OK391223    2.35%    passed     98.87%
 155  OK391224    4.71%    passed     99.73%
 156  OK391222    2.35%    passed     98.87%
 157  OK391221    2.35%    passed     98.87%
 158  KF530063    0.39%    passed     99.80%
 159  KY967356    0.00%    passed     99.75%
 160  OK073089    2.35%    passed     97.65%
 161  OK391226    2.35%    passed     99.84%
 162  KF530084    0.00%    passed     99.59%
 163  KF530072    0.39%    passed     97.22%
 164  KF530080    0.39%    passed     98.14%
 165  KF530092    0.39%    passed     98.14%
 166  KY014281    0.39%    passed     98.14%
 167  KP198611    0.39%    passed     98.14%
 168  KP198610    0.39%    passed     98.14%
 169  KY014282    0.39%    passed     98.14%
 170  KY967360    0.39%    passed     98.14%
 171  MN026165    0.39%    passed     98.14%
 172  MF314143    0.39%    passed     98.14%
 173  MT118672    0.39%    passed     98.14%
 174  MT118671    0.39%    passed     98.14%
 175  LC315649    0.39%    passed     98.14%
 176  KF530064    0.39%    passed     99.16%
 177  KF530078    0.39%    passed     99.30%
 178  KF530075    0.39%    passed     99.30%
 179  KF530059    0.39%    passed     99.30%
 180  KF530062    0.39%    passed     99.30%
 181  KF530065    0.39%    passed     99.71%
 182  KF530073    0.39%    passed     99.71%
 183  KF530066    0.39%    passed     99.71%
 184  KF530061    0.39%    passed     99.71%
 185  KF530074    0.39%    passed     99.71%
 186  KF530090    0.39%    passed     99.71%
 187  KF530097    0.39%    passed     99.71%
 188  KF530060    0.39%    passed     99.71%
 189  KF530083    0.39%    passed     99.71%
 190  KF530086    0.39%    passed     99.71%
 191  KF530077    0.39%    passed     99.71%
 192  KF530093    0.39%    passed     99.71%
 193  KF530087    0.39%    passed     99.71%
 194  KF530085    0.39%    passed     99.71%
 195  KU131570    0.39%    passed     96.18%
 196  MW587041   79.61%    passed     66.42%
WARNING: 1 sequences contain more than 50% gaps/ambiguity
****  TOTAL       0.99%  0 sequences failed composition chi2 test (p-value<5%; df=3)
NOTE: KF530071 is identical to OK662397 but kept for subsequent analysis
NOTE: JN129835 is identical to JN129834 but kept for subsequent analysis
NOTE: OK391227 is identical to OK391228 but kept for subsequent analysis
NOTE: KF530068 is identical to KF923897 but kept for subsequent analysis
NOTE: KF530099 is identical to KF530069 but kept for subsequent analysis
NOTE: KF530092 is identical to KF530080 but kept for subsequent analysis
NOTE: KF530075 is identical to KF530078 but kept for subsequent analysis
NOTE: KF530073 is identical to KF530065 but kept for subsequent analysis
Checking for duplicate sequences: done in 0.000216007 secs using 71.76% CPU
Identifying sites to remove: done in 0.00013423 secs using 97.59% CPU
NOTE: 166 identical sequences (see below) will be ignored for subsequent analysis
NOTE: KF530088 (identical to OK662397) is ignored but added at the end
NOTE: KF530076 (identical to OK662397) is ignored but added at the end
NOTE: KF530091 (identical to OK662397) is ignored but added at the end
NOTE: KF530082 (identical to OK662397) is ignored but added at the end
NOTE: KF530094 (identical to OK662397) is ignored but added at the end
NOTE: KF530089 (identical to OK662397) is ignored but added at the end
NOTE: KF530079 (identical to OK662397) is ignored but added at the end
NOTE: KF530067 (identical to OK662397) is ignored but added at the end
NOTE: KF530095 (identical to OK662397) is ignored but added at the end
NOTE: KF530096 (identical to OK662397) is ignored but added at the end
NOTE: KF923890 (identical to JN129834) is ignored but added at the end
NOTE: KF923907 (identical to JN129834) is ignored but added at the end
NOTE: KF923911 (identical to JN129834) is ignored but added at the end
NOTE: KF923914 (identical to JN129834) is ignored but added at the end
NOTE: KF923912 (identical to JN129834) is ignored but added at the end
NOTE: KF923909 (identical to JN129834) is ignored but added at the end
NOTE: KF923901 (identical to JN129834) is ignored but added at the end
NOTE: KF923919 (identical to JN129834) is ignored but added at the end
NOTE: KF923910 (identical to JN129834) is ignored but added at the end
NOTE: KF923892 (identical to JN129834) is ignored but added at the end
NOTE: KF923920 (identical to JN129834) is ignored but added at the end
NOTE: KF923913 (identical to JN129834) is ignored but added at the end
NOTE: KF923915 (identical to JN129834) is ignored but added at the end
NOTE: KF923891 (identical to JN129834) is ignored but added at the end
NOTE: KF923894 (identical to JN129834) is ignored but added at the end
NOTE: KF923917 (identical to JN129834) is ignored but added at the end
NOTE: KY554974 (identical to JN129834) is ignored but added at the end
NOTE: KY554975 (identical to JN129834) is ignored but added at the end
NOTE: KY674920 (identical to JN129834) is ignored but added at the end
NOTE: KF923916 (identical to JN129834) is ignored but added at the end
NOTE: KY554972 (identical to JN129834) is ignored but added at the end
NOTE: KY554973 (identical to JN129834) is ignored but added at the end
NOTE: KY674918 (identical to JN129834) is ignored but added at the end
NOTE: KY674917 (identical to JN129834) is ignored but added at the end
NOTE: KF923921 (identical to JN129834) is ignored but added at the end
NOTE: KF923908 (identical to JN129834) is ignored but added at the end
NOTE: KF923923 (identical to JN129834) is ignored but added at the end
NOTE: KF923918 (identical to JN129834) is ignored but added at the end
NOTE: KF923922 (identical to JN129834) is ignored but added at the end
NOTE: KF923925 (identical to JN129834) is ignored but added at the end
NOTE: KJ958219 (identical to JN129834) is ignored but added at the end
NOTE: KJ958218 (identical to JN129834) is ignored but added at the end
NOTE: KF923893 (identical to JN129834) is ignored but added at the end
NOTE: KF923924 (identical to JN129834) is ignored but added at the end
NOTE: KF923903 (identical to JN129834) is ignored but added at the end
NOTE: KX538965 (identical to JN129834) is ignored but added at the end
NOTE: KX538969 (identical to JN129834) is ignored but added at the end
NOTE: KX538977 (identical to JN129834) is ignored but added at the end
NOTE: KX538973 (identical to JN129834) is ignored but added at the end
NOTE: KX538971 (identical to JN129834) is ignored but added at the end
NOTE: KX538968 (identical to JN129834) is ignored but added at the end
NOTE: KX538974 (identical to JN129834) is ignored but added at the end
NOTE: KX538967 (identical to JN129834) is ignored but added at the end
NOTE: KX538975 (identical to JN129834) is ignored but added at the end
NOTE: KF923900 (identical to JN129834) is ignored but added at the end
NOTE: KF923899 (identical to JN129834) is ignored but added at the end
NOTE: KF923905 (identical to JN129834) is ignored but added at the end
NOTE: KF923902 (identical to JN129834) is ignored but added at the end
NOTE: KF923904 (identical to JN129834) is ignored but added at the end
NOTE: KX538964 (identical to JN129834) is ignored but added at the end
NOTE: KX538972 (identical to JN129834) is ignored but added at the end
NOTE: KX538976 (identical to JN129834) is ignored but added at the end
NOTE: KX538966 (identical to JN129834) is ignored but added at the end
NOTE: KX538970 (identical to JN129834) is ignored but added at the end
NOTE: KX538978 (identical to JN129834) is ignored but added at the end
NOTE: KX538979 (identical to JN129834) is ignored but added at the end
NOTE: LC315648 (identical to JN129834) is ignored but added at the end
NOTE: LC315646 (identical to JN129834) is ignored but added at the end
NOTE: OK073087 (identical to JN129834) is ignored but added at the end
NOTE: OK073088 (identical to JN129834) is ignored but added at the end
NOTE: LC315647 (identical to JN129834) is ignored but added at the end
NOTE: OL770288 (identical to JN129834) is ignored but added at the end
NOTE: OL770287 (identical to JN129834) is ignored but added at the end
NOTE: OL770289 (identical to JN129834) is ignored but added at the end
NOTE: OK073090 (identical to JN129834) is ignored but added at the end
NOTE: MG977451 (identical to JN129834) is ignored but added at the end
NOTE: MG977452 (identical to JN129834) is ignored but added at the end
NOTE: MF374983 (identical to JN129834) is ignored but added at the end
NOTE: KY369905 (identical to JN129834) is ignored but added at the end
NOTE: KY983588 (identical to JN129834) is ignored but added at the end
NOTE: KY369906 (identical to JN129834) is ignored but added at the end
NOTE: KY369907 (identical to JN129834) is ignored but added at the end
NOTE: MW587040 (identical to JN129834) is ignored but added at the end
NOTE: MH121121 (identical to JN129834) is ignored but added at the end
NOTE: MT118667 (identical to JN129834) is ignored but added at the end
NOTE: KY684759 (identical to JN129834) is ignored but added at the end
NOTE: KY983583 (identical to JN129834) is ignored but added at the end
NOTE: KY967361 (identical to JN129834) is ignored but added at the end
NOTE: KY967358 (identical to JN129834) is ignored but added at the end
NOTE: KY983585 (identical to JN129834) is ignored but added at the end
NOTE: MF374985 (identical to JN129834) is ignored but added at the end
NOTE: KY967359 (identical to JN129834) is ignored but added at the end
NOTE: MF374984 (identical to JN129834) is ignored but added at the end
NOTE: LC687399 (identical to JN129834) is ignored but added at the end
NOTE: LC720427 (identical to JN129834) is ignored but added at the end
NOTE: LC720429 (identical to JN129834) is ignored but added at the end
NOTE: MN306036 (identical to JN129834) is ignored but added at the end
NOTE: MN306041 (identical to JN129834) is ignored but added at the end
NOTE: MT118673 (identical to JN129834) is ignored but added at the end
NOTE: MT118678 (identical to JN129834) is ignored but added at the end
NOTE: MW587042 (identical to JN129834) is ignored but added at the end
NOTE: MT118685 (identical to JN129834) is ignored but added at the end
NOTE: MT118683 (identical to JN129834) is ignored but added at the end
NOTE: MN306053 (identical to JN129834) is ignored but added at the end
NOTE: OM386794 (identical to JN129834) is ignored but added at the end
NOTE: OM386796 (identical to JN129834) is ignored but added at the end
NOTE: OM386797 (identical to JN129834) is ignored but added at the end
NOTE: OM386795 (identical to JN129834) is ignored but added at the end
NOTE: MW938760 (identical to JN129834) is ignored but added at the end
NOTE: MW411432 (identical to JN129834) is ignored but added at the end
NOTE: MW411433 (identical to JN129834) is ignored but added at the end
NOTE: OM386798 (identical to JN129834) is ignored but added at the end
NOTE: OM386799 (identical to JN129834) is ignored but added at the end
NOTE: LC687400 (identical to JN129834) is ignored but added at the end
NOTE: LC687398 (identical to JN129834) is ignored but added at the end
NOTE: MT118692 (identical to JN129834) is ignored but added at the end
NOTE: MN026164 (identical to JN129834) is ignored but added at the end
NOTE: KF923895 (identical to JN129834) is ignored but added at the end
NOTE: MW559057 (identical to JN129834) is ignored but added at the end
NOTE: KF923896 (identical to JN129834) is ignored but added at the end
NOTE: KF923906 (identical to JN129834) is ignored but added at the end
NOTE: OK391238 (identical to OK391228) is ignored but added at the end
NOTE: MH828490 (identical to OK391228) is ignored but added at the end
NOTE: OK391230 (identical to OK391228) is ignored but added at the end
NOTE: KF530081 (identical to KF923897) is ignored but added at the end
NOTE: KF530070 (identical to KF923897) is ignored but added at the end
NOTE: KF923888 (identical to KF923897) is ignored but added at the end
NOTE: KF923887 (identical to KF923897) is ignored but added at the end
NOTE: KF923889 (identical to KF923897) is ignored but added at the end
NOTE: KF923886 (identical to KF923897) is ignored but added at the end
NOTE: KF923898 (identical to KF923897) is ignored but added at the end
NOTE: MN306043 (identical to KF923897) is ignored but added at the end
NOTE: MW052042 (identical to KF923897) is ignored but added at the end
NOTE: OK073091 (identical to KF923897) is ignored but added at the end
NOTE: OK073092 (identical to KF923897) is ignored but added at the end
NOTE: OK391225 (identical to KF923897) is ignored but added at the end
NOTE: OK391223 (identical to KF923897) is ignored but added at the end
NOTE: OK391222 (identical to KF923897) is ignored but added at the end
NOTE: OK391221 (identical to KF923897) is ignored but added at the end
NOTE: KF530098 (identical to KF530069) is ignored but added at the end
NOTE: MN310476 (identical to KF530069) is ignored but added at the end
NOTE: MT118668 (identical to KF530069) is ignored but added at the end
NOTE: KY014281 (identical to KF530080) is ignored but added at the end
NOTE: KP198611 (identical to KF530080) is ignored but added at the end
NOTE: KP198610 (identical to KF530080) is ignored but added at the end
NOTE: KY014282 (identical to KF530080) is ignored but added at the end
NOTE: KY967360 (identical to KF530080) is ignored but added at the end
NOTE: MN026165 (identical to KF530080) is ignored but added at the end
NOTE: MF314143 (identical to KF530080) is ignored but added at the end
NOTE: MT118672 (identical to KF530080) is ignored but added at the end
NOTE: MT118671 (identical to KF530080) is ignored but added at the end
NOTE: LC315649 (identical to KF530080) is ignored but added at the end
NOTE: KF530059 (identical to KF530078) is ignored but added at the end
NOTE: KF530062 (identical to KF530078) is ignored but added at the end
NOTE: KF530066 (identical to KF530065) is ignored but added at the end
NOTE: KF530061 (identical to KF530065) is ignored but added at the end
NOTE: KF530074 (identical to KF530065) is ignored but added at the end
NOTE: KF530090 (identical to KF530065) is ignored but added at the end
NOTE: KF530097 (identical to KF530065) is ignored but added at the end
NOTE: KF530060 (identical to KF530065) is ignored but added at the end
NOTE: KF530083 (identical to KF530065) is ignored but added at the end
NOTE: KF530086 (identical to KF530065) is ignored but added at the end
NOTE: KF530077 (identical to KF530065) is ignored but added at the end
NOTE: KF530093 (identical to KF530065) is ignored but added at the end
NOTE: KF530087 (identical to KF530065) is ignored but added at the end
NOTE: KF530085 (identical to KF530065) is ignored but added at the end
Alignment was printed to results/aligned_oc43_all_E-delim.fasta.uniqueseq.phy

For your convenience alignment with unique sequences printed to results/aligned_oc43_all_E-delim.fasta.uniqueseq.phy

Create initial parsimony tree by phylogenetic likelihood library (PLL)... 0.001 seconds

NOTE: 0 MB RAM (0 GB) is required!
Estimate model parameters (epsilon = 0.500)
1. Initial log-likelihood: -637.121
2. Current log-likelihood: -623.302
3. Current log-likelihood: -614.211
Optimal log-likelihood: -613.962
Rate parameters:  A-C: 0.00010  A-G: 2.59994  A-T: 0.53568  C-G: 0.00010  C-T: 2.59175  G-T: 1.00000
Base frequencies:  A: 0.241  C: 0.131  G: 0.219  T: 0.409
Parameters optimization took 3 rounds (0.005 sec)
Wrote distance file to... 
Computing ML distances based on estimated model parameters...
Calculating distance matrix: done in 0.00114393 secs using 95.11% CPU
Computing ML distances took 0.001199 sec (of wall-clock time) 0.001126 sec (of CPU time)
Setting up auxiliary I and S matrices: done in 3.8147e-05 secs using 83.89% CPU
Constructing RapidNJ tree: done in 8.4877e-05 secs using 94.25% CPU
Computing RapidNJ tree took 0.000161 sec (of wall-clock time) 0.000133 sec (of CPU time)
Log-likelihood of RapidNJ tree: -449.539
--------------------------------------------------------------------
|             INITIALIZING CANDIDATE TREE SET                      |
--------------------------------------------------------------------

Do NNI search on 2 best initial trees
Optimizing NNI: done in 0.00196099 secs using 99.44% CPU
BETTER TREE FOUND at iteration 1: -449.536
Optimizing NNI: done in 0.0126481 secs using 98.24% CPU
Finish initializing candidate tree set (4)
Current best tree score: -449.536 / CPU time: 0.016
Number of iterations: 2
TREE SEARCH COMPLETED AFTER 2 ITERATIONS / Time: 0h:0m:0s

--------------------------------------------------------------------
|                    FINALIZING TREE SEARCH                        |
--------------------------------------------------------------------
Performs final model parameters optimization
Estimate model parameters (epsilon = 0.050)
1. Initial log-likelihood: -449.536
2. Current log-likelihood: -448.410
3. Current log-likelihood: -448.339
4. Current log-likelihood: -448.273
Optimal log-likelihood: -448.246
Rate parameters:  A-C: 0.00010  A-G: 1.74748  A-T: 0.13582  C-G: 0.00010  C-T: 1.14419  G-T: 1.00000
Base frequencies:  A: 0.241  C: 0.131  G: 0.219  T: 0.409
Parameters optimization took 4 rounds (0.006 sec)
BEST SCORE FOUND : -448.246
Total tree length: 0.082

Total number of iterations: 2
CPU time used for tree search: 0.016 sec (0h:0m:0s)
Wall-clock time used for tree search: 0.016 sec (0h:0m:0s)
Total CPU time used: 0.044 sec (0h:0m:0s)
Total wall-clock time used: 0.059 sec (0h:0m:0s)

Analysis results written to: 
  IQ-TREE report:                results/aligned_oc43_all_E-delim.fasta.iqtree
  Maximum-likelihood tree:       results/aligned_oc43_all_E-delim.fasta.treefile
  Likelihood distances:          results/aligned_oc43_all_E-delim.fasta.mldist
  Screen log file:               results/aligned_oc43_all_E-delim.fasta.log

Date and Time: Tue Jan 10 16:25:54 2023
