IQ-TREE multicore version 2.2.0-beta COVID-edition for Mac OS X 64-bit built Mar  3 2022 built Mar  3 2022
Developed by Bui Quang Minh, James Barbetti, Nguyen Lam Tung,
Olga Chernomor, Heiko Schmidt, Dominik Schrempf, Michael Woodhams, Ly Trong Nhan.

Host:    MacBook-Pro-5.local (SSE4.2, 8 GB RAM)
Command: iqtree2 -nt 1 -s results/aligned_oc43_A_S2-delim.fasta -m GTR -ninit 2 -n 2 -me 0.05
Seed:    214752 (Using SPRNG - Scalable Parallel Random Number Generator)
Time:    Tue Jan 10 16:26:11 2023
Kernel:  SSE2 - 1 threads (8 CPU cores detected)

HINT: Use -nt option to specify number of threads because your CPU has 8 cores!
HINT: -nt AUTO will automatically determine the best number of threads to use.

Reading alignment file results/aligned_oc43_A_S2-delim.fasta ... Fasta format detected
Reading fasta file: done in 0.00810313 secs using 87.66% CPU
Alignment most likely contains DNA/RNA sequences
Constructing alignment: done in 0.00334692 secs using 78.67% CPU
Alignment has 221 sequences with 1788 columns, 210 distinct patterns
98 parsimony-informative, 78 singleton sites, 1612 constant sites
          Gap/Ambiguity  Composition  p-value
Analyzing sequences: done in 0.000194073 secs using 37.61% CPU
   1  JN129834    0.00%    passed     99.96%
   2  KF963235    0.00%    passed     99.96%
   3  KF923890    0.00%    passed    100.00%
   4  KF923911    0.00%    passed    100.00%
   5  KF923909    0.00%    passed    100.00%
   6  KF923901    0.00%    passed    100.00%
   7  KF923919    0.00%    passed    100.00%
   8  KF923910    0.00%    passed    100.00%
   9  KF923892    0.00%    passed    100.00%
  10  KF923920    0.00%    passed    100.00%
  11  KF923913    0.00%    passed    100.00%
  12  KF923915    0.00%    passed    100.00%
  13  KF923891    0.00%    passed    100.00%
  14  KF923917    0.00%    passed    100.00%
  15  KF923923    0.00%    passed    100.00%
  16  KF923918    0.00%    passed    100.00%
  17  KF923922    0.00%    passed    100.00%
  18  KF923893    0.00%    passed    100.00%
  19  KF923895    0.00%    passed    100.00%
  20  KF572819    0.00%    passed    100.00%
  21  KF572822    0.00%    passed    100.00%
  22  KF572824    0.00%    passed    100.00%
  23  KF572826    0.00%    passed    100.00%
  24  KF572827    0.00%    passed    100.00%
  25  KF572828    0.00%    passed    100.00%
  26  KF572830    0.00%    passed    100.00%
  27  KF572834    0.00%    passed    100.00%
  28  KF572835    0.00%    passed    100.00%
  29  KF572836    0.00%    passed    100.00%
  30  KF572837    0.00%    passed    100.00%
  31  KF572838    0.00%    passed    100.00%
  32  KF572839    0.00%    passed    100.00%
  33  KF572844    0.00%    passed    100.00%
  34  KF572845    0.00%    passed    100.00%
  35  KF572846    0.00%    passed    100.00%
  36  KF572850    0.00%    passed    100.00%
  37  KF572851    0.00%    passed    100.00%
  38  KF572852    0.00%    passed    100.00%
  39  KF572853    0.00%    passed    100.00%
  40  KF572855    0.00%    passed    100.00%
  41  KF572857    0.00%    passed    100.00%
  42  KF572859    0.00%    passed    100.00%
  43  KF572860    0.00%    passed    100.00%
  44  KF572861    0.00%    passed    100.00%
  45  KF572863    0.00%    passed    100.00%
  46  KF572865    0.00%    passed    100.00%
  47  KF572866    0.00%    passed    100.00%
  48  KF572868    0.00%    passed    100.00%
  49  KF572871    0.00%    passed    100.00%
  50  KF923914    0.00%    passed    100.00%
  51  KF572856    0.00%    passed    100.00%
  52  KF923894    0.00%    passed     99.96%
  53  KF572847    0.00%    passed     99.96%
  54  KF923921    0.00%    passed     99.99%
  55  KF572864    0.00%    passed     99.99%
  56  KJ958218    0.00%    passed    100.00%
  57  KF572821    0.00%    passed    100.00%
  58  KF572842    0.00%    passed    100.00%
  59  KF572867    0.00%    passed     99.96%
  60  KF572872    0.00%    passed    100.00%
  61  KY554974    0.00%    passed    100.00%
  62  KY554975    0.00%    passed    100.00%
  63  KY674920    0.00%    passed     99.97%
  64  KF923904    0.00%    passed    100.00%
  65  KX538964    0.00%    passed    100.00%
  66  KX538972    0.00%    passed    100.00%
  67  KX538970    0.00%    passed    100.00%
  68  KX538978    0.00%    passed    100.00%
  69  OK073087    0.00%    passed    100.00%
  70  KF572833    0.00%    passed    100.00%
  71  KX538979    0.00%    passed    100.00%
  72  KY967356    0.00%    passed    100.00%
  73  KY369905    0.00%    passed    100.00%
  74  KY983588    0.00%    passed    100.00%
  75  KY369906    0.00%    passed    100.00%
  76  KY369907    0.00%    passed    100.00%
  77  MW587040    0.00%    passed    100.00%
  78  MH121121    0.00%    passed    100.00%
  79  KY983583    0.00%    passed    100.00%
  80  KY967361    0.00%    passed    100.00%
  81  KY983585    0.00%    passed    100.00%
  82  MF374985    0.00%    passed    100.00%
  83  KY967359    0.00%    passed    100.00%
  84  MF374984    0.00%    passed    100.00%
  85  MT118667    0.00%    passed     99.99%
  86  KY684759    0.00%    passed    100.00%
  87  KY967358    0.00%    passed    100.00%
  88  MN026164    0.00%    passed     99.99%
  89  KF923899    0.00%    passed     99.83%
  90  KF572817    0.00%    passed     99.83%
  91  KX538976    0.00%    passed     99.96%
  92  KF963242    0.00%    passed    100.00%
  93  KF923902    0.00%    passed     99.99%
  94  KF572831    0.00%    passed     99.99%
  95  KX538966    0.00%    passed     99.99%
  96  OK073088    0.00%    passed     99.99%
  97  MG977451    0.00%    passed     99.94%
  98  MG977452    0.00%    passed     99.94%
  99  MF374983    0.00%    passed     99.99%
 100  MH828490    0.00%    passed     99.99%
 101  OK391229   21.31%    passed     99.68%
 102  KF572862    0.00%    passed     99.91%
 103  KF923907    0.00%    passed     99.97%
 104  KF572848    0.00%    passed     99.97%
 105  KY554972    0.00%    passed     99.99%
 106  KY554973    0.00%    passed     99.99%
 107  KY674918    0.00%    passed     99.99%
 108  KY674917    0.00%    passed     99.99%
 109  KJ958219    0.00%    passed     99.99%
 110  KF923912    0.00%    passed     99.97%
 111  KF572854    0.00%    passed     99.97%
 112  KF923908    0.00%    passed     99.96%
 113  KF572849    0.00%    passed     99.96%
 114  KF572843    0.00%    passed     99.99%
 115  KF572870    0.00%    passed     99.97%
 116  LC315647    0.00%    passed     99.94%
 117  OL770288    0.00%    passed     99.88%
 118  OL770287    0.00%    passed     99.68%
 119  KF923925    0.00%    passed     99.51%
 120  KF572825    0.00%    passed     99.51%
 121  KX344031    0.00%    passed     99.93%
 122  KF923903    0.00%    passed     99.30%
 123  KF572832    0.00%    passed     99.30%
 124  KX538965    0.00%    passed     99.74%
 125  KX538969    0.00%    passed     99.74%
 126  KX538977    0.00%    passed     99.74%
 127  KX538973    0.00%    passed     99.74%
 128  KX538971    0.00%    passed     99.74%
 129  KX538968    0.00%    passed     99.74%
 130  KX538974    0.00%    passed     99.74%
 131  KX538975    0.00%    passed     99.19%
 132  KF923897    0.00%    passed     99.46%
 133  KF572841    0.00%    passed     99.46%
 134  KF963240    0.00%    passed     99.74%
 135  KX538967    0.00%    passed     99.54%
 136  KF923900    0.00%    passed     99.49%
 137  KF572818    0.00%    passed     99.49%
 138  MW587041    2.80%    passed     99.44%
 139  LC315648    0.00%    passed     99.96%
 140  LC315646    0.00%    passed     99.93%
 141  KF923916    0.00%    passed     99.14%
 142  KF572858    0.00%    passed     99.14%
 143  JN129835    0.00%    passed     99.65%
 144  KF963243    0.00%    passed     99.97%
 145  KF963244    0.00%    passed     99.89%
 146  OK073090    0.00%    passed     99.83%
 147  MN306036    0.00%    passed     99.95%
 148  MN306041    0.00%    passed     99.95%
 149  MW587042    0.00%    passed     99.95%
 150  MT118685    0.00%    passed     99.95%
 151  MN306042    0.00%    passed     99.95%
 152  MN306053    0.00%    passed     99.95%
 153  MN310478    0.00%    passed     99.95%
 154  MW938760    0.00%    passed     99.95%
 155  MT118692    0.00%    passed     99.95%
 156  OK391227    0.00%    passed     99.95%
 157  OK391238    0.00%    passed     99.95%
 158  MT118673    0.00%    passed     99.99%
 159  MT118683    0.00%    passed     99.83%
 160  LC687400    0.00%    passed     99.86%
 161  LC687398    0.00%    passed     99.86%
 162  OK391230    3.52%    passed     99.93%
 163  OM386794    0.00%    passed     99.87%
 164  OM386796    0.00%    passed     99.83%
 165  OM386797    0.00%    passed     99.83%
 166  MW411432    0.00%    passed     99.83%
 167  MW411433    0.00%    passed     99.95%
 168  OK391228    1.01%    passed     99.81%
 169  MT118678    0.00%    passed     99.96%
 170  OM386795    0.00%    passed     99.14%
 171  LC687399    0.00%    passed    100.00%
 172  LC720427    0.00%    passed    100.00%
 173  LC720429    0.00%    passed    100.00%
 174  OM386798    0.00%    passed     99.97%
 175  OM386799    0.00%    passed     99.97%
 176  KF923905    0.00%    passed     99.88%
 177  MW559057    0.00%    passed     99.99%
 178  KF923924    0.00%    passed     99.97%
 179  KF572823    0.00%    passed     99.97%
 180  KF530068    0.00%    passed     99.97%
 181  KF530081    0.00%    passed     99.97%
 182  KF530084    0.00%    passed     99.97%
 183  KF530070    0.00%    passed     99.87%
 184  KF530095    0.00%    passed    100.00%
 185  KF530096    0.00%    passed    100.00%
 186  KF530067    0.00%    passed     99.99%
 187  KF530063    0.00%    passed    100.00%
 188  KF530098    0.00%    passed     99.94%
 189  KF530071    0.00%    passed     99.97%
 190  KF530091    0.00%    passed    100.00%
 191  KF530088    0.00%    passed     99.99%
 192  KF530082    0.00%    passed     99.63%
 193  KF530094    0.00%    passed     99.63%
 194  KF530079    0.00%    passed     99.87%
 195  KF530089    0.00%    passed     99.50%
 196  KF530069    0.00%    passed     99.96%
 197  KF530099    0.00%    passed     99.97%
 198  KF530076    0.00%    passed     99.97%
 199  KF963231    0.00%    passed     99.84%
 200  KF963232    0.00%    passed     99.97%
 201  KF572820    0.00%    passed     98.02%
 202  OL770289    6.49%    passed     99.53%
 203  KF572816    0.00%    passed     99.49%
 204  KF923888    0.00%    passed     98.43%
 205  KF923887    0.00%    passed     97.72%
 206  KF923886    0.00%    passed     98.51%
 207  OK073089    0.00%    passed     98.23%
 208  OK073091    0.00%    passed     99.18%
 209  OK073092    0.00%    passed     99.18%
 210  MN310476    0.00%    passed     97.89%
 211  MT118668    0.00%    passed     97.41%
 212  MN306043    0.00%    passed     99.16%
 213  MW052042    0.00%    passed     98.65%
 214  OK391225    0.00%    passed     99.02%
 215  OK391224    0.17%    passed     98.72%
 216  OK391222    0.00%    passed     98.91%
 217  OK391223    0.00%    passed     99.40%
 218  OK391221    0.00%    passed     99.13%
 219  OK391226    0.00%    passed     98.56%
 220  KF923898    0.00%    passed     98.48%
 221  KF923889    0.00%    passed     98.56%
****  TOTAL       0.16%  0 sequences failed composition chi2 test (p-value<5%; df=3)
NOTE: KF963235 is identical to JN129834 but kept for subsequent analysis
NOTE: KF923911 is identical to KF923890 but kept for subsequent analysis
NOTE: KF572856 is identical to KF923914 but kept for subsequent analysis
NOTE: KF572847 is identical to KF923894 but kept for subsequent analysis
NOTE: KF572864 is identical to KF923921 but kept for subsequent analysis
NOTE: KY554975 is identical to KY554974 but kept for subsequent analysis
NOTE: KX538964 is identical to KF923904 but kept for subsequent analysis
NOTE: KY983588 is identical to KY369905 but kept for subsequent analysis
NOTE: KF572817 is identical to KF923899 but kept for subsequent analysis
NOTE: KF572831 is identical to KF923902 but kept for subsequent analysis
NOTE: MG977452 is identical to MG977451 but kept for subsequent analysis
NOTE: MH828490 is identical to MF374983 but kept for subsequent analysis
NOTE: KF572848 is identical to KF923907 but kept for subsequent analysis
NOTE: KY554973 is identical to KY554972 but kept for subsequent analysis
NOTE: KF572854 is identical to KF923912 but kept for subsequent analysis
NOTE: KF572849 is identical to KF923908 but kept for subsequent analysis
NOTE: KF572825 is identical to KF923925 but kept for subsequent analysis
NOTE: KF572832 is identical to KF923903 but kept for subsequent analysis
NOTE: KX538969 is identical to KX538965 but kept for subsequent analysis
NOTE: KF572841 is identical to KF923897 but kept for subsequent analysis
NOTE: KF572818 is identical to KF923900 but kept for subsequent analysis
NOTE: KF572858 is identical to KF923916 but kept for subsequent analysis
NOTE: MN306041 is identical to MN306036 but kept for subsequent analysis
NOTE: OM386797 is identical to OM386796 but kept for subsequent analysis
NOTE: LC720427 is identical to LC687399 but kept for subsequent analysis
NOTE: OM386799 is identical to OM386798 but kept for subsequent analysis
NOTE: KF572823 is identical to KF923924 but kept for subsequent analysis
NOTE: KF530084 is identical to KF530081 but kept for subsequent analysis
NOTE: KF530096 is identical to KF530095 but kept for subsequent analysis
NOTE: KF530094 is identical to KF530082 but kept for subsequent analysis
NOTE: KF530076 is identical to KF530099 but kept for subsequent analysis
NOTE: OK073092 is identical to OK073091 but kept for subsequent analysis
Checking for duplicate sequences: done in 0.000688076 secs using 71.94% CPU
Identifying sites to remove: done in 0.0020349 secs using 97.84% CPU
NOTE: 77 identical sequences (see below) will be ignored for subsequent analysis
NOTE: KF923909 (identical to KF923890) is ignored but added at the end
NOTE: KF923901 (identical to KF923890) is ignored but added at the end
NOTE: KF923919 (identical to KF923890) is ignored but added at the end
NOTE: KF923910 (identical to KF923890) is ignored but added at the end
NOTE: KF923892 (identical to KF923890) is ignored but added at the end
NOTE: KF923920 (identical to KF923890) is ignored but added at the end
NOTE: KF923913 (identical to KF923890) is ignored but added at the end
NOTE: KF923915 (identical to KF923890) is ignored but added at the end
NOTE: KF923891 (identical to KF923890) is ignored but added at the end
NOTE: KF923917 (identical to KF923890) is ignored but added at the end
NOTE: KF923923 (identical to KF923890) is ignored but added at the end
NOTE: KF923918 (identical to KF923890) is ignored but added at the end
NOTE: KF923922 (identical to KF923890) is ignored but added at the end
NOTE: KF923893 (identical to KF923890) is ignored but added at the end
NOTE: KF923895 (identical to KF923890) is ignored but added at the end
NOTE: KF572819 (identical to KF923890) is ignored but added at the end
NOTE: KF572822 (identical to KF923890) is ignored but added at the end
NOTE: KF572824 (identical to KF923890) is ignored but added at the end
NOTE: KF572826 (identical to KF923890) is ignored but added at the end
NOTE: KF572827 (identical to KF923890) is ignored but added at the end
NOTE: KF572828 (identical to KF923890) is ignored but added at the end
NOTE: KF572830 (identical to KF923890) is ignored but added at the end
NOTE: KF572834 (identical to KF923890) is ignored but added at the end
NOTE: KF572835 (identical to KF923890) is ignored but added at the end
NOTE: KF572836 (identical to KF923890) is ignored but added at the end
NOTE: KF572837 (identical to KF923890) is ignored but added at the end
NOTE: KF572838 (identical to KF923890) is ignored but added at the end
NOTE: KF572839 (identical to KF923890) is ignored but added at the end
NOTE: KF572844 (identical to KF923890) is ignored but added at the end
NOTE: KF572845 (identical to KF923890) is ignored but added at the end
NOTE: KF572846 (identical to KF923890) is ignored but added at the end
NOTE: KF572850 (identical to KF923890) is ignored but added at the end
NOTE: KF572851 (identical to KF923890) is ignored but added at the end
NOTE: KF572852 (identical to KF923890) is ignored but added at the end
NOTE: KF572853 (identical to KF923890) is ignored but added at the end
NOTE: KF572855 (identical to KF923890) is ignored but added at the end
NOTE: KF572857 (identical to KF923890) is ignored but added at the end
NOTE: KF572859 (identical to KF923890) is ignored but added at the end
NOTE: KF572860 (identical to KF923890) is ignored but added at the end
NOTE: KF572861 (identical to KF923890) is ignored but added at the end
NOTE: KF572863 (identical to KF923890) is ignored but added at the end
NOTE: KF572865 (identical to KF923890) is ignored but added at the end
NOTE: KF572866 (identical to KF923890) is ignored but added at the end
NOTE: KF572868 (identical to KF923890) is ignored but added at the end
NOTE: KF572871 (identical to KF923890) is ignored but added at the end
NOTE: KX538972 (identical to KF923904) is ignored but added at the end
NOTE: KX538970 (identical to KF923904) is ignored but added at the end
NOTE: KX538978 (identical to KF923904) is ignored but added at the end
NOTE: OK073087 (identical to KF923904) is ignored but added at the end
NOTE: KF572833 (identical to KF923904) is ignored but added at the end
NOTE: KY369906 (identical to KY369905) is ignored but added at the end
NOTE: KY369907 (identical to KY369905) is ignored but added at the end
NOTE: MW587040 (identical to KY369905) is ignored but added at the end
NOTE: MH121121 (identical to KY369905) is ignored but added at the end
NOTE: KY983583 (identical to KY369905) is ignored but added at the end
NOTE: KY967361 (identical to KY369905) is ignored but added at the end
NOTE: KY983585 (identical to KY369905) is ignored but added at the end
NOTE: MF374985 (identical to KY369905) is ignored but added at the end
NOTE: KY967359 (identical to KY369905) is ignored but added at the end
NOTE: MF374984 (identical to KY369905) is ignored but added at the end
NOTE: KY674918 (identical to KY554972) is ignored but added at the end
NOTE: KY674917 (identical to KY554972) is ignored but added at the end
NOTE: KX538977 (identical to KX538965) is ignored but added at the end
NOTE: KX538973 (identical to KX538965) is ignored but added at the end
NOTE: KX538971 (identical to KX538965) is ignored but added at the end
NOTE: KX538968 (identical to KX538965) is ignored but added at the end
NOTE: KX538974 (identical to KX538965) is ignored but added at the end
NOTE: MW587042 (identical to MN306036) is ignored but added at the end
NOTE: MT118685 (identical to MN306036) is ignored but added at the end
NOTE: MN306042 (identical to MN306036) is ignored but added at the end
NOTE: MN306053 (identical to MN306036) is ignored but added at the end
NOTE: MN310478 (identical to MN306036) is ignored but added at the end
NOTE: MW938760 (identical to MN306036) is ignored but added at the end
NOTE: MT118692 (identical to MN306036) is ignored but added at the end
NOTE: OK391227 (identical to MN306036) is ignored but added at the end
NOTE: OK391238 (identical to MN306036) is ignored but added at the end
NOTE: LC720429 (identical to LC687399) is ignored but added at the end
Alignment was printed to results/aligned_oc43_A_S2-delim.fasta.uniqueseq.phy

For your convenience alignment with unique sequences printed to results/aligned_oc43_A_S2-delim.fasta.uniqueseq.phy

Create initial parsimony tree by phylogenetic likelihood library (PLL)... 0.002 seconds

NOTE: 1 MB RAM (0 GB) is required!
Estimate model parameters (epsilon = 0.500)
1. Initial log-likelihood: -10314.510
2. Current log-likelihood: -9652.906
3. Current log-likelihood: -9650.410
Optimal log-likelihood: -9650.158
Rate parameters:  A-C: 0.61198  A-G: 1.47703  A-T: 0.25956  C-G: 0.83992  C-T: 5.96935  G-T: 1.00000
Base frequencies:  A: 0.295  C: 0.162  G: 0.202  T: 0.341
Parameters optimization took 3 rounds (0.155 sec)
Wrote distance file to... 
Computing ML distances based on estimated model parameters...
Calculating distance matrix: done in 0.0365019 secs using 83.46% CPU
Computing ML distances took 0.040358 sec (of wall-clock time) 0.030792 sec (of CPU time)
Setting up auxiliary I and S matrices: done in 0.0004282 secs using 95.75% CPU
Constructing RapidNJ tree: done in 0.000902891 secs using 142% CPU
Computing RapidNJ tree took 0.001386 sec (of wall-clock time) 0.001723 sec (of CPU time)
Log-likelihood of RapidNJ tree: -4255.223
--------------------------------------------------------------------
|             INITIALIZING CANDIDATE TREE SET                      |
--------------------------------------------------------------------

Do NNI search on 2 best initial trees
Optimizing NNI: done in 0.0918798 secs using 57.28% CPU
Estimate model parameters (epsilon = 0.500)
BETTER TREE FOUND at iteration 1: -4242.955
Optimizing NNI: done in 0.528874 secs using 51.9% CPU
Finish initializing candidate tree set (4)
Current best tree score: -4242.955 / CPU time: 0.758
Number of iterations: 2
TREE SEARCH COMPLETED AFTER 2 ITERATIONS / Time: 0h:0m:1s

--------------------------------------------------------------------
|                    FINALIZING TREE SEARCH                        |
--------------------------------------------------------------------
Performs final model parameters optimization
Estimate model parameters (epsilon = 0.050)
1. Initial log-likelihood: -4242.955
Optimal log-likelihood: -4242.937
Rate parameters:  A-C: 0.70340  A-G: 2.05087  A-T: 0.75969  C-G: 0.47400  C-T: 7.04553  G-T: 1.00000
Base frequencies:  A: 0.295  C: 0.162  G: 0.202  T: 0.341
Parameters optimization took 1 rounds (0.017 sec)
BEST SCORE FOUND : -4242.937
Total tree length: 0.127

Total number of iterations: 2
CPU time used for tree search: 0.410 sec (0h:0m:0s)
Wall-clock time used for tree search: 0.759 sec (0h:0m:0s)
Total CPU time used: 0.605 sec (0h:0m:0s)
Total wall-clock time used: 1.089 sec (0h:0m:1s)

Analysis results written to: 
  IQ-TREE report:                results/aligned_oc43_A_S2-delim.fasta.iqtree
  Maximum-likelihood tree:       results/aligned_oc43_A_S2-delim.fasta.treefile
  Likelihood distances:          results/aligned_oc43_A_S2-delim.fasta.mldist
  Screen log file:               results/aligned_oc43_A_S2-delim.fasta.log

Date and Time: Tue Jan 10 16:26:12 2023
