IQ-TREE multicore version 2.2.0-beta COVID-edition for Mac OS X 64-bit built Mar  3 2022 built Mar  3 2022
Developed by Bui Quang Minh, James Barbetti, Nguyen Lam Tung,
Olga Chernomor, Heiko Schmidt, Dominik Schrempf, Michael Woodhams, Ly Trong Nhan.

Host:    MacBook-Pro-5.local (SSE4.2, 8 GB RAM)
Command: iqtree2 -nt 1 -s results/aligned_oc43_A_NS2-delim.fasta -m GTR -ninit 2 -n 2 -me 0.05
Seed:    528700 (Using SPRNG - Scalable Parallel Random Number Generator)
Time:    Tue Jan 10 16:27:46 2023
Kernel:  SSE2 - 1 threads (8 CPU cores detected)

HINT: Use -nt option to specify number of threads because your CPU has 8 cores!
HINT: -nt AUTO will automatically determine the best number of threads to use.

Reading alignment file results/aligned_oc43_A_NS2-delim.fasta ... Fasta format detected
Reading fasta file: done in 0.0017159 secs using 82.41% CPU
Alignment most likely contains DNA/RNA sequences
Constructing alignment: done in 0.000864029 secs using 81.13% CPU
Alignment has 160 sequences with 330 columns, 27 distinct patterns
10 parsimony-informative, 13 singleton sites, 307 constant sites
          Gap/Ambiguity  Composition  p-value
Analyzing sequences: done in 7.20024e-05 secs using 61.11% CPU
   1  KF530099    0.00%    passed     99.90%
   2  KF530071    0.00%    passed     99.90%
   3  KF530088    0.00%    passed     99.90%
   4  KF530076    0.00%    passed     99.90%
   5  KF530091    0.00%    passed     99.90%
   6  KF530094    0.00%    passed     99.90%
   7  KF530079    0.00%    passed     99.90%
   8  KF530067    0.00%    passed     99.90%
   9  KF530095    0.00%    passed     99.90%
  10  KF530096    0.00%    passed     99.90%
  11  KF530082    0.00%    passed     99.94%
  12  KF530089    0.00%    passed     99.94%
  13  JN129834    0.00%    passed     99.99%
  14  JN129835    0.00%    passed     99.99%
  15  KF923890    0.00%    passed     99.99%
  16  KF923907    0.00%    passed     99.99%
  17  KF923911    0.00%    passed     99.99%
  18  KF923914    0.00%    passed     99.99%
  19  KF923912    0.00%    passed     99.99%
  20  KF923909    0.00%    passed     99.99%
  21  KF923901    0.00%    passed     99.99%
  22  KF923919    0.00%    passed     99.99%
  23  KF923910    0.00%    passed     99.99%
  24  KF923892    0.00%    passed     99.99%
  25  KF923920    0.00%    passed     99.99%
  26  KF923913    0.00%    passed     99.99%
  27  KF923915    0.00%    passed     99.99%
  28  KF923891    0.00%    passed     99.99%
  29  KF923894    0.00%    passed     99.99%
  30  KY554974    0.00%    passed     99.99%
  31  KY554975    0.00%    passed     99.99%
  32  KY674920    0.00%    passed     99.99%
  33  KF923916    0.00%    passed     99.99%
  34  KY554972    0.00%    passed     99.99%
  35  KY554973    0.00%    passed     99.99%
  36  KY674918    0.00%    passed     99.99%
  37  KY674917    0.00%    passed     99.99%
  38  KF923923    0.00%    passed     99.99%
  39  KF923918    0.00%    passed     99.99%
  40  KF923925    0.00%    passed     99.99%
  41  KJ958219    0.00%    passed     99.99%
  42  KJ958218    0.00%    passed     99.99%
  43  KF923893    0.00%    passed     99.99%
  44  KF923924    0.00%    passed     99.99%
  45  KX344031    0.00%    passed     99.99%
  46  KF923903    0.00%    passed     99.99%
  47  KX538969    0.00%    passed     99.99%
  48  KX538977    0.00%    passed     99.99%
  49  KX538973    0.00%    passed     99.99%
  50  KX538971    0.00%    passed     99.99%
  51  KX538968    0.00%    passed     99.99%
  52  KX538974    0.00%    passed     99.99%
  53  KX538967    0.00%    passed     99.99%
  54  KX538975    0.00%    passed     99.99%
  55  KF923900    0.00%    passed     99.99%
  56  KF923899    0.00%    passed     99.99%
  57  KF923905    0.00%    passed     99.99%
  58  KF923895    0.00%    passed     99.99%
  59  KF530069    0.00%    passed     99.99%
  60  KF530063    0.00%    passed     99.99%
  61  KF530098    0.00%    passed     99.99%
  62  KF923917    0.00%    passed     99.96%
  63  KF923902    0.00%    passed     99.96%
  64  KF923904    0.00%    passed     99.96%
  65  KX538964    0.00%    passed     99.96%
  66  KX538972    0.00%    passed     99.96%
  67  KX538976    0.00%    passed     99.96%
  68  KX538966    0.00%    passed     99.96%
  69  KX538970    0.00%    passed     99.96%
  70  KX538978    0.00%    passed     99.96%
  71  KX538979    0.00%    passed     99.96%
  72  LC315648    0.00%    passed     99.96%
  73  LC315646    0.00%    passed     99.96%
  74  KY967356    0.00%    passed     99.96%
  75  OK073088    0.00%    passed     99.96%
  76  OL770288    0.00%    passed     99.96%
  77  OL770287    0.00%    passed     99.96%
  78  OL770289    0.00%    passed     99.96%
  79  MG977451    0.00%    passed     99.96%
  80  MG977452    0.00%    passed     99.96%
  81  MF374983    0.00%    passed     99.96%
  82  KF923908    0.00%    passed     99.68%
  83  KF923922    0.00%    passed     99.96%
  84  KF530084    0.00%    passed     99.96%
  85  KF923897    0.00%    passed     99.99%
  86  KF923898    0.00%    passed     99.99%
  87  KF530068    0.00%    passed     99.68%
  88  KF530081    0.00%    passed     99.68%
  89  KF530070    0.00%    passed     99.68%
  90  KF923887    0.00%    passed     99.68%
  91  KF923886    0.00%    passed     99.68%
  92  KF923888    0.00%    passed     98.35%
  93  KF923889    0.00%    passed     99.99%
  94  OK073087    0.00%    passed     99.99%
  95  MW559057    0.00%    passed     99.99%
  96  OK073090    0.00%    passed     99.99%
  97  LC687399    0.00%    passed     99.99%
  98  LC720427    0.00%    passed     99.99%
  99  LC720429    0.00%    passed     99.99%
 100  MN306036    0.00%    passed     99.99%
 101  MN306041    0.00%    passed     99.99%
 102  MT118673    0.00%    passed     99.99%
 103  MT118678    0.00%    passed     99.99%
 104  MW587042    0.00%    passed     99.99%
 105  MT118685    0.00%    passed     99.99%
 106  MN306042    0.00%    passed     99.99%
 107  MT118683    0.00%    passed     99.99%
 108  MN306053    0.00%    passed     99.99%
 109  OM386794    0.00%    passed     99.99%
 110  OM386795    0.00%    passed     99.99%
 111  MN310478    0.00%    passed     99.99%
 112  MW411432    0.00%    passed     99.99%
 113  MW411433    0.00%    passed     99.99%
 114  OM386798    0.00%    passed     99.99%
 115  OM386799    0.00%    passed     99.99%
 116  LC687400    0.00%    passed     99.99%
 117  LC687398    0.00%    passed     99.99%
 118  MT118692    0.00%    passed     99.99%
 119  OK391228    0.00%    passed     99.99%
 120  OK391227    0.00%    passed     99.99%
 121  OK391238    0.00%    passed     99.99%
 122  MH828490    0.00%    passed     99.99%
 123  OK391229    0.00%    passed     99.99%
 124  OK391230    0.00%    passed     99.99%
 125  OM386796    0.00%    passed     99.96%
 126  OM386797    0.00%    passed     99.96%
 127  KY369905    0.00%    passed     99.37%
 128  KY983588    0.00%    passed     99.37%
 129  KY369906    0.00%    passed     99.37%
 130  KY369907    0.00%    passed     99.37%
 131  MW587040    0.00%    passed     99.37%
 132  MH121121    0.00%    passed     99.37%
 133  MT118667    0.00%    passed     99.37%
 134  KY684759    0.00%    passed     99.37%
 135  KY967361    0.00%    passed     99.37%
 136  KY967358    0.00%    passed     99.37%
 137  KY983585    0.00%    passed     99.37%
 138  MF374985    0.00%    passed     99.37%
 139  MF374984    0.00%    passed     99.37%
 140  MW587041    0.00%    passed     99.37%
 141  MN026164    0.00%    passed     99.37%
 142  KY983583    0.00%    passed     97.54%
 143  KY967359    0.00%    passed     99.96%
 144  MN306043    0.00%    passed     99.91%
 145  MW052042    0.00%    passed     99.91%
 146  OK073089    0.00%    passed     99.91%
 147  OK391225    0.00%    passed     99.91%
 148  OK391223    0.00%    passed     99.91%
 149  OK391224    0.00%    passed     99.91%
 150  OK391222    0.00%    passed     99.91%
 151  OK391221    0.00%    passed     99.91%
 152  OK073091    0.00%    passed     99.84%
 153  OK073092    0.00%    passed     99.84%
 154  MN310476    0.00%    passed     99.84%
 155  MT118668    0.00%    passed     99.84%
 156  OK391226    0.00%    passed     99.93%
 157  MW938760    0.00%    passed     99.94%
 158  LC315647    0.00%    passed     99.73%
 159  KX538965    0.00%    passed     99.90%
 160  KF923921    0.00%    passed     98.35%
****  TOTAL       0.00%  0 sequences failed composition chi2 test (p-value<5%; df=3)
NOTE: KF530071 is identical to KF530099 but kept for subsequent analysis
NOTE: KF530089 is identical to KF530082 but kept for subsequent analysis
NOTE: JN129835 is identical to JN129834 but kept for subsequent analysis
NOTE: KF923902 is identical to KF923917 but kept for subsequent analysis
NOTE: KF923898 is identical to KF923897 but kept for subsequent analysis
NOTE: KF530081 is identical to KF530068 but kept for subsequent analysis
NOTE: MW559057 is identical to OK073087 but kept for subsequent analysis
NOTE: LC687399 is identical to OK073090 but kept for subsequent analysis
NOTE: OM386797 is identical to OM386796 but kept for subsequent analysis
NOTE: KY983588 is identical to KY369905 but kept for subsequent analysis
NOTE: MW052042 is identical to MN306043 but kept for subsequent analysis
NOTE: OK073092 is identical to OK073091 but kept for subsequent analysis
NOTE: MT118668 is identical to MN310476 but kept for subsequent analysis
Checking for duplicate sequences: done in 0.000617981 secs using 60.03% CPU
Identifying sites to remove: done in 0.00050211 secs using 97.79% CPU
NOTE: 122 identical sequences (see below) will be ignored for subsequent analysis
NOTE: KF530088 (identical to KF530099) is ignored but added at the end
NOTE: KF530076 (identical to KF530099) is ignored but added at the end
NOTE: KF530091 (identical to KF530099) is ignored but added at the end
NOTE: KF530094 (identical to KF530099) is ignored but added at the end
NOTE: KF530079 (identical to KF530099) is ignored but added at the end
NOTE: KF530067 (identical to KF530099) is ignored but added at the end
NOTE: KF530095 (identical to KF530099) is ignored but added at the end
NOTE: KF530096 (identical to KF530099) is ignored but added at the end
NOTE: KF923890 (identical to JN129834) is ignored but added at the end
NOTE: KF923907 (identical to JN129834) is ignored but added at the end
NOTE: KF923911 (identical to JN129834) is ignored but added at the end
NOTE: KF923914 (identical to JN129834) is ignored but added at the end
NOTE: KF923912 (identical to JN129834) is ignored but added at the end
NOTE: KF923909 (identical to JN129834) is ignored but added at the end
NOTE: KF923901 (identical to JN129834) is ignored but added at the end
NOTE: KF923919 (identical to JN129834) is ignored but added at the end
NOTE: KF923910 (identical to JN129834) is ignored but added at the end
NOTE: KF923892 (identical to JN129834) is ignored but added at the end
NOTE: KF923920 (identical to JN129834) is ignored but added at the end
NOTE: KF923913 (identical to JN129834) is ignored but added at the end
NOTE: KF923915 (identical to JN129834) is ignored but added at the end
NOTE: KF923891 (identical to JN129834) is ignored but added at the end
NOTE: KF923894 (identical to JN129834) is ignored but added at the end
NOTE: KY554974 (identical to JN129834) is ignored but added at the end
NOTE: KY554975 (identical to JN129834) is ignored but added at the end
NOTE: KY674920 (identical to JN129834) is ignored but added at the end
NOTE: KF923916 (identical to JN129834) is ignored but added at the end
NOTE: KY554972 (identical to JN129834) is ignored but added at the end
NOTE: KY554973 (identical to JN129834) is ignored but added at the end
NOTE: KY674918 (identical to JN129834) is ignored but added at the end
NOTE: KY674917 (identical to JN129834) is ignored but added at the end
NOTE: KF923923 (identical to JN129834) is ignored but added at the end
NOTE: KF923918 (identical to JN129834) is ignored but added at the end
NOTE: KF923925 (identical to JN129834) is ignored but added at the end
NOTE: KJ958219 (identical to JN129834) is ignored but added at the end
NOTE: KJ958218 (identical to JN129834) is ignored but added at the end
NOTE: KF923893 (identical to JN129834) is ignored but added at the end
NOTE: KF923924 (identical to JN129834) is ignored but added at the end
NOTE: KX344031 (identical to JN129834) is ignored but added at the end
NOTE: KF923903 (identical to JN129834) is ignored but added at the end
NOTE: KX538969 (identical to JN129834) is ignored but added at the end
NOTE: KX538977 (identical to JN129834) is ignored but added at the end
NOTE: KX538973 (identical to JN129834) is ignored but added at the end
NOTE: KX538971 (identical to JN129834) is ignored but added at the end
NOTE: KX538968 (identical to JN129834) is ignored but added at the end
NOTE: KX538974 (identical to JN129834) is ignored but added at the end
NOTE: KX538967 (identical to JN129834) is ignored but added at the end
NOTE: KX538975 (identical to JN129834) is ignored but added at the end
NOTE: KF923900 (identical to JN129834) is ignored but added at the end
NOTE: KF923899 (identical to JN129834) is ignored but added at the end
NOTE: KF923905 (identical to JN129834) is ignored but added at the end
NOTE: KF923895 (identical to JN129834) is ignored but added at the end
NOTE: KF530069 (identical to JN129834) is ignored but added at the end
NOTE: KF530063 (identical to JN129834) is ignored but added at the end
NOTE: KF530098 (identical to JN129834) is ignored but added at the end
NOTE: KF923904 (identical to KF923917) is ignored but added at the end
NOTE: KX538964 (identical to KF923917) is ignored but added at the end
NOTE: KX538972 (identical to KF923917) is ignored but added at the end
NOTE: KX538976 (identical to KF923917) is ignored but added at the end
NOTE: KX538966 (identical to KF923917) is ignored but added at the end
NOTE: KX538970 (identical to KF923917) is ignored but added at the end
NOTE: KX538978 (identical to KF923917) is ignored but added at the end
NOTE: KX538979 (identical to KF923917) is ignored but added at the end
NOTE: LC315648 (identical to KF923917) is ignored but added at the end
NOTE: LC315646 (identical to KF923917) is ignored but added at the end
NOTE: KY967356 (identical to KF923917) is ignored but added at the end
NOTE: OK073088 (identical to KF923917) is ignored but added at the end
NOTE: OL770288 (identical to KF923917) is ignored but added at the end
NOTE: OL770287 (identical to KF923917) is ignored but added at the end
NOTE: OL770289 (identical to KF923917) is ignored but added at the end
NOTE: MG977451 (identical to KF923917) is ignored but added at the end
NOTE: MG977452 (identical to KF923917) is ignored but added at the end
NOTE: MF374983 (identical to KF923917) is ignored but added at the end
NOTE: KF530070 (identical to KF530068) is ignored but added at the end
NOTE: KF923887 (identical to KF530068) is ignored but added at the end
NOTE: KF923886 (identical to KF530068) is ignored but added at the end
NOTE: LC720427 (identical to OK073090) is ignored but added at the end
NOTE: LC720429 (identical to OK073090) is ignored but added at the end
NOTE: MN306036 (identical to OK073090) is ignored but added at the end
NOTE: MN306041 (identical to OK073090) is ignored but added at the end
NOTE: MT118673 (identical to OK073090) is ignored but added at the end
NOTE: MT118678 (identical to OK073090) is ignored but added at the end
NOTE: MW587042 (identical to OK073090) is ignored but added at the end
NOTE: MT118685 (identical to OK073090) is ignored but added at the end
NOTE: MN306042 (identical to OK073090) is ignored but added at the end
NOTE: MT118683 (identical to OK073090) is ignored but added at the end
NOTE: MN306053 (identical to OK073090) is ignored but added at the end
NOTE: OM386794 (identical to OK073090) is ignored but added at the end
NOTE: OM386795 (identical to OK073090) is ignored but added at the end
NOTE: MN310478 (identical to OK073090) is ignored but added at the end
NOTE: MW411432 (identical to OK073090) is ignored but added at the end
NOTE: MW411433 (identical to OK073090) is ignored but added at the end
NOTE: OM386798 (identical to OK073090) is ignored but added at the end
NOTE: OM386799 (identical to OK073090) is ignored but added at the end
NOTE: LC687400 (identical to OK073090) is ignored but added at the end
NOTE: LC687398 (identical to OK073090) is ignored but added at the end
NOTE: MT118692 (identical to OK073090) is ignored but added at the end
NOTE: OK391228 (identical to OK073090) is ignored but added at the end
NOTE: OK391227 (identical to OK073090) is ignored but added at the end
NOTE: OK391238 (identical to OK073090) is ignored but added at the end
NOTE: MH828490 (identical to OK073090) is ignored but added at the end
NOTE: OK391229 (identical to OK073090) is ignored but added at the end
NOTE: OK391230 (identical to OK073090) is ignored but added at the end
NOTE: KY369906 (identical to KY369905) is ignored but added at the end
NOTE: KY369907 (identical to KY369905) is ignored but added at the end
NOTE: MW587040 (identical to KY369905) is ignored but added at the end
NOTE: MH121121 (identical to KY369905) is ignored but added at the end
NOTE: MT118667 (identical to KY369905) is ignored but added at the end
NOTE: KY684759 (identical to KY369905) is ignored but added at the end
NOTE: KY967361 (identical to KY369905) is ignored but added at the end
NOTE: KY967358 (identical to KY369905) is ignored but added at the end
NOTE: KY983585 (identical to KY369905) is ignored but added at the end
NOTE: MF374985 (identical to KY369905) is ignored but added at the end
NOTE: MF374984 (identical to KY369905) is ignored but added at the end
NOTE: MW587041 (identical to KY369905) is ignored but added at the end
NOTE: MN026164 (identical to KY369905) is ignored but added at the end
NOTE: OK073089 (identical to MN306043) is ignored but added at the end
NOTE: OK391225 (identical to MN306043) is ignored but added at the end
NOTE: OK391223 (identical to MN306043) is ignored but added at the end
NOTE: OK391224 (identical to MN306043) is ignored but added at the end
NOTE: OK391222 (identical to MN306043) is ignored but added at the end
NOTE: OK391221 (identical to MN306043) is ignored but added at the end
Alignment was printed to results/aligned_oc43_A_NS2-delim.fasta.uniqueseq.phy

For your convenience alignment with unique sequences printed to results/aligned_oc43_A_NS2-delim.fasta.uniqueseq.phy

Create initial parsimony tree by phylogenetic likelihood library (PLL)... 0.002 seconds

NOTE: 0 MB RAM (0 GB) is required!
Estimate model parameters (epsilon = 0.500)
1. Initial log-likelihood: -914.001
2. Current log-likelihood: -845.116
3. Current log-likelihood: -844.384
Optimal log-likelihood: -844.384
Rate parameters:  A-C: 0.84974  A-G: 4.28773  A-T: 2.02852  C-G: 1.29338  C-T: 35.32034  G-T: 1.00000
Base frequencies:  A: 0.298  C: 0.141  G: 0.199  T: 0.361
Parameters optimization took 3 rounds (0.019 sec)
Wrote distance file to... 
Computing ML distances based on estimated model parameters...
Calculating distance matrix: done in 0.00194907 secs using 89.07% CPU
Computing ML distances took 0.002116 sec (of wall-clock time) 0.001771 sec (of CPU time)
Setting up auxiliary I and S matrices: done in 0.000111818 secs using 150.2% CPU
Constructing RapidNJ tree: done in 0.000252962 secs using 175.5% CPU
Computing RapidNJ tree took 0.000491 sec (of wall-clock time) 0.000754 sec (of CPU time)
Log-likelihood of RapidNJ tree: -620.141
--------------------------------------------------------------------
|             INITIALIZING CANDIDATE TREE SET                      |
--------------------------------------------------------------------

Do NNI search on 2 best initial trees
Optimizing NNI: done in 0.00159812 secs using 84.79% CPU
BETTER TREE FOUND at iteration 1: -620.141
Optimizing NNI: done in 0.0130711 secs using 89.04% CPU
Finish initializing candidate tree set (4)
Current best tree score: -620.141 / CPU time: 0.017
Number of iterations: 2
TREE SEARCH COMPLETED AFTER 2 ITERATIONS / Time: 0h:0m:0s

--------------------------------------------------------------------
|                    FINALIZING TREE SEARCH                        |
--------------------------------------------------------------------
Performs final model parameters optimization
Estimate model parameters (epsilon = 0.050)
1. Initial log-likelihood: -620.141
2. Current log-likelihood: -617.951
Optimal log-likelihood: -617.951
Rate parameters:  A-C: 0.84263  A-G: 0.60163  A-T: 1.01311  C-G: 1.24978  C-T: 12.65717  G-T: 1.00000
Base frequencies:  A: 0.298  C: 0.141  G: 0.199  T: 0.361
Parameters optimization took 2 rounds (0.010 sec)
BEST SCORE FOUND : -617.951
Total tree length: 0.079

Total number of iterations: 2
CPU time used for tree search: 0.015 sec (0h:0m:0s)
Wall-clock time used for tree search: 0.018 sec (0h:0m:0s)
Total CPU time used: 0.054 sec (0h:0m:0s)
Total wall-clock time used: 0.078 sec (0h:0m:0s)

Analysis results written to: 
  IQ-TREE report:                results/aligned_oc43_A_NS2-delim.fasta.iqtree
  Maximum-likelihood tree:       results/aligned_oc43_A_NS2-delim.fasta.treefile
  Likelihood distances:          results/aligned_oc43_A_NS2-delim.fasta.mldist
  Screen log file:               results/aligned_oc43_A_NS2-delim.fasta.log

Date and Time: Tue Jan 10 16:27:46 2023
