IQ-TREE multicore version 2.2.0-beta COVID-edition for Mac OS X 64-bit built Mar  3 2022 built Mar  3 2022
Developed by Bui Quang Minh, James Barbetti, Nguyen Lam Tung,
Olga Chernomor, Heiko Schmidt, Dominik Schrempf, Michael Woodhams, Ly Trong Nhan.

Host:    MacBook-Pro-5.local (SSE4.2, 8 GB RAM)
Command: iqtree2 -nt 1 -s results/aligned_oc43_all_RdRp-delim.fasta -m GTR -ninit 2 -n 2 -me 0.05
Seed:    228425 (Using SPRNG - Scalable Parallel Random Number Generator)
Time:    Tue Jan 10 16:16:05 2023
Kernel:  SSE2 - 1 threads (8 CPU cores detected)

HINT: Use -nt option to specify number of threads because your CPU has 8 cores!
HINT: -nt AUTO will automatically determine the best number of threads to use.

Reading alignment file results/aligned_oc43_all_RdRp-delim.fasta ... Fasta format detected
Reading fasta file: done in 0.0157681 secs using 91.72% CPU
Alignment most likely contains DNA/RNA sequences
Constructing alignment: done in 0.00559998 secs using 84.96% CPU
Alignment has 196 sequences with 2784 columns, 185 distinct patterns
68 parsimony-informative, 84 singleton sites, 2632 constant sites
          Gap/Ambiguity  Composition  p-value
Analyzing sequences: done in 5.29289e-05 secs using 94.47% CPU
   1  OK662397    0.00%    passed    100.00%
   2  JN129834    0.00%    passed     99.98%
   3  KF923899    0.00%    passed     99.98%
   4  KF923905    0.00%    passed     99.98%
   5  KF530069    0.00%    passed     99.76%
   6  KF530099    0.00%    passed     99.91%
   7  KF530063    0.00%    passed     99.91%
   8  KF530068    0.00%    passed     99.91%
   9  KF530081    0.00%    passed     99.98%
  10  KF530070    0.00%    passed     99.98%
  11  KF530071    0.00%    passed     99.98%
  12  KF530088    0.00%    passed     99.98%
  13  KF530076    0.00%    passed     99.98%
  14  KF530091    0.00%    passed     99.98%
  15  KF530082    0.00%    passed     99.91%
  16  KF530089    0.00%    passed     99.91%
  17  KF530094    0.00%    passed     99.76%
  18  KF530079    0.00%    passed    100.00%
  19  KF530067    0.00%    passed    100.00%
  20  KF530072    0.00%    passed     99.98%
  21  KF530080    0.00%    passed    100.00%
  22  KF530064    0.00%    passed    100.00%
  23  KF530078    0.00%    passed    100.00%
  24  KF923896    0.00%    passed     99.91%
  25  KP198611    0.00%    passed     99.91%
  26  LC315649    0.00%    passed     99.98%
  27  KF923906    0.00%    passed     99.98%
  28  KY014282    0.00%    passed     99.91%
  29  KY014281    0.00%    passed    100.00%
  30  KY967360    0.00%    passed    100.00%
  31  MN026165    0.00%    passed    100.00%
  32  MT118672    0.00%    passed     99.98%
  33  MT118671    0.00%    passed     99.98%
  34  MF314143    0.00%    passed     99.91%
  35  KU131570    0.00%    passed    100.00%
  36  KF530092    0.00%    passed     99.98%
  37  KF530095    0.00%    passed    100.00%
  38  KF530096    0.00%    passed     99.99%
  39  KF530065    0.00%    passed     99.98%
  40  KF530073    0.00%    passed     99.98%
  41  KF530066    0.00%    passed     99.98%
  42  KF530061    0.00%    passed     99.98%
  43  KF530093    0.00%    passed     99.98%
  44  KF530087    0.00%    passed     99.98%
  45  KF530074    0.00%    passed     99.94%
  46  KF530090    0.00%    passed     99.94%
  47  KF530097    0.00%    passed     99.94%
  48  KF530060    0.00%    passed     99.97%
  49  KF530085    0.00%    passed     99.93%
  50  KF530083    0.00%    passed     99.95%
  51  KF530086    0.00%    passed     99.95%
  52  KF530077    0.00%    passed     99.95%
  53  KF530075    0.00%    passed     99.94%
  54  KF530062    0.00%    passed     99.94%
  55  KF530059    0.00%    passed     99.96%
  56  KP198610    0.00%    passed     99.95%
  57  KF530084    0.00%    passed     99.87%
  58  KF530098    0.00%    passed     99.87%
  59  JN129835    0.00%    passed    100.00%
  60  KF923890    0.00%    passed    100.00%
  61  KF923907    0.00%    passed    100.00%
  62  KF923911    0.00%    passed    100.00%
  63  KF923914    0.00%    passed    100.00%
  64  KF923912    0.00%    passed    100.00%
  65  KF923909    0.00%    passed    100.00%
  66  KF923901    0.00%    passed    100.00%
  67  KF923919    0.00%    passed    100.00%
  68  KF923910    0.00%    passed    100.00%
  69  KF923892    0.00%    passed    100.00%
  70  KF923891    0.00%    passed    100.00%
  71  KF923894    0.00%    passed    100.00%
  72  KY554974    0.00%    passed    100.00%
  73  KY554975    0.00%    passed    100.00%
  74  KY674920    0.00%    passed    100.00%
  75  KF923916    0.00%    passed    100.00%
  76  KF923908    0.00%    passed    100.00%
  77  KF923920    0.00%    passed     99.99%
  78  KF923913    0.00%    passed    100.00%
  79  KF923915    0.00%    passed    100.00%
  80  KF923917    0.00%    passed     99.99%
  81  OK073091    0.00%    passed     99.99%
  82  OK073092    1.47%    passed     99.75%
  83  KF923897    0.00%    passed    100.00%
  84  KX538969    0.00%    passed    100.00%
  85  KX538977    0.00%    passed    100.00%
  86  KX538973    0.00%    passed    100.00%
  87  KX538968    0.00%    passed    100.00%
  88  KX538974    0.00%    passed    100.00%
  89  KX538967    0.00%    passed    100.00%
  90  KX538975    0.00%    passed    100.00%
  91  KF923903    0.00%    passed     99.97%
  92  KX538971    0.00%    passed     99.97%
  93  KF923904    0.00%    passed     99.99%
  94  KX538964    0.00%    passed     99.99%
  95  KX538976    0.00%    passed     99.99%
  96  KX538966    0.00%    passed     99.99%
  97  KX538978    0.00%    passed     99.99%
  98  KX538979    0.00%    passed     99.99%
  99  LC315648    0.00%    passed     99.99%
 100  LC315646    0.00%    passed     99.99%
 101  OL770288    0.00%    passed     99.99%
 102  OL770287    0.00%    passed     99.99%
 103  KX538972    0.00%    passed     99.94%
 104  KX538970    0.00%    passed    100.00%
 105  LC315647    0.00%    passed     99.97%
 106  OK073090    0.00%    passed    100.00%
 107  OL770289    0.04%    passed     99.96%
 108  OK073087    0.00%    passed    100.00%
 109  OK073088    0.00%    passed     99.99%
 110  MN026164    0.00%    passed     99.94%
 111  KY554972    0.00%    passed    100.00%
 112  KY554973    0.00%    passed    100.00%
 113  KY674918    0.00%    passed    100.00%
 114  KY674917    0.00%    passed    100.00%
 115  KX344031    0.00%    passed    100.00%
 116  MW559057    0.00%    passed     99.97%
 117  KF923925    0.00%    passed     99.99%
 118  KJ958219    0.00%    passed     99.81%
 119  KF923898    0.00%    passed     99.99%
 120  KF923921    0.00%    passed     99.98%
 121  KF923923    0.00%    passed     99.92%
 122  KJ958218    0.00%    passed     99.94%
 123  KF923902    0.00%    passed    100.00%
 124  KF923918    0.00%    passed     99.95%
 125  KF923924    0.00%    passed    100.00%
 126  KF923895    0.00%    passed     99.96%
 127  KF923888    0.00%    passed     99.76%
 128  KF923887    0.00%    passed     99.91%
 129  KF923889    0.00%    passed     99.98%
 130  KF923900    0.00%    passed     99.91%
 131  MG977451    0.00%    passed     99.92%
 132  MG977452    0.00%    passed     99.91%
 133  KX538965    0.00%    passed     99.91%
 134  KY967356    0.00%    passed    100.00%
 135  MN310476    0.04%    passed     99.99%
 136  MT118668    0.00%    passed     99.98%
 137  KY369905    0.00%    passed    100.00%
 138  KY369906    0.00%    passed    100.00%
 139  KY369907    0.00%    passed    100.00%
 140  MH121121    0.00%    passed    100.00%
 141  KY684759    0.00%    passed    100.00%
 142  KY983583    0.00%    passed    100.00%
 143  KY967361    0.00%    passed    100.00%
 144  KY983585    0.00%    passed    100.00%
 145  KY967359    0.00%    passed    100.00%
 146  MF374984    0.00%    passed    100.00%
 147  MW587041   37.86%    passed     84.94%
 148  OK391226    0.00%    passed    100.00%
 149  KY983588    0.00%    passed    100.00%
 150  MW587040    0.00%    passed     99.98%
 151  OK391225    0.00%    passed     99.99%
 152  MT118667    0.00%    passed    100.00%
 153  KY967358    0.00%    passed     99.98%
 154  OK391223    0.00%    passed     99.98%
 155  OK391221    0.00%    passed    100.00%
 156  OK391224    0.00%    passed     99.98%
 157  OK391222    0.00%    passed    100.00%
 158  LC687399    0.00%    passed     99.98%
 159  LC720427    0.00%    passed     99.98%
 160  MN306041    0.00%    passed    100.00%
 161  MT118673    0.00%    passed    100.00%
 162  MT118678    0.00%    passed    100.00%
 163  MW587042    0.00%    passed    100.00%
 164  MT118685    0.00%    passed    100.00%
 165  MN306042    0.00%    passed    100.00%
 166  MN306053    0.00%    passed    100.00%
 167  OM386796    0.00%    passed    100.00%
 168  OM386797    0.00%    passed    100.00%
 169  MN310478    0.00%    passed    100.00%
 170  OM386798    0.00%    passed    100.00%
 171  OM386799    0.00%    passed    100.00%
 172  LC687400    0.00%    passed    100.00%
 173  OK391227    0.00%    passed    100.00%
 174  OK391230    3.34%    passed     99.26%
 175  OM386794    0.00%    passed     99.98%
 176  MW411432    0.00%    passed    100.00%
 177  MW411433    0.00%    passed    100.00%
 178  OK391238    0.00%    passed     99.98%
 179  LC720429    0.00%    passed    100.00%
 180  OM386795    0.00%    passed     99.98%
 181  MF374985    0.00%    passed     99.98%
 182  MT118692    0.00%    passed     99.91%
 183  MW938760    0.00%    passed     99.98%
 184  LC687398    0.00%    passed     99.98%
 185  OK391228    0.00%    passed    100.00%
 186  MT118683    0.00%    passed     99.97%
 187  MF374983    0.00%    passed     99.97%
 188  MN306036    2.01%    passed     99.90%
 189  MN306043    0.00%    passed     99.93%
 190  MW052042    0.00%    passed     99.91%
 191  OK073089    0.00%    passed     99.98%
 192  KF923886    0.00%    passed     99.96%
 193  MH828490    0.04%    passed     99.93%
 194  KF923893    0.00%    passed    100.00%
 195  KF923922    0.00%    passed    100.00%
 196  OK391229   17.92%    passed     94.10%
****  TOTAL       0.32%  0 sequences failed composition chi2 test (p-value<5%; df=3)
NOTE: KF923899 is identical to JN129834 but kept for subsequent analysis
NOTE: KF530076 is identical to KF530088 but kept for subsequent analysis
NOTE: KF530089 is identical to KF530082 but kept for subsequent analysis
NOTE: KF530064 is identical to KF530080 but kept for subsequent analysis
NOTE: KP198611 is identical to KF923896 but kept for subsequent analysis
NOTE: MN026165 is identical to KY967360 but kept for subsequent analysis
NOTE: MT118671 is identical to MT118672 but kept for subsequent analysis
NOTE: KF530073 is identical to KF530065 but kept for subsequent analysis
NOTE: KF530090 is identical to KF530074 but kept for subsequent analysis
NOTE: KF530086 is identical to KF530083 but kept for subsequent analysis
NOTE: KF530062 is identical to KF530075 but kept for subsequent analysis
NOTE: KF530098 is identical to KF530084 but kept for subsequent analysis
NOTE: KF923907 is identical to KF923890 but kept for subsequent analysis
NOTE: KF923915 is identical to KF923913 but kept for subsequent analysis
NOTE: KX538969 is identical to KF923897 but kept for subsequent analysis
NOTE: KX538964 is identical to KF923904 but kept for subsequent analysis
NOTE: KY554973 is identical to KY554972 but kept for subsequent analysis
NOTE: KY369906 is identical to KY369905 but kept for subsequent analysis
NOTE: LC720427 is identical to LC687399 but kept for subsequent analysis
NOTE: MT118673 is identical to MN306041 but kept for subsequent analysis
NOTE: MW411433 is identical to MW411432 but kept for subsequent analysis
Checking for duplicate sequences: done in 0.00111485 secs using 68.53% CPU
Identifying sites to remove: done in 0.00681591 secs using 80.44% CPU
NOTE: 61 identical sequences (see below) will be ignored for subsequent analysis
NOTE: KF923905 (identical to JN129834) is ignored but added at the end
NOTE: KF530091 (identical to KF530088) is ignored but added at the end
NOTE: KF530078 (identical to KF530080) is ignored but added at the end
NOTE: KF530066 (identical to KF530065) is ignored but added at the end
NOTE: KF530061 (identical to KF530065) is ignored but added at the end
NOTE: KF530093 (identical to KF530065) is ignored but added at the end
NOTE: KF530087 (identical to KF530065) is ignored but added at the end
NOTE: KF530097 (identical to KF530074) is ignored but added at the end
NOTE: KF530077 (identical to KF530083) is ignored but added at the end
NOTE: KF923911 (identical to KF923890) is ignored but added at the end
NOTE: KF923914 (identical to KF923890) is ignored but added at the end
NOTE: KF923912 (identical to KF923890) is ignored but added at the end
NOTE: KF923909 (identical to KF923890) is ignored but added at the end
NOTE: KF923901 (identical to KF923890) is ignored but added at the end
NOTE: KF923919 (identical to KF923890) is ignored but added at the end
NOTE: KF923910 (identical to KF923890) is ignored but added at the end
NOTE: KF923892 (identical to KF923890) is ignored but added at the end
NOTE: KF923891 (identical to KF923890) is ignored but added at the end
NOTE: KF923894 (identical to KF923890) is ignored but added at the end
NOTE: KY554974 (identical to KF923890) is ignored but added at the end
NOTE: KY554975 (identical to KF923890) is ignored but added at the end
NOTE: KY674920 (identical to KF923890) is ignored but added at the end
NOTE: KF923916 (identical to KF923890) is ignored but added at the end
NOTE: KF923908 (identical to KF923890) is ignored but added at the end
NOTE: KX538977 (identical to KF923897) is ignored but added at the end
NOTE: KX538973 (identical to KF923897) is ignored but added at the end
NOTE: KX538968 (identical to KF923897) is ignored but added at the end
NOTE: KX538974 (identical to KF923897) is ignored but added at the end
NOTE: KX538967 (identical to KF923897) is ignored but added at the end
NOTE: KX538975 (identical to KF923897) is ignored but added at the end
NOTE: KX538976 (identical to KF923904) is ignored but added at the end
NOTE: KX538966 (identical to KF923904) is ignored but added at the end
NOTE: KX538978 (identical to KF923904) is ignored but added at the end
NOTE: KX538979 (identical to KF923904) is ignored but added at the end
NOTE: LC315648 (identical to KF923904) is ignored but added at the end
NOTE: LC315646 (identical to KF923904) is ignored but added at the end
NOTE: OL770288 (identical to KF923904) is ignored but added at the end
NOTE: OL770287 (identical to KF923904) is ignored but added at the end
NOTE: KY674918 (identical to KY554972) is ignored but added at the end
NOTE: KY674917 (identical to KY554972) is ignored but added at the end
NOTE: KY369907 (identical to KY369905) is ignored but added at the end
NOTE: MH121121 (identical to KY369905) is ignored but added at the end
NOTE: KY684759 (identical to KY369905) is ignored but added at the end
NOTE: KY983583 (identical to KY369905) is ignored but added at the end
NOTE: KY967361 (identical to KY369905) is ignored but added at the end
NOTE: KY983585 (identical to KY369905) is ignored but added at the end
NOTE: KY967359 (identical to KY369905) is ignored but added at the end
NOTE: MF374984 (identical to KY369905) is ignored but added at the end
NOTE: OK391226 (identical to KY369905) is ignored but added at the end
NOTE: MT118678 (identical to MN306041) is ignored but added at the end
NOTE: MW587042 (identical to MN306041) is ignored but added at the end
NOTE: MT118685 (identical to MN306041) is ignored but added at the end
NOTE: MN306042 (identical to MN306041) is ignored but added at the end
NOTE: MN306053 (identical to MN306041) is ignored but added at the end
NOTE: OM386796 (identical to MN306041) is ignored but added at the end
NOTE: OM386797 (identical to MN306041) is ignored but added at the end
NOTE: MN310478 (identical to MN306041) is ignored but added at the end
NOTE: OM386798 (identical to MN306041) is ignored but added at the end
NOTE: OM386799 (identical to MN306041) is ignored but added at the end
NOTE: LC687400 (identical to MN306041) is ignored but added at the end
NOTE: OK391227 (identical to MN306041) is ignored but added at the end
Alignment was printed to results/aligned_oc43_all_RdRp-delim.fasta.uniqueseq.phy

For your convenience alignment with unique sequences printed to results/aligned_oc43_all_RdRp-delim.fasta.uniqueseq.phy

Create initial parsimony tree by phylogenetic likelihood library (PLL)... 0.001 seconds

NOTE: 0 MB RAM (0 GB) is required!
Estimate model parameters (epsilon = 0.500)
1. Initial log-likelihood: -9791.703
2. Current log-likelihood: -9304.569
3. Current log-likelihood: -9289.100
Optimal log-likelihood: -9288.904
Rate parameters:  A-C: 0.82852  A-G: 1.56518  A-T: 0.18783  C-G: 0.89322  C-T: 6.94236  G-T: 1.00000
Base frequencies:  A: 0.282  C: 0.142  G: 0.216  T: 0.361
Parameters optimization took 3 rounds (0.169 sec)
Wrote distance file to... 
Computing ML distances based on estimated model parameters...
Calculating distance matrix: done in 0.0388122 secs using 91.72% CPU
Computing ML distances took 0.039032 sec (of wall-clock time) 0.035749 sec (of CPU time)
Setting up auxiliary I and S matrices: done in 0.000573158 secs using 162.8% CPU
Constructing RapidNJ tree: done in 0.00169706 secs using 173.1% CPU
Computing RapidNJ tree took 0.002370 sec (of wall-clock time) 0.004120 sec (of CPU time)
Log-likelihood of RapidNJ tree: -5465.953
--------------------------------------------------------------------
|             INITIALIZING CANDIDATE TREE SET                      |
--------------------------------------------------------------------

Do NNI search on 2 best initial trees
Optimizing NNI: done in 0.053416 secs using 92.16% CPU
Estimate model parameters (epsilon = 0.500)
BETTER TREE FOUND at iteration 1: -5444.798
Optimizing NNI: done in 0.446635 secs using 93.11% CPU
Finish initializing candidate tree set (4)
Current best tree score: -5444.798 / CPU time: 0.546
Number of iterations: 2
TREE SEARCH COMPLETED AFTER 2 ITERATIONS / Time: 0h:0m:0s

--------------------------------------------------------------------
|                    FINALIZING TREE SEARCH                        |
--------------------------------------------------------------------
Performs final model parameters optimization
Estimate model parameters (epsilon = 0.050)
1. Initial log-likelihood: -5444.798
Optimal log-likelihood: -5444.798
Rate parameters:  A-C: 0.74898  A-G: 2.77295  A-T: 0.33146  C-G: 0.41622  C-T: 10.40165  G-T: 1.00000
Base frequencies:  A: 0.282  C: 0.142  G: 0.216  T: 0.361
Parameters optimization took 1 rounds (0.014 sec)
BEST SCORE FOUND : -5444.798
Total tree length: 0.073

Total number of iterations: 2
CPU time used for tree search: 0.514 sec (0h:0m:0s)
Wall-clock time used for tree search: 0.546 sec (0h:0m:0s)
Total CPU time used: 0.744 sec (0h:0m:0s)
Total wall-clock time used: 0.824 sec (0h:0m:0s)

Analysis results written to: 
  IQ-TREE report:                results/aligned_oc43_all_RdRp-delim.fasta.iqtree
  Maximum-likelihood tree:       results/aligned_oc43_all_RdRp-delim.fasta.treefile
  Likelihood distances:          results/aligned_oc43_all_RdRp-delim.fasta.mldist
  Screen log file:               results/aligned_oc43_all_RdRp-delim.fasta.log

Date and Time: Tue Jan 10 16:16:06 2023
