IQ-TREE multicore version 2.2.0-beta COVID-edition for Mac OS X 64-bit built Mar  3 2022 built Mar  3 2022
Developed by Bui Quang Minh, James Barbetti, Nguyen Lam Tung,
Olga Chernomor, Heiko Schmidt, Dominik Schrempf, Michael Woodhams, Ly Trong Nhan.

Host:    MacBook-Pro-5.local (SSE4.2, 8 GB RAM)
Command: iqtree2 -nt 1 -s results/aligned_oc43_A_RdRp-delim.fasta -m GTR -ninit 2 -n 2 -me 0.05
Seed:    760906 (Using SPRNG - Scalable Parallel Random Number Generator)
Time:    Tue Jan 10 16:16:05 2023
Kernel:  SSE2 - 1 threads (8 CPU cores detected)

HINT: Use -nt option to specify number of threads because your CPU has 8 cores!
HINT: -nt AUTO will automatically determine the best number of threads to use.

Reading alignment file results/aligned_oc43_A_RdRp-delim.fasta ... Fasta format detected
Reading fasta file: done in 0.0266039 secs using 89.3% CPU
Alignment most likely contains DNA/RNA sequences
Constructing alignment: done in 0.00621104 secs using 85.11% CPU
Alignment has 198 sequences with 2784 columns, 209 distinct patterns
60 parsimony-informative, 89 singleton sites, 2635 constant sites
          Gap/Ambiguity  Composition  p-value
Analyzing sequences: done in 9.01222e-05 secs using 68.8% CPU
   1  KF963213    0.00%    passed    100.00%
   2  JN129834    0.00%    passed     99.96%
   3  KF923899    0.00%    passed     99.96%
   4  KF923905    0.00%    passed     99.96%
   5  KF530069    0.00%    passed     99.69%
   6  KF530099    0.00%    passed     99.87%
   7  KF530063    0.00%    passed     99.87%
   8  KF530068    0.00%    passed     99.87%
   9  KF530081    0.00%    passed     99.96%
  10  KF963214    0.00%    passed    100.00%
  11  KF530070    0.00%    passed     99.96%
  12  KF530071    0.00%    passed     99.96%
  13  KF530088    0.00%    passed     99.96%
  14  KF530076    0.00%    passed     99.96%
  15  KF530091    0.00%    passed     99.96%
  16  KF530082    0.00%    passed     99.87%
  17  KF530089    0.00%    passed     99.87%
  18  KF530094    0.00%    passed     99.69%
  19  KF530079    0.00%    passed    100.00%
  20  KF530067    0.00%    passed    100.00%
  21  KF963215    0.00%    passed    100.00%
  22  KF963217    0.00%    passed    100.00%
  23  KF963220    0.00%    passed     99.96%
  24  KF963223    0.00%    passed     99.96%
  25  KF963222    0.00%    passed     99.87%
  26  KF963225    0.00%    passed    100.00%
  27  KF530078    0.00%    passed    100.00%
  28  KF530064    0.00%    passed    100.00%
  29  KF530080    0.00%    passed    100.00%
  30  KF530072    0.00%    passed     99.96%
  31  KU131570    0.00%    passed    100.00%
  32  KY967360    0.00%    passed    100.00%
  33  MN026165    0.00%    passed    100.00%
  34  MF314143    0.00%    passed     99.94%
  35  KF923900    0.00%    passed     99.88%
  36  JN129835    0.00%    passed     99.99%
  37  KF923890    0.00%    passed    100.00%
  38  KF923907    0.00%    passed    100.00%
  39  KF923911    0.00%    passed    100.00%
  40  KF923914    0.00%    passed    100.00%
  41  KF923912    0.00%    passed    100.00%
  42  KF923909    0.00%    passed    100.00%
  43  KF923901    0.00%    passed    100.00%
  44  KF923919    0.00%    passed    100.00%
  45  KF923910    0.00%    passed    100.00%
  46  KF923892    0.00%    passed    100.00%
  47  KF923891    0.00%    passed    100.00%
  48  KF923894    0.00%    passed    100.00%
  49  KY554974    0.00%    passed    100.00%
  50  KY554975    0.00%    passed    100.00%
  51  KY674920    0.00%    passed    100.00%
  52  KF923916    0.00%    passed    100.00%
  53  KF923908    0.00%    passed    100.00%
  54  KF963219    0.00%    passed    100.00%
  55  KF923920    0.00%    passed     99.99%
  56  KF923913    0.00%    passed     99.99%
  57  KF923915    0.00%    passed     99.99%
  58  KF923917    0.00%    passed     99.99%
  59  OK073091    0.00%    passed     99.99%
  60  OK073092    1.47%    passed     99.79%
  61  KF923897    0.00%    passed     99.99%
  62  KX538969    0.00%    passed     99.99%
  63  KX538977    0.00%    passed     99.99%
  64  KX538973    0.00%    passed     99.99%
  65  KX538968    0.00%    passed     99.99%
  66  KX538974    0.00%    passed     99.99%
  67  KX538967    0.00%    passed     99.99%
  68  KX538975    0.00%    passed     99.99%
  69  KF923903    0.00%    passed     99.94%
  70  KX538971    0.00%    passed     99.94%
  71  KF923904    0.00%    passed     99.99%
  72  KX538964    0.00%    passed     99.99%
  73  KX538976    0.00%    passed     99.99%
  74  KX538966    0.00%    passed     99.99%
  75  KX538978    0.00%    passed     99.99%
  76  KX538979    0.00%    passed     99.99%
  77  LC315648    0.00%    passed     99.99%
  78  LC315646    0.00%    passed     99.99%
  79  OL770288    0.00%    passed     99.99%
  80  OL770287    0.00%    passed     99.99%
  81  MF996641   10.09%    passed     96.48%
  82  MF996644   10.31%    passed     96.32%
  83  MF996646   10.09%    passed     96.48%
  84  MF996650   10.09%    passed     96.48%
  85  MF996651   10.09%    passed     96.48%
  86  MF996652   10.17%    passed     96.70%
  87  MF996655   10.17%    passed     96.70%
  88  KX538970    0.00%    passed    100.00%
  89  MF996653   10.13%    passed     96.92%
  90  MF996654   10.09%    passed     98.25%
  91  MF996658   10.20%    passed     97.80%
  92  MF996659   10.20%    passed     97.80%
  93  KX538972    0.00%    passed     99.95%
  94  LC315647    0.00%    passed     99.98%
  95  OK073090    0.00%    passed    100.00%
  96  MF996642   10.09%    passed     95.52%
  97  OK073088    0.00%    passed     99.99%
  98  MF996649   10.17%    passed     96.59%
  99  KY967356    0.00%    passed    100.00%
 100  OL770289    0.04%    passed     99.97%
 101  MN310476    0.04%    passed     99.98%
 102  MT118668    0.00%    passed     99.99%
 103  KX344031    0.00%    passed    100.00%
 104  KY554972    0.00%    passed    100.00%
 105  KY554973    0.00%    passed    100.00%
 106  KY674918    0.00%    passed    100.00%
 107  KY674917    0.00%    passed    100.00%
 108  MW559057    0.00%    passed     99.94%
 109  KF963226    0.00%    passed     99.98%
 110  OK073087    0.00%    passed     99.99%
 111  MN026164    0.00%    passed     99.95%
 112  KF923925    0.00%    passed     99.99%
 113  KJ958219    0.00%    passed     99.85%
 114  KF923898    0.00%    passed     99.99%
 115  KJ958218    0.00%    passed     99.95%
 116  KF923921    0.00%    passed     99.96%
 117  KF923923    0.00%    passed     99.88%
 118  KF923902    0.00%    passed    100.00%
 119  KF923918    0.00%    passed     99.92%
 120  KF923924    0.00%    passed     99.99%
 121  KF923895    0.00%    passed     99.93%
 122  KF923888    0.00%    passed     99.69%
 123  KF923887    0.00%    passed     99.87%
 124  KF923889    0.00%    passed     99.98%
 125  KF963221    0.00%    passed     99.98%
 126  KF963216    0.00%    passed    100.00%
 127  KF963218    0.00%    passed     99.98%
 128  KY369905    0.00%    passed    100.00%
 129  KY369906    0.00%    passed    100.00%
 130  KY369907    0.00%    passed    100.00%
 131  MH121121    0.00%    passed    100.00%
 132  KY684759    0.00%    passed    100.00%
 133  KY983583    0.00%    passed    100.00%
 134  KY967361    0.00%    passed    100.00%
 135  KY983585    0.00%    passed    100.00%
 136  KY967359    0.00%    passed    100.00%
 137  MF374984    0.00%    passed    100.00%
 138  MW587041   37.86%    passed     84.21%
 139  OK391226    0.00%    passed    100.00%
 140  KY983588    0.00%    passed    100.00%
 141  MW587040    0.00%    passed     99.99%
 142  OK391225    0.00%    passed    100.00%
 143  MT118667    0.00%    passed    100.00%
 144  KY967358    0.00%    passed     99.99%
 145  OK391223    0.00%    passed     99.99%
 146  OK391221    0.00%    passed    100.00%
 147  OK391224    0.00%    passed     99.96%
 148  OK391222    0.00%    passed    100.00%
 149  LC687399    0.00%    passed     99.99%
 150  LC720427    0.00%    passed     99.99%
 151  MN306041    0.00%    passed    100.00%
 152  MT118673    0.00%    passed    100.00%
 153  MT118678    0.00%    passed    100.00%
 154  MW587042    0.00%    passed    100.00%
 155  MT118685    0.00%    passed    100.00%
 156  MN306042    0.00%    passed    100.00%
 157  MN306053    0.00%    passed    100.00%
 158  OM386796    0.00%    passed    100.00%
 159  OM386797    0.00%    passed    100.00%
 160  MN310478    0.00%    passed    100.00%
 161  OM386798    0.00%    passed    100.00%
 162  OM386799    0.00%    passed    100.00%
 163  LC687400    0.00%    passed    100.00%
 164  OK391227    0.00%    passed    100.00%
 165  OK391230    3.34%    passed     99.21%
 166  OM386794    0.00%    passed     99.99%
 167  MW411432    0.00%    passed    100.00%
 168  MW411433    0.00%    passed    100.00%
 169  OK391238    0.00%    passed     99.99%
 170  LC720429    0.00%    passed    100.00%
 171  OM386795    0.00%    passed     99.98%
 172  MF374985    0.00%    passed     99.98%
 173  MT118692    0.00%    passed     99.94%
 174  MW938760    0.00%    passed     99.98%
 175  LC687398    0.00%    passed     99.99%
 176  OK391228    0.00%    passed    100.00%
 177  MT118683    0.00%    passed     99.96%
 178  MN306036    2.01%    passed     99.92%
 179  KX538965    0.00%    passed     99.87%
 180  MG977451    0.00%    passed     99.91%
 181  MG977452    0.00%    passed     99.92%
 182  MF374983    0.00%    passed     99.96%
 183  MN306043    0.00%    passed     99.90%
 184  MW052042    0.00%    passed     99.88%
 185  OK073089    0.00%    passed     99.99%
 186  KF923886    0.00%    passed     99.94%
 187  KF963227    0.00%    passed     99.96%
 188  KF963228    0.00%    passed     99.96%
 189  MH828490    0.04%    passed     99.91%
 190  KF963224    0.18%    passed     99.98%
 191  KF923893    0.00%    passed    100.00%
 192  KF923922    0.00%    passed    100.00%
 193  KF530095    0.00%    passed     99.99%
 194  KF530096    0.00%    passed     99.98%
 195  KF530092    0.00%    passed     99.99%
 196  KF530084    0.00%    passed     99.90%
 197  KF530098    0.00%    passed     99.90%
 198  OK391229   17.92%    passed     94.06%
****  TOTAL       0.98%  0 sequences failed composition chi2 test (p-value<5%; df=3)
NOTE: KF923899 is identical to JN129834 but kept for subsequent analysis
NOTE: KF530076 is identical to KF530088 but kept for subsequent analysis
NOTE: KF530089 is identical to KF530082 but kept for subsequent analysis
NOTE: KF963223 is identical to KF963220 but kept for subsequent analysis
NOTE: KF530064 is identical to KF530078 but kept for subsequent analysis
NOTE: MN026165 is identical to KY967360 but kept for subsequent analysis
NOTE: KF923907 is identical to KF923890 but kept for subsequent analysis
NOTE: KF923915 is identical to KF923913 but kept for subsequent analysis
NOTE: KX538969 is identical to KF923897 but kept for subsequent analysis
NOTE: KX538964 is identical to KF923904 but kept for subsequent analysis
NOTE: MF996646 is identical to MF996641 but kept for subsequent analysis
NOTE: MF996655 is identical to MF996652 but kept for subsequent analysis
NOTE: MF996659 is identical to MF996658 but kept for subsequent analysis
NOTE: KY554973 is identical to KY554972 but kept for subsequent analysis
NOTE: KF963221 is identical to KF923889 but kept for subsequent analysis
NOTE: KY369906 is identical to KY369905 but kept for subsequent analysis
NOTE: LC720427 is identical to LC687399 but kept for subsequent analysis
NOTE: MT118673 is identical to MN306041 but kept for subsequent analysis
NOTE: MW411433 is identical to MW411432 but kept for subsequent analysis
NOTE: KF963228 is identical to KF963227 but kept for subsequent analysis
NOTE: KF530098 is identical to KF530084 but kept for subsequent analysis
Checking for duplicate sequences: done in 0.000505924 secs using 74.52% CPU
Identifying sites to remove: done in 0.00306201 secs using 98.66% CPU
NOTE: 58 identical sequences (see below) will be ignored for subsequent analysis
NOTE: KF923905 (identical to JN129834) is ignored but added at the end
NOTE: KF530091 (identical to KF530088) is ignored but added at the end
NOTE: KF530080 (identical to KF530078) is ignored but added at the end
NOTE: KF923911 (identical to KF923890) is ignored but added at the end
NOTE: KF923914 (identical to KF923890) is ignored but added at the end
NOTE: KF923912 (identical to KF923890) is ignored but added at the end
NOTE: KF923909 (identical to KF923890) is ignored but added at the end
NOTE: KF923901 (identical to KF923890) is ignored but added at the end
NOTE: KF923919 (identical to KF923890) is ignored but added at the end
NOTE: KF923910 (identical to KF923890) is ignored but added at the end
NOTE: KF923892 (identical to KF923890) is ignored but added at the end
NOTE: KF923891 (identical to KF923890) is ignored but added at the end
NOTE: KF923894 (identical to KF923890) is ignored but added at the end
NOTE: KY554974 (identical to KF923890) is ignored but added at the end
NOTE: KY554975 (identical to KF923890) is ignored but added at the end
NOTE: KY674920 (identical to KF923890) is ignored but added at the end
NOTE: KF923916 (identical to KF923890) is ignored but added at the end
NOTE: KF923908 (identical to KF923890) is ignored but added at the end
NOTE: KF963219 (identical to KF923890) is ignored but added at the end
NOTE: KX538977 (identical to KF923897) is ignored but added at the end
NOTE: KX538973 (identical to KF923897) is ignored but added at the end
NOTE: KX538968 (identical to KF923897) is ignored but added at the end
NOTE: KX538974 (identical to KF923897) is ignored but added at the end
NOTE: KX538967 (identical to KF923897) is ignored but added at the end
NOTE: KX538975 (identical to KF923897) is ignored but added at the end
NOTE: KX538976 (identical to KF923904) is ignored but added at the end
NOTE: KX538966 (identical to KF923904) is ignored but added at the end
NOTE: KX538978 (identical to KF923904) is ignored but added at the end
NOTE: KX538979 (identical to KF923904) is ignored but added at the end
NOTE: LC315648 (identical to KF923904) is ignored but added at the end
NOTE: LC315646 (identical to KF923904) is ignored but added at the end
NOTE: OL770288 (identical to KF923904) is ignored but added at the end
NOTE: OL770287 (identical to KF923904) is ignored but added at the end
NOTE: MF996650 (identical to MF996641) is ignored but added at the end
NOTE: MF996651 (identical to MF996641) is ignored but added at the end
NOTE: KY674918 (identical to KY554972) is ignored but added at the end
NOTE: KY674917 (identical to KY554972) is ignored but added at the end
NOTE: KY369907 (identical to KY369905) is ignored but added at the end
NOTE: MH121121 (identical to KY369905) is ignored but added at the end
NOTE: KY684759 (identical to KY369905) is ignored but added at the end
NOTE: KY983583 (identical to KY369905) is ignored but added at the end
NOTE: KY967361 (identical to KY369905) is ignored but added at the end
NOTE: KY983585 (identical to KY369905) is ignored but added at the end
NOTE: KY967359 (identical to KY369905) is ignored but added at the end
NOTE: MF374984 (identical to KY369905) is ignored but added at the end
NOTE: OK391226 (identical to KY369905) is ignored but added at the end
NOTE: MT118678 (identical to MN306041) is ignored but added at the end
NOTE: MW587042 (identical to MN306041) is ignored but added at the end
NOTE: MT118685 (identical to MN306041) is ignored but added at the end
NOTE: MN306042 (identical to MN306041) is ignored but added at the end
NOTE: MN306053 (identical to MN306041) is ignored but added at the end
NOTE: OM386796 (identical to MN306041) is ignored but added at the end
NOTE: OM386797 (identical to MN306041) is ignored but added at the end
NOTE: MN310478 (identical to MN306041) is ignored but added at the end
NOTE: OM386798 (identical to MN306041) is ignored but added at the end
NOTE: OM386799 (identical to MN306041) is ignored but added at the end
NOTE: LC687400 (identical to MN306041) is ignored but added at the end
NOTE: OK391227 (identical to MN306041) is ignored but added at the end
Alignment was printed to results/aligned_oc43_A_RdRp-delim.fasta.uniqueseq.phy

For your convenience alignment with unique sequences printed to results/aligned_oc43_A_RdRp-delim.fasta.uniqueseq.phy

Create initial parsimony tree by phylogenetic likelihood library (PLL)... 0.001 seconds

NOTE: 0 MB RAM (0 GB) is required!
Estimate model parameters (epsilon = 0.500)
1. Initial log-likelihood: -9175.183
2. Current log-likelihood: -8721.915
3. Current log-likelihood: -8710.126
Optimal log-likelihood: -8710.076
Rate parameters:  A-C: 1.02216  A-G: 1.45251  A-T: 0.08539  C-G: 1.04329  C-T: 6.35237  G-T: 1.00000
Base frequencies:  A: 0.282  C: 0.142  G: 0.216  T: 0.361
Parameters optimization took 3 rounds (0.172 sec)
Wrote distance file to... 
Computing ML distances based on estimated model parameters...
Calculating distance matrix: done in 0.0409851 secs using 97.03% CPU
Computing ML distances took 0.041511 sec (of wall-clock time) 0.040104 sec (of CPU time)
Setting up auxiliary I and S matrices: done in 0.000617027 secs using 161.1% CPU
Constructing RapidNJ tree: done in 0.00174594 secs using 188% CPU
Computing RapidNJ tree took 0.002469 sec (of wall-clock time) 0.004336 sec (of CPU time)
Log-likelihood of RapidNJ tree: -5399.418
--------------------------------------------------------------------
|             INITIALIZING CANDIDATE TREE SET                      |
--------------------------------------------------------------------

Do NNI search on 2 best initial trees
Optimizing NNI: done in 0.0663838 secs using 91.77% CPU
Estimate model parameters (epsilon = 0.500)
BETTER TREE FOUND at iteration 1: -5374.162
Optimizing NNI: done in 0.383827 secs using 96.69% CPU
Finish initializing candidate tree set (4)
Current best tree score: -5374.162 / CPU time: 0.520
Number of iterations: 2
TREE SEARCH COMPLETED AFTER 2 ITERATIONS / Time: 0h:0m:0s

--------------------------------------------------------------------
|                    FINALIZING TREE SEARCH                        |
--------------------------------------------------------------------
Performs final model parameters optimization
Estimate model parameters (epsilon = 0.050)
1. Initial log-likelihood: -5374.162
Optimal log-likelihood: -5374.161
Rate parameters:  A-C: 0.83683  A-G: 2.86394  A-T: 0.41391  C-G: 0.45606  C-T: 10.95372  G-T: 1.00000
Base frequencies:  A: 0.282  C: 0.142  G: 0.216  T: 0.361
Parameters optimization took 1 rounds (0.013 sec)
BEST SCORE FOUND : -5374.161
Total tree length: 0.070

Total number of iterations: 2
CPU time used for tree search: 0.501 sec (0h:0m:0s)
Wall-clock time used for tree search: 0.521 sec (0h:0m:0s)
Total CPU time used: 0.760 sec (0h:0m:0s)
Total wall-clock time used: 0.811 sec (0h:0m:0s)

Analysis results written to: 
  IQ-TREE report:                results/aligned_oc43_A_RdRp-delim.fasta.iqtree
  Maximum-likelihood tree:       results/aligned_oc43_A_RdRp-delim.fasta.treefile
  Likelihood distances:          results/aligned_oc43_A_RdRp-delim.fasta.mldist
  Screen log file:               results/aligned_oc43_A_RdRp-delim.fasta.log

Date and Time: Tue Jan 10 16:16:06 2023
