IQ-TREE multicore version 2.2.0-beta COVID-edition for Mac OS X 64-bit built Mar  3 2022 built Mar  3 2022
Developed by Bui Quang Minh, James Barbetti, Nguyen Lam Tung,
Olga Chernomor, Heiko Schmidt, Dominik Schrempf, Michael Woodhams, Ly Trong Nhan.

Host:    MacBook-Pro-5.local (SSE4.2, 8 GB RAM)
Command: iqtree2 -nt 1 -s results/aligned_oc43_all_NS2-delim.fasta -m GTR -ninit 2 -n 2 -me 0.05
Seed:    55227 (Using SPRNG - Scalable Parallel Random Number Generator)
Time:    Tue Jan 10 16:25:52 2023
Kernel:  SSE2 - 1 threads (8 CPU cores detected)

HINT: Use -nt option to specify number of threads because your CPU has 8 cores!
HINT: -nt AUTO will automatically determine the best number of threads to use.

Reading alignment file results/aligned_oc43_all_NS2-delim.fasta ... Fasta format detected
Reading fasta file: done in 0.00405693 secs using 69.81% CPU
Alignment most likely contains DNA/RNA sequences
Constructing alignment: done in 0.000982046 secs using 83.09% CPU
Alignment has 196 sequences with 330 columns, 33 distinct patterns
17 parsimony-informative, 12 singleton sites, 301 constant sites
          Gap/Ambiguity  Composition  p-value
Analyzing sequences: done in 4.81606e-05 secs using 78.9% CPU
   1  OK662397    0.00%    passed     99.94%
   2  KF530099    0.00%    passed     99.94%
   3  KF530071    0.00%    passed     99.94%
   4  KF530088    0.00%    passed     99.94%
   5  KF530076    0.00%    passed     99.94%
   6  KF530091    0.00%    passed     99.94%
   7  KF530094    0.00%    passed     99.94%
   8  KF530079    0.00%    passed     99.94%
   9  KF530067    0.00%    passed     99.94%
  10  KF530095    0.00%    passed     99.94%
  11  KF530096    0.00%    passed     99.94%
  12  KF530082    0.00%    passed     99.89%
  13  KF530089    0.00%    passed     99.89%
  14  JN129834    0.00%    passed    100.00%
  15  JN129835    0.00%    passed    100.00%
  16  KF923890    0.00%    passed    100.00%
  17  KF923907    0.00%    passed    100.00%
  18  KF923911    0.00%    passed    100.00%
  19  KF923914    0.00%    passed    100.00%
  20  KF923912    0.00%    passed    100.00%
  21  KF923909    0.00%    passed    100.00%
  22  KF923901    0.00%    passed    100.00%
  23  KF923919    0.00%    passed    100.00%
  24  KF923910    0.00%    passed    100.00%
  25  KF923892    0.00%    passed    100.00%
  26  KF923920    0.00%    passed    100.00%
  27  KF923913    0.00%    passed    100.00%
  28  KF923915    0.00%    passed    100.00%
  29  KF923891    0.00%    passed    100.00%
  30  KF923894    0.00%    passed    100.00%
  31  KY554974    0.00%    passed    100.00%
  32  KY554975    0.00%    passed    100.00%
  33  KY674920    0.00%    passed    100.00%
  34  KF923916    0.00%    passed    100.00%
  35  KY554972    0.00%    passed    100.00%
  36  KY554973    0.00%    passed    100.00%
  37  KY674918    0.00%    passed    100.00%
  38  KY674917    0.00%    passed    100.00%
  39  KF923923    0.00%    passed    100.00%
  40  KF923918    0.00%    passed    100.00%
  41  KF923925    0.00%    passed    100.00%
  42  KJ958219    0.00%    passed    100.00%
  43  KJ958218    0.00%    passed    100.00%
  44  KF923893    0.00%    passed    100.00%
  45  KF923924    0.00%    passed    100.00%
  46  KX344031    0.00%    passed    100.00%
  47  KF923903    0.00%    passed    100.00%
  48  KX538969    0.00%    passed    100.00%
  49  KX538977    0.00%    passed    100.00%
  50  KX538973    0.00%    passed    100.00%
  51  KX538971    0.00%    passed    100.00%
  52  KX538968    0.00%    passed    100.00%
  53  KX538974    0.00%    passed    100.00%
  54  KX538967    0.00%    passed    100.00%
  55  KX538975    0.00%    passed    100.00%
  56  KF923900    0.00%    passed    100.00%
  57  KF923899    0.00%    passed    100.00%
  58  KF923905    0.00%    passed    100.00%
  59  KF923895    0.00%    passed    100.00%
  60  KF530069    0.00%    passed    100.00%
  61  KF530063    0.00%    passed    100.00%
  62  KF530098    0.00%    passed    100.00%
  63  KF923917    0.00%    passed     99.89%
  64  KF923902    0.00%    passed     99.89%
  65  KF923904    0.00%    passed     99.89%
  66  KX538964    0.00%    passed     99.89%
  67  KX538972    0.00%    passed     99.89%
  68  KX538976    0.00%    passed     99.89%
  69  KX538966    0.00%    passed     99.89%
  70  KX538970    0.00%    passed     99.89%
  71  KX538978    0.00%    passed     99.89%
  72  KX538979    0.00%    passed     99.89%
  73  LC315648    0.00%    passed     99.89%
  74  LC315646    0.00%    passed     99.89%
  75  KY967356    0.00%    passed     99.89%
  76  OK073088    0.00%    passed     99.89%
  77  OL770288    0.00%    passed     99.89%
  78  OL770287    0.00%    passed     99.89%
  79  OL770289    0.00%    passed     99.89%
  80  MG977451    0.00%    passed     99.89%
  81  MG977452    0.00%    passed     99.89%
  82  MF374983    0.00%    passed     99.89%
  83  KF923908    0.00%    passed     99.83%
  84  KF923922    0.00%    passed     99.89%
  85  KF530084    0.00%    passed     99.89%
  86  KF923897    0.00%    passed    100.00%
  87  KF923898    0.00%    passed    100.00%
  88  KF530068    0.00%    passed     99.83%
  89  KF530081    0.00%    passed     99.83%
  90  KF530070    0.00%    passed     99.83%
  91  KF923887    0.00%    passed     99.83%
  92  KF923886    0.00%    passed     99.83%
  93  KF923888    0.00%    passed     98.82%
  94  KF923889    0.00%    passed    100.00%
  95  OK073087    0.00%    passed    100.00%
  96  MW559057    0.00%    passed    100.00%
  97  OK073090    0.00%    passed    100.00%
  98  LC687399    0.00%    passed    100.00%
  99  LC720427    0.00%    passed    100.00%
 100  LC720429    0.00%    passed    100.00%
 101  MN306036    0.00%    passed    100.00%
 102  MN306041    0.00%    passed    100.00%
 103  MT118673    0.00%    passed    100.00%
 104  MT118678    0.00%    passed    100.00%
 105  MW587042    0.00%    passed    100.00%
 106  MT118685    0.00%    passed    100.00%
 107  MN306042    0.00%    passed    100.00%
 108  MT118683    0.00%    passed    100.00%
 109  MN306053    0.00%    passed    100.00%
 110  OM386794    0.00%    passed    100.00%
 111  OM386795    0.00%    passed    100.00%
 112  MN310478    0.00%    passed    100.00%
 113  MW411432    0.00%    passed    100.00%
 114  MW411433    0.00%    passed    100.00%
 115  OM386798    0.00%    passed    100.00%
 116  OM386799    0.00%    passed    100.00%
 117  LC687400    0.00%    passed    100.00%
 118  LC687398    0.00%    passed    100.00%
 119  MT118692    0.00%    passed    100.00%
 120  OK391228    0.00%    passed    100.00%
 121  OK391227    0.00%    passed    100.00%
 122  OK391238    0.00%    passed    100.00%
 123  MH828490    0.00%    passed    100.00%
 124  OK391229    0.00%    passed    100.00%
 125  OK391230    0.00%    passed    100.00%
 126  OM386796    0.00%    passed     99.89%
 127  OM386797    0.00%    passed     99.89%
 128  KY369905    0.00%    passed     99.06%
 129  KY983588    0.00%    passed     99.06%
 130  KY369906    0.00%    passed     99.06%
 131  KY369907    0.00%    passed     99.06%
 132  MW587040    0.00%    passed     99.06%
 133  MH121121    0.00%    passed     99.06%
 134  MT118667    0.00%    passed     99.06%
 135  KY684759    0.00%    passed     99.06%
 136  KY967361    0.00%    passed     99.06%
 137  KY967358    0.00%    passed     99.06%
 138  KY983585    0.00%    passed     99.06%
 139  MF374985    0.00%    passed     99.06%
 140  MF374984    0.00%    passed     99.06%
 141  MW587041    0.00%    passed     99.06%
 142  MN026164    0.00%    passed     99.06%
 143  KY983583    0.00%    passed     96.84%
 144  KY967359    0.00%    passed     99.89%
 145  MN306043    0.00%    passed     99.92%
 146  MW052042    0.00%    passed     99.92%
 147  OK073089    0.00%    passed     99.92%
 148  OK391225    0.00%    passed     99.92%
 149  OK391223    0.00%    passed     99.92%
 150  OK391224    0.00%    passed     99.92%
 151  OK391222    0.00%    passed     99.92%
 152  OK391221    0.00%    passed     99.92%
 153  OK073091    0.00%    passed     99.74%
 154  OK073092    0.00%    passed     99.74%
 155  MN310476    0.00%    passed     99.74%
 156  MT118668    0.00%    passed     99.74%
 157  OK391226    0.00%    passed     99.92%
 158  MW938760    0.00%    passed     99.89%
 159  LC315647    0.00%    passed     99.58%
 160  KX538965    0.00%    passed     99.94%
 161  KF530072    0.00%    passed     99.83%
 162  KF530080    0.00%    passed     99.83%
 163  KF530064    0.00%    passed     99.83%
 164  KF530078    0.00%    passed     99.83%
 165  KF530092    0.00%    passed     99.83%
 166  KY014281    0.00%    passed     99.83%
 167  KF530074    0.00%    passed     99.83%
 168  KF530090    0.00%    passed     99.83%
 169  KF530097    0.00%    passed     99.83%
 170  KF530075    0.00%    passed     99.83%
 171  KF530059    0.00%    passed     99.83%
 172  KF530062    0.00%    passed     99.83%
 173  KP198611    0.00%    passed     99.83%
 174  KP198610    0.00%    passed     99.83%
 175  KY014282    0.00%    passed     99.83%
 176  KY967360    0.00%    passed     99.83%
 177  MN026165    0.00%    passed     99.83%
 178  MF314143    0.00%    passed     99.83%
 179  LC315649    0.00%    passed     99.83%
 180  KU131570    0.00%    passed     99.83%
 181  KF530065    0.00%    passed    100.00%
 182  KF530073    0.00%    passed    100.00%
 183  KF530066    0.00%    passed    100.00%
 184  KF530061    0.00%    passed    100.00%
 185  MT118672    0.00%    passed    100.00%
 186  MT118671    0.00%    passed    100.00%
 187  KF530060    0.00%    passed     98.82%
 188  KF530083    0.00%    passed     98.82%
 189  KF530086    0.00%    passed     98.82%
 190  KF530077    0.00%    passed     98.82%
 191  KF530087    0.00%    passed     98.82%
 192  KF530093    0.00%    passed     99.83%
 193  KF530085    0.00%    passed     96.35%
 194  KF923896    0.00%    passed     98.30%
 195  KF923906    0.00%    passed     98.30%
 196  KF923921    0.00%    passed     98.82%
****  TOTAL       0.00%  0 sequences failed composition chi2 test (p-value<5%; df=3)
NOTE: KF530099 is identical to OK662397 but kept for subsequent analysis
NOTE: KF530089 is identical to KF530082 but kept for subsequent analysis
NOTE: JN129835 is identical to JN129834 but kept for subsequent analysis
NOTE: KF923902 is identical to KF923917 but kept for subsequent analysis
NOTE: KF923898 is identical to KF923897 but kept for subsequent analysis
NOTE: KF530081 is identical to KF530068 but kept for subsequent analysis
NOTE: MW559057 is identical to OK073087 but kept for subsequent analysis
NOTE: LC687399 is identical to OK073090 but kept for subsequent analysis
NOTE: OM386797 is identical to OM386796 but kept for subsequent analysis
NOTE: KY983588 is identical to KY369905 but kept for subsequent analysis
NOTE: MW052042 is identical to MN306043 but kept for subsequent analysis
NOTE: OK073092 is identical to OK073091 but kept for subsequent analysis
NOTE: MT118668 is identical to MN310476 but kept for subsequent analysis
NOTE: KF530080 is identical to KF530072 but kept for subsequent analysis
NOTE: KF530073 is identical to KF530065 but kept for subsequent analysis
NOTE: MT118671 is identical to MT118672 but kept for subsequent analysis
NOTE: KF530083 is identical to KF530060 but kept for subsequent analysis
NOTE: KF923906 is identical to KF923896 but kept for subsequent analysis
Checking for duplicate sequences: done in 0.000343084 secs using 69.37% CPU
Identifying sites to remove: done in 0.000211954 secs using 96.25% CPU
NOTE: 146 identical sequences (see below) will be ignored for subsequent analysis
NOTE: KF530071 (identical to OK662397) is ignored but added at the end
NOTE: KF530088 (identical to OK662397) is ignored but added at the end
NOTE: KF530076 (identical to OK662397) is ignored but added at the end
NOTE: KF530091 (identical to OK662397) is ignored but added at the end
NOTE: KF530094 (identical to OK662397) is ignored but added at the end
NOTE: KF530079 (identical to OK662397) is ignored but added at the end
NOTE: KF530067 (identical to OK662397) is ignored but added at the end
NOTE: KF530095 (identical to OK662397) is ignored but added at the end
NOTE: KF530096 (identical to OK662397) is ignored but added at the end
NOTE: KF923890 (identical to JN129834) is ignored but added at the end
NOTE: KF923907 (identical to JN129834) is ignored but added at the end
NOTE: KF923911 (identical to JN129834) is ignored but added at the end
NOTE: KF923914 (identical to JN129834) is ignored but added at the end
NOTE: KF923912 (identical to JN129834) is ignored but added at the end
NOTE: KF923909 (identical to JN129834) is ignored but added at the end
NOTE: KF923901 (identical to JN129834) is ignored but added at the end
NOTE: KF923919 (identical to JN129834) is ignored but added at the end
NOTE: KF923910 (identical to JN129834) is ignored but added at the end
NOTE: KF923892 (identical to JN129834) is ignored but added at the end
NOTE: KF923920 (identical to JN129834) is ignored but added at the end
NOTE: KF923913 (identical to JN129834) is ignored but added at the end
NOTE: KF923915 (identical to JN129834) is ignored but added at the end
NOTE: KF923891 (identical to JN129834) is ignored but added at the end
NOTE: KF923894 (identical to JN129834) is ignored but added at the end
NOTE: KY554974 (identical to JN129834) is ignored but added at the end
NOTE: KY554975 (identical to JN129834) is ignored but added at the end
NOTE: KY674920 (identical to JN129834) is ignored but added at the end
NOTE: KF923916 (identical to JN129834) is ignored but added at the end
NOTE: KY554972 (identical to JN129834) is ignored but added at the end
NOTE: KY554973 (identical to JN129834) is ignored but added at the end
NOTE: KY674918 (identical to JN129834) is ignored but added at the end
NOTE: KY674917 (identical to JN129834) is ignored but added at the end
NOTE: KF923923 (identical to JN129834) is ignored but added at the end
NOTE: KF923918 (identical to JN129834) is ignored but added at the end
NOTE: KF923925 (identical to JN129834) is ignored but added at the end
NOTE: KJ958219 (identical to JN129834) is ignored but added at the end
NOTE: KJ958218 (identical to JN129834) is ignored but added at the end
NOTE: KF923893 (identical to JN129834) is ignored but added at the end
NOTE: KF923924 (identical to JN129834) is ignored but added at the end
NOTE: KX344031 (identical to JN129834) is ignored but added at the end
NOTE: KF923903 (identical to JN129834) is ignored but added at the end
NOTE: KX538969 (identical to JN129834) is ignored but added at the end
NOTE: KX538977 (identical to JN129834) is ignored but added at the end
NOTE: KX538973 (identical to JN129834) is ignored but added at the end
NOTE: KX538971 (identical to JN129834) is ignored but added at the end
NOTE: KX538968 (identical to JN129834) is ignored but added at the end
NOTE: KX538974 (identical to JN129834) is ignored but added at the end
NOTE: KX538967 (identical to JN129834) is ignored but added at the end
NOTE: KX538975 (identical to JN129834) is ignored but added at the end
NOTE: KF923900 (identical to JN129834) is ignored but added at the end
NOTE: KF923899 (identical to JN129834) is ignored but added at the end
NOTE: KF923905 (identical to JN129834) is ignored but added at the end
NOTE: KF923895 (identical to JN129834) is ignored but added at the end
NOTE: KF530069 (identical to JN129834) is ignored but added at the end
NOTE: KF530063 (identical to JN129834) is ignored but added at the end
NOTE: KF530098 (identical to JN129834) is ignored but added at the end
NOTE: KF923904 (identical to KF923917) is ignored but added at the end
NOTE: KX538964 (identical to KF923917) is ignored but added at the end
NOTE: KX538972 (identical to KF923917) is ignored but added at the end
NOTE: KX538976 (identical to KF923917) is ignored but added at the end
NOTE: KX538966 (identical to KF923917) is ignored but added at the end
NOTE: KX538970 (identical to KF923917) is ignored but added at the end
NOTE: KX538978 (identical to KF923917) is ignored but added at the end
NOTE: KX538979 (identical to KF923917) is ignored but added at the end
NOTE: LC315648 (identical to KF923917) is ignored but added at the end
NOTE: LC315646 (identical to KF923917) is ignored but added at the end
NOTE: KY967356 (identical to KF923917) is ignored but added at the end
NOTE: OK073088 (identical to KF923917) is ignored but added at the end
NOTE: OL770288 (identical to KF923917) is ignored but added at the end
NOTE: OL770287 (identical to KF923917) is ignored but added at the end
NOTE: OL770289 (identical to KF923917) is ignored but added at the end
NOTE: MG977451 (identical to KF923917) is ignored but added at the end
NOTE: MG977452 (identical to KF923917) is ignored but added at the end
NOTE: MF374983 (identical to KF923917) is ignored but added at the end
NOTE: KF530070 (identical to KF530068) is ignored but added at the end
NOTE: KF923887 (identical to KF530068) is ignored but added at the end
NOTE: KF923886 (identical to KF530068) is ignored but added at the end
NOTE: LC720427 (identical to OK073090) is ignored but added at the end
NOTE: LC720429 (identical to OK073090) is ignored but added at the end
NOTE: MN306036 (identical to OK073090) is ignored but added at the end
NOTE: MN306041 (identical to OK073090) is ignored but added at the end
NOTE: MT118673 (identical to OK073090) is ignored but added at the end
NOTE: MT118678 (identical to OK073090) is ignored but added at the end
NOTE: MW587042 (identical to OK073090) is ignored but added at the end
NOTE: MT118685 (identical to OK073090) is ignored but added at the end
NOTE: MN306042 (identical to OK073090) is ignored but added at the end
NOTE: MT118683 (identical to OK073090) is ignored but added at the end
NOTE: MN306053 (identical to OK073090) is ignored but added at the end
NOTE: OM386794 (identical to OK073090) is ignored but added at the end
NOTE: OM386795 (identical to OK073090) is ignored but added at the end
NOTE: MN310478 (identical to OK073090) is ignored but added at the end
NOTE: MW411432 (identical to OK073090) is ignored but added at the end
NOTE: MW411433 (identical to OK073090) is ignored but added at the end
NOTE: OM386798 (identical to OK073090) is ignored but added at the end
NOTE: OM386799 (identical to OK073090) is ignored but added at the end
NOTE: LC687400 (identical to OK073090) is ignored but added at the end
NOTE: LC687398 (identical to OK073090) is ignored but added at the end
NOTE: MT118692 (identical to OK073090) is ignored but added at the end
NOTE: OK391228 (identical to OK073090) is ignored but added at the end
NOTE: OK391227 (identical to OK073090) is ignored but added at the end
NOTE: OK391238 (identical to OK073090) is ignored but added at the end
NOTE: MH828490 (identical to OK073090) is ignored but added at the end
NOTE: OK391229 (identical to OK073090) is ignored but added at the end
NOTE: OK391230 (identical to OK073090) is ignored but added at the end
NOTE: KY369906 (identical to KY369905) is ignored but added at the end
NOTE: KY369907 (identical to KY369905) is ignored but added at the end
NOTE: MW587040 (identical to KY369905) is ignored but added at the end
NOTE: MH121121 (identical to KY369905) is ignored but added at the end
NOTE: MT118667 (identical to KY369905) is ignored but added at the end
NOTE: KY684759 (identical to KY369905) is ignored but added at the end
NOTE: KY967361 (identical to KY369905) is ignored but added at the end
NOTE: KY967358 (identical to KY369905) is ignored but added at the end
NOTE: KY983585 (identical to KY369905) is ignored but added at the end
NOTE: MF374985 (identical to KY369905) is ignored but added at the end
NOTE: MF374984 (identical to KY369905) is ignored but added at the end
NOTE: MW587041 (identical to KY369905) is ignored but added at the end
NOTE: MN026164 (identical to KY369905) is ignored but added at the end
NOTE: OK073089 (identical to MN306043) is ignored but added at the end
NOTE: OK391225 (identical to MN306043) is ignored but added at the end
NOTE: OK391223 (identical to MN306043) is ignored but added at the end
NOTE: OK391224 (identical to MN306043) is ignored but added at the end
NOTE: OK391222 (identical to MN306043) is ignored but added at the end
NOTE: OK391221 (identical to MN306043) is ignored but added at the end
NOTE: KF530064 (identical to KF530072) is ignored but added at the end
NOTE: KF530078 (identical to KF530072) is ignored but added at the end
NOTE: KF530092 (identical to KF530072) is ignored but added at the end
NOTE: KY014281 (identical to KF530072) is ignored but added at the end
NOTE: KF530074 (identical to KF530072) is ignored but added at the end
NOTE: KF530090 (identical to KF530072) is ignored but added at the end
NOTE: KF530097 (identical to KF530072) is ignored but added at the end
NOTE: KF530075 (identical to KF530072) is ignored but added at the end
NOTE: KF530059 (identical to KF530072) is ignored but added at the end
NOTE: KF530062 (identical to KF530072) is ignored but added at the end
NOTE: KP198611 (identical to KF530072) is ignored but added at the end
NOTE: KP198610 (identical to KF530072) is ignored but added at the end
NOTE: KY014282 (identical to KF530072) is ignored but added at the end
NOTE: KY967360 (identical to KF530072) is ignored but added at the end
NOTE: MN026165 (identical to KF530072) is ignored but added at the end
NOTE: MF314143 (identical to KF530072) is ignored but added at the end
NOTE: LC315649 (identical to KF530072) is ignored but added at the end
NOTE: KU131570 (identical to KF530072) is ignored but added at the end
NOTE: KF530066 (identical to KF530065) is ignored but added at the end
NOTE: KF530061 (identical to KF530065) is ignored but added at the end
NOTE: KF530086 (identical to KF530060) is ignored but added at the end
NOTE: KF530077 (identical to KF530060) is ignored but added at the end
NOTE: KF530087 (identical to KF530060) is ignored but added at the end
Alignment was printed to results/aligned_oc43_all_NS2-delim.fasta.uniqueseq.phy

For your convenience alignment with unique sequences printed to results/aligned_oc43_all_NS2-delim.fasta.uniqueseq.phy

Create initial parsimony tree by phylogenetic likelihood library (PLL)... 0.003 seconds

NOTE: 0 MB RAM (0 GB) is required!
Estimate model parameters (epsilon = 0.500)
1. Initial log-likelihood: -1290.845
2. Current log-likelihood: -1180.701
Optimal log-likelihood: -1180.674
Rate parameters:  A-C: 10.21521  A-G: 5.43621  A-T: 4.96424  C-G: 1.24485  C-T: 58.87436  G-T: 1.00000
Base frequencies:  A: 0.297  C: 0.142  G: 0.200  T: 0.361
Parameters optimization took 2 rounds (0.030 sec)
Wrote distance file to... 
Computing ML distances based on estimated model parameters...
Calculating distance matrix: done in 0.00304699 secs using 93.14% CPU
Computing ML distances took 0.003104 sec (of wall-clock time) 0.002875 sec (of CPU time)
Setting up auxiliary I and S matrices: done in 0.000133038 secs using 163.1% CPU
Constructing RapidNJ tree: done in 0.0003438 secs using 177.4% CPU
Computing RapidNJ tree took 0.000584 sec (of wall-clock time) 0.000967 sec (of CPU time)
Log-likelihood of RapidNJ tree: -692.745
--------------------------------------------------------------------
|             INITIALIZING CANDIDATE TREE SET                      |
--------------------------------------------------------------------

Do NNI search on 2 best initial trees
Optimizing NNI: done in 0.00197911 secs using 91.2% CPU
BETTER TREE FOUND at iteration 1: -692.745
Optimizing NNI: done in 0.019912 secs using 100% CPU
Finish initializing candidate tree set (4)
Current best tree score: -692.745 / CPU time: 0.024
Number of iterations: 2
TREE SEARCH COMPLETED AFTER 2 ITERATIONS / Time: 0h:0m:0s

--------------------------------------------------------------------
|                    FINALIZING TREE SEARCH                        |
--------------------------------------------------------------------
Performs final model parameters optimization
Estimate model parameters (epsilon = 0.050)
1. Initial log-likelihood: -692.745
2. Current log-likelihood: -690.671
Optimal log-likelihood: -690.671
Rate parameters:  A-C: 1.69346  A-G: 1.21252  A-T: 1.34284  C-G: 1.25693  C-T: 18.29259  G-T: 1.00000
Base frequencies:  A: 0.297  C: 0.142  G: 0.200  T: 0.361
Parameters optimization took 2 rounds (0.009 sec)
BEST SCORE FOUND : -690.671
Total tree length: 0.113

Total number of iterations: 2
CPU time used for tree search: 0.024 sec (0h:0m:0s)
Wall-clock time used for tree search: 0.024 sec (0h:0m:0s)
Total CPU time used: 0.079 sec (0h:0m:0s)
Total wall-clock time used: 0.102 sec (0h:0m:0s)

Analysis results written to: 
  IQ-TREE report:                results/aligned_oc43_all_NS2-delim.fasta.iqtree
  Maximum-likelihood tree:       results/aligned_oc43_all_NS2-delim.fasta.treefile
  Likelihood distances:          results/aligned_oc43_all_NS2-delim.fasta.mldist
  Screen log file:               results/aligned_oc43_all_NS2-delim.fasta.log

Date and Time: Tue Jan 10 16:25:52 2023
