IQ-TREE multicore version 2.2.0-beta COVID-edition for Mac OS X 64-bit built Mar  3 2022 built Mar  3 2022
Developed by Bui Quang Minh, James Barbetti, Nguyen Lam Tung,
Olga Chernomor, Heiko Schmidt, Dominik Schrempf, Michael Woodhams, Ly Trong Nhan.

Host:    MacBook-Pro-5.local (SSE4.2, 8 GB RAM)
Command: iqtree2 -nt 1 -s results/aligned_oc43_A_E-delim.fasta -m GTR -ninit 2 -n 2 -me 0.05
Seed:    201695 (Using SPRNG - Scalable Parallel Random Number Generator)
Time:    Tue Jan 10 16:32:55 2023
Kernel:  SSE2 - 1 threads (8 CPU cores detected)

HINT: Use -nt option to specify number of threads because your CPU has 8 cores!
HINT: -nt AUTO will automatically determine the best number of threads to use.

Reading alignment file results/aligned_oc43_A_E-delim.fasta ... Fasta format detected
Reading fasta file: done in 0.00218582 secs using 86.24% CPU
Alignment most likely contains DNA/RNA sequences
Constructing alignment: done in 0.000755072 secs using 74.43% CPU
Alignment has 160 sequences with 255 columns, 31 distinct patterns
4 parsimony-informative, 4 singleton sites, 247 constant sites
          Gap/Ambiguity  Composition  p-value
Analyzing sequences: done in 2.90871e-05 secs using 65.32% CPU
   1  KF530071    0.00%    passed     99.81%
   2  KF530088    0.00%    passed     99.81%
   3  KF530076    0.00%    passed     99.81%
   4  KF530091    0.00%    passed     99.81%
   5  KF530082    0.00%    passed     99.81%
   6  KF530094    0.00%    passed     99.81%
   7  KF530089    0.00%    passed     99.81%
   8  KF530079    0.00%    passed     99.81%
   9  KF530067    0.00%    passed     99.81%
  10  KF530095    0.00%    passed     99.81%
  11  KF530096    0.00%    passed     99.81%
  12  JN129834    0.00%    passed    100.00%
  13  JN129835    0.00%    passed    100.00%
  14  KF923890    0.00%    passed    100.00%
  15  KF923907    0.00%    passed    100.00%
  16  KF923911    0.00%    passed    100.00%
  17  KF923914    0.00%    passed    100.00%
  18  KF923912    0.00%    passed    100.00%
  19  KF923909    0.00%    passed    100.00%
  20  KF923901    0.00%    passed    100.00%
  21  KF923919    0.00%    passed    100.00%
  22  KF923910    0.00%    passed    100.00%
  23  KF923892    0.00%    passed    100.00%
  24  KF923920    0.00%    passed    100.00%
  25  KF923913    0.00%    passed    100.00%
  26  KF923915    0.00%    passed    100.00%
  27  KF923891    0.00%    passed    100.00%
  28  KF923894    0.00%    passed    100.00%
  29  KF923917    0.00%    passed    100.00%
  30  KY554974    0.00%    passed    100.00%
  31  KY554975    0.00%    passed    100.00%
  32  KY674920    0.00%    passed    100.00%
  33  KF923916    0.00%    passed    100.00%
  34  KY554972    0.00%    passed    100.00%
  35  KY554973    0.00%    passed    100.00%
  36  KY674918    0.00%    passed    100.00%
  37  KY674917    0.00%    passed    100.00%
  38  KF923921    0.00%    passed    100.00%
  39  KF923908    0.00%    passed    100.00%
  40  KF923923    0.00%    passed    100.00%
  41  KF923918    0.00%    passed    100.00%
  42  KF923922    0.00%    passed    100.00%
  43  KF923925    0.00%    passed    100.00%
  44  KJ958219    0.00%    passed    100.00%
  45  KJ958218    0.00%    passed    100.00%
  46  KF923893    0.00%    passed    100.00%
  47  KF923924    0.00%    passed    100.00%
  48  KF923903    0.00%    passed    100.00%
  49  KX538965    0.00%    passed    100.00%
  50  KX538969    0.00%    passed    100.00%
  51  KX538977    0.00%    passed    100.00%
  52  KX538973    0.00%    passed    100.00%
  53  KX538971    0.00%    passed    100.00%
  54  KX538968    0.00%    passed    100.00%
  55  KX538974    0.00%    passed    100.00%
  56  KX538967    0.00%    passed    100.00%
  57  KX538975    0.00%    passed    100.00%
  58  KF923900    0.00%    passed    100.00%
  59  KF923899    0.00%    passed    100.00%
  60  KF923905    0.00%    passed    100.00%
  61  KF923902    0.00%    passed    100.00%
  62  KF923904    0.00%    passed    100.00%
  63  KX538964    0.00%    passed    100.00%
  64  KX538972    0.00%    passed    100.00%
  65  KX538976    0.00%    passed    100.00%
  66  KX538966    0.00%    passed    100.00%
  67  KX538970    0.00%    passed    100.00%
  68  KX538978    0.00%    passed    100.00%
  69  KX538979    0.00%    passed    100.00%
  70  LC315648    0.00%    passed    100.00%
  71  LC315646    0.00%    passed    100.00%
  72  OK073087    0.00%    passed    100.00%
  73  OK073088    0.00%    passed    100.00%
  74  LC315647    0.00%    passed    100.00%
  75  OL770288    0.00%    passed    100.00%
  76  OL770287    0.00%    passed    100.00%
  77  OL770289    0.00%    passed    100.00%
  78  OK073090    0.00%    passed    100.00%
  79  MG977451    0.00%    passed    100.00%
  80  MG977452    0.00%    passed    100.00%
  81  MF374983    0.00%    passed    100.00%
  82  KY369905    0.00%    passed    100.00%
  83  KY983588    0.00%    passed    100.00%
  84  KY369906    0.00%    passed    100.00%
  85  KY369907    0.00%    passed    100.00%
  86  MW587040    0.00%    passed    100.00%
  87  MH121121    0.00%    passed    100.00%
  88  MT118667    0.00%    passed    100.00%
  89  KY684759    0.00%    passed    100.00%
  90  KY983583    0.00%    passed    100.00%
  91  KY967361    0.00%    passed    100.00%
  92  KY967358    0.00%    passed    100.00%
  93  KY983585    0.00%    passed    100.00%
  94  MF374985    0.00%    passed    100.00%
  95  KY967359    0.00%    passed    100.00%
  96  MF374984    0.00%    passed    100.00%
  97  LC687399    0.00%    passed    100.00%
  98  LC720427    0.00%    passed    100.00%
  99  LC720429    0.00%    passed    100.00%
 100  MN306036    0.00%    passed    100.00%
 101  MN306041    0.00%    passed    100.00%
 102  MT118673    0.00%    passed    100.00%
 103  MT118678    0.00%    passed    100.00%
 104  MW587042    0.00%    passed    100.00%
 105  MT118685    0.00%    passed    100.00%
 106  MT118683    0.00%    passed    100.00%
 107  MN306053    0.00%    passed    100.00%
 108  OM386794    0.00%    passed    100.00%
 109  OM386796    0.00%    passed    100.00%
 110  OM386797    0.00%    passed    100.00%
 111  OM386795    0.00%    passed    100.00%
 112  MN310478    0.39%    passed     99.99%
 113  MW938760    0.00%    passed    100.00%
 114  MW411432    0.00%    passed    100.00%
 115  MW411433    0.00%    passed    100.00%
 116  OM386798    0.00%    passed    100.00%
 117  OM386799    0.00%    passed    100.00%
 118  LC687400    0.00%    passed    100.00%
 119  LC687398    0.00%    passed    100.00%
 120  MT118692    0.00%    passed    100.00%
 121  MN026164    0.00%    passed    100.00%
 122  KF923895    0.00%    passed    100.00%
 123  MW559057    0.00%    passed    100.00%
 124  OK391229   38.43%    passed     95.85%
 125  KF923897    2.35%    passed     99.23%
 126  KF530068    2.35%    passed     99.23%
 127  KF530081    2.35%    passed     99.23%
 128  KF530070    2.35%    passed     99.23%
 129  KF530069    0.00%    passed     99.92%
 130  KF530099    0.00%    passed     99.92%
 131  KF530098    0.00%    passed     99.92%
 132  KF923888    2.35%    passed     99.23%
 133  KF923887    2.35%    passed     99.23%
 134  KF923889    2.35%    passed     99.23%
 135  KF923886    2.35%    passed     99.23%
 136  KF923898    2.35%    passed     99.23%
 137  MN306043    2.35%    passed     99.23%
 138  MW052042    2.35%    passed     99.23%
 139  OK073091    2.35%    passed     99.23%
 140  OK073092    2.35%    passed     99.23%
 141  MN310476    0.00%    passed     99.92%
 142  MT118668    0.00%    passed     99.92%
 143  OK391225    2.35%    passed     99.23%
 144  OK391223    2.35%    passed     99.23%
 145  OK391224    4.71%    passed     99.89%
 146  OK391222    2.35%    passed     99.23%
 147  OK391221    2.35%    passed     99.23%
 148  KF530063    0.39%    passed     99.75%
 149  KX344031    0.00%    passed     99.83%
 150  OK391228    2.35%    passed     99.93%
 151  OK391227    2.35%    passed     99.93%
 152  OK391238    2.35%    passed     99.93%
 153  MH828490    2.35%    passed     99.93%
 154  OK391230    2.35%    passed     99.93%
 155  MN306042    0.39%    passed     99.73%
 156  KY967356    0.00%    passed     99.82%
 157  OK073089    2.35%    passed     98.22%
 158  OK391226    2.35%    passed     99.93%
 159  KF530084    0.00%    passed     99.66%
 160  MW587041   79.61%    passed     66.73%
WARNING: 1 sequences contain more than 50% gaps/ambiguity
****  TOTAL       1.13%  0 sequences failed composition chi2 test (p-value<5%; df=3)
NOTE: KF530088 is identical to KF530071 but kept for subsequent analysis
NOTE: JN129835 is identical to JN129834 but kept for subsequent analysis
NOTE: KF530068 is identical to KF923897 but kept for subsequent analysis
NOTE: KF530099 is identical to KF530069 but kept for subsequent analysis
NOTE: OK391227 is identical to OK391228 but kept for subsequent analysis
Checking for duplicate sequences: done in 0.000372887 secs using 59.27% CPU
Identifying sites to remove: done in 0.00031805 secs using 99.36% CPU
NOTE: 139 identical sequences (see below) will be ignored for subsequent analysis
NOTE: KF530076 (identical to KF530071) is ignored but added at the end
NOTE: KF530091 (identical to KF530071) is ignored but added at the end
NOTE: KF530082 (identical to KF530071) is ignored but added at the end
NOTE: KF530094 (identical to KF530071) is ignored but added at the end
NOTE: KF530089 (identical to KF530071) is ignored but added at the end
NOTE: KF530079 (identical to KF530071) is ignored but added at the end
NOTE: KF530067 (identical to KF530071) is ignored but added at the end
NOTE: KF530095 (identical to KF530071) is ignored but added at the end
NOTE: KF530096 (identical to KF530071) is ignored but added at the end
NOTE: KF923890 (identical to JN129834) is ignored but added at the end
NOTE: KF923907 (identical to JN129834) is ignored but added at the end
NOTE: KF923911 (identical to JN129834) is ignored but added at the end
NOTE: KF923914 (identical to JN129834) is ignored but added at the end
NOTE: KF923912 (identical to JN129834) is ignored but added at the end
NOTE: KF923909 (identical to JN129834) is ignored but added at the end
NOTE: KF923901 (identical to JN129834) is ignored but added at the end
NOTE: KF923919 (identical to JN129834) is ignored but added at the end
NOTE: KF923910 (identical to JN129834) is ignored but added at the end
NOTE: KF923892 (identical to JN129834) is ignored but added at the end
NOTE: KF923920 (identical to JN129834) is ignored but added at the end
NOTE: KF923913 (identical to JN129834) is ignored but added at the end
NOTE: KF923915 (identical to JN129834) is ignored but added at the end
NOTE: KF923891 (identical to JN129834) is ignored but added at the end
NOTE: KF923894 (identical to JN129834) is ignored but added at the end
NOTE: KF923917 (identical to JN129834) is ignored but added at the end
NOTE: KY554974 (identical to JN129834) is ignored but added at the end
NOTE: KY554975 (identical to JN129834) is ignored but added at the end
NOTE: KY674920 (identical to JN129834) is ignored but added at the end
NOTE: KF923916 (identical to JN129834) is ignored but added at the end
NOTE: KY554972 (identical to JN129834) is ignored but added at the end
NOTE: KY554973 (identical to JN129834) is ignored but added at the end
NOTE: KY674918 (identical to JN129834) is ignored but added at the end
NOTE: KY674917 (identical to JN129834) is ignored but added at the end
NOTE: KF923921 (identical to JN129834) is ignored but added at the end
NOTE: KF923908 (identical to JN129834) is ignored but added at the end
NOTE: KF923923 (identical to JN129834) is ignored but added at the end
NOTE: KF923918 (identical to JN129834) is ignored but added at the end
NOTE: KF923922 (identical to JN129834) is ignored but added at the end
NOTE: KF923925 (identical to JN129834) is ignored but added at the end
NOTE: KJ958219 (identical to JN129834) is ignored but added at the end
NOTE: KJ958218 (identical to JN129834) is ignored but added at the end
NOTE: KF923893 (identical to JN129834) is ignored but added at the end
NOTE: KF923924 (identical to JN129834) is ignored but added at the end
NOTE: KF923903 (identical to JN129834) is ignored but added at the end
NOTE: KX538965 (identical to JN129834) is ignored but added at the end
NOTE: KX538969 (identical to JN129834) is ignored but added at the end
NOTE: KX538977 (identical to JN129834) is ignored but added at the end
NOTE: KX538973 (identical to JN129834) is ignored but added at the end
NOTE: KX538971 (identical to JN129834) is ignored but added at the end
NOTE: KX538968 (identical to JN129834) is ignored but added at the end
NOTE: KX538974 (identical to JN129834) is ignored but added at the end
NOTE: KX538967 (identical to JN129834) is ignored but added at the end
NOTE: KX538975 (identical to JN129834) is ignored but added at the end
NOTE: KF923900 (identical to JN129834) is ignored but added at the end
NOTE: KF923899 (identical to JN129834) is ignored but added at the end
NOTE: KF923905 (identical to JN129834) is ignored but added at the end
NOTE: KF923902 (identical to JN129834) is ignored but added at the end
NOTE: KF923904 (identical to JN129834) is ignored but added at the end
NOTE: KX538964 (identical to JN129834) is ignored but added at the end
NOTE: KX538972 (identical to JN129834) is ignored but added at the end
NOTE: KX538976 (identical to JN129834) is ignored but added at the end
NOTE: KX538966 (identical to JN129834) is ignored but added at the end
NOTE: KX538970 (identical to JN129834) is ignored but added at the end
NOTE: KX538978 (identical to JN129834) is ignored but added at the end
NOTE: KX538979 (identical to JN129834) is ignored but added at the end
NOTE: LC315648 (identical to JN129834) is ignored but added at the end
NOTE: LC315646 (identical to JN129834) is ignored but added at the end
NOTE: OK073087 (identical to JN129834) is ignored but added at the end
NOTE: OK073088 (identical to JN129834) is ignored but added at the end
NOTE: LC315647 (identical to JN129834) is ignored but added at the end
NOTE: OL770288 (identical to JN129834) is ignored but added at the end
NOTE: OL770287 (identical to JN129834) is ignored but added at the end
NOTE: OL770289 (identical to JN129834) is ignored but added at the end
NOTE: OK073090 (identical to JN129834) is ignored but added at the end
NOTE: MG977451 (identical to JN129834) is ignored but added at the end
NOTE: MG977452 (identical to JN129834) is ignored but added at the end
NOTE: MF374983 (identical to JN129834) is ignored but added at the end
NOTE: KY369905 (identical to JN129834) is ignored but added at the end
NOTE: KY983588 (identical to JN129834) is ignored but added at the end
NOTE: KY369906 (identical to JN129834) is ignored but added at the end
NOTE: KY369907 (identical to JN129834) is ignored but added at the end
NOTE: MW587040 (identical to JN129834) is ignored but added at the end
NOTE: MH121121 (identical to JN129834) is ignored but added at the end
NOTE: MT118667 (identical to JN129834) is ignored but added at the end
NOTE: KY684759 (identical to JN129834) is ignored but added at the end
NOTE: KY983583 (identical to JN129834) is ignored but added at the end
NOTE: KY967361 (identical to JN129834) is ignored but added at the end
NOTE: KY967358 (identical to JN129834) is ignored but added at the end
NOTE: KY983585 (identical to JN129834) is ignored but added at the end
NOTE: MF374985 (identical to JN129834) is ignored but added at the end
NOTE: KY967359 (identical to JN129834) is ignored but added at the end
NOTE: MF374984 (identical to JN129834) is ignored but added at the end
NOTE: LC687399 (identical to JN129834) is ignored but added at the end
NOTE: LC720427 (identical to JN129834) is ignored but added at the end
NOTE: LC720429 (identical to JN129834) is ignored but added at the end
NOTE: MN306036 (identical to JN129834) is ignored but added at the end
NOTE: MN306041 (identical to JN129834) is ignored but added at the end
NOTE: MT118673 (identical to JN129834) is ignored but added at the end
NOTE: MT118678 (identical to JN129834) is ignored but added at the end
NOTE: MW587042 (identical to JN129834) is ignored but added at the end
NOTE: MT118685 (identical to JN129834) is ignored but added at the end
NOTE: MT118683 (identical to JN129834) is ignored but added at the end
NOTE: MN306053 (identical to JN129834) is ignored but added at the end
NOTE: OM386794 (identical to JN129834) is ignored but added at the end
NOTE: OM386796 (identical to JN129834) is ignored but added at the end
NOTE: OM386797 (identical to JN129834) is ignored but added at the end
NOTE: OM386795 (identical to JN129834) is ignored but added at the end
NOTE: MW938760 (identical to JN129834) is ignored but added at the end
NOTE: MW411432 (identical to JN129834) is ignored but added at the end
NOTE: MW411433 (identical to JN129834) is ignored but added at the end
NOTE: OM386798 (identical to JN129834) is ignored but added at the end
NOTE: OM386799 (identical to JN129834) is ignored but added at the end
NOTE: LC687400 (identical to JN129834) is ignored but added at the end
NOTE: LC687398 (identical to JN129834) is ignored but added at the end
NOTE: MT118692 (identical to JN129834) is ignored but added at the end
NOTE: MN026164 (identical to JN129834) is ignored but added at the end
NOTE: KF923895 (identical to JN129834) is ignored but added at the end
NOTE: MW559057 (identical to JN129834) is ignored but added at the end
NOTE: KF530081 (identical to KF923897) is ignored but added at the end
NOTE: KF530070 (identical to KF923897) is ignored but added at the end
NOTE: KF923888 (identical to KF923897) is ignored but added at the end
NOTE: KF923887 (identical to KF923897) is ignored but added at the end
NOTE: KF923889 (identical to KF923897) is ignored but added at the end
NOTE: KF923886 (identical to KF923897) is ignored but added at the end
NOTE: KF923898 (identical to KF923897) is ignored but added at the end
NOTE: MN306043 (identical to KF923897) is ignored but added at the end
NOTE: MW052042 (identical to KF923897) is ignored but added at the end
NOTE: OK073091 (identical to KF923897) is ignored but added at the end
NOTE: OK073092 (identical to KF923897) is ignored but added at the end
NOTE: OK391225 (identical to KF923897) is ignored but added at the end
NOTE: OK391223 (identical to KF923897) is ignored but added at the end
NOTE: OK391222 (identical to KF923897) is ignored but added at the end
NOTE: OK391221 (identical to KF923897) is ignored but added at the end
NOTE: KF530098 (identical to KF530069) is ignored but added at the end
NOTE: MN310476 (identical to KF530069) is ignored but added at the end
NOTE: MT118668 (identical to KF530069) is ignored but added at the end
NOTE: OK391238 (identical to OK391228) is ignored but added at the end
NOTE: MH828490 (identical to OK391228) is ignored but added at the end
NOTE: OK391230 (identical to OK391228) is ignored but added at the end
Alignment was printed to results/aligned_oc43_A_E-delim.fasta.uniqueseq.phy

For your convenience alignment with unique sequences printed to results/aligned_oc43_A_E-delim.fasta.uniqueseq.phy

Create initial parsimony tree by phylogenetic likelihood library (PLL)... 0.002 seconds

NOTE: 0 MB RAM (0 GB) is required!
Estimate model parameters (epsilon = 0.500)
1. Initial log-likelihood: -459.154
2. Current log-likelihood: -446.242
Optimal log-likelihood: -446.186
Rate parameters:  A-C: 0.00010  A-G: 2.20399  A-T: 0.00010  C-G: 0.00010  C-T: 3.77130  G-T: 1.00000
Base frequencies:  A: 0.243  C: 0.132  G: 0.219  T: 0.405
Parameters optimization took 2 rounds (0.008 sec)
Wrote distance file to... 
Computing ML distances based on estimated model parameters...
Calculating distance matrix: done in 0.00215387 secs using 66.02% CPU
Computing ML distances took 0.002221 sec (of wall-clock time) 0.001465 sec (of CPU time)
Setting up auxiliary I and S matrices: done in 7.70092e-05 secs using 159.7% CPU
Constructing RapidNJ tree: done in 0.000262976 secs using 52.86% CPU
Computing RapidNJ tree took 0.000473 sec (of wall-clock time) 0.000348 sec (of CPU time)
Log-likelihood of RapidNJ tree: -400.662
--------------------------------------------------------------------
|             INITIALIZING CANDIDATE TREE SET                      |
--------------------------------------------------------------------

Do NNI search on 2 best initial trees
Optimizing NNI: done in 0.00138998 secs using 98.71% CPU
BETTER TREE FOUND at iteration 1: -400.659
Optimizing NNI: done in 0.00141621 secs using 99.99% CPU
Finish initializing candidate tree set (4)
Current best tree score: -400.659 / CPU time: 0.004
Number of iterations: 2
TREE SEARCH COMPLETED AFTER 2 ITERATIONS / Time: 0h:0m:0s

--------------------------------------------------------------------
|                    FINALIZING TREE SEARCH                        |
--------------------------------------------------------------------
Performs final model parameters optimization
Estimate model parameters (epsilon = 0.050)
1. Initial log-likelihood: -400.659
2. Current log-likelihood: -399.964
3. Current log-likelihood: -399.716
4. Current log-likelihood: -399.654
Optimal log-likelihood: -399.639
Rate parameters:  A-C: 0.00010  A-G: 1.26190  A-T: 0.00010  C-G: 0.00010  C-T: 1.35796  G-T: 1.00000
Base frequencies:  A: 0.243  C: 0.132  G: 0.219  T: 0.405
Parameters optimization took 4 rounds (0.004 sec)
BEST SCORE FOUND : -399.639
Total tree length: 0.054

Total number of iterations: 2
CPU time used for tree search: 0.004 sec (0h:0m:0s)
Wall-clock time used for tree search: 0.004 sec (0h:0m:0s)
Total CPU time used: 0.025 sec (0h:0m:0s)
Total wall-clock time used: 0.045 sec (0h:0m:0s)

Analysis results written to: 
  IQ-TREE report:                results/aligned_oc43_A_E-delim.fasta.iqtree
  Maximum-likelihood tree:       results/aligned_oc43_A_E-delim.fasta.treefile
  Likelihood distances:          results/aligned_oc43_A_E-delim.fasta.mldist
  Screen log file:               results/aligned_oc43_A_E-delim.fasta.log

Date and Time: Tue Jan 10 16:32:55 2023
