IQ-TREE multicore version 2.2.0-beta COVID-edition for Mac OS X 64-bit built Mar  3 2022 built Mar  3 2022
Developed by Bui Quang Minh, James Barbetti, Nguyen Lam Tung,
Olga Chernomor, Heiko Schmidt, Dominik Schrempf, Michael Woodhams, Ly Trong Nhan.

Host:    MacBook-Pro-5.local (SSE4.2, 8 GB RAM)
Command: iqtree2 -nt 1 -s results/aligned_oc43_all_S2-delim.fasta -m GTR -ninit 2 -n 2 -me 0.05
Seed:    416018 (Using SPRNG - Scalable Parallel Random Number Generator)
Time:    Tue Jan 10 16:25:58 2023
Kernel:  SSE2 - 1 threads (8 CPU cores detected)

HINT: Use -nt option to specify number of threads because your CPU has 8 cores!
HINT: -nt AUTO will automatically determine the best number of threads to use.

Reading alignment file results/aligned_oc43_all_S2-delim.fasta ... Fasta format detected
Reading fasta file: done in 0.00792503 secs using 95.37% CPU
Alignment most likely contains DNA/RNA sequences
Constructing alignment: done in 0.00258803 secs using 84.2% CPU
Alignment has 196 sequences with 1788 columns, 227 distinct patterns
98 parsimony-informative, 96 singleton sites, 1594 constant sites
          Gap/Ambiguity  Composition  p-value
Analyzing sequences: done in 6.98566e-05 secs using 88.75% CPU
   1  OK662397    0.00%    passed     99.70%
   2  JN129834    0.00%    passed     99.92%
   3  KF923899    0.00%    passed     99.76%
   4  KF923890    0.00%    passed     99.98%
   5  KF923911    0.00%    passed     99.98%
   6  KF923909    0.00%    passed     99.98%
   7  KF923901    0.00%    passed     99.98%
   8  KF923919    0.00%    passed     99.98%
   9  KF923910    0.00%    passed     99.98%
  10  KF923892    0.00%    passed     99.98%
  11  KF923920    0.00%    passed     99.98%
  12  KF923913    0.00%    passed     99.98%
  13  KF923915    0.00%    passed     99.98%
  14  KF923891    0.00%    passed     99.98%
  15  KF923917    0.00%    passed     99.98%
  16  KF923923    0.00%    passed     99.98%
  17  KF923918    0.00%    passed     99.98%
  18  KF923922    0.00%    passed     99.98%
  19  KF923893    0.00%    passed     99.98%
  20  KF923895    0.00%    passed     99.98%
  21  KF923914    0.00%    passed     99.99%
  22  KF923894    0.00%    passed     99.92%
  23  KF923921    0.00%    passed    100.00%
  24  KJ958218    0.00%    passed     99.99%
  25  KY554974    0.00%    passed     99.99%
  26  KY554975    0.00%    passed     99.99%
  27  KY674920    0.00%    passed     99.96%
  28  KF923904    0.00%    passed     99.99%
  29  KX538964    0.00%    passed     99.99%
  30  KX538972    0.00%    passed     99.99%
  31  KX538970    0.00%    passed     99.99%
  32  KX538978    0.00%    passed     99.99%
  33  OK073087    0.00%    passed     99.99%
  34  KX538979    0.00%    passed     99.98%
  35  KY967356    0.00%    passed     99.98%
  36  KY369905    0.00%    passed     99.98%
  37  KY983588    0.00%    passed     99.98%
  38  KY369906    0.00%    passed     99.98%
  39  KY369907    0.00%    passed     99.98%
  40  MW587040    0.00%    passed     99.98%
  41  MH121121    0.00%    passed     99.98%
  42  KY983583    0.00%    passed     99.98%
  43  KY967361    0.00%    passed     99.98%
  44  KY983585    0.00%    passed     99.98%
  45  MF374985    0.00%    passed     99.98%
  46  KY967359    0.00%    passed     99.98%
  47  MF374984    0.00%    passed     99.98%
  48  MT118667    0.00%    passed    100.00%
  49  KY684759    0.00%    passed     99.99%
  50  KY967358    0.00%    passed     99.99%
  51  MN026164    0.00%    passed    100.00%
  52  KX538976    0.00%    passed     99.92%
  53  KF923902    0.00%    passed     99.99%
  54  KX538966    0.00%    passed     99.94%
  55  OK073088    0.00%    passed     99.94%
  56  MG977451    0.00%    passed     99.87%
  57  MG977452    0.00%    passed     99.87%
  58  MF374983    0.00%    passed     99.94%
  59  MH828490    0.00%    passed     99.94%
  60  OK391229   21.31%    passed     99.74%
  61  KF923907    0.00%    passed     99.93%
  62  KY554972    0.00%    passed     99.96%
  63  KY554973    0.00%    passed     99.96%
  64  KY674918    0.00%    passed     99.96%
  65  KY674917    0.00%    passed     99.96%
  66  KJ958219    0.00%    passed     99.94%
  67  KF923912    0.00%    passed     99.95%
  68  KF923908    0.00%    passed     99.95%
  69  LC315647    0.00%    passed     99.87%
  70  OL770288    0.00%    passed     99.83%
  71  OL770287    0.00%    passed     99.62%
  72  KX344031    0.00%    passed     99.80%
  73  KF923903    0.00%    passed     98.82%
  74  KX538965    0.00%    passed     99.48%
  75  KX538969    0.00%    passed     99.48%
  76  KX538977    0.00%    passed     99.48%
  77  KX538973    0.00%    passed     99.48%
  78  KX538971    0.00%    passed     99.48%
  79  KX538968    0.00%    passed     99.48%
  80  KX538974    0.00%    passed     99.48%
  81  KX538975    0.00%    passed     98.80%
  82  KF923897    0.00%    passed     99.09%
  83  KX538967    0.00%    passed     99.26%
  84  KF923900    0.00%    passed     99.28%
  85  MW587041    2.80%    passed     99.10%
  86  KF923925    0.00%    passed     99.51%
  87  LC315648    0.00%    passed     99.84%
  88  LC315646    0.00%    passed     99.81%
  89  JN129835    0.00%    passed     99.58%
  90  KF923905    0.00%    passed     99.84%
  91  OK073090    0.00%    passed     99.73%
  92  MN306036    0.00%    passed     99.87%
  93  MN306041    0.00%    passed     99.87%
  94  MW587042    0.00%    passed     99.87%
  95  MT118685    0.00%    passed     99.87%
  96  MN306042    0.00%    passed     99.87%
  97  MN306053    0.00%    passed     99.87%
  98  MN310478    0.00%    passed     99.87%
  99  MW938760    0.00%    passed     99.87%
 100  MT118692    0.00%    passed     99.87%
 101  OK391227    0.00%    passed     99.87%
 102  OK391238    0.00%    passed     99.87%
 103  MT118673    0.00%    passed     99.92%
 104  MT118683    0.00%    passed     99.73%
 105  LC687400    0.00%    passed     99.68%
 106  LC687398    0.00%    passed     99.68%
 107  OK391230    3.52%    passed     99.78%
 108  OM386794    0.00%    passed     99.85%
 109  OM386796    0.00%    passed     99.73%
 110  OM386797    0.00%    passed     99.73%
 111  MW411432    0.00%    passed     99.73%
 112  MW411433    0.00%    passed     99.87%
 113  OK391228    1.01%    passed     99.68%
 114  MT118678    0.00%    passed     99.98%
 115  OM386795    0.00%    passed     99.02%
 116  LC687399    0.00%    passed     99.99%
 117  LC720427    0.00%    passed     99.99%
 118  LC720429    0.00%    passed     99.99%
 119  OM386798    0.00%    passed     99.96%
 120  OM386799    0.00%    passed     99.96%
 121  KF923916    0.00%    passed     98.52%
 122  MW559057    0.00%    passed     99.94%
 123  KF923924    0.00%    passed     99.93%
 124  KF530068    0.00%    passed     99.98%
 125  KF530081    0.00%    passed     99.96%
 126  KF530084    0.00%    passed     99.96%
 127  KF530070    0.00%    passed     99.85%
 128  KF530095    0.00%    passed     99.99%
 129  KF530096    0.00%    passed     99.99%
 130  KF530067    0.00%    passed     99.99%
 131  KF530063    0.00%    passed     99.98%
 132  KF530098    0.00%    passed     99.87%
 133  KF530071    0.00%    passed     99.95%
 134  KF530091    0.00%    passed     99.99%
 135  KF530088    0.00%    passed     99.99%
 136  KF530082    0.00%    passed     99.61%
 137  KF530094    0.00%    passed     99.61%
 138  KF530079    0.00%    passed     99.85%
 139  KF530089    0.00%    passed     99.52%
 140  KF530069    0.00%    passed     99.92%
 141  KF530099    0.00%    passed     99.96%
 142  KF530076    0.00%    passed     99.96%
 143  OL770289    6.49%    passed     99.74%
 144  KF923888    0.00%    passed     98.99%
 145  KF923887    0.00%    passed     98.47%
 146  KF923886    0.00%    passed     99.18%
 147  OK073089    0.00%    passed     98.91%
 148  OK073091    0.00%    passed     99.57%
 149  OK073092    0.00%    passed     99.57%
 150  MN310476    0.00%    passed     98.70%
 151  MT118668    0.00%    passed     98.29%
 152  MN306043    0.00%    passed     99.56%
 153  MW052042    0.00%    passed     99.22%
 154  OK391225    0.00%    passed     99.51%
 155  OK391224    0.17%    passed     99.31%
 156  OK391222    0.00%    passed     99.43%
 157  OK391223    0.00%    passed     99.73%
 158  OK391221    0.00%    passed     99.58%
 159  OK391226    0.00%    passed     99.18%
 160  KF923898    0.00%    passed     98.93%
 161  KF923889    0.00%    passed     99.08%
 162  KF923896    0.00%    passed     98.53%
 163  KF923906    0.00%    passed     99.16%
 164  KP198611    0.00%    passed     98.97%
 165  KY014282    0.00%    passed     98.61%
 166  MF314143    0.00%    passed     98.04%
 167  KY967360    0.00%    passed     96.33%
 168  MN026165    0.00%    passed     98.08%
 169  KU131570    0.00%    passed     99.33%
 170  MT118672    0.00%    passed     99.35%
 171  MT118671    0.00%    passed     99.35%
 172  LC315649    0.00%    passed     99.16%
 173  KF530072    0.00%    passed     99.31%
 174  KF530092    0.00%    passed     99.31%
 175  KF530064    0.00%    passed     99.33%
 176  KF530078    0.00%    passed     99.67%
 177  KY014281    0.00%    passed     99.31%
 178  KF530080    0.00%    passed     99.18%
 179  KF530065    0.00%    passed     99.22%
 180  KF530061    0.00%    passed     99.22%
 181  KF530093    0.00%    passed     99.22%
 182  KF530066    0.00%    passed     99.33%
 183  KF530075    0.00%    passed     99.22%
 184  KF530059    0.00%    passed     99.22%
 185  KF530073    0.00%    passed     99.57%
 186  KF530087    0.00%    passed     99.04%
 187  KF530085    0.00%    passed     99.31%
 188  KF530062    0.00%    passed     99.23%
 189  KF530060    0.00%    passed     99.57%
 190  KF530083    0.00%    passed     99.57%
 191  KF530086    0.00%    passed     99.57%
 192  KF530077    0.00%    passed     99.57%
 193  KF530074    0.00%    passed     99.43%
 194  KF530090    0.00%    passed     99.43%
 195  KF530097    0.00%    passed     99.43%
 196  KP198610    0.00%    passed     99.66%
****  TOTAL       0.18%  0 sequences failed composition chi2 test (p-value<5%; df=3)
NOTE: KF923911 is identical to KF923890 but kept for subsequent analysis
NOTE: KY554975 is identical to KY554974 but kept for subsequent analysis
NOTE: KX538964 is identical to KF923904 but kept for subsequent analysis
NOTE: KY983588 is identical to KY369905 but kept for subsequent analysis
NOTE: MG977452 is identical to MG977451 but kept for subsequent analysis
NOTE: MH828490 is identical to MF374983 but kept for subsequent analysis
NOTE: KY554973 is identical to KY554972 but kept for subsequent analysis
NOTE: KX538969 is identical to KX538965 but kept for subsequent analysis
NOTE: MN306041 is identical to MN306036 but kept for subsequent analysis
NOTE: OM386797 is identical to OM386796 but kept for subsequent analysis
NOTE: LC720427 is identical to LC687399 but kept for subsequent analysis
NOTE: OM386799 is identical to OM386798 but kept for subsequent analysis
NOTE: KF530084 is identical to KF530081 but kept for subsequent analysis
NOTE: KF530096 is identical to KF530095 but kept for subsequent analysis
NOTE: KF530094 is identical to KF530082 but kept for subsequent analysis
NOTE: KF530076 is identical to KF530099 but kept for subsequent analysis
NOTE: OK073092 is identical to OK073091 but kept for subsequent analysis
NOTE: MT118671 is identical to MT118672 but kept for subsequent analysis
NOTE: KF530092 is identical to KF530072 but kept for subsequent analysis
NOTE: KF530061 is identical to KF530065 but kept for subsequent analysis
NOTE: KF530059 is identical to KF530075 but kept for subsequent analysis
NOTE: KF530083 is identical to KF530060 but kept for subsequent analysis
NOTE: KF530090 is identical to KF530074 but kept for subsequent analysis
Checking for duplicate sequences: done in 0.000529051 secs using 74.85% CPU
Identifying sites to remove: done in 0.00204802 secs using 97.8% CPU
NOTE: 50 identical sequences (see below) will be ignored for subsequent analysis
NOTE: KF923909 (identical to KF923890) is ignored but added at the end
NOTE: KF923901 (identical to KF923890) is ignored but added at the end
NOTE: KF923919 (identical to KF923890) is ignored but added at the end
NOTE: KF923910 (identical to KF923890) is ignored but added at the end
NOTE: KF923892 (identical to KF923890) is ignored but added at the end
NOTE: KF923920 (identical to KF923890) is ignored but added at the end
NOTE: KF923913 (identical to KF923890) is ignored but added at the end
NOTE: KF923915 (identical to KF923890) is ignored but added at the end
NOTE: KF923891 (identical to KF923890) is ignored but added at the end
NOTE: KF923917 (identical to KF923890) is ignored but added at the end
NOTE: KF923923 (identical to KF923890) is ignored but added at the end
NOTE: KF923918 (identical to KF923890) is ignored but added at the end
NOTE: KF923922 (identical to KF923890) is ignored but added at the end
NOTE: KF923893 (identical to KF923890) is ignored but added at the end
NOTE: KF923895 (identical to KF923890) is ignored but added at the end
NOTE: KX538972 (identical to KF923904) is ignored but added at the end
NOTE: KX538970 (identical to KF923904) is ignored but added at the end
NOTE: KX538978 (identical to KF923904) is ignored but added at the end
NOTE: OK073087 (identical to KF923904) is ignored but added at the end
NOTE: KY369906 (identical to KY369905) is ignored but added at the end
NOTE: KY369907 (identical to KY369905) is ignored but added at the end
NOTE: MW587040 (identical to KY369905) is ignored but added at the end
NOTE: MH121121 (identical to KY369905) is ignored but added at the end
NOTE: KY983583 (identical to KY369905) is ignored but added at the end
NOTE: KY967361 (identical to KY369905) is ignored but added at the end
NOTE: KY983585 (identical to KY369905) is ignored but added at the end
NOTE: MF374985 (identical to KY369905) is ignored but added at the end
NOTE: KY967359 (identical to KY369905) is ignored but added at the end
NOTE: MF374984 (identical to KY369905) is ignored but added at the end
NOTE: KY674918 (identical to KY554972) is ignored but added at the end
NOTE: KY674917 (identical to KY554972) is ignored but added at the end
NOTE: KX538977 (identical to KX538965) is ignored but added at the end
NOTE: KX538973 (identical to KX538965) is ignored but added at the end
NOTE: KX538971 (identical to KX538965) is ignored but added at the end
NOTE: KX538968 (identical to KX538965) is ignored but added at the end
NOTE: KX538974 (identical to KX538965) is ignored but added at the end
NOTE: MW587042 (identical to MN306036) is ignored but added at the end
NOTE: MT118685 (identical to MN306036) is ignored but added at the end
NOTE: MN306042 (identical to MN306036) is ignored but added at the end
NOTE: MN306053 (identical to MN306036) is ignored but added at the end
NOTE: MN310478 (identical to MN306036) is ignored but added at the end
NOTE: MW938760 (identical to MN306036) is ignored but added at the end
NOTE: MT118692 (identical to MN306036) is ignored but added at the end
NOTE: OK391227 (identical to MN306036) is ignored but added at the end
NOTE: OK391238 (identical to MN306036) is ignored but added at the end
NOTE: LC720429 (identical to LC687399) is ignored but added at the end
NOTE: KF530093 (identical to KF530065) is ignored but added at the end
NOTE: KF530086 (identical to KF530060) is ignored but added at the end
NOTE: KF530077 (identical to KF530060) is ignored but added at the end
NOTE: KF530097 (identical to KF530074) is ignored but added at the end
Alignment was printed to results/aligned_oc43_all_S2-delim.fasta.uniqueseq.phy

For your convenience alignment with unique sequences printed to results/aligned_oc43_all_S2-delim.fasta.uniqueseq.phy

Create initial parsimony tree by phylogenetic likelihood library (PLL)... 0.001 seconds

NOTE: 1 MB RAM (0 GB) is required!
Estimate model parameters (epsilon = 0.500)
1. Initial log-likelihood: -15304.471
2. Current log-likelihood: -14105.979
3. Current log-likelihood: -14041.022
4. Current log-likelihood: -14039.098
Optimal log-likelihood: -14039.098
Rate parameters:  A-C: 0.49821  A-G: 1.51796  A-T: 0.20071  C-G: 0.91207  C-T: 6.11136  G-T: 1.00000
Base frequencies:  A: 0.294  C: 0.162  G: 0.203  T: 0.341
Parameters optimization took 4 rounds (0.181 sec)
Wrote distance file to... 
Computing ML distances based on estimated model parameters...
Calculating distance matrix: done in 0.025809 secs using 99.84% CPU
Computing ML distances took 0.026057 sec (of wall-clock time) 0.025915 sec (of CPU time)
Setting up auxiliary I and S matrices: done in 0.000751019 secs using 155.3% CPU
Constructing RapidNJ tree: done in 0.00171614 secs using 185.5% CPU
Computing RapidNJ tree took 0.002598 sec (of wall-clock time) 0.004528 sec (of CPU time)
Log-likelihood of RapidNJ tree: -4618.102
--------------------------------------------------------------------
|             INITIALIZING CANDIDATE TREE SET                      |
--------------------------------------------------------------------

Do NNI search on 2 best initial trees
Optimizing NNI: done in 0.0516639 secs using 99.82% CPU
Estimate model parameters (epsilon = 0.500)
BETTER TREE FOUND at iteration 1: -4568.580
Optimizing NNI: done in 0.445813 secs using 82.11% CPU
Finish initializing candidate tree set (4)
Current best tree score: -4568.580 / CPU time: 0.564
Number of iterations: 2
TREE SEARCH COMPLETED AFTER 2 ITERATIONS / Time: 0h:0m:0s

--------------------------------------------------------------------
|                    FINALIZING TREE SEARCH                        |
--------------------------------------------------------------------
Performs final model parameters optimization
Estimate model parameters (epsilon = 0.050)
1. Initial log-likelihood: -4568.580
Optimal log-likelihood: -4568.580
Rate parameters:  A-C: 0.60104  A-G: 1.55099  A-T: 0.54992  C-G: 0.33102  C-T: 6.12873  G-T: 1.00000
Base frequencies:  A: 0.294  C: 0.162  G: 0.203  T: 0.341
Parameters optimization took 1 rounds (0.010 sec)
BEST SCORE FOUND : -4568.580
Total tree length: 0.152

Total number of iterations: 2
CPU time used for tree search: 0.482 sec (0h:0m:0s)
Wall-clock time used for tree search: 0.565 sec (0h:0m:0s)
Total CPU time used: 0.734 sec (0h:0m:0s)
Total wall-clock time used: 0.821 sec (0h:0m:0s)

Analysis results written to: 
  IQ-TREE report:                results/aligned_oc43_all_S2-delim.fasta.iqtree
  Maximum-likelihood tree:       results/aligned_oc43_all_S2-delim.fasta.treefile
  Likelihood distances:          results/aligned_oc43_all_S2-delim.fasta.mldist
  Screen log file:               results/aligned_oc43_all_S2-delim.fasta.log

Date and Time: Tue Jan 10 16:25:59 2023
