IQ-TREE multicore version 2.2.0-beta COVID-edition for Mac OS X 64-bit built Mar  3 2022 built Mar  3 2022
Developed by Bui Quang Minh, James Barbetti, Nguyen Lam Tung,
Olga Chernomor, Heiko Schmidt, Dominik Schrempf, Michael Woodhams, Ly Trong Nhan.

Host:    MacBook-Pro-5.local (SSE4.2, 8 GB RAM)
Command: iqtree2 -nt 1 -s results/aligned_oc43_A_M-delim.fasta -m GTR -ninit 2 -n 2 -me 0.05
Seed:    167551 (Using SPRNG - Scalable Parallel Random Number Generator)
Time:    Tue Jan 10 16:25:56 2023
Kernel:  SSE2 - 1 threads (8 CPU cores detected)

HINT: Use -nt option to specify number of threads because your CPU has 8 cores!
HINT: -nt AUTO will automatically determine the best number of threads to use.

Reading alignment file results/aligned_oc43_A_M-delim.fasta ... Fasta format detected
Reading fasta file: done in 0.00527811 secs using 90.7% CPU
Alignment most likely contains DNA/RNA sequences
Constructing alignment: done in 0.000849009 secs using 82.57% CPU
Alignment has 160 sequences with 693 columns, 74 distinct patterns
26 parsimony-informative, 27 singleton sites, 640 constant sites
          Gap/Ambiguity  Composition  p-value
Analyzing sequences: done in 2.5034e-05 secs using 87.88% CPU
   1  KF530071    0.00%    passed     99.69%
   2  KF530091    0.00%    passed     99.69%
   3  KF530088    0.00%    passed     99.01%
   4  KF530076    0.00%    passed     99.01%
   5  KF530094    0.00%    passed     99.01%
   6  KF530089    0.00%    passed     99.01%
   7  KF530079    0.00%    passed     99.01%
   8  KF530082    0.00%    passed     99.05%
   9  KF530067    0.00%    passed     97.71%
  10  KF530095    0.00%    passed     99.69%
  11  KF530096    0.00%    passed     99.69%
  12  JN129834    0.00%    passed     99.95%
  13  JN129835    0.00%    passed     99.95%
  14  KF923900    0.00%    passed     99.95%
  15  KF923905    0.00%    passed     99.95%
  16  KF923899    0.00%    passed     99.73%
  17  KF530068    0.00%    passed     99.95%
  18  KF530081    0.00%    passed     99.95%
  19  KF530070    0.00%    passed     99.95%
  20  KF923887    0.00%    passed     99.95%
  21  KF923889    0.00%    passed     99.95%
  22  KF530069    0.00%    passed     99.94%
  23  KF530063    0.00%    passed     99.94%
  24  KF530099    0.00%    passed     99.94%
  25  KF530084    0.00%    passed     99.79%
  26  KF530098    0.00%    passed     99.94%
  27  KF923888    0.00%    passed     99.80%
  28  KF923886    0.00%    passed     99.94%
  29  KF923898    0.00%    passed     99.79%
  30  MN306043    0.00%    passed     99.94%
  31  MW052042    0.00%    passed     99.94%
  32  OK073091    0.00%    passed     99.95%
  33  OK073092    0.00%    passed     99.95%
  34  OK391226    0.00%    passed     99.95%
  35  OK391225    0.00%    passed     99.95%
  36  OK391224    0.00%    passed     99.95%
  37  OK391222    0.00%    passed     99.95%
  38  OK391221    0.00%    passed     99.95%
  39  OK391223    0.00%    passed     99.80%
  40  OK073089    0.00%    passed     99.68%
  41  KF923890    0.00%    passed     99.97%
  42  KF923907    0.00%    passed     99.97%
  43  KF923911    0.00%    passed     99.97%
  44  KF923914    0.00%    passed     99.97%
  45  KF923909    0.00%    passed     99.97%
  46  KF923919    0.00%    passed     99.97%
  47  KF923910    0.00%    passed     99.97%
  48  KF923892    0.00%    passed     99.97%
  49  KF923920    0.00%    passed     99.97%
  50  KF923894    0.00%    passed     99.97%
  51  KY554974    0.00%    passed     99.97%
  52  KY554975    0.00%    passed     99.97%
  53  KY674920    0.00%    passed     99.97%
  54  KF923916    0.00%    passed     99.97%
  55  KY554972    0.00%    passed     99.97%
  56  KY554973    0.00%    passed     99.97%
  57  KY674918    0.00%    passed     99.97%
  58  KY674917    0.00%    passed     99.97%
  59  KF923921    0.00%    passed     99.97%
  60  KF923908    0.00%    passed     99.97%
  61  KF923923    0.00%    passed     99.97%
  62  KX344031    0.00%    passed     99.97%
  63  MW587041    8.51%    passed     96.10%
  64  KF923903    0.00%    passed     99.99%
  65  KX538965    0.00%    passed     99.99%
  66  KX538973    0.00%    passed     99.99%
  67  KX538971    0.00%    passed     99.99%
  68  KX538968    0.00%    passed     99.99%
  69  KX538974    0.00%    passed     99.99%
  70  KX538967    0.00%    passed     99.99%
  71  KX538975    0.00%    passed     99.99%
  72  KF923902    0.00%    passed     99.99%
  73  KX538964    0.00%    passed     99.99%
  74  KX538972    0.00%    passed     99.99%
  75  KX538976    0.00%    passed     99.99%
  76  KX538966    0.00%    passed     99.99%
  77  KX538970    0.00%    passed     99.99%
  78  KX538978    0.00%    passed     99.99%
  79  LC315646    0.00%    passed     99.99%
  80  OK073087    0.00%    passed     99.99%
  81  KY967356    0.00%    passed     99.99%
  82  OK073088    0.00%    passed     99.99%
  83  LC315647    0.00%    passed     99.99%
  84  OL770288    0.00%    passed     99.99%
  85  OL770287    0.00%    passed     99.99%
  86  OL770289    0.00%    passed     99.99%
  87  OK073090    0.00%    passed     99.99%
  88  MG977451    0.00%    passed     99.99%
  89  MG977452    0.00%    passed     99.99%
  90  KY983588    0.00%    passed     99.99%
  91  KY369906    0.00%    passed     99.99%
  92  MW587040    0.00%    passed     99.99%
  93  MH121121    0.00%    passed     99.99%
  94  KY684759    0.00%    passed     99.99%
  95  KY983583    0.00%    passed     99.99%
  96  KY967361    0.00%    passed     99.99%
  97  KY967358    0.00%    passed     99.99%
  98  KY983585    0.00%    passed     99.99%
  99  MF374985    0.00%    passed     99.99%
 100  KY967359    0.00%    passed     99.99%
 101  MF374984    0.00%    passed     99.99%
 102  LC687399    0.00%    passed     99.99%
 103  LC720427    0.00%    passed     99.99%
 104  LC720429    0.00%    passed     99.99%
 105  MN306036    0.00%    passed     99.99%
 106  MN306041    0.00%    passed     99.99%
 107  MT118673    0.00%    passed     99.99%
 108  MT118678    0.00%    passed     99.99%
 109  MW587042    0.00%    passed     99.99%
 110  MT118685    0.00%    passed     99.99%
 111  MN306042    0.00%    passed     99.99%
 112  MT118683    0.00%    passed     99.99%
 113  MN306053    0.00%    passed     99.99%
 114  OM386796    0.00%    passed     99.99%
 115  OM386797    0.00%    passed     99.99%
 116  OM386795    0.00%    passed     99.99%
 117  MN310478    9.38%    passed     94.47%
 118  MW938760    0.00%    passed     99.99%
 119  LC687400    0.00%    passed     99.99%
 120  LC687398    0.00%    passed     99.99%
 121  OK391227    0.00%    passed     99.99%
 122  OK391238    0.00%    passed     99.99%
 123  MN026164    0.00%    passed     99.99%
 124  MH828490    0.00%    passed     99.99%
 125  MF374983    0.00%    passed     99.97%
 126  OK391229   18.04%    passed     95.54%
 127  KY369907    0.00%    passed    100.00%
 128  OK391230    0.00%    passed     99.98%
 129  MW411432    0.00%    passed    100.00%
 130  MW411433    0.00%    passed    100.00%
 131  OK391228    0.00%    passed    100.00%
 132  MT118692    0.00%    passed     99.88%
 133  KX538969    0.00%    passed     99.96%
 134  KX538977    0.00%    passed     99.96%
 135  KF923904    0.00%    passed     99.96%
 136  KY369905    0.00%    passed     99.96%
 137  MT118667    0.00%    passed     99.91%
 138  OM386794    0.00%    passed     99.96%
 139  OM386798    0.00%    passed     99.98%
 140  OM386799    0.00%    passed     99.98%
 141  LC315648    0.00%    passed     99.99%
 142  KF923913    0.00%    passed    100.00%
 143  KF923915    0.00%    passed    100.00%
 144  KF923891    0.00%    passed     99.72%
 145  KF923922    0.00%    passed    100.00%
 146  KF923925    0.00%    passed    100.00%
 147  KJ958218    0.00%    passed    100.00%
 148  MN310476    0.00%    passed     99.72%
 149  MT118668    0.00%    passed     99.72%
 150  KF923918    0.00%    passed     99.94%
 151  KF923924    0.00%    passed     99.94%
 152  KF923895    0.00%    passed     99.94%
 153  KJ958219    0.00%    passed     99.98%
 154  KX538979    0.00%    passed     99.92%
 155  KF923912    0.00%    passed     99.89%
 156  KF923917    0.00%    passed     99.74%
 157  MW559057    0.00%    passed     99.96%
 158  KF923893    0.00%    passed     99.53%
 159  KF923901    0.00%    passed     99.91%
 160  KF923897    0.00%    passed     99.23%
****  TOTAL       0.22%  0 sequences failed composition chi2 test (p-value<5%; df=3)
NOTE: KF530091 is identical to KF530071 but kept for subsequent analysis
NOTE: KF530076 is identical to KF530088 but kept for subsequent analysis
NOTE: KF530096 is identical to KF530095 but kept for subsequent analysis
NOTE: JN129835 is identical to JN129834 but kept for subsequent analysis
NOTE: KF530081 is identical to KF530068 but kept for subsequent analysis
NOTE: KF530063 is identical to KF530069 but kept for subsequent analysis
NOTE: MW052042 is identical to MN306043 but kept for subsequent analysis
NOTE: OK073092 is identical to OK073091 but kept for subsequent analysis
NOTE: OK391225 is identical to OK391226 but kept for subsequent analysis
NOTE: KF923907 is identical to KF923890 but kept for subsequent analysis
NOTE: KX538965 is identical to KF923903 but kept for subsequent analysis
NOTE: MW411433 is identical to MW411432 but kept for subsequent analysis
NOTE: KX538977 is identical to KX538969 but kept for subsequent analysis
NOTE: OM386799 is identical to OM386798 but kept for subsequent analysis
NOTE: KF923915 is identical to KF923913 but kept for subsequent analysis
NOTE: KF923925 is identical to KF923922 but kept for subsequent analysis
NOTE: MT118668 is identical to MN310476 but kept for subsequent analysis
NOTE: KF923924 is identical to KF923918 but kept for subsequent analysis
Checking for duplicate sequences: done in 0.000328064 secs using 72.85% CPU
Identifying sites to remove: done in 0.000585079 secs using 98.62% CPU
NOTE: 93 identical sequences (see below) will be ignored for subsequent analysis
NOTE: KF530094 (identical to KF530088) is ignored but added at the end
NOTE: KF530089 (identical to KF530088) is ignored but added at the end
NOTE: KF530079 (identical to KF530088) is ignored but added at the end
NOTE: KF923900 (identical to JN129834) is ignored but added at the end
NOTE: KF923905 (identical to JN129834) is ignored but added at the end
NOTE: KF530070 (identical to KF530068) is ignored but added at the end
NOTE: KF923887 (identical to KF530068) is ignored but added at the end
NOTE: KF923889 (identical to KF530068) is ignored but added at the end
NOTE: KF530099 (identical to KF530069) is ignored but added at the end
NOTE: OK391224 (identical to OK391226) is ignored but added at the end
NOTE: OK391222 (identical to OK391226) is ignored but added at the end
NOTE: OK391221 (identical to OK391226) is ignored but added at the end
NOTE: KF923911 (identical to KF923890) is ignored but added at the end
NOTE: KF923914 (identical to KF923890) is ignored but added at the end
NOTE: KF923909 (identical to KF923890) is ignored but added at the end
NOTE: KF923919 (identical to KF923890) is ignored but added at the end
NOTE: KF923910 (identical to KF923890) is ignored but added at the end
NOTE: KF923892 (identical to KF923890) is ignored but added at the end
NOTE: KF923920 (identical to KF923890) is ignored but added at the end
NOTE: KF923894 (identical to KF923890) is ignored but added at the end
NOTE: KY554974 (identical to KF923890) is ignored but added at the end
NOTE: KY554975 (identical to KF923890) is ignored but added at the end
NOTE: KY674920 (identical to KF923890) is ignored but added at the end
NOTE: KF923916 (identical to KF923890) is ignored but added at the end
NOTE: KY554972 (identical to KF923890) is ignored but added at the end
NOTE: KY554973 (identical to KF923890) is ignored but added at the end
NOTE: KY674918 (identical to KF923890) is ignored but added at the end
NOTE: KY674917 (identical to KF923890) is ignored but added at the end
NOTE: KF923921 (identical to KF923890) is ignored but added at the end
NOTE: KF923908 (identical to KF923890) is ignored but added at the end
NOTE: KF923923 (identical to KF923890) is ignored but added at the end
NOTE: KX344031 (identical to KF923890) is ignored but added at the end
NOTE: KX538973 (identical to KF923903) is ignored but added at the end
NOTE: KX538971 (identical to KF923903) is ignored but added at the end
NOTE: KX538968 (identical to KF923903) is ignored but added at the end
NOTE: KX538974 (identical to KF923903) is ignored but added at the end
NOTE: KX538967 (identical to KF923903) is ignored but added at the end
NOTE: KX538975 (identical to KF923903) is ignored but added at the end
NOTE: KF923902 (identical to KF923903) is ignored but added at the end
NOTE: KX538964 (identical to KF923903) is ignored but added at the end
NOTE: KX538972 (identical to KF923903) is ignored but added at the end
NOTE: KX538976 (identical to KF923903) is ignored but added at the end
NOTE: KX538966 (identical to KF923903) is ignored but added at the end
NOTE: KX538970 (identical to KF923903) is ignored but added at the end
NOTE: KX538978 (identical to KF923903) is ignored but added at the end
NOTE: LC315646 (identical to KF923903) is ignored but added at the end
NOTE: OK073087 (identical to KF923903) is ignored but added at the end
NOTE: KY967356 (identical to KF923903) is ignored but added at the end
NOTE: OK073088 (identical to KF923903) is ignored but added at the end
NOTE: LC315647 (identical to KF923903) is ignored but added at the end
NOTE: OL770288 (identical to KF923903) is ignored but added at the end
NOTE: OL770287 (identical to KF923903) is ignored but added at the end
NOTE: OL770289 (identical to KF923903) is ignored but added at the end
NOTE: OK073090 (identical to KF923903) is ignored but added at the end
NOTE: MG977451 (identical to KF923903) is ignored but added at the end
NOTE: MG977452 (identical to KF923903) is ignored but added at the end
NOTE: KY983588 (identical to KF923903) is ignored but added at the end
NOTE: KY369906 (identical to KF923903) is ignored but added at the end
NOTE: MW587040 (identical to KF923903) is ignored but added at the end
NOTE: MH121121 (identical to KF923903) is ignored but added at the end
NOTE: KY684759 (identical to KF923903) is ignored but added at the end
NOTE: KY983583 (identical to KF923903) is ignored but added at the end
NOTE: KY967361 (identical to KF923903) is ignored but added at the end
NOTE: KY967358 (identical to KF923903) is ignored but added at the end
NOTE: KY983585 (identical to KF923903) is ignored but added at the end
NOTE: MF374985 (identical to KF923903) is ignored but added at the end
NOTE: KY967359 (identical to KF923903) is ignored but added at the end
NOTE: MF374984 (identical to KF923903) is ignored but added at the end
NOTE: LC687399 (identical to KF923903) is ignored but added at the end
NOTE: LC720427 (identical to KF923903) is ignored but added at the end
NOTE: LC720429 (identical to KF923903) is ignored but added at the end
NOTE: MN306036 (identical to KF923903) is ignored but added at the end
NOTE: MN306041 (identical to KF923903) is ignored but added at the end
NOTE: MT118673 (identical to KF923903) is ignored but added at the end
NOTE: MT118678 (identical to KF923903) is ignored but added at the end
NOTE: MW587042 (identical to KF923903) is ignored but added at the end
NOTE: MT118685 (identical to KF923903) is ignored but added at the end
NOTE: MN306042 (identical to KF923903) is ignored but added at the end
NOTE: MT118683 (identical to KF923903) is ignored but added at the end
NOTE: MN306053 (identical to KF923903) is ignored but added at the end
NOTE: OM386796 (identical to KF923903) is ignored but added at the end
NOTE: OM386797 (identical to KF923903) is ignored but added at the end
NOTE: OM386795 (identical to KF923903) is ignored but added at the end
NOTE: MW938760 (identical to KF923903) is ignored but added at the end
NOTE: LC687400 (identical to KF923903) is ignored but added at the end
NOTE: LC687398 (identical to KF923903) is ignored but added at the end
NOTE: OK391227 (identical to KF923903) is ignored but added at the end
NOTE: OK391238 (identical to KF923903) is ignored but added at the end
NOTE: MN026164 (identical to KF923903) is ignored but added at the end
NOTE: MH828490 (identical to KF923903) is ignored but added at the end
NOTE: OK391228 (identical to MW411432) is ignored but added at the end
NOTE: KJ958218 (identical to KF923922) is ignored but added at the end
NOTE: KF923895 (identical to KF923918) is ignored but added at the end
Alignment was printed to results/aligned_oc43_A_M-delim.fasta.uniqueseq.phy

For your convenience alignment with unique sequences printed to results/aligned_oc43_A_M-delim.fasta.uniqueseq.phy

Create initial parsimony tree by phylogenetic likelihood library (PLL)... 0.001 seconds

NOTE: 0 MB RAM (0 GB) is required!
Estimate model parameters (epsilon = 0.500)
1. Initial log-likelihood: -2532.528
2. Current log-likelihood: -2398.401
Optimal log-likelihood: -2398.397
Rate parameters:  A-C: 6.38446  A-G: 3.55176  A-T: 3.73950  C-G: 0.32194  C-T: 23.41168  G-T: 1.00000
Base frequencies:  A: 0.293  C: 0.155  G: 0.198  T: 0.355
Parameters optimization took 2 rounds (0.021 sec)
Wrote distance file to... 
Computing ML distances based on estimated model parameters...
Calculating distance matrix: done in 0.0058701 secs using 99.61% CPU
Computing ML distances took 0.005960 sec (of wall-clock time) 0.005900 sec (of CPU time)
Setting up auxiliary I and S matrices: done in 0.00019908 secs using 168.8% CPU
Constructing RapidNJ tree: done in 0.000533104 secs using 129.2% CPU
Computing RapidNJ tree took 0.000842 sec (of wall-clock time) 0.001136 sec (of CPU time)
Log-likelihood of RapidNJ tree: -1407.786
--------------------------------------------------------------------
|             INITIALIZING CANDIDATE TREE SET                      |
--------------------------------------------------------------------

Do NNI search on 2 best initial trees
Optimizing NNI: done in 0.00305581 secs using 99.58% CPU
BETTER TREE FOUND at iteration 1: -1407.786
Optimizing NNI: done in 0.0752518 secs using 85.71% CPU
Finish initializing candidate tree set (4)
Current best tree score: -1407.786 / CPU time: 0.081
Number of iterations: 2
TREE SEARCH COMPLETED AFTER 2 ITERATIONS / Time: 0h:0m:0s

--------------------------------------------------------------------
|                    FINALIZING TREE SEARCH                        |
--------------------------------------------------------------------
Performs final model parameters optimization
Estimate model parameters (epsilon = 0.050)
1. Initial log-likelihood: -1407.786
2. Current log-likelihood: -1402.510
Optimal log-likelihood: -1402.510
Rate parameters:  A-C: 1.95521  A-G: 3.65718  A-T: 1.51306  C-G: 0.58527  C-T: 9.68671  G-T: 1.00000
Base frequencies:  A: 0.293  C: 0.155  G: 0.198  T: 0.355
Parameters optimization took 2 rounds (0.012 sec)
BEST SCORE FOUND : -1402.510
Total tree length: 0.088

Total number of iterations: 2
CPU time used for tree search: 0.070 sec (0h:0m:0s)
Wall-clock time used for tree search: 0.081 sec (0h:0m:0s)
Total CPU time used: 0.123 sec (0h:0m:0s)
Total wall-clock time used: 0.146 sec (0h:0m:0s)

Analysis results written to: 
  IQ-TREE report:                results/aligned_oc43_A_M-delim.fasta.iqtree
  Maximum-likelihood tree:       results/aligned_oc43_A_M-delim.fasta.treefile
  Likelihood distances:          results/aligned_oc43_A_M-delim.fasta.mldist
  Screen log file:               results/aligned_oc43_A_M-delim.fasta.log

Date and Time: Tue Jan 10 16:25:56 2023
