IQ-TREE multicore version 2.2.0-beta COVID-edition for Mac OS X 64-bit built Mar  3 2022 built Mar  3 2022
Developed by Bui Quang Minh, James Barbetti, Nguyen Lam Tung,
Olga Chernomor, Heiko Schmidt, Dominik Schrempf, Michael Woodhams, Ly Trong Nhan.

Host:    MacBook-Pro-5.local (SSE4.2, 8 GB RAM)
Command: iqtree2 -nt 1 -s results/aligned_oc43_B_genome-delim.fasta -m GTR -ninit 2 -n 2 -me 0.05
Seed:    373447 (Using SPRNG - Scalable Parallel Random Number Generator)
Time:    Tue Jan 10 15:57:44 2023
Kernel:  SSE2 - 1 threads (8 CPU cores detected)

HINT: Use -nt option to specify number of threads because your CPU has 8 cores!
HINT: -nt AUTO will automatically determine the best number of threads to use.

Reading alignment file results/aligned_oc43_B_genome-delim.fasta ... Fasta format detected
Reading fasta file: done in 0.0190361 secs using 95.22% CPU
Alignment most likely contains DNA/RNA sequences
Constructing alignment: done in 0.021492 secs using 75.43% CPU
WARNING: 6 sites contain only gaps or ambiguous characters.
Alignment has 35 sequences with 30738 columns, 500 distinct patterns
553 parsimony-informative, 298 singleton sites, 29887 constant sites
          Gap/Ambiguity  Composition  p-value
Analyzing sequences: done in 3.38554e-05 secs using 79.75% CPU
   1  KF530072    0.53%    passed     99.90%
   2  KF530080    0.53%    passed     99.77%
   3  KF530064    0.53%    passed     99.86%
   4  KF530078    0.56%    passed     99.74%
   5  KF530092    0.53%    passed     99.83%
   6  KY014281    0.45%    passed     99.81%
   7  KF530065    0.53%    passed     99.80%
   8  KF530073    0.53%    passed     99.87%
   9  KF530066    0.58%    passed     99.97%
  10  KF530061    0.53%    passed     99.92%
  11  KF530074    0.49%    passed     99.93%
  12  KF530090    0.53%    passed     99.88%
  13  KF530097    0.53%    passed     99.91%
  14  KF530060    0.53%    passed     99.97%
  15  KF530083    0.53%    passed     99.86%
  16  KF530086    0.53%    passed     99.90%
  17  KF530077    0.53%    passed     99.84%
  18  KF530093    4.54%    passed     96.01%
  19  KF530087    0.53%    passed     99.88%
  20  KF530085    0.56%    passed     99.99%
  21  KF530075    0.53%    passed     99.83%
  22  KF530059    6.21%    passed     96.64%
  23  KF530062    6.76%    passed     97.52%
  24  KF923896    0.03%    passed     99.78%
  25  KF923906    0.03%    passed     99.92%
  26  KP198611    0.04%    passed     99.63%
  27  KP198610    0.04%    passed     99.84%
  28  KY014282    0.29%    passed     99.56%
  29  KY967360    0.24%    passed     99.87%
  30  MN026165    1.40%    passed     97.02%
  31  MF314143    0.03%    passed     99.97%
  32  MT118672    0.34%    passed     99.46%
  33  MT118671    0.18%    passed     99.37%
  34  LC315649    0.03%    passed     99.91%
  35  KU131570    0.06%    passed     99.44%
****  TOTAL       0.88%  0 sequences failed composition chi2 test (p-value<5%; df=3)
Checking for duplicate sequences: done in 8.60691e-05 secs using 80.17% CPU

Create initial parsimony tree by phylogenetic likelihood library (PLL)... 0.002 seconds

NOTE: 0 MB RAM (0 GB) is required!
Estimate model parameters (epsilon = 0.500)
1. Initial log-likelihood: -73018.364
2. Current log-likelihood: -70744.772
Optimal log-likelihood: -70744.547
Rate parameters:  A-C: 0.80463  A-G: 2.49662  A-T: 0.57838  C-G: 0.55317  C-T: 7.51774  G-T: 1.00000
Base frequencies:  A: 0.276  C: 0.151  G: 0.216  T: 0.357
Parameters optimization took 2 rounds (0.040 sec)
Wrote distance file to... 
Computing ML distances based on estimated model parameters...
Calculating distance matrix: done in 0.00478601 secs using 47.68% CPU
Computing ML distances took 0.004919 sec (of wall-clock time) 0.002381 sec (of CPU time)
Setting up auxiliary I and S matrices: done in 4.88758e-05 secs using 83.89% CPU
Constructing RapidNJ tree: done in 9.60827e-05 secs using 106.2% CPU
Computing RapidNJ tree took 0.000200 sec (of wall-clock time) 0.000166 sec (of CPU time)
Log-likelihood of RapidNJ tree: -49431.603
--------------------------------------------------------------------
|             INITIALIZING CANDIDATE TREE SET                      |
--------------------------------------------------------------------

Do NNI search on 2 best initial trees
Optimizing NNI: done in 0.0151811 secs using 183.8% CPU
Estimate model parameters (epsilon = 0.500)
BETTER TREE FOUND at iteration 1: -49392.779
Optimizing NNI: done in 0.122481 secs using 158.5% CPU
Finish initializing candidate tree set (4)
Current best tree score: -49392.779 / CPU time: 0.155
Number of iterations: 2
TREE SEARCH COMPLETED AFTER 2 ITERATIONS / Time: 0h:0m:0s

--------------------------------------------------------------------
|                    FINALIZING TREE SEARCH                        |
--------------------------------------------------------------------
Performs final model parameters optimization
Estimate model parameters (epsilon = 0.050)
1. Initial log-likelihood: -49392.779
Optimal log-likelihood: -49392.775
Rate parameters:  A-C: 0.66633  A-G: 2.35717  A-T: 0.55773  C-G: 0.53517  C-T: 7.60642  G-T: 1.00000
Base frequencies:  A: 0.276  C: 0.151  G: 0.216  T: 0.357
Parameters optimization took 1 rounds (0.007 sec)
BEST SCORE FOUND : -49392.775
Total tree length: 0.033

Total number of iterations: 2
CPU time used for tree search: 0.255 sec (0h:0m:0s)
Wall-clock time used for tree search: 0.156 sec (0h:0m:0s)
Total CPU time used: 0.323 sec (0h:0m:0s)
Total wall-clock time used: 0.227 sec (0h:0m:0s)

Analysis results written to: 
  IQ-TREE report:                results/aligned_oc43_B_genome-delim.fasta.iqtree
  Maximum-likelihood tree:       results/aligned_oc43_B_genome-delim.fasta.treefile
  Likelihood distances:          results/aligned_oc43_B_genome-delim.fasta.mldist
  Screen log file:               results/aligned_oc43_B_genome-delim.fasta.log

Date and Time: Tue Jan 10 15:57:44 2023
