IQ-TREE multicore version 2.2.0-beta COVID-edition for Mac OS X 64-bit built Mar  3 2022 built Mar  3 2022
Developed by Bui Quang Minh, James Barbetti, Nguyen Lam Tung,
Olga Chernomor, Heiko Schmidt, Dominik Schrempf, Michael Woodhams, Ly Trong Nhan.

Host:    MacBook-Pro-5.local (SSE4.2, 8 GB RAM)
Command: iqtree2 -nt 1 -s results/aligned_oc43_A_S1-delim.fasta -m GTR -ninit 2 -n 2 -me 0.05
Seed:    383916 (Using SPRNG - Scalable Parallel Random Number Generator)
Time:    Tue Jan 10 16:16:16 2023
Kernel:  SSE2 - 1 threads (8 CPU cores detected)

HINT: Use -nt option to specify number of threads because your CPU has 8 cores!
HINT: -nt AUTO will automatically determine the best number of threads to use.

Reading alignment file results/aligned_oc43_A_S1-delim.fasta ... Fasta format detected
Reading fasta file: done in 0.022958 secs using 76.19% CPU
Alignment most likely contains DNA/RNA sequences
Constructing alignment: done in 0.00798917 secs using 66.08% CPU
Alignment has 358 sequences with 2259 columns, 536 distinct patterns
254 parsimony-informative, 155 singleton sites, 1850 constant sites
          Gap/Ambiguity  Composition  p-value
Analyzing sequences: done in 0.00039196 secs using 82.92% CPU
   1  JN129834    0.53%    passed     99.63%
   2  KF923900    0.53%    passed     99.54%
   3  KF923899    0.53%    passed     99.25%
   4  KF572817    0.53%    passed     99.25%
   5  KF572818    0.53%    passed     99.54%
   6  JN129835    0.53%    passed     99.80%
   7  KF963235    0.53%    passed     99.80%
   8  KF923905    0.53%    passed     99.62%
   9  KF572816    0.53%    passed     99.74%
  10  KF923890    0.93%    passed     99.96%
  11  KF923907    0.93%    passed     99.96%
  12  KF923920    0.93%    passed     99.96%
  13  KF923894    0.93%    passed     99.96%
  14  KF923921    0.93%    passed     99.96%
  15  KF572819    0.93%    passed     99.96%
  16  KF572842    0.93%    passed     99.96%
  17  KF572843    0.93%    passed     99.96%
  18  KF572847    0.93%    passed     99.96%
  19  KF572848    0.93%    passed     99.96%
  20  KF572861    0.93%    passed     99.96%
  21  KF572864    0.93%    passed     99.96%
  22  KF923912    0.93%    passed     99.96%
  23  KF923901    0.93%    passed     99.96%
  24  KF572852    0.93%    passed     99.96%
  25  KF572854    0.93%    passed     99.96%
  26  KF923909    0.93%    passed     99.87%
  27  KF572850    0.93%    passed     99.87%
  28  KF923892    0.93%    passed     99.86%
  29  KF572846    0.93%    passed     99.86%
  30  KF923919    0.93%    passed     99.96%
  31  KF572860    0.93%    passed     99.96%
  32  KF923891    0.93%    passed     99.96%
  33  KF572844    0.93%    passed     99.96%
  34  KF572863    0.93%    passed    100.00%
  35  KF923910    0.93%    passed     99.96%
  36  KF572851    0.93%    passed     99.96%
  37  LC506765    0.93%    passed     99.91%
  38  KF572862    0.93%    passed     99.87%
  39  KY554974    0.93%    passed     99.98%
  40  KY554975    0.93%    passed     99.99%
  41  KY674920    0.93%    passed     99.99%
  42  KF923914    0.93%    passed     99.96%
  43  KF572856    0.93%    passed     99.96%
  44  KY554972    0.93%    passed     99.84%
  45  KY554973    0.93%    passed     99.84%
  46  KY674918    0.93%    passed     99.84%
  47  KY674917    0.93%    passed     99.84%
  48  KF923911    0.93%    passed     99.92%
  49  KF572853    0.93%    passed     99.92%
  50  KF923913    0.93%    passed     99.96%
  51  KF572855    0.93%    passed     99.96%
  52  KF923915    0.93%    passed     99.86%
  53  KF572857    0.93%    passed     99.86%
  54  KF923923    0.93%    passed     99.89%
  55  KF572868    0.93%    passed     99.89%
  56  KF572820    0.93%    passed     99.65%
  57  KF572845    0.93%    passed     99.77%
  58  KF923916    0.93%    passed     99.07%
  59  KF572858    0.93%    passed     99.07%
  60  KF923917    0.93%    passed     99.80%
  61  KF572859    0.93%    passed     99.80%
  62  KF923918    0.93%    passed     99.67%
  63  KF572822    0.93%    passed     99.67%
  64  KF923922    0.93%    passed     99.97%
  65  KF572866    0.93%    passed     99.97%
  66  KF572821    0.93%    passed     99.92%
  67  KF572824    0.93%    passed     99.98%
  68  KF572826    0.93%    passed     99.98%
  69  KF572828    0.93%    passed     99.97%
  70  KF572830    0.93%    passed     99.97%
  71  KF572834    0.93%    passed     99.97%
  72  KF572872    0.93%    passed     99.97%
  73  KF572837    0.93%    passed     99.99%
  74  KF572871    0.93%    passed     99.99%
  75  KF572836    0.93%    passed     99.98%
  76  KF572867    0.93%    passed     99.98%
  77  KF572835    0.93%    passed     99.90%
  78  LC506768    0.93%    passed     99.97%
  79  LC506770    0.93%    passed     99.97%
  80  LC506771    0.93%    passed     99.91%
  81  LC506769    0.93%    passed     99.96%
  82  KF572865    0.93%    passed     99.98%
  83  KF572870    0.93%    passed     99.98%
  84  KF572827    0.93%    passed     99.99%
  85  KF923924    0.93%    passed     99.91%
  86  KF572823    0.93%    passed     99.91%
  87  LC506767    0.93%    passed     99.97%
  88  KF963242    0.93%    passed     99.78%
  89  LC506809    0.93%    passed     99.80%
  90  LC506794    0.93%    passed     99.99%
  91  LC506796    0.93%    passed     99.85%
  92  KF923893    0.93%    passed     99.99%
  93  KF572839    0.93%    passed     99.99%
  94  KF923925    0.93%    passed     99.76%
  95  KF572825    0.93%    passed     99.76%
  96  KF572838    0.93%    passed     99.76%
  97  KJ958218    0.93%    passed     99.87%
  98  KJ958219    0.93%    passed     99.87%
  99  KF923908    0.93%    passed     99.96%
 100  KF572849    0.93%    passed     99.97%
 101  KX344031    0.93%    passed     99.92%
 102  LC506793    0.93%    passed     99.98%
 103  LC506812    0.93%    passed     99.98%
 104  LC506813    0.93%    passed     99.98%
 105  LC506814    0.93%    passed     99.98%
 106  LC506820    0.93%    passed     99.99%
 107  LC506791    0.93%    passed     99.99%
 108  LC506799    0.93%    passed     99.99%
 109  LC506811    0.93%    passed     99.97%
 110  LC506801    0.93%    passed     99.92%
 111  LC506802    0.93%    passed     99.92%
 112  LC506790    0.93%    passed     99.92%
 113  LC506798    0.93%    passed     99.92%
 114  LC506808    0.93%    passed     99.79%
 115  LC506816    0.93%    passed     99.96%
 116  LC506817    0.93%    passed     99.96%
 117  LC506818    0.93%    passed     99.96%
 118  LC506815    0.93%    passed     99.99%
 119  LC506803    0.93%    passed     99.51%
 120  LC506795    0.93%    passed     99.96%
 121  LC506807    0.93%    passed    100.00%
 122  LC506792    0.93%    passed     99.97%
 123  LC506800    0.93%    passed     99.94%
 124  LC506773    0.93%    passed     99.97%
 125  LC506772    0.93%    passed     99.91%
 126  KF963240    0.93%    passed    100.00%
 127  LC506797    0.93%    passed     99.87%
 128  LC506804    0.93%    passed     99.96%
 129  KF923897    0.93%    passed    100.00%
 130  KF923903    0.93%    passed    100.00%
 131  KF572832    0.93%    passed    100.00%
 132  KF572841    0.93%    passed    100.00%
 133  KX538969    0.93%    passed     99.99%
 134  KX538973    0.93%    passed     99.99%
 135  KX538971    0.93%    passed     99.99%
 136  KX538968    0.93%    passed     99.99%
 137  KX538967    0.93%    passed     99.99%
 138  KX538965    0.93%    passed    100.00%
 139  KX538977    0.93%    passed     99.96%
 140  KX538975    0.93%    passed     99.98%
 141  KX538974    0.93%    passed     99.98%
 142  LC506806    0.93%    passed     99.97%
 143  KF963243    0.93%    passed     99.36%
 144  KF963244    0.93%    passed     99.53%
 145  MG977452    0.93%    passed     99.08%
 146  LC506931    0.93%    passed     99.49%
 147  KF923902    0.93%    passed     99.66%
 148  KF923904    0.93%    passed     99.91%
 149  KF572833    0.93%    passed     99.91%
 150  KX538964    0.93%    passed     99.92%
 151  KX538972    0.93%    passed     99.98%
 152  KX538976    0.93%    passed    100.00%
 153  LC506819    0.93%    passed     99.98%
 154  LC506822    0.93%    passed     99.98%
 155  LC506870    0.93%    passed    100.00%
 156  LC331074    0.93%    passed    100.00%
 157  LC506871    0.93%    passed    100.00%
 158  LC506887    0.93%    passed    100.00%
 159  LC506900    0.93%    passed    100.00%
 160  LC506823    0.93%    passed    100.00%
 161  LC506902    0.93%    passed    100.00%
 162  KX538966    0.93%    passed    100.00%
 163  KX538979    0.93%    passed     99.97%
 164  KX538978    0.93%    passed     99.96%
 165  OK073088    0.93%    passed     99.97%
 166  KY967356    0.93%    passed     99.83%
 167  KX538970    0.93%    passed     99.98%
 168  LC331069    0.93%    passed     99.97%
 169  LC506846    0.93%    passed     99.97%
 170  LC506848    0.93%    passed     99.97%
 171  LC506849    0.93%    passed     99.97%
 172  LC506852    0.93%    passed     99.97%
 173  LC506853    0.93%    passed     99.97%
 174  LC506857    0.93%    passed     99.97%
 175  LC331073    0.93%    passed     99.97%
 176  LC506873    0.93%    passed     99.97%
 177  LC506880    0.93%    passed     99.97%
 178  LC506882    0.93%    passed     99.97%
 179  LC506950    0.93%    passed     99.97%
 180  LC506914    0.93%    passed     99.97%
 181  LC506844    0.93%    passed     99.91%
 182  LC506859    0.93%    passed     99.98%
 183  LC506892    0.93%    passed     99.98%
 184  LC506885    0.93%    passed     99.91%
 185  LC506832    0.93%    passed    100.00%
 186  LC506834    0.93%    passed    100.00%
 187  LC506835    0.93%    passed    100.00%
 188  LC506837    0.93%    passed    100.00%
 189  LC506836    0.93%    passed     99.98%
 190  LC506899    0.93%    passed    100.00%
 191  LC506842    0.93%    passed    100.00%
 192  LC506861    0.93%    passed    100.00%
 193  LC506847    0.93%    passed     99.96%
 194  LC506855    0.93%    passed     99.96%
 195  LC331072    0.93%    passed     99.96%
 196  LC506860    0.93%    passed     99.96%
 197  LC506862    0.93%    passed     99.96%
 198  LC506863    0.93%    passed     99.96%
 199  LC506865    0.93%    passed     99.96%
 200  LC506875    0.93%    passed     99.96%
 201  LC506876    0.93%    passed     99.96%
 202  LC506879    0.93%    passed     99.96%
 203  LC506884    0.93%    passed     99.96%
 204  LC331075    0.93%    passed     99.96%
 205  LC506891    0.93%    passed     99.96%
 206  LC506896    0.93%    passed     99.96%
 207  LC506841    0.93%    passed     99.96%
 208  LC506843    0.93%    passed     99.96%
 209  LC506903    0.93%    passed     99.96%
 210  LC506913    0.93%    passed     99.91%
 211  LC506889    0.93%    passed    100.00%
 212  LC506908    0.93%    passed    100.00%
 213  LC506909    0.93%    passed    100.00%
 214  LC331076    0.93%    passed    100.00%
 215  LC331077    0.93%    passed    100.00%
 216  LC506883    0.93%    passed    100.00%
 217  LC506886    0.93%    passed    100.00%
 218  LC506897    0.93%    passed    100.00%
 219  OK073087    0.93%    passed     99.94%
 220  MW559057    0.93%    passed     99.96%
 221  MF996620    8.90%    passed     99.95%
 222  MF996615    8.94%    passed     99.97%
 223  MF996613    8.94%    passed     99.94%
 224  MF996614    8.50%    passed     99.85%
 225  LC315647    0.93%    passed     99.90%
 226  KF572831    0.93%    passed     99.74%
 227  LC315646    0.40%    passed     98.51%
 228  MF374983    0.93%    passed     99.98%
 229  LC331070    0.93%    passed     99.96%
 230  LC506894    0.93%    passed     99.96%
 231  KY369905    0.93%    passed     99.90%
 232  KY983588    0.93%    passed     99.78%
 233  KY369906    0.93%    passed     99.78%
 234  MW587040    0.93%    passed     99.78%
 235  KY983583    0.93%    passed     99.78%
 236  LC506919    0.93%    passed     99.78%
 237  LC506923    0.93%    passed     99.78%
 238  LC506924    0.93%    passed     99.78%
 239  LC506925    0.93%    passed     99.78%
 240  LC506927    0.93%    passed     99.78%
 241  LC506929    0.93%    passed     99.78%
 242  LC506930    0.93%    passed     99.78%
 243  LC506932    0.93%    passed     99.78%
 244  LC506933    0.93%    passed     99.78%
 245  LC506934    0.93%    passed     99.78%
 246  LC506940    0.93%    passed     99.78%
 247  LC506941    0.93%    passed     99.78%
 248  LC506943    0.93%    passed     99.78%
 249  LC506944    0.93%    passed     99.78%
 250  LC506935    0.93%    passed     99.90%
 251  LC506951    0.93%    passed     99.90%
 252  LC506937    0.93%    passed     99.71%
 253  LC506942    0.93%    passed     99.55%
 254  MF374984    1.46%    passed     99.97%
 255  LC506918    0.93%    passed     99.78%
 256  LC506921    0.93%    passed     99.79%
 257  LC506936    0.93%    passed     99.76%
 258  LC331083    0.93%    passed     99.76%
 259  KY369907    0.93%    passed     99.73%
 260  MH121121    0.93%    passed     99.73%
 261  MF374985    0.71%    passed     99.24%
 262  LC506917    0.93%    passed     99.73%
 263  LC506922    0.93%    passed     99.73%
 264  LC506926    0.93%    passed     99.73%
 265  LC506928    0.93%    passed     99.73%
 266  MT118667    0.93%    passed     99.62%
 267  MW587041   28.86%    passed     93.15%
 268  KY983585    0.93%    passed     99.97%
 269  KY967359    0.93%    passed     99.71%
 270  KY967361    0.93%    passed     99.87%
 271  KY684759    0.93%    passed     99.55%
 272  LC506920    0.93%    passed     99.90%
 273  LC506938    0.93%    passed     99.73%
 274  KY967358    0.93%    passed     99.76%
 275  LC506945    0.93%    passed     99.97%
 276  MF996618    8.63%    passed     99.78%
 277  LC506805    0.93%    passed     99.78%
 278  MG977451    1.06%    passed     99.92%
 279  LC506810    0.93%    passed     99.98%
 280  OL770288    0.93%    passed     99.96%
 281  OL770287    0.93%    passed     99.99%
 282  OL770289    1.06%    passed     99.91%
 283  MN026164    0.93%    passed     99.57%
 284  OK073090    0.93%    passed     99.81%
 285  MF996608    9.12%    passed     99.75%
 286  MF996616    8.68%    passed     99.84%
 287  MF996617    8.72%    passed     99.81%
 288  LC687399    1.59%    passed     99.83%
 289  LC720427    0.93%    passed     99.91%
 290  LC720429    1.33%    passed     99.91%
 291  MW411432    0.93%    passed    100.00%
 292  MW411433    0.93%    passed    100.00%
 293  OM386798    0.93%    passed     99.94%
 294  OM386799    0.93%    passed     99.94%
 295  OK391228    5.18%    passed     99.99%
 296  OK391230    6.64%    passed     97.72%
 297  MN306036    0.97%    passed     99.85%
 298  MN306041    0.93%    passed     99.97%
 299  LC687400    1.33%    passed     99.48%
 300  MT118673    0.93%    passed     99.83%
 301  MT118678    0.93%    passed     99.91%
 302  MW587042    0.93%    passed     99.91%
 303  MT118685    0.93%    passed     99.67%
 304  LC687398    1.33%    passed     99.79%
 305  MN310478    0.93%    passed     99.94%
 306  MW938760    0.93%    passed     99.83%
 307  MN306042    0.93%    passed     99.88%
 308  MT118692    0.93%    passed     99.85%
 309  MT118683    0.93%    passed     99.87%
 310  MN306053    0.93%    passed     99.87%
 311  OK391238    6.37%    passed     97.68%
 312  OM386794    0.93%    passed     99.91%
 313  OM386796    0.93%    passed     99.94%
 314  OM386797    0.93%    passed     99.94%
 315  OM386795    0.93%    passed     99.99%
 316  OK391227    2.17%    passed     99.25%
 317  OK391229   42.59%    passed     89.95%
 318  MH828490    0.40%    passed     99.75%
 319  KF530068    0.53%    passed     99.34%
 320  KF530081    0.53%    passed     99.47%
 321  KF530070    0.53%    passed     99.50%
 322  KF963231    0.53%    passed     99.47%
 323  KF530069    0.53%    passed     99.07%
 324  KF530063    0.53%    passed     98.80%
 325  KF530099    0.53%    passed     98.80%
 326  KF530098    0.53%    passed     99.09%
 327  KF530084    0.53%    passed     97.51%
 328  KF530071    0.66%    passed     96.78%
 329  KF530076    0.66%    passed     96.84%
 330  KF530088    0.66%    passed     98.46%
 331  KF530091    0.66%    passed     97.29%
 332  KF530082    0.53%    passed     97.42%
 333  KF530094    0.53%    passed     97.42%
 334  KF530089    0.53%    passed     97.42%
 335  KF530095    0.66%    passed     97.96%
 336  KF530096    0.66%    passed     97.96%
 337  KF530079    0.53%    passed     95.28%
 338  KF530067    0.53%    passed     98.74%
 339  KF963232    0.53%    passed     98.34%
 340  KF923895    0.27%    passed     98.40%
 341  KF923888    0.40%    passed     93.57%
 342  KF923889    0.40%    passed     93.67%
 343  KF923898    0.40%    passed     97.57%
 344  OK073089    0.40%    passed     98.08%
 345  MN306043    0.40%    passed     98.04%
 346  MW052042    0.40%    passed     95.32%
 347  OK073091    0.40%    passed     96.40%
 348  OK073092    3.59%    passed     98.44%
 349  MN310476    0.40%    passed     93.82%
 350  MT118668    0.40%    passed     93.82%
 351  OK391226    0.80%    passed     99.32%
 352  OK391223    5.84%    passed     92.76%
 353  OK391225    0.80%    passed     99.43%
 354  OK391224    6.37%    passed     96.00%
 355  OK391222    7.75%    passed     95.65%
 356  KF923886    0.40%    passed     98.28%
 357  KF923887    0.40%    passed     96.52%
 358  OK391221    5.58%    passed     94.15%
****  TOTAL       1.37%  0 sequences failed composition chi2 test (p-value<5%; df=3)
NOTE: KF923907 is identical to KF923890 but kept for subsequent analysis
NOTE: KF923901 is identical to KF923912 but kept for subsequent analysis
NOTE: KF572850 is identical to KF923909 but kept for subsequent analysis
NOTE: KF572846 is identical to KF923892 but kept for subsequent analysis
NOTE: KF572860 is identical to KF923919 but kept for subsequent analysis
NOTE: KF572844 is identical to KF923891 but kept for subsequent analysis
NOTE: KF572851 is identical to KF923910 but kept for subsequent analysis
NOTE: KY674920 is identical to KY554975 but kept for subsequent analysis
NOTE: KF572856 is identical to KF923914 but kept for subsequent analysis
NOTE: KY554973 is identical to KY554972 but kept for subsequent analysis
NOTE: KF572853 is identical to KF923911 but kept for subsequent analysis
NOTE: KF572855 is identical to KF923913 but kept for subsequent analysis
NOTE: KF572857 is identical to KF923915 but kept for subsequent analysis
NOTE: KF572868 is identical to KF923923 but kept for subsequent analysis
NOTE: KF572858 is identical to KF923916 but kept for subsequent analysis
NOTE: KF572859 is identical to KF923917 but kept for subsequent analysis
NOTE: KF572822 is identical to KF923918 but kept for subsequent analysis
NOTE: KF572866 is identical to KF923922 but kept for subsequent analysis
NOTE: KF572826 is identical to KF572824 but kept for subsequent analysis
NOTE: KF572830 is identical to KF572828 but kept for subsequent analysis
NOTE: LC506770 is identical to LC506768 but kept for subsequent analysis
NOTE: KF572823 is identical to KF923924 but kept for subsequent analysis
NOTE: KF572839 is identical to KF923893 but kept for subsequent analysis
NOTE: KF572825 is identical to KF923925 but kept for subsequent analysis
NOTE: LC506812 is identical to LC506793 but kept for subsequent analysis
NOTE: LC506799 is identical to LC506791 but kept for subsequent analysis
NOTE: LC506802 is identical to LC506801 but kept for subsequent analysis
NOTE: LC506817 is identical to LC506816 but kept for subsequent analysis
NOTE: KF923903 is identical to KF923897 but kept for subsequent analysis
NOTE: KX538973 is identical to KX538969 but kept for subsequent analysis
NOTE: KF572833 is identical to KF923904 but kept for subsequent analysis
NOTE: LC506822 is identical to LC506819 but kept for subsequent analysis
NOTE: LC331074 is identical to LC506870 but kept for subsequent analysis
NOTE: LC506846 is identical to LC331069 but kept for subsequent analysis
NOTE: LC506892 is identical to LC506859 but kept for subsequent analysis
NOTE: LC506834 is identical to LC506832 but kept for subsequent analysis
NOTE: LC506855 is identical to LC506847 but kept for subsequent analysis
NOTE: LC506908 is identical to LC506889 but kept for subsequent analysis
NOTE: LC506886 is identical to LC506883 but kept for subsequent analysis
NOTE: LC506894 is identical to LC331070 but kept for subsequent analysis
NOTE: KY369906 is identical to KY983588 but kept for subsequent analysis
NOTE: LC506951 is identical to LC506935 but kept for subsequent analysis
NOTE: LC506917 is identical to MH121121 but kept for subsequent analysis
NOTE: MW411433 is identical to MW411432 but kept for subsequent analysis
NOTE: OM386799 is identical to OM386798 but kept for subsequent analysis
NOTE: OM386797 is identical to OM386796 but kept for subsequent analysis
NOTE: KF530099 is identical to KF530063 but kept for subsequent analysis
NOTE: KF530094 is identical to KF530082 but kept for subsequent analysis
NOTE: KF530096 is identical to KF530095 but kept for subsequent analysis
NOTE: MT118668 is identical to MN310476 but kept for subsequent analysis
Checking for duplicate sequences: done in 0.0031271 secs using 59.13% CPU
Identifying sites to remove: done in 0.00453782 secs using 89.82% CPU
NOTE: 82 identical sequences (see below) will be ignored for subsequent analysis
NOTE: KF923920 (identical to KF923890) is ignored but added at the end
NOTE: KF923894 (identical to KF923890) is ignored but added at the end
NOTE: KF923921 (identical to KF923890) is ignored but added at the end
NOTE: KF572819 (identical to KF923890) is ignored but added at the end
NOTE: KF572842 (identical to KF923890) is ignored but added at the end
NOTE: KF572843 (identical to KF923890) is ignored but added at the end
NOTE: KF572847 (identical to KF923890) is ignored but added at the end
NOTE: KF572848 (identical to KF923890) is ignored but added at the end
NOTE: KF572861 (identical to KF923890) is ignored but added at the end
NOTE: KF572864 (identical to KF923890) is ignored but added at the end
NOTE: KF572852 (identical to KF923912) is ignored but added at the end
NOTE: KF572854 (identical to KF923912) is ignored but added at the end
NOTE: KY674918 (identical to KY554972) is ignored but added at the end
NOTE: KY674917 (identical to KY554972) is ignored but added at the end
NOTE: KF572834 (identical to KF572828) is ignored but added at the end
NOTE: KF572872 (identical to KF572828) is ignored but added at the end
NOTE: KF572838 (identical to KF923925) is ignored but added at the end
NOTE: LC506813 (identical to LC506793) is ignored but added at the end
NOTE: LC506814 (identical to LC506793) is ignored but added at the end
NOTE: LC506790 (identical to LC506801) is ignored but added at the end
NOTE: LC506798 (identical to LC506801) is ignored but added at the end
NOTE: LC506818 (identical to LC506816) is ignored but added at the end
NOTE: KF572832 (identical to KF923897) is ignored but added at the end
NOTE: KF572841 (identical to KF923897) is ignored but added at the end
NOTE: KX538971 (identical to KX538969) is ignored but added at the end
NOTE: KX538968 (identical to KX538969) is ignored but added at the end
NOTE: KX538967 (identical to KX538969) is ignored but added at the end
NOTE: LC506871 (identical to LC506870) is ignored but added at the end
NOTE: LC506887 (identical to LC506870) is ignored but added at the end
NOTE: LC506900 (identical to LC506870) is ignored but added at the end
NOTE: LC506823 (identical to LC506870) is ignored but added at the end
NOTE: LC506848 (identical to LC331069) is ignored but added at the end
NOTE: LC506849 (identical to LC331069) is ignored but added at the end
NOTE: LC506852 (identical to LC331069) is ignored but added at the end
NOTE: LC506853 (identical to LC331069) is ignored but added at the end
NOTE: LC506857 (identical to LC331069) is ignored but added at the end
NOTE: LC331073 (identical to LC331069) is ignored but added at the end
NOTE: LC506873 (identical to LC331069) is ignored but added at the end
NOTE: LC506880 (identical to LC331069) is ignored but added at the end
NOTE: LC506882 (identical to LC331069) is ignored but added at the end
NOTE: LC506950 (identical to LC331069) is ignored but added at the end
NOTE: LC506914 (identical to LC331069) is ignored but added at the end
NOTE: LC506835 (identical to LC506832) is ignored but added at the end
NOTE: LC506837 (identical to LC506832) is ignored but added at the end
NOTE: LC331072 (identical to LC506847) is ignored but added at the end
NOTE: LC506860 (identical to LC506847) is ignored but added at the end
NOTE: LC506862 (identical to LC506847) is ignored but added at the end
NOTE: LC506863 (identical to LC506847) is ignored but added at the end
NOTE: LC506865 (identical to LC506847) is ignored but added at the end
NOTE: LC506875 (identical to LC506847) is ignored but added at the end
NOTE: LC506876 (identical to LC506847) is ignored but added at the end
NOTE: LC506879 (identical to LC506847) is ignored but added at the end
NOTE: LC506884 (identical to LC506847) is ignored but added at the end
NOTE: LC331075 (identical to LC506847) is ignored but added at the end
NOTE: LC506891 (identical to LC506847) is ignored but added at the end
NOTE: LC506896 (identical to LC506847) is ignored but added at the end
NOTE: LC506841 (identical to LC506847) is ignored but added at the end
NOTE: LC506843 (identical to LC506847) is ignored but added at the end
NOTE: LC506909 (identical to LC506889) is ignored but added at the end
NOTE: LC331076 (identical to LC506889) is ignored but added at the end
NOTE: LC331077 (identical to LC506889) is ignored but added at the end
NOTE: LC506897 (identical to LC506883) is ignored but added at the end
NOTE: MW587040 (identical to KY983588) is ignored but added at the end
NOTE: KY983583 (identical to KY983588) is ignored but added at the end
NOTE: LC506919 (identical to KY983588) is ignored but added at the end
NOTE: LC506923 (identical to KY983588) is ignored but added at the end
NOTE: LC506924 (identical to KY983588) is ignored but added at the end
NOTE: LC506925 (identical to KY983588) is ignored but added at the end
NOTE: LC506927 (identical to KY983588) is ignored but added at the end
NOTE: LC506929 (identical to KY983588) is ignored but added at the end
NOTE: LC506930 (identical to KY983588) is ignored but added at the end
NOTE: LC506932 (identical to KY983588) is ignored but added at the end
NOTE: LC506933 (identical to KY983588) is ignored but added at the end
NOTE: LC506934 (identical to KY983588) is ignored but added at the end
NOTE: LC506940 (identical to KY983588) is ignored but added at the end
NOTE: LC506941 (identical to KY983588) is ignored but added at the end
NOTE: LC506943 (identical to KY983588) is ignored but added at the end
NOTE: LC506944 (identical to KY983588) is ignored but added at the end
NOTE: LC506922 (identical to MH121121) is ignored but added at the end
NOTE: LC506926 (identical to MH121121) is ignored but added at the end
NOTE: LC506928 (identical to MH121121) is ignored but added at the end
NOTE: KF530089 (identical to KF530082) is ignored but added at the end
Alignment was printed to results/aligned_oc43_A_S1-delim.fasta.uniqueseq.phy

For your convenience alignment with unique sequences printed to results/aligned_oc43_A_S1-delim.fasta.uniqueseq.phy

Create initial parsimony tree by phylogenetic likelihood library (PLL)... 0.002 seconds

NOTE: 4 MB RAM (0 GB) is required!
Estimate model parameters (epsilon = 0.500)
1. Initial log-likelihood: -40032.392
2. Current log-likelihood: -37695.463
3. Current log-likelihood: -37622.264
4. Current log-likelihood: -37617.268
Optimal log-likelihood: -37617.261
Rate parameters:  A-C: 2.41357  A-G: 3.86662  A-T: 1.33518  C-G: 1.43667  C-T: 8.94865  G-T: 1.00000
Base frequencies:  A: 0.281  C: 0.165  G: 0.184  T: 0.370
Parameters optimization took 4 rounds (0.559 sec)
Wrote distance file to... 
Computing ML distances based on estimated model parameters...
Calculating distance matrix: done in 0.17275 secs using 91.37% CPU
Computing ML distances took 0.173652 sec (of wall-clock time) 0.158425 sec (of CPU time)
Setting up auxiliary I and S matrices: done in 0.00221014 secs using 179.7% CPU
Constructing RapidNJ tree: done in 0.00583982 secs using 179.5% CPU
Computing RapidNJ tree took 0.008268 sec (of wall-clock time) 0.014687 sec (of CPU time)
Log-likelihood of RapidNJ tree: -9186.107
--------------------------------------------------------------------
|             INITIALIZING CANDIDATE TREE SET                      |
--------------------------------------------------------------------

Do NNI search on 2 best initial trees
Optimizing NNI: done in 0.323673 secs using 97.94% CPU
Estimate model parameters (epsilon = 0.500)
BETTER TREE FOUND at iteration 1: -8991.837
Optimizing NNI: done in 3.17467 secs using 93.75% CPU
Finish initializing candidate tree set (4)
Current best tree score: -8991.837 / CPU time: 3.744
Number of iterations: 2
TREE SEARCH COMPLETED AFTER 2 ITERATIONS / Time: 0h:0m:4s

--------------------------------------------------------------------
|                    FINALIZING TREE SEARCH                        |
--------------------------------------------------------------------
Performs final model parameters optimization
Estimate model parameters (epsilon = 0.050)
1. Initial log-likelihood: -8991.837
Optimal log-likelihood: -8991.829
Rate parameters:  A-C: 1.10542  A-G: 2.34855  A-T: 0.64315  C-G: 0.97298  C-T: 7.02573  G-T: 1.00000
Base frequencies:  A: 0.281  C: 0.165  G: 0.184  T: 0.370
Parameters optimization took 1 rounds (0.039 sec)
BEST SCORE FOUND : -8991.829
Total tree length: 0.345

Total number of iterations: 2
CPU time used for tree search: 3.545 sec (0h:0m:3s)
Wall-clock time used for tree search: 3.745 sec (0h:0m:3s)
Total CPU time used: 4.517 sec (0h:0m:4s)
Total wall-clock time used: 4.760 sec (0h:0m:4s)

Analysis results written to: 
  IQ-TREE report:                results/aligned_oc43_A_S1-delim.fasta.iqtree
  Maximum-likelihood tree:       results/aligned_oc43_A_S1-delim.fasta.treefile
  Likelihood distances:          results/aligned_oc43_A_S1-delim.fasta.mldist
  Screen log file:               results/aligned_oc43_A_S1-delim.fasta.log

Date and Time: Tue Jan 10 16:16:21 2023
