IQ-TREE multicore version 2.2.0-beta COVID-edition for Mac OS X 64-bit built Mar  3 2022 built Mar  3 2022
Developed by Bui Quang Minh, James Barbetti, Nguyen Lam Tung,
Olga Chernomor, Heiko Schmidt, Dominik Schrempf, Michael Woodhams, Ly Trong Nhan.

Host:    MacBook-Pro-5.local (SSE4.2, 8 GB RAM)
Command: iqtree2 -nt 1 -s results/aligned_oc43_A_HE-delim.fasta -m GTR -ninit 2 -n 2 -me 0.05
Seed:    415681 (Using SPRNG - Scalable Parallel Random Number Generator)
Time:    Tue Jan 10 16:29:45 2023
Kernel:  SSE2 - 1 threads (8 CPU cores detected)

HINT: Use -nt option to specify number of threads because your CPU has 8 cores!
HINT: -nt AUTO will automatically determine the best number of threads to use.

Reading alignment file results/aligned_oc43_A_HE-delim.fasta ... Fasta format detected
Reading fasta file: done in 0.00384617 secs using 96.3% CPU
Alignment most likely contains DNA/RNA sequences
Constructing alignment: done in 0.00158596 secs using 82.98% CPU
Alignment has 164 sequences with 1275 columns, 185 distinct patterns
77 parsimony-informative, 84 singleton sites, 1114 constant sites
          Gap/Ambiguity  Composition  p-value
Analyzing sequences: done in 0.000427008 secs using 16.16% CPU
   1  KF530071    0.00%    passed     99.16%
   2  KF530091    0.00%    passed     99.16%
   3  KF530088    0.00%    passed     99.52%
   4  KF530076    0.00%    passed     99.52%
   5  KF530082    0.00%    passed     98.41%
   6  KF530094    0.00%    passed     98.41%
   7  KF530089    0.00%    passed     98.41%
   8  KF530079    0.00%    passed     98.95%
   9  KF530067    0.00%    passed     96.42%
  10  KF530095    0.00%    passed     98.95%
  11  KF530096    0.00%    passed     98.72%
  12  JN129834    0.24%    passed     99.69%
  13  KF923900    0.24%    passed     99.69%
  14  KF923899    0.24%    passed     99.69%
  15  JN129835    0.24%    passed     99.69%
  16  KF923905    0.24%    passed     99.76%
  17  KF530068    0.24%    passed     99.11%
  18  KF530070    0.24%    passed     99.11%
  19  KF530081    0.24%    passed     99.42%
  20  KF530069    0.24%    passed     95.79%
  21  KF530063    0.24%    passed     98.31%
  22  KF530099    0.24%    passed     98.31%
  23  KF530084    0.24%    passed     98.84%
  24  KF530098    0.24%    passed     97.55%
  25  KF923888    0.24%    passed     99.61%
  26  KF923887    0.24%    passed     99.68%
  27  MN306043    0.24%    passed     99.24%
  28  MW052042    0.24%    passed     99.13%
  29  KF923889    0.24%    passed     99.11%
  30  KF923886    0.24%    passed     99.69%
  31  KU131570    0.24%    passed     99.63%
  32  MF314143    0.24%    passed     97.56%
  33  KY967360    0.24%    passed     99.24%
  34  MN026165    0.24%    passed     99.68%
  35  KF923890    0.24%    passed    100.00%
  36  KF923907    0.24%    passed     99.98%
  37  KF923911    0.24%    passed     99.98%
  38  KF923914    0.24%    passed     99.98%
  39  KF923912    0.24%    passed     99.98%
  40  KF923909    0.24%    passed     99.98%
  41  KF923919    0.24%    passed     99.98%
  42  KF923910    0.24%    passed     99.98%
  43  KF923892    0.24%    passed     99.98%
  44  KF923920    0.24%    passed     99.98%
  45  KF923913    0.24%    passed     99.98%
  46  KF923915    0.24%    passed     99.98%
  47  KF923917    0.24%    passed     99.98%
  48  KF923916    0.24%    passed     99.98%
  49  KF923921    0.24%    passed     99.98%
  50  KF923908    0.24%    passed     99.98%
  51  KF923891    0.24%    passed     99.99%
  52  KF923918    0.24%    passed     99.89%
  53  KY554972    0.24%    passed     99.99%
  54  KY554973    0.24%    passed     99.99%
  55  KY674918    0.24%    passed     99.99%
  56  KY674917    0.24%    passed     99.99%
  57  KX344031    0.24%    passed     99.96%
  58  KY554974    0.24%    passed     99.90%
  59  KY554975    0.24%    passed     99.90%
  60  KY674920    0.24%    passed     99.90%
  61  KF923922    0.24%    passed     99.63%
  62  KF923894    0.24%    passed     99.86%
  63  KJ958219    0.24%    passed     99.96%
  64  KF923901    0.24%    passed     99.86%
  65  KF923924    0.24%    passed     99.98%
  66  KF923895    0.24%    passed     99.88%
  67  KF923925    0.24%    passed     99.93%
  68  KF923923    0.24%    passed     99.94%
  69  KF923893    0.24%    passed     99.93%
  70  KJ958218    0.24%    passed     99.93%
  71  KF923897    0.24%    passed     99.96%
  72  KF923903    0.24%    passed     99.96%
  73  KX538965    0.24%    passed     99.96%
  74  KX538969    0.24%    passed     99.96%
  75  KX538977    0.24%    passed     99.96%
  76  KX538973    0.24%    passed     99.96%
  77  KX538968    0.24%    passed     99.79%
  78  KX538967    0.24%    passed     99.79%
  79  KX538975    0.24%    passed     99.93%
  80  KX538971    0.24%    passed     99.81%
  81  KX538974    0.24%    passed     99.81%
  82  KF923902    0.24%    passed     99.53%
  83  KX538970    0.24%    passed     99.84%
  84  KX538978    0.24%    passed     99.84%
  85  KX538979    0.24%    passed     99.84%
  86  OK073088    0.24%    passed     99.84%
  87  LC315646    0.24%    passed     99.82%
  88  OK073087    0.24%    passed     99.75%
  89  OK073090    0.24%    passed     99.97%
  90  MG977451    0.24%    passed     99.53%
  91  LC315647    0.24%    passed     99.26%
  92  OL770288    0.24%    passed     99.67%
  93  OL770287    0.24%    passed     99.67%
  94  OL770289    0.94%    passed     99.91%
  95  KF923904    0.24%    passed     99.67%
  96  KX538964    0.24%    passed     99.67%
  97  KX538972    0.24%    passed     99.67%
  98  KX538966    0.24%    passed     99.67%
  99  KX538976    0.24%    passed     99.95%
 100  OK391227    0.24%    passed     99.53%
 101  LC315648    0.24%    passed     99.84%
 102  MF374983    0.24%    passed     99.66%
 103  KY369905    0.24%    passed     99.99%
 104  KY983588    0.24%    passed     99.99%
 105  KY369906    0.24%    passed     99.99%
 106  MW587040    0.24%    passed     99.99%
 107  MH121121    0.24%    passed     99.99%
 108  KY684759    0.24%    passed     99.99%
 109  KY983583    0.24%    passed     99.99%
 110  KY983585    0.24%    passed     99.99%
 111  KY967359    0.24%    passed     99.99%
 112  MF374984    0.24%    passed     99.99%
 113  KY369907    0.24%    passed     99.98%
 114  MF374985    0.24%    passed     99.98%
 115  MT118667    0.24%    passed    100.00%
 116  KY967361    0.24%    passed    100.00%
 117  MN306041    0.24%    passed     99.66%
 118  MT118673    0.24%    passed     99.90%
 119  MT118678    0.24%    passed     99.90%
 120  MW587042    0.24%    passed     99.90%
 121  MN306042    0.24%    passed     99.90%
 122  MW938760    0.24%    passed     99.90%
 123  MN310478    0.24%    passed     99.99%
 124  OK391238    0.24%    passed     99.83%
 125  LC687398    0.94%    passed     99.96%
 126  KY967358    0.24%    passed     99.97%
 127  OM386795    0.24%    passed     99.90%
 128  MN306036    0.24%    passed     99.84%
 129  MT118685    0.24%    passed     99.82%
 130  LC687400    0.24%    passed     99.82%
 131  OK391229    7.45%    passed     97.68%
 132  MT118692    0.24%    passed     99.96%
 133  MN026164    0.24%    passed     99.98%
 134  MT118683    0.24%    passed     99.75%
 135  MN306053    0.24%    passed     99.67%
 136  OK391230    0.71%    passed     99.84%
 137  LC687399    0.24%    passed     99.84%
 138  LC720427    0.24%    passed     99.90%
 139  LC720429    0.24%    passed     99.90%
 140  OM386798    0.24%    passed     99.88%
 141  OM386799    0.24%    passed     99.88%
 142  MW411432    0.24%    passed     99.67%
 143  OK391228    0.24%    passed     99.67%
 144  MW411433    0.39%    passed     99.57%
 145  MH828490    0.24%    passed    100.00%
 146  OM386794    0.24%    passed     99.96%
 147  OM386796    0.24%    passed     99.94%
 148  OM386797    0.24%    passed     99.94%
 149  KY967356    0.24%    passed     99.26%
 150  OK391226    0.24%    passed     99.54%
 151  OK391223    0.24%    passed     99.85%
 152  OK391222    0.24%    passed     99.69%
 153  OK391224    0.24%    passed     99.50%
 154  OK391225    0.24%    passed     99.97%
 155  OK391221    0.24%    passed     99.97%
 156  MG977452    0.24%    passed     99.83%
 157  OK073089    0.24%    passed     99.92%
 158  KF923898    0.24%    passed     99.96%
 159  OK073091    0.24%    passed     98.18%
 160  OK073092    0.24%    passed     98.18%
 161  MN310476    0.24%    passed     95.40%
 162  MT118668    0.24%    passed     97.03%
 163  MW559057    0.24%    passed     98.31%
 164  MW587041   56.08%    passed     78.84%
WARNING: 1 sequences contain more than 50% gaps/ambiguity
****  TOTAL       0.62%  0 sequences failed composition chi2 test (p-value<5%; df=3)
NOTE: KF530091 is identical to KF530071 but kept for subsequent analysis
NOTE: KF530094 is identical to KF530082 but kept for subsequent analysis
NOTE: KF923900 is identical to JN129834 but kept for subsequent analysis
NOTE: KF530070 is identical to KF530068 but kept for subsequent analysis
NOTE: KF923911 is identical to KF923907 but kept for subsequent analysis
NOTE: KY554973 is identical to KY554972 but kept for subsequent analysis
NOTE: KY554975 is identical to KY554974 but kept for subsequent analysis
NOTE: KF923903 is identical to KF923897 but kept for subsequent analysis
NOTE: KX538974 is identical to KX538971 but kept for subsequent analysis
NOTE: KX538978 is identical to KX538970 but kept for subsequent analysis
NOTE: OL770287 is identical to OL770288 but kept for subsequent analysis
NOTE: KX538964 is identical to KF923904 but kept for subsequent analysis
NOTE: KY983588 is identical to KY369905 but kept for subsequent analysis
NOTE: MF374985 is identical to KY369907 but kept for subsequent analysis
NOTE: MT118678 is identical to MT118673 but kept for subsequent analysis
NOTE: LC720429 is identical to LC720427 but kept for subsequent analysis
NOTE: OM386799 is identical to OM386798 but kept for subsequent analysis
NOTE: OK391228 is identical to MW411432 but kept for subsequent analysis
NOTE: OM386797 is identical to OM386796 but kept for subsequent analysis
NOTE: OK073092 is identical to OK073091 but kept for subsequent analysis
Checking for duplicate sequences: done in 0.00046587 secs using 73.84% CPU
Identifying sites to remove: done in 0.00136304 secs using 92.81% CPU
NOTE: 37 identical sequences (see below) will be ignored for subsequent analysis
NOTE: KF530089 (identical to KF530082) is ignored but added at the end
NOTE: KF923899 (identical to JN129834) is ignored but added at the end
NOTE: KF923914 (identical to KF923907) is ignored but added at the end
NOTE: KF923912 (identical to KF923907) is ignored but added at the end
NOTE: KF923909 (identical to KF923907) is ignored but added at the end
NOTE: KF923919 (identical to KF923907) is ignored but added at the end
NOTE: KF923910 (identical to KF923907) is ignored but added at the end
NOTE: KF923892 (identical to KF923907) is ignored but added at the end
NOTE: KF923920 (identical to KF923907) is ignored but added at the end
NOTE: KF923913 (identical to KF923907) is ignored but added at the end
NOTE: KF923915 (identical to KF923907) is ignored but added at the end
NOTE: KF923917 (identical to KF923907) is ignored but added at the end
NOTE: KF923916 (identical to KF923907) is ignored but added at the end
NOTE: KF923921 (identical to KF923907) is ignored but added at the end
NOTE: KF923908 (identical to KF923907) is ignored but added at the end
NOTE: KY674918 (identical to KY554972) is ignored but added at the end
NOTE: KY674917 (identical to KY554972) is ignored but added at the end
NOTE: KY674920 (identical to KY554974) is ignored but added at the end
NOTE: KX538965 (identical to KF923897) is ignored but added at the end
NOTE: KX538969 (identical to KF923897) is ignored but added at the end
NOTE: KX538977 (identical to KF923897) is ignored but added at the end
NOTE: KX538973 (identical to KF923897) is ignored but added at the end
NOTE: KX538979 (identical to KX538970) is ignored but added at the end
NOTE: OK073088 (identical to KX538970) is ignored but added at the end
NOTE: KX538972 (identical to KF923904) is ignored but added at the end
NOTE: KX538966 (identical to KF923904) is ignored but added at the end
NOTE: KY369906 (identical to KY369905) is ignored but added at the end
NOTE: MW587040 (identical to KY369905) is ignored but added at the end
NOTE: MH121121 (identical to KY369905) is ignored but added at the end
NOTE: KY684759 (identical to KY369905) is ignored but added at the end
NOTE: KY983583 (identical to KY369905) is ignored but added at the end
NOTE: KY983585 (identical to KY369905) is ignored but added at the end
NOTE: KY967359 (identical to KY369905) is ignored but added at the end
NOTE: MF374984 (identical to KY369905) is ignored but added at the end
NOTE: MW587042 (identical to MT118673) is ignored but added at the end
NOTE: MN306042 (identical to MT118673) is ignored but added at the end
NOTE: MW938760 (identical to MT118673) is ignored but added at the end
Alignment was printed to results/aligned_oc43_A_HE-delim.fasta.uniqueseq.phy

For your convenience alignment with unique sequences printed to results/aligned_oc43_A_HE-delim.fasta.uniqueseq.phy

Create initial parsimony tree by phylogenetic likelihood library (PLL)... 0.003 seconds

NOTE: 0 MB RAM (0 GB) is required!
Estimate model parameters (epsilon = 0.500)
1. Initial log-likelihood: -8456.478
2. Current log-likelihood: -7989.351
3. Current log-likelihood: -7985.153
Optimal log-likelihood: -7985.153
Rate parameters:  A-C: 0.26786  A-G: 0.61085  A-T: 0.19752  C-G: 0.51499  C-T: 2.67847  G-T: 1.00000
Base frequencies:  A: 0.253  C: 0.166  G: 0.186  T: 0.395
Parameters optimization took 3 rounds (0.122 sec)
Wrote distance file to... 
Computing ML distances based on estimated model parameters...
Calculating distance matrix: done in 0.024497 secs using 96.56% CPU
Computing ML distances took 0.024685 sec (of wall-clock time) 0.023774 sec (of CPU time)
Setting up auxiliary I and S matrices: done in 0.00049901 secs using 183.8% CPU
Constructing RapidNJ tree: done in 0.00136399 secs using 186.7% CPU
Computing RapidNJ tree took 0.001959 sec (of wall-clock time) 0.003554 sec (of CPU time)
Log-likelihood of RapidNJ tree: -3496.260
--------------------------------------------------------------------
|             INITIALIZING CANDIDATE TREE SET                      |
--------------------------------------------------------------------

Do NNI search on 2 best initial trees
Optimizing NNI: done in 0.0239642 secs using 99.62% CPU
BETTER TREE FOUND at iteration 1: -3496.259
Optimizing NNI: done in 0.528975 secs using 89.16% CPU
Finish initializing candidate tree set (4)
Current best tree score: -3496.259 / CPU time: 0.561
Number of iterations: 2
TREE SEARCH COMPLETED AFTER 2 ITERATIONS / Time: 0h:0m:0s

--------------------------------------------------------------------
|                    FINALIZING TREE SEARCH                        |
--------------------------------------------------------------------
Performs final model parameters optimization
Estimate model parameters (epsilon = 0.050)
1. Initial log-likelihood: -3496.259
2. Current log-likelihood: -3494.388
Optimal log-likelihood: -3494.382
Rate parameters:  A-C: 0.37799  A-G: 0.92229  A-T: 0.27653  C-G: 0.75625  C-T: 3.50349  G-T: 1.00000
Base frequencies:  A: 0.253  C: 0.166  G: 0.186  T: 0.395
Parameters optimization took 2 rounds (0.034 sec)
BEST SCORE FOUND : -3494.382
Total tree length: 0.184

Total number of iterations: 2
CPU time used for tree search: 0.503 sec (0h:0m:0s)
Wall-clock time used for tree search: 0.562 sec (0h:0m:0s)
Total CPU time used: 0.714 sec (0h:0m:0s)
Total wall-clock time used: 0.797 sec (0h:0m:0s)

Analysis results written to: 
  IQ-TREE report:                results/aligned_oc43_A_HE-delim.fasta.iqtree
  Maximum-likelihood tree:       results/aligned_oc43_A_HE-delim.fasta.treefile
  Likelihood distances:          results/aligned_oc43_A_HE-delim.fasta.mldist
  Screen log file:               results/aligned_oc43_A_HE-delim.fasta.log

Date and Time: Tue Jan 10 16:29:46 2023
