IQ-TREE multicore version 2.2.0-beta COVID-edition for Mac OS X 64-bit built Mar  3 2022 built Mar  3 2022
Developed by Bui Quang Minh, James Barbetti, Nguyen Lam Tung,
Olga Chernomor, Heiko Schmidt, Dominik Schrempf, Michael Woodhams, Ly Trong Nhan.

Host:    MacBook-Pro-5.local (SSE4.2, 8 GB RAM)
Command: iqtree2 -nt 1 -s results/aligned_oc43_B_Spike-delim.fasta -m GTR -ninit 2 -n 2 -me 0.05
Seed:    124267 (Using SPRNG - Scalable Parallel Random Number Generator)
Time:    Tue Jan 10 16:25:55 2023
Kernel:  SSE2 - 1 threads (8 CPU cores detected)

HINT: Use -nt option to specify number of threads because your CPU has 8 cores!
HINT: -nt AUTO will automatically determine the best number of threads to use.

Reading alignment file results/aligned_oc43_B_Spike-delim.fasta ... Fasta format detected
Reading fasta file: done in 0.00543594 secs using 94.57% CPU
Alignment most likely contains DNA/RNA sequences
Constructing alignment: done in 0.00307798 secs using 80.34% CPU
WARNING: 4 sites contain only gaps or ambiguous characters.
Alignment has 56 sequences with 4086 columns, 217 distinct patterns
173 parsimony-informative, 101 singleton sites, 3812 constant sites
          Gap/Ambiguity  Composition  p-value
Analyzing sequences: done in 2.00272e-05 secs using 94.87% CPU
   1  KF530072    0.44%    passed     99.14%
   2  KF530092    0.44%    passed     98.09%
   3  KF530080    0.44%    passed     98.02%
   4  KF530064    0.44%    passed     98.25%
   5  KF530078    0.44%    passed     98.27%
   6  KY014281    0.44%    passed     98.61%
   7  KF963233    0.44%    passed     98.66%
   8  KF963230    0.44%    passed     97.35%
   9  KF963236    0.44%    passed     96.64%
  10  KF530065    0.44%    passed     99.95%
  11  KF530066    0.44%    passed     99.94%
  12  KF530061    0.44%    passed     99.88%
  13  KF530073    0.44%    passed     99.97%
  14  KF530093    0.44%    passed     99.95%
  15  KF530060    0.44%    passed     99.98%
  16  KF530083    0.44%    passed     99.94%
  17  KF530086    0.44%    passed     99.94%
  18  KF530077    0.44%    passed     99.97%
  19  KF530087    0.44%    passed     99.94%
  20  KF530085    0.44%    passed     99.85%
  21  KF530074    0.44%    passed     99.99%
  22  KF530090    0.44%    passed     99.99%
  23  KF530097    0.44%    passed     99.99%
  24  KF530075    0.44%    passed     99.94%
  25  KF530059    0.44%    passed     99.95%
  26  KF530062    0.44%    passed     99.83%
  27  KF923896    0.15%    passed     99.43%
  28  KF923906    0.15%    passed     99.55%
  29  KP198611    0.15%    passed     99.60%
  30  KY014282    0.15%    passed     99.33%
  31  KY967360    0.15%    passed     98.15%
  32  MN026165    0.22%    passed     99.34%
  33  MF314143    0.15%    passed     99.20%
  34  LC315649    0.15%    passed     99.96%
  35  MT118672    0.15%    passed     99.91%
  36  MT118671    0.15%    passed     99.91%
  37  KU131570    0.37%    passed     99.93%
  38  KF572804    0.22%    passed     99.88%
  39  KF963238    0.22%    passed     99.76%
  40  KF572814    0.22%    passed     99.83%
  41  KF572811    0.22%    passed     99.87%
  42  KF963241    0.22%    passed     99.69%
  43  KF963239    0.22%    passed     99.76%
  44  KF963237    0.22%    passed     99.91%
  45  KF572806    0.22%    passed     99.83%
  46  KF572812    0.22%    passed     99.82%
  47  KF572807    0.22%    passed     99.66%
  48  KF572805    0.22%    passed     99.83%
  49  KF572813    0.22%    passed     99.69%
  50  MN310476    0.22%    passed     99.85%
  51  MN306043    0.22%    passed     99.75%
  52  KF572808    0.22%    passed     99.71%
  53  KF572810    0.22%    passed     99.85%
  54  KP198610    0.15%    passed     99.36%
  55  KF572809    0.22%    passed     99.61%
  56  KF963234    0.15%    passed     99.82%
****  TOTAL       0.31%  0 sequences failed composition chi2 test (p-value<5%; df=3)
NOTE: KF530086 is identical to KF530083 but kept for subsequent analysis
NOTE: KF530090 is identical to KF530074 but kept for subsequent analysis
NOTE: MT118671 is identical to MT118672 but kept for subsequent analysis
Checking for duplicate sequences: done in 0.000137091 secs using 65.65% CPU
Identifying sites to remove: done in 0.00262809 secs using 96.57% CPU
NOTE: 1 identical sequences (see below) will be ignored for subsequent analysis
NOTE: KF530097 (identical to KF530074) is ignored but added at the end
Alignment was printed to results/aligned_oc43_B_Spike-delim.fasta.uniqueseq.phy

For your convenience alignment with unique sequences printed to results/aligned_oc43_B_Spike-delim.fasta.uniqueseq.phy

Create initial parsimony tree by phylogenetic likelihood library (PLL)... 0.000 seconds

NOTE: 0 MB RAM (0 GB) is required!
Estimate model parameters (epsilon = 0.500)
1. Initial log-likelihood: -17544.913
2. Current log-likelihood: -16888.895
3. Current log-likelihood: -16840.592
4. Current log-likelihood: -16809.289
Optimal log-likelihood: -16809.288
Rate parameters:  A-C: 2.02437  A-G: 2.62950  A-T: 0.93648  C-G: 0.54984  C-T: 6.10551  G-T: 1.00000
Base frequencies:  A: 0.285  C: 0.161  G: 0.195  T: 0.359
Parameters optimization took 4 rounds (0.036 sec)
Wrote distance file to... 
Computing ML distances based on estimated model parameters...
Calculating distance matrix: done in 0.00422716 secs using 99.48% CPU
Computing ML distances took 0.004334 sec (of wall-clock time) 0.004277 sec (of CPU time)
Setting up auxiliary I and S matrices: done in 0.000137806 secs using 82.73% CPU
Constructing RapidNJ tree: done in 0.000452995 secs using 168.4% CPU
Computing RapidNJ tree took 0.000714 sec (of wall-clock time) 0.000981 sec (of CPU time)
Log-likelihood of RapidNJ tree: -8431.981
--------------------------------------------------------------------
|             INITIALIZING CANDIDATE TREE SET                      |
--------------------------------------------------------------------

Do NNI search on 2 best initial trees
Optimizing NNI: done in 0.020963 secs using 99.96% CPU
Estimate model parameters (epsilon = 0.500)
BETTER TREE FOUND at iteration 1: -8356.299
Optimizing NNI: done in 0.134166 secs using 98.02% CPU
Finish initializing candidate tree set (4)
Current best tree score: -8356.299 / CPU time: 0.172
Number of iterations: 2
TREE SEARCH COMPLETED AFTER 2 ITERATIONS / Time: 0h:0m:0s

--------------------------------------------------------------------
|                    FINALIZING TREE SEARCH                        |
--------------------------------------------------------------------
Performs final model parameters optimization
Estimate model parameters (epsilon = 0.050)
1. Initial log-likelihood: -8356.299
Optimal log-likelihood: -8356.297
Rate parameters:  A-C: 0.80493  A-G: 1.76288  A-T: 0.55622  C-G: 0.29118  C-T: 4.86802  G-T: 1.00000
Base frequencies:  A: 0.285  C: 0.161  G: 0.195  T: 0.359
Parameters optimization took 1 rounds (0.004 sec)
BEST SCORE FOUND : -8356.297
Total tree length: 0.092

Total number of iterations: 2
CPU time used for tree search: 0.169 sec (0h:0m:0s)
Wall-clock time used for tree search: 0.172 sec (0h:0m:0s)
Total CPU time used: 0.225 sec (0h:0m:0s)
Total wall-clock time used: 0.230 sec (0h:0m:0s)

Analysis results written to: 
  IQ-TREE report:                results/aligned_oc43_B_Spike-delim.fasta.iqtree
  Maximum-likelihood tree:       results/aligned_oc43_B_Spike-delim.fasta.treefile
  Likelihood distances:          results/aligned_oc43_B_Spike-delim.fasta.mldist
  Screen log file:               results/aligned_oc43_B_Spike-delim.fasta.log

Date and Time: Tue Jan 10 16:25:55 2023
