IQ-TREE multicore version 2.2.0-beta COVID-edition for Mac OS X 64-bit built Mar  3 2022 built Mar  3 2022
Developed by Bui Quang Minh, James Barbetti, Nguyen Lam Tung,
Olga Chernomor, Heiko Schmidt, Dominik Schrempf, Michael Woodhams, Ly Trong Nhan.

Host:    MacBook-Pro-5.local (SSE4.2, 8 GB RAM)
Command: iqtree2 -nt 1 -s results/aligned_oc43_A_ORF1ab-delim.fasta -m GTR -ninit 2 -n 2 -me 0.05
Seed:    991344 (Using SPRNG - Scalable Parallel Random Number Generator)
Time:    Tue Jan 10 16:34:37 2023
Kernel:  SSE2 - 1 threads (8 CPU cores detected)

HINT: Use -nt option to specify number of threads because your CPU has 8 cores!
HINT: -nt AUTO will automatically determine the best number of threads to use.

Reading alignment file results/aligned_oc43_A_ORF1ab-delim.fasta ... Fasta format detected
Reading fasta file: done in 0.075572 secs using 95.66% CPU
Alignment most likely contains DNA/RNA sequences
Constructing alignment: done in 0.0276129 secs using 84.58% CPU
Alignment has 169 sequences with 21288 columns, 1665 distinct patterns
624 parsimony-informative, 762 singleton sites, 19902 constant sites
          Gap/Ambiguity  Composition  p-value
Analyzing sequences: done in 0.000671864 secs using 87.82% CPU
   1  KF530084    0.00%    passed     99.85%
   2  KF530098    0.00%    passed     99.83%
   3  JN129834    0.06%    passed     99.32%
   4  KF530068    0.00%    passed     99.77%
   5  KF530081    0.00%    passed     99.87%
   6  KF530070    0.00%    passed     99.64%
   7  KF530069    0.00%    passed     99.81%
   8  KF530063    0.00%    passed     98.84%
   9  KF530099    0.00%    passed     98.90%
  10  KF530071    0.00%    passed     99.40%
  11  KF530088    0.00%    passed     99.35%
  12  KF530076    0.00%    passed     99.09%
  13  KF530079    0.00%    passed     98.70%
  14  KF530082    0.00%    passed     99.46%
  15  KF530089    0.00%    passed     99.43%
  16  KF530094    0.00%    passed     99.28%
  17  KF530091    0.00%    passed     98.89%
  18  KF530067    0.00%    passed     99.62%
  19  KF530095    0.00%    passed     98.87%
  20  KF530096    0.00%    passed     98.83%
  21  KF530092    0.00%    passed     99.49%
  22  KF530078    0.00%    passed     99.58%
  23  KF530064    0.00%    passed     99.66%
  24  KF530072    0.00%    passed     99.71%
  25  KF530080    0.00%    passed     99.58%
  26  MH828490    0.00%    passed     99.98%
  27  KF923888    0.00%    passed     99.99%
  28  KF923887    0.00%    passed    100.00%
  29  KF923889    0.00%    passed     99.96%
  30  JN129835    0.00%    passed    100.00%
  31  KF923890    0.00%    passed    100.00%
  32  KF923907    0.00%    passed    100.00%
  33  KF923911    0.00%    passed     99.99%
  34  KF923901    0.00%    passed     99.98%
  35  KF923914    0.00%    passed     99.99%
  36  KF923912    0.00%    passed    100.00%
  37  KF923894    0.00%    passed     99.98%
  38  KF923917    0.00%    passed     99.99%
  39  KF923908    0.00%    passed     99.98%
  40  KF923909    0.00%    passed     99.97%
  41  KF923916    0.00%    passed     99.96%
  42  KF923892    0.00%    passed     99.97%
  43  KF923919    0.00%    passed     99.99%
  44  KF923910    0.00%    passed     99.98%
  45  KF923913    0.00%    passed     99.97%
  46  KF923915    0.00%    passed     99.95%
  47  KY554974    0.00%    passed    100.00%
  48  KY554975    0.00%    passed    100.00%
  49  KY674920    0.00%    passed    100.00%
  50  KF923920    0.00%    passed     99.98%
  51  KY554972    0.00%    passed     99.98%
  52  KY554973    0.00%    passed     99.98%
  53  KY674918    0.00%    passed     99.98%
  54  KY674917    0.00%    passed     99.98%
  55  KF923891    0.00%    passed     99.97%
  56  KF923921    0.00%    passed     99.95%
  57  KF923902    0.00%    passed    100.00%
  58  KF923904    0.00%    passed    100.00%
  59  KX538964    0.00%    passed    100.00%
  60  KX538972    0.00%    passed    100.00%
  61  KX538976    0.00%    passed    100.00%
  62  KX538966    0.00%    passed    100.00%
  63  KX538970    0.00%    passed    100.00%
  64  KX538978    0.00%    passed     99.99%
  65  LC315646    0.00%    passed     99.98%
  66  LC315647    0.00%    passed     99.95%
  67  OL770288    0.00%    passed     99.94%
  68  OL770287    0.00%    passed     99.97%
  69  OL770289    0.71%    passed     99.91%
  70  KX538979    0.00%    passed    100.00%
  71  OK073088    0.02%    passed     99.99%
  72  LC315648    0.00%    passed     99.99%
  73  OK073087    0.00%    passed     99.97%
  74  OK073090    0.00%    passed     99.93%
  75  KY967356    0.24%    passed     99.97%
  76  KF923918    0.00%    passed     99.92%
  77  KF923922    0.00%    passed     99.98%
  78  KF923925    0.00%    passed     99.87%
  79  KJ958219    0.00%    passed     99.75%
  80  KJ958218    0.00%    passed     99.79%
  81  KF923924    0.00%    passed     99.93%
  82  KF923895    0.00%    passed     99.98%
  83  KX344031    0.00%    passed    100.00%
  84  KF923897    0.00%    passed    100.00%
  85  KF923903    0.00%    passed     99.99%
  86  KX538965    0.00%    passed     99.99%
  87  KX538973    0.00%    passed    100.00%
  88  KX538971    0.00%    passed    100.00%
  89  KX538974    0.00%    passed    100.00%
  90  KX538968    0.00%    passed    100.00%
  91  KX538977    0.00%    passed     99.99%
  92  KX538969    0.00%    passed     99.99%
  93  KX538967    0.00%    passed    100.00%
  94  KX538975    0.00%    passed    100.00%
  95  MN310476    0.05%    passed     99.83%
  96  MT118668    0.00%    passed     99.83%
  97  KF923893    0.00%    passed     99.92%
  98  OK073091    0.00%    passed     99.99%
  99  OK073092    1.40%    passed     99.99%
 100  MF374983    0.00%    passed     99.99%
 101  MG977451    0.00%    passed     99.82%
 102  MG977452    0.00%    passed     99.80%
 103  MN026164    0.00%    passed     99.94%
 104  KF923923    0.00%    passed     99.96%
 105  OK073089    0.00%    passed     99.85%
 106  KY369905    0.00%    passed     99.99%
 107  KY369907    0.00%    passed     99.99%
 108  KY967361    0.21%    passed     99.77%
 109  MW587040    0.00%    passed     99.98%
 110  KY967358    0.00%    passed     99.99%
 111  MH121121    0.00%    passed     99.99%
 112  KY983583    0.00%    passed     99.95%
 113  KY983585    0.00%    passed     99.95%
 114  MF374984    0.00%    passed     99.95%
 115  MF374985    0.00%    passed     99.97%
 116  MT118667    0.00%    passed     99.98%
 117  KY369906    0.00%    passed     99.97%
 118  KY967359    0.10%    passed    100.00%
 119  KY983588    0.08%    passed     99.97%
 120  KY684759    0.00%    passed     99.96%
 121  OK391226    0.00%    passed     99.87%
 122  MW587041   24.02%    passed     63.79%
 123  OK391225    0.00%    passed     99.86%
 124  OK391224    0.85%    passed     98.53%
 125  OK391223    2.76%    passed     99.70%
 126  LC687399    0.00%    passed     99.86%
 127  LC720427    0.00%    passed     99.86%
 128  LC720429    0.00%    passed     99.92%
 129  MN306036    0.74%    passed     99.99%
 130  MN306041    0.00%    passed     99.95%
 131  MT118673    0.00%    passed     99.95%
 132  MW587042    0.00%    passed     99.97%
 133  LC687400    0.00%    passed     99.97%
 134  MT118678    0.00%    passed     99.96%
 135  MN306042    0.00%    passed     99.92%
 136  LC687398    0.00%    passed     99.93%
 137  MT118685    0.00%    passed     99.93%
 138  MN306053    0.00%    passed     99.95%
 139  MW411432    0.00%    passed     99.92%
 140  MW411433    0.01%    passed     99.93%
 141  OK391228    0.39%    passed     99.70%
 142  OM386798    0.00%    passed     99.92%
 143  OM386799    0.00%    passed     99.92%
 144  OM386794    0.00%    passed     99.89%
 145  MT118692    0.00%    passed     99.89%
 146  OM386796    0.00%    passed     99.92%
 147  OM386797    0.00%    passed     99.92%
 148  MN310478    1.79%    passed     99.94%
 149  MW938760    0.00%    passed     99.94%
 150  OM386795    0.00%    passed     99.94%
 151  OK391227    0.00%    passed     99.82%
 152  MT118683    0.00%    passed     99.83%
 153  OK391238    5.91%    passed     97.66%
 154  KF923886    0.00%    passed     99.80%
 155  KF923898    0.00%    passed     99.99%
 156  MN306043    0.00%    passed     99.73%
 157  MW052042    0.00%    passed     99.72%
 158  OK391230    5.10%    passed     92.43%
 159  MW559057    0.00%    passed     99.66%
 160  KF923900    0.00%    passed     99.92%
 161  KF923899    0.00%    passed     99.96%
 162  KF923905    0.00%    passed     99.96%
 163  KU131570    0.00%    passed     98.32%
 164  MF314143    0.00%    passed     98.67%
 165  KY967360    0.00%    passed     98.59%
 166  MN026165    0.80%    passed     94.92%
 167  OK391222    5.44%    passed     93.13%
 168  OK391229   36.52%    passed     91.23%
 169  OK391221    2.36%    passed     98.77%
****  TOTAL       0.53%  0 sequences failed composition chi2 test (p-value<5%; df=3)
NOTE: KY554975 is identical to KY554974 but kept for subsequent analysis
NOTE: KY554973 is identical to KY554972 but kept for subsequent analysis
NOTE: LC720427 is identical to LC687399 but kept for subsequent analysis
NOTE: OM386799 is identical to OM386798 but kept for subsequent analysis
NOTE: OM386797 is identical to OM386796 but kept for subsequent analysis
Checking for duplicate sequences: done in 0.00193906 secs using 88.5% CPU
Identifying sites to remove: done in 0.0299921 secs using 98.37% CPU
NOTE: 2 identical sequences (see below) will be ignored for subsequent analysis
NOTE: KY674918 (identical to KY554972) is ignored but added at the end
NOTE: KY674917 (identical to KY554972) is ignored but added at the end
Alignment was printed to results/aligned_oc43_A_ORF1ab-delim.fasta.uniqueseq.phy

For your convenience alignment with unique sequences printed to results/aligned_oc43_A_ORF1ab-delim.fasta.uniqueseq.phy

Create initial parsimony tree by phylogenetic likelihood library (PLL)... 0.004 seconds

NOTE: 9 MB RAM (0 GB) is required!
Estimate model parameters (epsilon = 0.500)
1. Initial log-likelihood: -82179.664
2. Current log-likelihood: -78151.853
3. Current log-likelihood: -78105.002
Optimal log-likelihood: -78104.944
Rate parameters:  A-C: 0.58797  A-G: 2.30458  A-T: 0.48159  C-G: 0.33789  C-T: 7.44903  G-T: 1.00000
Base frequencies:  A: 0.273  C: 0.143  G: 0.221  T: 0.363
Parameters optimization took 3 rounds (0.856 sec)
Wrote distance file to... 
Computing ML distances based on estimated model parameters...
Calculating distance matrix: done in 0.107277 secs using 98.64% CPU
Computing ML distances took 0.109972 sec (of wall-clock time) 0.108046 sec (of CPU time)
Setting up auxiliary I and S matrices: done in 0.000838041 secs using 177.4% CPU
Constructing RapidNJ tree: done in 0.00282001 secs using 176.3% CPU
Computing RapidNJ tree took 0.003813 sec (of wall-clock time) 0.006658 sec (of CPU time)
Log-likelihood of RapidNJ tree: -45148.079
--------------------------------------------------------------------
|             INITIALIZING CANDIDATE TREE SET                      |
--------------------------------------------------------------------

Do NNI search on 2 best initial trees
Optimizing NNI: done in 0.458809 secs using 107.3% CPU
Estimate model parameters (epsilon = 0.500)
BETTER TREE FOUND at iteration 1: -44974.634
Optimizing NNI: done in 3.71874 secs using 98.63% CPU
Finish initializing candidate tree set (4)
Current best tree score: -44974.634 / CPU time: 4.514
Number of iterations: 2
TREE SEARCH COMPLETED AFTER 2 ITERATIONS / Time: 0h:0m:5s

--------------------------------------------------------------------
|                    FINALIZING TREE SEARCH                        |
--------------------------------------------------------------------
Performs final model parameters optimization
Estimate model parameters (epsilon = 0.050)
1. Initial log-likelihood: -44974.634
Optimal log-likelihood: -44974.632
Rate parameters:  A-C: 0.99005  A-G: 2.68043  A-T: 0.54291  C-G: 0.46538  C-T: 7.40363  G-T: 1.00000
Base frequencies:  A: 0.273  C: 0.143  G: 0.221  T: 0.363
Parameters optimization took 1 rounds (0.087 sec)
BEST SCORE FOUND : -44974.632
Total tree length: 0.088

Total number of iterations: 2
CPU time used for tree search: 4.504 sec (0h:0m:4s)
Wall-clock time used for tree search: 4.515 sec (0h:0m:4s)
Total CPU time used: 5.807 sec (0h:0m:5s)
Total wall-clock time used: 5.754 sec (0h:0m:5s)

Analysis results written to: 
  IQ-TREE report:                results/aligned_oc43_A_ORF1ab-delim.fasta.iqtree
  Maximum-likelihood tree:       results/aligned_oc43_A_ORF1ab-delim.fasta.treefile
  Likelihood distances:          results/aligned_oc43_A_ORF1ab-delim.fasta.mldist
  Screen log file:               results/aligned_oc43_A_ORF1ab-delim.fasta.log

Date and Time: Tue Jan 10 16:34:44 2023
