IQ-TREE multicore version 2.2.0-beta COVID-edition for Mac OS X 64-bit built Mar  3 2022 built Mar  3 2022
Developed by Bui Quang Minh, James Barbetti, Nguyen Lam Tung,
Olga Chernomor, Heiko Schmidt, Dominik Schrempf, Michael Woodhams, Ly Trong Nhan.

Host:    MacBook-Pro-2.local (SSE4.2, 8 GB RAM)
Command: iqtree2 -nt 1 -s results/aligned_parvovirusB19_all-delim.fasta -m GTR -ninit 2 -n 2 -me 0.05
Seed:    1223 (Using SPRNG - Scalable Parallel Random Number Generator)
Time:    Thu Nov  3 11:27:15 2022
Kernel:  SSE2 - 1 threads (8 CPU cores detected)

HINT: Use -nt option to specify number of threads because your CPU has 8 cores!
HINT: -nt AUTO will automatically determine the best number of threads to use.

Reading alignment file results/aligned_parvovirusB19_all-delim.fasta ... Fasta format detected
Reading fasta file: done in 0.0268312 secs using 85.52% CPU
Alignment most likely contains DNA/RNA sequences
Constructing alignment: done in 0.011591 secs using 82.93% CPU
Alignment has 247 sequences with 5596 columns, 2825 distinct patterns
1400 parsimony-informative, 535 singleton sites, 3661 constant sites
            Gap/Ambiguity  Composition  p-value
Analyzing sequences: done in 0.00137401 secs using 90.1% CPU
   1  AY386330.1    0.00%    passed      8.22%
   2  MT682520.1    0.79%    failed      4.79%
   3  MT410185.1   26.32%    failed      0.35%
   4  FN598217.1    0.04%    passed      9.65%
   5  FN598218.1    0.04%    passed      9.65%
   6  KM393164.1    0.00%    passed      7.08%
   7  MT410189.1   16.85%    failed      0.23%
   8  KM393163.1    0.00%    passed     10.50%
   9  AF162273.1    0.04%    passed      6.59%
  10  AB126262.1   20.19%    passed     94.26%
  11  AB126263.1   20.19%    passed     94.26%
  12  AB126264.1   20.19%    passed     93.27%
  13  AB126271.1   20.19%    passed     96.27%
  14  AB030673.1   17.30%    passed     98.32%
  15  AB030693.1   14.17%    passed     92.11%
  16  JN211129.1   23.03%    passed     89.12%
  17  JN211179.1   23.52%    passed     85.16%
  18  KT268312.1    0.04%    passed      5.75%
  19  KC013305.1   20.76%    passed     90.24%
  20  KC013325.1   20.53%    passed     95.04%
  21  KC013329.1   20.30%    passed     96.29%
  22  Z70528.1     18.19%    passed     75.00%
  23  AY028237.1   19.35%    passed     83.86%
  24  AF161224.1   24.18%    passed     96.00%
  25  DQ408301.1   12.62%    passed     86.26%
  26  Z70560.1     17.24%    passed     67.27%
  27  M13178.1      8.79%    passed     97.25%
  28  JN211130.1   23.52%    passed     86.02%
  29  MN737621.1   22.53%    passed     90.80%
  30  MN746294.1   23.43%    passed     94.99%
  31  MN096576.1   23.34%    passed     86.63%
  32  MN096575.1   26.43%    passed     73.31%
  33  KR005640.1   13.46%    passed     82.62%
  34  KR005642.1   13.47%    passed     82.85%
  35  KR005641.1   13.38%    passed     80.74%
  36  KR005644.1   13.33%    passed     81.97%
  37  JN211121.1   23.52%    passed     82.83%
  38  JN211125.1   23.52%    passed     85.06%
  39  JN211144.1   23.16%    passed     86.87%
  40  JN211176.1   23.05%    passed     88.41%
  41  JN211163.1   23.52%    passed     84.67%
  42  JN211183.1   23.52%    passed     84.52%
  43  JN211133.1   23.52%    passed     86.24%
  44  JN211136.1   23.52%    passed     86.93%
  45  JN211171.1   23.52%    passed     85.81%
  46  JN211156.1   23.52%    passed     87.43%
  47  JN211142.1   23.52%    passed     86.82%
  48  JN211137.1   23.52%    passed     86.63%
  49  JN211158.1   23.52%    passed     89.51%
  50  JN211165.1   23.52%    passed     78.92%
  51  JN211178.1   23.52%    passed     81.54%
  52  JN211157.1   23.52%    passed     83.92%
  53  JN211127.1   23.52%    passed     84.28%
  54  JN211145.1   23.52%    passed     83.92%
  55  JN211150.1   23.05%    passed     90.04%
  56  JN211151.1   23.03%    passed     89.36%
  57  JN211148.1   23.52%    passed     82.81%
  58  JN211131.1   23.03%    passed     86.77%
  59  JN211164.1   23.52%    passed     80.19%
  60  JN211177.1   23.03%    passed     86.62%
  61  JN211143.1   23.52%    passed     85.00%
  62  JN211147.1   23.52%    passed     83.95%
  63  Z68146.1      7.86%    passed     92.60%
  64  JN211139.1   23.52%    passed     87.43%
  65  JN211149.1   23.03%    passed     90.71%
  66  JN211160.1   23.53%    passed     88.12%
  67  JN211153.1   23.11%    passed     89.60%
  68  JN211182.1   23.39%    passed     88.57%
  69  AF161226.1   23.53%    passed     87.14%
  70  JN211159.1   23.53%    passed     85.83%
  71  JN211138.1   23.52%    passed     89.78%
  72  JN211167.1   23.52%    passed     91.55%
  73  KM065414.1   18.91%    passed     92.42%
  74  MN096573.1   23.80%    passed     89.02%
  75  AF161223.1   24.25%    passed     90.81%
  76  AF113323.1   18.91%    passed     73.31%
  77  AB126269.1   20.19%    passed     96.02%
  78  AF161225.1   24.16%    passed     92.32%
  79  KC013324.1   20.14%    passed     92.98%
  80  KC013343.1   20.78%    passed     94.93%
  81  KM393169.1    0.00%    passed     13.78%
  82  AB030694.1   14.17%    passed     90.87%
  83  KC013308.1   20.32%    passed     96.50%
  84  JN211180.1   23.52%    passed     85.28%
  85  M24682.1      6.13%    passed     85.14%
  86  AY504945.1    0.13%    passed     10.26%
  87  Z70599.1     19.34%    passed     83.35%
  88  FN669502.1   18.55%    passed     73.99%
  89  FN669503.1   19.89%    passed     73.13%
  90  FN669506.1   19.85%    passed     63.20%
  91  FN669507.1   18.51%    passed     74.15%
  92  FJ591158.1    3.29%    passed     34.08%
  93  MN765167.1    5.65%    passed     71.05%
  94  MN765170.1   10.15%    passed     92.94%
  95  MN765168.1    8.51%    passed     93.31%
  96  JN211155.1   23.52%    passed     84.47%
  97  DQ293995.2   12.90%    passed     73.13%
  98  KC013316.1   20.46%    passed     97.97%
  99  DQ225151.1   20.37%    passed     95.21%
 100  MZ736616.1    9.15%    passed     94.45%
 101  MZ736618.1   10.06%    passed     96.40%
 102  MZ736623.1    9.67%    passed     95.00%
 103  MZ695229.1   10.13%    passed     94.96%
 104  MZ736619.1    9.69%    passed     95.54%
 105  KT310174.1    6.68%    passed     82.86%
 106  MZ736617.1    9.95%    passed     94.25%
 107  MZ695226.1   10.10%    passed     93.93%
 108  MZ695227.1   10.11%    passed     94.28%
 109  MZ695228.1   12.33%    passed     97.17%
 110  MZ695231.1   10.19%    passed     97.15%
 111  MN105993.1   22.37%    passed     92.62%
 112  OL672523.1   11.15%    passed     97.73%
 113  OL672524.1   12.51%    passed     81.66%
 114  OL672527.1   12.04%    passed     92.87%
 115  KM393166.1    0.00%    passed      6.80%
 116  KM393167.1    0.00%    passed     11.30%
 117  KM393168.1    0.00%    passed      8.60%
 118  OL672525.1   11.87%    passed     96.19%
 119  OL672526.1   14.90%    passed     94.32%
 120  KM393165.1    0.00%    passed      7.72%
 121  MN746295.1   24.46%    passed     89.83%
 122  MK989716.1    0.05%    passed     12.31%
 123  MH201455.1    0.00%    passed      7.55%
 124  MH201456.1    0.00%    passed      6.14%
 125  JN211141.1   23.03%    passed     91.01%
 126  JN211181.1   23.32%    passed     87.80%
 127  JN211184.1   23.21%    passed     90.74%
 128  JN211152.1   23.52%    passed     83.11%
 129  JN211173.1   23.03%    passed     93.53%
 130  JN211166.1   23.52%    passed     86.17%
 131  JN211122.1   23.52%    passed     88.77%
 132  JN211124.1   23.52%    passed     90.11%
 133  JN211123.1   23.27%    passed     89.62%
 134  JN211162.1   23.70%    passed     90.90%
 135  JN211135.1   23.52%    passed     75.76%
 136  JN211168.1   23.52%    passed     85.24%
 137  JN211161.1   23.03%    passed     85.06%
 138  JN211174.1   23.52%    passed     78.54%
 139  JN211126.1   23.52%    passed     90.68%
 140  JN211146.1   23.52%    passed     88.99%
 141  JN211128.1   23.03%    passed     93.04%
 142  JN211132.1   23.03%    passed     92.61%
 143  JN211172.1   23.52%    passed     88.80%
 144  AJ781031.1   20.91%    passed     96.18%
 145  AJ781032.1   20.91%    passed     94.65%
 146  AJ781033.1   20.91%    passed     96.20%
 147  AJ781034.1   19.91%    passed     91.36%
 148  AJ781035.1   19.89%    passed     90.04%
 149  AJ781038.1   17.03%    passed     99.46%
 150  JN211134.1   23.32%    passed     91.85%
 151  AJ781036.1   19.92%    passed     88.03%
 152  AJ781037.1   19.92%    passed     81.50%
 153  KX752821.1   18.91%    passed     94.67%
 154  JN211154.1   23.52%    passed     78.27%
 155  JN211169.1   23.52%    passed     85.00%
 156  MN746296.1   22.48%    passed     93.04%
 157  MT988400.1    4.45%    passed      8.65%
 158  MT410187.1    0.00%    passed     10.12%
 159  AB126266.1   20.19%    passed     97.45%
 160  AB126267.1   20.19%    passed     98.01%
 161  AB126268.1   20.19%    passed     98.73%
 162  FN669504.1   19.17%    passed     72.37%
 163  FN669505.1   26.89%    passed     85.26%
 164  MN765169.1   10.15%    passed     97.90%
 165  KM065415.1   18.89%    passed     91.39%
 166  JN211140.1   23.52%    passed     87.64%
 167  JN211175.1   23.52%    passed     89.48%
 168  JN211170.1   23.52%    passed     85.87%
 169  JN211185.1   23.52%    passed     82.20%
 170  KC013340.1   20.34%    passed     95.88%
 171  MZ736620.1    9.70%    passed     93.58%
 172  MZ736622.1   12.69%    passed     94.05%
 173  MZ736621.1   12.37%    passed     95.36%
 174  MZ695232.1   11.28%    passed     87.39%
 175  DQ225149.1   20.14%    passed     86.47%
 176  DQ225150.1   20.55%    passed     95.34%
 177  KC013321.1   20.37%    passed     91.98%
 178  MN096574.1   19.25%    passed     90.54%
 179  KR005643.1   12.38%    passed     99.45%
 180  KC013312.1   20.35%    passed     98.32%
 181  KC013314.1   20.39%    passed     93.04%
 182  KC013331.1   20.41%    passed     94.14%
 183  KC013338.1   20.32%    passed     95.80%
 184  KC013344.1   20.35%    passed     93.10%
 185  KC013333.1   20.32%    passed     94.42%
 186  KC013313.1   21.02%    passed     95.89%
 187  KC013351.1   21.02%    passed     95.89%
 188  KC013327.1   20.51%    passed     95.88%
 189  KC013332.1   21.19%    passed     88.38%
 190  KC013346.1   20.80%    passed     97.78%
 191  KC013303.1   26.52%    passed     83.98%
 192  OL672528.1   15.23%    passed     85.83%
 193  DQ225148.1   20.25%    passed     96.60%
 194  AB126265.1   20.19%    passed     93.04%
 195  MZ695225.1    9.69%    passed     99.56%
 196  MZ695230.1   10.03%    passed     98.08%
 197  AB126270.1   20.05%    passed     99.67%
 198  KC013322.1   21.21%    passed     91.52%
 199  MH151117.1   10.47%    passed     94.60%
 200  DQ357064.1   19.59%    passed     92.77%
 201  DQ357065.1   20.50%    passed     94.16%
 202  MT988402.1    5.13%    failed      1.70%
 203  MN765171.1    9.20%    passed     77.88%
 204  KC013306.1   21.87%    passed     99.05%
 205  KC013326.1   21.87%    passed     96.00%
 206  AY647977.1   11.67%    passed     81.81%
 207  KC013310.1   22.87%    passed     92.65%
 208  KC013315.1   22.66%    passed     89.61%
 209  KC013323.1   22.53%    passed     93.77%
 210  AY582124.2   13.12%    passed     76.37%
 211  DQ234779.2   13.12%    passed     68.70%
 212  AY083234.1   10.44%    passed     82.88%
 213  DQ234778.2   13.12%    passed     65.46%
 214  DQ408302.1   11.97%    passed     77.69%
 215  DQ408305.1   11.95%    passed     78.99%
 216  DQ408303.1   11.95%    passed     92.61%
 217  DQ408304.1   11.95%    passed     78.29%
 218  KC013328.1   23.23%    passed     81.51%
 219  FJ265736.1   13.47%    passed     80.41%
 220  DQ234775.2   13.12%    passed     83.05%
 221  AY582125.2   13.12%    passed     84.45%
 222  DQ234769.2   13.12%    passed     63.45%
 223  DQ234771.2   13.12%    passed     76.42%
 224  MT988397.1    8.27%    failed      4.25%
 225  MT410184.1    0.20%    passed     13.50%
 226  MT988401.1   17.08%    failed      0.03%
 227  MT988403.1   11.33%    passed     37.84%
 228  MT410190.1   14.96%    failed      0.47%
 229  KF724386.1   13.42%    passed     84.44%
 230  DQ333428.1   19.30%    passed     77.67%
 231  AJ717293.1   12.10%    passed     94.97%
 232  KF724387.1   11.12%    passed     82.43%
 233  AB550331.1    0.29%    passed      5.78%
 234  DQ333426.1   12.03%    passed     84.94%
 235  AY903437.2   11.26%    passed     84.10%
 236  AY044266.2   11.83%    passed     93.98%
 237  EF216869.1   11.42%    passed     60.17%
 238  AY064475.1   13.47%    passed     54.17%
 239  AY064476.1   13.47%    passed     44.39%
 240  HQ340601.1   22.19%    passed     92.83%
 241  MT988399.1   14.31%    failed      0.49%
 242  MT410188.1   26.64%    passed      9.69%
 243  MT988398.1   24.37%    passed     49.91%
 244  MT410186.1   13.03%    passed     22.15%
 245  LN680968.2   27.29%    passed     95.88%
 246  DQ333427.1   14.85%    passed     86.34%
 247  HQ340602.1   22.19%    passed     67.27%
****  TOTAL        17.08%  8 sequences failed composition chi2 test (p-value<5%; df=3)
NOTE: FN598218.1 is identical to FN598217.1 but kept for subsequent analysis
NOTE: AB126263.1 is identical to AB126262.1 but kept for subsequent analysis
NOTE: KC013351.1 is identical to KC013313.1 but kept for subsequent analysis
Checking for duplicate sequences: done in 0.00163221 secs using 93.8% CPU

Create initial parsimony tree by phylogenetic likelihood library (PLL)... 0.002 seconds

NOTE: 22 MB RAM (0 GB) is required!
Estimate model parameters (epsilon = 0.500)
1. Initial log-likelihood: -173896.757
2. Current log-likelihood: -161964.825
3. Current log-likelihood: -161699.528
Optimal log-likelihood: -161698.364
Rate parameters:  A-C: 1.23427  A-G: 4.50849  A-T: 1.86534  C-G: 0.93945  C-T: 6.86081  G-T: 1.00000
Base frequencies:  A: 0.307  C: 0.199  G: 0.223  T: 0.271
Parameters optimization took 3 rounds (1.424 sec)
Wrote distance file to... 
Computing ML distances based on estimated model parameters...
Calculating distance matrix: done in 0.215636 secs using 97.65% CPU
Computing ML distances took 0.217965 sec (of wall-clock time) 0.212554 sec (of CPU time)
Setting up auxiliary I and S matrices: done in 0.00255299 secs using 110.9% CPU
Constructing RapidNJ tree: done in 0.00328803 secs using 154.5% CPU
Computing RapidNJ tree took 0.006001 sec (of wall-clock time) 0.008111 sec (of CPU time)
Log-likelihood of RapidNJ tree: -44997.883
--------------------------------------------------------------------
|             INITIALIZING CANDIDATE TREE SET                      |
--------------------------------------------------------------------

Do NNI search on 2 best initial trees
Optimizing NNI: done in 0.876652 secs using 99.51% CPU
Estimate model parameters (epsilon = 0.500)
BETTER TREE FOUND at iteration 1: -44375.761
Optimizing NNI: done in 10.3988 secs using 99.82% CPU
Finish initializing candidate tree set (4)
Current best tree score: -44375.761 / CPU time: 12.022
Number of iterations: 2
TREE SEARCH COMPLETED AFTER 2 ITERATIONS / Time: 0h:0m:13s

--------------------------------------------------------------------
|                    FINALIZING TREE SEARCH                        |
--------------------------------------------------------------------
Performs final model parameters optimization
Estimate model parameters (epsilon = 0.050)
1. Initial log-likelihood: -44375.761
Optimal log-likelihood: -44375.761
Rate parameters:  A-C: 1.33572  A-G: 5.09066  A-T: 1.17107  C-G: 1.10467  C-T: 7.13034  G-T: 1.00000
Base frequencies:  A: 0.307  C: 0.199  G: 0.223  T: 0.271
Parameters optimization took 1 rounds (0.173 sec)
BEST SCORE FOUND : -44375.761
Total tree length: 1.117

Total number of iterations: 2
CPU time used for tree search: 11.929 sec (0h:0m:11s)
Wall-clock time used for tree search: 12.023 sec (0h:0m:12s)
Total CPU time used: 14.143 sec (0h:0m:14s)
Total wall-clock time used: 14.108 sec (0h:0m:14s)

Analysis results written to: 
  IQ-TREE report:                results/aligned_parvovirusB19_all-delim.fasta.iqtree
  Maximum-likelihood tree:       results/aligned_parvovirusB19_all-delim.fasta.treefile
  Likelihood distances:          results/aligned_parvovirusB19_all-delim.fasta.mldist
  Screen log file:               results/aligned_parvovirusB19_all-delim.fasta.log

Date and Time: Thu Nov  3 11:27:29 2022
