IQ-TREE multicore version 2.2.0-beta COVID-edition for Mac OS X 64-bit built Mar  3 2022 built Mar  3 2022
Developed by Bui Quang Minh, James Barbetti, Nguyen Lam Tung,
Olga Chernomor, Heiko Schmidt, Dominik Schrempf, Michael Woodhams, Ly Trong Nhan.

Host:    MacBook-Pro-2.local (SSE4.2, 8 GB RAM)
Command: iqtree2 -nt 1 -s results/aligned_rotavirusA_C_C1-delim.fasta -m GTR -ninit 2 -n 2 -me 0.05
Seed:    624958 (Using SPRNG - Scalable Parallel Random Number Generator)
Time:    Thu Oct 27 21:04:36 2022
Kernel:  SSE2 - 1 threads (8 CPU cores detected)

HINT: Use -nt option to specify number of threads because your CPU has 8 cores!
HINT: -nt AUTO will automatically determine the best number of threads to use.

Reading alignment file results/aligned_rotavirusA_C_C1-delim.fasta ... Fasta format detected
Reading fasta file: done in 0.0682831 secs using 92.98% CPU
Alignment most likely contains DNA/RNA sequences
Constructing alignment: done in 0.0259819 secs using 80.95% CPU
Alignment has 1286 sequences with 2693 columns, 1723 distinct patterns
1227 parsimony-informative, 229 singleton sites, 1237 constant sites
          Gap/Ambiguity  Composition  p-value
Analyzing sequences: done in 0.00423503 secs using 91.66% CPU
   1  FJ747626    1.71%    passed     96.40%
   2  KJ752815    1.41%    passed     98.01%
   3  LC367304    0.71%    passed     97.43%
   4  LC374163    1.49%    passed     93.69%
   5  LC374141    0.82%    passed     98.21%
   6  LC374152    1.08%    passed     98.08%
   7  LC374174    1.82%    passed     93.91%
   8  LC364351    0.93%    passed     97.74%
   9  LC374185    0.15%    passed     99.37%
  10  LC374196    0.37%    passed     98.38%
  11  LC374207    2.23%    passed     94.97%
  12  LC374130    0.71%    passed     99.07%
  13  KF636147    1.41%    passed     98.95%
  14  KJ751879    1.41%    passed     98.95%
  15  KP753202    1.41%    passed     98.39%
  16  KJ752641    1.41%    passed     98.70%
  17  KJ752531    1.41%    passed     98.48%
  18  KP752946    1.41%    passed     98.02%
  19  KP752935    1.41%    passed     99.50%
  20  KJ752470    1.41%    passed     99.20%
  21  LC368122    0.15%    passed     99.94%
  22  LC372873    0.15%    passed     99.52%
  23  LC368100    0.19%    passed     99.92%
  24  LC372884    0.19%    passed     99.92%
  25  LC372862    0.22%    passed     99.96%
  26  LC372840    0.15%    passed     99.82%
  27  LC367260    0.19%    passed     99.92%
  28  LC367271    0.33%    passed     99.69%
  29  LC372917    1.93%    passed     97.70%
  30  LC368111    0.97%    passed     98.79%
  31  LC372895    2.08%    passed     98.00%
  32  LC368089    0.30%    passed     99.18%
  33  LC372851    0.56%    passed     99.50%
  34  LC372906    0.85%    passed     99.94%
  35  KJ752948    1.41%    passed     98.14%
  36  KJ753447    1.41%    passed     98.14%
  37  KJ753336    1.37%    passed     97.96%
  38  KJ870912    0.11%    passed     99.87%
  39  KX632310    0.45%    passed     99.95%
  40  KX632299    0.15%    passed     99.87%
  41  KX632321    0.11%    passed     99.92%
  42  KX632244    0.15%    passed    100.00%
  43  KX655485    0.15%    passed     98.92%
  44  KX632266    0.15%    passed     99.14%
  45  HQ392318    1.34%    passed     97.66%
  46  HQ392242    1.30%    passed     97.08%
  47  HQ670640    0.15%    passed     99.12%
  48  MF469391    0.15%    passed     99.47%
  49  MF469104    0.15%    passed     99.47%
  50  MF469278    0.15%    passed     99.47%
  51  MF469257    0.15%    passed     99.47%
  52  MH171322    0.15%    passed     99.34%
  53  MH171324    0.15%    passed     98.72%
  54  MH171327    0.15%    passed     98.84%
  55  KT919041    1.26%    passed     99.38%
  56  MG181327    0.59%    passed     99.90%
  57  MG181448    0.59%    passed     99.93%
  58  MG181470    0.59%    passed     99.82%
  59  MG181481    0.59%    passed     99.82%
  60  MG181459    0.15%    passed     99.67%
  61  MG181503    0.15%    passed     99.90%
  62  MG181525    0.15%    passed     99.28%
  63  MG181492    0.15%    passed     99.83%
  64  MG181547    0.15%    passed     99.83%
  65  MG181558    0.15%    passed     99.80%
  66  MG181514    0.45%    passed     99.87%
  67  MG181536    1.41%    passed     99.18%
  68  KJ752937    1.34%    passed     98.07%
  69  KP752867    1.41%    passed     97.71%
  70  KF636169    1.41%    passed     98.95%
  71  KF636158    1.41%    passed     98.95%
  72  KJ752262    1.41%    passed     98.95%
  73  KP752672    1.41%    passed     99.16%
  74  KF636268    1.41%    passed     98.95%
  75  KF636334    1.41%    passed     99.51%
  76  KJ753061    1.41%    passed     99.51%
  77  KJ753801    1.41%    passed     99.75%
  78  KP753018    1.41%    passed     99.79%
  79  KJ753119    1.41%    passed     99.73%
  80  HQ392299    1.34%    passed     99.88%
  81  HQ392386    1.34%    passed     99.10%
  82  HQ392121    1.34%    passed     99.65%
  83  HQ392364    1.30%    passed     99.42%
  84  JX027823    1.34%    passed     99.82%
  85  KJ753051   18.38%    passed     10.46%
  86  HQ392308    1.30%    passed     98.07%
  87  MN066744    1.41%    passed     91.97%
  88  MH171329    1.78%    passed     95.40%
  89  MH171330    1.78%    passed     95.81%
  90  AB861968    0.15%    passed     99.97%
  91  AB861946    0.15%    passed     99.99%
  92  MN066755    1.41%    passed     96.35%
  93  MZ097081    1.78%    passed     85.95%
  94  MZ095366    1.78%    passed     88.31%
  95  MZ095476    1.78%    passed     88.31%
  96  MZ095487    1.78%    passed     88.31%
  97  MZ095596    1.78%    passed     88.31%
  98  MZ095683    1.78%    passed     88.31%
  99  MZ095749    1.78%    passed     88.31%
 100  MZ095859    1.78%    passed     88.31%
 101  MZ095552    1.78%    passed     90.44%
 102  MZ095585    1.78%    passed     87.65%
 103  MZ095661    1.78%    passed     87.65%
 104  MZ095771    1.78%    passed     87.65%
 105  MZ095815    1.78%    passed     87.65%
 106  MZ095980    1.78%    passed     87.65%
 107  MZ095947    1.78%    passed     90.44%
 108  MZ095650    1.78%    passed     90.44%
 109  MZ097125    1.78%    passed     85.28%
 110  MZ097297    1.78%    passed     85.28%
 111  MZ095421    1.78%    passed     90.44%
 112  MZ095465    1.78%    passed     90.44%
 113  MZ095541    1.78%    passed     90.44%
 114  MZ095607    1.78%    passed     90.44%
 115  MZ095782    1.78%    passed     90.44%
 116  MZ095520    1.78%    passed     88.31%
 117  MZ095705    1.78%    passed     86.47%
 118  MZ095509    1.78%    passed     86.58%
 119  MZ095563    1.78%    passed     86.58%
 120  MZ095892    1.78%    passed     90.44%
 121  MZ095618    1.78%    passed     88.82%
 122  MZ097286    1.78%    passed     87.65%
 123  MZ097308    1.78%    passed     87.65%
 124  MZ095355    1.78%    passed     81.09%
 125  MZ095388    1.78%    passed     81.09%
 126  MZ095443    1.78%    passed     81.09%
 127  MZ095574    1.78%    passed     81.09%
 128  MZ095694    1.78%    passed     81.09%
 129  MZ095716    1.78%    passed     81.09%
 130  MZ095969    1.78%    passed     81.09%
 131  MZ095432    1.78%    passed     81.47%
 132  MZ095498    1.78%    passed     81.47%
 133  MZ095639    1.78%    passed     80.57%
 134  MZ095793    1.78%    passed     81.09%
 135  MZ095958    1.78%    passed     79.69%
 136  MZ095826    1.78%    passed     83.35%
 137  MZ095881    1.78%    passed     83.35%
 138  MZ095531    1.78%    passed     85.95%
 139  MZ095629    1.78%    passed     85.95%
 140  MZ095837    1.78%    passed     85.95%
 141  MZ095903    1.78%    passed     85.95%
 142  MZ095804    1.78%    passed     86.47%
 143  MZ095936    1.78%    passed     85.95%
 144  MZ095991    1.78%    passed     85.28%
 145  MZ095848    1.78%    passed     93.54%
 146  MZ095377    1.78%    passed     87.03%
 147  MZ095410    1.78%    passed     87.03%
 148  MZ095454    1.78%    passed     87.03%
 149  MZ095672    1.78%    passed     87.03%
 150  MZ095727    1.78%    passed     87.03%
 151  MZ095760    1.78%    passed     87.03%
 152  MZ095870    1.78%    passed     83.34%
 153  MZ096035    1.78%    passed     86.83%
 154  MZ095914    1.78%    passed     83.46%
 155  MZ095925    1.78%    passed     85.87%
 156  MZ096487    1.78%    passed     91.71%
 157  MZ096509    1.78%    passed     93.39%
 158  MZ096531    1.78%    passed     93.39%
 159  MZ096520    1.78%    passed     92.33%
 160  MZ096564    1.78%    passed     93.54%
 161  MZ096498    1.78%    passed     88.82%
 162  MZ096542    1.78%    passed     88.82%
 163  MZ096619    1.78%    passed     88.82%
 164  MZ096674    1.78%    passed     88.82%
 165  MZ096685    1.78%    passed     88.82%
 166  MZ096740    1.78%    passed     88.82%
 167  MZ096652    1.78%    passed     86.47%
 168  MZ096707    1.78%    passed     86.47%
 169  MZ096729    1.78%    passed     86.47%
 170  MZ096784    1.78%    passed     88.31%
 171  MZ096806    1.78%    passed     90.93%
 172  MZ096718    1.78%    passed     89.42%
 173  MZ096795    1.78%    passed     87.55%
 174  MZ096608    1.78%    passed     93.32%
 175  MZ096630    1.78%    passed     91.28%
 176  MZ096696    1.78%    passed     91.28%
 177  MZ096773    1.78%    passed     91.28%
 178  MZ096575    1.78%    passed     92.17%
 179  MZ096641    1.78%    passed     92.08%
 180  MZ096663    1.78%    passed     87.80%
 181  MZ096762    1.78%    passed     90.06%
 182  MZ096817    1.78%    passed     91.53%
 183  MZ096828    1.78%    passed     90.94%
 184  MZ096850    1.78%    passed     91.71%
 185  MZ096597    1.78%    passed     91.84%
 186  MZ096751    1.78%    passed     91.24%
 187  MZ095738    1.78%    passed     90.93%
 188  MZ097319    1.78%    passed     93.95%
 189  MZ096178    1.78%    passed     94.37%
 190  MZ096228    1.78%    passed     94.37%
 191  MZ096872    1.78%    passed     94.37%
 192  MZ096272    1.78%    passed     92.69%
 193  MZ096435    1.78%    passed     92.71%
 194  MZ096218    1.78%    passed     92.71%
 195  MZ096349    1.78%    passed     92.71%
 196  MZ096894    1.78%    passed     92.69%
 197  MZ096283    1.78%    passed     92.54%
 198  MZ096392    1.78%    passed     92.54%
 199  MZ096403    1.78%    passed     92.54%
 200  MZ096454    1.78%    passed     92.54%
 201  MZ096327    1.78%    passed     90.61%
 202  MZ096424    1.78%    passed     94.23%
 203  MZ096371    1.78%    passed     94.38%
 204  MZ096445    1.78%    passed     94.37%
 205  MZ096189    1.78%    passed     94.23%
 206  MZ096240    1.78%    passed     95.67%
 207  MZ096167    1.78%    passed     95.67%
 208  MZ096861    1.78%    passed     95.67%
 209  MZ096207    1.78%    passed     93.95%
 210  MZ096305    1.78%    passed     93.95%
 211  MZ096338    1.78%    passed     93.95%
 212  MZ096316    1.78%    passed     94.23%
 213  MZ096382    1.78%    passed     94.23%
 214  MZ096883    1.78%    passed     94.23%
 215  MZ096294    1.78%    passed     91.82%
 216  MZ096839    1.78%    passed     96.98%
 217  MZ096360    1.78%    passed     91.96%
 218  MZ096057    1.78%    passed     94.12%
 219  MZ097103    1.78%    passed     83.36%
 220  MZ096013    1.78%    passed     88.31%
 221  MZ097114    1.78%    passed     85.95%
 222  LC600821    0.67%    passed     98.76%
 223  LC600832    0.56%    passed     99.19%
 224  LC600843    0.33%    passed     98.70%
 225  MZ097136    1.78%    passed     91.75%
 226  MZ097158    1.78%    passed     91.75%
 227  MZ096262    1.78%    passed     91.75%
 228  MZ097147    1.78%    passed     93.26%
 229  MZ096251    1.78%    passed     93.26%
 230  MZ096413    1.78%    passed     93.26%
 231  MN066834    1.41%    passed     99.79%
 232  MN067059    1.41%    passed     99.82%
 233  MN066947    1.41%    passed     99.53%
 234  KJ753159    1.41%    passed     98.83%
 235  KT919217    0.82%    passed     97.12%
 236  MF469115    1.52%    passed     95.41%
 237  KT919922    1.41%    passed     95.52%
 238  MF469199    1.41%    passed     95.52%
 239  KT919625    1.41%    passed     94.48%
 240  KT919889    1.41%    passed     94.48%
 241  KT919691    1.41%    passed     94.48%
 242  KT919614    1.41%    passed     94.48%
 243  KT918898    1.41%    passed     94.48%
 244  KT918865    1.41%    passed     94.48%
 245  KT919460    1.41%    passed     94.48%
 246  KT918997    1.41%    passed     94.48%
 247  KT919603    1.41%    passed     94.48%
 248  KT919206    1.41%    passed     95.52%
 249  KT918546    1.41%    passed     95.52%
 250  KT919415    1.41%    passed     95.52%
 251  KT918876    1.41%    passed     95.52%
 252  MF167977    1.41%    passed     95.52%
 253  MF168384    1.41%    passed     95.52%
 254  KT919360    1.41%    passed     96.31%
 255  KT919052    1.41%    passed     96.39%
 256  MF168282    1.41%    passed     96.39%
 257  KT919867    1.41%    passed     93.46%
 258  KT919272    1.41%    passed     95.52%
 259  KT919801    1.37%    passed     95.22%
 260  MF168354    1.23%    passed     97.40%
 261  MF168399    0.15%    passed     98.90%
 262  MF168346    1.19%    passed     97.15%
 263  KT919493    1.34%    passed     95.71%
 264  MF168027    2.15%    passed     89.72%
 265  KT919647    1.26%    passed     95.97%
 266  KF636202    1.41%    passed     99.72%
 267  KF636191    1.41%    passed     99.72%
 268  KF636235    1.41%    passed     99.72%
 269  KF636180    1.41%    passed     99.72%
 270  KF636279    1.41%    passed     99.72%
 271  KF636213    1.41%    passed     99.72%
 272  KJ753194    1.41%    passed     99.72%
 273  KJ752228    1.41%    passed     99.97%
 274  KJ753380    1.41%    passed     99.97%
 275  KJ753216    1.41%    passed    100.00%
 276  KJ752173    1.41%    passed    100.00%
 277  KJ753148    1.41%    passed     99.99%
 278  KJ752891    1.41%    passed     99.99%
 279  KP753168    1.41%    passed     99.99%
 280  KJ753561    1.41%    passed     99.99%
 281  KJ753458    1.41%    passed     99.94%
 282  KJ753572    1.37%    passed     99.95%
 283  KJ752586    1.37%    passed     99.94%
 284  KJ752016    1.37%    passed     99.88%
 285  KJ752151    1.41%    passed     99.93%
 286  MN066773    1.89%    passed     98.97%
 287  MN066983    1.89%    passed     98.78%
 288  MN067133    1.89%    passed     98.97%
 289  MN066866    1.89%    passed     98.47%
 290  MN066823    1.89%    passed     98.49%
 291  MN067037    1.89%    passed     98.78%
 292  MN066914    1.41%    passed     98.96%
 293  MN067070    1.41%    passed     99.20%
 294  MN067048    1.41%    passed     99.70%
 295  MN066855   13.89%    passed     32.78%
 296  KC443489    1.41%    passed    100.00%
 297  KP645268    1.78%    passed     99.58%
 298  KP645290    1.78%    passed     99.58%
 299  KP645301    1.78%    passed     99.58%
 300  MN067010    1.41%    passed     99.73%
 301  MN067122    2.04%    passed     99.50%
 302  KT919581    1.41%    passed     99.95%
 303  KT919096    1.41%    passed     99.95%
 304  KT919250    1.41%    passed     99.95%
 305  KT919966    1.41%    passed     99.95%
 306  KT918700    1.41%    passed     99.95%
 307  KT919471    1.41%    passed     99.95%
 308  KT919184    1.41%    passed     99.95%
 309  KT919019    1.41%    passed     99.95%
 310  KT918667    1.41%    passed     99.95%
 311  KT919195    1.41%    passed     99.95%
 312  KT919680    1.41%    passed     99.95%
 313  KT919669    1.41%    passed     99.95%
 314  KT918645    1.41%    passed     99.95%
 315  KT919955    1.41%    passed     99.95%
 316  KT918414    1.41%    passed     99.95%
 317  KT919239    1.41%    passed     99.95%
 318  KT919790    1.41%    passed     99.95%
 319  KT919878    1.41%    passed     99.95%
 320  KT918854    1.41%    passed     99.95%
 321  KT919228    1.41%    passed     99.95%
 322  KT919261    1.41%    passed     99.95%
 323  KT919559    1.41%    passed     99.95%
 324  KT919724    1.41%    passed     99.95%
 325  KT919834    1.41%    passed     99.95%
 326  KT918942    1.41%    passed     99.95%
 327  KT919823    1.41%    passed     99.95%
 328  KT919349    1.41%    passed     99.95%
 329  KT919592    1.41%    passed     99.95%
 330  KT918975    1.41%    passed     99.95%
 331  MF168146    1.41%    passed     99.95%
 332  MF168325    1.41%    passed     99.95%
 333  KT919074    1.41%    passed     99.88%
 334  KT919482    1.41%    passed     99.98%
 335  KT918590    1.41%    passed     99.98%
 336  KT918678    1.41%    passed     99.98%
 337  MF168137    1.41%    passed     99.98%
 338  MF168202    1.41%    passed     99.98%
 339  KT919636    1.41%    passed     99.98%
 340  KT918744    1.41%    passed     99.98%
 341  KT918557    1.41%    passed     99.89%
 342  KT919900    1.41%    passed     99.89%
 343  KT919757    1.41%    passed     99.89%
 344  KT919008    1.41%    passed     99.98%
 345  KT918788    1.41%    passed     99.88%
 346  KT918722    1.41%    passed     99.88%
 347  KT919702    1.41%    passed     99.98%
 348  KT918458    1.41%    passed     99.88%
 349  KT918810    1.41%    passed     99.98%
 350  KT918579    1.41%    passed     99.88%
 351  KT919713    1.41%    passed     99.72%
 352  KT918480    1.41%    passed     99.88%
 353  KT919933    1.41%    passed     99.88%
 354  KT919437    1.41%    passed     99.88%
 355  KT919283    1.41%    passed     99.88%
 356  KT919305    1.41%    passed     99.88%
 357  KT918656    1.41%    passed     99.79%
 358  KT918799    1.19%    passed     99.99%
 359  KT919911    1.19%    passed     99.99%
 360  KT918755    1.41%    passed     99.95%
 361  KT918777    1.04%    passed     99.98%
 362  KT918766    1.19%    passed     99.99%
 363  KT919085    1.19%    passed     99.99%
 364  KT918601    1.19%    passed     99.99%
 365  KT918986    1.19%    passed     99.99%
 366  KT918931    1.19%    passed     99.99%
 367  MF168242    1.19%    passed     99.99%
 368  KT918821    1.19%    passed     99.98%
 369  KT918612    1.23%    passed     99.98%
 370  KT918491    1.23%    passed     99.98%
 371  KT918502    1.23%    passed     99.99%
 372  KT918568    1.26%    passed     99.94%
 373  KT919845    1.26%    passed     99.94%
 374  KT919030    1.26%    passed     99.97%
 375  KT918623    1.34%    passed     99.96%
 376  KT919779    1.34%    passed     99.88%
 377  MF168120    1.56%    passed     99.87%
 378  MF168096    1.56%    passed     99.87%
 379  MF168054    1.56%    passed     99.87%
 380  MF168259    1.56%    passed     99.87%
 381  MF168233    1.56%    passed     99.87%
 382  MF168290    1.56%    passed     99.88%
 383  KT919768    1.15%    passed     99.98%
 384  KT919162    1.15%    passed     99.98%
 385  MF168362    1.52%    passed     99.87%
 386  KT919338    0.15%    passed     99.96%
 387  KT919426    0.15%    passed     99.96%
 388  MF167999    0.89%    passed     99.98%
 389  MF168178    0.19%    passed     99.97%
 390  MF168155    0.19%    passed    100.00%
 391  KT919735    0.82%    passed     99.99%
 392  KT919537    0.52%    passed     99.90%
 393  KT919570    0.78%    passed     99.88%
 394  MN066802    1.41%    passed     98.72%
 395  MN067081    1.41%    passed     99.94%
 396  JF490148    1.34%    passed     99.89%
 397  KJ627048    1.41%    passed     98.91%
 398  KJ559346    1.41%    passed     98.28%
 399  KJ626819    1.41%    passed     98.28%
 400  KJ626906    1.41%    passed     99.04%
 401  KJ626672    1.41%    passed     99.04%
 402  KJ627128    1.41%    passed     99.04%
 403  KJ626883    1.41%    passed     98.74%
 404  KJ627036    1.41%    passed     98.74%
 405  KJ626661    1.41%    passed     98.77%
 406  KJ627025    1.41%    passed     98.70%
 407  KJ626628    1.41%    passed     98.07%
 408  KF812729    1.89%    passed     97.09%
 409  KF812730    1.89%    passed     99.04%
 410  KF812732    1.89%    passed     97.54%
 411  KF812731    1.89%    passed     98.47%
 412  KF812738    1.89%    passed     99.77%
 413  KF812736    1.89%    passed     99.50%
 414  KF812734    1.89%    passed     99.49%
 415  KF812737    1.89%    passed     99.91%
 416  KF812735    1.89%    passed     99.09%
 417  KJ627064    1.41%    passed     97.48%
 418  KJ751835    1.41%    passed     96.30%
 419  KJ751934    1.41%    passed     97.76%
 420  KJ753750    1.41%    passed     98.24%
 421  KJ753739    1.41%    passed     98.24%
 422  KJ753227    1.41%    passed     97.76%
 423  KJ753205    1.41%    passed     98.51%
 424  KJ753020    1.41%    passed     98.51%
 425  KJ751692    1.41%    passed     97.08%
 426  HQ392405    1.30%    passed     98.89%
 427  MH166405    0.15%    passed     99.98%
 428  MN417969    0.48%    passed     99.99%
 429  HQ392351    1.26%    passed     96.09%
 430  HQ392187    1.26%    passed     97.31%
 431  MN067199    0.89%    passed     99.84%
 432  JN258831    1.30%    passed     98.65%
 433  KC193634    1.34%    passed     99.17%
 434  JN635533   12.18%    passed     99.98%
 435  JN651776    2.67%    passed     98.15%
 436  JN651809   11.88%    passed     91.30%
 437  JN635544   15.19%    passed     90.16%
 438  LC105438    1.15%    passed     98.93%
 439  KJ752038    1.41%    passed     99.48%
 440  KJ751983    1.41%    passed     99.03%
 441  KJ751824    1.41%    passed     99.90%
 442  JN258943    1.34%    passed     99.53%
 443  JN258911    1.34%    passed     99.01%
 444  HQ392462    1.49%    passed     99.52%
 445  HQ392109    1.30%    passed     98.86%
 446  HQ392130    1.30%    passed     99.14%
 447  HQ392221    1.30%    passed     98.36%
 448  HQ392331    1.30%    passed     98.07%
 449  HQ392451    1.30%    passed     98.45%
 450  HQ392085    1.37%    passed     99.38%
 451  KC195761    1.30%    passed     98.20%
 452  KP645257    1.78%    passed     99.32%
 453  KP645312    1.78%    passed     99.47%
 454  MH171331    0.15%    passed     99.63%
 455  MH171332    0.11%    passed     99.35%
 456  KP645279    1.75%    passed     99.35%
 457  KJ752296    1.41%    passed     99.09%
 458  KJ753108    5.68%    passed     92.40%
 459  KJ752285    1.41%    passed     99.13%
 460  HQ392173    1.30%    passed     99.61%
 461  HQ392020    1.30%    passed     99.41%
 462  HQ392032    1.30%    passed     98.13%
 463  HQ392142    1.56%    passed     99.79%
 464  KC769350    1.34%    passed     97.23%
 465  HQ392098    1.34%    passed     99.50%
 466  HQ392441    1.26%    passed     98.92%
 467  HQ392277    1.30%    passed     99.02%
 468  HQ392231    1.30%    passed     99.32%
 469  HQ392196    1.30%    passed     95.99%
 470  KJ412787    1.41%    passed     99.79%
 471  KJ412765    1.41%    passed     99.70%
 472  KJ412521    1.41%    passed     99.70%
 473  KJ412632    1.41%    passed     99.46%
 474  KJ412667    1.41%    passed     99.70%
 475  KJ412656    1.41%    passed     99.69%
 476  KJ412831    1.41%    passed     99.52%
 477  KJ412610    1.41%    passed     99.69%
 478  KJ412587    1.41%    passed     99.50%
 479  JF490093    1.26%    passed     98.96%
 480  JF490203    1.37%    passed     99.39%
 481  JF490104    1.34%    passed     99.19%
 482  JF490180    1.34%    passed     99.19%
 483  HQ392265    1.30%    passed     97.63%
 484  JF490213    1.34%    passed     99.17%
 485  JF490191    1.34%    passed     99.12%
 486  JF490169    1.34%    passed     99.12%
 487  KC769449    1.34%    passed     99.12%
 488  JF490445    1.34%    passed     99.40%
 489  LC464100    1.34%    passed     99.01%
 490  LC464111    1.34%    passed     98.25%
 491  LC468214    1.34%    passed     97.87%
 492  LC468225    1.34%    passed     97.87%
 493  HQ392012    1.30%    passed     98.00%
 494  KP645334    1.78%    passed     95.45%
 495  KP645323    1.78%    passed     96.10%
 496  LC173172    0.71%    passed     98.30%
 497  LC173182    0.45%    passed     99.55%
 498  LC173042    0.45%    passed     99.57%
 499  LC173173    0.15%    passed     99.35%
 500  LC173175    0.15%    passed     99.35%
 501  LC173177    0.15%    passed     99.35%
 502  LC173181    0.15%    passed     99.35%
 503  LC173186    0.15%    passed     99.35%
 504  LC173178    0.15%    passed     99.53%
 505  LC173179    0.19%    passed     99.28%
 506  LC173030    0.22%    passed     99.96%
 507  LC105196    1.23%    passed     98.12%
 508  LC105207    1.15%    passed     98.41%
 509  JN651885    1.41%    passed     98.60%
 510  MK953595    2.41%    passed     97.49%
 511  KF812733    1.89%    passed     99.17%
 512  KF812739    1.89%    passed     99.39%
 513  KF812740    1.89%    passed     99.51%
 514  KF812741    1.89%    passed     99.14%
 515  KP753213    1.41%    passed     98.47%
 516  KJ412644    1.37%    passed     99.36%
 517  KJ412700    1.37%    passed     99.36%
 518  KJ412733    1.37%    passed     99.36%
 519  MH166408    0.19%    passed     98.99%
 520  MN417971    0.19%    passed     98.99%
 521  MN417970    1.26%    passed     95.96%
 522  KJ752597    1.41%    passed     99.38%
 523  KJ751592    1.37%    passed     99.76%
 524  MF469210    1.37%    passed     99.86%
 525  KJ752362    1.41%    passed     98.08%
 526  KP753247    1.41%    passed     97.93%
 527  KP753157    1.41%    passed     97.93%
 528  KT918887    1.41%    passed     98.75%
 529  KT919944    1.41%    passed     98.75%
 530  KT919746    1.41%    passed     98.75%
 531  KT919107    1.41%    passed     98.75%
 532  KT919173    1.41%    passed     98.75%
 533  KT918469    1.41%    passed     98.75%
 534  KT918513    1.41%    passed     98.75%
 535  MF168046    1.41%    passed     98.75%
 536  KT919658    1.41%    passed     99.23%
 537  KT919294    1.41%    passed     98.67%
 538  KT919856    1.41%    passed     98.67%
 539  KT919548    1.41%    passed     98.67%
 540  KT919140    1.41%    passed     98.67%
 541  KT918436    1.41%    passed     98.67%
 542  KT919327    1.41%    passed     98.67%
 543  KT919382    0.82%    passed     99.34%
 544  MF168074    0.82%    passed     99.33%
 545  KT919393    0.59%    passed     99.59%
 546  KT919812    1.23%    passed     98.89%
 547  KT918689    1.23%    passed     98.89%
 548  KT919151    1.23%    passed     98.89%
 549  KT918920    1.23%    passed     98.91%
 550  KT918733    0.15%    passed     99.57%
 551  MF469147    0.15%    passed     99.75%
 552  MF469267    0.15%    passed     99.99%
 553  MF168372    1.37%    passed     97.42%
 554  KT918711    1.41%    passed     96.97%
 555  KT918634    1.37%    passed     99.48%
 556  KT918524    1.37%    passed     99.48%
 557  KT919526    1.37%    passed     99.48%
 558  KT919515    1.37%    passed     99.48%
 559  KT918953    1.37%    passed     99.43%
 560  KT919404    1.37%    passed     99.20%
 561  KT918425    1.19%    passed     99.47%
 562  KT919371    1.30%    passed     99.31%
 563  KT918964    1.41%    passed     99.56%
 564  KT918832    1.23%    passed     99.62%
 565  MF469402    1.04%    passed     99.39%
 566  MF469125    0.11%    passed     99.76%
 567  MF469180    0.82%    passed     99.40%
 568  MF469380    0.15%    passed     99.51%
 569  MH171323    0.15%    passed     99.00%
 570  MH171335    0.15%    passed     99.03%
 571  MH171336    0.15%    passed     99.03%
 572  MH171337    0.15%    passed     99.03%
 573  MH171334    0.15%    passed     98.95%
 574  MK417776    0.15%    passed     98.74%
 575  MK417777    0.15%    passed     98.86%
 576  KT918535    1.30%    passed     98.39%
 577  KT919316    1.15%    passed     97.41%
 578  KT918909    1.19%    passed     98.13%
 579  MN067155    1.52%    passed     99.57%
 580  MN067111    1.26%    passed     99.12%
 581  AB861957    0.15%    passed     98.67%
 582  MH171325    0.15%    passed     99.67%
 583  KT919129    1.37%    passed     97.59%
 584  LC426756    2.71%    passed     97.80%
 585  KC769361    1.23%    passed     98.00%
 586  MZ094436    1.78%    passed     89.73%
 587  MZ094447    1.78%    passed     89.73%
 588  MN106145    0.15%    passed     97.71%
 589  JQ087424    0.15%    passed     97.92%
 590  KF371916    0.15%    passed     97.31%
 591  KF371786    0.15%    passed     94.53%
 592  KF371753    0.15%    passed     95.32%
 593  KF371797    0.15%    passed     94.38%
 594  KF371764    0.15%    passed     95.09%
 595  JQ087435    0.15%    passed     96.88%
 596  KF372004    0.11%    passed     97.73%
 597  KF371874    0.15%    passed     96.43%
 598  AB714259    1.78%    passed     99.65%
 599  KC769339    1.30%    passed     99.21%
 600  JX027682    1.34%    passed     99.12%
 601  JX027712    1.34%    passed     97.73%
 602  JF490522    1.34%    passed     94.45%
 603  JX027863    1.30%    passed     96.79%
 604  KJ752981    1.41%    passed     97.50%
 605  LC105015    1.34%    passed     99.04%
 606  LC105037    2.34%    passed     99.75%
 607  LC105048    1.15%    passed     99.49%
 608  LC105092    1.15%    passed     99.49%
 609  LC105218    1.15%    passed     99.49%
 610  LC105404    1.15%    passed     99.49%
 611  LC105416    1.15%    passed     99.29%
 612  LC105504    1.15%    passed     98.90%
 613  LC105373    1.26%    passed     99.26%
 614  LC105362    1.37%    passed     98.95%
 615  KF371949    0.11%    passed     99.96%
 616  KF371775    0.15%    passed     98.94%
 617  LC173189    0.15%    passed     99.15%
 618  KF371830    0.15%    passed     97.32%
 619  KF371852    0.15%    passed     98.94%
 620  KF371841    0.15%    passed     99.27%
 621  MF469432    0.15%    passed     99.25%
 622  LC173069    0.15%    passed     99.90%
 623  LC173101    0.19%    passed     99.95%
 624  MF469442    1.78%    passed     99.98%
 625  MF469312    1.78%    passed     99.98%
 626  MF469421    1.78%    passed     99.93%
 627  MF469363    1.78%    passed     99.93%
 628  MF469094    1.78%    passed     99.93%
 629  MF469322    1.78%    passed     99.93%
 630  MF469301    1.78%    passed     99.93%
 631  MF469241    1.78%    passed     99.93%
 632  MF469169    1.78%    passed     99.93%
 633  MF469158    1.78%    passed     99.93%
 634  MF469332    1.78%    passed     99.89%
 635  MF469231    1.78%    passed     99.89%
 636  MF469413    1.89%    passed     99.88%
 637  MF469372    1.89%    passed     99.93%
 638  MF469353    1.89%    passed     99.93%
 639  MF469289    1.89%    passed     99.93%
 640  MF469190    1.82%    passed     99.97%
 641  KT919063    1.23%    passed     99.23%
 642  KF371927    0.15%    passed     99.58%
 643  KF371731    0.15%    passed     95.96%
 644  LC173209    0.45%    passed     99.60%
 645  LC173210    0.22%    passed     99.79%
 646  MW384276    0.11%    passed     99.46%
 647  JX027977    1.30%    passed     99.04%
 648  JX027964    1.30%    passed     99.04%
 649  JX027942    1.34%    passed     99.09%
 650  JX027955    1.34%    passed     99.09%
 651  JN258932    1.34%    passed     99.63%
 652  JF490367    1.34%    passed     99.71%
 653  KC769383    1.34%    passed     99.52%
 654  KC769482    1.86%    passed     97.81%
 655  JN651877    1.37%    passed     99.67%
 656  JN651898    3.27%    passed     98.06%
 657  KT919504    1.08%    passed     98.19%
 658  KF371971    0.15%    passed     96.41%
 659  KF371720    0.15%    passed     97.89%
 660  KF371709    0.15%    passed     98.40%
 661  KF371678    0.15%    passed     98.22%
 662  KF371960    0.15%    passed     98.52%
 663  KF371689    0.15%    passed     94.65%
 664  KF371668    0.15%    passed     96.88%
 665  KF371808    0.15%    passed     94.81%
 666  KF371819    0.15%    passed     95.34%
 667  KF371699    0.15%    passed     97.79%
 668  KF371896    0.15%    passed     98.40%
 669  LC173152    0.22%    passed     99.25%
 670  LC173162    0.45%    passed     98.99%
 671  LC173157    0.15%    passed     99.16%
 672  LC173165    0.15%    passed     99.19%
 673  LC173169    0.15%    passed     99.16%
 674  KF371993    0.15%    passed     98.24%
 675  KF371906    0.15%    passed     98.78%
 676  MH171326    0.11%    passed     99.55%
 677  MH171328    0.11%    passed     99.55%
 678  KJ412689    1.41%    passed     99.80%
 679  KJ412895    1.41%    passed     99.92%
 680  KJ412744    1.41%    passed     99.69%
 681  KJ412755    1.41%    passed     99.08%
 682  JX027855    1.49%    passed     99.47%
 683  KJ583175    2.71%    passed     99.93%
 684  KJ583164    2.71%    passed     99.80%
 685  MN106140    0.15%    passed     97.00%
 686  HQ392162    1.30%    passed     99.98%
 687  KX778558    1.78%    passed     98.60%
 688  LC173201    0.41%    passed     97.09%
 689  MN106139    0.15%    passed     98.15%
 690  MW384144    0.15%    passed     97.12%
 691  MW384155    0.15%    passed     97.82%
 692  MW384122    0.15%    passed     97.82%
 693  MW384133    0.15%    passed     97.82%
 694  MW384089    0.15%    passed     96.11%
 695  MW383990    0.37%    passed     94.38%
 696  MW384298    0.19%    passed     97.52%
 697  MW384353    0.19%    passed     99.08%
 698  MW384309    0.19%    passed     98.65%
 699  MW384397    0.19%    passed     98.44%
 700  KJ583153    3.71%    passed     98.23%
 701  KJ583142    3.71%    passed     98.31%
 702  JQ087446    0.15%    passed     95.63%
 703  KF371938    0.15%    passed     94.53%
 704  KF371885    0.15%    passed     93.37%
 705  LC173160    0.15%    passed     97.40%
 706  KF371863    0.15%    passed     95.52%
 707  LC173148    0.15%    passed     94.26%
 708  LC173176    0.15%    passed     94.49%
 709  LC173185    0.15%    passed     95.23%
 710  LC173187    0.15%    passed     96.26%
 711  LC173188    0.15%    passed     96.26%
 712  LC173190    0.15%    passed     96.26%
 713  LC173174    0.15%    passed     94.24%
 714  LC173180    0.22%    passed     96.04%
 715  LC173184    0.37%    passed     95.91%
 716  LC173116    0.15%    passed     94.61%
 717  LC173117    0.15%    passed     94.61%
 718  LC173118    0.15%    passed     94.61%
 719  LC173121    0.15%    passed     94.61%
 720  LC173124    0.15%    passed     94.61%
 721  LC173127    0.15%    passed     94.61%
 722  LC173129    0.15%    passed     94.61%
 723  LC173130    0.15%    passed     94.61%
 724  LC173133    0.15%    passed     94.61%
 725  LC173123    0.15%    passed     93.22%
 726  LC173134    0.15%    passed     93.22%
 727  LC173135    0.15%    passed     95.04%
 728  LC173143    0.15%    passed     95.04%
 729  LC173145    0.15%    passed     95.04%
 730  LC173138    0.15%    passed     95.80%
 731  LC173144    0.15%    passed     95.04%
 732  LC173140    0.15%    passed     93.68%
 733  LC173141    0.15%    passed     93.68%
 734  LC173142    0.15%    passed     93.68%
 735  MW384287    0.15%    passed     93.23%
 736  LC173039    0.15%    passed     90.98%
 737  MW384232    0.15%    passed     94.00%
 738  LC173131    0.19%    passed     94.97%
 739  LC173132    0.19%    passed     94.97%
 740  LC173137    0.48%    passed     95.80%
 741  LC173139    0.26%    passed     93.40%
 742  LC173125    0.41%    passed     95.94%
 743  LC173128    0.41%    passed     95.42%
 744  LC105449    1.89%    passed     99.49%
 745  LC105471    1.89%    passed     99.49%
 746  LC105460    1.15%    passed     98.63%
 747  LC105493    1.15%    passed     98.63%
 748  LC105482    1.15%    passed     98.63%
 749  LC105526    1.19%    passed     98.43%
 750  LC105515    1.26%    passed     99.08%
 751  KF371742    0.15%    passed     92.46%
 752  LC173203    0.48%    passed     94.72%
 753  LC173204    0.22%    passed     94.85%
 754  LC105264    1.15%    passed     98.79%
 755  LC105296    1.15%    passed     98.79%
 756  LC105318    1.15%    passed     98.79%
 757  LC105340    1.15%    passed     98.79%
 758  LC105351    1.15%    passed     98.79%
 759  LC105329    1.15%    passed     98.76%
 760  LC105274    1.37%    passed     98.62%
 761  LC105307    1.60%    passed     99.39%
 762  KF372015    0.11%    passed     92.67%
 763  MW384408    0.19%    passed     96.85%
 764  JX027931    1.30%    passed     98.85%
 765  KX778560    1.78%    passed     99.35%
 766  KX778557    1.78%    passed     99.35%
 767  KX778559    1.78%    passed     95.04%
 768  KX778556    1.78%    passed     98.19%
 769  KX778555    1.78%    passed     97.85%
 770  KX778549    1.78%    passed     98.02%
 771  KX778554    1.78%    passed     98.02%
 772  KX778550    1.78%    passed     97.41%
 773  KX778552    1.78%    passed     98.25%
 774  KX778553    1.78%    passed     97.13%
 775  KF371982    0.11%    passed     96.57%
 776  LC173202    0.26%    passed     96.43%
 777  JX027889    1.34%    passed     99.01%
 778  KX778551    1.78%    passed     99.11%
 779  MN106141    0.15%    passed     95.84%
 780  MW384177    0.15%    passed     96.88%
 781  MN106142    0.15%    passed     90.58%
 782  MN106144    0.15%    passed     93.13%
 783  MW384254    0.15%    passed     90.58%
 784  MW384001    0.15%    passed     93.13%
 785  MW384056    0.15%    passed     93.13%
 786  MW384067    0.15%    passed     94.47%
 787  MW384045    0.15%    passed     95.60%
 788  MN106143    0.15%    passed     94.57%
 789  MW384243    0.15%    passed     93.56%
 790  MW384221    0.15%    passed     93.13%
 791  MW384199    0.15%    passed     89.17%
 792  MW383979    0.15%    passed     89.94%
 793  MW384023    0.15%    passed     88.63%
 794  MW384078    0.15%    passed     88.63%
 795  MW384034    0.15%    passed     86.41%
 796  MW384111    0.15%    passed     90.63%
 797  MW384265    0.15%    passed     94.81%
 798  LC688291    0.15%    passed     95.75%
 799  MW384100    0.15%    passed     92.39%
 800  MW384012    0.15%    passed     93.62%
 801  MW384166    0.22%    passed     92.44%
 802  MW384210    0.22%    passed     91.51%
 803  MW384188    0.22%    passed     91.68%
 804  MZ165446    0.26%    passed     96.41%
 805  MZ165447    0.26%    passed     96.41%
 806  MZ165448    0.26%    passed     96.41%
 807  MZ165449    0.26%    passed     94.14%
 808  MZ165450    0.26%    passed     94.14%
 809  MZ165451    0.26%    passed     94.14%
 810  MZ165452    0.26%    passed     94.14%
 811  MZ165453    0.26%    passed     94.14%
 812  MZ165454    0.26%    passed     94.14%
 813  MZ165455    1.26%    passed     97.97%
 814  MZ165456    1.26%    passed     97.97%
 815  MW384364    0.26%    passed     96.52%
 816  MW384386    0.26%    passed     95.38%
 817  MW384331    0.26%    passed     95.67%
 818  MW384320    0.26%    passed     94.82%
 819  MW384342    0.26%    passed     97.25%
 820  MW384375    0.30%    passed     98.12%
 821  KF726048    0.15%    passed     99.63%
 822  LC173197    1.15%    passed     99.58%
 823  KX362602    0.33%    passed     98.44%
 824  KY634761    3.27%    passed     98.53%
 825  KY634584    3.19%    passed     98.87%
 826  KY634573    3.19%    passed     99.17%
 827  KY634540    1.86%    passed     99.92%
 828  KY634607    1.86%    passed     99.86%
 829  KY634627    1.93%    passed     99.35%
 830  KY634595    2.08%    passed     99.94%
 831  KY634654    1.93%    passed     99.72%
 832  KY634562    1.93%    passed     98.07%
 833  KY634551    1.93%    passed     98.07%
 834  KX362756    0.11%    passed     96.67%
 835  KX362811    0.11%    passed     95.70%
 836  KX363073    0.11%    passed     97.25%
 837  KX362963    0.11%    passed     97.25%
 838  KX363266    0.11%    passed     97.25%
 839  KX362974    0.11%    passed     97.25%
 840  KX362844    0.11%    passed     97.25%
 841  KX362876    0.11%    passed     97.25%
 842  KX363181    0.11%    passed     96.33%
 843  KX363029    0.11%    passed     95.70%
 844  KX362767    0.11%    passed     96.67%
 845  KX362887    0.19%    passed     97.76%
 846  KX363018    2.34%    passed     99.72%
 847  KX363095    0.37%    passed     97.84%
 848  KX363040    3.27%    passed     99.90%
 849  KX362624    3.94%    passed     95.92%
 850  KX363148    0.74%    passed     96.37%
 851  KX363170    0.82%    passed     98.12%
 852  KX363084    0.15%    passed     92.84%
 853  KX363159    0.15%    passed     92.84%
 854  KX363193    0.15%    passed     92.84%
 855  KX362940    0.15%    passed     91.20%
 856  KX362909    4.49%    passed     88.68%
 857  KX363137   21.46%    passed     10.73%
 858  KX363062    0.11%    passed     92.10%
 859  KX362898    0.11%    passed     91.03%
 860  KX363235    0.15%    passed     94.96%
 861  KX363294    0.85%    passed     94.99%
 862  KX363214    0.85%    passed     93.56%
 863  KX362592   14.37%    passed     71.38%
 864  KX362679    1.78%    passed     99.88%
 865  KX362921    8.02%    passed     87.56%
 866  KX362865   20.05%    passed     93.19%
 867  KX363106   12.40%    passed     81.82%
 868  KX362985    7.98%    passed     87.60%
 869  KX363051    4.23%    passed     98.62%
 870  KX363118   24.47%    passed     85.80%
 871  KX363007   16.12%    passed     51.75%
 872  KX362952    3.30%    passed     99.49%
 873  KX362996    3.30%    passed     99.49%
 874  KX363246    5.79%    passed     96.14%
 875  KY634717    5.27%    passed     99.53%
 876  KY634701    2.15%    passed     99.85%
 877  KP752517    1.41%    passed     98.22%
 878  KJ753170    1.37%    passed     98.79%
 879  KJ753182    1.37%    passed     97.63%
 880  KJ753693    1.37%    passed     94.01%
 881  LC105059    9.36%    passed     61.61%
 882  KJ753083    1.41%    passed     97.31%
 883  KJ751758    1.41%    passed     97.47%
 884  KP752754    1.41%    passed     98.14%
 885  MZ093899    1.78%    passed     97.32%
 886  MZ094480   15.48%    passed     56.43%
 887  MZ094491    1.78%    passed     98.34%
 888  MZ094787    3.19%    passed     86.00%
 889  MZ094502    3.19%    passed     87.00%
 890  MZ095049    3.19%    passed     84.81%
 891  MZ094645    3.19%    passed     84.81%
 892  MZ097070    2.08%    passed     93.70%
 893  MZ094874    1.75%    passed     96.86%
 894  MZ094983    1.75%    passed     97.73%
 895  MZ094513    1.75%    passed     96.86%
 896  MZ094557    1.75%    passed     96.86%
 897  MZ094579    1.75%    passed     96.86%
 898  MZ094667    1.75%    passed     96.86%
 899  MZ094733    1.75%    passed     96.86%
 900  MZ094776    1.75%    passed     96.86%
 901  MZ097059    1.75%    passed     96.86%
 902  MZ094546    1.75%    passed     97.38%
 903  MZ094612    1.75%    passed     97.38%
 904  MZ094700    1.75%    passed     94.82%
 905  MZ093804    1.75%    passed     94.82%
 906  MZ093869    1.75%    passed     94.82%
 907  MZ095027    1.75%    passed     95.08%
 908  MZ095060    1.75%    passed     95.08%
 909  MZ095071    1.75%    passed     95.08%
 910  MZ095236    1.75%    passed     95.08%
 911  MZ095280    1.75%    passed     95.08%
 912  MZ095115    1.75%    passed     95.74%
 913  MZ095214    1.75%    passed     93.87%
 914  MZ095181    1.75%    passed     94.82%
 915  MZ097048    1.75%    passed     96.24%
 916  MZ094895    1.75%    passed     96.48%
 917  MZ094634    1.75%    passed     97.38%
 918  MZ095005    1.75%    passed     97.38%
 919  MZ094623    1.75%    passed     96.88%
 920  MZ095126    1.75%    passed     96.73%
 921  MZ094961    2.41%    passed     91.33%
 922  MZ095016    3.53%    passed     83.41%
 923  MZ097015    4.68%    passed     88.31%
 924  MZ094884    2.08%    passed     98.89%
 925  MZ095104    1.86%    passed     94.63%
 926  MZ095247    1.78%    passed     95.32%
 927  MZ095291    1.78%    passed     95.32%
 928  MZ096905    1.78%    passed     91.85%
 929  MZ095344    1.75%    passed     91.87%
 930  MZ094766    1.78%    passed     96.66%
 931  MZ095038   12.59%    passed     82.15%
 932  MZ094798    1.78%    passed     96.91%
 933  MZ094906    1.78%    passed     96.91%
 934  MZ094469    1.78%    passed     96.91%
 935  MZ094568    1.78%    passed     96.91%
 936  MZ094994    1.78%    passed     96.34%
 937  MZ094458    1.78%    passed     96.91%
 938  MZ095258    1.78%    passed     97.72%
 939  MZ095269    1.78%    passed     97.72%
 940  MZ095302    1.78%    passed     97.72%
 941  MZ094830    1.78%    passed     96.49%
 942  MZ094744    1.78%    passed     96.49%
 943  MZ094601    1.78%    passed     97.71%
 944  MZ097026    1.78%    passed     97.71%
 945  MZ094950    3.56%    passed     87.06%
 946  MZ094863    3.45%    passed     86.75%
 947  MZ094678    2.12%    passed     96.45%
 948  MZ095322    1.78%    passed     96.81%
 949  MZ095333    1.78%    passed     96.81%
 950  MZ095137    2.41%    passed     86.40%
 951  MZ095203    1.75%    passed     93.72%
 952  MZ095225    3.53%    passed     81.40%
 953  MZ097092    1.97%    passed     91.41%
 954  MZ094841   24.88%    passed     42.10%
 955  MZ093815    1.75%    passed     95.85%
 956  MZ095312    1.78%    passed     97.32%
 957  MZ095082   23.39%    passed     56.87%
 958  MZ097004   24.40%    passed     43.14%
 959  MZ095399    1.75%    passed     98.76%
 960  KX632288    0.11%    passed     97.42%
 961  MZ094819   22.80%    passed     48.11%
 962  MZ094917    8.54%    passed     80.10%
 963  MZ094928    8.54%    passed     80.10%
 964  MZ094939   15.56%    passed     50.47%
 965  MZ094535    3.64%    passed     95.76%
 966  MZ094755    3.64%    passed     96.34%
 967  MZ094656    3.75%    passed     95.94%
 968  MZ094722   19.35%    passed     48.71%
 969  MZ094689    1.97%    passed     92.43%
 970  MZ097037    8.58%    passed     74.07%
 971  MZ094808   23.62%    passed     62.05%
 972  MZ094972    2.08%    passed     93.07%
 973  MZ094590    5.31%    passed     93.44%
 974  MZ093951    3.53%    passed     88.42%
 975  MZ093658    1.75%    passed     97.03%
 976  MZ093669    1.75%    passed     97.65%
 977  MZ093688    1.75%    passed     97.65%
 978  MZ093699    1.75%    passed     97.65%
 979  MZ093710    1.75%    passed     97.65%
 980  MZ093754    1.75%    passed     97.65%
 981  MZ093826    1.75%    passed     97.65%
 982  MZ093848    1.75%    passed     97.65%
 983  MZ093880    1.75%    passed     97.65%
 984  MZ096982    1.75%    passed     97.65%
 985  MZ093859    1.75%    passed     97.65%
 986  MZ093721    4.20%    passed     85.23%
 987  MZ093743    3.19%    passed     90.10%
 988  MZ093941    1.97%    passed     95.19%
 989  MZ096993    2.86%    passed     89.31%
 990  MZ093919    9.02%    passed     79.42%
 991  KJ627114    1.41%    passed     99.36%
 992  MN529633    4.16%    passed     99.99%
 993  MN529634    4.16%    passed     99.99%
 994  MN529635    4.16%    passed     99.99%
 995  KY634829   14.48%    passed     64.12%
 996  JX027834    1.34%    passed     96.14%
 997  JX027845    1.34%    passed     96.14%
 998  LC367293    0.52%    passed     90.56%
 999  LC374119    0.97%    passed     92.42%
1000  LC374064    1.82%    passed     95.79%
1001  LC374108    1.82%    passed     96.40%
1002  LC374031    2.27%    passed     96.59%
1003  LC374097    1.00%    passed     90.10%
1004  LC374042    0.71%    passed     90.89%
1005  LC367282    0.56%    passed     91.65%
1006  LC374086    0.41%    passed     89.31%
1007  LC374075    1.49%    passed     89.49%
1008  LC374053    0.41%    passed     88.66%
1009  HQ392341    1.30%    passed     97.30%
1010  KJ626514    1.41%    passed     99.24%
1011  KJ626639    1.41%    passed     98.82%
1012  KJ626683    1.41%    passed     98.73%
1013  KJ626917    1.41%    passed     98.30%
1014  KJ626797    1.41%    passed     98.73%
1015  KJ627139    1.41%    passed     98.15%
1016  KJ626872    1.41%    passed     98.83%
1017  KJ626650    1.41%    passed     98.58%
1018  KJ626808    1.41%    passed     98.75%
1019  KJ626583    1.41%    passed     98.31%
1020  KJ412554    1.41%    passed     99.65%
1021  KJ627090    1.41%    passed     94.88%
1022  KJ820881    1.71%    passed     97.72%
1023  KJ870923    0.15%    passed     99.94%
1024  KY657720    2.01%    passed     38.94%
1025  KY657721    2.01%    passed     15.42%
1026  KY657722    2.01%    failed      1.25%
1027  KY657723    2.01%    failed      0.20%
1028  KY657724    2.01%    failed      0.00%
1029  KY657725    2.01%    failed      0.00%
1030  KJ752384    1.41%    passed     91.92%
1031  JN651863    8.73%    passed     83.85%
1032  JN635555    3.79%    passed     85.76%
1033  JN258949    1.34%    passed     89.04%
1034  JN258889    1.30%    passed     90.97%
1035  HQ670633    0.11%    passed     98.91%
1036  KJ752005    1.37%    passed     99.11%
1037  KP752791    1.41%    passed     98.39%
1038  JX027909    1.26%    passed     99.77%
1039  JX027900    1.26%    passed     99.30%
1040  JX027921    1.30%    passed     99.55%
1041  KC769471    2.01%    passed     97.94%
1042  JN258823    1.30%    passed     99.75%
1043  KJ412711    1.34%    passed     99.92%
1044  JN258843    1.30%    passed     99.99%
1045  MG181250    1.11%    passed     95.45%
1046  MG181228    1.11%    passed     95.45%
1047  FJ747614    1.45%    passed     97.67%
1048  EU984104    0.15%    passed     98.53%
1049  LC173033    0.15%    passed     96.21%
1050  LC173023    0.15%    passed     96.21%
1051  LC173024    0.15%    passed     96.21%
1052  LC173037    0.15%    passed     96.21%
1053  LC173029    0.15%    passed     96.21%
1054  LC173035    0.15%    passed     97.09%
1055  LC173038    0.15%    passed     95.93%
1056  LC173040    0.19%    passed     94.61%
1057  LC173041    0.19%    passed     94.61%
1058  KT919118    1.41%    passed     99.82%
1059  MF168128    1.41%    passed     99.82%
1060  JF490412    0.78%    passed     99.66%
1061  KC769427    0.74%    passed     99.15%
1062  KC769306    0.74%    passed     99.15%
1063  JX027660    0.74%    passed     99.14%
1064  JX027754    0.74%    passed     99.14%
1065  KC769416    0.82%    passed     99.01%
1066  JX027693    0.74%    passed     98.65%
1067  JX027745    0.74%    passed     98.65%
1068  KC769317    0.74%    passed     98.65%
1069  JX027810    0.74%    passed     99.14%
1070  JX027777    0.74%    passed     99.08%
1071  JX027788    0.74%    passed     99.08%
1072  KC769405    2.15%    passed     94.79%
1073  JF490115    1.30%    passed     98.91%
1074  JF490126    1.30%    passed     98.86%
1075  JF490134    1.34%    passed     98.79%
1076  JF490533    1.34%    passed     98.79%
1077  KJ626694    1.41%    passed     97.62%
1078  KJ627101    1.41%    passed     97.62%
1079  KJ626928    1.41%    passed     97.62%
1080  KJ626763    1.41%    passed     97.22%
1081  KJ626741    1.41%    passed     97.88%
1082  KJ626536    1.41%    passed     98.52%
1083  KJ626977    1.41%    passed     98.46%
1084  KJ627079    1.41%    passed     97.22%
1085  KJ626560    1.41%    passed     98.15%
1086  KJ626594    1.41%    passed     99.11%
1087  KJ627065    1.41%    passed     99.44%
1088  KJ559227    1.41%    passed     98.01%
1089  KJ626503    1.41%    passed     98.01%
1090  KJ626786    1.41%    passed     97.08%
1091  HQ392054    0.71%    passed     99.75%
1092  HQ392254    1.30%    passed     99.22%
1093  HQ392288    1.30%    passed     99.22%
1094  JF490236    1.34%    passed     92.77%
1095  JF490433    1.34%    passed     92.77%
1096  JF490225    1.34%    passed     94.20%
1097  JF490324    1.34%    passed     94.20%
1098  JF490247    1.34%    passed     94.20%
1099  JF490423    1.34%    passed     94.20%
1100  JF490313    1.34%    passed     93.85%
1101  JF490290    1.34%    passed     94.20%
1102  JF490544    1.45%    passed     94.95%
1103  JF490258    1.34%    passed     95.62%
1104  JF490269    1.34%    passed     96.16%
1105  JF490302    1.34%    passed     96.16%
1106  JF490555    1.34%    passed     96.16%
1107  JF490280    1.34%    passed     96.16%
1108  JF490335    1.34%    passed     95.10%
1109  JF490345    1.34%    passed     95.07%
1110  JF490356    1.30%    passed     94.80%
1111  HQ392208    1.34%    passed     93.90%
1112  HQ392066    1.30%    passed     99.13%
1113  HQ392046    1.41%    passed     97.05%
1114  KC193624    1.30%    passed     97.61%
1115  KJ627115    1.41%    passed     97.75%
1116  KJ559357    1.41%    passed     97.75%
1117  KJ626845    1.41%    passed     97.75%
1118  KJ559127    1.41%    passed     96.27%
1119  KJ627151    1.41%    passed     97.18%
1120  KJ559291    1.41%    passed     97.19%
1121  KJ559205    1.41%    passed     97.19%
1122  KJ559276    1.41%    passed     97.19%
1123  KJ559390    1.41%    passed     97.19%
1124  KJ559261    1.41%    passed     97.19%
1125  KJ559368    1.41%    passed     97.19%
1126  KJ559324    1.41%    passed     97.00%
1127  KJ559335    1.41%    passed     96.05%
1128  KJ559239    1.41%    passed     97.91%
1129  KJ559150    1.41%    passed     97.64%
1130  KJ559112    1.41%    passed     96.88%
1131  KJ626705    1.41%    passed     94.72%
1132  KJ559302    1.37%    passed     95.77%
1133  KC195770    1.30%    passed     98.32%
1134  KF636224    1.41%    passed     95.98%
1135  KJ752564    1.41%    passed     95.98%
1136  KJ753583    1.41%    passed     95.98%
1137  KJ753094    1.41%    passed     95.98%
1138  KJ753664    1.41%    passed     95.98%
1139  KJ753777    1.41%    passed     95.98%
1140  KJ753304    1.41%    passed     95.98%
1141  KJ753238    1.41%    passed     95.98%
1142  KJ753675    1.41%    passed     95.98%
1143  KJ752902    1.41%    passed     95.98%
1144  KP752743    1.41%    passed     95.98%
1145  KJ752428    1.41%    passed     95.18%
1146  KJ752498    1.41%    passed     93.85%
1147  KJ753249    1.41%    passed     95.18%
1148  KJ752970    1.41%    passed     96.13%
1149  KJ752417    1.41%    passed     96.30%
1150  KJ753513    1.41%    passed     94.95%
1151  KJ752329    1.41%    passed     96.34%
1152  KJ753502    1.41%    passed     97.12%
1153  KJ753766    1.41%    passed     97.12%
1154  KJ753260    1.41%    passed     96.30%
1155  KJ753842    1.41%    passed     96.34%
1156  KJ752959    1.41%    passed     96.78%
1157  KP752427    1.41%    passed     96.78%
1158  KJ752542    1.41%    passed     95.09%
1159  JN258789    1.34%    passed     98.11%
1160  KJ626616    1.41%    passed     97.37%
1161  JN651798    1.41%    passed     97.56%
1162  JN651765   32.83%    passed     93.99%
1163  JN258800    1.30%    passed     97.90%
1164  JN258851    1.34%    passed     95.65%
1165  KC443577    1.41%    passed     95.57%
1166  KP752638    1.41%    passed     96.34%
1167  KJ751769    1.41%    passed     98.60%
1168  JN651841    8.24%    passed     96.42%
1169  JN258921    1.34%    passed     97.12%
1170  KJ752630    1.41%    passed     96.29%
1171  HQ392395    1.30%    passed     96.72%
1172  JN651819    3.86%    passed     97.53%
1173  JN258812    1.34%    passed     96.94%
1174  KJ559194    1.41%    passed     95.88%
1175  MG181261    0.15%    passed     96.98%
1176  MG181272    0.19%    passed     96.76%
1177  MG181283    0.15%    passed     97.38%
1178  MG181294    0.15%    passed     97.05%
1179  MG181305    0.15%    passed     97.98%
1180  MG181932    0.15%    passed     97.62%
1181  MG181239    0.15%    passed     95.98%
1182  MG181338    0.15%    passed     99.31%
1183  MG181371    0.37%    passed     98.07%
1184  MG181382    0.41%    passed     97.73%
1185  MG181360    0.63%    passed     98.88%
1186  MG181393    0.59%    passed     99.02%
1187  MG181404    0.59%    passed     98.65%
1188  MG181426    0.15%    passed     98.73%
1189  MG181437    0.15%    passed     98.62%
1190  MG181415    0.15%    passed     99.20%
1191  MG181349    0.15%    passed     97.98%
1192  JN651852   17.12%    passed     82.17%
1193  KJ753617    1.41%    passed     90.41%
1194  JN651787   25.62%    passed     87.20%
1195  JN651754   16.30%    passed     93.89%
1196  KY657714    1.97%    passed     70.94%
1197  KY657715    1.97%    passed     36.22%
1198  KY657716    1.97%    passed      9.43%
1199  KY657717    1.97%    failed      0.85%
1200  KY657718    1.97%    failed      0.05%
1201  KY657719    1.97%    failed      0.00%
1202  GU199504    0.26%    passed     99.57%
1203  GU199519    0.26%    passed     98.65%
1204  GU199493    0.26%    passed     98.98%
1205  JX027878    1.45%    passed     98.24%
1206  KJ501693    1.04%    passed     99.84%
1207  JX509936    0.37%    passed     98.90%
1208  HQ392419    1.52%    passed     99.22%
1209  MF469221    0.37%    passed     98.68%
1210  LC028934    3.90%    passed     91.58%
1211  KJ820870    1.93%    passed     90.03%
1212  KJ820837    1.93%    passed     90.03%
1213  JF490379    1.56%    passed     92.69%
1214  JF490390    1.56%    passed     92.69%
1215  JF490456    1.56%    passed     92.69%
1216  JF490401    1.56%    passed     92.69%
1217  JF490511    1.56%    passed     92.69%
1218  JF490467    1.56%    passed     92.69%
1219  JF490493    1.56%    passed     90.86%
1220  JX027768    1.56%    passed     90.94%
1221  JX027647    1.56%    passed     90.94%
1222  JX027680    1.56%    passed     90.94%
1223  JX027801    1.56%    passed     90.88%
1224  JX027735    1.63%    passed     89.40%
1225  JX027658    1.56%    passed     90.63%
1226  KC769460    1.60%    passed     91.10%
1227  JX027724    1.56%    passed     88.89%
1228  KC769328    2.12%    passed     79.60%
1229  KC769438    2.41%    passed     76.81%
1230  JF490489    1.52%    passed     94.11%
1231  JF490478    1.56%    passed     92.49%
1232  HQ392079    1.56%    passed     97.64%
1233  JN258865    1.56%    passed     96.50%
1234  JN258900    1.56%    passed     94.17%
1235  HQ392376    1.52%    passed     97.41%
1236  HQ392155    1.52%    passed     97.33%
1237  JN258877    1.56%    passed     94.26%
1238  KJ559042    1.63%    passed     93.24%
1239  KJ626846    1.63%    passed     89.43%
1240  KJ626525    1.97%    passed     78.91%
1241  KC769394    3.79%    passed     90.08%
1242  HQ391999    1.30%    passed     87.15%
1243  KC193613    1.30%    passed     88.15%
1244  JF490159    1.34%    passed     91.36%
1245  KC769372    2.04%    passed     96.16%
1246  JN651830   25.77%    passed     62.36%
1247  KY657708    2.01%    passed     56.77%
1248  KY657709    2.01%    passed     13.16%
1249  KY657710    2.01%    failed      1.39%
1250  KY657711    2.01%    failed      0.04%
1251  KY657712    2.01%    failed      0.00%
1252  KY657713    2.01%    failed      0.00%
1253  MK953589    2.23%    passed     95.41%
1254  MK953603    2.23%    passed     95.41%
1255  MK953591    2.23%    passed     95.57%
1256  MK953593    2.23%    passed     87.57%
1257  GU189552    0.26%    passed     57.91%
1258  KF447840    0.26%    passed     35.96%
1259  KF447851    0.26%    passed     35.96%
1260  KF447862    0.26%    passed     35.96%
1261  KF041442    0.26%    passed     35.96%
1262  AB741650    0.26%    failed      2.98%
1263  KC412045    2.15%    passed     38.25%
1264  KC412044    3.68%    passed     38.79%
1265  KF726037    0.26%    passed     22.62%
1266  KF726059    0.26%    passed      7.71%
1267  MK597983    1.89%    passed     10.48%
1268  KF726070    0.26%    passed      7.35%
1269  KJ412565    1.52%    failed      4.01%
1270  KU740027    2.41%    passed     29.52%
1271  KU740019    0.26%    passed     29.63%
1272  KU740007    0.63%    passed     16.90%
1273  LC000534    8.69%    passed     75.36%
1274  LC061619    3.16%    passed     88.49%
1275  LC061618    4.75%    passed     45.07%
1276  MN066812    1.30%    passed     51.24%
1277  MN066882    1.41%    passed     50.59%
1278  KU363151    0.26%    passed     35.84%
1279  LC569881    0.26%    failed      2.37%
1280  LC190487    0.30%    passed     22.25%
1281  LC600810    0.33%    passed     47.17%
1282  HG513046    0.30%    passed     42.64%
1283  KX362690    5.90%    passed     42.85%
1284  LC569892    0.26%    passed     14.70%
1285  KJ870901    1.78%    passed     58.53%
1286  KU714445    0.26%    passed     26.82%
****  TOTAL       1.70%  14 sequences failed composition chi2 test (p-value<5%; df=3)
NOTE: KJ751879 is identical to KF636147 but kept for subsequent analysis
NOTE: LC372884 is identical to LC368100 but kept for subsequent analysis
NOTE: KJ753447 is identical to KJ752948 but kept for subsequent analysis
NOTE: MF469104 is identical to MF469391 but kept for subsequent analysis
NOTE: MG181547 is identical to MG181492 but kept for subsequent analysis
NOTE: KF636158 is identical to KF636169 but kept for subsequent analysis
NOTE: KJ753061 is identical to KF636334 but kept for subsequent analysis
NOTE: MZ095476 is identical to MZ095366 but kept for subsequent analysis
NOTE: MZ095661 is identical to MZ095585 but kept for subsequent analysis
NOTE: MZ095815 is identical to MZ095771 but kept for subsequent analysis
NOTE: MZ097297 is identical to MZ097125 but kept for subsequent analysis
NOTE: MZ095465 is identical to MZ095421 but kept for subsequent analysis
NOTE: MZ095563 is identical to MZ095509 but kept for subsequent analysis
NOTE: MZ097308 is identical to MZ097286 but kept for subsequent analysis
NOTE: MZ095388 is identical to MZ095355 but kept for subsequent analysis
NOTE: MZ095881 is identical to MZ095826 but kept for subsequent analysis
NOTE: MZ095629 is identical to MZ095531 but kept for subsequent analysis
NOTE: MZ095410 is identical to MZ095377 but kept for subsequent analysis
NOTE: MZ096531 is identical to MZ096509 but kept for subsequent analysis
NOTE: MZ096542 is identical to MZ096498 but kept for subsequent analysis
NOTE: MZ096729 is identical to MZ096707 but kept for subsequent analysis
NOTE: MZ096696 is identical to MZ096630 but kept for subsequent analysis
NOTE: MZ096228 is identical to MZ096178 but kept for subsequent analysis
NOTE: MZ096349 is identical to MZ096218 but kept for subsequent analysis
NOTE: MZ096392 is identical to MZ096283 but kept for subsequent analysis
NOTE: MZ096861 is identical to MZ096167 but kept for subsequent analysis
NOTE: MZ096305 is identical to MZ096207 but kept for subsequent analysis
NOTE: MZ096883 is identical to MZ096382 but kept for subsequent analysis
NOTE: MZ097158 is identical to MZ097136 but kept for subsequent analysis
NOTE: MF469199 is identical to KT919922 but kept for subsequent analysis
NOTE: KT919691 is identical to KT919889 but kept for subsequent analysis
NOTE: KT918865 is identical to KT918898 but kept for subsequent analysis
NOTE: MF168282 is identical to KT919052 but kept for subsequent analysis
NOTE: KF636191 is identical to KF636202 but kept for subsequent analysis
NOTE: KJ753380 is identical to KJ752228 but kept for subsequent analysis
NOTE: KP645290 is identical to KP645268 but kept for subsequent analysis
NOTE: KT919096 is identical to KT919581 but kept for subsequent analysis
NOTE: KT918590 is identical to KT919482 but kept for subsequent analysis
NOTE: KT919900 is identical to KT918557 but kept for subsequent analysis
NOTE: KT919933 is identical to KT918480 but kept for subsequent analysis
NOTE: KT918766 is identical to KT918799 but kept for subsequent analysis
NOTE: KT918491 is identical to KT918612 but kept for subsequent analysis
NOTE: KT919845 is identical to KT918568 but kept for subsequent analysis
NOTE: MF168096 is identical to MF168120 but kept for subsequent analysis
NOTE: KT919426 is identical to KT919338 but kept for subsequent analysis
NOTE: KJ626819 is identical to KJ559346 but kept for subsequent analysis
NOTE: KJ626672 is identical to KJ626906 but kept for subsequent analysis
NOTE: KJ627036 is identical to KJ626883 but kept for subsequent analysis
NOTE: KJ412521 is identical to KJ412765 but kept for subsequent analysis
NOTE: JF490180 is identical to JF490104 but kept for subsequent analysis
NOTE: JF490169 is identical to JF490191 but kept for subsequent analysis
NOTE: LC468225 is identical to LC468214 but kept for subsequent analysis
NOTE: LC173175 is identical to LC173173 but kept for subsequent analysis
NOTE: KJ412700 is identical to KJ412644 but kept for subsequent analysis
NOTE: MN417971 is identical to MH166408 but kept for subsequent analysis
NOTE: KP753157 is identical to KP753247 but kept for subsequent analysis
NOTE: KT919944 is identical to KT918887 but kept for subsequent analysis
NOTE: KT919856 is identical to KT919294 but kept for subsequent analysis
NOTE: KT918436 is identical to KT919140 but kept for subsequent analysis
NOTE: KT918689 is identical to KT919812 but kept for subsequent analysis
NOTE: KT918524 is identical to KT918634 but kept for subsequent analysis
NOTE: MH171336 is identical to MH171335 but kept for subsequent analysis
NOTE: MZ094447 is identical to MZ094436 but kept for subsequent analysis
NOTE: LC105092 is identical to LC105048 but kept for subsequent analysis
NOTE: MF469312 is identical to MF469442 but kept for subsequent analysis
NOTE: MF469363 is identical to MF469421 but kept for subsequent analysis
NOTE: MF469231 is identical to MF469332 but kept for subsequent analysis
NOTE: MF469353 is identical to MF469372 but kept for subsequent analysis
NOTE: JX027964 is identical to JX027977 but kept for subsequent analysis
NOTE: JX027955 is identical to JX027942 but kept for subsequent analysis
NOTE: MH171328 is identical to MH171326 but kept for subsequent analysis
NOTE: MW384122 is identical to MW384155 but kept for subsequent analysis
NOTE: LC173188 is identical to LC173187 but kept for subsequent analysis
NOTE: LC173117 is identical to LC173116 but kept for subsequent analysis
NOTE: LC173134 is identical to LC173123 but kept for subsequent analysis
NOTE: LC173143 is identical to LC173135 but kept for subsequent analysis
NOTE: LC173141 is identical to LC173140 but kept for subsequent analysis
NOTE: LC173132 is identical to LC173131 but kept for subsequent analysis
NOTE: LC105471 is identical to LC105449 but kept for subsequent analysis
NOTE: LC105493 is identical to LC105460 but kept for subsequent analysis
NOTE: LC105296 is identical to LC105264 but kept for subsequent analysis
NOTE: KX778554 is identical to KX778549 but kept for subsequent analysis
NOTE: MW384056 is identical to MW384001 but kept for subsequent analysis
NOTE: MW384078 is identical to MW384023 but kept for subsequent analysis
NOTE: MZ165447 is identical to MZ165446 but kept for subsequent analysis
NOTE: MZ165450 is identical to MZ165449 but kept for subsequent analysis
NOTE: MZ165456 is identical to MZ165455 but kept for subsequent analysis
NOTE: KY634551 is identical to KY634562 but kept for subsequent analysis
NOTE: KX362963 is identical to KX363073 but kept for subsequent analysis
NOTE: KX363159 is identical to KX363084 but kept for subsequent analysis
NOTE: KX362996 is identical to KX362952 but kept for subsequent analysis
NOTE: MZ094645 is identical to MZ095049 but kept for subsequent analysis
NOTE: MZ094557 is identical to MZ094513 but kept for subsequent analysis
NOTE: MZ094612 is identical to MZ094546 but kept for subsequent analysis
NOTE: MZ093869 is identical to MZ093804 but kept for subsequent analysis
NOTE: MZ095060 is identical to MZ095027 but kept for subsequent analysis
NOTE: MZ095291 is identical to MZ095247 but kept for subsequent analysis
NOTE: MZ094469 is identical to MZ094906 but kept for subsequent analysis
NOTE: MZ095269 is identical to MZ095258 but kept for subsequent analysis
NOTE: MZ094744 is identical to MZ094830 but kept for subsequent analysis
NOTE: MZ097026 is identical to MZ094601 but kept for subsequent analysis
NOTE: MZ095333 is identical to MZ095322 but kept for subsequent analysis
NOTE: MZ094928 is identical to MZ094917 but kept for subsequent analysis
NOTE: MZ093688 is identical to MZ093669 but kept for subsequent analysis
NOTE: MN529634 is identical to MN529633 but kept for subsequent analysis
NOTE: JX027845 is identical to JX027834 but kept for subsequent analysis
NOTE: MG181228 is identical to MG181250 but kept for subsequent analysis
NOTE: LC173023 is identical to LC173033 but kept for subsequent analysis
NOTE: LC173041 is identical to LC173040 but kept for subsequent analysis
NOTE: MF168128 is identical to KT919118 but kept for subsequent analysis
NOTE: KC769306 is identical to KC769427 but kept for subsequent analysis
NOTE: JX027754 is identical to JX027660 but kept for subsequent analysis
NOTE: JX027745 is identical to JX027693 but kept for subsequent analysis
NOTE: JX027788 is identical to JX027777 but kept for subsequent analysis
NOTE: JF490533 is identical to JF490134 but kept for subsequent analysis
NOTE: KJ627101 is identical to KJ626694 but kept for subsequent analysis
NOTE: HQ392288 is identical to HQ392254 but kept for subsequent analysis
NOTE: JF490433 is identical to JF490236 but kept for subsequent analysis
NOTE: JF490324 is identical to JF490225 but kept for subsequent analysis
NOTE: JF490302 is identical to JF490269 but kept for subsequent analysis
NOTE: KJ559357 is identical to KJ627115 but kept for subsequent analysis
NOTE: KJ559205 is identical to KJ559291 but kept for subsequent analysis
NOTE: KJ752564 is identical to KF636224 but kept for subsequent analysis
NOTE: KJ753766 is identical to KJ753502 but kept for subsequent analysis
NOTE: KP752427 is identical to KJ752959 but kept for subsequent analysis
NOTE: KJ820837 is identical to KJ820870 but kept for subsequent analysis
NOTE: JF490390 is identical to JF490379 but kept for subsequent analysis
NOTE: JF490511 is identical to JF490401 but kept for subsequent analysis
NOTE: JX027647 is identical to JX027768 but kept for subsequent analysis
NOTE: MK953603 is identical to MK953589 but kept for subsequent analysis
NOTE: KF447851 is identical to KF447840 but kept for subsequent analysis
Checking for duplicate sequences: done in 0.0100811 secs using 91.23% CPU
Identifying sites to remove: done in 0.0188951 secs using 85.17% CPU
NOTE: 186 identical sequences (see below) will be ignored for subsequent analysis
NOTE: MF469278 (identical to MF469391) is ignored but added at the end
NOTE: MF469257 (identical to MF469391) is ignored but added at the end
NOTE: KJ752262 (identical to KF636169) is ignored but added at the end
NOTE: KF636268 (identical to KF636169) is ignored but added at the end
NOTE: MZ095487 (identical to MZ095366) is ignored but added at the end
NOTE: MZ095596 (identical to MZ095366) is ignored but added at the end
NOTE: MZ095683 (identical to MZ095366) is ignored but added at the end
NOTE: MZ095749 (identical to MZ095366) is ignored but added at the end
NOTE: MZ095859 (identical to MZ095366) is ignored but added at the end
NOTE: MZ095980 (identical to MZ095771) is ignored but added at the end
NOTE: MZ095541 (identical to MZ095421) is ignored but added at the end
NOTE: MZ095607 (identical to MZ095421) is ignored but added at the end
NOTE: MZ095782 (identical to MZ095421) is ignored but added at the end
NOTE: MZ095443 (identical to MZ095355) is ignored but added at the end
NOTE: MZ095574 (identical to MZ095355) is ignored but added at the end
NOTE: MZ095694 (identical to MZ095355) is ignored but added at the end
NOTE: MZ095716 (identical to MZ095355) is ignored but added at the end
NOTE: MZ095969 (identical to MZ095355) is ignored but added at the end
NOTE: MZ095837 (identical to MZ095531) is ignored but added at the end
NOTE: MZ095903 (identical to MZ095531) is ignored but added at the end
NOTE: MZ095454 (identical to MZ095377) is ignored but added at the end
NOTE: MZ095672 (identical to MZ095377) is ignored but added at the end
NOTE: MZ095727 (identical to MZ095377) is ignored but added at the end
NOTE: MZ095760 (identical to MZ095377) is ignored but added at the end
NOTE: MZ096619 (identical to MZ096498) is ignored but added at the end
NOTE: MZ096674 (identical to MZ096498) is ignored but added at the end
NOTE: MZ096685 (identical to MZ096498) is ignored but added at the end
NOTE: MZ096740 (identical to MZ096498) is ignored but added at the end
NOTE: MZ096872 (identical to MZ096178) is ignored but added at the end
NOTE: MZ096445 (identical to MZ096178) is ignored but added at the end
NOTE: MZ096403 (identical to MZ096283) is ignored but added at the end
NOTE: MZ096454 (identical to MZ096283) is ignored but added at the end
NOTE: MZ096338 (identical to MZ096207) is ignored but added at the end
NOTE: MZ096262 (identical to MZ097136) is ignored but added at the end
NOTE: KT919206 (identical to KT919922) is ignored but added at the end
NOTE: KT918546 (identical to KT919922) is ignored but added at the end
NOTE: KT919415 (identical to KT919922) is ignored but added at the end
NOTE: KT918876 (identical to KT919922) is ignored but added at the end
NOTE: MF167977 (identical to KT919922) is ignored but added at the end
NOTE: MF168384 (identical to KT919922) is ignored but added at the end
NOTE: KT919614 (identical to KT919889) is ignored but added at the end
NOTE: KT919460 (identical to KT918898) is ignored but added at the end
NOTE: KT918997 (identical to KT918898) is ignored but added at the end
NOTE: KF636235 (identical to KF636202) is ignored but added at the end
NOTE: KF636180 (identical to KF636202) is ignored but added at the end
NOTE: KF636279 (identical to KF636202) is ignored but added at the end
NOTE: KF636213 (identical to KF636202) is ignored but added at the end
NOTE: KJ753194 (identical to KF636202) is ignored but added at the end
NOTE: KP645301 (identical to KP645268) is ignored but added at the end
NOTE: KT919250 (identical to KT919581) is ignored but added at the end
NOTE: KT919966 (identical to KT919581) is ignored but added at the end
NOTE: KT918700 (identical to KT919581) is ignored but added at the end
NOTE: KT919471 (identical to KT919581) is ignored but added at the end
NOTE: KT919184 (identical to KT919581) is ignored but added at the end
NOTE: KT919019 (identical to KT919581) is ignored but added at the end
NOTE: KT918667 (identical to KT919581) is ignored but added at the end
NOTE: KT919195 (identical to KT919581) is ignored but added at the end
NOTE: KT919680 (identical to KT919581) is ignored but added at the end
NOTE: KT919669 (identical to KT919581) is ignored but added at the end
NOTE: KT918645 (identical to KT919581) is ignored but added at the end
NOTE: KT919955 (identical to KT919581) is ignored but added at the end
NOTE: KT918414 (identical to KT919581) is ignored but added at the end
NOTE: KT919239 (identical to KT919581) is ignored but added at the end
NOTE: KT919790 (identical to KT919581) is ignored but added at the end
NOTE: KT919878 (identical to KT919581) is ignored but added at the end
NOTE: KT918854 (identical to KT919581) is ignored but added at the end
NOTE: KT919228 (identical to KT919581) is ignored but added at the end
NOTE: KT919261 (identical to KT919581) is ignored but added at the end
NOTE: KT919559 (identical to KT919581) is ignored but added at the end
NOTE: KT919724 (identical to KT919581) is ignored but added at the end
NOTE: KT919834 (identical to KT919581) is ignored but added at the end
NOTE: KT918942 (identical to KT919581) is ignored but added at the end
NOTE: KT919823 (identical to KT919581) is ignored but added at the end
NOTE: KT919349 (identical to KT919581) is ignored but added at the end
NOTE: KT919592 (identical to KT919581) is ignored but added at the end
NOTE: KT918975 (identical to KT919581) is ignored but added at the end
NOTE: MF168146 (identical to KT919581) is ignored but added at the end
NOTE: MF168325 (identical to KT919581) is ignored but added at the end
NOTE: KT918755 (identical to KT919581) is ignored but added at the end
NOTE: KT918678 (identical to KT919482) is ignored but added at the end
NOTE: MF168137 (identical to KT919482) is ignored but added at the end
NOTE: MF168202 (identical to KT919482) is ignored but added at the end
NOTE: KT919757 (identical to KT918557) is ignored but added at the end
NOTE: KT919437 (identical to KT918480) is ignored but added at the end
NOTE: KT919283 (identical to KT918480) is ignored but added at the end
NOTE: KT919085 (identical to KT918799) is ignored but added at the end
NOTE: KT918601 (identical to KT918799) is ignored but added at the end
NOTE: KT918986 (identical to KT918799) is ignored but added at the end
NOTE: KT918931 (identical to KT918799) is ignored but added at the end
NOTE: MF168242 (identical to KT918799) is ignored but added at the end
NOTE: MF168054 (identical to MF168120) is ignored but added at the end
NOTE: MF168259 (identical to MF168120) is ignored but added at the end
NOTE: MF168233 (identical to MF168120) is ignored but added at the end
NOTE: KJ627128 (identical to KJ626906) is ignored but added at the end
NOTE: LC173177 (identical to LC173173) is ignored but added at the end
NOTE: LC173181 (identical to LC173173) is ignored but added at the end
NOTE: LC173186 (identical to LC173173) is ignored but added at the end
NOTE: KJ412733 (identical to KJ412644) is ignored but added at the end
NOTE: KT919746 (identical to KT918887) is ignored but added at the end
NOTE: KT919107 (identical to KT918887) is ignored but added at the end
NOTE: KT919173 (identical to KT918887) is ignored but added at the end
NOTE: KT918469 (identical to KT918887) is ignored but added at the end
NOTE: KT918513 (identical to KT918887) is ignored but added at the end
NOTE: MF168046 (identical to KT918887) is ignored but added at the end
NOTE: KT919327 (identical to KT919140) is ignored but added at the end
NOTE: KT919151 (identical to KT919812) is ignored but added at the end
NOTE: KT919526 (identical to KT918634) is ignored but added at the end
NOTE: KT919515 (identical to KT918634) is ignored but added at the end
NOTE: MH171337 (identical to MH171335) is ignored but added at the end
NOTE: LC105218 (identical to LC105048) is ignored but added at the end
NOTE: LC105404 (identical to LC105048) is ignored but added at the end
NOTE: MF469094 (identical to MF469421) is ignored but added at the end
NOTE: MF469322 (identical to MF469421) is ignored but added at the end
NOTE: MF469301 (identical to MF469421) is ignored but added at the end
NOTE: MF469241 (identical to MF469421) is ignored but added at the end
NOTE: MF469169 (identical to MF469421) is ignored but added at the end
NOTE: MF469158 (identical to MF469421) is ignored but added at the end
NOTE: MF469289 (identical to MF469372) is ignored but added at the end
NOTE: MW384133 (identical to MW384155) is ignored but added at the end
NOTE: LC173190 (identical to LC173187) is ignored but added at the end
NOTE: LC173118 (identical to LC173116) is ignored but added at the end
NOTE: LC173121 (identical to LC173116) is ignored but added at the end
NOTE: LC173124 (identical to LC173116) is ignored but added at the end
NOTE: LC173127 (identical to LC173116) is ignored but added at the end
NOTE: LC173129 (identical to LC173116) is ignored but added at the end
NOTE: LC173130 (identical to LC173116) is ignored but added at the end
NOTE: LC173133 (identical to LC173116) is ignored but added at the end
NOTE: LC173145 (identical to LC173135) is ignored but added at the end
NOTE: LC173142 (identical to LC173140) is ignored but added at the end
NOTE: LC105482 (identical to LC105460) is ignored but added at the end
NOTE: LC105318 (identical to LC105264) is ignored but added at the end
NOTE: LC105340 (identical to LC105264) is ignored but added at the end
NOTE: LC105351 (identical to LC105264) is ignored but added at the end
NOTE: MZ165448 (identical to MZ165446) is ignored but added at the end
NOTE: MZ165451 (identical to MZ165449) is ignored but added at the end
NOTE: MZ165452 (identical to MZ165449) is ignored but added at the end
NOTE: MZ165453 (identical to MZ165449) is ignored but added at the end
NOTE: MZ165454 (identical to MZ165449) is ignored but added at the end
NOTE: KX363266 (identical to KX363073) is ignored but added at the end
NOTE: KX362974 (identical to KX363073) is ignored but added at the end
NOTE: KX362844 (identical to KX363073) is ignored but added at the end
NOTE: KX362876 (identical to KX363073) is ignored but added at the end
NOTE: MZ094579 (identical to MZ094513) is ignored but added at the end
NOTE: MZ094667 (identical to MZ094513) is ignored but added at the end
NOTE: MZ094733 (identical to MZ094513) is ignored but added at the end
NOTE: MZ094776 (identical to MZ094513) is ignored but added at the end
NOTE: MZ097059 (identical to MZ094513) is ignored but added at the end
NOTE: MZ095071 (identical to MZ095027) is ignored but added at the end
NOTE: MZ095236 (identical to MZ095027) is ignored but added at the end
NOTE: MZ095280 (identical to MZ095027) is ignored but added at the end
NOTE: MZ094568 (identical to MZ094906) is ignored but added at the end
NOTE: MZ095302 (identical to MZ095258) is ignored but added at the end
NOTE: MZ093699 (identical to MZ093669) is ignored but added at the end
NOTE: MZ093710 (identical to MZ093669) is ignored but added at the end
NOTE: MZ093754 (identical to MZ093669) is ignored but added at the end
NOTE: MZ093826 (identical to MZ093669) is ignored but added at the end
NOTE: MZ093848 (identical to MZ093669) is ignored but added at the end
NOTE: MZ093880 (identical to MZ093669) is ignored but added at the end
NOTE: MZ096982 (identical to MZ093669) is ignored but added at the end
NOTE: MN529635 (identical to MN529633) is ignored but added at the end
NOTE: LC173024 (identical to LC173033) is ignored but added at the end
NOTE: LC173037 (identical to LC173033) is ignored but added at the end
NOTE: LC173029 (identical to LC173033) is ignored but added at the end
NOTE: KC769317 (identical to JX027693) is ignored but added at the end
NOTE: KJ626928 (identical to KJ626694) is ignored but added at the end
NOTE: JF490247 (identical to JF490225) is ignored but added at the end
NOTE: JF490423 (identical to JF490225) is ignored but added at the end
NOTE: JF490555 (identical to JF490269) is ignored but added at the end
NOTE: JF490280 (identical to JF490269) is ignored but added at the end
NOTE: KJ626845 (identical to KJ627115) is ignored but added at the end
NOTE: KJ559276 (identical to KJ559291) is ignored but added at the end
NOTE: KJ559390 (identical to KJ559291) is ignored but added at the end
NOTE: KJ559261 (identical to KJ559291) is ignored but added at the end
NOTE: KJ559368 (identical to KJ559291) is ignored but added at the end
NOTE: KJ753583 (identical to KF636224) is ignored but added at the end
NOTE: KJ753094 (identical to KF636224) is ignored but added at the end
NOTE: KJ753664 (identical to KF636224) is ignored but added at the end
NOTE: KJ753777 (identical to KF636224) is ignored but added at the end
NOTE: KJ753304 (identical to KF636224) is ignored but added at the end
NOTE: KJ753238 (identical to KF636224) is ignored but added at the end
NOTE: KJ753675 (identical to KF636224) is ignored but added at the end
NOTE: KJ752902 (identical to KF636224) is ignored but added at the end
NOTE: KP752743 (identical to KF636224) is ignored but added at the end
NOTE: JX027680 (identical to JX027768) is ignored but added at the end
NOTE: KF447862 (identical to KF447840) is ignored but added at the end
NOTE: KF041442 (identical to KF447840) is ignored but added at the end
Alignment was printed to results/aligned_rotavirusA_C_C1-delim.fasta.uniqueseq.phy

For your convenience alignment with unique sequences printed to results/aligned_rotavirusA_C_C1-delim.fasta.uniqueseq.phy

Create initial parsimony tree by phylogenetic likelihood library (PLL)... 0.027 seconds

NOTE: 61 MB RAM (0 GB) is required!
Estimate model parameters (epsilon = 0.500)
1. Initial log-likelihood: -376310.401
2. Current log-likelihood: -321700.704
3. Current log-likelihood: -319486.160
4. Current log-likelihood: -319446.661
5. Current log-likelihood: -319431.745
6. Current log-likelihood: -319427.327
Optimal log-likelihood: -319427.278
Rate parameters:  A-C: 2.08378  A-G: 17.07021  A-T: 0.64428  C-G: 0.46950  C-T: 25.37226  G-T: 1.00000
Base frequencies:  A: 0.386  C: 0.148  G: 0.169  T: 0.296
Parameters optimization took 6 rounds (7.273 sec)
Wrote distance file to... 
Computing ML distances based on estimated model parameters...
Calculating distance matrix: done in 3.93048 secs using 98.61% CPU
Computing ML distances took 3.942009 sec (of wall-clock time) 3.883108 sec (of CPU time)
Setting up auxiliary I and S matrices: done in 0.024138 secs using 178.3% CPU
Constructing RapidNJ tree: done in 0.0713358 secs using 149.5% CPU
Computing RapidNJ tree took 0.095577 sec (of wall-clock time) 0.149766 sec (of CPU time)
Log-likelihood of RapidNJ tree: -51511.642
--------------------------------------------------------------------
|             INITIALIZING CANDIDATE TREE SET                      |
--------------------------------------------------------------------

Do NNI search on 2 best initial trees
Optimizing NNI: done in 2.93304 secs using 99.09% CPU
Estimate model parameters (epsilon = 0.500)
BETTER TREE FOUND at iteration 1: -51063.655
Optimizing NNI: done in 46.3237 secs using 98.71% CPU
Finish initializing candidate tree set (4)
Current best tree score: -51063.655 / CPU time: 51.487
Number of iterations: 2
TREE SEARCH COMPLETED AFTER 2 ITERATIONS / Time: 0h:1m:4s

--------------------------------------------------------------------
|                    FINALIZING TREE SEARCH                        |
--------------------------------------------------------------------
Performs final model parameters optimization
Estimate model parameters (epsilon = 0.050)
1. Initial log-likelihood: -51063.655
Optimal log-likelihood: -51063.651
Rate parameters:  A-C: 1.80319  A-G: 12.76144  A-T: 0.57984  C-G: 0.69426  C-T: 19.83897  G-T: 1.00000
Base frequencies:  A: 0.386  C: 0.148  G: 0.169  T: 0.296
Parameters optimization took 1 rounds (0.539 sec)
BEST SCORE FOUND : -51063.651
Total tree length: 2.890

Total number of iterations: 2
CPU time used for tree search: 50.796 sec (0h:0m:50s)
Wall-clock time used for tree search: 51.489 sec (0h:0m:51s)
Total CPU time used: 64.100 sec (0h:1m:4s)
Total wall-clock time used: 65.123 sec (0h:1m:5s)

Analysis results written to: 
  IQ-TREE report:                results/aligned_rotavirusA_C_C1-delim.fasta.iqtree
  Maximum-likelihood tree:       results/aligned_rotavirusA_C_C1-delim.fasta.treefile
  Likelihood distances:          results/aligned_rotavirusA_C_C1-delim.fasta.mldist
  Screen log file:               results/aligned_rotavirusA_C_C1-delim.fasta.log

Date and Time: Thu Oct 27 21:05:42 2022
