IQ-TREE multicore version 2.2.0-beta COVID-edition for Mac OS X 64-bit built Mar  3 2022 built Mar  3 2022
Developed by Bui Quang Minh, James Barbetti, Nguyen Lam Tung,
Olga Chernomor, Heiko Schmidt, Dominik Schrempf, Michael Woodhams, Ly Trong Nhan.

Host:    MacBook-Pro-2.local (SSE4.2, 8 GB RAM)
Command: iqtree2 -nt 1 -s results/aligned_rotavirusA_G_G9-delim.fasta -m GTR -ninit 2 -n 2 -me 0.05
Seed:    480019 (Using SPRNG - Scalable Parallel Random Number Generator)
Time:    Thu Oct 27 22:02:39 2022
Kernel:  SSE2 - 1 threads (8 CPU cores detected)

HINT: Use -nt option to specify number of threads because your CPU has 8 cores!
HINT: -nt AUTO will automatically determine the best number of threads to use.

Reading alignment file results/aligned_rotavirusA_G_G9-delim.fasta ... Fasta format detected
Reading fasta file: done in 0.0284529 secs using 84.01% CPU
Alignment most likely contains DNA/RNA sequences
Constructing alignment: done in 0.00940919 secs using 78.41% CPU
Alignment has 1068 sequences with 1062 columns, 792 distinct patterns
476 parsimony-informative, 202 singleton sites, 384 constant sites
          Gap/Ambiguity  Composition  p-value
Analyzing sequences: done in 0.00357008 secs using 89.44% CPU
   1  AB527028    7.63%    passed     99.55%
   2  AB527029    7.63%    passed     99.55%
   3  AB527025    7.63%    passed     99.55%
   4  AB527035    7.63%    passed     99.64%
   5  AB527022    7.63%    passed     99.64%
   6  AB527030    7.63%    passed     99.64%
   7  AB527026    7.63%    passed     99.64%
   8  AB527013    7.63%    passed     99.14%
   9  AB527012    7.63%    passed     99.14%
  10  AB527024    7.63%    passed     99.14%
  11  AB527031    7.63%    passed     99.54%
  12  AB527027    7.63%    passed     99.54%
  13  AB527011    7.63%    passed     99.54%
  14  AB527033    7.63%    passed     99.54%
  15  AB527032    7.63%    passed     99.54%
  16  AB527023    7.63%    passed     99.91%
  17  AB527018    7.63%    passed     99.64%
  18  AB527017    7.63%    passed     99.64%
  19  AB527015    7.63%    passed     99.54%
  20  AB527014    7.63%    passed     99.54%
  21  AB364384    7.63%    passed     99.54%
  22  AB527019    7.63%    passed     99.88%
  23  AB534530    7.63%    passed     99.64%
  24  AB527021    7.63%    passed     99.64%
  25  AB527034    7.63%    passed     99.14%
  26  AB527036    7.63%    passed     99.14%
  27  AB527037    7.63%    passed     99.67%
  28  AB527038    7.63%    passed     99.64%
  29  AB527016    7.63%    passed     99.59%
  30  AB527041    7.63%    passed     99.20%
  31  AB527040    7.63%    passed     99.54%
  32  AB527039    7.63%    passed     99.73%
  33  AB306266    7.91%    passed     99.63%
  34  AB306267    7.91%    passed     99.63%
  35  AB306265    7.91%    passed     99.81%
  36  JF965006    7.63%    passed     97.49%
  37  JF965007    7.63%    passed     96.24%
  38  AB306264    7.91%    passed     99.25%
  39  MG676193   19.49%    passed     89.79%
  40  MG676195   19.49%    passed     85.52%
  41  MG676219   19.30%    passed     90.95%
  42  MN066976    7.82%    passed     97.98%
  43  MN066848    7.82%    passed     94.70%
  44  MN067004    7.82%    passed     97.39%
  45  MN067177    5.65%    passed     93.78%
  46  MN066996    5.65%    passed     94.59%
  47  KM043014    7.91%    passed     99.96%
  48  KM043012    7.91%    passed     99.96%
  49  KM043013    7.91%    passed     99.96%
  50  EF694196    7.91%    passed     99.96%
  51  KM043016    7.91%    passed     99.90%
  52  KM043017    7.91%    passed     99.50%
  53  KM043015    7.91%    passed     99.65%
  54  EF694183    7.91%    passed     99.65%
  55  EF694195    7.91%    passed     99.11%
  56  HQ127448    7.91%    passed     99.98%
  57  HQ127452    7.91%    passed     99.98%
  58  HQ127450    7.91%    passed     99.98%
  59  HQ127449    7.91%    passed     99.98%
  60  HQ127451    7.91%    passed     99.98%
  61  EF694191   12.99%    passed     93.37%
  62  EF694193   11.02%    passed     98.21%
  63  EF694186   15.82%    passed     81.97%
  64  EF694185   17.23%    passed     85.30%
  65  EF694189   21.75%    passed     44.40%
  66  EF694190   10.17%    passed     99.38%
  67  EF694188   22.03%    passed     45.50%
  68  EF694194   12.43%    passed     93.18%
  69  EF694192   24.01%    passed     43.20%
  70  EF694208   10.17%    passed     96.75%
  71  EF694205    7.91%    passed     99.33%
  72  EF694207    7.91%    passed     99.33%
  73  EF694204   13.84%    passed     92.91%
  74  EF694203   11.02%    passed     98.38%
  75  EF694209   16.67%    passed     84.92%
  76  AB364374    7.63%    passed     99.88%
  77  AB364375    7.63%    passed     99.86%
  78  AB364378    7.63%    passed     99.95%
  79  AB364377    7.63%    passed     99.95%
  80  AB364376    7.63%    passed     99.88%
  81  AB364380    7.63%    passed     99.96%
  82  AB364381    7.63%    passed     99.96%
  83  AB364373    7.63%    passed     99.89%
  84  AB364379    7.63%    passed     99.74%
  85  AB364372    7.63%    passed     98.06%
  86  AB364369    7.63%    passed     98.06%
  87  AB364371    7.72%    passed     97.63%
  88  AB364368    7.63%    passed     98.06%
  89  AB364370    7.63%    passed     98.06%
  90  JF965010    7.63%    passed     99.55%
  91  JF965005    7.63%    passed     99.86%
  92  JF965004    7.63%    passed     99.86%
  93  JF965002    7.63%    passed     99.86%
  94  JF965001    7.63%    passed     99.86%
  95  JF965000    7.63%    passed     99.86%
  96  JF965008    7.63%    passed     99.65%
  97  JF964999    7.63%    passed     99.55%
  98  GU393002    7.63%    passed     97.82%
  99  LC018671    7.63%    passed     97.90%
 100  LC018672    7.63%    passed     99.14%
 101  LC018673    7.63%    passed     99.67%
 102  JN849142    7.91%    passed     99.97%
 103  JF965009    7.63%    passed     99.75%
 104  AB585936    7.63%    passed     94.62%
 105  AB585935    7.63%    passed     98.36%
 106  AB585931    7.63%    passed     98.22%
 107  AB585930    7.63%    passed     98.22%
 108  GU392986    7.63%    passed     98.22%
 109  AB585934    7.63%    passed     95.97%
 110  AB585933    7.63%    passed     96.45%
 111  KF812604   18.08%    passed     98.11%
 112  KF812608   18.08%    passed     98.11%
 113  KF812612   18.08%    passed     98.11%
 114  KF812611   18.08%    passed     98.11%
 115  HM130979   18.08%    passed     98.11%
 116  KY419306   18.08%    passed     98.10%
 117  KY419307   18.08%    passed     98.10%
 118  KY419308   18.08%    passed     98.10%
 119  KY419309   18.08%    passed     98.10%
 120  KY419310   18.08%    passed     98.63%
 121  HM130980   18.08%    passed     97.49%
 122  KY419318   18.08%    passed     99.19%
 123  KY419319   18.08%    passed     99.19%
 124  KF812605   18.08%    passed     99.82%
 125  KF812607   18.08%    passed     99.82%
 126  HM130978   18.08%    passed     99.82%
 127  KF812606   18.08%    passed     99.80%
 128  KF812610   18.08%    passed     99.80%
 129  KF812609   18.08%    passed     99.90%
 130  KY419321   18.08%    passed     99.92%
 131  KY419325   18.08%    passed     99.92%
 132  KY419329   18.08%    passed     99.81%
 133  KY419322   18.08%    passed     99.82%
 134  KY419326   18.08%    passed     99.82%
 135  KY419328   18.08%    passed     99.82%
 136  KY419330   18.08%    passed     99.82%
 137  KY419323   18.08%    passed     99.69%
 138  KY419324   18.08%    passed     99.92%
 139  KY419327   18.08%    passed     99.92%
 140  KY419311   18.08%    passed     99.47%
 141  KY419320   18.08%    passed     99.50%
 142  HM130974   18.08%    passed     99.21%
 143  HM130973   18.08%    passed     99.47%
 144  HM130975   18.08%    passed     99.47%
 145  HM130977   18.08%    passed     99.47%
 146  KY419312   18.08%    passed     99.47%
 147  KY419313   18.08%    passed     99.47%
 148  HM130976   18.08%    passed     99.21%
 149  KY419314   18.08%    passed     98.76%
 150  KY419315   18.08%    passed     98.44%
 151  KY419316   18.08%    passed     98.44%
 152  KY419317   18.08%    passed     98.44%
 153  GQ996906    8.29%    passed     99.66%
 154  GQ996913    8.29%    passed     99.84%
 155  GQ996914    8.76%    passed     99.99%
 156  GQ996915    8.38%    passed     99.92%
 157  GQ996922    8.19%    passed     99.66%
 158  GQ996901    8.19%    passed     99.66%
 159  GQ996898    8.19%    passed     99.66%
 160  GQ996903    8.19%    passed     99.66%
 161  GQ996902    8.19%    passed     99.66%
 162  GQ996899    8.19%    passed     99.32%
 163  GQ996900    8.19%    passed     99.79%
 164  GQ996918    9.42%    passed     99.40%
 165  GQ996909    9.42%    passed     99.60%
 166  GQ996920    9.13%    passed     99.91%
 167  GQ996924    9.13%    passed     99.91%
 168  GQ996916    9.13%    passed     99.91%
 169  GQ996919    9.13%    passed     99.91%
 170  GQ996917    8.00%    passed     99.85%
 171  GQ996910    8.85%    passed     99.97%
 172  GQ996904    8.85%    passed     99.91%
 173  GQ996911    9.98%    passed     99.55%
 174  GQ996912    9.98%    passed     99.55%
 175  GQ996908    9.98%    passed     99.02%
 176  GQ996907    7.82%    passed     98.91%
 177  GQ996921    7.82%    passed     98.91%
 178  GQ996905    7.91%    passed     99.45%
 179  AB585932    7.63%    passed     97.17%
 180  EU708599    0.09%    passed     88.43%
 181  JF813102    0.09%    passed     85.15%
 182  EU708598    0.09%    passed     86.80%
 183  EU708596    0.09%    passed     88.43%
 184  EU708597    0.09%    passed     86.37%
 185  KJ094944    0.09%    passed     89.62%
 186  KJ094942    0.09%    passed     89.62%
 187  KJ094943    0.09%    passed     89.62%
 188  EU708591    0.09%    passed     86.80%
 189  EU708594    0.09%    passed     85.42%
 190  EU708593    0.09%    passed     86.80%
 191  EU708601    0.09%    passed     86.53%
 192  JF813106    0.09%    passed     87.51%
 193  KJ094945    0.09%    passed     94.39%
 194  KJ094946    0.09%    passed     93.10%
 195  LC172364    0.19%    passed     80.41%
 196  LC172391    0.19%    passed     84.16%
 197  LC172393    0.19%    passed     84.16%
 198  LC172385    0.47%    passed     83.82%
 199  LC172366    1.22%    passed     86.37%
 200  LC172379    1.22%    passed     86.37%
 201  LC172382    1.88%    passed     87.85%
 202  LC172389    0.28%    passed     79.15%
 203  LC172405    0.28%    passed     81.00%
 204  LC172377    3.11%    passed     90.99%
 205  LC172390    0.94%    passed     84.75%
 206  LC172458    0.94%    passed     86.29%
 207  LC172457    0.19%    passed     79.76%
 208  LC172365    0.09%    passed     81.41%
 209  LC172369    0.09%    passed     81.41%
 210  LC172371    0.09%    passed     81.41%
 211  LC172372    0.09%    passed     81.41%
 212  LC172373    0.09%    passed     81.41%
 213  LC172375    0.09%    passed     81.41%
 214  LC172376    0.09%    passed     81.41%
 215  LC172380    0.09%    passed     81.41%
 216  LC172381    0.09%    passed     81.41%
 217  LC172386    0.09%    passed     81.41%
 218  LC172387    0.09%    passed     81.41%
 219  LC172388    0.09%    passed     81.41%
 220  LC172392    0.09%    passed     81.41%
 221  LC172383    0.09%    passed     85.15%
 222  LC172400    0.09%    passed     81.41%
 223  LC172410    0.09%    passed     81.41%
 224  LC172417    0.09%    passed     81.41%
 225  LC172287    0.09%    passed     83.47%
 226  LC105303    0.09%    passed     81.41%
 227  LC172378    0.38%    passed     77.69%
 228  LC172413    0.38%    passed     77.69%
 229  LC105347    0.38%    passed     77.69%
 230  LC105260    0.19%    passed     83.75%
 231  LC105325    0.19%    passed     82.07%
 232  LC105270    0.38%    passed     84.97%
 233  LC105336    1.32%    passed     83.99%
 234  LC105314    3.30%    passed     91.47%
 235  LC105292    1.32%    passed     81.08%
 236  KJ870803   19.11%    passed     95.69%
 237  KJ870795   22.41%    passed     99.67%
 238  EU708595    0.09%    passed     96.41%
 239  EU708600    0.09%    passed     94.04%
 240  EU708592    0.09%    passed     93.48%
 241  GQ869843    0.09%    passed     79.84%
 242  EU839933    0.09%    passed     89.62%
 243  EU839941    0.09%    passed     89.62%
 244  EU839931    0.09%    passed     90.38%
 245  GQ869842    0.09%    passed     85.15%
 246  EU839929    0.09%    passed     88.43%
 247  EU839930    0.09%    passed     90.84%
 248  EU839937    0.09%    passed     90.84%
 249  GQ869841    0.09%    passed     90.84%
 250  EU839932    0.09%    passed     90.84%
 251  EU839940    0.09%    passed     79.36%
 252  FJ348355    0.09%    passed     99.11%
 253  FJ348353    0.09%    passed     99.31%
 254  FJ348352    0.09%    passed     99.33%
 255  HQ445973    0.09%    passed     98.24%
 256  GQ149703    0.09%    passed     94.79%
 257  GQ149704    0.09%    passed     95.68%
 258  FJ348351    0.09%    passed     84.73%
 259  FJ348354    0.09%    passed     84.73%
 260  AB364382    7.63%    passed     99.67%
 261  AB364383    7.72%    passed     99.71%
 262  AB534529    7.63%    passed     98.83%
 263  AB534528    7.63%    passed     93.22%
 264  KM043001    7.91%    passed     92.98%
 265  KM043002    7.91%    passed     92.98%
 266  KM042999    7.91%    passed     99.61%
 267  KM043000    7.91%    passed     99.61%
 268  KM043008    7.91%    passed     99.36%
 269  KM042998    7.91%    passed     99.61%
 270  KM042986    7.91%    passed     96.70%
 271  KM042984    7.91%    passed     98.11%
 272  KM042989    7.91%    passed     98.11%
 273  KM042987    7.91%    passed     98.11%
 274  KM042990    7.91%    passed     98.11%
 275  KM042988    7.91%    passed     98.11%
 276  KM042985    7.91%    passed     98.11%
 277  KM042992    7.91%    passed     98.18%
 278  KM042991    7.91%    passed     98.18%
 279  KM042994    7.91%    passed     97.73%
 280  KM042993    7.91%    passed     99.05%
 281  KM042997    7.91%    passed     97.73%
 282  EF694202    7.91%    passed     98.11%
 283  EF694216    7.91%    passed     97.05%
 284  EF694217    7.91%    passed     98.09%
 285  EF694210    7.91%    passed     99.05%
 286  KM042995    7.91%    passed     98.73%
 287  KM043010    7.91%    passed     94.77%
 288  KM043011    7.91%    passed     98.18%
 289  KM042996    7.91%    passed     99.15%
 290  KM043009    7.91%    passed     99.71%
 291  EF694200    7.91%    passed     93.37%
 292  EF694201    7.91%    passed     93.37%
 293  EF694198    7.91%    passed     99.36%
 294  EF694197    7.91%    passed     99.36%
 295  KM043004    7.91%    passed     98.18%
 296  KM043003    7.91%    passed     99.01%
 297  KM043007    7.91%    passed     98.60%
 298  KM043005    7.91%    passed     99.01%
 299  KM043006    7.91%    passed     99.01%
 300  EF694199    7.91%    passed     99.05%
 301  EF694215    7.91%    passed     98.73%
 302  EF694214    7.91%    passed     91.76%
 303  EF694218   10.73%    passed     96.87%
 304  EF694213   10.73%    passed     94.52%
 305  EF694219   12.71%    passed     96.00%
 306  EF694226   14.69%    passed     98.36%
 307  EF694223   14.69%    passed     98.36%
 308  EF694227   16.95%    passed     98.04%
 309  EF694225   16.95%    passed     98.04%
 310  EF694224   16.95%    passed     98.04%
 311  EF694212   11.02%    passed     96.48%
 312  EF694228   16.38%    passed     99.41%
 313  EF694181   11.02%    passed     97.84%
 314  EF694180   11.02%    passed     97.03%
 315  EF694182   10.73%    passed     98.76%
 316  EF694178   10.73%    passed     98.63%
 317  EF694179   10.73%    passed     98.63%
 318  KM043018   17.80%    passed     99.63%
 319  EF694220   17.80%    passed     99.63%
 320  KM043019   14.03%    passed     98.45%
 321  EF694221   20.34%    passed     96.43%
 322  KJ870830   20.62%    passed     95.07%
 323  MF407492   24.29%    passed     96.52%
 324  MF407493   24.29%    passed     96.52%
 325  GU392978    7.63%    passed     96.63%
 326  GU377137   18.64%    passed     92.37%
 327  HQ445972   15.91%    passed     98.21%
 328  KJ820885    4.80%    passed     99.38%
 329  KJ820896    4.80%    passed     99.38%
 330  MT339194    3.30%    passed     93.92%
 331  KJ752689    3.77%    passed     91.93%
 332  KJ753315    3.77%    passed     91.93%
 333  KJ752221    3.77%    passed     91.93%
 334  KJ752513    3.77%    passed     91.93%
 335  KJ751707    3.77%    passed     92.20%
 336  KJ751817    3.77%    passed     94.27%
 337  KJ751674    3.77%    passed     94.27%
 338  KJ751663    3.77%    passed     91.24%
 339  KP752465    3.77%    passed     91.24%
 340  KJ559350    3.77%    passed     96.22%
 341  KJ626823    3.77%    passed     96.22%
 342  KJ627052    3.77%    passed     96.34%
 343  KJ626665    3.77%    passed     92.20%
 344  KJ626632    3.77%    passed     94.52%
 345  KJ626910    3.77%    passed     96.34%
 346  KJ627132    3.77%    passed     94.27%
 347  KJ626676    3.77%    passed     96.34%
 348  KJ626887    3.77%    passed     95.60%
 349  KJ627029    3.77%    passed     95.52%
 350  KJ626587    3.77%    passed     94.53%
 351  KJ626654    3.77%    passed     94.53%
 352  KJ626687    3.77%    passed     95.52%
 353  KJ626518    3.77%    passed     95.52%
 354  KJ626921    3.77%    passed     95.52%
 355  KJ626801    3.77%    passed     95.52%
 356  KJ412592    3.77%    passed     95.52%
 357  KJ626643    3.77%    passed     95.52%
 358  KJ626812    3.77%    passed     98.61%
 359  KJ627143    3.77%    passed     97.21%
 360  KJ626876    3.77%    passed     97.21%
 361  KJ627094    3.77%    passed     96.95%
 362  KJ626992    3.77%    passed     94.27%
 363  KJ412558    3.77%    passed     95.52%
 364  KP752642    3.77%    passed     97.96%
 365  HQ392002    3.77%    passed     94.49%
 366  MF540696    3.95%    passed     97.14%
 367  MF540702    3.95%    passed     96.01%
 368  MF540704   20.72%    passed     97.69%
 369  MF540698   22.79%    passed     97.09%
 370  MF540700   22.79%    passed     96.03%
 371  MF407483   22.32%    passed     95.06%
 372  MF407484   22.32%    passed     95.06%
 373  MF540701   22.50%    passed     96.90%
 374  MF540699   22.79%    passed     87.28%
 375  MF540705   22.50%    passed     91.70%
 376  GQ452938    2.54%    passed     98.22%
 377  GQ117007    2.54%    passed     98.22%
 378  GQ452937    2.82%    passed     98.08%
 379  GU377148    2.54%    passed     99.90%
 380  GU377146    2.82%    passed     96.87%
 381  GU377152    2.82%    passed     99.67%
 382  FJ447571    2.82%    passed     99.67%
 383  FJ447570    0.09%    passed     92.38%
 384  FJ529386    0.09%    passed     98.47%
 385  KF018772   12.34%    passed     76.99%
 386  GQ452936    8.76%    passed     99.82%
 387  FJ529387   20.90%    passed     82.35%
 388  GU377164    0.09%    passed     97.49%
 389  FJ447573   12.52%    passed     96.74%
 390  GU377157   10.83%    passed     97.14%
 391  HQ445974   10.55%    passed     96.72%
 392  GQ452939   11.02%    passed     98.34%
 393  MH182443    0.09%    passed     95.75%
 394  MN417975    0.09%    passed     95.75%
 395  MN552038    4.61%    passed     98.90%
 396  MN577093    3.39%    passed     98.69%
 397  MN577099    4.33%    passed     99.18%
 398  LC620864   10.64%    passed     99.59%
 399  LC620865    9.23%    passed    100.00%
 400  LC620866    9.42%    passed     99.60%
 401  GU377139   15.07%    passed     99.46%
 402  MW928498   22.50%    passed     90.27%
 403  JN849132    7.91%    passed     99.64%
 404  MF540707    5.27%    passed     99.70%
 405  LC105434    2.54%    passed     96.40%
 406  MF540703   20.72%    passed     90.19%
 407  MF540708   20.72%    passed     88.48%
 408  MF540709   20.72%    passed     88.48%
 409  MF540713   20.72%    passed     91.35%
 410  MF540714   20.72%    passed     86.77%
 411  MF540715   20.72%    passed     88.48%
 412  MF540711   20.72%    passed     93.59%
 413  MF540710   20.72%    passed     93.59%
 414  MF540725   20.72%    passed     88.93%
 415  MF540726   20.72%    passed     95.36%
 416  MK690520   20.53%    passed     86.07%
 417  MF540712   20.72%    passed     96.48%
 418  MF540724   20.72%    passed     94.55%
 419  MF540706    3.95%    passed     94.17%
 420  FJ447569   18.93%    passed     92.04%
 421  KC782524    0.09%    passed     89.41%
 422  MT005292    1.60%    passed     97.71%
 423  MT005303    0.47%    passed     95.15%
 424  MF540716   20.72%    passed     97.73%
 425  MF540718   20.72%    passed     97.73%
 426  FJ529393   19.21%    passed     99.31%
 427  JN377704    8.66%    passed     98.61%
 428  JN377705   24.11%    passed     88.99%
 429  JN377707   24.11%    passed     88.99%
 430  JN377706   14.41%    passed     96.04%
 431  JN377708   23.26%    passed     91.63%
 432  JN377709    4.61%    passed     99.75%
 433  JX154486   24.58%    passed     99.94%
 434  JX154539   24.58%    passed     99.59%
 435  JX154522   24.48%    passed     99.85%
 436  JX154485   24.48%    passed     99.85%
 437  JX154512   22.79%    passed     99.79%
 438  JX154506   22.88%    passed     99.60%
 439  JX154541   22.88%    passed     99.79%
 440  JX154519   24.29%    passed     98.69%
 441  JX154528   22.69%    passed     99.50%
 442  JX154524   23.45%    passed     99.78%
 443  JX154518   24.58%    passed     99.94%
 444  JX154544   22.13%    passed     99.99%
 445  JX154540   23.45%    passed     99.53%
 446  JX154543   22.41%    passed     99.35%
 447  JX154521   22.69%    passed     99.69%
 448  JX154515   22.69%    passed     99.31%
 449  JX154516   22.88%    passed     99.41%
 450  JX154498   24.76%    passed     97.66%
 451  JX154514   22.50%    passed     99.46%
 452  JX154505   24.67%    passed     99.91%
 453  JX154531   22.50%    passed     99.36%
 454  JX154489   22.50%    passed     99.36%
 455  JX154542   22.50%    passed     99.81%
 456  EF694184   10.83%    passed     99.23%
 457  FJ529390   24.29%    passed     89.93%
 458  EU839939    0.09%    passed     96.56%
 459  EU839938    0.09%    passed     96.56%
 460  EU839936    0.09%    passed     96.56%
 461  EF694206   15.82%    passed     91.62%
 462  LC018676   11.02%    passed     99.33%
 463  LC018674   15.35%    passed     97.49%
 464  LC018675   16.48%    passed     95.89%
 465  MH382838    5.27%    passed     98.85%
 466  MH382846    5.27%    passed     99.49%
 467  MH382870    5.27%    passed     99.49%
 468  MH382844    5.27%    passed     99.34%
 469  MH382854    5.27%    passed     97.75%
 470  KJ626507    3.95%    passed     97.40%
 471  KJ626540    3.77%    passed     99.19%
 472  GU392976    7.63%    passed     97.04%
 473  JX029857    9.42%    passed    100.00%
 474  KX033627   20.43%    passed     99.02%
 475  KX033645   20.43%    passed     99.59%
 476  KX033663   20.43%    passed     99.77%
 477  KX033688   20.43%    passed     99.77%
 478  KX033605   20.43%    passed     99.95%
 479  KX033689   20.43%    passed     99.27%
 480  KX033612   20.43%    passed     99.85%
 481  KX033613   20.43%    passed     98.73%
 482  KX033637   20.43%    passed     99.97%
 483  KX033672   20.43%    passed     99.97%
 484  KX033683   20.43%    passed     99.85%
 485  KX778607    7.06%    passed     98.08%
 486  KX778604    7.06%    passed     92.95%
 487  MW384236    0.09%    passed     91.25%
 488  MW384115    0.09%    passed     95.43%
 489  MW384291    0.09%    passed     86.80%
 490  MW722624    3.11%    passed     89.96%
 491  MW722626    3.11%    passed     87.70%
 492  MW722634    3.11%    passed     87.70%
 493  MW722636    3.11%    passed     87.70%
 494  MW722618    3.11%    passed     87.70%
 495  MW722600    3.11%    passed     93.92%
 496  MW722628    3.11%    passed     91.79%
 497  MW722604    3.11%    passed     92.18%
 498  MW722633    3.11%    passed     93.26%
 499  MW722610    3.11%    passed     93.26%
 500  MW722595    3.11%    passed     93.77%
 501  MW722598    3.11%    passed     93.77%
 502  MW722602    3.11%    passed     93.77%
 503  MW722606    3.11%    passed     93.77%
 504  MW722608    3.11%    passed     93.77%
 505  MW722611    3.11%    passed     93.77%
 506  MW722615    3.11%    passed     93.77%
 507  MW722619    3.11%    passed     93.77%
 508  MW722601    3.11%    passed     94.68%
 509  MW722638    3.11%    passed     95.04%
 510  MW722640    3.11%    passed     95.04%
 511  MW722645    3.11%    passed     93.26%
 512  MW722650    3.11%    passed     93.26%
 513  MW722652    3.11%    passed     93.25%
 514  MW722641    3.11%    passed     95.27%
 515  MW722658    3.11%    passed     95.27%
 516  MW722643    3.11%    passed     96.33%
 517  MW722644    3.11%    passed     96.33%
 518  MW722647    3.11%    passed     94.55%
 519  MW722659    3.11%    passed     94.55%
 520  MW722661    3.11%    passed     94.55%
 521  MW722663    3.11%    passed     94.55%
 522  MW722649    3.11%    passed     95.65%
 523  MW722664    3.11%    passed     97.23%
 524  MW722630    3.11%    passed     89.23%
 525  MW722632    3.11%    passed     89.23%
 526  MW722635    3.11%    passed     89.23%
 527  MW722637    3.11%    passed     91.03%
 528  MW722655    3.11%    passed     88.29%
 529  MW722656    3.11%    passed     93.25%
 530  MW722612    3.11%    passed     97.65%
 531  MW722616    3.11%    passed     97.65%
 532  MW722605    3.11%    passed     93.14%
 533  KX033628   20.43%    passed    100.00%
 534  KX033667   20.43%    passed     99.03%
 535  KX033625   20.43%    passed     99.59%
 536  KX033651   20.43%    passed     99.03%
 537  KX033618   20.43%    passed     99.27%
 538  KX033614   20.43%    passed     98.82%
 539  KX033641   20.43%    passed     99.77%
 540  KX033670   20.43%    passed     99.77%
 541  KX033623   20.43%    passed     99.59%
 542  KX033682   20.43%    passed     99.59%
 543  KX033659   20.43%    passed     99.77%
 544  KX033690   20.43%    passed     99.14%
 545  KX033665   20.43%    passed     99.83%
 546  KX033619   20.43%    passed     99.57%
 547  KX033664   20.43%    passed     99.51%
 548  KX033681   20.43%    passed     99.77%
 549  KX033679   20.43%    passed     99.27%
 550  KX033630   20.43%    passed     99.27%
 551  KX033684   20.43%    passed     99.27%
 552  KX033662   20.43%    passed     99.27%
 553  KX033629   20.43%    passed     99.57%
 554  KX033604   20.43%    passed     99.03%
 555  KX033652   20.43%    passed     99.37%
 556  KX033671   20.43%    passed     98.73%
 557  KX778603    7.06%    passed     98.96%
 558  KX778600    7.06%    passed     97.65%
 559  KX778597    7.06%    passed     97.92%
 560  MW722594    3.11%    passed     95.29%
 561  MW722599    3.11%    passed     89.47%
 562  KF113013   24.76%    passed     99.99%
 563  KF113011   24.76%    passed     99.99%
 564  KF113010   24.76%    passed     99.99%
 565  KF113012   24.76%    passed     99.96%
 566  KF113026   24.76%    passed     99.87%
 567  KF113009   24.76%    passed     99.76%
 568  KF113008   24.76%    passed     99.76%
 569  KF673485    0.09%    passed     92.08%
 570  KF673477    0.09%    passed     92.08%
 571  KP752521    3.77%    passed     86.47%
 572  KU532185   20.90%    passed     95.88%
 573  GQ996923    7.34%    passed     99.13%
 574  JN849128    7.91%    passed     97.69%
 575  JQ837881    4.33%    passed     94.93%
 576  KF006869    4.33%    passed     92.39%
 577  FJ447572   22.88%    passed     99.74%
 578  JF965003    8.10%    passed     96.34%
 579  KJ751987    6.21%    passed     94.70%
 580  MN067014    4.33%    passed     85.39%
 581  MN067203    4.71%    passed     86.46%
 582  KJ752941    3.77%    passed     78.24%
 583  MN066759    4.24%    passed     89.10%
 584  KX009887    9.51%    passed     98.40%
 585  KX009889    9.51%    passed     98.40%
 586  KX009888    9.51%    passed     98.67%
 587  EF694211   16.10%    passed     89.47%
 588  KT948649   11.49%    passed     96.36%
 589  MN061921   21.19%    passed     99.52%
 590  MN061926   21.37%    passed     99.48%
 591  KJ701408   11.30%    passed     93.52%
 592  MF407485   22.32%    passed     87.10%
 593  MF407486   22.32%    passed     87.10%
 594  HM126598   13.28%    passed     98.42%
 595  KC677701   23.73%    passed     91.49%
 596  KC677699   23.73%    passed     91.49%
 597  KC677700   23.73%    passed     91.49%
 598  KC677698   23.73%    passed     91.49%
 599  KC762219   16.67%    passed     96.27%
 600  KC762220   16.67%    passed     96.29%
 601  KC762222   16.67%    passed     96.29%
 602  MG969463   19.02%    passed     96.44%
 603  MG969465   16.48%    passed     96.57%
 604  KF006874   10.17%    passed     99.33%
 605  MF540719   21.85%    passed     97.77%
 606  MF540720   20.72%    passed     95.97%
 607  MF540721   20.72%    passed     95.97%
 608  MF540722   20.72%    passed     95.97%
 609  MN061922   21.19%    passed     98.42%
 610  MN061923   21.19%    passed     98.42%
 611  MN061927   21.19%    passed     98.42%
 612  MN061924   21.19%    passed     99.22%
 613  MN551997   16.57%    passed     94.32%
 614  MN552032    7.06%    passed     96.61%
 615  MN552106   16.67%    passed     97.45%
 616  MN552109   16.38%    passed     97.18%
 617  MN552077    0.09%    passed     98.09%
 618  MN552120    0.09%    passed     98.09%
 619  MN552133    0.66%    passed     98.53%
 620  MN552117    4.61%    passed     97.11%
 621  MN552061    4.24%    passed     94.03%
 622  MN577086    1.13%    passed     99.53%
 623  MN577090    4.33%    passed     98.97%
 624  MN577091    3.39%    passed     95.93%
 625  MN577101    4.33%    passed     94.01%
 626  MN577100    4.33%    passed     92.61%
 627  MN577098   18.64%    passed     99.00%
 628  MN577088   18.93%    passed     90.37%
 629  MN577094   19.02%    passed     89.20%
 630  MN577095   18.83%    passed     93.92%
 631  MN577096   18.64%    passed     93.11%
 632  KM581024   22.98%    passed     98.63%
 633  KM581039   22.79%    passed     99.17%
 634  KM581036   22.69%    passed     96.71%
 635  KM581032   21.66%    passed     94.21%
 636  KX009891    9.51%    passed     95.20%
 637  KM581038   21.47%    passed     97.88%
 638  MG676153   23.07%    passed     95.79%
 639  MH981266   23.82%    passed     93.60%
 640  MH981278   22.41%    passed     75.04%
 641  MG676159   16.67%    passed     78.79%
 642  JX029856    9.42%    passed     96.16%
 643  MK690521   19.77%    passed     89.14%
 644  KJ751762    3.77%    passed     92.75%
 645  KX632325    0.09%    passed     95.29%
 646  KX632314    0.09%    passed     92.07%
 647  KX632303    0.09%    passed     95.29%
 648  KX632292    0.09%    passed     92.07%
 649  KX632248    0.09%    passed     92.54%
 650  MZ094812    7.63%    passed     99.86%
 651  MZ095086    7.63%    passed     99.92%
 652  MZ095315    7.63%    passed     99.64%
 653  MZ095326    7.63%    passed     99.96%
 654  MZ095337    7.63%    passed     99.96%
 655  MZ095251    7.63%    passed     99.96%
 656  MZ095295    7.63%    passed     99.96%
 657  MZ095348    7.63%    passed     99.55%
 658  MZ096909    7.63%    passed     99.55%
 659  MZ093808    9.32%    passed     99.66%
 660  MZ093873    7.63%    passed     99.92%
 661  MZ097237   10.17%    passed     99.31%
 662  MZ093662    8.19%    passed     99.55%
 663  KJ752300    3.77%    passed     96.83%
 664  KJ412660    3.77%    passed     99.65%
 665  KJ412591    3.77%    passed     99.65%
 666  KJ412835    3.77%    passed     99.65%
 667  KJ412758    3.77%    passed     99.76%
 668  KJ412614    3.77%    passed     99.76%
 669  KJ412769    3.77%    passed     99.74%
 670  KJ412525    3.77%    passed     99.65%
 671  KJ412636    3.77%    passed     99.65%
 672  KJ412671    3.77%    passed     99.65%
 673  KJ412791    3.77%    passed     99.65%
 674  KF961213   21.56%    passed     97.99%
 675  KF961216   21.66%    passed     98.01%
 676  FJ529392   22.60%    passed     98.74%
 677  EF694222   20.06%    passed     99.55%
 678  MH109858   24.95%    passed     94.64%
 679  MH109859   24.95%    passed     94.61%
 680  MH277395   24.86%    passed     98.09%
 681  MH277400   22.60%    passed     96.22%
 682  MN552026    4.61%    passed     99.15%
 683  KX517812   21.28%    passed     80.69%
 684  KX517813   21.28%    passed     80.69%
 685  GU377153   21.47%    passed     98.57%
 686  MW722623    3.11%    passed     85.02%
 687  MN061925   21.56%    passed     98.85%
 688  KF113048   24.76%    passed     88.13%
 689  KF113027   24.76%    passed     88.13%
 690  KF113049   24.76%    passed     88.13%
 691  KF113028   24.76%    passed     95.13%
 692  KF113030   24.76%    passed     93.38%
 693  KF113029   24.76%    passed     93.38%
 694  KF113031   24.76%    passed     95.19%
 695  KF113032   24.76%    passed     91.05%
 696  KF113047   24.76%    passed     90.17%
 697  KF113051   24.76%    passed     84.60%
 698  KF113042   24.76%    passed     73.19%
 699  KF113050   24.76%    passed     70.85%
 700  KF673481    0.09%    passed     99.34%
 701  KF673490    0.09%    passed     99.80%
 702  KF673488    0.09%    passed     99.80%
 703  KF673482    0.09%    passed     99.76%
 704  KF673486    0.09%    passed     99.76%
 705  KF673484    0.09%    passed     99.62%
 706  KF673479    0.09%    passed     98.84%
 707  KF673487    0.09%    passed     99.76%
 708  KF673483    0.09%    passed     99.47%
 709  KF673480    0.09%    passed     99.62%
 710  MT107163    0.09%    passed     99.68%
 711  MW384005    0.09%    passed     99.76%
 712  MW384027    0.09%    passed     99.76%
 713  MW384049    0.09%    passed     99.76%
 714  MW384060    0.09%    passed     99.76%
 715  MW384071    0.09%    passed     99.76%
 716  MW384082    0.09%    passed     99.76%
 717  MT107164    0.09%    passed     99.68%
 718  MW384225    0.09%    passed     99.68%
 719  MW384104    0.09%    passed     99.68%
 720  MW384192    0.09%    passed     99.68%
 721  MW384170    0.09%    passed     99.68%
 722  MW384038    0.09%    passed     99.68%
 723  MW384214    0.09%    passed     99.69%
 724  MW384258    0.09%    passed     99.61%
 725  MW384247    0.09%    passed     99.39%
 726  MW384203    0.09%    passed     99.69%
 727  MW384269    0.09%    passed     99.30%
 728  MW384016    0.09%    passed     99.04%
 729  KF673489    0.09%    passed     99.27%
 730  MW384181    0.09%    passed     99.32%
 731  KF673478    0.09%    passed     99.74%
 732  MG816527    0.09%    passed     99.89%
 733  MG816528    0.09%    passed     99.76%
 734  MN106113    0.09%    passed     99.90%
 735  MG816529    0.09%    passed     99.73%
 736  MN552103    0.09%    passed     99.61%
 737  MN106114    0.09%    passed     99.68%
 738  MN106116    0.09%    passed     99.68%
 739  MN106115    0.09%    passed     99.68%
 740  MZ165505    0.09%    passed     99.33%
 741  MZ165506    0.09%    passed     99.33%
 742  MW383983    0.09%    passed     99.60%
 743  MZ165496    0.09%    passed     99.33%
 744  MZ165497    0.09%    passed     99.33%
 745  MZ165498    0.09%    passed     99.33%
 746  MZ165499    0.09%    passed     99.33%
 747  MZ165500    0.09%    passed     99.33%
 748  MZ165501    0.09%    passed     99.33%
 749  MZ165502    0.09%    passed     99.33%
 750  MZ165503    0.09%    passed     99.33%
 751  MZ165504    0.09%    passed     99.33%
 752  MW384280    0.09%    passed     98.85%
 753  MW722570    3.11%    passed     99.62%
 754  MW722571    3.11%    passed     99.62%
 755  MW722572    3.11%    passed     99.62%
 756  MW722573    3.11%    passed     99.62%
 757  MW722578    3.11%    passed     99.62%
 758  MW722579    3.11%    passed     99.62%
 759  MW722581    3.11%    passed     99.62%
 760  MW722583    3.11%    passed     99.62%
 761  MW722585    3.11%    passed     99.62%
 762  MW722586    3.11%    passed     99.62%
 763  MW722587    3.11%    passed     99.62%
 764  MW722590    3.11%    passed     99.62%
 765  MW722559    3.11%    passed     99.62%
 766  MW722561    3.11%    passed     99.62%
 767  MW722564    3.11%    passed     99.62%
 768  MW722567    3.11%    passed     99.62%
 769  MW722568    3.11%    passed     99.62%
 770  MW722574    3.11%    passed     99.20%
 771  MW722582    3.11%    passed     99.78%
 772  MW722560    3.11%    passed     99.78%
 773  MW722565    3.11%    passed     99.81%
 774  MW722569    3.11%    passed     99.81%
 775  MW722575    3.11%    passed     99.72%
 776  MW722588    3.11%    passed     99.72%
 777  MW722562    3.11%    passed     99.72%
 778  MW722639    3.11%    passed     99.62%
 779  MW722648    3.11%    passed     99.62%
 780  MW722654    3.11%    passed     99.62%
 781  MW722646    3.11%    passed     99.20%
 782  MW722662    3.11%    passed     98.89%
 783  MW722651    3.11%    passed     99.75%
 784  MW722657    3.11%    passed     99.78%
 785  MW722642    3.11%    passed     98.29%
 786  MW722660    3.11%    passed     98.17%
 787  MW722576    3.11%    passed     99.63%
 788  MW722580    3.11%    passed     99.78%
 789  MW722653    3.11%    passed     99.75%
 790  MW722563    3.11%    passed     99.99%
 791  MW722566    3.11%    passed     99.49%
 792  MW722629    3.11%    passed     99.31%
 793  MW722631    3.11%    passed     98.75%
 794  MW722597    3.11%    passed     98.83%
 795  MW722596    3.11%    passed     99.28%
 796  MW722592    3.11%    passed     96.56%
 797  MW722614    3.11%    passed     97.87%
 798  MW722607    3.11%    passed     97.87%
 799  MW722613    3.11%    passed     96.56%
 800  MW722609    3.11%    passed     98.60%
 801  MW722593    3.11%    passed     99.23%
 802  MW722603    3.11%    passed     98.76%
 803  MW722617    3.11%    passed     99.10%
 804  MW722620    3.11%    passed     99.49%
 805  MW722622    3.11%    passed     99.71%
 806  MW722625    3.11%    passed     97.87%
 807  MW722627    3.11%    passed     96.41%
 808  MW722621    3.11%    passed     98.57%
 809  MN552064   11.77%    passed     99.59%
 810  KF648937   16.67%    passed     97.54%
 811  KF648938   16.67%    passed     97.54%
 812  MN552091   16.67%    passed     98.96%
 813  MN551926    4.61%    passed     99.48%
 814  MN552035    4.61%    passed     99.78%
 815  MN552087    4.24%    passed     98.77%
 816  MN551989   16.95%    passed     97.02%
 817  MN577085   16.95%    passed     92.33%
 818  MN551923   16.38%    passed     98.80%
 819  MN551933   16.38%    passed     98.80%
 820  MN577084    0.47%    passed     99.42%
 821  MN577097    4.33%    passed     98.08%
 822  LC105445    1.79%    passed     99.93%
 823  LC105456    0.75%    passed     99.67%
 824  LC105478    0.66%    passed     99.64%
 825  LC105489    0.47%    passed     99.76%
 826  LC105522    0.09%    passed     99.41%
 827  LC105467    1.32%    passed     98.46%
 828  LC105511    1.69%    passed     98.93%
 829  LC172422    0.09%    passed     99.78%
 830  LC172428    0.09%    passed     99.78%
 831  LC172432    0.09%    passed     99.78%
 832  LC172433    0.09%    passed     99.78%
 833  LC172436    0.09%    passed     99.78%
 834  LC172438    0.09%    passed     99.78%
 835  LC172396    0.09%    passed     99.79%
 836  LC172435    0.19%    passed     99.92%
 837  LC172424    0.38%    passed     99.96%
 838  LC172451    1.04%    passed     99.77%
 839  LC172452    1.04%    passed     99.94%
 840  LC172449    2.35%    passed     99.62%
 841  MN552023   19.02%    passed     89.75%
 842  MN577087    3.86%    passed     98.12%
 843  MN577089   18.83%    passed     82.12%
 844  MN577092   18.83%    passed     82.12%
 845  MT710743   24.86%    passed     88.15%
 846  MT710759   24.86%    passed     88.15%
 847  MT710789   24.86%    passed     88.15%
 848  MT710793   24.86%    passed     88.15%
 849  MT710798   24.86%    passed     88.15%
 850  MT710800   24.86%    passed     88.15%
 851  MT710801   24.86%    passed     88.15%
 852  MT710803   24.86%    passed     88.15%
 853  MT710750   24.86%    passed     84.31%
 854  MT710775   24.86%    passed     91.37%
 855  MT710781   24.86%    passed     88.88%
 856  MT710783   24.86%    passed     88.88%
 857  MT710778   24.86%    passed     91.37%
 858  MT710817   24.86%    passed     93.96%
 859  MT710745   24.86%    passed     88.15%
 860  MT710746   24.86%    passed     91.37%
 861  MT710749   24.86%    passed     92.07%
 862  MT710751   24.86%    passed     91.37%
 863  MT710761   24.86%    passed     91.37%
 864  MT710771   24.86%    passed     91.37%
 865  MT710756   24.86%    passed     92.07%
 866  MT710755   24.86%    passed     91.37%
 867  MT710768   24.86%    passed     84.31%
 868  MT710766   24.86%    passed     84.96%
 869  MT710780   24.86%    passed     91.37%
 870  MT710782   24.86%    passed     90.13%
 871  MT710788   24.86%    passed     84.25%
 872  MT710794   24.86%    passed     85.19%
 873  MT710805   24.86%    passed     93.96%
 874  MT710806   24.86%    passed     91.37%
 875  MT710821   24.86%    passed     93.14%
 876  MT710763   24.86%    passed     84.25%
 877  MT710779   24.86%    passed     84.25%
 878  MT710802   24.86%    passed     84.25%
 879  MT710819   24.86%    passed     84.25%
 880  MT710792   24.86%    passed     82.73%
 881  MT710812   24.86%    passed     80.00%
 882  MT710815   24.86%    passed     78.47%
 883  MT710816   24.86%    passed     75.25%
 884  MT710824   24.86%    passed     75.25%
 885  MT710787   24.86%    passed     91.00%
 886  MT710797   24.86%    passed     80.95%
 887  MT710808   24.86%    passed     86.44%
 888  MT710818   24.86%    passed     86.44%
 889  MT710807   24.86%    passed     90.13%
 890  MT710810   24.86%    passed     88.29%
 891  MT710811   24.86%    passed     88.29%
 892  MT710813   24.86%    passed     88.29%
 893  MT710814   24.86%    passed     85.84%
 894  MT710820   24.86%    passed     85.84%
 895  MT710773   24.86%    passed     88.02%
 896  MT710774   24.86%    passed     94.14%
 897  MT710796   24.86%    passed     94.14%
 898  MT710795   24.86%    passed     96.22%
 899  MT710822   24.86%    passed     82.85%
 900  MT710744   24.86%    passed     80.64%
 901  MT710748   24.86%    passed     79.88%
 902  MT710752   24.86%    passed     85.06%
 903  MT710757   24.86%    passed     85.06%
 904  MT710758   24.86%    passed     75.71%
 905  MT710764   24.86%    passed     88.29%
 906  MT710765   24.86%    passed     91.37%
 907  MT710747   24.86%    passed     92.07%
 908  MT710784   24.86%    passed     92.20%
 909  LC105391    4.05%    passed     97.88%
 910  MW384357    0.28%    passed     98.98%
 911  MW384313    0.28%    passed     98.98%
 912  MW384401    0.28%    passed     98.98%
 913  MW384368    0.28%    passed     99.73%
 914  MW384324    0.28%    passed     99.70%
 915  MW384346    0.28%    passed     99.70%
 916  MW384390    0.28%    passed     99.52%
 917  MW384335    0.28%    passed     99.70%
 918  MW384379    0.28%    passed     99.91%
 919  MW384412    0.28%    passed     99.43%
 920  LC668651    7.25%    passed     96.53%
 921  LC668646    7.34%    passed     97.89%
 922  LC668647    8.85%    passed     96.57%
 923  LC668648    7.34%    passed     98.92%
 924  LC668649    8.85%    passed     97.39%
 925  LC668650    8.85%    passed     96.90%
 926  LC668652    8.29%    passed     98.97%
 927  LC688295    0.66%    passed     99.98%
 928  MT107166   12.52%    passed     93.20%
 929  KT007646    8.19%    passed     98.36%
 930  KJ794105   23.73%    passed     84.62%
 931  LC172445    3.95%    passed     99.61%
 932  MN529645    9.89%    passed     89.64%
 933  MN529647   10.55%    passed     87.32%
 934  MN529646   10.64%    passed     88.51%
 935  OM928441   23.54%    passed     80.68%
 936  OM928442   23.54%    passed     80.68%
 937  OM928443   23.54%    passed     80.68%
 938  OM928444   23.63%    passed     82.28%
 939  OM928445   23.54%    passed     80.68%
 940  OM928446   23.54%    passed     80.68%
 941  OM928448   23.54%    passed     80.68%
 942  OM928449   23.54%    passed     80.68%
 943  OM928447   23.54%    passed     77.04%
 944  MT107165    4.61%    passed     99.40%
 945  KJ794104   23.54%    passed     82.94%
 946  KX033632   20.43%    passed     87.13%
 947  KX033617   20.43%    passed     83.96%
 948  KX033680   20.43%    passed     83.96%
 949  KX033654   20.43%    passed     83.96%
 950  KX033636   20.43%    passed     83.96%
 951  KX033621   20.43%    passed     86.61%
 952  KX033669   20.43%    passed     86.61%
 953  KX033668   20.43%    passed     86.61%
 954  KX033620   20.43%    passed     86.61%
 955  KX033640   20.43%    passed     86.61%
 956  KX033677   20.43%    passed     80.73%
 957  KX033603   20.43%    passed     80.27%
 958  KX033661   20.43%    passed     80.27%
 959  KX033687   20.43%    passed     87.13%
 960  KX033608   20.43%    passed     86.61%
 961  KX033638   20.43%    passed     86.61%
 962  KX033658   20.43%    passed     86.61%
 963  KX033633   20.43%    passed     89.71%
 964  KX033673   20.43%    passed     82.94%
 965  KX033674   20.43%    passed     85.97%
 966  KX033634   20.43%    passed     81.58%
 967  KX033635   20.43%    passed     84.44%
 968  KX033622   20.43%    passed     83.96%
 969  KX033675   20.43%    passed     88.68%
 970  KX033624   20.43%    passed     85.97%
 971  KX033606   20.43%    passed     85.97%
 972  KX033666   20.43%    passed     84.44%
 973  KX033656   20.43%    passed     82.94%
 974  KX033609   20.43%    passed     87.75%
 975  KX033615   20.43%    passed     84.95%
 976  KX033631   20.43%    passed     89.97%
 977  KX033626   20.43%    passed     87.13%
 978  KX033649   20.43%    passed     85.97%
 979  KX033653   20.43%    passed     82.94%
 980  KX033647   20.43%    passed     88.93%
 981  KX033657   20.43%    passed     83.94%
 982  KX033611   20.43%    passed     87.79%
 983  KX033676   20.43%    passed     90.27%
 984  KX033650   20.43%    passed     88.41%
 985  KX033686   20.43%    passed     87.75%
 986  KX033643   20.43%    passed     87.13%
 987  KX033610   20.43%    passed     87.13%
 988  KX033685   20.43%    passed     86.61%
 989  KX033639   20.43%    passed     86.61%
 990  KX033616   20.43%    passed     91.69%
 991  KX033655   20.43%    passed     91.69%
 992  KX033644   20.43%    passed     88.41%
 993  KX033646   20.43%    passed     85.96%
 994  KX033607   20.43%    passed     88.93%
 995  KX033648   20.43%    passed     89.71%
 996  KX033678   20.43%    passed     84.44%
 997  KX033660   20.43%    passed     93.27%
 998  KT919508    3.67%    passed     99.30%
 999  KX778608    7.06%    passed     98.13%
1000  KX778601    7.06%    passed     98.28%
1001  KX778598    7.06%    passed     98.28%
1002  KX778602    7.06%    passed     96.71%
1003  KX778606    7.06%    passed     94.47%
1004  KX778605    7.06%    passed     99.61%
1005  MW722591    3.11%    passed     99.78%
1006  KU532180   20.90%    passed     92.39%
1007  KU532187   20.90%    passed     92.39%
1008  KU532178   20.90%    passed     93.69%
1009  KU532210   20.90%    passed     93.69%
1010  KU532208   20.90%    passed     93.69%
1011  KU532206   20.90%    passed     93.69%
1012  KU532200   20.90%    passed     93.69%
1013  KU532198   20.90%    passed     93.69%
1014  KU532184   20.90%    passed     93.69%
1015  KU532201   20.90%    passed     94.99%
1016  KU532199   20.90%    passed     91.82%
1017  KU532195   20.90%    passed     94.99%
1018  KU532194   20.90%    passed     94.53%
1019  KU532183   20.90%    passed     91.82%
1020  KU532182   20.90%    passed     94.53%
1021  KU532202   20.90%    passed     93.69%
1022  KU532186   20.90%    passed     92.26%
1023  KU532211   20.90%    passed     89.06%
1024  KU532193   20.90%    passed     93.78%
1025  KU532219   20.90%    passed     90.59%
1026  KU532204   20.90%    passed     90.59%
1027  KU532196   20.90%    passed     93.75%
1028  KU532192   20.90%    passed     93.75%
1029  KU532205   20.90%    passed     90.38%
1030  KU532212   20.90%    passed     86.23%
1031  KU532215   20.90%    passed     89.24%
1032  KU532214   20.90%    passed     89.24%
1033  KU532207   20.90%    passed     89.24%
1034  KU532188   20.90%    passed     89.24%
1035  KU532217   20.90%    passed     83.36%
1036  MT786720   21.09%    passed     98.64%
1037  KY634710   11.21%    passed     95.16%
1038  KX778599    7.06%    passed     99.16%
1039  MW722577    3.11%    passed     99.91%
1040  MW722584    3.11%    passed     99.04%
1041  MW722589    3.11%    passed     99.04%
1042  MW722558    3.11%    passed     99.04%
1043  KX033602   20.43%    passed     82.87%
1044  KU532209   20.90%    passed     96.12%
1045  KX033642   20.43%    passed     98.47%
1046  KT948647   11.49%    passed     62.76%
1047  KT948646   11.49%    passed     85.36%
1048  MF346898   22.79%    passed     84.03%
1049  LC190491    1.32%    passed     94.53%
1050  KT948650   11.49%    passed     85.98%
1051  KF006873   20.90%    passed     63.67%
1052  KC242226    0.09%    passed     98.87%
1053  KF006876   20.34%    passed     96.60%
1054  KX655511    0.19%    passed     92.30%
1055  MH675893   24.86%    passed     55.67%
1056  MH675899   20.90%    passed     74.72%
1057  KU363149    0.00%    passed     77.83%
1058  KM043020   21.66%    passed     93.38%
1059  JN699033    7.63%    passed     71.91%
1060  HQ127445    7.91%    passed     91.68%
1061  HQ127444    7.91%    passed     91.68%
1062  HQ127446    7.91%    passed     91.68%
1063  KU740013    6.31%    passed     73.18%
1064  KU740011    2.07%    passed     90.78%
1065  KU740031    5.18%    passed     67.32%
1066  KU532218   20.90%    passed     97.79%
1067  JN192392   14.69%    passed     37.82%
1068  LC105380    0.94%    passed     83.44%
****  TOTAL      10.98%  0 sequences failed composition chi2 test (p-value<5%; df=3)
NOTE: AB527029 is identical to AB527028 but kept for subsequent analysis
NOTE: AB527022 is identical to AB527035 but kept for subsequent analysis
NOTE: AB527012 is identical to AB527013 but kept for subsequent analysis
NOTE: AB527027 is identical to AB527031 but kept for subsequent analysis
NOTE: AB527017 is identical to AB527018 but kept for subsequent analysis
NOTE: AB527014 is identical to AB527015 but kept for subsequent analysis
NOTE: AB527021 is identical to AB534530 but kept for subsequent analysis
NOTE: AB527036 is identical to AB527034 but kept for subsequent analysis
NOTE: AB306267 is identical to AB306266 but kept for subsequent analysis
NOTE: KM043012 is identical to KM043014 but kept for subsequent analysis
NOTE: EF694183 is identical to KM043015 but kept for subsequent analysis
NOTE: HQ127452 is identical to HQ127448 but kept for subsequent analysis
NOTE: EF694207 is identical to EF694205 but kept for subsequent analysis
NOTE: AB364377 is identical to AB364378 but kept for subsequent analysis
NOTE: AB364381 is identical to AB364380 but kept for subsequent analysis
NOTE: AB364369 is identical to AB364372 but kept for subsequent analysis
NOTE: JF965004 is identical to JF965005 but kept for subsequent analysis
NOTE: AB585930 is identical to AB585931 but kept for subsequent analysis
NOTE: KF812608 is identical to KF812604 but kept for subsequent analysis
NOTE: KY419307 is identical to KY419306 but kept for subsequent analysis
NOTE: KY419319 is identical to KY419318 but kept for subsequent analysis
NOTE: KF812607 is identical to KF812605 but kept for subsequent analysis
NOTE: KF812610 is identical to KF812606 but kept for subsequent analysis
NOTE: KY419325 is identical to KY419321 but kept for subsequent analysis
NOTE: KY419326 is identical to KY419322 but kept for subsequent analysis
NOTE: KY419327 is identical to KY419324 but kept for subsequent analysis
NOTE: HM130975 is identical to HM130973 but kept for subsequent analysis
NOTE: KY419313 is identical to KY419312 but kept for subsequent analysis
NOTE: KY419316 is identical to KY419315 but kept for subsequent analysis
NOTE: GQ996901 is identical to GQ996922 but kept for subsequent analysis
NOTE: GQ996924 is identical to GQ996920 but kept for subsequent analysis
NOTE: GQ996919 is identical to GQ996916 but kept for subsequent analysis
NOTE: GQ996912 is identical to GQ996911 but kept for subsequent analysis
NOTE: KJ094942 is identical to KJ094944 but kept for subsequent analysis
NOTE: LC172393 is identical to LC172391 but kept for subsequent analysis
NOTE: LC172379 is identical to LC172366 but kept for subsequent analysis
NOTE: LC172369 is identical to LC172365 but kept for subsequent analysis
NOTE: LC172410 is identical to LC172400 but kept for subsequent analysis
NOTE: EU839937 is identical to EU839930 but kept for subsequent analysis
NOTE: FJ348354 is identical to FJ348351 but kept for subsequent analysis
NOTE: KM043002 is identical to KM043001 but kept for subsequent analysis
NOTE: KM043000 is identical to KM042999 but kept for subsequent analysis
NOTE: KM042989 is identical to KM042984 but kept for subsequent analysis
NOTE: EF694201 is identical to EF694200 but kept for subsequent analysis
NOTE: EF694197 is identical to EF694198 but kept for subsequent analysis
NOTE: KM043006 is identical to KM043005 but kept for subsequent analysis
NOTE: EF694220 is identical to KM043018 but kept for subsequent analysis
NOTE: MF407493 is identical to MF407492 but kept for subsequent analysis
NOTE: KJ820896 is identical to KJ820885 but kept for subsequent analysis
NOTE: KJ753315 is identical to KJ752689 but kept for subsequent analysis
NOTE: KJ751674 is identical to KJ751817 but kept for subsequent analysis
NOTE: KP752465 is identical to KJ751663 but kept for subsequent analysis
NOTE: KJ626823 is identical to KJ559350 but kept for subsequent analysis
NOTE: KJ626654 is identical to KJ626587 but kept for subsequent analysis
NOTE: KJ626518 is identical to KJ626687 but kept for subsequent analysis
NOTE: KJ626876 is identical to KJ627143 but kept for subsequent analysis
NOTE: MF407484 is identical to MF407483 but kept for subsequent analysis
NOTE: GQ117007 is identical to GQ452938 but kept for subsequent analysis
NOTE: FJ447571 is identical to GU377152 but kept for subsequent analysis
NOTE: MN417975 is identical to MH182443 but kept for subsequent analysis
NOTE: MF540709 is identical to MF540708 but kept for subsequent analysis
NOTE: MF540710 is identical to MF540711 but kept for subsequent analysis
NOTE: MF540718 is identical to MF540716 but kept for subsequent analysis
NOTE: JN377707 is identical to JN377705 but kept for subsequent analysis
NOTE: JX154485 is identical to JX154522 but kept for subsequent analysis
NOTE: JX154489 is identical to JX154531 but kept for subsequent analysis
NOTE: EU839938 is identical to EU839939 but kept for subsequent analysis
NOTE: MH382870 is identical to MH382846 but kept for subsequent analysis
NOTE: MW722634 is identical to MW722626 but kept for subsequent analysis
NOTE: MW722610 is identical to MW722633 but kept for subsequent analysis
NOTE: MW722598 is identical to MW722595 but kept for subsequent analysis
NOTE: MW722640 is identical to MW722638 but kept for subsequent analysis
NOTE: MW722658 is identical to MW722641 but kept for subsequent analysis
NOTE: MW722659 is identical to MW722647 but kept for subsequent analysis
NOTE: MW722632 is identical to MW722630 but kept for subsequent analysis
NOTE: MW722616 is identical to MW722612 but kept for subsequent analysis
NOTE: KX033670 is identical to KX033641 but kept for subsequent analysis
NOTE: KX033682 is identical to KX033623 but kept for subsequent analysis
NOTE: KX033630 is identical to KX033679 but kept for subsequent analysis
NOTE: KF113011 is identical to KF113013 but kept for subsequent analysis
NOTE: KF113008 is identical to KF113009 but kept for subsequent analysis
NOTE: KF673477 is identical to KF673485 but kept for subsequent analysis
NOTE: KX009889 is identical to KX009887 but kept for subsequent analysis
NOTE: MF407486 is identical to MF407485 but kept for subsequent analysis
NOTE: KC677699 is identical to KC677701 but kept for subsequent analysis
NOTE: KC762222 is identical to KC762220 but kept for subsequent analysis
NOTE: MF540721 is identical to MF540720 but kept for subsequent analysis
NOTE: MN061923 is identical to MN061922 but kept for subsequent analysis
NOTE: MN552120 is identical to MN552077 but kept for subsequent analysis
NOTE: MZ095337 is identical to MZ095326 but kept for subsequent analysis
NOTE: MZ095295 is identical to MZ095251 but kept for subsequent analysis
NOTE: MZ096909 is identical to MZ095348 but kept for subsequent analysis
NOTE: KJ412591 is identical to KJ412660 but kept for subsequent analysis
NOTE: KJ412636 is identical to KJ412525 but kept for subsequent analysis
NOTE: KX517813 is identical to KX517812 but kept for subsequent analysis
NOTE: KF113049 is identical to KF113027 but kept for subsequent analysis
NOTE: KF113029 is identical to KF113030 but kept for subsequent analysis
NOTE: KF673486 is identical to KF673482 but kept for subsequent analysis
NOTE: MN106114 is identical to MT107163 but kept for subsequent analysis
NOTE: MW384027 is identical to MW384005 but kept for subsequent analysis
NOTE: MN106115 is identical to MW384225 but kept for subsequent analysis
NOTE: MW384038 is identical to MW384170 but kept for subsequent analysis
NOTE: MZ165506 is identical to MZ165505 but kept for subsequent analysis
NOTE: MZ165497 is identical to MZ165496 but kept for subsequent analysis
NOTE: MW722571 is identical to MW722570 but kept for subsequent analysis
NOTE: MW722648 is identical to MW722639 but kept for subsequent analysis
NOTE: KF648938 is identical to KF648937 but kept for subsequent analysis
NOTE: MN551933 is identical to MN551923 but kept for subsequent analysis
NOTE: LC172428 is identical to LC172422 but kept for subsequent analysis
NOTE: MN577092 is identical to MN577089 but kept for subsequent analysis
NOTE: MT710759 is identical to MT710743 but kept for subsequent analysis
NOTE: MT710761 is identical to MT710751 but kept for subsequent analysis
NOTE: MT710779 is identical to MT710763 but kept for subsequent analysis
NOTE: MT710818 is identical to MT710808 but kept for subsequent analysis
NOTE: MT710811 is identical to MT710810 but kept for subsequent analysis
NOTE: MT710796 is identical to MT710774 but kept for subsequent analysis
NOTE: MW384313 is identical to MW384357 but kept for subsequent analysis
NOTE: MW384346 is identical to MW384324 but kept for subsequent analysis
NOTE: OM928442 is identical to OM928441 but kept for subsequent analysis
NOTE: KX033680 is identical to KX033617 but kept for subsequent analysis
NOTE: KX033620 is identical to KX033668 but kept for subsequent analysis
NOTE: KX033638 is identical to KX033608 but kept for subsequent analysis
NOTE: KX033606 is identical to KX033624 but kept for subsequent analysis
NOTE: KX033610 is identical to KX033643 but kept for subsequent analysis
NOTE: KU532187 is identical to KU532180 but kept for subsequent analysis
NOTE: KU532210 is identical to KU532178 but kept for subsequent analysis
NOTE: KU532214 is identical to KU532215 but kept for subsequent analysis
NOTE: MW722589 is identical to MW722584 but kept for subsequent analysis
NOTE: HQ127444 is identical to HQ127445 but kept for subsequent analysis
Checking for duplicate sequences: done in 0.00962996 secs using 72.52% CPU
Identifying sites to remove: done in 0.010659 secs using 69.53% CPU
NOTE: 136 identical sequences (see below) will be ignored for subsequent analysis
NOTE: AB527025 (identical to AB527028) is ignored but added at the end
NOTE: AB527030 (identical to AB527035) is ignored but added at the end
NOTE: AB527026 (identical to AB527035) is ignored but added at the end
NOTE: AB527024 (identical to AB527013) is ignored but added at the end
NOTE: AB527011 (identical to AB527031) is ignored but added at the end
NOTE: AB527033 (identical to AB527031) is ignored but added at the end
NOTE: AB527032 (identical to AB527031) is ignored but added at the end
NOTE: KM043013 (identical to KM043014) is ignored but added at the end
NOTE: EF694196 (identical to KM043014) is ignored but added at the end
NOTE: HQ127450 (identical to HQ127448) is ignored but added at the end
NOTE: HQ127449 (identical to HQ127448) is ignored but added at the end
NOTE: HQ127451 (identical to HQ127448) is ignored but added at the end
NOTE: AB364368 (identical to AB364372) is ignored but added at the end
NOTE: AB364370 (identical to AB364372) is ignored but added at the end
NOTE: JF965002 (identical to JF965005) is ignored but added at the end
NOTE: JF965001 (identical to JF965005) is ignored but added at the end
NOTE: JF965000 (identical to JF965005) is ignored but added at the end
NOTE: KF812612 (identical to KF812604) is ignored but added at the end
NOTE: KF812611 (identical to KF812604) is ignored but added at the end
NOTE: HM130979 (identical to KF812604) is ignored but added at the end
NOTE: KY419308 (identical to KY419306) is ignored but added at the end
NOTE: KY419309 (identical to KY419306) is ignored but added at the end
NOTE: HM130978 (identical to KF812605) is ignored but added at the end
NOTE: KY419328 (identical to KY419322) is ignored but added at the end
NOTE: KY419330 (identical to KY419322) is ignored but added at the end
NOTE: HM130977 (identical to HM130973) is ignored but added at the end
NOTE: KY419317 (identical to KY419315) is ignored but added at the end
NOTE: GQ996898 (identical to GQ996922) is ignored but added at the end
NOTE: GQ996903 (identical to GQ996922) is ignored but added at the end
NOTE: GQ996902 (identical to GQ996922) is ignored but added at the end
NOTE: KJ094943 (identical to KJ094944) is ignored but added at the end
NOTE: LC172371 (identical to LC172365) is ignored but added at the end
NOTE: LC172372 (identical to LC172365) is ignored but added at the end
NOTE: LC172373 (identical to LC172365) is ignored but added at the end
NOTE: LC172375 (identical to LC172365) is ignored but added at the end
NOTE: LC172376 (identical to LC172365) is ignored but added at the end
NOTE: LC172380 (identical to LC172365) is ignored but added at the end
NOTE: LC172381 (identical to LC172365) is ignored but added at the end
NOTE: LC172386 (identical to LC172365) is ignored but added at the end
NOTE: LC172387 (identical to LC172365) is ignored but added at the end
NOTE: LC172388 (identical to LC172365) is ignored but added at the end
NOTE: LC172392 (identical to LC172365) is ignored but added at the end
NOTE: LC172417 (identical to LC172400) is ignored but added at the end
NOTE: GQ869841 (identical to EU839930) is ignored but added at the end
NOTE: EU839932 (identical to EU839930) is ignored but added at the end
NOTE: KM042987 (identical to KM042984) is ignored but added at the end
NOTE: KM042990 (identical to KM042984) is ignored but added at the end
NOTE: KM042988 (identical to KM042984) is ignored but added at the end
NOTE: KM042985 (identical to KM042984) is ignored but added at the end
NOTE: KJ752221 (identical to KJ752689) is ignored but added at the end
NOTE: KJ752513 (identical to KJ752689) is ignored but added at the end
NOTE: KJ626921 (identical to KJ626687) is ignored but added at the end
NOTE: KJ626801 (identical to KJ626687) is ignored but added at the end
NOTE: KJ412592 (identical to KJ626687) is ignored but added at the end
NOTE: KJ626643 (identical to KJ626687) is ignored but added at the end
NOTE: EU839936 (identical to EU839939) is ignored but added at the end
NOTE: MW722636 (identical to MW722626) is ignored but added at the end
NOTE: MW722618 (identical to MW722626) is ignored but added at the end
NOTE: MW722602 (identical to MW722595) is ignored but added at the end
NOTE: MW722606 (identical to MW722595) is ignored but added at the end
NOTE: MW722608 (identical to MW722595) is ignored but added at the end
NOTE: MW722611 (identical to MW722595) is ignored but added at the end
NOTE: MW722615 (identical to MW722595) is ignored but added at the end
NOTE: MW722619 (identical to MW722595) is ignored but added at the end
NOTE: MW722661 (identical to MW722647) is ignored but added at the end
NOTE: MW722635 (identical to MW722630) is ignored but added at the end
NOTE: KX033684 (identical to KX033679) is ignored but added at the end
NOTE: KF113010 (identical to KF113013) is ignored but added at the end
NOTE: KC677700 (identical to KC677701) is ignored but added at the end
NOTE: KC677698 (identical to KC677701) is ignored but added at the end
NOTE: MF540722 (identical to MF540720) is ignored but added at the end
NOTE: MN061927 (identical to MN061922) is ignored but added at the end
NOTE: KJ412835 (identical to KJ412660) is ignored but added at the end
NOTE: KJ412671 (identical to KJ412525) is ignored but added at the end
NOTE: KJ412791 (identical to KJ412525) is ignored but added at the end
NOTE: MN106116 (identical to MT107163) is ignored but added at the end
NOTE: MW384049 (identical to MW384005) is ignored but added at the end
NOTE: MW384060 (identical to MW384005) is ignored but added at the end
NOTE: MW384071 (identical to MW384005) is ignored but added at the end
NOTE: MW384082 (identical to MW384005) is ignored but added at the end
NOTE: MZ165498 (identical to MZ165496) is ignored but added at the end
NOTE: MZ165499 (identical to MZ165496) is ignored but added at the end
NOTE: MZ165500 (identical to MZ165496) is ignored but added at the end
NOTE: MZ165501 (identical to MZ165496) is ignored but added at the end
NOTE: MZ165502 (identical to MZ165496) is ignored but added at the end
NOTE: MZ165503 (identical to MZ165496) is ignored but added at the end
NOTE: MZ165504 (identical to MZ165496) is ignored but added at the end
NOTE: MW722572 (identical to MW722570) is ignored but added at the end
NOTE: MW722573 (identical to MW722570) is ignored but added at the end
NOTE: MW722578 (identical to MW722570) is ignored but added at the end
NOTE: MW722579 (identical to MW722570) is ignored but added at the end
NOTE: MW722581 (identical to MW722570) is ignored but added at the end
NOTE: MW722583 (identical to MW722570) is ignored but added at the end
NOTE: MW722585 (identical to MW722570) is ignored but added at the end
NOTE: MW722586 (identical to MW722570) is ignored but added at the end
NOTE: MW722587 (identical to MW722570) is ignored but added at the end
NOTE: MW722590 (identical to MW722570) is ignored but added at the end
NOTE: MW722559 (identical to MW722570) is ignored but added at the end
NOTE: MW722561 (identical to MW722570) is ignored but added at the end
NOTE: MW722564 (identical to MW722570) is ignored but added at the end
NOTE: MW722567 (identical to MW722570) is ignored but added at the end
NOTE: MW722568 (identical to MW722570) is ignored but added at the end
NOTE: MW722654 (identical to MW722639) is ignored but added at the end
NOTE: LC172432 (identical to LC172422) is ignored but added at the end
NOTE: LC172433 (identical to LC172422) is ignored but added at the end
NOTE: LC172436 (identical to LC172422) is ignored but added at the end
NOTE: LC172438 (identical to LC172422) is ignored but added at the end
NOTE: MT710789 (identical to MT710743) is ignored but added at the end
NOTE: MT710793 (identical to MT710743) is ignored but added at the end
NOTE: MT710798 (identical to MT710743) is ignored but added at the end
NOTE: MT710800 (identical to MT710743) is ignored but added at the end
NOTE: MT710801 (identical to MT710743) is ignored but added at the end
NOTE: MT710803 (identical to MT710743) is ignored but added at the end
NOTE: MT710771 (identical to MT710751) is ignored but added at the end
NOTE: MT710802 (identical to MT710763) is ignored but added at the end
NOTE: MT710819 (identical to MT710763) is ignored but added at the end
NOTE: MT710813 (identical to MT710810) is ignored but added at the end
NOTE: MW384401 (identical to MW384357) is ignored but added at the end
NOTE: OM928443 (identical to OM928441) is ignored but added at the end
NOTE: OM928445 (identical to OM928441) is ignored but added at the end
NOTE: OM928446 (identical to OM928441) is ignored but added at the end
NOTE: OM928448 (identical to OM928441) is ignored but added at the end
NOTE: OM928449 (identical to OM928441) is ignored but added at the end
NOTE: KX033654 (identical to KX033617) is ignored but added at the end
NOTE: KX033636 (identical to KX033617) is ignored but added at the end
NOTE: KX033640 (identical to KX033668) is ignored but added at the end
NOTE: KX033658 (identical to KX033608) is ignored but added at the end
NOTE: KU532208 (identical to KU532178) is ignored but added at the end
NOTE: KU532206 (identical to KU532178) is ignored but added at the end
NOTE: KU532200 (identical to KU532178) is ignored but added at the end
NOTE: KU532198 (identical to KU532178) is ignored but added at the end
NOTE: KU532184 (identical to KU532178) is ignored but added at the end
NOTE: KU532207 (identical to KU532215) is ignored but added at the end
NOTE: KU532188 (identical to KU532215) is ignored but added at the end
NOTE: MW722558 (identical to MW722584) is ignored but added at the end
NOTE: HQ127446 (identical to HQ127445) is ignored but added at the end
Alignment was printed to results/aligned_rotavirusA_G_G9-delim.fasta.uniqueseq.phy

For your convenience alignment with unique sequences printed to results/aligned_rotavirusA_G_G9-delim.fasta.uniqueseq.phy

Create initial parsimony tree by phylogenetic likelihood library (PLL)... 0.025 seconds

NOTE: 24 MB RAM (0 GB) is required!
Estimate model parameters (epsilon = 0.500)
1. Initial log-likelihood: -130173.114
2. Current log-likelihood: -112803.531
3. Current log-likelihood: -111865.711
4. Current log-likelihood: -111858.225
Optimal log-likelihood: -111857.996
Rate parameters:  A-C: 0.23993  A-G: 11.77633  A-T: 0.98019  C-G: 0.10374  C-T: 9.78569  G-T: 1.00000
Base frequencies:  A: 0.345  C: 0.154  G: 0.181  T: 0.320
Parameters optimization took 4 rounds (4.843 sec)
Wrote distance file to... 
Computing ML distances based on estimated model parameters...
Calculating distance matrix: done in 1.44401 secs using 97.25% CPU
Computing ML distances took 1.450126 sec (of wall-clock time) 1.407761 sec (of CPU time)
Setting up auxiliary I and S matrices: done in 0.0177572 secs using 172.6% CPU
Constructing RapidNJ tree: done in 0.0449121 secs using 179.5% CPU
Computing RapidNJ tree took 0.062765 sec (of wall-clock time) 0.111309 sec (of CPU time)
Log-likelihood of RapidNJ tree: -18840.869
--------------------------------------------------------------------
|             INITIALIZING CANDIDATE TREE SET                      |
--------------------------------------------------------------------

Do NNI search on 2 best initial trees
Optimizing NNI: done in 2.43643 secs using 97.57% CPU
Estimate model parameters (epsilon = 0.500)
BETTER TREE FOUND at iteration 1: -18137.406
Optimizing NNI: done in 14.2457 secs using 97.91% CPU
Finish initializing candidate tree set (4)
Current best tree score: -18137.406 / CPU time: 18.349
Number of iterations: 2
TREE SEARCH COMPLETED AFTER 2 ITERATIONS / Time: 0h:0m:26s

--------------------------------------------------------------------
|                    FINALIZING TREE SEARCH                        |
--------------------------------------------------------------------
Performs final model parameters optimization
Estimate model parameters (epsilon = 0.050)
1. Initial log-likelihood: -18137.406
Optimal log-likelihood: -18137.402
Rate parameters:  A-C: 1.26030  A-G: 6.92888  A-T: 0.83899  C-G: 0.49769  C-T: 6.88603  G-T: 1.00000
Base frequencies:  A: 0.345  C: 0.154  G: 0.181  T: 0.320
Parameters optimization took 1 rounds (0.250 sec)
BEST SCORE FOUND : -18137.402
Total tree length: 2.774

Total number of iterations: 2
CPU time used for tree search: 17.957 sec (0h:0m:17s)
Wall-clock time used for tree search: 18.351 sec (0h:0m:18s)
Total CPU time used: 25.781 sec (0h:0m:25s)
Total wall-clock time used: 26.308 sec (0h:0m:26s)

Analysis results written to: 
  IQ-TREE report:                results/aligned_rotavirusA_G_G9-delim.fasta.iqtree
  Maximum-likelihood tree:       results/aligned_rotavirusA_G_G9-delim.fasta.treefile
  Likelihood distances:          results/aligned_rotavirusA_G_G9-delim.fasta.mldist
  Screen log file:               results/aligned_rotavirusA_G_G9-delim.fasta.log

Date and Time: Thu Oct 27 22:03:05 2022
