IQ-TREE multicore version 2.2.0-beta COVID-edition for Mac OS X 64-bit built Mar  3 2022 built Mar  3 2022
Developed by Bui Quang Minh, James Barbetti, Nguyen Lam Tung,
Olga Chernomor, Heiko Schmidt, Dominik Schrempf, Michael Woodhams, Ly Trong Nhan.

Host:    MacBook-Pro-2.local (SSE4.2, 8 GB RAM)
Command: iqtree2 -nt 1 -s results/aligned_rotavirusA_A_A1-delim.fasta -m GTR -ninit 2 -n 2 -me 0.05
Seed:    476492 (Using SPRNG - Scalable Parallel Random Number Generator)
Time:    Thu Oct 27 18:14:35 2022
Kernel:  SSE2 - 1 threads (8 CPU cores detected)

HINT: Use -nt option to specify number of threads because your CPU has 8 cores!
HINT: -nt AUTO will automatically determine the best number of threads to use.

Reading alignment file results/aligned_rotavirusA_A_A1-delim.fasta ... Fasta format detected
Reading fasta file: done in 0.043189 secs using 87.53% CPU
Alignment most likely contains DNA/RNA sequences
Constructing alignment: done in 0.0167701 secs using 79.58% CPU
WARNING: 69 sites contain only gaps or ambiguous characters.
Alignment has 1309 sequences with 1614 columns, 1171 distinct patterns
945 parsimony-informative, 150 singleton sites, 519 constant sites
          Gap/Ambiguity  Composition  p-value
Analyzing sequences: done in 0.00314808 secs using 90.85% CPU
   1  FJ747631    6.01%    passed     99.15%
   2  LC374132    4.96%    passed     98.87%
   3  MN067149    7.62%    passed     92.33%
   4  MN067105    7.62%    passed     92.33%
   5  MZ097075   11.28%    passed     97.69%
   6  MZ097119   11.28%    passed     96.58%
   7  MZ097291   11.28%    passed     96.58%
   8  MZ095360   11.28%    passed     95.77%
   9  MZ095503   11.28%    passed     95.77%
  10  MZ095557   11.28%    passed     95.77%
  11  MZ095579   11.28%    passed     95.77%
  12  MZ095655   11.28%    passed     95.77%
  13  MZ095842   11.28%    passed     95.77%
  14  MZ095853   11.28%    passed     95.77%
  15  MZ095886   11.28%    passed     95.77%
  16  MZ095546   11.28%    passed     96.58%
  17  MZ095590   11.28%    passed     97.04%
  18  MZ095677   11.28%    passed     97.04%
  19  MZ095644   11.28%    passed     94.10%
  20  MZ095732   11.28%    passed     94.10%
  21  MZ095831   11.28%    passed     94.69%
  22  MZ096192   11.28%    passed     94.10%
  23  MZ095470   11.28%    passed     96.04%
  24  MZ095481   11.28%    passed     96.04%
  25  MZ095514   11.28%    passed     97.04%
  26  MZ095743   11.28%    passed     97.04%
  27  MZ095941   11.28%    passed     97.04%
  28  MZ095525   11.28%    passed     94.69%
  29  MZ095623   11.28%    passed     94.69%
  30  MZ095798   11.28%    passed     94.69%
  31  MZ095897   11.28%    passed     94.69%
  32  MZ095930   11.28%    passed     94.69%
  33  MZ095985   11.28%    passed     94.69%
  34  MZ095371   11.28%    passed     94.73%
  35  MZ095404   11.28%    passed     94.73%
  36  MZ095448   11.28%    passed     94.73%
  37  MZ095721   11.28%    passed     94.73%
  38  MZ095666   11.28%    passed     93.09%
  39  MZ095754   11.28%    passed     96.04%
  40  MZ096051   11.28%    passed     97.76%
  41  MZ095699   11.28%    passed     96.58%
  42  MZ095765   11.28%    passed     96.58%
  43  MZ095809   11.28%    passed     96.58%
  44  MZ095864   11.28%    passed     96.04%
  45  MZ096029   11.28%    passed     90.76%
  46  MZ095908   11.28%    passed     95.58%
  47  MZ095415   11.28%    passed     94.10%
  48  MZ095459   11.28%    passed     94.10%
  49  MZ095601   11.28%    passed     94.10%
  50  MZ095776   11.28%    passed     94.10%
  51  MZ095536   11.28%    passed     95.77%
  52  MZ095349   11.28%    passed     93.98%
  53  MZ095382   11.28%    passed     93.98%
  54  MZ095426   11.28%    passed     93.98%
  55  MZ095437   11.28%    passed     93.98%
  56  MZ095568   11.28%    passed     93.98%
  57  MZ095634   11.28%    passed     93.98%
  58  MZ095688   11.28%    passed     93.98%
  59  MZ095710   11.28%    passed     93.98%
  60  MZ095787   11.28%    passed     93.98%
  61  MZ095492   11.28%    passed     92.74%
  62  MZ095963   11.28%    passed     96.79%
  63  MZ095820   11.28%    passed     91.75%
  64  MZ095875   11.28%    passed     90.65%
  65  MZ095952   11.28%    passed     95.58%
  66  MZ095612   11.28%    passed     93.70%
  67  MZ095974   11.28%    passed     95.77%
  68  MZ097280   11.28%    passed     95.81%
  69  MZ097302   11.28%    passed     95.81%
  70  MZ097097   11.28%    passed     94.94%
  71  MZ097108   11.28%    passed     94.97%
  72  MZ096007   11.28%    passed     94.97%
  73  MZ097130   11.28%    passed     96.58%
  74  MZ097141   11.28%    passed     97.76%
  75  MZ097152   11.28%    passed     97.76%
  76  MZ096245   11.28%    passed     97.76%
  77  MZ096256   11.28%    passed     97.76%
  78  MZ096267   11.28%    passed     97.76%
  79  MZ096408   11.28%    passed     97.14%
  80  KJ753566    7.68%    passed     99.31%
  81  KJ752580    7.68%    passed     99.31%
  82  KJ752145    7.68%    passed     99.31%
  83  MN067064    7.68%    passed     99.73%
  84  KJ752010    7.68%    passed     99.86%
  85  MN066767    7.56%    passed     99.79%
  86  MN066977    7.56%    passed     99.79%
  87  MN066860    7.56%    passed     99.79%
  88  MN067127    7.56%    passed     99.79%
  89  MN066849    7.56%    passed     99.91%
  90  MN066908    7.56%    passed     99.83%
  91  MN067031    7.56%    passed     99.48%
  92  MN066817    7.68%    passed     99.83%
  93  KJ752167    7.68%    passed     99.82%
  94  KJ753452    7.68%    passed     99.82%
  95  KJ753555    7.68%    passed     99.82%
  96  KP753162    7.68%    passed     99.82%
  97  KJ752885    7.68%    passed     99.92%
  98  KJ753142    7.68%    passed     99.92%
  99  KJ752222    7.68%    passed     99.99%
 100  KJ753374    7.68%    passed     99.99%
 101  KJ753210    7.68%    passed     99.91%
 102  MN067194    7.68%    passed    100.00%
 103  KJ412694    7.68%    passed     99.87%
 104  KJ412727    7.68%    passed     99.87%
 105  KJ412637    7.68%    passed     99.87%
 106  KC443483    7.68%    passed     97.84%
 107  KT918881    7.68%    passed     99.73%
 108  KT919806    7.68%    passed     99.73%
 109  KT918463    7.68%    passed     99.73%
 110  KT919542    7.68%    passed     99.73%
 111  KT918507    7.68%    passed     99.73%
 112  KT919167    7.68%    passed     99.73%
 113  MF469141    7.68%    passed     99.69%
 114  KT919398    7.68%    passed     99.99%
 115  KT918947    7.68%    passed     99.92%
 116  KT918958    7.68%    passed     99.82%
 117  KT918518    7.68%    passed     99.82%
 118  KT919520    7.68%    passed     99.82%
 119  KT918826    7.68%    passed     99.74%
 120  KT918738    7.68%    passed    100.00%
 121  KT919476    7.68%    passed     99.92%
 122  KT918430    7.68%    passed     99.92%
 123  MF168068    7.68%    passed     99.92%
 124  MF168365    7.68%    passed     99.61%
 125  MF469261    7.68%    passed     99.21%
 126  KT918705    7.68%    passed     98.36%
 127  KT919123    7.68%    passed     98.79%
 128  KT919288    7.62%    passed     99.65%
 129  KT919652    7.62%    passed     99.65%
 130  KT919850    7.62%    passed     99.65%
 131  KT919740    7.62%    passed     99.65%
 132  KT918529    7.62%    passed     99.65%
 133  KT919145    7.62%    passed     99.65%
 134  KT918914    7.62%    passed     99.65%
 135  KT919938    7.62%    passed     99.65%
 136  KT919101    7.62%    passed     99.65%
 137  KT918683    7.62%    passed     99.75%
 138  MF168041    7.62%    passed     99.75%
 139  KT919387    7.37%    passed     99.60%
 140  KT919321    7.62%    passed     99.81%
 141  KT919134    7.62%    passed     99.81%
 142  KT919630    7.62%    passed     99.96%
 143  KT919310    7.62%    passed     99.36%
 144  KT918628    7.62%    passed     99.68%
 145  KT919509    7.62%    passed     99.68%
 146  KT919365    7.62%    passed     99.68%
 147  KT918419    7.62%    passed     99.68%
 148  MF168132    7.62%    passed     99.81%
 149  KT919376    7.50%    passed     99.70%
 150  KT918903    7.43%    passed     99.30%
 151  MF469396    7.68%    passed     98.79%
 152  MF469119    7.68%    passed     98.25%
 153  MF469174    7.68%    passed     97.96%
 154  MF469374    7.68%    passed     99.57%
 155  KT918727    5.95%    passed     98.13%
 156  MK417786    4.83%    passed     93.24%
 157  MK417787    4.83%    passed     92.12%
 158  MH171417    4.83%    passed     98.08%
 159  MH171403    4.83%    passed     98.08%
 160  MH171414    4.83%    passed     98.08%
 161  MH171415    4.83%    passed     98.08%
 162  MH171416    4.83%    passed     98.08%
 163  KJ752356    7.68%    passed     99.93%
 164  KP753241    7.68%    passed     99.84%
 165  KP753151    7.68%    passed     99.84%
 166  MF168056    6.20%    passed     97.63%
 167  AB861962    4.77%    passed     95.47%
 168  MH171405    4.83%    passed     90.93%
 169  KJ752809    7.68%    passed     95.98%
 170  KT919685    7.68%    passed     99.50%
 171  MF168206    7.68%    passed     99.50%
 172  KT918892    7.68%    passed     99.81%
 173  KT919454    7.68%    passed     99.81%
 174  KT918859    7.68%    passed     99.81%
 175  KT918991    7.68%    passed     99.50%
 176  KT919266    7.68%    passed     99.40%
 177  MF469109    7.68%    passed     99.50%
 178  MF469193    7.68%    passed     99.50%
 179  KT919795    7.68%    passed     99.45%
 180  KT919409    7.68%    passed     99.45%
 181  MF167971    7.68%    passed     99.45%
 182  MF168394    7.68%    passed     99.45%
 183  MF168387    7.68%    passed     99.45%
 184  MF168379    7.68%    passed     99.45%
 185  MF168332    7.68%    passed     99.45%
 186  KT918870    7.68%    passed     99.77%
 187  MF168341    7.68%    passed     99.77%
 188  KT919487    7.68%    passed     99.50%
 189  KT919046    7.68%    passed     99.74%
 190  MF168277    7.68%    passed     99.74%
 191  MF168349    7.68%    passed     99.74%
 192  KT919619    7.68%    passed     99.36%
 193  KT919861    7.68%    passed     99.45%
 194  KT919916    7.68%    passed     98.74%
 195  KT919883    7.62%    passed     99.13%
 196  KT919608    7.62%    passed     99.13%
 197  KT919641    7.62%    passed     99.07%
 198  KT918540    7.62%    passed     99.07%
 199  KT919354    7.62%    passed     99.55%
 200  KT919597    7.50%    passed     99.31%
 201  MF168293    7.50%    passed     99.31%
 202  KT919200    7.43%    passed     98.63%
 203  MF168181    7.25%    passed     98.76%
 204  MF168314    7.13%    passed     98.40%
 205  MF168022    7.50%    passed     99.29%
 206  KT919211    7.37%    passed     98.99%
 207  MN067042    6.57%    passed     97.56%
 208  MZ093663   11.28%    passed     94.68%
 209  MZ093682   11.28%    passed     94.68%
 210  MZ093737   11.28%    passed     94.68%
 211  MZ093748   11.28%    passed     94.68%
 212  MZ096976   11.28%    passed     94.68%
 213  MZ093820   11.28%    passed     96.47%
 214  MZ093853   11.28%    passed     96.47%
 215  MZ093874   11.28%    passed     96.47%
 216  MZ093915   11.28%    passed     96.47%
 217  MZ096987   11.28%    passed     96.47%
 218  MZ093842   12.21%    passed     95.12%
 219  MZ093693   12.02%    passed     92.75%
 220  MZ093715   12.58%    passed     92.45%
 221  MZ093704   11.46%    passed     94.93%
 222  MZ093935   11.28%    passed     99.62%
 223  MN066796    6.32%    passed     96.68%
 224  MN066961    5.95%    passed     99.46%
 225  KT919024    7.62%    passed     95.39%
 226  KT919905    7.62%    passed     95.39%
 227  KT919420    7.62%    passed     95.39%
 228  KT919531    7.62%    passed     95.39%
 229  KT919343    7.62%    passed     95.39%
 230  KT919729    7.62%    passed     95.39%
 231  KT918815    7.62%    passed     95.39%
 232  KT918485    7.62%    passed     95.39%
 233  KT919244    7.62%    passed     95.39%
 234  KT918782    7.62%    passed     95.39%
 235  KT918408    7.62%    passed     95.39%
 236  KT919773    7.62%    passed     95.39%
 237  KT918793    7.62%    passed     95.39%
 238  KT918584    7.62%    passed     95.39%
 239  KT919277    7.62%    passed     96.68%
 240  KT918562    7.62%    passed     94.23%
 241  KT919079    7.62%    passed     93.77%
 242  KT918595    7.62%    passed     94.23%
 243  KT918804    7.62%    passed     94.23%
 244  KT919575    7.62%    passed     96.68%
 245  KT918760    7.62%    passed     97.44%
 246  KT919431    7.62%    passed     97.44%
 247  KT918716    7.62%    passed     95.60%
 248  KT919156    7.62%    passed     97.66%
 249  KT919586    7.62%    passed     92.63%
 250  KT918639    7.62%    passed     97.59%
 251  KT919189    7.62%    passed     97.44%
 252  KT919762    7.62%    passed     94.15%
 253  KT919013    7.62%    passed     94.15%
 254  KT919839    7.62%    passed     88.85%
 255  KT919784    7.62%    passed     90.94%
 256  KT919564    6.63%    passed     95.15%
 257  KT918661    6.63%    passed     92.23%
 258  MF168085    7.19%    passed     92.83%
 259  KT919696    7.68%    passed     96.30%
 260  KT919674    7.68%    passed     96.30%
 261  KT918694    7.68%    passed     96.30%
 262  KT918771    7.68%    passed     96.30%
 263  KT918496    7.68%    passed     96.30%
 264  KT918606    7.68%    passed     96.30%
 265  KT919817    7.68%    passed     96.30%
 266  KT918672    7.68%    passed     96.30%
 267  KT919002    7.68%    passed     96.30%
 268  KT919299    7.68%    passed     96.30%
 269  KT918936    7.68%    passed     96.30%
 270  KT918452    7.68%    passed     96.30%
 271  KT918650    7.68%    passed     96.30%
 272  KT919068    7.68%    passed     96.30%
 273  MF168196    7.68%    passed     96.30%
 274  MF168014    7.68%    passed     96.30%
 275  MF168236    7.68%    passed     96.30%
 276  KT918551    7.68%    passed     97.38%
 277  KT919751    7.68%    passed     97.38%
 278  KT919233    7.68%    passed     95.19%
 279  KT919707    7.68%    passed     97.38%
 280  KT919927    7.68%    passed     97.38%
 281  KT918474    7.68%    passed     97.38%
 282  KT918925    7.68%    passed     95.19%
 283  KT918749    7.68%    passed     95.19%
 284  KT919663    7.68%    passed     95.19%
 285  KT918980    7.68%    passed     95.19%
 286  KT919960    7.68%    passed     95.19%
 287  KT919178    7.68%    passed     95.19%
 288  KT919090    7.68%    passed     95.19%
 289  KT919949    7.68%    passed     96.36%
 290  KT919465    7.68%    passed     93.72%
 291  KT919553    7.68%    passed     98.09%
 292  KT919894    7.68%    passed     97.38%
 293  MF168149    7.68%    passed     96.30%
 294  KT919872    7.68%    passed     98.80%
 295  KT918573    7.68%    passed     98.09%
 296  KT919718    7.68%    passed     97.38%
 297  KT918848    7.68%    passed     98.09%
 298  KT918969    7.68%    passed     96.32%
 299  MF167994    8.05%    passed     98.21%
 300  MF168091    8.43%    passed     99.68%
 301  KT919828    7.37%    passed     91.29%
 302  MF168114    6.32%    passed     92.23%
 303  KT919255    7.50%    passed     96.25%
 304  KT918617    6.94%    passed     96.96%
 305  KT919332    5.45%    passed     90.91%
 306  MF168141    5.45%    passed     89.54%
 307  MF168357    5.45%    passed     89.54%
 308  MF168254    6.32%    passed     91.36%
 309  MF168173    5.58%    passed     90.48%
 310  MF168309    6.38%    passed     92.31%
 311  KT919222    5.51%    passed     90.91%
 312  MF168079    8.12%    passed     98.02%
 313  MN067005    7.68%    passed     99.84%
 314  LC426758    8.49%    passed     96.30%
 315  LC367306    5.58%    passed     97.91%
 316  LC364353    5.58%    passed     97.91%
 317  LC374143    5.58%    passed     97.91%
 318  LC374154    5.76%    passed     98.88%
 319  LC374165    4.96%    passed     98.08%
 320  LC374198    4.96%    passed     98.89%
 321  LC374187    5.76%    passed     99.26%
 322  LC374209    5.51%    passed     92.29%
 323  LC374176    7.37%    passed     99.04%
 324  KT919035    7.62%    passed     98.37%
 325  MF469385    7.68%    passed     98.17%
 326  MF469272    7.68%    passed     98.17%
 327  MF469251    7.68%    passed     98.17%
 328  MF469099    7.74%    passed     98.56%
 329  MH171402    4.83%    passed     97.52%
 330  MH171404    4.83%    passed     97.85%
 331  MH171407    4.83%    passed     97.85%
 332  MN066749    7.50%    passed     99.38%
 333  KU360955   11.28%    passed     93.99%
 334  KU360958    6.94%    passed     99.42%
 335  KU360957    7.00%    passed     99.26%
 336  KU360954    9.05%    passed     99.64%
 337  KU360959   12.52%    passed     94.94%
 338  KP645339    9.85%    passed     98.68%
 339  KP645328    9.85%    passed     98.68%
 340  MZ095919   11.28%    passed     91.35%
 341  KP645273    9.85%    passed     84.58%
 342  KP645306    9.85%    passed     87.55%
 343  KP645295    9.85%    passed     89.00%
 344  LC600826    5.89%    passed     99.17%
 345  MZ097313   11.28%    passed     91.59%
 346  MZ096161   11.28%    passed     92.85%
 347  MZ096855   11.28%    passed     92.85%
 348  MZ096172   11.28%    passed     91.57%
 349  MZ096212   11.28%    passed     91.57%
 350  MZ096343   11.28%    passed     91.57%
 351  MZ096365   11.28%    passed     91.57%
 352  MZ096429   11.28%    passed     91.57%
 353  MZ096440   11.28%    passed     91.57%
 354  MZ096354   11.28%    passed     93.46%
 355  MZ096888   11.28%    passed     89.33%
 356  MZ096183   11.28%    passed     91.57%
 357  MZ096234   11.28%    passed     89.92%
 358  MZ096202   11.28%    passed     93.46%
 359  MZ096288   11.28%    passed     93.46%
 360  MZ096299   11.28%    passed     93.46%
 361  MZ096332   11.28%    passed     93.46%
 362  MZ096310   11.28%    passed     95.00%
 363  MZ096376   11.28%    passed     96.13%
 364  MZ096877   11.28%    passed     96.13%
 365  MZ096277   11.28%    passed     91.59%
 366  MZ096321   11.28%    passed     91.59%
 367  MZ096449   11.28%    passed     91.59%
 368  MZ096418   11.28%    passed     89.53%
 369  MZ096397   11.28%    passed     91.59%
 370  MZ096223   11.28%    passed     92.30%
 371  MZ096866   11.28%    passed     92.30%
 372  MZ096833   11.28%    passed     92.85%
 373  MZ096503   11.28%    passed     93.50%
 374  MZ096525   11.28%    passed     93.50%
 375  MZ096536   11.28%    passed     93.50%
 376  MZ096789   11.28%    passed     95.00%
 377  MZ096558   11.28%    passed     93.50%
 378  MZ096745   11.28%    passed     96.13%
 379  MZ096800   11.28%    passed     93.53%
 380  MZ096514   11.28%    passed     95.11%
 381  LC600837    5.20%    passed     98.64%
 382  LC600848    4.89%    passed     95.98%
 383  MZ096481   11.28%    passed     97.69%
 384  MZ096591   11.28%    passed     98.08%
 385  MZ096492   11.28%    passed     99.00%
 386  MZ096679   11.28%    passed     99.00%
 387  MZ096701   11.28%    passed     99.00%
 388  MZ096723   11.28%    passed     99.00%
 389  MZ096657   11.28%    passed     98.87%
 390  MZ096822   11.28%    passed     98.87%
 391  MZ096668   11.28%    passed     98.22%
 392  MZ096712   11.28%    passed     98.22%
 393  MZ096756   11.28%    passed     98.08%
 394  MZ096844   11.28%    passed     98.53%
 395  MZ096602   11.28%    passed     98.87%
 396  MZ096811   11.28%    passed     98.22%
 397  MZ096624   11.28%    passed     98.22%
 398  MZ096690   11.28%    passed     98.22%
 399  MZ096613   11.28%    passed     98.08%
 400  MZ096734   11.28%    passed     98.08%
 401  MZ096778   11.28%    passed     99.00%
 402  MZ096646   11.28%    passed     98.62%
 403  MZ096569   11.28%    passed     99.00%
 404  MZ096635   11.28%    passed     98.22%
 405  MZ096767   11.28%    passed     99.92%
 406  EU839966    4.89%    passed     98.18%
 407  EU839972    4.89%    passed     98.18%
 408  HQ670642    4.89%    passed     98.94%
 409  GU199509    4.83%    passed     98.59%
 410  LC173548    4.96%    passed     99.39%
 411  LC173555    4.96%    passed     99.39%
 412  LC173406    4.96%    passed     99.39%
 413  LC173549    4.83%    passed     98.72%
 414  LC173551    4.83%    passed     98.72%
 415  LC173553    4.83%    passed     98.72%
 416  LC173558    4.83%    passed     98.72%
 417  LC173562    4.83%    passed     98.72%
 418  LC173418    4.83%    passed     98.72%
 419  LC173554    5.70%    passed     99.13%
 420  LC173557    6.20%    passed     99.82%
 421  LC464105    4.96%    passed     98.79%
 422  LC468219    4.83%    passed     98.72%
 423  LC464116    5.51%    passed     93.41%
 424  LC468230    5.58%    passed     97.39%
 425  LC105198    6.57%    passed     95.89%
 426  LC105209    6.20%    passed     95.58%
 427  MK953596    9.98%    passed     99.83%
 428  KJ751928    7.68%    passed     99.96%
 429  KJ751686    7.68%    passed     99.96%
 430  KJ753744    7.68%    passed     99.96%
 431  KJ753221    7.68%    passed     99.96%
 432  KJ753733    7.68%    passed     99.94%
 433  KJ753014    7.68%    passed     99.98%
 434  KJ753687    7.68%    passed     99.92%
 435  HQ392401    7.81%    passed     99.83%
 436  JX027662    7.81%    passed     99.97%
 437  JX027756    7.81%    passed     99.97%
 438  HQ392258    7.81%    passed     99.87%
 439  JF490443    7.68%    passed     99.61%
 440  JF490095    7.68%    passed     99.88%
 441  JF490195    7.68%    passed     99.80%
 442  JF490173    7.68%    passed     99.88%
 443  JF490085    7.68%    passed     99.88%
 444  JX027832    7.68%    passed     99.73%
 445  JX027837    7.68%    passed     99.73%
 446  KJ559104    7.68%    passed     99.02%
 447  KJ626877    7.68%    passed     99.02%
 448  KJ627054    7.68%    passed     99.02%
 449  KJ627030    7.68%    passed     99.02%
 450  KJ627019    7.68%    passed     99.78%
 451  KJ626900    7.68%    passed     99.59%
 452  KJ627122    7.68%    passed     99.59%
 453  KJ626666    7.68%    passed     99.59%
 454  KJ626655    7.68%    passed     99.18%
 455  KJ627042    7.68%    passed     99.59%
 456  KJ626813    7.68%    passed     99.59%
 457  KJ559340    7.68%    passed     99.59%
 458  KJ626622    7.62%    passed     98.92%
 459  KJ752931    7.68%    passed     99.99%
 460  KP752861    7.68%    passed     99.61%
 461  JF490338   10.35%    passed     94.04%
 462  JF490206    7.68%    passed     99.86%
 463  JF490162    7.68%    passed     99.73%
 464  JF490250    7.68%    passed     99.73%
 465  JF490434    7.68%    passed     99.73%
 466  JF490415    7.68%    passed     99.73%
 467  JF490239    7.68%    passed     99.73%
 468  JF490536    7.74%    passed     99.87%
 469  JF490294    7.68%    passed     99.59%
 470  JF490272    7.68%    passed     99.59%
 471  JF490260    7.68%    passed     99.59%
 472  JF490321    7.68%    passed     99.92%
 473  JF490283    7.68%    passed     99.92%
 474  JF490305    7.68%    passed     99.59%
 475  JF490357    7.68%    passed     99.35%
 476  JF490228    7.74%    passed     99.87%
 477  JF490217    7.74%    passed     99.76%
 478  JF490553    8.24%    passed     99.97%
 479  JF490184    8.05%    passed     99.99%
 480  JF490327    7.68%    passed     99.25%
 481  KC769443    7.68%    passed     99.28%
 482  MN066828    7.56%    passed     99.67%
 483  MN067075    7.56%    passed     99.58%
 484  MN066941    7.56%    passed     99.98%
 485  MN067053    7.56%    passed     99.67%
 486  JN258833    8.05%    passed     99.96%
 487  KJ412750    7.68%    passed     99.07%
 488  KJ412650    7.68%    passed     99.56%
 489  KJ412581    7.68%    passed     99.56%
 490  KJ412604    7.68%    passed     99.56%
 491  KJ412825    7.68%    passed     99.56%
 492  KJ412626    7.68%    passed     99.70%
 493  KJ412781    7.68%    passed     99.92%
 494  KJ412515    7.68%    passed     99.92%
 495  KJ412759    7.68%    passed     99.92%
 496  KJ412661    7.68%    passed     99.92%
 497  KJ627133    7.68%    passed     99.73%
 498  KJ626866    7.68%    passed     99.66%
 499  KJ626791    7.68%    passed     99.93%
 500  KJ626633    7.68%    passed     99.93%
 501  KJ626911    7.68%    passed     99.98%
 502  KJ626677    7.68%    passed     99.98%
 503  KJ626508    7.68%    passed     99.98%
 504  KJ626577    7.68%    passed     99.82%
 505  KJ626644    7.68%    passed     99.59%
 506  KJ412548    7.68%    passed     99.99%
 507  KJ626802    7.68%    passed     99.99%
 508  KJ627073    7.68%    passed     99.88%
 509  KJ412859    7.68%    passed     99.74%
 510  KJ412683    7.68%    passed     99.74%
 511  KJ412889    7.68%    passed     99.74%
 512  KJ412738    7.68%    passed     99.74%
 513  KJ627084    7.68%    passed     99.49%
 514  JX027902    7.68%    passed     96.63%
 515  JX027914    7.68%    passed     96.63%
 516  JX027892    7.68%    passed     97.09%
 517  JX027870    7.68%    passed     99.12%
 518  KJ753153    7.68%    passed     98.68%
 519  KJ559221    7.68%    passed     99.78%
 520  GU199498    4.83%    passed     98.01%
 521  KF636141    7.68%    passed    100.00%
 522  KJ752635    7.68%    passed     99.99%
 523  KJ751873    7.68%    passed     99.92%
 524  KP753196    7.68%    passed    100.00%
 525  KJ752525    7.68%    passed     99.97%
 526  KJ752464    7.68%    passed     99.35%
 527  KP752929    7.68%    passed     97.44%
 528  KJ752378    7.68%    passed     99.99%
 529  KJ752290    7.68%    passed     99.60%
 530  KP752940    7.68%    passed     99.72%
 531  KJ870928    4.83%    passed     99.30%
 532  KJ870917    4.83%    passed     98.77%
 533  KX632271    4.83%    passed     97.93%
 534  KX655490    4.83%    passed     98.90%
 535  AB861951    4.77%    passed     99.19%
 536  AB861973    4.77%    passed     99.54%
 537  HQ670635    4.83%    passed     96.25%
 538  MG181332    4.77%    passed     90.81%
 539  MG181453    4.83%    passed     92.66%
 540  MG181464    4.83%    passed     92.97%
 541  MG181486    4.83%    passed     96.25%
 542  MG181475    4.83%    passed     94.09%
 543  KF636163    7.68%    passed     99.98%
 544  KF636262    7.68%    passed     99.98%
 545  KF636152    7.68%    passed     99.98%
 546  KP752666    7.68%    passed     99.98%
 547  KJ752255    7.68%    passed     99.88%
 548  KJ751829    7.68%    passed     99.93%
 549  KF636328    7.68%    passed     99.82%
 550  KJ753055    7.68%    passed     99.82%
 551  KP753012    7.68%    passed     99.73%
 552  KJ753113    7.68%    passed     99.08%
 553  KJ753795    7.68%    passed     99.88%
 554  HQ392115    7.81%    passed     99.99%
 555  HQ392379    7.68%    passed     99.99%
 556  HQ392291    7.68%    passed     99.97%
 557  KJ753046    7.68%    passed     99.92%
 558  JX027815    7.68%    passed     99.94%
 559  HQ392302    7.81%    passed     99.60%
 560  KJ752591    7.68%    passed     98.74%
 561  KJ751977    7.68%    passed     99.60%
 562  KJ752032    7.68%    passed     99.15%
 563  KJ751586    7.68%    passed     98.80%
 564  MF168169    5.58%    passed     92.33%
 565  MF168300    5.58%    passed     98.26%
 566  MF469204    6.38%    passed     94.72%
 567  LC368124    5.14%    passed     98.30%
 568  LC368102    6.26%    passed     97.06%
 569  LC372886    6.94%    passed     99.46%
 570  LC372875    5.51%    passed     97.26%
 571  LC372864    5.58%    passed     97.19%
 572  LC372908    5.58%    passed     97.99%
 573  LC368113    5.82%    passed     99.11%
 574  LC372919    7.37%    passed     99.80%
 575  LC372897    7.37%    passed     99.60%
 576  LC367262    7.37%    passed     99.60%
 577  LC368091    5.08%    passed     94.42%
 578  LC367273    5.27%    passed     98.33%
 579  LC372842    5.82%    passed     98.36%
 580  LC372853    5.82%    passed     96.56%
 581  KC193628    7.68%    passed     99.72%
 582  KJ753441    7.68%    passed     89.47%
 583  KJ752942    7.68%    passed     94.21%
 584  KJ753330    7.68%    passed     94.21%
 585  KJ753199    7.68%    passed     95.70%
 586  KJ752279    7.68%    passed     99.31%
 587  HQ392033    7.74%    passed     99.77%
 588  HQ392434    7.68%    passed     99.95%
 589  KC769344    7.68%    passed     99.16%
 590  HQ392099    8.18%    passed     99.02%
 591  HQ392024    8.18%    passed     99.50%
 592  KJ820886    7.68%    passed     99.60%
 593  KF372009    5.20%    passed     99.74%
 594  LC173524    4.83%    passed     99.74%
 595  LC173536    4.83%    passed     99.84%
 596  MN106155    4.83%    passed     99.98%
 597  MW384171    4.83%    passed     99.76%
 598  MW384270    4.83%    passed     99.95%
 599  MW384369    5.08%    passed     99.78%
 600  MW384391    5.08%    passed     99.77%
 601  MW384347    5.08%    passed     99.93%
 602  MW384303    5.27%    passed     99.93%
 603  LC173579    5.27%    passed     99.56%
 604  LC173580    5.14%    passed     99.70%
 605  JX027966    7.68%    passed     93.04%
 606  KC769476    7.68%    passed     93.04%
 607  JX027943    7.68%    passed     93.04%
 608  JX027947    7.68%    passed     93.04%
 609  JX027968    7.68%    passed     91.10%
 610  JN258925    7.68%    passed     94.25%
 611  KC769377    7.68%    passed     99.58%
 612  JF490360    8.05%    passed     98.48%
 613  JX027924    7.68%    passed     97.09%
 614  HQ392345    7.81%    passed     97.74%
 615  LC367284    5.58%    passed     90.95%
 616  LC374088    5.58%    passed     91.92%
 617  LC374077    5.58%    passed     90.95%
 618  LC374121    8.43%    passed     97.68%
 619  LC374099    6.57%    passed     94.11%
 620  LC367295    4.96%    passed     95.99%
 621  LC374055    4.96%    passed     91.81%
 622  LC374044    7.19%    passed     98.84%
 623  LC374066    7.37%    passed     96.94%
 624  LC374110    7.37%    passed     96.74%
 625  LC374033    7.37%    passed     96.74%
 626  GU199522    4.83%    passed     97.93%
 627  MH182447    4.83%    passed     99.78%
 628  MN417957    4.83%    passed     99.78%
 629  MH182450    5.08%    passed     99.76%
 630  MN417959    4.83%    passed     99.70%
 631  MN417958    4.83%    passed     99.70%
 632  JX027881    7.68%    passed     99.47%
 633  HQ392243    8.18%    passed     99.15%
 634  HQ392313    7.81%    passed     99.72%
 635  HQ392181    7.81%    passed     99.97%
 636  JF490107    7.68%    passed     99.29%
 637  JF490525    7.68%    passed     99.29%
 638  JF490118    7.68%    passed     99.29%
 639  JF490129    8.05%    passed     99.64%
 640  JN258821    7.68%    passed     98.60%
 641  KJ412705    7.68%    passed     99.85%
 642  JX027847    7.68%    passed     94.97%
 643  HQ392013    7.87%    passed     99.23%
 644  KF812765   11.28%    passed     99.33%
 645  KF812767   11.28%    passed     99.72%
 646  KF812766   11.28%    passed     99.93%
 647  KF812759   11.28%    passed     94.56%
 648  KF812761   11.28%    passed     95.98%
 649  KF812763   11.28%    passed     97.50%
 650  KF812760   11.28%    passed     99.65%
 651  KF812762   11.28%    passed     95.60%
 652  KF812764   11.28%    passed     99.66%
 653  KF636207    7.68%    passed     97.09%
 654  KF636185    7.68%    passed     97.09%
 655  KJ753188    7.68%    passed     97.09%
 656  KF636273    7.68%    passed     95.50%
 657  KF636229    7.68%    passed     95.50%
 658  KF636196    7.68%    passed     95.50%
 659  KF636174    7.68%    passed     95.50%
 660  KJ752975    7.68%    passed     98.09%
 661  KX362596   23.42%    passed     76.30%
 662  KX362968    7.93%    passed     99.62%
 663  KX362903    8.30%    passed     93.13%
 664  KX363111    5.02%    passed     94.57%
 665  KX363001    5.51%    passed     88.51%
 666  KX363067    5.02%    passed     89.90%
 667  KX363164    6.63%    passed     90.07%
 668  KX362957    8.18%    passed     94.69%
 669  KX363089    4.96%    passed     92.53%
 670  KX363240    5.64%    passed     91.27%
 671  KX362772    4.83%    passed     96.51%
 672  KX362979    4.83%    passed     96.51%
 673  KX363186    4.83%    passed     96.25%
 674  KX362930    4.83%    passed     96.25%
 675  KX363045    4.83%    passed     96.25%
 676  KX363100    4.83%    passed     96.25%
 677  KX363078    4.83%    passed     95.01%
 678  KX362990    5.95%    passed     96.32%
 679  KX363023    5.95%    passed     95.54%
 680  KX362892    5.45%    passed     95.49%
 681  KX362881    5.20%    passed     98.72%
 682  KX363255    5.95%    passed     97.11%
 683  KX363175   15.37%    passed     79.74%
 684  KX363203    5.95%    passed     94.15%
 685  KX363056    5.20%    passed     91.65%
 686  KX363299    6.26%    passed     96.74%
 687  KX362816    6.51%    passed     95.36%
 688  KX362607    6.38%    passed     96.74%
 689  KX362761    6.38%    passed     94.15%
 690  KX362870    8.55%    passed     99.90%
 691  KX362684    5.20%    passed     97.79%
 692  KX363271    8.98%    passed     87.58%
 693  KX363034    7.06%    passed     98.51%
 694  KX363224    8.67%    passed     99.20%
 695  KX363012   16.79%    passed     94.80%
 696  KX362945   18.84%    passed     96.54%
 697  KX363128   17.41%    passed     95.48%
 698  KX363142   15.37%    passed     99.78%
 699  KJ751818    7.68%    passed     98.72%
 700  KP753207    7.68%    passed     99.72%
 701  KJ094894    4.71%    passed     96.06%
 702  KJ094893    4.71%    passed     96.06%
 703  KJ094892    4.71%    passed     97.75%
 704  KJ094896    4.71%    passed     97.72%
 705  KJ094895    4.71%    passed     96.68%
 706  KF371846    5.20%    passed     97.36%
 707  KF371736    5.20%    passed     96.13%
 708  KF371868    5.20%    passed     96.21%
 709  KF371998    5.20%    passed     93.69%
 710  KF371835    5.20%    passed     98.23%
 711  KF371910    5.20%    passed     94.66%
 712  KF371747    5.20%    passed     96.07%
 713  KF371758    5.20%    passed     96.07%
 714  KF371791    5.20%    passed     96.63%
 715  KF371780    5.20%    passed     95.22%
 716  KJ583158   12.58%    passed     93.59%
 717  MH171406    4.83%    passed     94.23%
 718  MH171408    4.83%    passed     94.30%
 719  MN106154    4.83%    passed     98.40%
 720  LC173578    4.83%    passed     99.54%
 721  KT919498    7.56%    passed     99.85%
 722  KJ583169   12.39%    passed     93.58%
 723  HQ392334    7.81%    passed     99.74%
 724  MH171409    5.76%    passed     99.71%
 725  MH171410    6.32%    passed     98.78%
 726  MN066738    7.93%    passed     99.79%
 727  MN067116    7.68%    passed     99.99%
 728  MH002246   13.63%    passed     81.82%
 729  LC105440    6.20%    passed     97.44%
 730  MG181497    4.83%    passed     84.59%
 731  MG181552    4.83%    passed     84.59%
 732  MG181519    4.83%    passed     87.63%
 733  MG181530    4.83%    passed     76.93%
 734  MG181541    4.83%    passed     89.56%
 735  MG181563    4.83%    passed     89.56%
 736  MG181508    4.83%    passed     82.46%
 737  KF812758   11.28%    passed     96.85%
 738  KF812757   11.28%    passed     98.48%
 739  KF812756   11.28%    passed     95.03%
 740  KF812755   11.28%    passed     93.52%
 741  KX778485    9.79%    passed     83.06%
 742  KX778480    9.79%    passed     91.72%
 743  KX778477    9.79%    passed     90.40%
 744  KX778486    9.79%    passed     88.98%
 745  KX778479    9.79%    passed     86.89%
 746  LC173550    4.89%    passed     99.97%
 747  LC173552    4.83%    passed     99.98%
 748  LC173556    4.83%    passed    100.00%
 749  LC173560    4.83%    passed    100.00%
 750  LC173561    4.83%    passed    100.00%
 751  LC173566    4.83%    passed    100.00%
 752  LC173564    5.45%    passed     99.98%
 753  LC173563    6.38%    passed     99.33%
 754  LC173577    4.83%    passed     99.33%
 755  MN106156    4.83%    passed     99.44%
 756  MN106158    4.83%    passed     99.80%
 757  LC688296    4.83%    passed     99.78%
 758  MZ165379    4.83%    passed     99.80%
 759  MZ165380    4.83%    passed     99.80%
 760  MZ165370    4.83%    passed     99.80%
 761  MZ165371    4.83%    passed     99.80%
 762  MZ165372    4.83%    passed     99.80%
 763  MZ165373    4.83%    passed     99.80%
 764  MZ165374    4.83%    passed     99.80%
 765  MZ165375    4.83%    passed     99.78%
 766  MZ165376    4.83%    passed     99.78%
 767  MZ165377    4.83%    passed     98.22%
 768  MZ165378    4.83%    passed     98.22%
 769  MW384237    4.83%    passed     99.36%
 770  MW383973    4.83%    passed     99.92%
 771  MW384028    4.83%    passed     99.92%
 772  MW384160    4.83%    passed     99.95%
 773  MW384017    4.83%    passed     99.79%
 774  MW384072    4.83%    passed     99.78%
 775  MW384105    4.83%    passed     99.78%
 776  MW384182    4.83%    passed     99.79%
 777  MW384193    4.83%    passed     99.78%
 778  MW384006    4.83%    passed     99.46%
 779  MW384094    4.83%    passed     99.79%
 780  MW384204    4.83%    passed     99.79%
 781  MW384259    4.83%    passed     99.46%
 782  MW384215    4.83%    passed     99.38%
 783  MW384248    4.83%    passed     99.51%
 784  MW383995    4.83%    passed     99.95%
 785  MW384050    4.83%    passed     99.95%
 786  MW384061    4.83%    passed     99.95%
 787  MW384039    4.83%    passed     99.78%
 788  MN106157    4.83%    passed     99.66%
 789  MW384358    5.08%    passed     99.85%
 790  MW384380    5.08%    passed     99.98%
 791  MW384336    5.08%    passed     99.98%
 792  MW384314    5.08%    passed     99.96%
 793  MW384325    5.08%    passed     99.96%
 794  MW384402    5.08%    passed     97.67%
 795  KX778484    9.79%    passed     93.82%
 796  KX778481    9.79%    passed     95.61%
 797  KX778488    9.79%    passed     93.28%
 798  KX778487    9.79%    passed     94.59%
 799  KX778483    9.79%    passed     96.43%
 800  KX778478    9.79%    passed     94.78%
 801  LC173415    4.83%    passed     98.31%
 802  LC173508    4.83%    passed     99.34%
 803  LC173509    4.83%    passed     99.34%
 804  LC173513    4.83%    passed     99.34%
 805  LC173515    4.83%    passed     99.34%
 806  LC173520    4.83%    passed     99.34%
 807  LC173500    4.83%    passed     99.34%
 808  LC173501    4.83%    passed     99.34%
 809  LC173503    4.83%    passed     99.34%
 810  LC173505    4.83%    passed     99.34%
 811  LC173497    4.83%    passed     99.75%
 812  LC173504    4.83%    passed     98.62%
 813  LC173516    4.83%    passed     98.81%
 814  LC173499    4.83%    passed     98.77%
 815  LC173506    5.45%    passed     99.69%
 816  LC173492    5.45%    passed     99.69%
 817  LC173511    4.89%    passed     99.66%
 818  LC173514    4.89%    passed     99.66%
 819  LC173521    5.14%    passed     99.78%
 820  LC173507    6.13%    passed     99.81%
 821  LC173518    4.96%    passed     99.66%
 822  LC173519    4.96%    passed     99.84%
 823  LC173510    7.37%    passed     98.91%
 824  LC173494    7.74%    passed     98.74%
 825  LC173517    5.70%    passed     99.50%
 826  LC173493    5.58%    passed     99.31%
 827  MW384226    4.83%    passed     99.33%
 828  MW384281    4.83%    passed     97.99%
 829  LC105266    6.20%    passed     98.55%
 830  LC105298    6.20%    passed     98.55%
 831  LC105320    6.20%    passed     98.55%
 832  LC105331    6.20%    passed     98.55%
 833  LC105353    6.51%    passed     97.59%
 834  LC105342    6.94%    passed     98.75%
 835  LC105276    9.11%    passed     99.65%
 836  LC105309    8.43%    passed     98.72%
 837  LC173573    4.83%    passed     98.31%
 838  KX778482    9.79%    passed     90.78%
 839  LC105220    7.37%    passed     98.85%
 840  LC105364    6.20%    passed     98.35%
 841  LC105094    6.20%    passed     98.95%
 842  LC105418    6.20%    passed     98.95%
 843  LC105375    6.69%    passed     97.70%
 844  LC105406    6.69%    passed     98.93%
 845  LC105506    6.69%    passed     99.38%
 846  LC105017    5.33%    passed     98.45%
 847  LC105050    5.33%    passed     98.45%
 848  LC105039    5.33%    passed     98.45%
 849  LC105061    5.33%    passed     98.45%
 850  LC105451    6.20%    passed     95.54%
 851  LC105462    6.20%    passed     95.54%
 852  LC105495    6.20%    passed     95.54%
 853  LC105528    6.20%    passed     95.54%
 854  LC105484    6.20%    passed     95.54%
 855  LC105517    6.26%    passed     95.92%
 856  LC105473    7.25%    passed     93.91%
 857  LC173400    4.83%    passed     96.05%
 858  LC173409    4.83%    passed     96.05%
 859  LC173413    4.83%    passed     96.05%
 860  LC173414    4.83%    passed     96.05%
 861  LC173416    4.83%    passed     96.05%
 862  LC173399    4.83%    passed     96.82%
 863  LC173417    4.83%    passed     97.25%
 864  LC173411    4.83%    passed     96.37%
 865  LC173405    4.89%    passed     96.98%
 866  MN106159    4.83%    passed     92.45%
 867  MN529648   10.22%    passed     90.63%
 868  MN529649   10.22%    passed     90.63%
 869  MN529650   10.22%    passed     90.63%
 870  KJ753077    7.68%    passed     99.56%
 871  KP752748    7.68%    passed     99.77%
 872  MZ094792   11.28%    passed     92.32%
 873  MZ094824   11.28%    passed     92.32%
 874  MZ094835   11.28%    passed     92.32%
 875  MZ094857   11.28%    passed     92.32%
 876  MZ094738   11.28%    passed     92.32%
 877  MZ097009   11.28%    passed     92.32%
 878  MZ097031   11.28%    passed     92.32%
 879  MZ094595   11.28%    passed     89.62%
 880  MZ094900   11.28%    passed     89.76%
 881  MZ094944   11.28%    passed     89.76%
 882  MZ094463   11.28%    passed     89.76%
 883  MZ094562   11.28%    passed     89.76%
 884  MZ094988   11.28%    passed     89.34%
 885  MZ094452   11.28%    passed     89.34%
 886  MZ093809   11.28%    passed     89.34%
 887  MZ094672   11.28%    passed     89.34%
 888  MZ095307   11.28%    passed     86.27%
 889  MZ095252   11.28%    passed     89.28%
 890  MZ095263   11.28%    passed     88.66%
 891  MZ095296   11.28%    passed     93.72%
 892  MZ094803   11.28%    passed     84.53%
 893  MZ094683   11.28%    passed     85.54%
 894  MZ095032   11.28%    passed     86.87%
 895  MZ095076   11.28%    passed     91.95%
 896  MZ095393   11.28%    passed     89.76%
 897  MZ095316   11.28%    passed     96.58%
 898  MZ095327   11.28%    passed     96.58%
 899  MZ095131   11.28%    passed     84.53%
 900  MZ095219   11.28%    passed     84.53%
 901  MZ097086   11.28%    passed     84.53%
 902  MZ095197   11.28%    passed     85.54%
 903  MZ097020   11.28%    passed     93.72%
 904  MZ093895   11.28%    passed     91.73%
 905  MZ094813   11.28%    passed     86.71%
 906  MZ097053   11.28%    passed     86.71%
 907  MZ094955   11.28%    passed     89.76%
 908  MZ094496   11.28%    passed     89.76%
 909  MZ094507   11.28%    passed     89.76%
 910  MZ094529   11.28%    passed     89.76%
 911  MZ094551   11.28%    passed     89.76%
 912  MZ094573   11.28%    passed     89.76%
 913  MZ094617   11.28%    passed     89.76%
 914  MZ094650   11.28%    passed     89.76%
 915  MZ094661   11.28%    passed     89.76%
 916  MZ094727   11.28%    passed     89.76%
 917  MZ094771   11.28%    passed     89.76%
 918  MZ094781   11.28%    passed     89.76%
 919  MZ094889   11.28%    passed     86.71%
 920  MZ094911   11.28%    passed     92.36%
 921  MZ094922   11.28%    passed     92.36%
 922  MZ094933   11.28%    passed     92.36%
 923  MZ094540   11.28%    passed     92.36%
 924  MZ095010   11.28%    passed     92.36%
 925  MZ094628   11.28%    passed     92.36%
 926  MZ094999   11.28%    passed     88.63%
 927  MZ094716   11.28%    passed     89.34%
 928  MZ095021   11.28%    passed     86.71%
 929  MZ095043   11.28%    passed     86.71%
 930  MZ095054   11.28%    passed     86.71%
 931  MZ095087   11.28%    passed     86.71%
 932  MZ095230   11.28%    passed     86.71%
 933  MZ095065   11.28%    passed     83.22%
 934  MZ095208   11.28%    passed     86.71%
 935  MZ095274   11.28%    passed     89.76%
 936  MZ094441   11.28%    passed     89.92%
 937  MZ094639   11.28%    passed     89.76%
 938  MZ097064   11.28%    passed     86.71%
 939  MZ095098   11.28%    passed     83.22%
 940  MZ095120   11.28%    passed     89.76%
 941  MZ094977   11.28%    passed     82.77%
 942  MZ095175   11.28%    passed     89.34%
 943  MZ095338   11.28%    passed     89.62%
 944  MZ096899   11.28%    passed     86.87%
 945  MZ095241   11.28%    passed     96.17%
 946  MZ095285   11.28%    passed     96.17%
 947  MZ094868   11.46%    passed     90.64%
 948  MZ097042   11.46%    passed     93.10%
 949  MZ094749   18.53%    passed     77.88%
 950  MZ093799   11.28%    passed     86.27%
 951  MZ093864   11.28%    passed     85.54%
 952  MZ094694   20.38%    passed     53.28%
 953  MZ094474   11.28%    passed     79.85%
 954  MZ094584   11.28%    passed     75.67%
 955  MZ094606   12.21%    passed     88.80%
 956  MZ095109   14.81%    passed     76.07%
 957  MZ094966   11.28%    passed     95.39%
 958  KJ751752    7.68%    passed     98.72%
 959  KX632315    4.83%    passed     94.92%
 960  KX632326    4.77%    passed     94.78%
 961  KX632304    4.83%    passed     94.25%
 962  KX632293    4.83%    passed     90.29%
 963  KX632249    4.83%    passed     90.29%
 964  MZ093946   11.28%    passed     94.54%
 965  MZ094879   12.39%    passed     90.87%
 966  MZ094485   11.28%    passed     83.04%
 967  JX509930    7.68%    passed     99.39%
 968  FJ747620    6.01%    passed     99.06%
 969  EU984098    4.89%    passed     96.52%
 970  KT919112    7.68%    passed     94.81%
 971  MF168123    6.69%    passed     92.33%
 972  MF168061    8.30%    passed     97.06%
 973  KF636218    7.68%    passed     96.09%
 974  KP752737    7.68%    passed     96.09%
 975  KJ752558    7.68%    passed     97.25%
 976  KJ753232    7.68%    passed     97.25%
 977  KJ753577    7.68%    passed     97.25%
 978  KJ753088    7.68%    passed     97.25%
 979  KJ753771    7.68%    passed     97.25%
 980  KJ752896    7.68%    passed     97.25%
 981  KJ753298    7.68%    passed     97.25%
 982  KJ753611    7.68%    passed     96.28%
 983  KJ753669    7.68%    passed     96.09%
 984  KJ752411    7.68%    passed     95.93%
 985  KP752421    7.68%    passed     94.09%
 986  KJ752964    7.68%    passed     95.93%
 987  KJ752953    7.68%    passed     96.76%
 988  KJ752492    7.68%    passed     93.22%
 989  KJ753243    7.68%    passed     95.21%
 990  KJ752422    7.68%    passed     93.22%
 991  KJ753496    7.68%    passed     93.22%
 992  KJ753760    7.68%    passed     93.22%
 993  KJ752323    7.68%    passed     93.85%
 994  KJ753836    7.68%    passed     93.85%
 995  KJ753254    7.68%    passed     89.02%
 996  KJ752536    7.68%    passed     97.71%
 997  KJ753507    7.68%    passed     94.23%
 998  KC443571    7.68%    passed     94.38%
 999  JN258854    7.68%    passed     92.52%
1000  KJ751763    7.68%    passed     96.76%
1001  KC193618    7.68%    passed     89.02%
1002  KJ559199    7.68%    passed     96.34%
1003  KJ559351    7.68%    passed     96.34%
1004  KJ626836    7.68%    passed     96.34%
1005  KJ559362    7.68%    passed     96.34%
1006  KJ627106    7.68%    passed     96.34%
1007  KJ559329    7.68%    passed     94.23%
1008  KJ559232    7.68%    passed     93.85%
1009  KJ559266    7.68%    passed     93.85%
1010  KJ627144    7.68%    passed     95.79%
1011  KJ559120    7.68%    passed     95.79%
1012  KJ559384    7.68%    passed     95.79%
1013  KJ559285    7.68%    passed     94.54%
1014  KJ559255    7.68%    passed     97.71%
1015  KJ559318    7.68%    passed     97.71%
1016  KJ626519    7.68%    passed     91.92%
1017  KJ559143    7.68%    passed     87.14%
1018  KJ559103    7.68%    passed     87.26%
1019  KJ559296    7.68%    passed     94.49%
1020  MG181343    4.83%    passed     88.15%
1021  MG181354    4.83%    passed     88.15%
1022  MG181409    4.83%    passed     88.15%
1023  MG181442    4.83%    passed     92.00%
1024  MG181376    4.83%    passed     90.40%
1025  MG181420    4.83%    passed     90.31%
1026  MG181431    4.83%    passed     88.45%
1027  KJ752624    7.68%    passed     97.09%
1028  HQ392392    7.68%    passed     95.93%
1029  KC193607    7.81%    passed     97.91%
1030  HQ392001    7.68%    passed     95.78%
1031  HQ392210    7.81%    passed     99.26%
1032  KC195762    7.68%    passed     98.42%
1033  HQ392445    7.68%    passed     96.93%
1034  JN258944    7.68%    passed     99.47%
1035  HQ392454    9.11%    passed     99.72%
1036  HQ392214    7.81%    passed     97.94%
1037  HQ392174    7.81%    passed     96.88%
1038  HQ392143    7.81%    passed     96.88%
1039  HQ392191    7.81%    passed     96.55%
1040  HQ392225    7.81%    passed     99.02%
1041  HQ392131    7.81%    passed     98.26%
1042  HQ392087    7.81%    passed     98.26%
1043  HQ392103    7.81%    passed     99.11%
1044  HQ392323    8.18%    passed     98.54%
1045  HQ392357    8.18%    passed     99.74%
1046  HQ392269    7.68%    passed     98.37%
1047  JN258907    7.74%    passed     94.26%
1048  MH171411    4.83%    passed     99.11%
1049  MH171412    4.83%    passed     96.06%
1050  KC195764    7.68%    passed     98.68%
1051  HQ392037    7.81%    passed     99.41%
1052  HQ392063    8.18%    passed     99.98%
1053  JN258914    7.68%    passed     84.94%
1054  KP752632    7.68%    passed     98.89%
1055  KU360956    9.29%    passed     99.98%
1056  KP645284    9.85%    passed     98.47%
1057  KP645262    9.85%    passed     97.62%
1058  KP645317    9.85%    passed     97.62%
1059  MZ094430   11.28%    passed     90.94%
1060  JN258887    7.68%    passed     89.02%
1061  JN258801    7.81%    passed     91.48%
1062  MG181387    4.83%    passed     93.54%
1063  KY634766   31.04%    passed     76.14%
1064  KY634755   21.93%    passed     51.62%
1065  KY634692   11.59%    passed     88.81%
1066  KY634589   11.46%    passed     94.88%
1067  KY634578   15.99%    passed     96.15%
1068  KY634534   11.03%    passed     94.92%
1069  KY634600   11.03%    passed     92.62%
1070  KY634648   11.03%    passed     94.63%
1071  KY634567   15.49%    passed     92.96%
1072  KY634617   14.68%    passed     89.74%
1073  KY634556   13.82%    passed     96.15%
1074  KY634545   14.31%    passed     93.25%
1075  KY634820   16.73%    passed     94.84%
1076  JN258951    7.68%    passed     80.38%
1077  KJ627107    7.68%    passed     93.16%
1078  KC769366   12.70%    passed     70.88%
1079  JQ087429    7.00%    passed     96.83%
1080  JQ087440    7.00%    passed     95.12%
1081  KF371921    5.27%    passed     95.00%
1082  KF371954    5.27%    passed     95.32%
1083  KF371890    5.27%    passed     95.32%
1084  KF371900    5.27%    passed     98.59%
1085  KF371987    5.27%    passed     95.23%
1086  KF371813    5.27%    passed     99.46%
1087  KF371802    5.27%    passed     99.13%
1088  KF371824    5.27%    passed     94.49%
1089  KF371725    5.27%    passed     95.32%
1090  KF371693    4.83%    passed     97.80%
1091  KF371672    4.83%    passed     97.80%
1092  KF371683    4.83%    passed     96.93%
1093  HQ392166    8.24%    passed     84.43%
1094  JF490514    7.74%    passed     95.40%
1095  JX027691    7.74%    passed     94.09%
1096  KP752511    7.74%    passed     96.86%
1097  JX027713    6.57%    passed     95.59%
1098  KJ753656    7.74%    passed     91.66%
1099  JX027866    9.98%    passed     85.03%
1100  KJ753164    7.74%    passed     94.55%
1101  KJ753176    7.74%    passed     93.01%
1102  KF371943    5.27%    passed     99.77%
1103  KF371857    5.27%    passed     99.43%
1104  LC173538    4.89%    passed     99.29%
1105  LC173545    4.89%    passed     99.29%
1106  LC173528    4.89%    passed     99.57%
1107  LC173533    4.89%    passed     99.29%
1108  LC173565    4.89%    passed     99.57%
1109  LC173541    4.89%    passed     99.29%
1110  LC173586    4.89%    passed     98.59%
1111  LC173585    5.02%    passed     98.54%
1112  LC173477    4.89%    passed     99.29%
1113  LC173445    4.89%    passed     99.29%
1114  MN106153    4.89%    passed     99.79%
1115  MW384149    4.89%    passed     99.00%
1116  MW384116    4.89%    passed     99.00%
1117  MW384127    4.89%    passed     99.00%
1118  MW384138    4.89%    passed     99.00%
1119  MW383984    4.89%    passed     99.00%
1120  MW384083    4.89%    passed     99.00%
1121  KF371769    5.27%    passed     96.75%
1122  KF726050    5.27%    passed     98.97%
1123  KT919057    7.68%    passed     96.15%
1124  MF469436    6.94%    passed     94.96%
1125  MF469426    6.94%    passed     94.96%
1126  MF469357    6.94%    passed     94.96%
1127  MF469088    6.94%    passed     94.96%
1128  MF469306    6.94%    passed     94.96%
1129  MF469295    6.94%    passed     94.96%
1130  MF469235    6.94%    passed     94.96%
1131  MF469184    6.94%    passed     94.96%
1132  MF469163    6.94%    passed     94.96%
1133  MF469415    6.94%    passed     94.96%
1134  MF469367    6.94%    passed     94.96%
1135  MF469316    6.94%    passed     94.96%
1136  MF469152    6.94%    passed     94.96%
1137  MF469326    6.94%    passed     89.74%
1138  MF469225    6.94%    passed     90.38%
1139  MF469407    7.62%    passed     95.15%
1140  MF469347    7.74%    passed     93.75%
1141  MF469283    7.74%    passed     93.75%
1142  MF469246    7.74%    passed     93.75%
1143  MW384292    5.08%    passed     99.46%
1144  KF371879    5.27%    passed     93.79%
1145  KF371932    5.27%    passed     95.52%
1146  KF371976    5.27%    passed     93.58%
1147  KF371662    4.83%    passed     89.73%
1148  KJ583147   12.58%    passed     62.06%
1149  KJ583136   12.39%    passed     59.20%
1150  AB714262   11.28%    passed     71.01%
1151  JQ087451    7.00%    passed     85.54%
1152  JQ898157    9.48%    passed     83.31%
1153  KJ820842    7.68%    passed     87.22%
1154  KJ820875    7.68%    passed     87.22%
1155  JX027726    7.68%    passed     97.61%
1156  JX027651    7.68%    passed     97.61%
1157  JF490503    7.68%    passed     97.81%
1158  JX027793    7.68%    passed     96.59%
1159  JX027760    7.68%    passed     96.59%
1160  KC769454    7.68%    passed     96.59%
1161  KC769432    7.68%    passed     95.72%
1162  JF490481    7.68%    passed     97.61%
1163  JF490448    7.68%    passed     97.81%
1164  JF490382    7.74%    passed     98.69%
1165  JF490459    8.05%    passed     96.00%
1166  JF490371    8.05%    passed     94.93%
1167  JX027644    8.05%    passed     93.85%
1168  JX027721    8.05%    passed     92.59%
1169  JX027672    8.49%    passed     90.64%
1170  JF490393    8.67%    passed     93.62%
1171  JF490470   10.22%    passed     76.69%
1172  JN258862    7.68%    passed     96.73%
1173  JF490495   10.16%    passed     78.45%
1174  HQ392071    7.74%    passed     97.25%
1175  JN258892    8.49%    passed     92.08%
1176  JN258878    6.51%    passed     99.71%
1177  HQ392154    8.18%    passed     90.22%
1178  KC769322   11.28%    passed     63.85%
1179  HQ392368    7.68%    passed     89.97%
1180  JN258810    9.98%    passed     70.37%
1181  JN258790    6.51%    passed     98.15%
1182  KJ626610    7.68%    passed     94.48%
1183  KJ559035    7.68%    passed     96.22%
1184  HQ392280    7.68%    passed     97.46%
1185  JX027770    7.68%    passed     94.05%
1186  KC769399    7.74%    passed     93.90%
1187  KC769421    7.68%    passed     93.22%
1188  KC769300    7.68%    passed     93.22%
1189  KC769410    7.68%    passed     93.22%
1190  JX027782    7.68%    passed     94.57%
1191  JX027695    7.68%    passed     92.54%
1192  JX027738    7.68%    passed     92.54%
1193  KJ626735    7.68%    passed     98.83%
1194  KJ627095    7.68%    passed     98.48%
1195  KJ626688    7.68%    passed     98.48%
1196  KJ626922    7.68%    passed     98.48%
1197  KJ626497    7.68%    passed     97.51%
1198  KJ626530    7.68%    passed     98.48%
1199  KJ626757    7.68%    passed     99.14%
1200  KJ627053    7.68%    passed     96.22%
1201  KJ626780    7.68%    passed     95.99%
1202  KJ626971    7.68%    passed     98.26%
1203  KJ626554    7.68%    passed     98.83%
1204  JF490410    8.05%    passed     90.03%
1205  JX027811    8.05%    passed     92.53%
1206  KJ626588    7.68%    passed     96.22%
1207  HQ392247    7.81%    passed     98.21%
1208  HQ392048    7.87%    passed     93.40%
1209  KC769311   11.28%    passed     77.65%
1210  KC769388    8.67%    passed     92.53%
1211  HQ392412    7.68%    passed     99.95%
1212  MF469215    7.68%    passed     99.90%
1213  LC028936   12.08%    passed     92.94%
1214  KY657892   11.46%    passed     89.34%
1215  KY657893   11.46%    passed     87.59%
1216  KY657888   11.46%    failed      0.16%
1217  KY657890   11.46%    failed      3.04%
1218  KY657891   11.46%    passed     15.49%
1219  KY657889   11.46%    failed      0.00%
1220  JF490151    7.68%    passed     97.88%
1221  KF371714    5.20%    passed     96.01%
1222  KF371703    5.20%    passed     97.02%
1223  KF371965    5.20%    passed     97.02%
1224  MG181233    4.96%    passed     96.43%
1225  MG181255    4.96%    passed     96.43%
1226  KY657900   11.46%    failed      0.00%
1227  KY657901   11.46%    failed      0.00%
1228  KY657902   11.46%    failed      0.00%
1229  KY657903   11.46%    failed      2.56%
1230  KY657905   11.46%    passed     94.53%
1231  KY657904   11.46%    passed     43.22%
1232  JF490140    8.18%    passed     96.83%
1233  HQ127389    8.55%    passed     99.55%
1234  KJ626699    7.68%    passed     97.90%
1235  KU714439    4.83%    passed     97.66%
1236  KY657894   11.46%    passed     95.45%
1237  KY657898   11.46%    passed     36.52%
1238  KY657899   11.46%    passed     80.47%
1239  KY657895   11.46%    failed      0.49%
1240  KY657897   11.46%    failed      4.76%
1241  KY657896   11.46%    failed      0.01%
1242  MK953590    9.98%    passed     85.88%
1243  MK953597    9.98%    passed     85.88%
1244  MK953592    9.98%    passed     90.38%
1245  MK953594    9.98%    passed     85.88%
1246  KJ751999    7.68%    passed     82.13%
1247  KP752785    8.18%    passed     71.22%
1248  JN258845    8.05%    passed     79.01%
1249  MG181937    4.83%    passed     87.75%
1250  MG181244    4.83%    passed     83.02%
1251  MG181266    4.83%    passed     87.41%
1252  MG181365    4.83%    passed     77.30%
1253  MG181398    4.83%    passed     76.83%
1254  MG181288    4.83%    passed     86.32%
1255  MG181299    4.83%    passed     82.26%
1256  MG181310    4.83%    passed     82.26%
1257  MG181277    4.83%    passed     80.14%
1258  HQ127388    8.55%    passed     73.31%
1259  HQ127387    8.55%    passed     78.87%
1260  HQ127385    8.55%    passed     78.87%
1261  HQ127384    8.55%    passed     78.87%
1262  HQ127386    8.55%    passed     78.87%
1263  KX632348    4.83%    passed     13.99%
1264  KC174970    8.24%    passed     99.45%
1265  KC175110    8.24%    passed     99.45%
1266  KC175253    8.24%    passed     99.45%
1267  KC175187    8.24%    passed     99.45%
1268  KC175242    8.24%    passed     99.45%
1269  KC175143    8.24%    passed     99.45%
1270  KC175176    8.24%    passed     99.45%
1271  KC175056    8.24%    passed     99.45%
1272  KC175132    8.24%    passed     99.45%
1273  KC175034    8.24%    passed     99.18%
1274  KC174991    7.13%    passed     99.73%
1275  KC175198    8.30%    passed     99.06%
1276  KC175100    8.30%    passed     99.06%
1277  KC175001    6.94%    passed     99.28%
1278  KC174938    6.94%    passed     99.28%
1279  KC174949    6.94%    passed     99.28%
1280  KC175154    6.94%    passed     99.28%
1281  KC174960    6.94%    passed     99.28%
1282  KC175165    6.94%    passed     99.28%
1283  KC174905    6.94%    passed     99.28%
1284  KC175012    6.94%    passed     98.95%
1285  KC175045    6.94%    passed     98.60%
1286  KC174916    8.24%    passed     99.81%
1287  KC175023    8.18%    passed     99.48%
1288  KC175209    5.89%    passed     99.84%
1289  KC174927    5.89%    passed     99.84%
1290  KC175275    5.95%    passed     99.98%
1291  KC175231    5.95%    passed     99.84%
1292  KC175220    7.19%    passed     99.36%
1293  KC175067    7.06%    passed     99.45%
1294  KC175121    7.37%    passed     98.97%
1295  KC174894    8.24%    passed     98.03%
1296  KC174872    7.06%    passed     98.88%
1297  KC174883    7.06%    passed     98.88%
1298  KC174861    7.06%    passed     98.88%
1299  KC175078    6.94%    passed     97.28%
1300  KC175264    5.95%    passed     99.39%
1301  KC175089    7.00%    passed     99.46%
1302  MN066760    7.43%    passed     91.20%
1303  KC174980    6.38%    passed     99.16%
1304  KJ870906    4.83%    passed     44.96%
1305  JX040427    7.87%    passed     93.48%
1306  KJ501688   11.34%    passed     60.34%
1307  GU189555    4.89%    passed     65.09%
1308  KF726061    5.20%    passed     37.32%
1309  LC600815    5.39%    passed     86.01%
****  TOTAL       8.00%  10 sequences failed composition chi2 test (p-value<5%; df=3)
NOTE: MN067105 is identical to MN067149 but kept for subsequent analysis
NOTE: MZ097291 is identical to MZ097119 but kept for subsequent analysis
NOTE: MZ095503 is identical to MZ095360 but kept for subsequent analysis
NOTE: MZ095677 is identical to MZ095590 but kept for subsequent analysis
NOTE: MZ095525 is identical to MZ095831 but kept for subsequent analysis
NOTE: MZ095481 is identical to MZ095470 but kept for subsequent analysis
NOTE: MZ095743 is identical to MZ095514 but kept for subsequent analysis
NOTE: MZ095404 is identical to MZ095371 but kept for subsequent analysis
NOTE: MZ095809 is identical to MZ095765 but kept for subsequent analysis
NOTE: MZ095459 is identical to MZ095415 but kept for subsequent analysis
NOTE: MZ095382 is identical to MZ095349 but kept for subsequent analysis
NOTE: MZ097302 is identical to MZ097280 but kept for subsequent analysis
NOTE: MZ097152 is identical to MZ097141 but kept for subsequent analysis
NOTE: KJ752580 is identical to KJ753566 but kept for subsequent analysis
NOTE: MN066977 is identical to MN066767 but kept for subsequent analysis
NOTE: KJ753452 is identical to KJ752167 but kept for subsequent analysis
NOTE: KJ753374 is identical to KJ752222 but kept for subsequent analysis
NOTE: KJ412727 is identical to KJ412694 but kept for subsequent analysis
NOTE: KT919806 is identical to KT918881 but kept for subsequent analysis
NOTE: KT918518 is identical to KT918958 but kept for subsequent analysis
NOTE: KT918430 is identical to KT919476 but kept for subsequent analysis
NOTE: KT919850 is identical to KT919652 but kept for subsequent analysis
NOTE: MF168041 is identical to KT918683 but kept for subsequent analysis
NOTE: KT919134 is identical to KT919321 but kept for subsequent analysis
NOTE: KT919509 is identical to KT918628 but kept for subsequent analysis
NOTE: MH171403 is identical to MH171417 but kept for subsequent analysis
NOTE: KP753151 is identical to KP753241 but kept for subsequent analysis
NOTE: MF168206 is identical to KT919685 but kept for subsequent analysis
NOTE: KT919454 is identical to KT918892 but kept for subsequent analysis
NOTE: MF469193 is identical to MF469109 but kept for subsequent analysis
NOTE: KT919409 is identical to KT919795 but kept for subsequent analysis
NOTE: MF168277 is identical to KT919046 but kept for subsequent analysis
NOTE: KT919608 is identical to KT919883 but kept for subsequent analysis
NOTE: KT918540 is identical to KT919641 but kept for subsequent analysis
NOTE: MF168293 is identical to KT919597 but kept for subsequent analysis
NOTE: MZ093682 is identical to MZ093663 but kept for subsequent analysis
NOTE: MZ093853 is identical to MZ093820 but kept for subsequent analysis
NOTE: KT919905 is identical to KT919024 but kept for subsequent analysis
NOTE: KT919013 is identical to KT919762 but kept for subsequent analysis
NOTE: KT919674 is identical to KT919696 but kept for subsequent analysis
NOTE: KT919751 is identical to KT918551 but kept for subsequent analysis
NOTE: KT919927 is identical to KT919707 but kept for subsequent analysis
NOTE: KT918749 is identical to KT918925 but kept for subsequent analysis
NOTE: KT918980 is identical to KT919663 but kept for subsequent analysis
NOTE: KT919090 is identical to KT919178 but kept for subsequent analysis
NOTE: MF168357 is identical to MF168141 but kept for subsequent analysis
NOTE: LC374143 is identical to LC364353 but kept for subsequent analysis
NOTE: MF469272 is identical to MF469385 but kept for subsequent analysis
NOTE: MH171407 is identical to MH171404 but kept for subsequent analysis
NOTE: KP645328 is identical to KP645339 but kept for subsequent analysis
NOTE: MZ096855 is identical to MZ096161 but kept for subsequent analysis
NOTE: MZ096212 is identical to MZ096172 but kept for subsequent analysis
NOTE: MZ096288 is identical to MZ096202 but kept for subsequent analysis
NOTE: MZ096877 is identical to MZ096376 but kept for subsequent analysis
NOTE: MZ096321 is identical to MZ096277 but kept for subsequent analysis
NOTE: MZ096866 is identical to MZ096223 but kept for subsequent analysis
NOTE: MZ096525 is identical to MZ096503 but kept for subsequent analysis
NOTE: MZ096679 is identical to MZ096492 but kept for subsequent analysis
NOTE: MZ096822 is identical to MZ096657 but kept for subsequent analysis
NOTE: MZ096712 is identical to MZ096668 but kept for subsequent analysis
NOTE: MZ096690 is identical to MZ096624 but kept for subsequent analysis
NOTE: MZ096734 is identical to MZ096613 but kept for subsequent analysis
NOTE: EU839972 is identical to EU839966 but kept for subsequent analysis
NOTE: LC173555 is identical to LC173548 but kept for subsequent analysis
NOTE: LC173551 is identical to LC173549 but kept for subsequent analysis
NOTE: KJ751686 is identical to KJ751928 but kept for subsequent analysis
NOTE: JX027756 is identical to JX027662 but kept for subsequent analysis
NOTE: JX027837 is identical to JX027832 but kept for subsequent analysis
NOTE: KJ626877 is identical to KJ559104 but kept for subsequent analysis
NOTE: KJ627122 is identical to KJ626900 but kept for subsequent analysis
NOTE: KJ626813 is identical to KJ627042 but kept for subsequent analysis
NOTE: JF490434 is identical to JF490250 but kept for subsequent analysis
NOTE: JF490272 is identical to JF490294 but kept for subsequent analysis
NOTE: KJ412581 is identical to KJ412650 but kept for subsequent analysis
NOTE: KJ412515 is identical to KJ412781 but kept for subsequent analysis
NOTE: KJ626633 is identical to KJ626791 but kept for subsequent analysis
NOTE: KJ626677 is identical to KJ626911 but kept for subsequent analysis
NOTE: KJ412683 is identical to KJ412859 but kept for subsequent analysis
NOTE: JX027914 is identical to JX027902 but kept for subsequent analysis
NOTE: KF636262 is identical to KF636163 but kept for subsequent analysis
NOTE: KJ753055 is identical to KF636328 but kept for subsequent analysis
NOTE: LC367262 is identical to LC372897 but kept for subsequent analysis
NOTE: KJ753330 is identical to KJ752942 but kept for subsequent analysis
NOTE: KC769476 is identical to JX027966 but kept for subsequent analysis
NOTE: LC374033 is identical to LC374110 but kept for subsequent analysis
NOTE: MN417957 is identical to MH182447 but kept for subsequent analysis
NOTE: MN417958 is identical to MN417959 but kept for subsequent analysis
NOTE: JF490525 is identical to JF490107 but kept for subsequent analysis
NOTE: KF636185 is identical to KF636207 but kept for subsequent analysis
NOTE: KF636229 is identical to KF636273 but kept for subsequent analysis
NOTE: KX362930 is identical to KX363186 but kept for subsequent analysis
NOTE: KJ094893 is identical to KJ094894 but kept for subsequent analysis
NOTE: KF371758 is identical to KF371747 but kept for subsequent analysis
NOTE: MG181552 is identical to MG181497 but kept for subsequent analysis
NOTE: LC173560 is identical to LC173556 but kept for subsequent analysis
NOTE: MZ165380 is identical to MZ165379 but kept for subsequent analysis
NOTE: MZ165371 is identical to MZ165370 but kept for subsequent analysis
NOTE: MZ165376 is identical to MZ165375 but kept for subsequent analysis
NOTE: MZ165378 is identical to MZ165377 but kept for subsequent analysis
NOTE: MW384028 is identical to MW383973 but kept for subsequent analysis
NOTE: MW384050 is identical to MW383995 but kept for subsequent analysis
NOTE: MW384336 is identical to MW384380 but kept for subsequent analysis
NOTE: LC173509 is identical to LC173508 but kept for subsequent analysis
NOTE: LC173492 is identical to LC173506 but kept for subsequent analysis
NOTE: LC173514 is identical to LC173511 but kept for subsequent analysis
NOTE: LC105298 is identical to LC105266 but kept for subsequent analysis
NOTE: LC105418 is identical to LC105094 but kept for subsequent analysis
NOTE: LC105050 is identical to LC105017 but kept for subsequent analysis
NOTE: LC105462 is identical to LC105451 but kept for subsequent analysis
NOTE: LC173409 is identical to LC173400 but kept for subsequent analysis
NOTE: MN529649 is identical to MN529648 but kept for subsequent analysis
NOTE: MZ094824 is identical to MZ094792 but kept for subsequent analysis
NOTE: MZ094944 is identical to MZ094900 but kept for subsequent analysis
NOTE: MZ095327 is identical to MZ095316 but kept for subsequent analysis
NOTE: MZ095219 is identical to MZ095131 but kept for subsequent analysis
NOTE: MZ097053 is identical to MZ094813 but kept for subsequent analysis
NOTE: MZ094496 is identical to MZ094955 but kept for subsequent analysis
NOTE: MZ094922 is identical to MZ094911 but kept for subsequent analysis
NOTE: MZ095043 is identical to MZ095021 but kept for subsequent analysis
NOTE: MZ095285 is identical to MZ095241 but kept for subsequent analysis
NOTE: KP752737 is identical to KF636218 but kept for subsequent analysis
NOTE: KJ753232 is identical to KJ752558 but kept for subsequent analysis
NOTE: KJ753760 is identical to KJ753496 but kept for subsequent analysis
NOTE: KJ559351 is identical to KJ559199 but kept for subsequent analysis
NOTE: KJ559266 is identical to KJ559232 but kept for subsequent analysis
NOTE: KJ559120 is identical to KJ627144 but kept for subsequent analysis
NOTE: KJ559318 is identical to KJ559255 but kept for subsequent analysis
NOTE: HQ392143 is identical to HQ392174 but kept for subsequent analysis
NOTE: HQ392087 is identical to HQ392131 but kept for subsequent analysis
NOTE: KP645317 is identical to KP645262 but kept for subsequent analysis
NOTE: KF371672 is identical to KF371693 but kept for subsequent analysis
NOTE: LC173545 is identical to LC173538 but kept for subsequent analysis
NOTE: LC173445 is identical to LC173477 but kept for subsequent analysis
NOTE: MW384116 is identical to MW384149 but kept for subsequent analysis
NOTE: MF469426 is identical to MF469436 but kept for subsequent analysis
NOTE: MF469283 is identical to MF469347 but kept for subsequent analysis
NOTE: KJ820875 is identical to KJ820842 but kept for subsequent analysis
NOTE: JX027651 is identical to JX027726 but kept for subsequent analysis
NOTE: JX027760 is identical to JX027793 but kept for subsequent analysis
NOTE: KC769300 is identical to KC769421 but kept for subsequent analysis
NOTE: JX027738 is identical to JX027695 but kept for subsequent analysis
NOTE: KJ626688 is identical to KJ627095 but kept for subsequent analysis
NOTE: MG181255 is identical to MG181233 but kept for subsequent analysis
NOTE: MK953597 is identical to MK953590 but kept for subsequent analysis
NOTE: MG181310 is identical to MG181299 but kept for subsequent analysis
NOTE: HQ127385 is identical to HQ127387 but kept for subsequent analysis
NOTE: KC175110 is identical to KC174970 but kept for subsequent analysis
NOTE: KC175100 is identical to KC175198 but kept for subsequent analysis
NOTE: KC174938 is identical to KC175001 but kept for subsequent analysis
NOTE: KC174927 is identical to KC175209 but kept for subsequent analysis
NOTE: KC174883 is identical to KC174872 but kept for subsequent analysis
Checking for duplicate sequences: done in 0.0105469 secs using 88.24% CPU
Identifying sites to remove: done in 0.0131521 secs using 79.9% CPU
NOTE: 223 identical sequences (see below) will be ignored for subsequent analysis
NOTE: MZ095557 (identical to MZ095360) is ignored but added at the end
NOTE: MZ095579 (identical to MZ095360) is ignored but added at the end
NOTE: MZ095655 (identical to MZ095360) is ignored but added at the end
NOTE: MZ095842 (identical to MZ095360) is ignored but added at the end
NOTE: MZ095853 (identical to MZ095360) is ignored but added at the end
NOTE: MZ095886 (identical to MZ095360) is ignored but added at the end
NOTE: MZ095623 (identical to MZ095831) is ignored but added at the end
NOTE: MZ095798 (identical to MZ095831) is ignored but added at the end
NOTE: MZ095897 (identical to MZ095831) is ignored but added at the end
NOTE: MZ095930 (identical to MZ095831) is ignored but added at the end
NOTE: MZ095985 (identical to MZ095831) is ignored but added at the end
NOTE: MZ095941 (identical to MZ095514) is ignored but added at the end
NOTE: MZ095448 (identical to MZ095371) is ignored but added at the end
NOTE: MZ095721 (identical to MZ095371) is ignored but added at the end
NOTE: MZ095601 (identical to MZ095415) is ignored but added at the end
NOTE: MZ095776 (identical to MZ095415) is ignored but added at the end
NOTE: MZ095426 (identical to MZ095349) is ignored but added at the end
NOTE: MZ095437 (identical to MZ095349) is ignored but added at the end
NOTE: MZ095568 (identical to MZ095349) is ignored but added at the end
NOTE: MZ095634 (identical to MZ095349) is ignored but added at the end
NOTE: MZ095688 (identical to MZ095349) is ignored but added at the end
NOTE: MZ095710 (identical to MZ095349) is ignored but added at the end
NOTE: MZ095787 (identical to MZ095349) is ignored but added at the end
NOTE: MZ096245 (identical to MZ097141) is ignored but added at the end
NOTE: MZ096256 (identical to MZ097141) is ignored but added at the end
NOTE: MZ096267 (identical to MZ097141) is ignored but added at the end
NOTE: KJ752145 (identical to KJ753566) is ignored but added at the end
NOTE: MN066860 (identical to MN066767) is ignored but added at the end
NOTE: MN067127 (identical to MN066767) is ignored but added at the end
NOTE: KJ753555 (identical to KJ752167) is ignored but added at the end
NOTE: KP753162 (identical to KJ752167) is ignored but added at the end
NOTE: KJ412637 (identical to KJ412694) is ignored but added at the end
NOTE: KT918463 (identical to KT918881) is ignored but added at the end
NOTE: KT919542 (identical to KT918881) is ignored but added at the end
NOTE: KT918507 (identical to KT918881) is ignored but added at the end
NOTE: KT919167 (identical to KT918881) is ignored but added at the end
NOTE: KT919520 (identical to KT918958) is ignored but added at the end
NOTE: MF168068 (identical to KT919476) is ignored but added at the end
NOTE: KT919740 (identical to KT919652) is ignored but added at the end
NOTE: KT918529 (identical to KT919652) is ignored but added at the end
NOTE: KT919145 (identical to KT919652) is ignored but added at the end
NOTE: KT918914 (identical to KT919652) is ignored but added at the end
NOTE: KT919938 (identical to KT919652) is ignored but added at the end
NOTE: KT919101 (identical to KT919652) is ignored but added at the end
NOTE: KT919365 (identical to KT918628) is ignored but added at the end
NOTE: KT918419 (identical to KT918628) is ignored but added at the end
NOTE: MH171414 (identical to MH171417) is ignored but added at the end
NOTE: MH171415 (identical to MH171417) is ignored but added at the end
NOTE: MH171416 (identical to MH171417) is ignored but added at the end
NOTE: KT918859 (identical to KT918892) is ignored but added at the end
NOTE: MF167971 (identical to KT919795) is ignored but added at the end
NOTE: MF168394 (identical to KT919795) is ignored but added at the end
NOTE: MF168387 (identical to KT919795) is ignored but added at the end
NOTE: MF168379 (identical to KT919795) is ignored but added at the end
NOTE: MF168332 (identical to KT919795) is ignored but added at the end
NOTE: MF168349 (identical to KT919046) is ignored but added at the end
NOTE: MZ093737 (identical to MZ093663) is ignored but added at the end
NOTE: MZ093748 (identical to MZ093663) is ignored but added at the end
NOTE: MZ096976 (identical to MZ093663) is ignored but added at the end
NOTE: MZ093874 (identical to MZ093820) is ignored but added at the end
NOTE: MZ093915 (identical to MZ093820) is ignored but added at the end
NOTE: KT919420 (identical to KT919024) is ignored but added at the end
NOTE: KT919531 (identical to KT919024) is ignored but added at the end
NOTE: KT919343 (identical to KT919024) is ignored but added at the end
NOTE: KT919729 (identical to KT919024) is ignored but added at the end
NOTE: KT918815 (identical to KT919024) is ignored but added at the end
NOTE: KT918485 (identical to KT919024) is ignored but added at the end
NOTE: KT919244 (identical to KT919024) is ignored but added at the end
NOTE: KT918782 (identical to KT919024) is ignored but added at the end
NOTE: KT918408 (identical to KT919024) is ignored but added at the end
NOTE: KT919773 (identical to KT919024) is ignored but added at the end
NOTE: KT918793 (identical to KT919024) is ignored but added at the end
NOTE: KT918584 (identical to KT919024) is ignored but added at the end
NOTE: KT918694 (identical to KT919696) is ignored but added at the end
NOTE: KT918771 (identical to KT919696) is ignored but added at the end
NOTE: KT918496 (identical to KT919696) is ignored but added at the end
NOTE: KT918606 (identical to KT919696) is ignored but added at the end
NOTE: KT919817 (identical to KT919696) is ignored but added at the end
NOTE: KT918672 (identical to KT919696) is ignored but added at the end
NOTE: KT919002 (identical to KT919696) is ignored but added at the end
NOTE: KT919299 (identical to KT919696) is ignored but added at the end
NOTE: KT918936 (identical to KT919696) is ignored but added at the end
NOTE: KT918452 (identical to KT919696) is ignored but added at the end
NOTE: KT918650 (identical to KT919696) is ignored but added at the end
NOTE: KT919068 (identical to KT919696) is ignored but added at the end
NOTE: MF168196 (identical to KT919696) is ignored but added at the end
NOTE: MF168014 (identical to KT919696) is ignored but added at the end
NOTE: MF168236 (identical to KT919696) is ignored but added at the end
NOTE: KT918474 (identical to KT919707) is ignored but added at the end
NOTE: MF469251 (identical to MF469385) is ignored but added at the end
NOTE: MZ096343 (identical to MZ096172) is ignored but added at the end
NOTE: MZ096365 (identical to MZ096172) is ignored but added at the end
NOTE: MZ096429 (identical to MZ096172) is ignored but added at the end
NOTE: MZ096440 (identical to MZ096172) is ignored but added at the end
NOTE: MZ096183 (identical to MZ096172) is ignored but added at the end
NOTE: MZ096299 (identical to MZ096202) is ignored but added at the end
NOTE: MZ096332 (identical to MZ096202) is ignored but added at the end
NOTE: MZ096449 (identical to MZ096277) is ignored but added at the end
NOTE: MZ096536 (identical to MZ096503) is ignored but added at the end
NOTE: MZ096701 (identical to MZ096492) is ignored but added at the end
NOTE: MZ096723 (identical to MZ096492) is ignored but added at the end
NOTE: LC173406 (identical to LC173548) is ignored but added at the end
NOTE: LC173553 (identical to LC173549) is ignored but added at the end
NOTE: LC173558 (identical to LC173549) is ignored but added at the end
NOTE: LC173562 (identical to LC173549) is ignored but added at the end
NOTE: LC173418 (identical to LC173549) is ignored but added at the end
NOTE: LC468219 (identical to LC173549) is ignored but added at the end
NOTE: KJ753744 (identical to KJ751928) is ignored but added at the end
NOTE: KJ753221 (identical to KJ751928) is ignored but added at the end
NOTE: KJ627054 (identical to KJ559104) is ignored but added at the end
NOTE: KJ627030 (identical to KJ559104) is ignored but added at the end
NOTE: KJ626666 (identical to KJ626900) is ignored but added at the end
NOTE: KJ559340 (identical to KJ627042) is ignored but added at the end
NOTE: JF490415 (identical to JF490250) is ignored but added at the end
NOTE: JF490239 (identical to JF490250) is ignored but added at the end
NOTE: JF490260 (identical to JF490294) is ignored but added at the end
NOTE: KJ412604 (identical to KJ412650) is ignored but added at the end
NOTE: KJ412825 (identical to KJ412650) is ignored but added at the end
NOTE: KJ412759 (identical to KJ412781) is ignored but added at the end
NOTE: KJ412661 (identical to KJ412781) is ignored but added at the end
NOTE: KJ626508 (identical to KJ626911) is ignored but added at the end
NOTE: KJ412889 (identical to KJ412859) is ignored but added at the end
NOTE: KJ412738 (identical to KJ412859) is ignored but added at the end
NOTE: KF636152 (identical to KF636163) is ignored but added at the end
NOTE: KP752666 (identical to KF636163) is ignored but added at the end
NOTE: JX027943 (identical to JX027966) is ignored but added at the end
NOTE: JX027947 (identical to JX027966) is ignored but added at the end
NOTE: JF490118 (identical to JF490107) is ignored but added at the end
NOTE: KJ753188 (identical to KF636207) is ignored but added at the end
NOTE: KF636196 (identical to KF636273) is ignored but added at the end
NOTE: KF636174 (identical to KF636273) is ignored but added at the end
NOTE: KX363045 (identical to KX363186) is ignored but added at the end
NOTE: KX363100 (identical to KX363186) is ignored but added at the end
NOTE: LC173561 (identical to LC173556) is ignored but added at the end
NOTE: LC173566 (identical to LC173556) is ignored but added at the end
NOTE: MZ165372 (identical to MZ165370) is ignored but added at the end
NOTE: MZ165373 (identical to MZ165370) is ignored but added at the end
NOTE: MZ165374 (identical to MZ165370) is ignored but added at the end
NOTE: MW384061 (identical to MW383995) is ignored but added at the end
NOTE: LC173513 (identical to LC173508) is ignored but added at the end
NOTE: LC173515 (identical to LC173508) is ignored but added at the end
NOTE: LC173520 (identical to LC173508) is ignored but added at the end
NOTE: LC173500 (identical to LC173508) is ignored but added at the end
NOTE: LC173501 (identical to LC173508) is ignored but added at the end
NOTE: LC173503 (identical to LC173508) is ignored but added at the end
NOTE: LC173505 (identical to LC173508) is ignored but added at the end
NOTE: LC105320 (identical to LC105266) is ignored but added at the end
NOTE: LC105331 (identical to LC105266) is ignored but added at the end
NOTE: LC105039 (identical to LC105017) is ignored but added at the end
NOTE: LC105061 (identical to LC105017) is ignored but added at the end
NOTE: LC105495 (identical to LC105451) is ignored but added at the end
NOTE: LC105528 (identical to LC105451) is ignored but added at the end
NOTE: LC105484 (identical to LC105451) is ignored but added at the end
NOTE: LC173413 (identical to LC173400) is ignored but added at the end
NOTE: LC173414 (identical to LC173400) is ignored but added at the end
NOTE: LC173416 (identical to LC173400) is ignored but added at the end
NOTE: MN529650 (identical to MN529648) is ignored but added at the end
NOTE: MZ094835 (identical to MZ094792) is ignored but added at the end
NOTE: MZ094857 (identical to MZ094792) is ignored but added at the end
NOTE: MZ094738 (identical to MZ094792) is ignored but added at the end
NOTE: MZ097009 (identical to MZ094792) is ignored but added at the end
NOTE: MZ097031 (identical to MZ094792) is ignored but added at the end
NOTE: MZ094463 (identical to MZ094900) is ignored but added at the end
NOTE: MZ094562 (identical to MZ094900) is ignored but added at the end
NOTE: MZ097086 (identical to MZ095131) is ignored but added at the end
NOTE: MZ094507 (identical to MZ094955) is ignored but added at the end
NOTE: MZ094529 (identical to MZ094955) is ignored but added at the end
NOTE: MZ094551 (identical to MZ094955) is ignored but added at the end
NOTE: MZ094573 (identical to MZ094955) is ignored but added at the end
NOTE: MZ094617 (identical to MZ094955) is ignored but added at the end
NOTE: MZ094650 (identical to MZ094955) is ignored but added at the end
NOTE: MZ094661 (identical to MZ094955) is ignored but added at the end
NOTE: MZ094727 (identical to MZ094955) is ignored but added at the end
NOTE: MZ094771 (identical to MZ094955) is ignored but added at the end
NOTE: MZ094781 (identical to MZ094955) is ignored but added at the end
NOTE: MZ094933 (identical to MZ094911) is ignored but added at the end
NOTE: MZ094540 (identical to MZ094911) is ignored but added at the end
NOTE: MZ095054 (identical to MZ095021) is ignored but added at the end
NOTE: MZ095087 (identical to MZ095021) is ignored but added at the end
NOTE: MZ095230 (identical to MZ095021) is ignored but added at the end
NOTE: KJ753577 (identical to KJ752558) is ignored but added at the end
NOTE: KJ753088 (identical to KJ752558) is ignored but added at the end
NOTE: KJ753771 (identical to KJ752558) is ignored but added at the end
NOTE: KJ752896 (identical to KJ752558) is ignored but added at the end
NOTE: KJ753298 (identical to KJ752558) is ignored but added at the end
NOTE: KJ626836 (identical to KJ559199) is ignored but added at the end
NOTE: KJ559362 (identical to KJ559199) is ignored but added at the end
NOTE: KJ627106 (identical to KJ559199) is ignored but added at the end
NOTE: KJ559384 (identical to KJ627144) is ignored but added at the end
NOTE: LC173533 (identical to LC173538) is ignored but added at the end
NOTE: MW384127 (identical to MW384149) is ignored but added at the end
NOTE: MW384138 (identical to MW384149) is ignored but added at the end
NOTE: MW383984 (identical to MW384149) is ignored but added at the end
NOTE: MW384083 (identical to MW384149) is ignored but added at the end
NOTE: MF469357 (identical to MF469436) is ignored but added at the end
NOTE: MF469088 (identical to MF469436) is ignored but added at the end
NOTE: MF469306 (identical to MF469436) is ignored but added at the end
NOTE: MF469295 (identical to MF469436) is ignored but added at the end
NOTE: MF469235 (identical to MF469436) is ignored but added at the end
NOTE: MF469184 (identical to MF469436) is ignored but added at the end
NOTE: MF469163 (identical to MF469436) is ignored but added at the end
NOTE: MF469415 (identical to MF469436) is ignored but added at the end
NOTE: MF469367 (identical to MF469436) is ignored but added at the end
NOTE: MF469316 (identical to MF469436) is ignored but added at the end
NOTE: MF469152 (identical to MF469436) is ignored but added at the end
NOTE: MF469246 (identical to MF469347) is ignored but added at the end
NOTE: KC769454 (identical to JX027793) is ignored but added at the end
NOTE: KC769410 (identical to KC769421) is ignored but added at the end
NOTE: HQ127384 (identical to HQ127387) is ignored but added at the end
NOTE: HQ127386 (identical to HQ127387) is ignored but added at the end
NOTE: KC175253 (identical to KC174970) is ignored but added at the end
NOTE: KC175187 (identical to KC174970) is ignored but added at the end
NOTE: KC175242 (identical to KC174970) is ignored but added at the end
NOTE: KC175143 (identical to KC174970) is ignored but added at the end
NOTE: KC175176 (identical to KC174970) is ignored but added at the end
NOTE: KC175056 (identical to KC174970) is ignored but added at the end
NOTE: KC175132 (identical to KC174970) is ignored but added at the end
NOTE: KC174949 (identical to KC175001) is ignored but added at the end
NOTE: KC175154 (identical to KC175001) is ignored but added at the end
NOTE: KC174960 (identical to KC175001) is ignored but added at the end
NOTE: KC175165 (identical to KC175001) is ignored but added at the end
NOTE: KC174905 (identical to KC175001) is ignored but added at the end
NOTE: KC174861 (identical to KC174872) is ignored but added at the end
Alignment was printed to results/aligned_rotavirusA_A_A1-delim.fasta.uniqueseq.phy

For your convenience alignment with unique sequences printed to results/aligned_rotavirusA_A_A1-delim.fasta.uniqueseq.phy

Create initial parsimony tree by phylogenetic likelihood library (PLL)... 0.028 seconds

NOTE: 41 MB RAM (0 GB) is required!
Estimate model parameters (epsilon = 0.500)
1. Initial log-likelihood: -311820.667
2. Current log-likelihood: -260351.865
3. Current log-likelihood: -259586.126
4. Current log-likelihood: -259573.540
5. Current log-likelihood: -259560.329
Optimal log-likelihood: -259560.230
Rate parameters:  A-C: 1.97686  A-G: 11.30586  A-T: 0.41676  C-G: 0.43493  C-T: 13.76454  G-T: 1.00000
Base frequencies:  A: 0.372  C: 0.131  G: 0.170  T: 0.326
Parameters optimization took 5 rounds (6.242 sec)
Wrote distance file to... 
Computing ML distances based on estimated model parameters...
Calculating distance matrix: done in 2.44855 secs using 97.36% CPU
Computing ML distances took 2.461179 sec (of wall-clock time) 2.389124 sec (of CPU time)
Setting up auxiliary I and S matrices: done in 0.023083 secs using 183.9% CPU
Constructing RapidNJ tree: done in 0.0393021 secs using 190% CPU
Computing RapidNJ tree took 0.062498 sec (of wall-clock time) 0.117410 sec (of CPU time)
Log-likelihood of RapidNJ tree: -34295.415
--------------------------------------------------------------------
|             INITIALIZING CANDIDATE TREE SET                      |
--------------------------------------------------------------------

Do NNI search on 2 best initial trees
Optimizing NNI: done in 2.73353 secs using 76.82% CPU
Estimate model parameters (epsilon = 0.500)
BETTER TREE FOUND at iteration 1: -33816.660
Optimizing NNI: done in 32.9335 secs using 99.01% CPU
Finish initializing candidate tree set (4)
Current best tree score: -33816.660 / CPU time: 37.005
Number of iterations: 2
TREE SEARCH COMPLETED AFTER 2 ITERATIONS / Time: 0h:0m:47s

--------------------------------------------------------------------
|                    FINALIZING TREE SEARCH                        |
--------------------------------------------------------------------
Performs final model parameters optimization
Estimate model parameters (epsilon = 0.050)
1. Initial log-likelihood: -33816.660
Optimal log-likelihood: -33816.660
Rate parameters:  A-C: 2.21346  A-G: 11.20971  A-T: 0.40641  C-G: 1.05983  C-T: 14.91186  G-T: 1.00000
Base frequencies:  A: 0.372  C: 0.131  G: 0.170  T: 0.326
Parameters optimization took 1 rounds (0.353 sec)
BEST SCORE FOUND : -33816.660
Total tree length: 3.470

Total number of iterations: 2
CPU time used for tree search: 35.972 sec (0h:0m:35s)
Wall-clock time used for tree search: 37.007 sec (0h:0m:37s)
Total CPU time used: 46.837 sec (0h:0m:46s)
Total wall-clock time used: 47.873 sec (0h:0m:47s)

Analysis results written to: 
  IQ-TREE report:                results/aligned_rotavirusA_A_A1-delim.fasta.iqtree
  Maximum-likelihood tree:       results/aligned_rotavirusA_A_A1-delim.fasta.treefile
  Likelihood distances:          results/aligned_rotavirusA_A_A1-delim.fasta.mldist
  Screen log file:               results/aligned_rotavirusA_A_A1-delim.fasta.log

Date and Time: Thu Oct 27 18:15:23 2022
