IQ-TREE multicore version 2.2.0-beta COVID-edition for Mac OS X 64-bit built Mar  3 2022 built Mar  3 2022
Developed by Bui Quang Minh, James Barbetti, Nguyen Lam Tung,
Olga Chernomor, Heiko Schmidt, Dominik Schrempf, Michael Woodhams, Ly Trong Nhan.

Host:    MacBook-Pro-2.local (SSE4.2, 8 GB RAM)
Command: iqtree2 -nt 1 -s results/aligned_rotavirusA_R_R1-delim.fasta -m GTR -ninit 2 -n 2 -me 0.05
Seed:    268204 (Using SPRNG - Scalable Parallel Random Number Generator)
Time:    Thu Oct 27 20:28:07 2022
Kernel:  SSE2 - 1 threads (8 CPU cores detected)

HINT: Use -nt option to specify number of threads because your CPU has 8 cores!
HINT: -nt AUTO will automatically determine the best number of threads to use.

Reading alignment file results/aligned_rotavirusA_R_R1-delim.fasta ... Fasta format detected
Reading fasta file: done in 0.0809009 secs using 86.79% CPU
Alignment most likely contains DNA/RNA sequences
Constructing alignment: done in 0.031826 secs using 77.83% CPU
Alignment has 1253 sequences with 3302 columns, 2054 distinct patterns
1504 parsimony-informative, 283 singleton sites, 1515 constant sites
          Gap/Ambiguity  Composition  p-value
Analyzing sequences: done in 0.00504017 secs using 87.04% CPU
   1  FJ747625    1.03%    passed     96.87%
   2  KJ752814    1.00%    passed     96.08%
   3  HQ670639    0.00%    passed     96.52%
   4  KJ752936    1.00%    passed     99.80%
   5  KP752866    0.94%    passed     96.99%
   6  KF636146    1.00%    passed     98.09%
   7  KJ752640    1.00%    passed     97.59%
   8  KJ751878    1.00%    passed     96.14%
   9  KJ752530    1.00%    passed     99.15%
  10  KP753201    0.94%    passed     95.18%
  11  KJ752383    1.00%    passed     97.51%
  12  KP752945    1.00%    passed     96.73%
  13  KJ752295    1.00%    passed     99.77%
  14  KJ870911    0.00%    passed     91.49%
  15  AB861967    0.00%    passed     84.91%
  16  AB861945    0.00%    passed     90.47%
  17  MG181447    0.00%    passed     91.16%
  18  MG181458    0.00%    passed     93.06%
  19  MG181469    0.00%    passed     91.66%
  20  MG181480    0.00%    passed     93.06%
  21  MG181491    0.00%    passed     94.74%
  22  MG181513    0.00%    passed     94.74%
  23  MG181546    0.00%    passed     94.74%
  24  MG181535    0.00%    passed     95.39%
  25  MG181557    0.00%    passed     94.66%
  26  MG181524    0.00%    passed     96.27%
  27  MG181502    0.00%    passed     95.92%
  28  MG181326    0.00%    passed     95.43%
  29  KX655484    0.00%    passed     90.27%
  30  KX632265    0.00%    passed     87.36%
  31  KJ753548    5.00%    passed     96.93%
  32  JQ087445    0.00%    passed     97.54%
  33  KF371981    0.00%    passed     95.86%
  34  KT919503    0.39%    passed     99.33%
  35  KF371959    0.00%    passed     97.08%
  36  KF371708    0.00%    passed     97.67%
  37  KF371970    0.00%    passed     98.60%
  38  KF371719    0.00%    passed     96.93%
  39  KF371895    0.00%    passed     97.62%
  40  KF371992    0.00%    passed     99.46%
  41  KF371926    0.00%    passed     99.18%
  42  KF371862    0.00%    passed     99.34%
  43  MF469362    0.00%    passed     99.74%
  44  MF469157    0.00%    passed     99.54%
  45  MF469230    0.00%    passed     98.81%
  46  LC172913    0.00%    passed     97.94%
  47  LC172881    0.03%    passed     97.52%
  48  KF371948    0.00%    passed     98.62%
  49  KF726047    0.00%    passed     97.42%
  50  LC173001    0.00%    passed     98.48%
  51  KF371774    0.00%    passed     99.41%
  52  KF371785    0.00%    passed     99.29%
  53  KF371915    0.00%    passed     99.46%
  54  KF371752    0.00%    passed     98.42%
  55  KF371763    0.00%    passed     99.05%
  56  KF371796    0.00%    passed     98.65%
  57  KF371677    0.51%    passed     99.42%
  58  KF371698    0.51%    passed     99.16%
  59  KF371688    0.51%    passed     99.02%
  60  LC172851    0.00%    passed     99.46%
  61  LC172928    0.00%    passed     99.34%
  62  LC172929    0.00%    passed     99.34%
  63  LC172930    0.00%    passed     99.34%
  64  LC172933    0.00%    passed     99.34%
  65  LC172935    0.00%    passed     99.34%
  66  LC172936    0.00%    passed     99.34%
  67  LC172937    0.00%    passed     99.34%
  68  LC172939    0.00%    passed     99.34%
  69  LC172941    0.00%    passed     99.34%
  70  LC172945    0.00%    passed     99.34%
  71  LC172947    0.00%    passed     99.34%
  72  LC172949    0.00%    passed     99.34%
  73  LC172950    0.00%    passed     99.34%
  74  LC172954    0.00%    passed     99.34%
  75  LC172955    0.00%    passed     99.34%
  76  LC172957    0.00%    passed     99.34%
  77  LC172942    0.00%    passed     99.59%
  78  LC172951    0.00%    passed     99.41%
  79  LC172953    0.00%    passed     99.41%
  80  LC172964    0.00%    passed     99.07%
  81  LC172977    0.00%    passed     98.62%
  82  LC173021    0.00%    passed     99.24%
  83  LC173022    0.00%    passed     99.65%
  84  LC172974    0.00%    passed     99.19%
  85  LC172940    0.03%    passed     99.43%
  86  LC172946    0.03%    passed     99.43%
  87  LC172956    0.03%    passed     99.67%
  88  LC172952    0.09%    passed     99.37%
  89  LC172943    0.18%    passed     99.56%
  90  LC172944    0.36%    passed     99.66%
  91  LC172981    0.06%    passed     99.16%
  92  LC172969    0.51%    passed     99.57%
  93  MW384231    0.00%    passed     99.46%
  94  MW384286    0.00%    passed     98.54%
  95  KF371807    0.00%    passed     98.93%
  96  KF371818    0.00%    passed     97.79%
  97  KT919062    0.91%    passed     98.85%
  98  MF469441    1.00%    passed     99.95%
  99  MF469420    1.00%    passed     99.95%
 100  MF469093    1.00%    passed     99.95%
 101  MF469321    1.00%    passed     99.95%
 102  MF469311    1.00%    passed     99.95%
 103  MF469300    1.00%    passed     99.95%
 104  MF469240    1.00%    passed     99.95%
 105  MF469168    1.00%    passed     99.85%
 106  MF469331    1.00%    passed     99.65%
 107  MF469352    1.30%    passed     99.90%
 108  MF469288    1.30%    passed     99.90%
 109  MF469189    1.30%    passed     99.90%
 110  MF469431   16.35%    passed     99.62%
 111  MF469412   16.32%    passed     99.68%
 112  JN651876    1.09%    passed     99.73%
 113  JN651894    1.03%    passed     99.69%
 114  KJ753663    1.00%    passed     99.39%
 115  JX027856    1.03%    passed     99.01%
 116  JN258923    1.00%    passed     99.40%
 117  KJ753169    1.00%    passed     99.96%
 118  KJ753181    1.00%    passed     99.94%
 119  KX778546    1.06%    passed     99.02%
 120  KX778537    1.06%    passed     98.89%
 121  LC105263    1.42%    passed     99.33%
 122  LC105273    0.79%    passed     99.10%
 123  LC105317    0.73%    passed     99.01%
 124  LC105328    0.91%    passed     99.18%
 125  LC105295    0.70%    passed     98.83%
 126  LC105306    0.94%    passed     99.05%
 127  LC105350    0.61%    passed     98.56%
 128  LC105339    1.06%    passed     99.33%
 129  KX778544    1.06%    passed     99.69%
 130  KX778542    1.06%    passed     99.83%
 131  KF371873    0.00%    passed     97.42%
 132  KF371741    0.00%    passed     98.01%
 133  KJ412894    0.94%    passed     98.14%
 134  KJ412688    0.94%    passed     97.49%
 135  KJ412743    0.94%    passed     97.49%
 136  MH171310    0.00%    passed     97.91%
 137  MH171312    0.00%    passed     97.91%
 138  KP752516    0.94%    passed     99.47%
 139  KJ752004    1.00%    passed     93.85%
 140  KP752790    1.00%    passed     93.85%
 141  JF490320    1.00%    passed     95.83%
 142  JF490215    1.00%    passed     97.76%
 143  JF490424    1.00%    passed     97.99%
 144  JF490281    1.00%    passed     98.05%
 145  JF490237    1.00%    passed     98.05%
 146  JF490226    1.00%    passed     98.05%
 147  JF490292    1.00%    passed     98.05%
 148  JF490534    1.00%    passed     98.03%
 149  JF490268    1.00%    passed     97.22%
 150  JF490270    1.00%    passed     97.22%
 151  JF490413    1.00%    passed     98.70%
 152  JF490248    1.00%    passed     98.64%
 153  JF490303    1.00%    passed     97.79%
 154  JF490336    1.00%    passed     96.99%
 155  JF490347    1.00%    passed     97.84%
 156  JF490545    1.03%    passed     99.19%
 157  HQ392256    1.00%    passed     99.52%
 158  JF490325    1.00%    passed     98.84%
 159  JF490171    1.00%    passed     98.27%
 160  JF490083    1.00%    passed     98.70%
 161  JF490101    1.00%    passed     98.70%
 162  JF490193    1.00%    passed     98.70%
 163  JF490138    1.00%    passed     99.21%
 164  KJ627035    0.94%    passed     99.76%
 165  KJ627047    1.00%    passed     99.81%
 166  KJ626818    1.00%    passed     99.81%
 167  KJ559345    1.00%    passed     99.81%
 168  KJ626660    1.00%    passed     99.85%
 169  KJ626905    1.00%    passed     99.95%
 170  KJ627127    1.00%    passed     99.90%
 171  KJ626671    1.00%    passed     99.95%
 172  KJ626627    1.00%    passed     99.90%
 173  KJ626882    1.00%    passed     99.81%
 174  KJ627024    1.00%    passed     99.81%
 175  KJ559192    0.94%    passed     98.78%
 176  KJ820880    1.00%    passed     99.45%
 177  KJ626638    1.03%    passed     98.74%
 178  KJ626682    1.00%    passed     98.66%
 179  KJ626513    1.00%    passed     99.58%
 180  KJ626796    1.00%    passed     99.73%
 181  KJ626916    1.00%    passed     99.30%
 182  KJ412553    1.03%    passed     99.98%
 183  KJ626807    1.03%    passed     99.97%
 184  KJ626582    1.03%    passed     99.86%
 185  KJ626871    1.03%    passed     99.83%
 186  KJ627089    1.03%    passed     99.99%
 187  KJ627138    0.94%    passed     99.56%
 188  KJ626649    1.06%    passed     99.54%
 189  KJ412609    1.03%    passed     99.65%
 190  KJ412786    1.03%    passed     99.57%
 191  KJ412631    1.03%    passed     99.52%
 192  KJ412666    1.03%    passed     99.52%
 193  KJ412520    1.03%    passed     99.73%
 194  KJ412764    1.03%    passed     99.73%
 195  KJ412830    1.03%    passed     99.57%
 196  KJ412655    1.03%    passed     99.52%
 197  KJ412586    0.94%    passed     99.41%
 198  KJ412643    0.94%    passed     98.41%
 199  JX027945    1.00%    passed     99.88%
 200  JX027974    1.00%    passed     99.88%
 201  JX027944    1.00%    passed     99.88%
 202  JX027965    1.00%    passed     99.88%
 203  HQ392339    1.00%    passed     99.98%
 204  KC769481    0.76%    passed     99.97%
 205  KJ751691    1.00%    passed     99.99%
 206  KJ753738    1.00%    passed     99.99%
 207  KJ753226    1.00%    passed     99.97%
 208  KJ751933    1.00%    passed     99.99%
 209  KJ753019    1.00%    passed     99.96%
 210  KJ753692    1.00%    passed     99.89%
 211  KJ753749    1.00%    passed     99.86%
 212  HQ392399    1.03%    passed     99.91%
 213  JN651884    1.06%    passed     99.97%
 214  JF490435    1.00%    passed     99.96%
 215  JF490204    1.00%    passed     99.90%
 216  JF490160    1.00%    passed     99.66%
 217  JF490182    1.00%    passed     99.92%
 218  HQ392003    1.00%    passed     99.53%
 219  KC769448    1.00%    passed     99.11%
 220  KP645333    1.06%    passed     99.97%
 221  KP645322    1.06%    passed     99.86%
 222  LC468213    1.06%    passed     99.98%
 223  LC468224    1.06%    passed     99.98%
 224  LC464099    1.06%    passed     99.97%
 225  LC464110    1.06%    passed     99.94%
 226  LC172842    0.15%    passed     99.96%
 227  LC105195    0.94%    passed     99.84%
 228  LC105206    0.15%    passed     99.76%
 229  LC172854    0.03%    passed     99.88%
 230  MK953557    2.48%    passed     99.73%
 231  KF812722    1.06%    passed     99.21%
 232  KF812726    1.06%    passed     99.21%
 233  KF812727    1.06%    passed     98.40%
 234  KF812728    1.06%    passed     97.86%
 235  KF812720    1.06%    passed     99.36%
 236  KF812723    1.06%    passed     99.83%
 237  KF812725    1.06%    passed     99.45%
 238  KC769360    1.00%    passed     99.76%
 239  HQ392311    1.00%    passed     99.80%
 240  HQ392239    1.00%    passed     99.80%
 241  KF636168    1.00%    passed     98.98%
 242  KJ752261    1.00%    passed     98.98%
 243  KF636267    1.00%    passed     98.54%
 244  KF636157    1.00%    passed     98.72%
 245  KJ751834    1.00%    passed     99.22%
 246  KP752671    0.94%    passed     99.07%
 247  KF636333    1.00%    passed     99.39%
 248  KJ753060    1.00%    passed     99.53%
 249  HQ392355    1.00%    passed     99.85%
 250  HQ392113    1.00%    passed     99.70%
 251  KJ753118    1.00%    passed     99.53%
 252  KJ753800    1.00%    passed     99.22%
 253  KP753017    0.94%    passed     99.03%
 254  JX027813    1.00%    passed     99.68%
 255  HQ392179    1.00%    passed     99.95%
 256  HQ392289    1.00%    passed     99.85%
 257  HQ392300    1.00%    passed     99.79%
 258  KJ870922    0.00%    passed     99.23%
 259  KJ752150    1.00%    passed     99.25%
 260  KJ753571    1.00%    passed     99.25%
 261  KJ752015    1.00%    passed     99.25%
 262  KJ752585    1.00%    passed     99.25%
 263  MN067047    1.00%    passed     99.65%
 264  MN067069    1.00%    passed     99.65%
 265  MN066743    1.00%    passed     99.74%
 266  MN066822    1.00%    passed     99.40%
 267  MN066913    1.00%    passed     99.16%
 268  MN067036    1.00%    passed     99.53%
 269  MN067058    1.00%    passed     99.53%
 270  MN066772    1.00%    passed     98.13%
 271  MN066982    1.00%    passed     98.13%
 272  MN066854    1.00%    passed     98.13%
 273  MN066865    1.00%    passed     98.13%
 274  MN067132    1.00%    passed     98.13%
 275  MZ093668    1.06%    passed     98.05%
 276  MZ093709    1.06%    passed     98.05%
 277  MZ093879    1.06%    passed     98.05%
 278  MZ093918    1.06%    passed     98.05%
 279  MZ096981    1.06%    passed     98.05%
 280  MZ093720    1.06%    passed     98.00%
 281  MZ093742    1.06%    passed     98.00%
 282  MZ093825    1.67%    passed     98.31%
 283  MZ093753    1.85%    passed     98.90%
 284  MZ096992    1.88%    passed     99.35%
 285  MZ093698    1.42%    passed     97.92%
 286  MZ093847    2.09%    passed     98.69%
 287  MZ093858    3.91%    passed     95.58%
 288  MZ093687    7.84%    passed     94.15%
 289  KJ583163    3.00%    passed     98.92%
 290  KJ583174    2.91%    passed     97.51%
 291  KT919216    0.88%    passed     98.67%
 292  KT919624    0.88%    passed     98.76%
 293  KT919888    0.88%    passed     98.44%
 294  KT918996    0.88%    passed     98.43%
 295  KT919602    0.36%    passed     97.86%
 296  MF168193    0.03%    passed     96.83%
 297  KT919613    0.82%    passed     99.05%
 298  KT919921    0.97%    passed     99.68%
 299  KT919690    0.97%    passed     98.78%
 300  KT919051    0.97%    passed     99.18%
 301  KT918864    0.97%    passed     98.93%
 302  KT919866    0.94%    passed     98.71%
 303  KT919414    0.94%    passed     98.71%
 304  KT919459    0.94%    passed     98.84%
 305  KT918897    0.91%    passed     98.54%
 306  KT919205    0.91%    passed     98.35%
 307  KT918545    0.91%    passed     98.35%
 308  KT918875    0.91%    passed     98.84%
 309  MF167976    0.91%    passed     99.04%
 310  KT919359    0.45%    passed     99.01%
 311  KT919800    0.94%    passed     99.30%
 312  KT919492    1.00%    passed     98.82%
 313  KT919271    1.00%    passed     99.23%
 314  MF469198    0.00%    passed     96.16%
 315  MF469114    1.30%    passed     98.39%
 316  KT919646    0.91%    passed     97.63%
 317  KJ752596    1.00%    passed     99.19%
 318  HQ392349    1.00%    passed     98.20%
 319  KT919227    0.45%    passed     94.75%
 320  KT918820    0.45%    passed     96.19%
 321  KT919425    0.45%    passed     94.37%
 322  MF168201    0.18%    passed     93.85%
 323  KT918743    0.91%    passed     94.14%
 324  KT919095    0.91%    passed     95.43%
 325  KT918974    0.91%    passed     95.43%
 326  KT918853    0.91%    passed     95.43%
 327  KT918578    0.91%    passed     95.43%
 328  KT918611    0.91%    passed     95.43%
 329  KT919183    0.91%    passed     95.43%
 330  KT918666    0.91%    passed     94.14%
 331  KT918754    0.91%    passed     94.14%
 332  KT918721    0.91%    passed     94.14%
 333  KT918699    0.91%    passed     95.68%
 334  KT919877    0.91%    passed     93.77%
 335  KT919536    0.88%    passed     96.22%
 336  KT918600    0.85%    passed     94.95%
 337  KT918457    0.51%    passed     94.26%
 338  KT919018    0.39%    passed     96.39%
 339  KT919470    0.82%    passed     96.04%
 340  KT918490    0.79%    passed     95.40%
 341  KT918622    0.79%    passed     96.75%
 342  KT918930    0.64%    passed     96.12%
 343  KT918413    0.67%    passed     96.17%
 344  KT919348    0.82%    passed     96.82%
 345  KT918776    0.48%    passed     96.30%
 346  KT919073    0.36%    passed     96.35%
 347  KT918765    0.36%    passed     97.92%
 348  KT919249    0.36%    passed     96.97%
 349  KT918567    0.36%    passed     95.71%
 350  KT919029    0.94%    passed     95.21%
 351  KT918677    0.94%    passed     95.21%
 352  KT918985    0.94%    passed     95.21%
 353  KT919679    0.94%    passed     93.90%
 354  KT919723    0.94%    passed     93.90%
 355  KT918941    0.94%    passed     93.90%
 356  KT918589    0.94%    passed     94.78%
 357  KT918479    0.94%    passed     95.21%
 358  KT919932    0.94%    passed     95.21%
 359  KT919007    0.94%    passed     96.33%
 360  KT919260    0.94%    passed     95.21%
 361  KT919304    0.97%    passed     95.57%
 362  KT919789    0.97%    passed     95.57%
 363  KT919712    0.97%    passed     96.63%
 364  KT919701    0.97%    passed     94.32%
 365  MF168241    0.97%    passed     94.32%
 366  KT918556    0.97%    passed     97.51%
 367  KT919778    0.97%    passed     96.92%
 368  KT919833    0.88%    passed     96.44%
 369  KT919194    0.88%    passed     96.22%
 370  KT919844    0.88%    passed     96.22%
 371  KT919965    0.88%    passed     96.22%
 372  KT918787    0.88%    passed     95.05%
 373  KT919954    0.88%    passed     96.44%
 374  KT919591    0.88%    passed     95.05%
 375  KT918809    0.88%    passed     96.22%
 376  KT919580    0.88%    passed     97.19%
 377  KT919756    0.88%    passed     97.98%
 378  KT919668    0.48%    passed     95.69%
 379  KT919767    0.70%    passed     97.19%
 380  KT918644    0.70%    passed     97.84%
 381  KT919161    0.42%    passed     97.14%
 382  KT919436    0.42%    passed     96.64%
 383  KT919282    0.42%    passed     97.52%
 384  KT919238    0.76%    passed     96.70%
 385  KT919899    0.76%    passed     97.59%
 386  KT919558    0.73%    passed     97.49%
 387  KT919822    0.03%    passed     95.27%
 388  MF168324    0.06%    passed     94.37%
 389  MF168119    0.48%    passed     94.79%
 390  KT919337    0.00%    passed     98.01%
 391  MF168154    0.00%    passed     98.66%
 392  MF168107    0.00%    passed     96.07%
 393  KT919910    0.15%    passed     94.72%
 394  KT918501    0.79%    passed     95.67%
 395  KT918655    1.00%    passed     95.91%
 396  KT919734    0.33%    passed     97.57%
 397  KT919084    0.85%    passed     96.58%
 398  KT919569    0.12%    passed     96.80%
 399  KT918798    0.21%    passed     93.91%
 400  MN066833    4.78%    passed     92.29%
 401  MN066946    1.06%    passed     94.77%
 402  MN067080    1.06%    passed     95.84%
 403  KJ751982    1.00%    passed     99.96%
 404  KJ751823    1.00%    passed     99.23%
 405  KJ751591    1.00%    passed     99.67%
 406  KP753212    0.94%    passed     99.99%
 407  MF469209    0.94%    passed     99.88%
 408  KJ753204    1.00%    passed     94.40%
 409  KJ753446    1.00%    passed     95.88%
 410  KJ752947    1.00%    passed     93.08%
 411  KJ753335    1.00%    passed     96.50%
 412  JX027868    1.00%    passed     99.97%
 413  MN066754    1.00%    passed     99.93%
 414  KF371884    0.00%    passed     99.56%
 415  KF371937    0.00%    passed     99.48%
 416  LC173009    0.00%    passed     99.84%
 417  MN106132    0.00%    passed     99.95%
 418  MW383989    0.00%    passed     99.95%
 419  MW384088    0.00%    passed     99.95%
 420  MW384154    0.00%    passed     99.94%
 421  MW384143    0.00%    passed     99.94%
 422  MW384121    0.00%    passed     99.92%
 423  MW384132    0.00%    passed     99.92%
 424  MW384297    0.06%    passed     99.86%
 425  KJ752227    1.00%    passed     99.67%
 426  KJ753379    1.00%    passed     99.67%
 427  KJ752172    1.00%    passed     99.81%
 428  KP753167    1.00%    passed     99.81%
 429  KJ753560    1.00%    passed     99.68%
 430  KJ753457    1.00%    passed     99.68%
 431  KJ752890    1.00%    passed     99.68%
 432  KJ753215    1.00%    passed     99.90%
 433  KC769382    1.00%    passed     99.89%
 434  JF490358    1.00%    passed     99.97%
 435  JX027930    1.03%    passed     99.97%
 436  LC172960    0.00%    passed     99.66%
 437  LC172986    0.00%    passed     99.44%
 438  LC172992    0.00%    passed     99.44%
 439  LC172988    0.00%    passed     99.54%
 440  LC172996    0.00%    passed     99.66%
 441  LC172997    0.00%    passed     99.66%
 442  LC172999    0.00%    passed     99.66%
 443  LC173000    0.00%    passed     99.66%
 444  LC173002    0.00%    passed     99.66%
 445  LC172972    0.00%    passed     99.78%
 446  LC173015    0.00%    passed     99.79%
 447  LC173016    0.00%    passed     99.79%
 448  LC105448    0.15%    passed     99.82%
 449  LC105481    0.48%    passed     99.89%
 450  LC105492    0.76%    passed     99.88%
 451  LC105470    0.79%    passed     99.92%
 452  LC105459    0.82%    passed     99.95%
 453  LC105514    0.36%    passed     99.95%
 454  LC105525    0.24%    passed     99.95%
 455  KX778545    1.06%    passed     99.88%
 456  LC105014    0.00%    passed     99.18%
 457  LC105058    0.58%    passed     99.38%
 458  LC105036    0.61%    passed     99.37%
 459  LC105047    0.70%    passed     99.50%
 460  LC105091    0.15%    passed     99.49%
 461  LC105403    0.15%    passed     99.56%
 462  LC105217    0.15%    passed     99.57%
 463  LC105503    1.91%    passed     99.98%
 464  LC105361    0.73%    passed     99.94%
 465  LC105372    0.85%    passed     99.90%
 466  LC105415    1.45%    passed     99.93%
 467  LC173014    0.51%    passed     99.99%
 468  MN106134    0.00%    passed     98.03%
 469  MW384374    0.06%    passed     98.42%
 470  MW384176    1.06%    passed     99.69%
 471  KX778548    1.06%    passed     99.53%
 472  MN529630    2.70%    passed     99.14%
 473  MN529631    2.70%    passed     99.14%
 474  MN529632    2.70%    passed     99.14%
 475  MN106133    0.00%    passed     99.98%
 476  MW384022    0.00%    passed     99.94%
 477  MW384077    0.00%    passed     99.94%
 478  MN106136    0.00%    passed     99.69%
 479  MW384242    0.00%    passed     99.98%
 480  MW384099    0.00%    passed     99.90%
 481  MW384011    0.00%    passed     99.90%
 482  MW384000    0.00%    passed     99.79%
 483  MW384044    0.00%    passed     99.79%
 484  MW384055    0.00%    passed     99.79%
 485  MW384066    0.00%    passed     99.79%
 486  MW384110    0.00%    passed     99.86%
 487  MW384187    0.00%    passed     99.79%
 488  MW384319    0.00%    passed     99.79%
 489  MW384253    0.00%    passed     99.61%
 490  MW384209    0.00%    passed     99.91%
 491  MN106135    0.00%    passed     99.79%
 492  MN106137    0.00%    passed     99.82%
 493  MW384165    0.00%    passed     99.53%
 494  MW384033    0.00%    passed     99.53%
 495  MW383978    0.00%    passed     99.69%
 496  MW384220    0.00%    passed     99.91%
 497  MZ165433    0.00%    passed     99.30%
 498  MZ165434    0.00%    passed     99.30%
 499  MZ165435    0.00%    passed     99.30%
 500  MZ165436    0.00%    passed     99.30%
 501  MZ165437    0.00%    passed     99.30%
 502  MZ165441    0.00%    passed     99.53%
 503  MZ165442    0.00%    passed     99.53%
 504  MZ165438    0.00%    passed     98.96%
 505  MZ165439    0.00%    passed     98.96%
 506  MZ165440    0.00%    passed     98.96%
 507  MZ165443    0.00%    passed     98.93%
 508  LC688290    0.30%    passed     99.93%
 509  MW384264    0.00%    passed     99.77%
 510  MW384363    0.03%    passed     99.66%
 511  MW384330    0.03%    passed     99.76%
 512  MW384341    0.03%    passed    100.00%
 513  MW384385    0.06%    passed     99.99%
 514  MW384198    1.06%    passed     99.44%
 515  MW384407    0.06%    passed     99.36%
 516  KX778539    1.06%    passed     98.40%
 517  KY634699    2.15%    passed     99.91%
 518  JQ087423    0.00%    passed     98.47%
 519  JQ087434    0.00%    passed     96.19%
 520  AB714258    1.06%    passed     99.26%
 521  JX027708    1.00%    passed     99.67%
 522  JX027681    1.00%    passed     99.78%
 523  KC769338    1.00%    passed     99.78%
 524  JF490512    1.00%    passed     99.87%
 525  JX027857    1.03%    passed     99.43%
 526  KF371905    0.00%    passed     99.32%
 527  HQ392157    1.00%    passed     99.76%
 528  JN651829   27.41%    passed     90.31%
 529  KJ412710    1.00%    passed     99.60%
 530  KY657684    1.15%    passed     17.76%
 531  KY657685    1.15%    passed      6.06%
 532  KY657686    1.15%    passed     40.20%
 533  KY657687    1.15%    passed     68.77%
 534  KY657688    1.15%    passed     87.48%
 535  KY657689    1.15%    passed     98.93%
 536  KF371829    0.00%    passed     99.88%
 537  KF371851    0.00%    passed     99.86%
 538  MW384352    0.06%    passed     99.56%
 539  MW384275    0.00%    passed     99.97%
 540  MW384396    0.03%    passed     99.65%
 541  MW384308    0.03%    passed     99.98%
 542  KF371667    0.55%    passed     99.92%
 543  KX778543    1.06%    passed     99.97%
 544  KX778541    1.06%    passed     99.97%
 545  KX778538    1.06%    passed     99.82%
 546  JX027879    1.00%    passed     97.33%
 547  KF372003    0.00%    passed     98.76%
 548  EF560705    0.00%    passed     99.12%
 549  HQ670632    0.00%    passed     97.18%
 550  KT919040    0.88%    passed     98.99%
 551  MF469390    1.00%    passed     99.05%
 552  MF469103    1.00%    passed     99.05%
 553  MF469277    1.00%    passed     99.05%
 554  MF469256    1.00%    passed     99.05%
 555  MH171306    0.00%    passed     99.71%
 556  MH171308    0.00%    passed     99.94%
 557  MH171311    0.00%    passed     99.83%
 558  KX778540    1.06%    passed     99.71%
 559  KX778547    1.06%    passed     99.51%
 560  MH166401    0.00%    passed     98.96%
 561  MK412569    0.00%    passed     98.96%
 562  MN417966    0.00%    passed     98.96%
 563  MN417967    0.00%    passed     98.96%
 564  MN417968    0.00%    passed     98.96%
 565  KJ752980    1.00%    passed     99.94%
 566  KX363028    0.00%    passed     99.91%
 567  KX362973    0.00%    passed     99.91%
 568  KX362843    0.00%    passed     99.84%
 569  KX363180    0.00%    passed     99.84%
 570  KX363072    0.00%    passed     99.72%
 571  KX363094    0.00%    passed     99.91%
 572  KX363265    0.00%    passed     99.91%
 573  KX362678    0.00%    passed     99.84%
 574  KX362755    0.00%    passed     99.94%
 575  KX362601    0.00%    passed     99.56%
 576  KX363039    1.06%    passed     99.93%
 577  KX363017    1.70%    passed     99.92%
 578  KX363147    6.00%    passed     96.64%
 579  KX362919   11.99%    passed     97.81%
 580  KX363169    0.39%    passed     99.99%
 581  KX362766    1.03%    passed     99.86%
 582  KX362984    3.79%    passed     98.12%
 583  KX362962    0.33%    passed     99.97%
 584  KX362875    0.33%    passed     99.71%
 585  KX362591    0.42%    passed     99.89%
 586  KX362995    0.33%    passed     99.94%
 587  KX363158    0.33%    passed     99.98%
 588  KX363083    0.00%    passed     99.91%
 589  KX363061    0.00%    passed     99.91%
 590  KX363136    0.00%    passed     99.80%
 591  KX362951    0.09%    passed     99.99%
 592  KX363050    0.39%    passed     99.91%
 593  KX362908    0.18%    passed     99.95%
 594  KX363191    0.00%    passed     99.02%
 595  KX363293    0.00%    passed     98.29%
 596  KX363116   12.93%    passed     98.68%
 597  KX362886    2.73%    passed     99.85%
 598  KX362897    0.00%    passed     99.32%
 599  KX363105    0.33%    passed     99.53%
 600  KX363234    0.00%    passed     99.32%
 601  KX363212    0.24%    passed     99.65%
 602  KY634583    5.18%    passed     98.69%
 603  KY634539    1.51%    passed     99.75%
 604  KY634605    7.21%    passed     99.21%
 605  KY634760    1.85%    passed     99.78%
 606  KY634594   11.05%    passed     96.67%
 607  KX362810    4.75%    passed     99.77%
 608  KX363006   13.45%    passed     98.16%
 609  KY634561    1.79%    passed     99.26%
 610  KY634550    7.78%    passed     98.27%
 611  KX362939    3.51%    passed     95.88%
 612  KX362864   21.50%    passed     99.54%
 613  KY634625    5.54%    passed     99.96%
 614  MH171314    1.06%    passed     98.66%
 615  MH171313    1.06%    passed     98.14%
 616  KF812719    1.06%    passed     96.03%
 617  KF812718    1.06%    passed     96.26%
 618  KF812717    1.06%    passed     96.65%
 619  KF812716    1.06%    passed     97.63%
 620  LC374129    1.30%    passed     99.42%
 621  LC105437    0.76%    passed     99.69%
 622  MZ097102    8.09%    passed     99.26%
 623  MZ097113    5.78%    passed     99.28%
 624  MZ097124    1.06%    passed     99.71%
 625  MZ097296    1.06%    passed     99.71%
 626  MZ095365    1.06%    passed     99.99%
 627  MZ095584    1.06%    passed     99.99%
 628  MZ095562    1.06%    passed     99.98%
 629  MZ095682    1.06%    passed     99.94%
 630  MZ095858    1.06%    passed     99.94%
 631  MZ096056    1.06%    passed     99.99%
 632  MZ095376    1.06%    passed     99.86%
 633  MZ095671    1.06%    passed     99.95%
 634  MZ095409    1.06%    passed     99.86%
 635  MZ095453    1.06%    passed     99.86%
 636  MZ095759    1.06%    passed     99.86%
 637  MZ095726    1.06%    passed     99.92%
 638  MZ095924    1.06%    passed     99.90%
 639  MZ095475    1.06%    passed     99.99%
 640  MZ095519    1.06%    passed     99.99%
 641  MZ095748    1.06%    passed     99.99%
 642  MZ095946    1.06%    passed     99.99%
 643  MZ095464    1.06%    passed     99.69%
 644  MZ095781    1.06%    passed     99.69%
 645  MZ095606    1.06%    passed     99.83%
 646  MZ095551    1.06%    passed     99.92%
 647  MZ095737    1.06%    passed     99.92%
 648  MZ095847    1.06%    passed     99.96%
 649  MZ095891    1.06%    passed     99.96%
 650  MZ095431    1.06%    passed     99.83%
 651  MZ095497    1.06%    passed     99.83%
 652  MZ095825    1.06%    passed     99.83%
 653  MZ095880    1.06%    passed     99.83%
 654  MZ095573    1.06%    passed     99.67%
 655  MZ095442    1.06%    passed     99.72%
 656  MZ095715    1.06%    passed     99.72%
 657  MZ095617    1.06%    passed     99.87%
 658  MZ095693    1.06%    passed     99.46%
 659  MZ095792    1.06%    passed     99.67%
 660  MZ095530    1.06%    passed     99.67%
 661  MZ095803    1.06%    passed     99.67%
 662  MZ095902    1.06%    passed     99.83%
 663  MZ095990    1.06%    passed     99.87%
 664  MZ095836    1.06%    passed     99.87%
 665  MZ095957    1.06%    passed     99.86%
 666  MZ095935    1.06%    passed     99.95%
 667  MZ096034    1.06%    passed    100.00%
 668  MZ095869    1.06%    passed     99.96%
 669  MZ095913    1.06%    passed     99.96%
 670  MZ095486    1.06%    passed     99.99%
 671  MZ097285    1.06%    passed     99.87%
 672  MZ097307    1.06%    passed     99.87%
 673  MZ095704    1.06%    passed     99.46%
 674  MZ096012    1.06%    passed     99.90%
 675  MZ096197    1.79%    passed     99.80%
 676  MZ095387    5.88%    passed     98.77%
 677  MZ095628    7.24%    passed     96.65%
 678  MZ095420    5.88%    passed     97.53%
 679  MZ095508    5.84%    passed     98.53%
 680  MZ095968   23.50%    passed     93.78%
 681  MZ097135   12.78%    passed     97.64%
 682  MZ097146    1.06%    passed     99.92%
 683  MZ096261    1.06%    passed     99.92%
 684  MZ097157    1.06%    passed     99.77%
 685  MZ096250    3.42%    passed     99.91%
 686  MZ096412    1.06%    passed     99.98%
 687  GU199503    0.00%    passed     94.86%
 688  KJ627112    0.94%    passed     98.21%
 689  KJ753082    1.00%    passed     95.52%
 690  KJ751757    1.00%    passed     99.07%
 691  KP752753    1.00%    passed     98.35%
 692  LC600831    0.45%    passed     98.28%
 693  LC600842    0.24%    passed     99.49%
 694  MZ093898    1.06%    passed     98.43%
 695  MZ094479    1.06%    passed     95.98%
 696  MZ094490    1.06%    passed     95.98%
 697  MZ097080    1.06%    passed     96.64%
 698  MZ096486    1.06%    passed     96.56%
 699  MZ096596    1.06%    passed     97.99%
 700  MZ096497    1.06%    passed     98.61%
 701  MZ096541    1.06%    passed     98.61%
 702  MZ096651    1.06%    passed     98.61%
 703  MZ096816    1.06%    passed     98.61%
 704  MZ096574    1.06%    passed     99.06%
 705  MZ096640    1.06%    passed     99.06%
 706  MZ096695    1.06%    passed     99.06%
 707  MZ096772    1.06%    passed     98.32%
 708  MZ096794    1.06%    passed     99.06%
 709  MZ096783    1.06%    passed     97.69%
 710  MZ096673    1.06%    passed     98.80%
 711  MZ096684    1.06%    passed     98.80%
 712  MZ096706    1.06%    passed     98.80%
 713  MZ096728    1.06%    passed     98.80%
 714  MZ096717    1.06%    passed     98.43%
 715  MZ096629    1.06%    passed     99.16%
 716  MZ096805    1.06%    passed     97.42%
 717  MZ096662    1.06%    passed     98.82%
 718  MZ096761    1.06%    passed     98.24%
 719  MZ096618    1.06%    passed     99.34%
 720  MZ096739    1.06%    passed     98.74%
 721  MZ096827    1.06%    passed     96.56%
 722  MZ096849    1.06%    passed     96.56%
 723  MZ096607    5.78%    passed     99.90%
 724  MZ093657    1.06%    passed     99.45%
 725  MZ093814    1.51%    passed     98.90%
 726  MZ093868    1.88%    passed     98.36%
 727  MZ093950    1.70%    passed     98.91%
 728  MZ094786    1.06%    passed     95.89%
 729  MZ094873    1.06%    passed     95.89%
 730  MZ094894    1.06%    passed     95.89%
 731  MZ094982    1.06%    passed     95.89%
 732  MZ094512    1.06%    passed     95.89%
 733  MZ094578    1.06%    passed     95.89%
 734  MZ094666    1.06%    passed     95.89%
 735  MZ094732    1.06%    passed     95.89%
 736  MZ094754    1.06%    passed     95.89%
 737  MZ094545    1.06%    passed     94.79%
 738  MZ097014    1.06%    passed     94.79%
 739  MZ094938    1.06%    passed     95.23%
 740  MZ095015    1.06%    passed     95.23%
 741  MZ097047    1.06%    passed     95.89%
 742  MZ094556    1.06%    passed     95.36%
 743  MZ094655    1.06%    passed     95.36%
 744  MZ097058    1.06%    passed     96.81%
 745  MZ095004    1.06%    passed     95.23%
 746  MZ094721    1.06%    passed     94.79%
 747  MZ094534    1.06%    passed     96.64%
 748  MZ094775    1.06%    passed     96.64%
 749  MZ094446    1.06%    passed     96.30%
 750  MZ094644    1.06%    passed     96.30%
 751  MZ094633    1.06%    passed     94.31%
 752  MZ093803    1.06%    passed     96.64%
 753  MZ095290    1.06%    passed     95.89%
 754  MZ095026    1.06%    passed     94.23%
 755  MZ095070    1.06%    passed     94.23%
 756  MZ095114    1.06%    passed     94.23%
 757  MZ095279    1.06%    passed     94.23%
 758  MZ095048    1.06%    passed     95.36%
 759  MZ095235    1.06%    passed     93.55%
 760  MZ095125    1.06%    passed     95.89%
 761  MZ095180    1.06%    passed     94.79%
 762  MZ097069    1.06%    passed     94.79%
 763  MZ095213    1.06%    passed     93.93%
 764  MZ095103    1.06%    passed     97.63%
 765  MZ095246    5.78%    passed     99.41%
 766  MZ095092    1.15%    passed     95.37%
 767  MZ094818    1.42%    passed     94.86%
 768  MZ095343    1.06%    passed     96.38%
 769  MZ096904    1.06%    passed     94.05%
 770  MZ095059   20.32%    passed     89.36%
 771  MZ094916   11.14%    passed     98.97%
 772  MZ094927    2.33%    passed     94.39%
 773  MZ094501    2.42%    passed     94.13%
 774  MZ094611   22.05%    passed     93.57%
 775  KX632320    0.00%    passed     97.72%
 776  KX632243    0.00%    passed     99.03%
 777  KX632309    0.00%    passed     98.63%
 778  KX632298    0.00%    passed     99.06%
 779  KX632287    0.00%    passed     98.71%
 780  MZ094971    1.06%    passed     97.16%
 781  MZ094688    1.06%    passed     97.67%
 782  MZ094699    5.60%    passed     99.39%
 783  MZ094960   12.42%    passed     99.55%
 784  KJ752469    1.00%    passed     98.65%
 785  KJ753147    1.00%    passed     99.21%
 786  KP752934    0.94%    passed     99.70%
 787  LC368121    0.18%    passed     99.93%
 788  LC372861    0.00%    passed     99.98%
 789  LC372883    0.00%    passed     99.98%
 790  LC372872    0.30%    passed     99.97%
 791  LC368099    1.30%    passed     99.54%
 792  LC372916    1.39%    passed     96.52%
 793  LC372894    1.39%    passed     96.52%
 794  LC372905    0.73%    passed     98.07%
 795  LC368088    0.61%    passed     99.76%
 796  LC372839    0.61%    passed     98.91%
 797  LC368110    0.03%    passed     99.74%
 798  LC367259    0.24%    passed     99.75%
 799  LC367270    0.55%    passed     99.46%
 800  LC372850    0.67%    passed     98.62%
 801  LC367303    0.15%    passed     99.93%
 802  LC374162    0.97%    passed     99.31%
 803  LC364350    1.18%    passed     97.93%
 804  LC374206    0.24%    passed     99.72%
 805  LC374173    0.73%    passed     98.78%
 806  LC374184    0.27%    passed     99.97%
 807  LC374195    0.30%    passed     99.96%
 808  LC374140    0.21%    passed     99.53%
 809  LC374151    1.00%    passed     98.97%
 810  KC193633    1.00%    passed     99.29%
 811  KJ753158    1.00%    passed     99.71%
 812  JN258830    1.00%    passed     93.49%
 813  JN651808    1.03%    passed     99.92%
 814  JN651775    1.06%    passed     99.88%
 815  JN635532    1.03%    passed     99.80%
 816  JN635543   10.87%    passed     94.78%
 817  KF372014    0.00%    passed     99.95%
 818  KF371840    0.00%    passed     99.46%
 819  LC173013    0.00%    passed     99.46%
 820  KY634653    2.48%    passed     92.13%
 821  KX362623   20.81%    passed     97.65%
 822  KU714444    0.00%    passed     99.72%
 823  KT919128    0.94%    passed     98.42%
 824  KY634572    9.78%    passed     97.08%
 825  KF371730    0.00%    passed     99.77%
 826  KJ583152    6.15%    passed     99.90%
 827  KJ583141    2.88%    passed     99.95%
 828  FJ747613    1.03%    passed     95.93%
 829  KF636278    1.00%    passed     94.96%
 830  KF636201    1.00%    passed     93.77%
 831  KF636190    1.00%    passed     93.77%
 832  KJ753193    1.00%    passed     93.77%
 833  KF636179    1.00%    passed     95.98%
 834  KF636234    1.00%    passed     95.98%
 835  KF636212    1.00%    passed     94.35%
 836  HQ392328    1.00%    passed     87.91%
 837  HQ392110    1.00%    passed     92.05%
 838  HQ392086    1.00%    passed     92.05%
 839  HQ392124    1.00%    passed     92.05%
 840  HQ392212    1.00%    passed     90.97%
 841  JN258934    1.00%    passed     91.42%
 842  HQ392135    1.00%    passed     92.17%
 843  HQ392168    1.00%    passed     92.17%
 844  HQ392197    1.00%    passed     93.65%
 845  HQ392267    1.00%    passed     94.61%
 846  HQ392223    1.00%    passed     94.93%
 847  KJ412642    0.94%    passed     98.29%
 848  KJ412699    1.00%    passed     97.84%
 849  KJ412732    1.00%    passed     97.84%
 850  HQ392377    1.00%    passed     90.89%
 851  HQ392443    1.00%    passed     88.51%
 852  JN258901    1.00%    passed     86.64%
 853  HQ392463    1.03%    passed     88.69%
 854  KP645278    1.06%    passed     93.47%
 855  MH171315    0.00%    passed     95.23%
 856  MH171316    0.00%    passed     95.23%
 857  KF636223    1.00%    passed     94.25%
 858  KJ752563    1.00%    passed     94.25%
 859  KJ753776    1.00%    passed     94.25%
 860  KJ753093    1.00%    passed     94.25%
 861  KJ753674    1.00%    passed     94.25%
 862  KJ753616    1.00%    passed     94.25%
 863  KJ753582    1.00%    passed     93.72%
 864  KJ753237    1.00%    passed     93.72%
 865  KJ753303    1.00%    passed     92.39%
 866  KP752742    0.94%    passed     94.90%
 867  KJ753662    1.03%    passed     93.36%
 868  KJ752901   22.62%    passed     38.24%
 869  KJ752284    1.00%    passed     97.66%
 870  KJ752037    1.00%    passed     94.43%
 871  KJ752427    1.00%    passed     94.48%
 872  KJ753248    1.00%    passed     96.20%
 873  KJ752969    1.00%    passed     97.10%
 874  KP752426    1.00%    passed     97.10%
 875  KJ752958    1.00%    passed     95.55%
 876  KJ752497    1.00%    passed     92.39%
 877  KJ753512    1.00%    passed     95.53%
 878  KJ752541    1.00%    passed     95.62%
 879  KJ752416    1.00%    passed     95.15%
 880  KJ752328    1.00%    passed     96.49%
 881  KJ753259    1.00%    passed     96.27%
 882  KJ753841    1.00%    passed     97.19%
 883  KJ753501    1.00%    passed     95.18%
 884  KJ753765    1.00%    passed     96.27%
 885  HQ392432    1.00%    passed     90.97%
 886  HQ392095    1.00%    passed     94.84%
 887  HQ392021    1.00%    passed     93.92%
 888  HQ392031    1.00%    passed     94.16%
 889  KC195753    1.00%    passed     89.24%
 890  KC769349    1.00%    passed     85.70%
 891  JN258853    1.00%    passed     94.69%
 892  JN258783    1.00%    passed     94.23%
 893  JN258817    1.00%    passed     91.53%
 894  KJ626615    0.94%    passed     92.76%
 895  JN651753    1.12%    passed     92.04%
 896  JN651797    1.03%    passed     93.35%
 897  JN258795    1.00%    passed     96.42%
 898  KC443576    0.94%    passed     94.74%
 899  JN651786    2.79%    passed     88.22%
 900  KP645311    1.06%    passed     87.29%
 901  KP645256    1.06%    passed     87.94%
 902  JN651764    1.06%    passed     93.80%
 903  HQ392062    1.00%    passed     95.15%
 904  HQ392044    1.00%    passed     96.27%
 905  HQ391992    1.00%    passed     88.82%
 906  KC193612    1.00%    passed     88.82%
 907  JN651840    1.03%    passed     91.58%
 908  JN258912    1.00%    passed     92.51%
 909  KP752637    0.94%    passed     95.89%
 910  KJ751768    1.00%    passed     97.31%
 911  KJ752629    1.00%    passed     88.71%
 912  HQ392391    1.00%    passed     87.98%
 913  KC195769    1.00%    passed     97.53%
 914  JN651851    7.00%    passed     91.50%
 915  MZ094797    1.06%    passed     86.46%
 916  MZ094829    1.06%    passed     86.46%
 917  MZ094840    1.06%    passed     86.46%
 918  MZ094743    1.06%    passed     86.46%
 919  MZ097036    1.06%    passed     86.46%
 920  MZ094862    1.06%    passed     88.42%
 921  MZ094765    1.06%    passed     88.42%
 922  MZ094468    1.06%    passed     82.07%
 923  MZ094622    1.06%    passed     81.54%
 924  MZ097025    1.06%    passed     88.42%
 925  MZ094677    1.06%    passed     89.01%
 926  MZ095257    1.06%    passed     92.85%
 927  MZ095268    1.06%    passed     92.85%
 928  MZ095301    1.06%    passed     93.32%
 929  MZ094457    1.06%    passed     88.42%
 930  MZ094600    1.51%    passed     82.19%
 931  MZ095398    1.06%    passed     84.94%
 932  MZ094905    1.33%    passed     77.90%
 933  MZ094993    2.06%    passed     91.17%
 934  MZ095037    4.27%    passed     85.64%
 935  MZ094567    1.18%    passed     75.76%
 936  MZ097003    2.88%    passed     78.80%
 937  MZ095136    1.06%    passed     93.06%
 938  MZ095202    1.06%    passed     95.20%
 939  MZ097091    1.06%    passed     93.06%
 940  MZ095224    2.39%    passed     89.99%
 941  MZ094949    4.48%    passed     81.05%
 942  MZ094807    1.06%    passed     88.54%
 943  MZ095332    1.06%    passed     93.44%
 944  MZ095770    1.06%    passed     96.05%
 945  MZ095814    1.06%    passed     96.05%
 946  MZ095979    1.06%    passed     98.02%
 947  MZ095081    4.33%    passed     89.42%
 948  JX027778    1.00%    passed     94.23%
 949  JX027780    1.00%    passed     94.23%
 950  JX027747    1.00%    passed     93.38%
 951  KC769305    1.03%    passed     93.64%
 952  JX027802    1.00%    passed     93.38%
 953  JX027659    1.00%    passed     93.38%
 954  JX027692    1.00%    passed     93.75%
 955  KC769415    1.00%    passed     91.93%
 956  KC769426    1.03%    passed     91.22%
 957  JF490402    1.00%    passed     93.38%
 958  JX027736    1.03%    passed     94.27%
 959  KC769316    1.06%    passed     94.53%
 960  HQ392055    1.00%    passed     94.78%
 961  KJ626785    1.00%    passed     97.47%
 962  HQ392245    1.00%    passed     92.23%
 963  HQ392278    1.00%    passed     89.96%
 964  KJ627100    1.00%    passed     87.97%
 965  KJ626693    1.00%    passed     87.97%
 966  KJ626762    1.00%    passed     89.08%
 967  KJ626927    1.00%    passed     87.27%
 968  KJ626740    1.00%    passed     91.27%
 969  KJ627078    1.00%    passed     92.11%
 970  KJ626976    1.00%    passed     90.65%
 971  KJ626559    1.00%    passed     91.43%
 972  KJ626535    1.03%    passed     92.77%
 973  KJ626502    1.00%    passed     93.48%
 974  KJ626593    1.00%    passed     93.48%
 975  KJ559226    1.00%    passed     93.93%
 976  KJ627063    0.94%    passed     96.92%
 977  JF490523    1.00%    passed     96.73%
 978  JF490127    1.00%    passed     96.73%
 979  JF490105    1.00%    passed     97.15%
 980  JF490116    1.00%    passed     97.15%
 981  KC769404   24.59%    passed     87.33%
 982  KC193623    1.00%    passed     97.19%
 983  KJ559204    1.00%    passed     95.18%
 984  KJ559356    1.00%    passed     96.02%
 985  KJ559367    1.00%    passed     96.02%
 986  KJ559389    1.00%    passed     96.20%
 987  KJ559290    1.00%    passed     95.32%
 988  KJ559334    1.00%    passed     95.15%
 989  KJ559238    0.94%    passed     96.73%
 990  KJ559126    0.94%    passed     96.30%
 991  KJ627150    0.94%    passed     96.73%
 992  KJ559275    0.94%    passed     96.73%
 993  KJ626844    0.94%    passed     96.59%
 994  KJ627113    0.94%    passed     96.59%
 995  KJ559260    1.03%    passed     96.56%
 996  KJ559323    1.03%    passed     95.27%
 997  KJ559149    0.94%    passed     94.39%
 998  KJ559111    0.94%    passed     92.87%
 999  KJ626524    1.00%    passed     97.71%
1000  KJ559040    0.94%    passed     92.55%
1001  KJ626704    1.00%    passed     91.51%
1002  KJ559301    1.00%    passed     92.21%
1003  HQ392209    1.00%    passed     94.93%
1004  LC172984    0.03%    passed     97.72%
1005  LC172993    0.03%    passed     98.63%
1006  LC172985    0.00%    passed     98.55%
1007  LC172989    0.00%    passed     98.55%
1008  LC172990    0.00%    passed     98.55%
1009  LC172994    0.00%    passed     98.91%
1010  LC172991    0.00%    passed     98.47%
1011  LC172998    0.00%    passed     98.91%
1012  LC172987    0.00%    passed     98.88%
1013  JN258835    1.03%    passed     96.39%
1014  KJ559274    0.94%    passed     94.92%
1015  KJ559193    0.94%    passed     95.88%
1016  MG181931    0.00%    passed     98.33%
1017  MG181282    0.00%    passed     98.49%
1018  MG181359    0.00%    passed     91.18%
1019  MG181392    0.00%    passed     94.91%
1020  MG181403    0.00%    passed     92.97%
1021  MG181436    0.00%    passed     92.62%
1022  MG181425    0.00%    passed     93.38%
1023  MG181381    0.00%    passed     94.47%
1024  MG181370    0.00%    passed     94.80%
1025  MG181238    0.00%    passed     94.81%
1026  MG181293    0.00%    passed     94.47%
1027  MG181304    0.00%    passed     91.18%
1028  MG181260    0.00%    passed     93.99%
1029  MG181414    0.00%    passed     87.71%
1030  MG181271    0.00%    passed     96.52%
1031  MG181337    0.00%    passed     91.70%
1032  MG181348    0.00%    passed     90.52%
1033  JN651818   15.23%    passed     54.39%
1034  KY657678    1.15%    passed     20.77%
1035  KY657680    1.15%    passed     32.90%
1036  KY657679    1.15%    passed     11.04%
1037  KY657681    1.15%    passed     63.46%
1038  KY657682    1.15%    passed     82.78%
1039  KY657683    1.15%    passed     88.94%
1040  KY657672    1.15%    passed     89.31%
1041  KY657677    1.15%    passed     76.05%
1042  KY657673    1.15%    passed     10.34%
1043  KY657675    1.15%    passed     26.47%
1044  KY657676    1.15%    passed     50.98%
1045  KY657674    1.15%    failed      2.42%
1046  KX632342    0.00%    passed     95.32%
1047  LC367292    1.39%    passed     97.83%
1048  LC374063    1.39%    passed     95.87%
1049  LC374030    1.39%    passed     95.87%
1050  LC374107    1.45%    passed     95.32%
1051  LC367281    0.48%    passed     99.10%
1052  LC374052    0.30%    passed     99.44%
1053  LC374118    0.30%    passed     99.44%
1054  LC374096    0.27%    passed     99.50%
1055  LC374074    0.30%    passed     98.96%
1056  LC374085    0.55%    passed     99.07%
1057  LC374041    1.03%    passed     98.17%
1058  EU984103    0.00%    passed     99.57%
1059  KJ752361    1.00%    passed     98.37%
1060  KP753156    0.94%    passed     98.87%
1061  KP753246    0.94%    passed     98.81%
1062  KC443488    0.94%    passed     99.46%
1063  KP645289    1.06%    passed     99.54%
1064  KP645300    1.06%    passed     99.54%
1065  KP645267    1.06%    passed     99.54%
1066  AB861956    0.00%    passed     99.90%
1067  KT919525    1.00%    passed     99.73%
1068  KT918633    0.97%    passed     99.66%
1069  KT919514    0.97%    passed     99.66%
1070  KT918523    0.94%    passed     99.71%
1071  KT918952    0.88%    passed     99.76%
1072  KT918831    0.88%    passed     99.79%
1073  KT919403    0.42%    passed     99.83%
1074  KT918963    0.88%    passed     99.72%
1075  KT919370    0.39%    passed     99.56%
1076  KT918424    0.00%    passed     99.54%
1077  KT918435    0.73%    passed     99.84%
1078  KT919635    0.88%    passed     99.79%
1079  MF168073    0.97%    passed     99.85%
1080  KT918732    0.00%    passed     99.72%
1081  MF469266    0.00%    passed     99.45%
1082  MH171309    0.00%    passed     99.63%
1083  KT919481    0.45%    passed     99.67%
1084  KT919326    0.73%    passed     99.74%
1085  KT919139    0.70%    passed     99.77%
1086  KT919106    0.73%    passed     99.94%
1087  KT919547    0.94%    passed     99.90%
1088  KT918512    0.97%    passed     99.89%
1089  KT918468    0.97%    passed     99.89%
1090  KT919745    0.97%    passed     99.94%
1091  KT918688    0.88%    passed     99.93%
1092  KT919855    0.88%    passed     99.93%
1093  KT919657    0.88%    passed     99.93%
1094  KT919172    0.88%    passed     99.85%
1095  KT919381    0.39%    passed     99.82%
1096  KT919811    0.36%    passed     99.88%
1097  KT919293    0.70%    passed     99.80%
1098  KT919943    0.91%    passed     99.86%
1099  KT918919    0.91%    passed     99.53%
1100  KT919150    0.82%    passed     99.92%
1101  KT919392    1.00%    passed     99.96%
1102  KT918886    0.45%    passed     99.70%
1103  KT918534    0.42%    passed     99.97%
1104  MF469146    0.00%    passed     99.54%
1105  KT918710    0.97%    passed     99.70%
1106  KT919315    0.91%    passed     99.48%
1107  KT918908    0.27%    passed     99.85%
1108  MF469401    0.00%    passed     99.35%
1109  MF469124    0.00%    passed     98.99%
1110  MF469379    0.00%    passed     99.20%
1111  MH171318    0.00%    passed     97.35%
1112  MH171319    0.00%    passed     97.35%
1113  MH171320    0.00%    passed     97.35%
1114  MH171321    0.00%    passed     97.35%
1115  MH171307    0.00%    passed     97.17%
1116  MK417774    0.00%    passed     99.43%
1117  MK417775    0.00%    passed     99.67%
1118  MF469179    1.30%    passed     98.08%
1119  KC769470    1.73%    passed     94.47%
1120  JX027890    1.00%    passed     99.33%
1121  JX027912    1.00%    passed     99.37%
1122  JX027908    1.03%    passed     99.43%
1123  JX027835    1.00%    passed     99.32%
1124  JX027824    1.00%    passed     99.32%
1125  KT919117    0.97%    passed     98.82%
1126  MG181590    0.00%    passed     98.56%
1127  MN066801    0.82%    passed     98.91%
1128  MN067121    0.82%    passed     99.70%
1129  LC426755    1.94%    passed     99.06%
1130  LC172835    0.00%    passed     96.09%
1131  LC172841    0.00%    passed     96.09%
1132  LC172847    0.00%    passed     96.09%
1133  LC172849    0.00%    passed     96.09%
1134  LC172850    0.00%    passed     96.09%
1135  LC172845    0.00%    passed     96.98%
1136  LC172852    0.00%    passed     96.27%
1137  LC172853    0.00%    passed     95.78%
1138  LC172836    0.00%    passed     96.35%
1139  MN067154    0.82%    passed     99.41%
1140  MN067110    0.82%    passed     99.34%
1141  MN106138    0.00%    passed     98.91%
1142  JX509935    0.00%    passed     99.67%
1143  HQ392410    1.03%    passed     98.95%
1144  MF469220    0.00%    passed     95.98%
1145  LC028933    1.45%    passed     99.01%
1146  JF490479    1.00%    passed     99.02%
1147  JF490391    1.00%    passed     99.40%
1148  JF490501    1.00%    passed     99.40%
1149  JF490468    1.00%    passed     99.34%
1150  JF490446    1.00%    passed     99.34%
1151  JF490490    1.00%    passed     99.04%
1152  JF490369    1.00%    passed     99.59%
1153  JF490380    1.00%    passed     99.59%
1154  JF490457    1.00%    passed     99.64%
1155  JX027714    1.00%    passed     97.77%
1156  JX027732    1.06%    passed     96.37%
1157  KC769459    1.00%    passed     97.91%
1158  KC769327    1.00%    passed     97.91%
1159  JX027791    1.00%    passed     97.91%
1160  JX027758    1.00%    passed     98.50%
1161  JX027648    1.00%    passed     97.91%
1162  KC769393    1.06%    passed     97.31%
1163  JX027670    1.03%    passed     97.99%
1164  JX027641    1.03%    passed     97.93%
1165  KC769437    1.64%    passed     97.61%
1166  JN258868    1.00%    passed     99.64%
1167  JN258861    1.00%    passed     98.01%
1168  JN258890    1.00%    passed     95.10%
1169  HQ392069    1.00%    passed     98.84%
1170  HQ392146    1.00%    passed     98.98%
1171  HQ392366    1.00%    passed     95.04%
1172  JN258808    1.03%    passed     99.07%
1173  KJ559041    0.94%    passed     97.76%
1174  JF490149    1.00%    passed     98.60%
1175  KC769371    2.88%    passed     96.00%
1176  JN258886    1.00%    passed     99.53%
1177  JN635554    1.03%    passed     99.77%
1178  JN651862    1.03%    passed     99.77%
1179  JN258950    1.00%    passed     99.74%
1180  MK953566    2.48%    passed     94.41%
1181  MK953575    2.48%    passed     96.82%
1182  MK953584    2.48%    passed     97.82%
1183  MK953602    2.48%    passed     94.96%
1184  KF812721    1.06%    passed     89.27%
1185  GU189551    0.00%    passed     41.60%
1186  KF447861    0.00%    passed     60.06%
1187  KF041441    0.00%    passed     60.06%
1188  KF447850    0.00%    passed     60.06%
1189  KF447839    0.00%    passed     60.06%
1190  KF726036    0.00%    passed     61.18%
1191  KF726058    0.00%    passed     36.25%
1192  KF726069    0.00%    passed     50.10%
1193  LC569891    0.00%    passed     37.32%
1194  KX362689    0.03%    passed     37.63%
1195  MK597982    1.06%    passed     90.25%
1196  KY634814    1.67%    passed     81.24%
1197  MN066811    0.85%    passed     63.64%
1198  GU199492    0.00%    passed     42.32%
1199  KJ501692    2.42%    passed     74.51%
1200  LC600820    0.45%    passed     49.18%
1201  MZ097318    1.06%    passed     64.31%
1202  MZ096177    1.06%    passed     61.47%
1203  MZ096206    1.06%    passed     59.69%
1204  MZ096304    1.06%    passed     59.69%
1205  MZ096337    1.06%    passed     59.69%
1206  MZ096315    1.06%    passed     57.81%
1207  MZ096370    1.06%    passed     59.03%
1208  MZ096188    1.06%    passed     57.81%
1209  MZ096239    1.06%    passed     57.81%
1210  MZ096271    1.06%    passed     62.03%
1211  MZ096227    1.06%    passed     61.08%
1212  MZ096871    1.06%    passed     61.08%
1213  MZ096166    1.06%    passed     60.11%
1214  MZ096860    1.06%    passed     60.11%
1215  MZ096293    1.06%    passed     62.03%
1216  MZ096217    1.06%    passed     60.67%
1217  MZ096348    1.06%    passed     62.19%
1218  MZ096282    1.06%    passed     64.71%
1219  MZ096423    1.06%    passed     64.71%
1220  MZ096893    1.06%    passed     63.15%
1221  MZ096326    1.06%    passed     65.57%
1222  MZ096391    1.06%    passed     63.15%
1223  MZ096402    1.06%    passed     63.15%
1224  MZ096359    1.06%    passed     60.67%
1225  MZ096381    1.06%    passed     63.85%
1226  MZ096882    1.06%    passed     63.85%
1227  MZ096434    1.06%    passed     63.42%
1228  MZ096508    1.06%    passed     55.48%
1229  MZ096530    1.06%    passed     55.48%
1230  MZ096519    1.06%    passed     54.04%
1231  MZ096563    1.06%    passed     58.20%
1232  MZ096750    1.06%    passed     63.85%
1233  MZ096838    1.06%    passed     64.31%
1234  MG181227    0.03%    passed     94.31%
1235  MG181249    0.03%    passed     94.31%
1236  KC412052    2.67%    passed     30.67%
1237  KJ412564    1.00%    passed     26.20%
1238  HG513045    0.76%    passed     18.17%
1239  LC190486    0.39%    passed      8.22%
1240  KU363137    0.00%    failed      2.10%
1241  LC061617    4.27%    passed     13.37%
1242  LC061616    3.06%    passed     14.31%
1243  KJ820869    1.00%    passed     62.51%
1244  KJ820836    1.00%    passed     62.51%
1245  KU739907    0.88%    failed      2.92%
1246  KU739905    0.58%    failed      2.09%
1247  KU739906    0.55%    failed      2.42%
1248  AB741649    0.00%    passed     57.50%
1249  LC569880    0.33%    passed     24.15%
1250  LC000533    4.66%    passed     32.90%
1251  KJ870900    0.00%    passed     10.54%
1252  LC600809    0.45%    passed     16.67%
1253  KC412043    2.79%    passed     24.48%
****  TOTAL       1.14%  5 sequences failed composition chi2 test (p-value<5%; df=3)
NOTE: MG181513 is identical to MG181491 but kept for subsequent analysis
NOTE: LC172929 is identical to LC172928 but kept for subsequent analysis
NOTE: LC172946 is identical to LC172940 but kept for subsequent analysis
NOTE: MF469420 is identical to MF469441 but kept for subsequent analysis
NOTE: MF469288 is identical to MF469352 but kept for subsequent analysis
NOTE: KJ412743 is identical to KJ412688 but kept for subsequent analysis
NOTE: MH171312 is identical to MH171310 but kept for subsequent analysis
NOTE: JF490237 is identical to JF490281 but kept for subsequent analysis
NOTE: JF490270 is identical to JF490268 but kept for subsequent analysis
NOTE: JF490101 is identical to JF490083 but kept for subsequent analysis
NOTE: KJ626818 is identical to KJ627047 but kept for subsequent analysis
NOTE: KJ412666 is identical to KJ412631 but kept for subsequent analysis
NOTE: JX027974 is identical to JX027945 but kept for subsequent analysis
NOTE: LC468224 is identical to LC468213 but kept for subsequent analysis
NOTE: HQ392239 is identical to HQ392311 but kept for subsequent analysis
NOTE: KJ752261 is identical to KF636168 but kept for subsequent analysis
NOTE: KJ753571 is identical to KJ752150 but kept for subsequent analysis
NOTE: MN067069 is identical to MN067047 but kept for subsequent analysis
NOTE: MN066982 is identical to MN066772 but kept for subsequent analysis
NOTE: MZ093709 is identical to MZ093668 but kept for subsequent analysis
NOTE: MZ093742 is identical to MZ093720 but kept for subsequent analysis
NOTE: KT919414 is identical to KT919866 but kept for subsequent analysis
NOTE: KT918545 is identical to KT919205 but kept for subsequent analysis
NOTE: KT918974 is identical to KT919095 but kept for subsequent analysis
NOTE: KT918754 is identical to KT918666 but kept for subsequent analysis
NOTE: KT918677 is identical to KT919029 but kept for subsequent analysis
NOTE: KT919932 is identical to KT918479 but kept for subsequent analysis
NOTE: KT919789 is identical to KT919304 but kept for subsequent analysis
NOTE: KT919844 is identical to KT919194 but kept for subsequent analysis
NOTE: MW383989 is identical to MN106132 but kept for subsequent analysis
NOTE: MW384143 is identical to MW384154 but kept for subsequent analysis
NOTE: MW384132 is identical to MW384121 but kept for subsequent analysis
NOTE: KJ753379 is identical to KJ752227 but kept for subsequent analysis
NOTE: KP753167 is identical to KJ752172 but kept for subsequent analysis
NOTE: KJ753457 is identical to KJ753560 but kept for subsequent analysis
NOTE: LC172992 is identical to LC172986 but kept for subsequent analysis
NOTE: LC172997 is identical to LC172996 but kept for subsequent analysis
NOTE: LC173016 is identical to LC173015 but kept for subsequent analysis
NOTE: MN529631 is identical to MN529630 but kept for subsequent analysis
NOTE: MW384077 is identical to MW384022 but kept for subsequent analysis
NOTE: MW384011 is identical to MW384099 but kept for subsequent analysis
NOTE: MW384044 is identical to MW384000 but kept for subsequent analysis
NOTE: MW384033 is identical to MW384165 but kept for subsequent analysis
NOTE: MZ165434 is identical to MZ165433 but kept for subsequent analysis
NOTE: MZ165442 is identical to MZ165441 but kept for subsequent analysis
NOTE: MZ165439 is identical to MZ165438 but kept for subsequent analysis
NOTE: KC769338 is identical to JX027681 but kept for subsequent analysis
NOTE: KX778541 is identical to KX778543 but kept for subsequent analysis
NOTE: MF469103 is identical to MF469390 but kept for subsequent analysis
NOTE: MK412569 is identical to MH166401 but kept for subsequent analysis
NOTE: KX362973 is identical to KX363028 but kept for subsequent analysis
NOTE: KX363180 is identical to KX362843 but kept for subsequent analysis
NOTE: MZ097296 is identical to MZ097124 but kept for subsequent analysis
NOTE: MZ095584 is identical to MZ095365 but kept for subsequent analysis
NOTE: MZ095453 is identical to MZ095409 but kept for subsequent analysis
NOTE: MZ095519 is identical to MZ095475 but kept for subsequent analysis
NOTE: MZ095781 is identical to MZ095464 but kept for subsequent analysis
NOTE: MZ095737 is identical to MZ095551 but kept for subsequent analysis
NOTE: MZ095497 is identical to MZ095431 but kept for subsequent analysis
NOTE: MZ095715 is identical to MZ095442 but kept for subsequent analysis
NOTE: MZ095803 is identical to MZ095530 but kept for subsequent analysis
NOTE: MZ097307 is identical to MZ097285 but kept for subsequent analysis
NOTE: MZ096261 is identical to MZ097146 but kept for subsequent analysis
NOTE: MZ094490 is identical to MZ094479 but kept for subsequent analysis
NOTE: MZ096541 is identical to MZ096497 but kept for subsequent analysis
NOTE: MZ096640 is identical to MZ096574 but kept for subsequent analysis
NOTE: MZ096684 is identical to MZ096673 but kept for subsequent analysis
NOTE: MZ096849 is identical to MZ096827 but kept for subsequent analysis
NOTE: MZ094873 is identical to MZ094786 but kept for subsequent analysis
NOTE: MZ097014 is identical to MZ094545 but kept for subsequent analysis
NOTE: MZ095015 is identical to MZ094938 but kept for subsequent analysis
NOTE: MZ094644 is identical to MZ094446 but kept for subsequent analysis
NOTE: MZ095070 is identical to MZ095026 but kept for subsequent analysis
NOTE: MZ097069 is identical to MZ095180 but kept for subsequent analysis
NOTE: LC372883 is identical to LC372861 but kept for subsequent analysis
NOTE: LC372894 is identical to LC372916 but kept for subsequent analysis
NOTE: KF636190 is identical to KF636201 but kept for subsequent analysis
NOTE: HQ392086 is identical to HQ392110 but kept for subsequent analysis
NOTE: HQ392168 is identical to HQ392135 but kept for subsequent analysis
NOTE: KJ412732 is identical to KJ412699 but kept for subsequent analysis
NOTE: MH171316 is identical to MH171315 but kept for subsequent analysis
NOTE: KJ752563 is identical to KF636223 but kept for subsequent analysis
NOTE: KJ753237 is identical to KJ753582 but kept for subsequent analysis
NOTE: KC193612 is identical to HQ391992 but kept for subsequent analysis
NOTE: MZ094829 is identical to MZ094797 but kept for subsequent analysis
NOTE: MZ095268 is identical to MZ095257 but kept for subsequent analysis
NOTE: MZ095814 is identical to MZ095770 but kept for subsequent analysis
NOTE: JX027780 is identical to JX027778 but kept for subsequent analysis
NOTE: JX027659 is identical to JX027802 but kept for subsequent analysis
NOTE: KJ626693 is identical to KJ627100 but kept for subsequent analysis
NOTE: KJ626593 is identical to KJ626502 but kept for subsequent analysis
NOTE: JF490116 is identical to JF490105 but kept for subsequent analysis
NOTE: KJ559367 is identical to KJ559356 but kept for subsequent analysis
NOTE: KJ559275 is identical to KJ627150 but kept for subsequent analysis
NOTE: KJ627113 is identical to KJ626844 but kept for subsequent analysis
NOTE: LC172989 is identical to LC172985 but kept for subsequent analysis
NOTE: LC374030 is identical to LC374063 but kept for subsequent analysis
NOTE: LC374118 is identical to LC374052 but kept for subsequent analysis
NOTE: KP645300 is identical to KP645289 but kept for subsequent analysis
NOTE: KT919514 is identical to KT918633 but kept for subsequent analysis
NOTE: KT918468 is identical to KT918512 but kept for subsequent analysis
NOTE: KT919855 is identical to KT918688 but kept for subsequent analysis
NOTE: MH171319 is identical to MH171318 but kept for subsequent analysis
NOTE: JX027824 is identical to JX027835 but kept for subsequent analysis
NOTE: LC172841 is identical to LC172835 but kept for subsequent analysis
NOTE: JF490501 is identical to JF490391 but kept for subsequent analysis
NOTE: JF490446 is identical to JF490468 but kept for subsequent analysis
NOTE: JF490380 is identical to JF490369 but kept for subsequent analysis
NOTE: KC769327 is identical to KC769459 but kept for subsequent analysis
NOTE: JN651862 is identical to JN635554 but kept for subsequent analysis
NOTE: KF041441 is identical to KF447861 but kept for subsequent analysis
NOTE: MZ096304 is identical to MZ096206 but kept for subsequent analysis
NOTE: MZ096239 is identical to MZ096188 but kept for subsequent analysis
NOTE: MZ096871 is identical to MZ096227 but kept for subsequent analysis
NOTE: MZ096860 is identical to MZ096166 but kept for subsequent analysis
NOTE: MZ096423 is identical to MZ096282 but kept for subsequent analysis
NOTE: MZ096402 is identical to MZ096391 but kept for subsequent analysis
NOTE: MZ096882 is identical to MZ096381 but kept for subsequent analysis
NOTE: MZ096530 is identical to MZ096508 but kept for subsequent analysis
NOTE: MG181249 is identical to MG181227 but kept for subsequent analysis
NOTE: KJ820836 is identical to KJ820869 but kept for subsequent analysis
Checking for duplicate sequences: done in 0.0105889 secs using 89.8% CPU
Identifying sites to remove: done in 0.0260971 secs using 79.55% CPU
NOTE: 95 identical sequences (see below) will be ignored for subsequent analysis
NOTE: MG181546 (identical to MG181491) is ignored but added at the end
NOTE: LC172930 (identical to LC172928) is ignored but added at the end
NOTE: LC172933 (identical to LC172928) is ignored but added at the end
NOTE: LC172935 (identical to LC172928) is ignored but added at the end
NOTE: LC172936 (identical to LC172928) is ignored but added at the end
NOTE: LC172937 (identical to LC172928) is ignored but added at the end
NOTE: LC172939 (identical to LC172928) is ignored but added at the end
NOTE: LC172941 (identical to LC172928) is ignored but added at the end
NOTE: LC172945 (identical to LC172928) is ignored but added at the end
NOTE: LC172947 (identical to LC172928) is ignored but added at the end
NOTE: LC172949 (identical to LC172928) is ignored but added at the end
NOTE: LC172950 (identical to LC172928) is ignored but added at the end
NOTE: LC172954 (identical to LC172928) is ignored but added at the end
NOTE: LC172955 (identical to LC172928) is ignored but added at the end
NOTE: LC172957 (identical to LC172928) is ignored but added at the end
NOTE: MF469093 (identical to MF469441) is ignored but added at the end
NOTE: MF469321 (identical to MF469441) is ignored but added at the end
NOTE: MF469311 (identical to MF469441) is ignored but added at the end
NOTE: MF469300 (identical to MF469441) is ignored but added at the end
NOTE: MF469240 (identical to MF469441) is ignored but added at the end
NOTE: MF469189 (identical to MF469352) is ignored but added at the end
NOTE: JF490226 (identical to JF490281) is ignored but added at the end
NOTE: JF490292 (identical to JF490281) is ignored but added at the end
NOTE: JF490193 (identical to JF490083) is ignored but added at the end
NOTE: KJ559345 (identical to KJ627047) is ignored but added at the end
NOTE: JX027944 (identical to JX027945) is ignored but added at the end
NOTE: JX027965 (identical to JX027945) is ignored but added at the end
NOTE: KJ752015 (identical to KJ752150) is ignored but added at the end
NOTE: KJ752585 (identical to KJ752150) is ignored but added at the end
NOTE: MN066854 (identical to MN066772) is ignored but added at the end
NOTE: MN066865 (identical to MN066772) is ignored but added at the end
NOTE: MN067132 (identical to MN066772) is ignored but added at the end
NOTE: MZ093879 (identical to MZ093668) is ignored but added at the end
NOTE: MZ093918 (identical to MZ093668) is ignored but added at the end
NOTE: MZ096981 (identical to MZ093668) is ignored but added at the end
NOTE: KT918853 (identical to KT919095) is ignored but added at the end
NOTE: KT918578 (identical to KT919095) is ignored but added at the end
NOTE: KT918611 (identical to KT919095) is ignored but added at the end
NOTE: KT919183 (identical to KT919095) is ignored but added at the end
NOTE: KT918985 (identical to KT919029) is ignored but added at the end
NOTE: KT919965 (identical to KT919194) is ignored but added at the end
NOTE: MW384088 (identical to MN106132) is ignored but added at the end
NOTE: LC172999 (identical to LC172996) is ignored but added at the end
NOTE: LC173000 (identical to LC172996) is ignored but added at the end
NOTE: LC173002 (identical to LC172996) is ignored but added at the end
NOTE: MN529632 (identical to MN529630) is ignored but added at the end
NOTE: MW384055 (identical to MW384000) is ignored but added at the end
NOTE: MW384066 (identical to MW384000) is ignored but added at the end
NOTE: MZ165435 (identical to MZ165433) is ignored but added at the end
NOTE: MZ165436 (identical to MZ165433) is ignored but added at the end
NOTE: MZ165437 (identical to MZ165433) is ignored but added at the end
NOTE: MZ165440 (identical to MZ165438) is ignored but added at the end
NOTE: MF469277 (identical to MF469390) is ignored but added at the end
NOTE: MF469256 (identical to MF469390) is ignored but added at the end
NOTE: MN417966 (identical to MH166401) is ignored but added at the end
NOTE: MN417967 (identical to MH166401) is ignored but added at the end
NOTE: MN417968 (identical to MH166401) is ignored but added at the end
NOTE: MZ095759 (identical to MZ095409) is ignored but added at the end
NOTE: MZ095748 (identical to MZ095475) is ignored but added at the end
NOTE: MZ095946 (identical to MZ095475) is ignored but added at the end
NOTE: MZ095825 (identical to MZ095431) is ignored but added at the end
NOTE: MZ095880 (identical to MZ095431) is ignored but added at the end
NOTE: MZ096651 (identical to MZ096497) is ignored but added at the end
NOTE: MZ096816 (identical to MZ096497) is ignored but added at the end
NOTE: MZ096706 (identical to MZ096673) is ignored but added at the end
NOTE: MZ096728 (identical to MZ096673) is ignored but added at the end
NOTE: MZ094894 (identical to MZ094786) is ignored but added at the end
NOTE: MZ094982 (identical to MZ094786) is ignored but added at the end
NOTE: MZ094512 (identical to MZ094786) is ignored but added at the end
NOTE: MZ094578 (identical to MZ094786) is ignored but added at the end
NOTE: MZ094666 (identical to MZ094786) is ignored but added at the end
NOTE: MZ094732 (identical to MZ094786) is ignored but added at the end
NOTE: MZ094754 (identical to MZ094786) is ignored but added at the end
NOTE: MZ095114 (identical to MZ095026) is ignored but added at the end
NOTE: MZ095279 (identical to MZ095026) is ignored but added at the end
NOTE: KJ753193 (identical to KF636201) is ignored but added at the end
NOTE: HQ392124 (identical to HQ392110) is ignored but added at the end
NOTE: KJ753776 (identical to KF636223) is ignored but added at the end
NOTE: KJ753093 (identical to KF636223) is ignored but added at the end
NOTE: KJ753674 (identical to KF636223) is ignored but added at the end
NOTE: KJ753616 (identical to KF636223) is ignored but added at the end
NOTE: MZ094840 (identical to MZ094797) is ignored but added at the end
NOTE: MZ094743 (identical to MZ094797) is ignored but added at the end
NOTE: MZ097036 (identical to MZ094797) is ignored but added at the end
NOTE: LC172990 (identical to LC172985) is ignored but added at the end
NOTE: KP645267 (identical to KP645289) is ignored but added at the end
NOTE: KT919657 (identical to KT918688) is ignored but added at the end
NOTE: MH171320 (identical to MH171318) is ignored but added at the end
NOTE: MH171321 (identical to MH171318) is ignored but added at the end
NOTE: LC172847 (identical to LC172835) is ignored but added at the end
NOTE: LC172849 (identical to LC172835) is ignored but added at the end
NOTE: LC172850 (identical to LC172835) is ignored but added at the end
NOTE: KF447850 (identical to KF447861) is ignored but added at the end
NOTE: KF447839 (identical to KF447861) is ignored but added at the end
NOTE: MZ096337 (identical to MZ096206) is ignored but added at the end
Alignment was printed to results/aligned_rotavirusA_R_R1-delim.fasta.uniqueseq.phy

For your convenience alignment with unique sequences printed to results/aligned_rotavirusA_R_R1-delim.fasta.uniqueseq.phy

Create initial parsimony tree by phylogenetic likelihood library (PLL)... 0.025 seconds

NOTE: 77 MB RAM (0 GB) is required!
Estimate model parameters (epsilon = 0.500)
1. Initial log-likelihood: -583321.760
2. Current log-likelihood: -494084.719
3. Current log-likelihood: -492684.694
4. Current log-likelihood: -492342.169
5. Current log-likelihood: -492314.396
Optimal log-likelihood: -492314.162
Rate parameters:  A-C: 1.19892  A-G: 15.33183  A-T: 1.07520  C-G: 0.42321  C-T: 22.26804  G-T: 1.00000
Base frequencies:  A: 0.376  C: 0.145  G: 0.167  T: 0.312
Parameters optimization took 5 rounds (9.773 sec)
Wrote distance file to... 
Computing ML distances based on estimated model parameters...
Calculating distance matrix: done in 4.57194 secs using 99.71% CPU
Computing ML distances took 4.583142 sec (of wall-clock time) 4.566458 sec (of CPU time)
Setting up auxiliary I and S matrices: done in 0.024965 secs using 187.5% CPU
Constructing RapidNJ tree: done in 0.04269 secs using 191.2% CPU
Computing RapidNJ tree took 0.067832 sec (of wall-clock time) 0.128579 sec (of CPU time)
Log-likelihood of RapidNJ tree: -67108.803
--------------------------------------------------------------------
|             INITIALIZING CANDIDATE TREE SET                      |
--------------------------------------------------------------------

Do NNI search on 2 best initial trees
Optimizing NNI: done in 3.61734 secs using 99.69% CPU
Estimate model parameters (epsilon = 0.500)
BETTER TREE FOUND at iteration 1: -66386.172
Optimizing NNI: done in 34.5978 secs using 99.68% CPU
Finish initializing candidate tree set (4)
Current best tree score: -66386.172 / CPU time: 40.843
Number of iterations: 2
TREE SEARCH COMPLETED AFTER 2 ITERATIONS / Time: 0h:0m:57s

--------------------------------------------------------------------
|                    FINALIZING TREE SEARCH                        |
--------------------------------------------------------------------
Performs final model parameters optimization
Estimate model parameters (epsilon = 0.050)
1. Initial log-likelihood: -66386.172
Optimal log-likelihood: -66386.171
Rate parameters:  A-C: 1.57472  A-G: 14.18377  A-T: 0.64218  C-G: 0.45193  C-T: 19.60291  G-T: 1.00000
Base frequencies:  A: 0.376  C: 0.145  G: 0.167  T: 0.312
Parameters optimization took 1 rounds (0.670 sec)
BEST SCORE FOUND : -66386.171
Total tree length: 3.159

Total number of iterations: 2
CPU time used for tree search: 40.715 sec (0h:0m:40s)
Wall-clock time used for tree search: 40.845 sec (0h:0m:40s)
Total CPU time used: 58.167 sec (0h:0m:58s)
Total wall-clock time used: 58.280 sec (0h:0m:58s)

Analysis results written to: 
  IQ-TREE report:                results/aligned_rotavirusA_R_R1-delim.fasta.iqtree
  Maximum-likelihood tree:       results/aligned_rotavirusA_R_R1-delim.fasta.treefile
  Likelihood distances:          results/aligned_rotavirusA_R_R1-delim.fasta.mldist
  Screen log file:               results/aligned_rotavirusA_R_R1-delim.fasta.log

Date and Time: Thu Oct 27 20:29:05 2022
