IQ-TREE multicore version 2.2.0-beta COVID-edition for Mac OS X 64-bit built Mar  3 2022 built Mar  3 2022
Developed by Bui Quang Minh, James Barbetti, Nguyen Lam Tung,
Olga Chernomor, Heiko Schmidt, Dominik Schrempf, Michael Woodhams, Ly Trong Nhan.

Host:    MacBook-Pro-2.local (SSE4.2, 8 GB RAM)
Command: iqtree2 -nt 1 -s results/aligned_rotavirusA_I_I2-delim.fasta -m GTR -ninit 2 -n 2 -me 0.05
Seed:    117034 (Using SPRNG - Scalable Parallel Random Number Generator)
Time:    Fri Oct 28 09:12:26 2022
Kernel:  SSE2 - 1 threads (8 CPU cores detected)

HINT: Use -nt option to specify number of threads because your CPU has 8 cores!
HINT: -nt AUTO will automatically determine the best number of threads to use.

Reading alignment file results/aligned_rotavirusA_I_I2-delim.fasta ... Fasta format detected
Reading fasta file: done in 0.0341141 secs using 81.17% CPU
Alignment most likely contains DNA/RNA sequences
Constructing alignment: done in 0.010941 secs using 80.07% CPU
Alignment has 949 sequences with 1356 columns, 920 distinct patterns
624 parsimony-informative, 200 singleton sites, 532 constant sites
          Gap/Ambiguity  Composition  p-value
Analyzing sequences: done in 0.00229001 secs using 91.31% CPU
   1  MH769739    0.00%    passed     89.61%
   2  KJ803839   10.25%    passed     93.39%
   3  MW292233    0.00%    passed     66.62%
   4  GQ414544    3.61%    passed     99.77%
   5  KF636326    2.65%    passed     99.98%
   6  KP752725    2.65%    passed     99.88%
   7  KJ753111    2.65%    passed     99.94%
   8  KP752735    2.65%    passed     99.94%
   9  KJ752409    2.65%    passed     99.98%
  10  KC443415    2.65%    passed     99.97%
  11  KC443624    2.65%    passed     99.97%
  12  KC443270    2.65%    passed     99.97%
  13  KC443558    2.65%    passed     99.97%
  14  KC443215    2.65%    passed     99.99%
  15  KC443382    2.65%    passed     99.97%
  16  KC443292    3.47%    passed     99.63%
  17  KC443712    3.47%    passed     99.63%
  18  KC443503    3.47%    passed     99.63%
  19  KC443182    2.65%    passed     98.93%
  20  KC443448    2.65%    passed     99.49%
  21  KC443171    2.65%    passed     99.49%
  22  KC443734    2.65%    passed     99.49%
  23  KC443149    3.54%    passed     99.83%
  24  KC443437    3.54%    passed     99.83%
  25  KC443426    3.54%    passed     99.83%
  26  KC443547    3.54%    passed     99.70%
  27  KJ753609    3.54%    passed     99.98%
  28  KJ753012    3.54%    passed     99.97%
  29  KC443690    2.65%    passed     99.12%
  30  KC443525    2.65%    passed     99.26%
  31  KJ626719    2.65%    passed     99.55%
  32  KJ626969    2.65%    passed     99.05%
  33  KJ626942    2.65%    passed     98.80%
  34  KJ627165    2.65%    passed     99.55%
  35  KJ412546    2.65%    passed     96.90%
  36  KJ626991    2.65%    passed     96.62%
  37  KJ626755    2.65%    passed     98.47%
  38  KJ626608    2.65%    passed     98.47%
  39  KJ626833    2.73%    passed     98.41%
  40  KJ626574    2.73%    passed     98.41%
  41  KJ626778    2.73%    passed     99.54%
  42  KJ626897    2.73%    passed     98.14%
  43  KJ627002    2.73%    passed     98.14%
  44  KJ412779    2.73%    passed     97.97%
  45  KJ626732    2.73%    passed     99.56%
  46  KJ626863    2.73%    passed     99.44%
  47  KJ752354    2.73%    passed     98.84%
  48  KJ752121    2.65%    passed     98.78%
  49  KJ752165    2.65%    passed     98.78%
  50  KP752697    2.65%    passed     99.82%
  51  KP752975    2.65%    passed     96.46%
  52  KJ752398    2.65%    passed     98.78%
  53  KP752452    2.65%    passed     98.78%
  54  KC443657    2.65%    passed     98.27%
  55  KC443679    2.65%    passed     98.53%
  56  KC443536    2.65%    passed     98.53%
  57  KC443723    2.65%    passed     98.53%
  58  KC443613    2.65%    passed     98.53%
  59  KC443745    2.65%    passed     98.53%
  60  KC443349    2.65%    passed     97.45%
  61  KC443193    2.65%    passed     97.45%
  62  GQ468557    0.00%    passed     98.22%
  63  JX965143    0.07%    passed     99.60%
  64  MN552046    0.00%    passed     99.36%
  65  MN577230    0.00%    passed     98.76%
  66  MN552129    0.00%    passed     99.47%
  67  MN551951    0.00%    passed     99.96%
  68  MN577221    0.00%    passed     99.99%
  69  KC834701    0.07%    passed     93.85%
  70  KU550261    6.93%    passed     99.74%
  71  MW275248    0.88%    passed     99.83%
  72  MW275259    0.88%    passed     99.83%
  73  MW275270    0.96%    passed     99.77%
  74  KF812709   11.95%    passed     98.50%
  75  KF812711   11.95%    passed     98.50%
  76  KF812706   11.95%    passed     98.50%
  77  KF812710   11.95%    passed     98.50%
  78  KF812707   11.95%    passed     98.50%
  79  KF812708   11.95%    passed     98.50%
  80  KF812712   11.95%    passed     98.30%
  81  KF812714   11.95%    passed     93.87%
  82  KF812713   11.95%    passed     93.87%
  83  KF812715   11.95%    passed     93.87%
  84  KT918450    2.51%    passed     99.92%
  85  MF167969    1.70%    passed     99.91%
  86  MF168167    2.58%    passed     99.70%
  87  MF168275    2.36%    passed     99.59%
  88  LC105257    4.20%    passed     99.45%
  89  KT918846    0.00%    passed     98.63%
  90  MF469139    0.00%    passed     99.27%
  91  KU550287    0.00%    passed     98.33%
  92  KU550289    0.00%    passed     98.33%
  93  KU550290    0.00%    passed     99.01%
  94  LC172788    0.00%    passed     98.33%
  95  LC172823    0.00%    passed     97.79%
  96  MN552018    0.00%    passed     99.01%
  97  LC172830    0.00%    passed     98.75%
  98  LC172831    0.00%    passed     98.63%
  99  LC172832    0.00%    passed     98.63%
 100  LC172732    0.00%    passed     98.67%
 101  LC172777    0.00%    passed     96.74%
 102  LC172816    0.07%    passed     98.66%
 103  LC172817    0.07%    passed     98.66%
 104  LC172822    0.07%    passed     98.07%
 105  LC172829    1.25%    passed     99.78%
 106  LC172774    0.44%    passed     99.17%
 107  LC172824    0.88%    passed     99.26%
 108  LC105227    2.43%    passed     99.98%
 109  LC105079    2.43%    passed     99.98%
 110  LC105154    0.37%    passed     99.34%
 111  LC105101    0.37%    passed     99.34%
 112  LC105283    0.66%    passed     99.43%
 113  LC105068    1.99%    passed     98.55%
 114  LC105165    1.25%    passed     99.05%
 115  LC105143    1.03%    passed     98.83%
 116  LC105132    1.92%    passed     98.67%
 117  KX880416    4.06%    passed     99.80%
 118  MZ093775   11.95%    passed     94.02%
 119  MZ093797   11.95%    passed     95.64%
 120  MZ093840   11.95%    passed     94.08%
 121  MZ097256   11.95%    passed     94.08%
 122  KC834699    0.07%    passed     96.34%
 123  KC443360    2.73%    passed     99.05%
 124  KJ752209    2.65%    passed     99.44%
 125  MG181781    0.00%    passed     99.66%
 126  MG181803    0.00%    passed     99.66%
 127  MG181792    0.00%    passed     99.69%
 128  MG181814    0.00%    passed     99.89%
 129  MG181902    0.00%    passed     99.31%
 130  MG181858    0.00%    passed     99.69%
 131  MG181869    0.00%    passed     99.69%
 132  KY634859   12.17%    passed     98.72%
 133  OK349182    0.07%    passed     98.79%
 134  OK349193    0.07%    passed     96.97%
 135  KX363252    0.00%    passed     94.27%
 136  KX362715    0.00%    passed     96.04%
 137  KX362616    0.00%    passed     96.09%
 138  KX362671    1.84%    passed     94.74%
 139  KX362649    6.27%    passed     97.70%
 140  KX362573    6.71%    passed     99.27%
 141  KX362748    1.33%    passed     97.88%
 142  KX362638    0.44%    passed     95.84%
 143  KX362825    0.96%    passed     96.17%
 144  KX362781    4.57%    passed     93.79%
 145  KX362660   17.55%    passed     73.35%
 146  LC172743    0.59%    passed     95.76%
 147  LC172744    0.07%    passed     94.54%
 148  LC172746    0.00%    passed     94.78%
 149  LC172750    0.00%    passed     94.78%
 150  LC172773    0.00%    passed     94.78%
 151  MN577182    0.00%    passed     95.90%
 152  KX362836    4.87%    passed     91.75%
 153  KX362584    4.57%    passed     96.56%
 154  KX362726    4.57%    passed     93.56%
 155  KX363221   16.22%    passed     90.43%
 156  KX362851    8.26%    passed     98.60%
 157  KY634796   12.17%    passed     98.87%
 158  KY634784   12.17%    passed     98.92%
 159  KY634753   12.17%    passed     98.92%
 160  KY634836   12.17%    passed     98.92%
 161  KY634848   12.17%    passed     98.92%
 162  KY634708   12.17%    passed     99.54%
 163  KY634668   12.17%    passed     98.48%
 164  KY634720   15.56%    passed     98.66%
 165  KY634731   14.31%    passed     99.24%
 166  KY634690   12.76%    passed     97.90%
 167  KX362803   18.58%    passed     98.05%
 168  KC443226    2.65%    passed     99.88%
 169  KC443371    2.65%    passed     99.88%
 170  KU550260    7.30%    passed     99.65%
 171  GQ468562    2.21%    passed     99.83%
 172  GQ468560    0.00%    passed     96.62%
 173  GQ468564    0.00%    passed     99.01%
 174  GU390427    0.00%    passed     99.67%
 175  GU390425    0.00%    passed     99.67%
 176  JN116521   10.32%    passed     97.80%
 177  JN116525    7.74%    passed     99.94%
 178  JN116522    8.11%    passed     99.97%
 179  JN116523   11.58%    passed     99.12%
 180  JF460827    0.00%    passed     99.90%
 181  JF460838    0.00%    passed     99.90%
 182  KX655477    0.00%    passed     98.38%
 183  KX632280    0.00%    passed     98.38%
 184  KX632335    0.00%    passed     97.93%
 185  KX632258    0.00%    passed     99.73%
 186  MN577179    0.00%    passed     95.91%
 187  MG181891    0.00%    passed     98.83%
 188  MG181770    0.00%    passed     99.61%
 189  MG181847    0.00%    passed     98.96%
 190  MG181880    0.00%    passed     97.74%
 191  LC406801    0.00%    passed     98.98%
 192  KJ870882    0.00%    passed     97.83%
 193  KJ870893    0.00%    passed     97.83%
 194  KJ752187    2.65%    passed     99.74%
 195  KP753149    2.65%    passed     99.74%
 196  KP752816    2.65%    passed     99.66%
 197  KJ753122    2.65%    passed     99.67%
 198  KJ753793    2.65%    passed     99.82%
 199  KJ753361    2.65%    passed     99.88%
 200  LC406790    0.66%    passed     99.27%
 201  KP752509    0.88%    passed     99.70%
 202  KX655443    0.00%    passed     97.83%
 203  KJ583200   14.16%    passed     98.47%
 204  KJ583189   14.16%    passed     97.10%
 205  EU839963    0.00%    passed     99.65%
 206  HQ641367    0.00%    passed     99.71%
 207  KU248432    0.00%    passed     99.71%
 208  KU199274    0.00%    passed     99.71%
 209  KU248420    0.00%    passed     99.71%
 210  KU248398    0.00%    passed     99.66%
 211  KU248409    0.00%    passed     99.71%
 212  JX307601    0.00%    passed     99.21%
 213  KU248387    0.00%    passed     99.83%
 214  KU248376    0.00%    passed     99.83%
 215  JX965142    0.07%    passed     99.50%
 216  KP007150    0.00%    passed     99.91%
 217  KP007172    0.00%    passed     99.75%
 218  KP007161    0.00%    passed     99.75%
 219  KP007192    0.00%    passed     99.75%
 220  JX965144    0.07%    passed     99.31%
 221  GQ477121    0.00%    passed     99.44%
 222  GU390456    0.00%    passed     99.44%
 223  GU390442    0.00%    passed     99.44%
 224  GQ477133    0.00%    passed     99.79%
 225  GU390452    0.00%    passed     99.79%
 226  KF036142    0.00%    passed     99.79%
 227  KF036143    0.00%    passed     99.79%
 228  KF036144    0.00%    passed     99.79%
 229  KF036137    0.00%    passed     99.79%
 230  KF036139    0.00%    passed     99.79%
 231  KF036140    0.00%    passed     99.79%
 232  KF036156    0.00%    passed     99.45%
 233  HQ738590    0.00%    passed     99.68%
 234  HQ738591    0.00%    passed     99.68%
 235  GQ477119    0.00%    passed     99.55%
 236  KF036141    0.00%    passed     99.79%
 237  HQ611005    0.00%    passed     99.52%
 238  KF036161    0.00%    passed     99.87%
 239  KF036167    0.00%    passed     99.29%
 240  JQ818152    0.00%    passed     99.03%
 241  HQ738585    0.00%    passed     99.90%
 242  GQ477100    0.00%    passed     99.95%
 243  MG181319    0.00%    passed     99.95%
 244  MG181572    0.00%    passed     99.95%
 245  MG181836    0.00%    passed     99.95%
 246  MG181825    0.00%    passed     99.82%
 247  MG181913    0.00%    passed     99.98%
 248  MG181924    0.00%    passed     99.82%
 249  MG181583    0.00%    passed     99.70%
 250  MG181605    0.00%    passed     99.70%
 251  MG181671    0.00%    passed     99.87%
 252  MG181682    0.00%    passed     99.67%
 253  MG181660    0.00%    passed     99.76%
 254  MG181759    0.00%    passed     99.74%
 255  MG181594    0.00%    passed     99.53%
 256  MG181616    0.00%    passed     99.53%
 257  MG181693    0.00%    passed     99.53%
 258  MG181704    0.00%    passed     99.53%
 259  MG181715    0.00%    passed     99.53%
 260  MG181726    0.00%    passed     99.53%
 261  MG181737    0.00%    passed     99.53%
 262  MG181748    0.00%    passed     99.53%
 263  MG181627    0.00%    passed     99.51%
 264  MG181638    0.00%    passed     99.42%
 265  MG181649    0.00%    passed     99.82%
 266  HQ641358    0.00%    passed     98.99%
 267  KU356578    0.00%    passed     99.29%
 268  KU356589    0.00%    passed     99.29%
 269  JX307599    0.00%    passed     99.63%
 270  JX307602    0.00%    passed     99.97%
 271  JX307600    0.00%    passed     98.59%
 272  MH769715    0.00%    passed     99.96%
 273  MN551970    0.00%    passed    100.00%
 274  MN551974    0.00%    passed    100.00%
 275  MN551988    0.00%    passed     99.99%
 276  MN552002    0.00%    passed     99.99%
 277  MN552132    0.00%    passed     99.99%
 278  MN577225    0.00%    passed     99.99%
 279  MN577229    0.00%    passed    100.00%
 280  MN577232    0.00%    passed    100.00%
 281  MN552031    0.00%    passed     99.96%
 282  MN552099    0.00%    passed     99.97%
 283  MN552082    0.00%    passed     99.83%
 284  MN552085    0.00%    passed     99.79%
 285  MN552096    0.00%    passed     99.87%
 286  MN577231    0.00%    passed     99.98%
 287  MN552015    1.47%    passed     99.96%
 288  JQ043293    0.37%    passed     99.60%
 289  JQ043294    0.37%    passed     99.87%
 290  JQ043296    0.37%    passed     99.65%
 291  JQ043298    0.37%    passed     99.93%
 292  KT936630    0.00%    passed     99.66%
 293  KF036162    0.00%    passed     99.33%
 294  KF036165    0.00%    passed     99.56%
 295  KF036168    0.00%    passed     99.56%
 296  KF036173    0.00%    passed     99.56%
 297  KF036174    0.00%    passed     99.56%
 298  KF036153    0.00%    passed     99.79%
 299  KF036175    0.00%    passed     99.89%
 300  KF036163    0.00%    passed     99.70%
 301  KF036155    0.00%    passed     99.63%
 302  KC713896    0.00%    passed     99.63%
 303  MN552069    0.00%    passed     99.86%
 304  MN552076    0.00%    passed     99.86%
 305  MN577228    0.00%    passed     99.86%
 306  MH060122    0.00%    passed     99.82%
 307  MH060092    0.00%    passed     99.65%
 308  MN401292    0.00%    passed     99.65%
 309  MG676133    2.58%    passed     99.69%
 310  KC571496    0.00%    passed     98.84%
 311  KU356644    0.00%    passed     99.67%
 312  KU356666    0.00%    passed     98.40%
 313  KU199285    0.00%    passed     97.43%
 314  KU356600    0.00%    passed     97.43%
 315  KU356622    0.00%    passed     97.43%
 316  KU356611    0.00%    passed     97.43%
 317  KU356655    0.00%    passed     99.45%
 318  KU356633    0.00%    passed     97.34%
 319  MN552141    0.00%    passed     99.28%
 320  KJ751728    2.65%    passed     97.94%
 321  KP752486    2.65%    passed     97.94%
 322  KJ752099    2.65%    passed     97.70%
 323  KJ751893    2.65%    passed     97.94%
 324  KJ753527    2.65%    passed     98.53%
 325  KC443788    2.65%    passed     97.74%
 326  KC443393    2.65%    passed     97.74%
 327  KC443635    2.65%    passed     99.15%
 328  KC443338    2.65%    passed     99.15%
 329  KC443327    2.65%    passed     99.15%
 330  KC443767    2.65%    passed     99.36%
 331  KC443138    2.65%    passed     97.29%
 332  KC443259    2.65%    passed     97.29%
 333  KC443481    2.65%    passed     98.03%
 334  KC443756    2.65%    passed     98.03%
 335  KC443281    2.65%    passed     96.12%
 336  KC443646    2.65%    passed     96.12%
 337  KC443160    2.65%    passed     97.14%
 338  KC443237    2.65%    passed     97.14%
 339  KC443204    2.65%    passed     98.80%
 340  MN067147    2.73%    passed     96.71%
 341  MN066891    2.73%    passed     96.71%
 342  MN067183    2.73%    passed     98.02%
 343  MN067093    2.73%    passed     98.02%
 344  MN067029    2.73%    passed     97.60%
 345  MN066900    2.73%    passed     98.10%
 346  MN066926    2.73%    passed     98.10%
 347  MN066907    1.77%    passed     99.15%
 348  JQ818153    1.70%    passed     98.15%
 349  KP170813    3.83%    passed     98.93%
 350  KC782523    0.00%    passed     99.97%
 351  MN067176    2.14%    passed     99.43%
 352  MN066995    2.14%    passed     99.59%
 353  MN066847    2.06%    passed     99.46%
 354  MN066933    2.06%    passed     99.66%
 355  MN067003    2.06%    passed     99.09%
 356  MN066786    2.06%    passed     99.91%
 357  MN066794    2.06%    passed     99.91%
 358  MN067166    2.06%    passed     99.91%
 359  MN067192    2.06%    passed     99.91%
 360  MN067021    2.29%    passed     99.81%
 361  MN067103    2.29%    passed     99.81%
 362  MZ094855   11.95%    passed     94.04%
 363  MZ094527   11.95%    passed     94.04%
 364  MZ094008   11.95%    passed     96.29%
 365  MZ094017   11.95%    passed     94.50%
 366  MZ094239   11.95%    passed     94.50%
 367  MZ094261   11.95%    passed     94.50%
 368  MZ094196   11.95%    passed     96.29%
 369  MZ094207   11.95%    passed     96.29%
 370  MZ094321   11.95%    passed     96.29%
 371  MZ094250   11.95%    passed     96.29%
 372  MZ097267   11.95%    passed     97.77%
 373  MZ096005   11.95%    passed     91.79%
 374  MZ096049   11.95%    passed     91.79%
 375  MZ096104   11.95%    passed     91.79%
 376  MZ096148   11.95%    passed     91.79%
 377  MZ096159   11.95%    passed     91.79%
 378  MZ096952   11.95%    passed     90.96%
 379  MZ096963   11.95%    passed     89.10%
 380  MZ096071   11.95%    passed     91.79%
 381  MZ096126   11.95%    passed     89.10%
 382  MZ096919   11.95%    passed     90.05%
 383  MZ096027   11.95%    passed     94.67%
 384  MZ096082   11.95%    passed     94.67%
 385  MZ096093   11.95%    passed     94.67%
 386  MZ096941   11.95%    passed     94.67%
 387  MZ096137   11.95%    passed     89.03%
 388  MZ096930   11.95%    passed     91.61%
 389  MZ096115   11.95%    passed     93.17%
 390  MZ094130   14.16%    passed     94.15%
 391  MZ094417   16.15%    passed     94.57%
 392  MZ094277   16.67%    passed     95.61%
 393  MZ094428   14.82%    passed     97.12%
 394  MZ094714   14.82%    passed     93.63%
 395  MZ093986   16.30%    passed     89.50%
 396  MZ094037   14.09%    passed     93.86%
 397  MZ094374   13.50%    passed     95.93%
 398  MZ094069   21.09%    passed     95.34%
 399  JQ358766   10.91%    passed     90.46%
 400  MH170023    0.00%    passed     97.93%
 401  MH170026    0.00%    passed     98.48%
 402  MH170024    0.00%    passed     99.05%
 403  MN577220    0.00%    passed     99.48%
 404  MN577226    0.00%    passed     98.67%
 405  MN577227    0.00%    passed     98.67%
 406  MZ095151   13.94%    passed     84.14%
 407  MZ095161   13.94%    passed     83.70%
 408  MZ095173   14.01%    passed     85.72%
 409  MZ095195   14.75%    passed     81.03%
 410  MZ096974   11.95%    passed     81.58%
 411  LC102963    2.73%    passed     99.68%
 412  LC103029    2.73%    passed     99.37%
 413  LC102930    2.73%    passed     99.37%
 414  LC102886    2.73%    passed     99.37%
 415  LC102897    2.73%    passed     99.37%
 416  LC102919    2.73%    passed     99.37%
 417  LC102941    2.73%    passed     99.37%
 418  LC102996    2.73%    passed     99.37%
 419  LC102974    2.73%    passed     99.37%
 420  LC102985    2.73%    passed     98.98%
 421  LC102952    2.73%    passed     99.68%
 422  LC103018    2.73%    passed     99.83%
 423  LC103007    2.73%    passed     98.37%
 424  LC102908    2.73%    passed     99.34%
 425  LC103040    2.73%    passed     97.47%
 426  LC386069    1.40%    passed     99.71%
 427  KP752804    2.73%    passed     93.57%
 428  KP752664    2.73%    passed     95.44%
 429  KP753239    2.73%    passed     95.44%
 430  KP170807    3.83%    passed     99.45%
 431  KP170808    3.83%    passed     99.45%
 432  KP170810    3.83%    passed     99.45%
 433  KP170809    3.83%    passed     98.91%
 434  KP170806    3.83%    passed     98.93%
 435  GU390434    0.00%    passed     99.71%
 436  HQ738594    1.70%    passed     99.83%
 437  HQ738588    0.00%    passed     99.82%
 438  GU390451    0.59%    passed     99.84%
 439  GU390446    0.00%    passed     99.88%
 440  GQ477108    1.70%    passed     99.98%
 441  GU138214    0.00%    passed     99.99%
 442  GU138215    0.00%    passed     99.98%
 443  JQ230064    0.00%    passed     99.71%
 444  GQ477113    1.99%    passed     99.51%
 445  MN552011    0.00%    passed     99.98%
 446  KF036145    0.00%    passed     98.50%
 447  KC443404    2.65%    passed     98.68%
 448  KC443514    2.65%    passed     99.42%
 449  KC443701    2.65%    passed     99.42%
 450  KC443248    2.65%    passed     99.42%
 451  KC443470    2.65%    passed     99.42%
 452  KC443569    2.65%    passed     98.84%
 453  KC443303    2.65%    passed     98.84%
 454  KC443668    2.65%    passed     99.42%
 455  KY634646   12.17%    passed     95.41%
 456  MG676123    4.06%    passed     97.40%
 457  MG676130    3.91%    passed     98.32%
 458  MG676131    4.72%    passed     99.87%
 459  MG676139    4.13%    passed     91.89%
 460  MT005291    0.66%    passed     99.16%
 461  MT005302    3.47%    passed     98.38%
 462  GQ477122    0.00%    passed     99.98%
 463  MN066975    2.29%    passed     93.91%
 464  KP170811    3.83%    passed     98.39%
 465  KP170812    3.83%    passed     98.67%
 466  AB796449    3.10%    passed     99.50%
 467  AB796450    3.10%    passed     99.50%
 468  AB796454    3.10%    passed     99.50%
 469  AB796451    3.10%    passed     99.55%
 470  KU059770    0.00%    passed     99.75%
 471  KU059792    0.00%    passed     99.75%
 472  KU059781    0.00%    passed     99.75%
 473  LC066665    0.00%    passed     99.80%
 474  LC066654    0.00%    passed     99.80%
 475  LC172673    0.00%    passed     99.56%
 476  LC172674    0.00%    passed     99.56%
 477  LC172677    0.00%    passed     99.56%
 478  LC172678    0.00%    passed     99.56%
 479  LC172679    0.00%    passed     99.56%
 480  LC172684    0.00%    passed     99.56%
 481  LC172686    0.00%    passed     99.56%
 482  LC172687    0.00%    passed     99.56%
 483  LC172689    0.00%    passed     99.56%
 484  LC172696    0.00%    passed     99.56%
 485  LC172697    0.00%    passed     99.56%
 486  LC172698    0.00%    passed     99.56%
 487  LC172700    0.00%    passed     99.56%
 488  LC172703    0.00%    passed     99.56%
 489  LC172704    0.00%    passed     99.56%
 490  LC172705    0.00%    passed     99.56%
 491  LC172706    0.00%    passed     99.56%
 492  LC172714    0.00%    passed     99.56%
 493  LC172717    0.00%    passed     99.56%
 494  LC172720    0.00%    passed     99.56%
 495  LC172722    0.00%    passed     99.56%
 496  LC172727    0.00%    passed     99.56%
 497  LC172730    0.00%    passed     99.56%
 498  LC172734    0.00%    passed     99.56%
 499  LC172736    0.00%    passed     99.56%
 500  LC172775    0.00%    passed     99.56%
 501  LC172778    0.00%    passed     99.56%
 502  LC172779    0.00%    passed     99.56%
 503  LC172780    0.00%    passed     99.56%
 504  LC172782    0.00%    passed     99.56%
 505  LC172790    0.00%    passed     99.56%
 506  LC172791    0.00%    passed     99.56%
 507  LC172795    0.00%    passed     99.56%
 508  LC172670    0.00%    passed     99.56%
 509  LC172794    0.00%    passed     99.56%
 510  LC172652    0.00%    passed     99.56%
 511  LC463206    0.00%    passed     99.56%
 512  LC465256    0.00%    passed     99.56%
 513  LC172682    0.00%    passed     99.12%
 514  LC172760    0.00%    passed     99.65%
 515  LC172771    0.00%    passed     99.80%
 516  LC172785    0.00%    passed     99.12%
 517  LC172658    0.00%    passed     99.80%
 518  LC172676    0.00%    passed     99.61%
 519  LC172699    0.00%    passed     99.39%
 520  LC172709    0.00%    passed     99.75%
 521  LC172819    0.00%    passed     99.10%
 522  KP007183    0.00%    passed     99.80%
 523  KP007203    0.00%    passed     99.86%
 524  MH704729    0.00%    passed     98.92%
 525  LC172729    0.00%    passed     99.69%
 526  KX362737    0.44%    passed     99.28%
 527  LC172672    0.07%    passed     99.23%
 528  LC172675    0.07%    passed     99.23%
 529  LC172715    0.07%    passed     99.23%
 530  LC172724    0.07%    passed     99.23%
 531  LC172735    0.07%    passed     99.23%
 532  LC172650    0.07%    passed     99.23%
 533  LC172651    0.07%    passed     99.23%
 534  LC172655    0.07%    passed     99.23%
 535  LC172667    0.07%    passed     99.23%
 536  LC172668    0.07%    passed     99.23%
 537  LC172712    0.07%    passed     98.61%
 538  LC172713    0.07%    passed     98.61%
 539  LC172692    0.07%    passed     99.27%
 540  LC172818    0.07%    passed     98.58%
 541  LC172681    0.15%    passed     98.76%
 542  LC172688    0.15%    passed     98.76%
 543  LC172733    0.15%    passed     98.76%
 544  LC172737    0.15%    passed     98.76%
 545  LC172723    0.15%    passed     97.93%
 546  LC172701    0.29%    passed     98.77%
 547  LC172707    0.29%    passed     99.01%
 548  LC172728    0.29%    passed     99.01%
 549  LC172716    0.29%    passed     98.23%
 550  LC172683    0.22%    passed     98.78%
 551  LC172721    0.22%    passed     98.97%
 552  LC172792    1.03%    passed     99.64%
 553  LC172694    0.37%    passed     99.21%
 554  LC172710    0.37%    passed     99.13%
 555  LC172807    0.37%    passed     99.13%
 556  LC172649    0.37%    passed     99.13%
 557  LC172708    0.59%    passed     99.46%
 558  LC172726    0.59%    passed     99.43%
 559  LC172731    0.59%    passed     99.43%
 560  LC172685    2.36%    passed     99.76%
 561  LC172690    2.36%    passed     99.39%
 562  LC172695    2.36%    passed     99.39%
 563  LC172702    2.36%    passed     99.39%
 564  LC172815    2.36%    passed     99.39%
 565  LC172671    2.36%    passed     99.39%
 566  LC172656    2.36%    passed     99.39%
 567  LC172669    2.36%    passed     99.39%
 568  LC172680    0.44%    passed     97.82%
 569  LC172691    0.44%    passed     99.28%
 570  LC172711    0.44%    passed     99.28%
 571  LC172770    0.44%    passed     99.28%
 572  LC172660    0.44%    passed     99.28%
 573  LC172719    0.44%    passed     99.27%
 574  LC172783    1.18%    passed     99.34%
 575  LC172739    0.66%    passed     99.00%
 576  LC172718    0.15%    passed     99.29%
 577  LC172738    1.11%    passed     98.69%
 578  LC172787    3.91%    passed     98.80%
 579  LC462858    0.22%    passed     99.48%
 580  LC465278    0.22%    passed     99.48%
 581  LC463285    0.59%    passed     99.74%
 582  LC465267    0.59%    passed     99.74%
 583  LC463274    1.11%    passed     99.72%
 584  LC465245    0.52%    passed     99.60%
 585  MF044146    1.47%    passed     99.70%
 586  MF044157    4.35%    passed     99.43%
 587  LC463263    1.03%    passed     99.05%
 588  LC066643    1.18%    passed     99.83%
 589  LC465300    1.03%    passed     99.47%
 590  LC465821    1.33%    passed     98.33%
 591  LC468239    2.88%    passed     99.46%
 592  LC126709    6.19%    passed     98.17%
 593  LC126710    6.19%    passed     98.17%
 594  LC126708    6.19%    passed     98.17%
 595  LC126705    6.19%    passed     98.17%
 596  LC126704    6.19%    passed     97.51%
 597  LC126707    6.19%    passed     97.51%
 598  LC126706    6.19%    passed     97.51%
 599  KY634807   12.17%    passed     94.28%
 600  KY634679   12.17%    passed     90.82%
 601  KX880427    4.28%    passed     99.98%
 602  AB975608    8.92%    passed     97.63%
 603  AB975607    8.92%    passed     97.63%
 604  AB975611    8.92%    passed     97.63%
 605  AB975621    8.92%    passed     97.63%
 606  AB975620    8.92%    passed     97.63%
 607  AB975586    8.92%    passed     97.63%
 608  AB975591    8.92%    passed     97.63%
 609  AB975577    8.92%    passed     97.63%
 610  AB975614    8.92%    passed     97.63%
 611  AB975613    8.92%    passed     97.63%
 612  AB975588    8.92%    passed     97.63%
 613  AB975574    8.92%    passed     97.63%
 614  AB975617    8.92%    passed     97.63%
 615  AB975590    8.92%    passed     97.63%
 616  AB975612    8.92%    passed     97.63%
 617  AB975580    8.92%    passed     97.63%
 618  AB975587    8.92%    passed     97.63%
 619  AB975576    8.92%    passed     97.63%
 620  AB975585    8.92%    passed     97.63%
 621  AB975609    8.92%    passed     97.63%
 622  AB975619    8.92%    passed     97.63%
 623  AB975615    8.92%    passed     97.63%
 624  AB975610    8.92%    passed     97.63%
 625  AB975593    8.92%    passed     97.63%
 626  AB975594    8.92%    passed     97.63%
 627  AB975606    8.92%    passed     97.63%
 628  AB975578    8.92%    passed     97.63%
 629  AB975589    8.92%    passed     97.63%
 630  AB975622    8.92%    passed     96.31%
 631  AB975618    8.92%    passed     96.31%
 632  AB975605    8.92%    passed     96.31%
 633  AB975595    8.92%    passed     96.31%
 634  AB975583    8.92%    passed     96.31%
 635  AB975582    8.92%    passed     96.31%
 636  AB975581    8.92%    passed     96.31%
 637  AB975592    8.92%    passed     97.50%
 638  AB975573    8.92%    passed     97.50%
 639  AB975616    8.92%    passed     96.31%
 640  AB975575    8.92%    passed     96.31%
 641  AB975604    8.92%    passed     96.17%
 642  AB975596    8.92%    passed     97.49%
 643  AB975579    8.92%    passed     97.49%
 644  AB975603    8.92%    passed     96.31%
 645  AB975598    8.92%    passed     96.20%
 646  AB975597    8.92%    passed     96.20%
 647  AB975600    8.92%    passed     95.85%
 648  AB975601    8.92%    passed     95.85%
 649  AB975602    8.92%    passed     95.85%
 650  AB975599    8.92%    passed     97.25%
 651  MF044113    8.92%    passed     98.86%
 652  AB975584    8.92%    passed     98.56%
 653  LC463296    0.00%    passed     99.69%
 654  LC105247    2.43%    passed     99.00%
 655  MZ361335   17.40%    passed     96.08%
 656  MZ361336   17.40%    passed     96.70%
 657  KY000548    3.24%    passed     99.39%
 658  LC105002    1.84%    passed     99.85%
 659  LC105425    0.44%    passed     99.21%
 660  KX362704    0.66%    passed     99.30%
 661  KJ639016    0.00%    passed     99.98%
 662  KU550291    0.00%    passed     99.93%
 663  KU550286    0.00%    passed     99.93%
 664  LC541973    0.00%    passed     99.94%
 665  LC542083    0.00%    passed     99.94%
 666  KU550288    0.00%    passed     99.84%
 667  MN577180    0.00%    passed     99.93%
 668  MN577181    0.00%    passed     99.93%
 669  LC541984    0.07%    passed     99.97%
 670  LC542050    0.52%    passed     99.82%
 671  LC542028    0.74%    passed     99.95%
 672  LC542039    0.81%    passed     99.95%
 673  LC542017    0.15%    passed     99.96%
 674  LC542105    0.15%    passed     99.96%
 675  LC541929    1.18%    passed     99.48%
 676  LC542006    1.18%    passed     99.48%
 677  LC541951    1.11%    passed     99.88%
 678  LC541962    1.03%    passed     99.88%
 679  LC541940    0.44%    passed     99.86%
 680  LC542094    0.07%    passed     99.86%
 681  MH704728    0.00%    passed     99.67%
 682  LC541995    0.81%    passed     99.95%
 683  LC386080    0.22%    passed     99.90%
 684  MF044080    0.88%    passed     99.86%
 685  MF044091    0.96%    passed     99.89%
 686  LC542483    0.96%    passed     99.51%
 687  MF044124    1.47%    passed     99.95%
 688  LC542307    0.81%    passed     99.94%
 689  LC542226    0.81%    passed     99.94%
 690  LC542516    0.81%    passed     99.86%
 691  LC542329    0.22%    passed     99.59%
 692  LC542373    0.22%    passed     99.59%
 693  LC542340    0.22%    passed     99.78%
 694  LC542351    0.00%    passed     99.85%
 695  LC542384    0.00%    passed     99.85%
 696  LC542549    0.00%    passed     99.85%
 697  LC542204    0.00%    passed     99.93%
 698  LC542450    0.15%    passed     99.76%
 699  LC542215    0.15%    passed     99.86%
 700  LC542461    0.29%    passed     99.76%
 701  LC542395    0.44%    passed     99.58%
 702  LC542417    0.44%    passed     99.58%
 703  LC542428    0.44%    passed     99.58%
 704  LC542193    0.44%    passed     99.63%
 705  LC542253    0.59%    passed     99.84%
 706  LC542571    0.66%    passed     99.91%
 707  LC542318    2.73%    passed     99.60%
 708  LC542527    2.73%    passed     99.60%
 709  LC542242    3.91%    passed     99.29%
 710  LC542472    1.03%    passed     99.99%
 711  LC542439    7.96%    passed     99.94%
 712  LC542362    1.55%    passed     99.06%
 713  LC542505    1.25%    passed     98.38%
 714  LC542582    0.37%    passed     98.92%
 715  LC542264    0.44%    passed     99.53%
 716  LC542286    0.59%    passed     99.48%
 717  LC542275    0.22%    passed     99.67%
 718  LC542538    0.44%    passed     99.83%
 719  LC542560    0.44%    passed     99.53%
 720  LC542182    0.88%    passed     99.88%
 721  LC542767    2.73%    passed     99.72%
 722  LC542781    2.73%    passed     99.72%
 723  LC542782    2.73%    passed     99.72%
 724  LC542783    2.73%    passed     99.72%
 725  LC542784    2.73%    passed     99.72%
 726  LC542768    2.73%    passed     99.73%
 727  LC542769    2.73%    passed     99.73%
 728  LC542770    2.73%    passed     99.73%
 729  LC542774    2.73%    passed     99.73%
 730  LC542775    2.73%    passed     99.73%
 731  LC542776    2.73%    passed     99.73%
 732  LC542777    2.73%    passed     99.73%
 733  LC542778    2.73%    passed     99.73%
 734  LC542779    2.73%    passed     99.73%
 735  LC542786    2.73%    passed     99.73%
 736  LC542787    2.73%    passed     99.73%
 737  LC542771    2.73%    passed     99.92%
 738  LC542772    2.73%    passed     99.33%
 739  LC542773    2.73%    passed     99.33%
 740  LC542785    2.73%    passed     99.72%
 741  LC542780    2.73%    passed     99.59%
 742  LC542800    2.73%    passed     99.18%
 743  LC542802    2.73%    passed     99.18%
 744  LC542803    2.73%    passed     99.18%
 745  LC542804    2.73%    passed     99.18%
 746  LC542805    2.73%    passed     99.18%
 747  LC542705    2.73%    passed     99.18%
 748  LC542716    2.73%    passed     99.18%
 749  LC542801    2.73%    passed     98.91%
 750  LC542808    2.73%    passed     99.73%
 751  LC542116    1.40%    passed     99.93%
 752  KT006918    6.19%    passed     99.55%
 753  MF044102    0.96%    passed     99.83%
 754  MF044168    1.70%    passed     99.91%
 755  LC542297    1.77%    passed     99.64%
 756  LC542494   13.94%    passed     84.49%
 757  LC542406    2.80%    passed     99.65%
 758  MF044135    3.61%    passed     97.22%
 759  KY634742   21.39%    passed     97.02%
 760  KJ639027    0.00%    passed     99.61%
 761  LC172820    3.24%    passed     98.81%
 762  MZ096468   11.95%    passed     85.63%
 763  MZ096479   11.95%    passed     85.63%
 764  LC465289    1.77%    passed     99.74%
 765  KX279725   14.16%    passed     87.04%
 766  KX279727   14.16%    passed     87.25%
 767  KX279742   14.16%    passed     88.72%
 768  KX279743   14.16%    passed     88.37%
 769  KX279728   14.16%    passed     88.68%
 770  KX279741   14.16%    passed     94.38%
 771  KX279730   14.16%    passed     93.35%
 772  KX279726   14.16%    passed     95.25%
 773  KX279738   14.16%    passed     96.46%
 774  KX279737   14.16%    passed     89.65%
 775  KX279739   14.16%    passed     88.32%
 776  KX279740   14.16%    passed     96.67%
 777  KX279729   14.16%    passed     92.41%
 778  GQ468559    0.00%    passed     99.90%
 779  KC834700    0.07%    passed     99.91%
 780  KJ752220    2.65%    passed     97.81%
 781  KJ751816    2.65%    passed     98.08%
 782  KJ752512    2.65%    passed     98.08%
 783  KJ751673    2.65%    passed     98.08%
 784  KJ752688    2.65%    passed     98.08%
 785  KJ751706    2.65%    passed     98.08%
 786  KJ753314    2.65%    passed     98.08%
 787  KJ751662    2.65%    passed     98.08%
 788  KP752464    2.65%    passed     98.14%
 789  KC443778    2.65%    passed     99.06%
 790  KX655510    0.00%    passed     99.74%
 791  MT339196    5.24%    passed     97.19%
 792  KF636361    2.65%    passed     88.82%
 793  KF636315    2.65%    passed     89.88%
 794  KJ752462    2.80%    passed     88.35%
 795  KJ753816    2.80%    passed     90.64%
 796  KJ751606    2.80%    passed     88.55%
 797  KJ751617    2.80%    passed     88.55%
 798  KP752575    0.00%    passed     78.33%
 799  KX655521    0.00%    passed     81.21%
 800  KX655499    0.00%    passed     72.38%
 801  KX655466    0.00%    passed     88.51%
 802  LC406834    0.00%    passed     91.76%
 803  LC406823    0.00%    passed     91.76%
 804  LC406812    0.74%    passed     84.31%
 805  MZ093997   11.95%    passed     99.38%
 806  MZ094288   11.95%    passed     99.38%
 807  MZ093893   11.95%    passed     99.38%
 808  MZ093913   11.95%    passed     99.38%
 809  MZ094026   11.95%    passed     99.72%
 810  MZ094228   11.95%    passed     99.72%
 811  MZ094332   11.95%    passed     99.72%
 812  MZ097172   11.95%    passed     99.72%
 813  MZ094113   11.95%    passed     99.74%
 814  MZ094185   11.95%    passed     99.74%
 815  MZ094299   11.95%    passed     99.74%
 816  MZ094395   11.95%    passed     99.74%
 817  MZ093933   11.95%    passed     99.74%
 818  MZ097204   11.95%    passed     99.74%
 819  MZ094102   11.95%    passed     99.44%
 820  MZ094343   11.95%    passed     99.44%
 821  MZ093964   11.95%    passed     99.63%
 822  MZ097226   11.95%    passed     99.74%
 823  MZ094352   11.95%    passed     99.78%
 824  MZ097215   11.95%    passed     99.62%
 825  MZ094091   11.95%    passed     99.73%
 826  MZ094152   11.95%    passed     99.68%
 827  MZ096556   11.95%    passed     99.74%
 828  MZ096589   11.95%    passed     99.74%
 829  MZ094080   15.71%    passed     99.17%
 830  MZ094384   15.93%    passed     99.11%
 831  MZ094047   16.37%    passed     97.87%
 832  MZ094174   18.14%    passed     96.52%
 833  MZ094218   18.14%    passed     98.27%
 834  MZ094163   14.16%    passed     99.32%
 835  MZ097245   19.25%    passed     97.56%
 836  MZ093650   11.95%    passed     98.25%
 837  MZ094310   11.95%    passed     99.36%
 838  MZ094363   20.13%    passed     93.70%
 839  MZ094058   13.05%    passed     99.51%
 840  KF636349    2.65%    passed     93.83%
 841  KJ753405    2.65%    passed     96.96%
 842  KJ752666    2.65%    passed     94.11%
 843  MZ094141   22.35%    passed     89.95%
 844  KX363200   14.82%    passed     98.94%
 845  KX279736   14.16%    passed     96.02%
 846  KY657842   11.95%    failed      0.19%
 847  KY657841   11.95%    failed      3.25%
 848  KY657843   11.95%    failed      0.00%
 849  KY657844   11.95%    failed      0.00%
 850  KY657845   11.95%    failed      0.00%
 851  KY657840   11.95%    passed     76.75%
 852  KY657846   11.95%    passed     81.06%
 853  KY657847   11.95%    passed     28.25%
 854  KY657848   11.95%    failed      3.12%
 855  KY657849   11.95%    failed      0.31%
 856  KY657850   11.95%    failed      0.06%
 857  KY657851   11.95%    failed      0.00%
 858  KY657834   11.95%    passed     86.69%
 859  KY657835   11.95%    passed     57.02%
 860  KY657836   11.95%    passed     17.67%
 861  KY657837   11.95%    failed      2.26%
 862  KY657838   11.95%    failed      0.07%
 863  KY657839   11.95%    failed      0.00%
 864  JN116520    8.19%    passed     88.33%
 865  JN116524    7.89%    passed     87.34%
 866  MN066960    2.06%    passed     93.52%
 867  KX655455    0.00%    passed     92.75%
 868  KU714459    0.00%    passed     89.56%
 869  GQ477093    0.00%    passed     48.24%
 870  MN066876    2.06%    passed     85.14%
 871  KC443602    2.65%    passed     98.69%
 872  KT919451    2.65%    passed     98.69%
 873  MF469344    2.65%    passed     97.68%
 874  MF168112    0.00%    passed     96.98%
 875  LC384334    0.00%    passed     95.86%
 876  HQ611011    0.00%    passed     90.39%
 877  HQ611017    0.00%    passed     90.39%
 878  HQ611024    0.00%    passed     90.39%
 879  MT276805    0.37%    passed     90.79%
 880  KJ411437    0.00%    passed     97.66%
 881  LC336590    2.73%    passed     96.94%
 882  KJ752622    2.65%    passed     96.12%
 883  KU128896    0.00%    passed     91.25%
 884  KF500523    0.00%    passed     85.14%
 885  JF805013    4.57%    passed     95.89%
 886  JX094032   13.94%    passed     54.09%
 887  MH060082    0.00%    passed     55.30%
 888  MH060112    0.00%    passed     56.06%
 889  MH060102    0.00%    passed     63.48%
 890  JX040422    3.02%    passed     85.27%
 891  JX567763    0.00%    passed     84.54%
 892  KF690129    0.00%    passed     91.99%
 893  KC175284    3.32%    passed     79.56%
 894  KC175229    3.91%    passed     83.77%
 895  KC175032    3.32%    passed     84.12%
 896  KC175152    3.32%    passed     84.12%
 897  KC175240    3.32%    passed     84.12%
 898  KC175119    3.32%    passed     84.12%
 899  KC175141    3.32%    passed     84.12%
 900  KC175076    3.32%    passed     84.12%
 901  KC175262    3.32%    passed     81.25%
 902  KC174903    3.32%    passed     86.63%
 903  KC174936    3.32%    passed     79.26%
 904  KC175130    2.73%    passed     88.21%
 905  KC175251    2.51%    passed     87.37%
 906  KC175218    2.51%    passed     87.37%
 907  KC174881    2.51%    passed     89.66%
 908  KC174892    2.51%    passed     89.66%
 909  KC175163    2.14%    passed     84.66%
 910  KC174947    2.14%    passed     80.13%
 911  KC175196    3.61%    passed     82.35%
 912  KC174958    3.69%    passed     75.98%
 913  KC175065    3.69%    passed     81.16%
 914  KC175185    0.96%    passed     84.12%
 915  KC175010    2.43%    passed     87.99%
 916  KC175174    1.99%    passed     85.36%
 917  KC175207    1.99%    passed     83.76%
 918  KC175108    5.01%    passed     82.38%
 919  KC175054    4.87%    passed     78.94%
 920  KC175043    3.76%    passed     82.84%
 921  KC174870    2.95%    passed     87.24%
 922  KC174968   15.56%    passed     80.84%
 923  KC174925    3.61%    passed     89.02%
 924  KC174914    2.80%    passed     88.09%
 925  KC174999    3.10%    passed     84.64%
 926  KC175087    3.83%    passed     86.17%
 927  KC175098    4.06%    passed     88.51%
 928  KC175021    4.28%    passed     78.52%
 929  KC175273    3.32%    passed     87.78%
 930  MN066765    2.14%    passed     76.33%
 931  KC174989    3.54%    passed     86.90%
 932  MK597986   11.95%    passed     71.17%
 933  KX362792   17.55%    passed     95.10%
 934  JF805003   11.50%    passed     97.81%
 935  JF421979    0.00%    passed     92.62%
 936  GQ477087    0.00%    passed     95.89%
 937  JX867343    0.00%    passed     93.13%
 938  KF036169    0.00%    passed     93.51%
 939  GQ477086    0.00%    passed     96.79%
 940  JQ230092    0.00%    passed     92.62%
 941  KX880438    4.06%    passed     96.65%
 942  JX867344    0.00%    passed     94.52%
 943  JF304919    0.00%    passed     84.79%
 944  KJ752132    2.65%    passed     71.72%
 945  JQ230102    0.00%    passed     37.54%
 946  KC443316    4.87%    passed     86.81%
 947  JF304930    0.00%    passed      5.76%
 948  GU390421   17.11%    passed      6.49%
 949  KC443591    2.65%    passed      8.66%
****  TOTAL       3.80%  12 sequences failed composition chi2 test (p-value<5%; df=3)
NOTE: KP752735 is identical to KJ753111 but kept for subsequent analysis
NOTE: KC443624 is identical to KC443415 but kept for subsequent analysis
NOTE: KC443712 is identical to KC443292 but kept for subsequent analysis
NOTE: KC443171 is identical to KC443448 but kept for subsequent analysis
NOTE: KC443437 is identical to KC443149 but kept for subsequent analysis
NOTE: KJ626608 is identical to KJ626755 but kept for subsequent analysis
NOTE: KJ626574 is identical to KJ626833 but kept for subsequent analysis
NOTE: KJ627002 is identical to KJ626897 but kept for subsequent analysis
NOTE: KP752452 is identical to KJ752398 but kept for subsequent analysis
NOTE: KC443536 is identical to KC443679 but kept for subsequent analysis
NOTE: KC443193 is identical to KC443349 but kept for subsequent analysis
NOTE: MW275259 is identical to MW275248 but kept for subsequent analysis
NOTE: KF812711 is identical to KF812709 but kept for subsequent analysis
NOTE: KF812713 is identical to KF812714 but kept for subsequent analysis
NOTE: KU550289 is identical to KU550287 but kept for subsequent analysis
NOTE: LC172832 is identical to LC172831 but kept for subsequent analysis
NOTE: LC172817 is identical to LC172816 but kept for subsequent analysis
NOTE: LC105079 is identical to LC105227 but kept for subsequent analysis
NOTE: LC105101 is identical to LC105154 but kept for subsequent analysis
NOTE: MZ097256 is identical to MZ093840 but kept for subsequent analysis
NOTE: MG181803 is identical to MG181781 but kept for subsequent analysis
NOTE: LC172750 is identical to LC172746 but kept for subsequent analysis
NOTE: KY634753 is identical to KY634784 but kept for subsequent analysis
NOTE: KC443371 is identical to KC443226 but kept for subsequent analysis
NOTE: GU390425 is identical to GU390427 but kept for subsequent analysis
NOTE: JF460838 is identical to JF460827 but kept for subsequent analysis
NOTE: KX632280 is identical to KX655477 but kept for subsequent analysis
NOTE: KP753149 is identical to KJ752187 but kept for subsequent analysis
NOTE: KU248432 is identical to HQ641367 but kept for subsequent analysis
NOTE: KU248376 is identical to KU248387 but kept for subsequent analysis
NOTE: KP007192 is identical to KP007161 but kept for subsequent analysis
NOTE: GU390456 is identical to GQ477121 but kept for subsequent analysis
NOTE: GU390452 is identical to GQ477133 but kept for subsequent analysis
NOTE: KF036144 is identical to KF036143 but kept for subsequent analysis
NOTE: MG181572 is identical to MG181319 but kept for subsequent analysis
NOTE: MG181605 is identical to MG181583 but kept for subsequent analysis
NOTE: MG181616 is identical to MG181594 but kept for subsequent analysis
NOTE: KU356589 is identical to KU356578 but kept for subsequent analysis
NOTE: MN551974 is identical to MN551970 but kept for subsequent analysis
NOTE: MN552002 is identical to MN551988 but kept for subsequent analysis
NOTE: MN577225 is identical to MN552132 but kept for subsequent analysis
NOTE: MN577232 is identical to MN577229 but kept for subsequent analysis
NOTE: KF036168 is identical to KF036165 but kept for subsequent analysis
NOTE: MN552076 is identical to MN552069 but kept for subsequent analysis
NOTE: KU356600 is identical to KU199285 but kept for subsequent analysis
NOTE: KP752486 is identical to KJ751728 but kept for subsequent analysis
NOTE: KC443393 is identical to KC443788 but kept for subsequent analysis
NOTE: KC443338 is identical to KC443635 but kept for subsequent analysis
NOTE: KC443259 is identical to KC443138 but kept for subsequent analysis
NOTE: KC443756 is identical to KC443481 but kept for subsequent analysis
NOTE: KC443646 is identical to KC443281 but kept for subsequent analysis
NOTE: MN066891 is identical to MN067147 but kept for subsequent analysis
NOTE: MN067093 is identical to MN067183 but kept for subsequent analysis
NOTE: MN066794 is identical to MN066786 but kept for subsequent analysis
NOTE: MN067103 is identical to MN067021 but kept for subsequent analysis
NOTE: MZ094527 is identical to MZ094855 but kept for subsequent analysis
NOTE: MZ094239 is identical to MZ094017 but kept for subsequent analysis
NOTE: MZ094207 is identical to MZ094196 but kept for subsequent analysis
NOTE: MZ096049 is identical to MZ096005 but kept for subsequent analysis
NOTE: MZ096082 is identical to MZ096027 but kept for subsequent analysis
NOTE: MN577227 is identical to MN577226 but kept for subsequent analysis
NOTE: LC102930 is identical to LC103029 but kept for subsequent analysis
NOTE: KP753239 is identical to KP752664 but kept for subsequent analysis
NOTE: KP170808 is identical to KP170807 but kept for subsequent analysis
NOTE: KC443701 is identical to KC443514 but kept for subsequent analysis
NOTE: KC443303 is identical to KC443569 but kept for subsequent analysis
NOTE: AB796450 is identical to AB796449 but kept for subsequent analysis
NOTE: KU059792 is identical to KU059770 but kept for subsequent analysis
NOTE: LC066654 is identical to LC066665 but kept for subsequent analysis
NOTE: LC172674 is identical to LC172673 but kept for subsequent analysis
NOTE: LC172675 is identical to LC172672 but kept for subsequent analysis
NOTE: LC172713 is identical to LC172712 but kept for subsequent analysis
NOTE: LC172688 is identical to LC172681 but kept for subsequent analysis
NOTE: LC172728 is identical to LC172707 but kept for subsequent analysis
NOTE: LC172807 is identical to LC172710 but kept for subsequent analysis
NOTE: LC172731 is identical to LC172726 but kept for subsequent analysis
NOTE: LC172695 is identical to LC172690 but kept for subsequent analysis
NOTE: LC172711 is identical to LC172691 but kept for subsequent analysis
NOTE: LC465278 is identical to LC462858 but kept for subsequent analysis
NOTE: LC465267 is identical to LC463285 but kept for subsequent analysis
NOTE: LC126710 is identical to LC126709 but kept for subsequent analysis
NOTE: LC126707 is identical to LC126704 but kept for subsequent analysis
NOTE: AB975607 is identical to AB975608 but kept for subsequent analysis
NOTE: AB975618 is identical to AB975622 but kept for subsequent analysis
NOTE: AB975582 is identical to AB975583 but kept for subsequent analysis
NOTE: AB975573 is identical to AB975592 but kept for subsequent analysis
NOTE: AB975597 is identical to AB975598 but kept for subsequent analysis
NOTE: AB975601 is identical to AB975600 but kept for subsequent analysis
NOTE: KU550286 is identical to KU550291 but kept for subsequent analysis
NOTE: LC542006 is identical to LC541929 but kept for subsequent analysis
NOTE: LC542226 is identical to LC542307 but kept for subsequent analysis
NOTE: LC542373 is identical to LC542329 but kept for subsequent analysis
NOTE: LC542384 is identical to LC542351 but kept for subsequent analysis
NOTE: LC542417 is identical to LC542395 but kept for subsequent analysis
NOTE: LC542527 is identical to LC542318 but kept for subsequent analysis
NOTE: LC542781 is identical to LC542767 but kept for subsequent analysis
NOTE: LC542769 is identical to LC542768 but kept for subsequent analysis
NOTE: LC542802 is identical to LC542800 but kept for subsequent analysis
NOTE: MZ096479 is identical to MZ096468 but kept for subsequent analysis
NOTE: KJ752512 is identical to KJ751816 but kept for subsequent analysis
NOTE: KJ751617 is identical to KJ751606 but kept for subsequent analysis
NOTE: MZ094288 is identical to MZ093997 but kept for subsequent analysis
NOTE: MZ094228 is identical to MZ094026 but kept for subsequent analysis
NOTE: MZ094185 is identical to MZ094113 but kept for subsequent analysis
NOTE: MZ096589 is identical to MZ096556 but kept for subsequent analysis
NOTE: KT919451 is identical to KC443602 but kept for subsequent analysis
NOTE: HQ611017 is identical to HQ611011 but kept for subsequent analysis
NOTE: KC175152 is identical to KC175032 but kept for subsequent analysis
NOTE: KC175218 is identical to KC175251 but kept for subsequent analysis
NOTE: KC174892 is identical to KC174881 but kept for subsequent analysis
Checking for duplicate sequences: done in 0.0132949 secs using 72.4% CPU
Identifying sites to remove: done in 0.011029 secs using 71.01% CPU
NOTE: 178 identical sequences (see below) will be ignored for subsequent analysis
NOTE: KC443270 (identical to KC443415) is ignored but added at the end
NOTE: KC443558 (identical to KC443415) is ignored but added at the end
NOTE: KC443503 (identical to KC443292) is ignored but added at the end
NOTE: KC443734 (identical to KC443448) is ignored but added at the end
NOTE: KC443426 (identical to KC443149) is ignored but added at the end
NOTE: KC443723 (identical to KC443679) is ignored but added at the end
NOTE: KC443613 (identical to KC443679) is ignored but added at the end
NOTE: KC443745 (identical to KC443679) is ignored but added at the end
NOTE: KF812706 (identical to KF812709) is ignored but added at the end
NOTE: KF812710 (identical to KF812709) is ignored but added at the end
NOTE: KF812707 (identical to KF812709) is ignored but added at the end
NOTE: KF812708 (identical to KF812709) is ignored but added at the end
NOTE: KF812715 (identical to KF812714) is ignored but added at the end
NOTE: LC172773 (identical to LC172746) is ignored but added at the end
NOTE: KY634836 (identical to KY634784) is ignored but added at the end
NOTE: KY634848 (identical to KY634784) is ignored but added at the end
NOTE: KU199274 (identical to HQ641367) is ignored but added at the end
NOTE: KU248420 (identical to HQ641367) is ignored but added at the end
NOTE: GU390442 (identical to GQ477121) is ignored but added at the end
NOTE: KF036137 (identical to KF036143) is ignored but added at the end
NOTE: KF036139 (identical to KF036143) is ignored but added at the end
NOTE: KF036140 (identical to KF036143) is ignored but added at the end
NOTE: MG181836 (identical to MG181319) is ignored but added at the end
NOTE: MG181693 (identical to MG181594) is ignored but added at the end
NOTE: MG181704 (identical to MG181594) is ignored but added at the end
NOTE: MG181715 (identical to MG181594) is ignored but added at the end
NOTE: MG181726 (identical to MG181594) is ignored but added at the end
NOTE: MG181737 (identical to MG181594) is ignored but added at the end
NOTE: MG181748 (identical to MG181594) is ignored but added at the end
NOTE: KF036173 (identical to KF036165) is ignored but added at the end
NOTE: KF036174 (identical to KF036165) is ignored but added at the end
NOTE: KU356622 (identical to KU199285) is ignored but added at the end
NOTE: KU356611 (identical to KU199285) is ignored but added at the end
NOTE: KC443327 (identical to KC443635) is ignored but added at the end
NOTE: MN067166 (identical to MN066786) is ignored but added at the end
NOTE: MN067192 (identical to MN066786) is ignored but added at the end
NOTE: MZ094261 (identical to MZ094017) is ignored but added at the end
NOTE: MZ094321 (identical to MZ094196) is ignored but added at the end
NOTE: MZ096104 (identical to MZ096005) is ignored but added at the end
NOTE: MZ096148 (identical to MZ096005) is ignored but added at the end
NOTE: MZ096159 (identical to MZ096005) is ignored but added at the end
NOTE: MZ096093 (identical to MZ096027) is ignored but added at the end
NOTE: MZ096941 (identical to MZ096027) is ignored but added at the end
NOTE: LC102886 (identical to LC103029) is ignored but added at the end
NOTE: LC102897 (identical to LC103029) is ignored but added at the end
NOTE: LC102919 (identical to LC103029) is ignored but added at the end
NOTE: LC102941 (identical to LC103029) is ignored but added at the end
NOTE: LC102996 (identical to LC103029) is ignored but added at the end
NOTE: LC102974 (identical to LC103029) is ignored but added at the end
NOTE: KP170810 (identical to KP170807) is ignored but added at the end
NOTE: KC443248 (identical to KC443514) is ignored but added at the end
NOTE: KC443470 (identical to KC443514) is ignored but added at the end
NOTE: AB796454 (identical to AB796449) is ignored but added at the end
NOTE: KU059781 (identical to KU059770) is ignored but added at the end
NOTE: LC172677 (identical to LC172673) is ignored but added at the end
NOTE: LC172678 (identical to LC172673) is ignored but added at the end
NOTE: LC172679 (identical to LC172673) is ignored but added at the end
NOTE: LC172684 (identical to LC172673) is ignored but added at the end
NOTE: LC172686 (identical to LC172673) is ignored but added at the end
NOTE: LC172687 (identical to LC172673) is ignored but added at the end
NOTE: LC172689 (identical to LC172673) is ignored but added at the end
NOTE: LC172696 (identical to LC172673) is ignored but added at the end
NOTE: LC172697 (identical to LC172673) is ignored but added at the end
NOTE: LC172698 (identical to LC172673) is ignored but added at the end
NOTE: LC172700 (identical to LC172673) is ignored but added at the end
NOTE: LC172703 (identical to LC172673) is ignored but added at the end
NOTE: LC172704 (identical to LC172673) is ignored but added at the end
NOTE: LC172705 (identical to LC172673) is ignored but added at the end
NOTE: LC172706 (identical to LC172673) is ignored but added at the end
NOTE: LC172714 (identical to LC172673) is ignored but added at the end
NOTE: LC172717 (identical to LC172673) is ignored but added at the end
NOTE: LC172720 (identical to LC172673) is ignored but added at the end
NOTE: LC172722 (identical to LC172673) is ignored but added at the end
NOTE: LC172727 (identical to LC172673) is ignored but added at the end
NOTE: LC172730 (identical to LC172673) is ignored but added at the end
NOTE: LC172734 (identical to LC172673) is ignored but added at the end
NOTE: LC172736 (identical to LC172673) is ignored but added at the end
NOTE: LC172775 (identical to LC172673) is ignored but added at the end
NOTE: LC172778 (identical to LC172673) is ignored but added at the end
NOTE: LC172779 (identical to LC172673) is ignored but added at the end
NOTE: LC172780 (identical to LC172673) is ignored but added at the end
NOTE: LC172782 (identical to LC172673) is ignored but added at the end
NOTE: LC172790 (identical to LC172673) is ignored but added at the end
NOTE: LC172791 (identical to LC172673) is ignored but added at the end
NOTE: LC172795 (identical to LC172673) is ignored but added at the end
NOTE: LC172670 (identical to LC172673) is ignored but added at the end
NOTE: LC172794 (identical to LC172673) is ignored but added at the end
NOTE: LC172652 (identical to LC172673) is ignored but added at the end
NOTE: LC463206 (identical to LC172673) is ignored but added at the end
NOTE: LC465256 (identical to LC172673) is ignored but added at the end
NOTE: LC172715 (identical to LC172672) is ignored but added at the end
NOTE: LC172724 (identical to LC172672) is ignored but added at the end
NOTE: LC172735 (identical to LC172672) is ignored but added at the end
NOTE: LC172650 (identical to LC172672) is ignored but added at the end
NOTE: LC172651 (identical to LC172672) is ignored but added at the end
NOTE: LC172655 (identical to LC172672) is ignored but added at the end
NOTE: LC172667 (identical to LC172672) is ignored but added at the end
NOTE: LC172668 (identical to LC172672) is ignored but added at the end
NOTE: LC172733 (identical to LC172681) is ignored but added at the end
NOTE: LC172737 (identical to LC172681) is ignored but added at the end
NOTE: LC172649 (identical to LC172710) is ignored but added at the end
NOTE: LC172702 (identical to LC172690) is ignored but added at the end
NOTE: LC172815 (identical to LC172690) is ignored but added at the end
NOTE: LC172671 (identical to LC172690) is ignored but added at the end
NOTE: LC172656 (identical to LC172690) is ignored but added at the end
NOTE: LC172669 (identical to LC172690) is ignored but added at the end
NOTE: LC172770 (identical to LC172691) is ignored but added at the end
NOTE: LC172660 (identical to LC172691) is ignored but added at the end
NOTE: LC126708 (identical to LC126709) is ignored but added at the end
NOTE: LC126705 (identical to LC126709) is ignored but added at the end
NOTE: LC126706 (identical to LC126704) is ignored but added at the end
NOTE: AB975611 (identical to AB975608) is ignored but added at the end
NOTE: AB975621 (identical to AB975608) is ignored but added at the end
NOTE: AB975620 (identical to AB975608) is ignored but added at the end
NOTE: AB975586 (identical to AB975608) is ignored but added at the end
NOTE: AB975591 (identical to AB975608) is ignored but added at the end
NOTE: AB975577 (identical to AB975608) is ignored but added at the end
NOTE: AB975614 (identical to AB975608) is ignored but added at the end
NOTE: AB975613 (identical to AB975608) is ignored but added at the end
NOTE: AB975588 (identical to AB975608) is ignored but added at the end
NOTE: AB975574 (identical to AB975608) is ignored but added at the end
NOTE: AB975617 (identical to AB975608) is ignored but added at the end
NOTE: AB975590 (identical to AB975608) is ignored but added at the end
NOTE: AB975612 (identical to AB975608) is ignored but added at the end
NOTE: AB975580 (identical to AB975608) is ignored but added at the end
NOTE: AB975587 (identical to AB975608) is ignored but added at the end
NOTE: AB975576 (identical to AB975608) is ignored but added at the end
NOTE: AB975585 (identical to AB975608) is ignored but added at the end
NOTE: AB975609 (identical to AB975608) is ignored but added at the end
NOTE: AB975619 (identical to AB975608) is ignored but added at the end
NOTE: AB975615 (identical to AB975608) is ignored but added at the end
NOTE: AB975610 (identical to AB975608) is ignored but added at the end
NOTE: AB975593 (identical to AB975608) is ignored but added at the end
NOTE: AB975594 (identical to AB975608) is ignored but added at the end
NOTE: AB975606 (identical to AB975608) is ignored but added at the end
NOTE: AB975578 (identical to AB975608) is ignored but added at the end
NOTE: AB975589 (identical to AB975608) is ignored but added at the end
NOTE: AB975605 (identical to AB975622) is ignored but added at the end
NOTE: AB975581 (identical to AB975583) is ignored but added at the end
NOTE: AB975602 (identical to AB975600) is ignored but added at the end
NOTE: LC542549 (identical to LC542351) is ignored but added at the end
NOTE: LC542428 (identical to LC542395) is ignored but added at the end
NOTE: LC542782 (identical to LC542767) is ignored but added at the end
NOTE: LC542783 (identical to LC542767) is ignored but added at the end
NOTE: LC542784 (identical to LC542767) is ignored but added at the end
NOTE: LC542770 (identical to LC542768) is ignored but added at the end
NOTE: LC542774 (identical to LC542768) is ignored but added at the end
NOTE: LC542775 (identical to LC542768) is ignored but added at the end
NOTE: LC542776 (identical to LC542768) is ignored but added at the end
NOTE: LC542777 (identical to LC542768) is ignored but added at the end
NOTE: LC542778 (identical to LC542768) is ignored but added at the end
NOTE: LC542779 (identical to LC542768) is ignored but added at the end
NOTE: LC542786 (identical to LC542768) is ignored but added at the end
NOTE: LC542787 (identical to LC542768) is ignored but added at the end
NOTE: LC542808 (identical to LC542768) is ignored but added at the end
NOTE: LC542803 (identical to LC542800) is ignored but added at the end
NOTE: LC542804 (identical to LC542800) is ignored but added at the end
NOTE: LC542805 (identical to LC542800) is ignored but added at the end
NOTE: LC542705 (identical to LC542800) is ignored but added at the end
NOTE: LC542716 (identical to LC542800) is ignored but added at the end
NOTE: KJ751673 (identical to KJ751816) is ignored but added at the end
NOTE: KJ752688 (identical to KJ751816) is ignored but added at the end
NOTE: KJ751706 (identical to KJ751816) is ignored but added at the end
NOTE: KJ753314 (identical to KJ751816) is ignored but added at the end
NOTE: KJ751662 (identical to KJ751816) is ignored but added at the end
NOTE: MZ093893 (identical to MZ093997) is ignored but added at the end
NOTE: MZ093913 (identical to MZ093997) is ignored but added at the end
NOTE: MZ094332 (identical to MZ094026) is ignored but added at the end
NOTE: MZ097172 (identical to MZ094026) is ignored but added at the end
NOTE: MZ094299 (identical to MZ094113) is ignored but added at the end
NOTE: MZ094395 (identical to MZ094113) is ignored but added at the end
NOTE: MZ093933 (identical to MZ094113) is ignored but added at the end
NOTE: MZ097204 (identical to MZ094113) is ignored but added at the end
NOTE: HQ611024 (identical to HQ611011) is ignored but added at the end
NOTE: KC175240 (identical to KC175032) is ignored but added at the end
NOTE: KC175119 (identical to KC175032) is ignored but added at the end
NOTE: KC175141 (identical to KC175032) is ignored but added at the end
NOTE: KC175076 (identical to KC175032) is ignored but added at the end
Alignment was printed to results/aligned_rotavirusA_I_I2-delim.fasta.uniqueseq.phy

For your convenience alignment with unique sequences printed to results/aligned_rotavirusA_I_I2-delim.fasta.uniqueseq.phy

Create initial parsimony tree by phylogenetic likelihood library (PLL)... 0.017 seconds

NOTE: 23 MB RAM (0 GB) is required!
Estimate model parameters (epsilon = 0.500)
1. Initial log-likelihood: -127895.031
2. Current log-likelihood: -112123.206
3. Current log-likelihood: -112002.692
4. Current log-likelihood: -111975.922
5. Current log-likelihood: -111959.480
Optimal log-likelihood: -111959.471
Rate parameters:  A-C: 1.39926  A-G: 8.03545  A-T: 0.57269  C-G: 0.40744  C-T: 12.29077  G-T: 1.00000
Base frequencies:  A: 0.341  C: 0.184  G: 0.193  T: 0.282
Parameters optimization took 5 rounds (3.889 sec)
Wrote distance file to... 
Computing ML distances based on estimated model parameters...
Calculating distance matrix: done in 1.18627 secs using 97.11% CPU
Computing ML distances took 1.191972 sec (of wall-clock time) 1.154909 sec (of CPU time)
Setting up auxiliary I and S matrices: done in 0.0127079 secs using 174% CPU
Constructing RapidNJ tree: done in 0.0310628 secs using 161.6% CPU
Computing RapidNJ tree took 0.043915 sec (of wall-clock time) 0.072604 sec (of CPU time)
Log-likelihood of RapidNJ tree: -23064.746
--------------------------------------------------------------------
|             INITIALIZING CANDIDATE TREE SET                      |
--------------------------------------------------------------------

Do NNI search on 2 best initial trees
Optimizing NNI: done in 1.87206 secs using 96.6% CPU
Estimate model parameters (epsilon = 0.500)
BETTER TREE FOUND at iteration 1: -22770.702
Optimizing NNI: done in 17.1453 secs using 97.17% CPU
Finish initializing candidate tree set (4)
Current best tree score: -22770.702 / CPU time: 19.880
Number of iterations: 2
TREE SEARCH COMPLETED AFTER 2 ITERATIONS / Time: 0h:0m:26s

--------------------------------------------------------------------
|                    FINALIZING TREE SEARCH                        |
--------------------------------------------------------------------
Performs final model parameters optimization
Estimate model parameters (epsilon = 0.050)
1. Initial log-likelihood: -22770.702
Optimal log-likelihood: -22770.701
Rate parameters:  A-C: 2.34585  A-G: 10.25459  A-T: 1.09624  C-G: 0.93064  C-T: 15.45632  G-T: 1.00000
Base frequencies:  A: 0.341  C: 0.184  G: 0.193  T: 0.282
Parameters optimization took 1 rounds (0.272 sec)
BEST SCORE FOUND : -22770.701
Total tree length: 2.633

Total number of iterations: 2
CPU time used for tree search: 19.304 sec (0h:0m:19s)
Wall-clock time used for tree search: 19.885 sec (0h:0m:19s)
Total CPU time used: 25.484 sec (0h:0m:25s)
Total wall-clock time used: 26.324 sec (0h:0m:26s)

Analysis results written to: 
  IQ-TREE report:                results/aligned_rotavirusA_I_I2-delim.fasta.iqtree
  Maximum-likelihood tree:       results/aligned_rotavirusA_I_I2-delim.fasta.treefile
  Likelihood distances:          results/aligned_rotavirusA_I_I2-delim.fasta.mldist
  Screen log file:               results/aligned_rotavirusA_I_I2-delim.fasta.log

Date and Time: Fri Oct 28 09:12:52 2022
