IQ-TREE multicore version 2.2.0-beta COVID-edition for Mac OS X 64-bit built Mar  3 2022 built Mar  3 2022
Developed by Bui Quang Minh, James Barbetti, Nguyen Lam Tung,
Olga Chernomor, Heiko Schmidt, Dominik Schrempf, Michael Woodhams, Ly Trong Nhan.

Host:    MacBook-Pro-2.local (SSE4.2, 8 GB RAM)
Command: iqtree2 -nt 1 -s results/aligned_rotavirusA_E_E1-delim.fasta -m GTR -ninit 2 -n 2 -me 0.05
Seed:    195382 (Using SPRNG - Scalable Parallel Random Number Generator)
Time:    Thu Oct 27 21:41:57 2022
Kernel:  SSE2 - 1 threads (8 CPU cores detected)

HINT: Use -nt option to specify number of threads because your CPU has 8 cores!
HINT: -nt AUTO will automatically determine the best number of threads to use.

Reading alignment file results/aligned_rotavirusA_E_E1-delim.fasta ... Fasta format detected
Reading fasta file: done in 0.021935 secs using 81.21% CPU
Alignment most likely contains DNA/RNA sequences
Constructing alignment: done in 0.00902581 secs using 70.05% CPU
Alignment has 1162 sequences with 751 columns, 557 distinct patterns
332 parsimony-informative, 151 singleton sites, 268 constant sites
          Gap/Ambiguity  Composition  p-value
Analyzing sequences: done in 0.00145698 secs using 84.97% CPU
   1  FJ915088    4.66%    passed     98.97%
   2  GQ465036    3.73%    passed     98.75%
   3  GU592516    3.73%    passed     97.95%
   4  GQ465012    0.13%    passed     99.72%
   5  GQ465017    0.13%    passed    100.00%
   6  GQ465013    0.13%    passed     99.97%
   7  GQ465010    0.13%    passed     99.97%
   8  GQ465015    0.13%    passed     99.97%
   9  GQ465014    0.13%    passed     99.97%
  10  GQ465016    0.13%    passed     99.98%
  11  GQ465033    0.13%    passed     99.98%
  12  GQ465025    0.13%    passed     99.67%
  13  KF371665    0.13%    passed     99.88%
  14  KF371739    0.13%    passed     99.67%
  15  KJ094911    0.13%    passed     99.89%
  16  KJ094910    0.13%    passed     99.88%
  17  JQ087443    0.13%    passed     99.84%
  18  KJ094907    0.13%    passed     99.97%
  19  JQ087432    0.13%    passed     99.88%
  20  KF371706    0.13%    passed     99.82%
  21  KF371990    0.13%    passed     99.82%
  22  KF371717    0.13%    passed     99.67%
  23  KF371893    0.13%    passed     99.97%
  24  KF371957    0.13%    passed     99.31%
  25  JQ043303    0.13%    passed     99.81%
  26  JQ043300    0.13%    passed     99.67%
  27  JQ043307    0.13%    passed     99.98%
  28  JQ043308    0.13%    passed     99.82%
  29  JQ043309    0.13%    passed     99.82%
  30  KF371968    0.13%    passed     99.97%
  31  KF371924    0.13%    passed     99.33%
  32  GQ465026    0.13%    passed     99.97%
  33  GQ465019    0.13%    passed     99.98%
  34  KF371772    0.13%    passed     99.67%
  35  KF726053    0.13%    passed     99.55%
  36  KF371946    0.13%    passed     99.33%
  37  LC174081    0.13%    passed     99.98%
  38  LC174056    0.13%    passed     99.98%
  39  LC174063    0.13%    passed     99.98%
  40  LC174064    0.13%    passed     99.98%
  41  LC174065    0.13%    passed     99.98%
  42  LC174092    0.13%    passed     99.88%
  43  LC174102    0.13%    passed     99.88%
  44  LC174109    0.13%    passed     99.88%
  45  LC174041    0.13%    passed     99.97%
  46  KF371860    0.13%    passed     99.04%
  47  KF371849    0.13%    passed     99.86%
  48  KF371838    0.13%    passed     99.67%
  49  KF371903    0.13%    passed     97.20%
  50  JQ087454    0.13%    passed     99.67%
  51  GQ465034    0.13%    passed     99.86%
  52  KF371913    0.13%    passed     99.93%
  53  KF371827    0.13%    passed     99.85%
  54  KF371686    0.13%    passed     99.86%
  55  KF371794    0.13%    passed     99.86%
  56  KF371750    0.13%    passed     99.86%
  57  KF371761    0.13%    passed     99.56%
  58  KF371805    0.13%    passed     99.93%
  59  KF371783    0.13%    passed     99.86%
  60  KF371816    0.13%    passed     99.86%
  61  KF371979    0.13%    passed     97.52%
  62  KF371675    0.13%    passed     98.95%
  63  KF371696    0.13%    passed     99.03%
  64  LC174075    0.27%    passed     99.96%
  65  LC174080    0.27%    passed     99.96%
  66  LC174061    0.27%    passed     99.96%
  67  LC174068    0.27%    passed     99.96%
  68  LC174074    0.27%    passed     99.96%
  69  LC174082    0.80%    passed     99.93%
  70  LC174083    0.80%    passed     99.93%
  71  LC174070    1.20%    passed     99.73%
  72  LC174071    1.86%    passed     99.39%
  73  LC174077    0.93%    passed     99.89%
  74  LC174078    0.93%    passed     99.89%
  75  LC174079    0.93%    passed     99.89%
  76  LC174129    0.93%    passed     99.89%
  77  LC174130    0.93%    passed     99.89%
  78  LC174085    2.80%    passed     98.73%
  79  LC174009    2.40%    passed     99.57%
  80  LC174150    2.40%    passed     98.28%
  81  LC174067    2.40%    passed     99.12%
  82  LC174058    5.73%    passed     95.00%
  83  LC174084    2.66%    passed     99.17%
  84  LC174069    2.66%    passed     99.17%
  85  LC174072    2.66%    passed     99.17%
  86  LC174144    2.66%    passed     99.79%
  87  LC174073    6.26%    passed     95.45%
  88  LC174097    2.26%    passed     97.65%
  89  LC174149    2.26%    passed     97.65%
  90  LC174105    4.13%    passed     95.91%
  91  LC174057    0.53%    passed     99.88%
  92  LC173979    1.60%    passed     99.28%
  93  LC174143    3.06%    passed     99.78%
  94  KF371728    0.13%    passed     99.77%
  95  LC105279    2.13%    passed     99.84%
  96  LC105345    2.13%    passed     99.84%
  97  LC105356    2.13%    passed     99.84%
  98  LC105312    3.33%    passed     99.35%
  99  LC105334    8.26%    passed     94.76%
 100  LC105301    3.46%    passed     98.41%
 101  LC105323    4.13%    passed     97.72%
 102  GU138211    2.66%    passed     99.51%
 103  MF469439    1.07%    passed     97.34%
 104  MF469429    1.60%    passed     98.78%
 105  MF469166    0.80%    passed     98.21%
 106  MF469418    4.39%    passed     97.44%
 107  MF469091    4.39%    passed     97.44%
 108  MF469298    4.39%    passed     97.44%
 109  MF469155    4.39%    passed     97.44%
 110  MF469410    5.19%    passed     98.44%
 111  MF469370    5.19%    passed     98.44%
 112  MF469309    5.19%    passed     98.44%
 113  MF469286    5.19%    passed     98.44%
 114  MF469187    5.19%    passed     98.44%
 115  MF469319    4.53%    passed     96.53%
 116  MF469238    4.66%    passed     96.04%
 117  MF469360    4.13%    passed     97.53%
 118  MF469329    5.06%    passed     98.55%
 119  MF469228    4.93%    passed     98.05%
 120  MF469350    4.26%    passed     99.01%
 121  MF469294    6.92%    passed     90.64%
 122  MF469249    5.06%    passed     95.95%
 123  JX029831    5.59%    passed     92.08%
 124  KJ751766    6.92%    passed     95.75%
 125  JN651827    5.86%    passed     83.04%
 126  JN651869    6.13%    passed     94.76%
 127  JN651892    5.86%    passed     94.64%
 128  JX027689    5.99%    passed     95.68%
 129  JF490516    5.99%    passed     95.68%
 130  JX027705    5.99%    passed     95.68%
 131  JX027860    5.99%    passed     91.90%
 132  HQ392160    5.99%    passed     87.53%
 133  JN258927    5.99%    passed     92.29%
 134  JN258838    5.99%    passed     91.32%
 135  JX027949    5.99%    passed     89.89%
 136  KC769479    5.99%    passed     89.89%
 137  JX027936    5.99%    passed     89.89%
 138  JX027958    5.99%    passed     89.89%
 139  JX027970    5.73%    passed     89.71%
 140  JX027883    5.99%    passed     91.80%
 141  HQ392347    5.99%    passed     94.54%
 142  JX027872    5.99%    passed     95.68%
 143  KC769336    6.92%    passed     97.20%
 144  KJ626841    6.66%    passed     94.90%
 145  KJ626658    6.66%    passed     94.90%
 146  KJ626816    6.66%    passed     94.90%
 147  KJ559343    6.66%    passed     94.90%
 148  KJ627045    6.66%    passed     94.90%
 149  KJ626625    6.66%    passed     92.51%
 150  KJ627125    6.66%    passed     96.66%
 151  KJ626903    6.66%    passed     95.11%
 152  KJ626669    6.66%    passed     96.66%
 153  KJ626880    6.66%    passed     90.69%
 154  KJ559146    6.66%    passed     90.69%
 155  KJ559109    6.66%    passed     90.69%
 156  KJ627060    6.66%    passed     90.69%
 157  KJ627033    6.66%    passed     90.69%
 158  KJ627022    6.66%    passed     89.45%
 159  KJ559224    7.06%    passed     93.23%
 160  KT919060    6.52%    passed     94.99%
 161  KJ753179    6.79%    passed     96.08%
 162  KJ753167    6.79%    passed     96.08%
 163  MK188875    0.13%    passed     99.81%
 164  MK188880    0.13%    passed     98.59%
 165  MK188876    7.72%    passed     80.45%
 166  MK188878    6.92%    passed     85.92%
 167  MK188883    7.32%    passed     88.60%
 168  MK188884    7.46%    passed     78.12%
 169  MK188882    2.13%    passed     96.50%
 170  MH204112    6.79%    passed     82.42%
 171  MH204122    6.66%    passed     83.76%
 172  MH204125    6.66%    passed     81.12%
 173  MH204132    6.13%    passed     85.40%
 174  MH204116    7.59%    passed     73.76%
 175  MH204121    7.06%    passed     79.54%
 176  MH204117    5.59%    passed     85.84%
 177  MH204123    5.59%    passed     82.47%
 178  HQ392336    5.99%    passed     88.65%
 179  EU872171    7.46%    passed     96.61%
 180  EU872170   13.05%    passed     81.13%
 181  EU872169   10.25%    passed     84.46%
 182  GQ465018    7.72%    passed     91.09%
 183  JX458980    3.60%    passed     85.10%
 184  JX458984    3.86%    passed     95.56%
 185  JX458977    3.60%    passed     93.03%
 186  JX458976    3.60%    passed     95.78%
 187  JX458973    3.60%    passed     93.06%
 188  JQ837887    0.00%    passed     99.97%
 189  GQ465032    5.46%    passed     95.43%
 190  MK188879    4.66%    passed     90.36%
 191  GQ465022    0.40%    passed     95.31%
 192  JQ043311    0.13%    passed     99.68%
 193  JQ043312    0.13%    passed     99.17%
 194  JQ043306    0.13%    passed     99.17%
 195  MH182462    0.13%    passed     93.65%
 196  MN417963    0.13%    passed     93.65%
 197  KX632351    0.13%    passed     88.26%
 198  MG181940    0.13%    passed     88.26%
 199  MG181269    0.13%    passed     93.22%
 200  MG181280    0.13%    passed     93.22%
 201  MG181247    0.13%    passed     93.22%
 202  MG181291    0.13%    passed     95.10%
 203  MG181302    0.13%    passed     96.46%
 204  MG181313    0.13%    passed     96.46%
 205  MG181401    0.13%    passed     98.65%
 206  MG181412    0.13%    passed     98.55%
 207  MG181445    0.13%    passed     99.12%
 208  MG181456    0.13%    passed     99.12%
 209  MG181467    0.13%    passed     99.39%
 210  MG181478    0.13%    passed     99.39%
 211  MG181434    0.13%    passed     98.09%
 212  MG181423    0.13%    passed     95.10%
 213  MG181346    0.13%    passed     94.34%
 214  MG181368    0.13%    passed     94.34%
 215  MG181390    0.13%    passed     94.34%
 216  MG181357    0.13%    passed     95.35%
 217  MG181379    0.13%    passed     93.49%
 218  MG181236    0.13%    passed     92.61%
 219  MG181258    0.13%    passed     92.61%
 220  MN417964    7.59%    passed     98.82%
 221  MN417965    7.59%    passed     98.82%
 222  LC174112    0.53%    passed     79.14%
 223  LC174121    0.13%    passed     84.06%
 224  LC174115    0.67%    passed     81.65%
 225  LC174113    0.27%    passed     82.49%
 226  LC174117    0.27%    passed     82.49%
 227  LC173982    0.27%    passed     79.48%
 228  LC174118    1.60%    passed     88.58%
 229  LC174122    1.60%    passed     88.58%
 230  LC174119    2.26%    passed     92.26%
 231  LC174126    2.26%    passed     92.26%
 232  LC173970    0.40%    passed     80.94%
 233  LC464119    4.39%    passed     92.27%
 234  LC468222    0.27%    passed     83.73%
 235  MG181335    0.13%    passed     92.45%
 236  MG181500    0.13%    passed     89.66%
 237  MG181522    0.13%    passed     89.66%
 238  MG181544    0.13%    passed     89.66%
 239  MG181555    0.13%    passed     89.66%
 240  MG181511    0.13%    passed     92.45%
 241  MG181566    0.13%    passed     87.35%
 242  MG181533    0.13%    passed     85.93%
 243  MG181489    0.13%    passed     93.22%
 244  KX632318    0.13%    passed     97.57%
 245  KX632307    0.13%    passed     97.57%
 246  KX632296    0.13%    passed     96.27%
 247  KX632252    0.13%    passed     98.55%
 248  KX632329    0.13%    passed     97.06%
 249  GQ465021    7.59%    passed     99.17%
 250  HQ392006    8.26%    passed     99.93%
 251  HQ392403    8.26%    passed     99.58%
 252  JF490262    5.99%    passed     99.74%
 253  JF490241    5.99%    passed     99.74%
 254  JF490316    5.99%    passed     99.74%
 255  JF490230    5.99%    passed     99.74%
 256  JF490219    5.99%    passed     99.74%
 257  JF490252    5.99%    passed     99.74%
 258  JF490417    5.99%    passed     99.74%
 259  JF490285    5.99%    passed     99.74%
 260  JF490427    5.99%    passed     99.74%
 261  JF490296    5.99%    passed     99.74%
 262  JF490274    5.99%    passed     99.74%
 263  JF490538    5.99%    passed     99.74%
 264  JF490307    5.99%    passed     99.16%
 265  JF490548    5.99%    passed     99.74%
 266  JF490340    5.99%    passed     99.96%
 267  JF490164    5.99%    passed     99.24%
 268  JF490186    5.99%    passed     99.24%
 269  JF490208    5.99%    passed     99.24%
 270  JF490329    5.99%    passed     99.16%
 271  JX027849    5.99%    passed     98.04%
 272  JF490438    5.99%    passed     96.35%
 273  HQ392117    5.99%    passed     98.97%
 274  HQ392293    5.99%    passed     98.97%
 275  JX027817    5.99%    passed     98.97%
 276  KC193631    5.99%    passed     99.24%
 277  HQ392359    8.26%    passed     96.53%
 278  JF490175    5.99%    passed     99.42%
 279  JF490097    5.99%    passed     99.42%
 280  JF490087    5.99%    passed     99.42%
 281  JF490197    5.99%    passed     99.42%
 282  KC769358    5.99%    passed     99.35%
 283  HQ392188    5.99%    passed     99.35%
 284  HQ392016    5.99%    passed     99.23%
 285  JN258820    5.99%    passed     99.81%
 286  JF490362    5.99%    passed     99.32%
 287  JX027916    5.99%    passed     99.25%
 288  JX027904    5.99%    passed     99.45%
 289  JX027894    5.99%    passed     99.01%
 290  AB796459    6.26%    passed     97.06%
 291  JN651882    6.13%    passed     98.03%
 292  HQ392260    5.73%    passed     97.50%
 293  JF490350    5.73%    passed     99.92%
 294  KP645331    5.59%    passed     94.25%
 295  KP645342    5.59%    passed     94.25%
 296  LC105201    4.53%    passed     96.73%
 297  LC105212    2.13%    passed     88.09%
 298  MK953559    5.46%    passed     95.62%
 299  KC769446    5.73%    passed     98.98%
 300  KF636331    6.66%    passed     99.09%
 301  KJ753116    6.66%    passed     98.69%
 302  KP753015    6.66%    passed     98.69%
 303  KF636265    6.66%    passed     99.21%
 304  KJ752259    6.66%    passed     99.21%
 305  KP752669    6.66%    passed     98.16%
 306  KF636155    6.26%    passed     99.90%
 307  KF636166    6.26%    passed     99.62%
 308  KJ753058    6.79%    passed     97.67%
 309  KJ753049    6.79%    passed     97.47%
 310  KJ753798    6.79%    passed     97.47%
 311  KJ751980    6.66%    passed     99.66%
 312  KJ752035    6.66%    passed     98.61%
 313  KJ752594    6.66%    passed     97.38%
 314  KJ751589    6.66%    passed     99.89%
 315  KP752932    6.66%    passed     99.85%
 316  KP752514    6.66%    passed     99.51%
 317  KT919501    6.66%    passed     99.94%
 318  KJ559271    6.66%    passed     99.00%
 319  KJ559188    6.66%    passed     99.00%
 320  KJ412708    6.66%    passed     98.69%
 321  KJ751931    6.66%    passed     99.56%
 322  KJ751689    6.66%    passed     99.45%
 323  KJ751832    6.66%    passed     99.45%
 324  KJ753747    6.79%    passed     98.93%
 325  KJ753736    6.79%    passed     98.93%
 326  KJ753017    6.79%    passed     98.93%
 327  KJ753224    6.79%    passed     98.93%
 328  KJ752978    6.66%    passed     98.72%
 329  KJ751755    6.66%    passed     99.55%
 330  KJ753080    6.66%    passed     99.93%
 331  KJ753444    6.79%    passed     98.92%
 332  KJ752945    6.79%    passed     98.92%
 333  KJ753202    6.79%    passed     98.92%
 334  KJ753333    6.79%    passed     98.92%
 335  KJ753156    6.79%    passed     94.41%
 336  KJ753690    6.79%    passed     99.91%
 337  KJ751821    6.66%    passed     98.03%
 338  KX778524    8.26%    passed     99.88%
 339  KX778520    8.26%    passed     99.88%
 340  KX778519    8.26%    passed     99.88%
 341  KX778514    8.26%    passed     99.88%
 342  KX778513    8.26%    passed     99.88%
 343  KX778522    8.26%    passed     99.91%
 344  KX778517    8.26%    passed     99.63%
 345  KX778515    8.26%    passed     99.73%
 346  KX778523    8.26%    passed     97.33%
 347  KX778518    8.26%    passed     96.29%
 348  KX778521    8.26%    passed     97.65%
 349  KX778516    8.26%    passed     97.80%
 350  KC769380    7.99%    passed     97.60%
 351  JF813103    0.13%    passed     96.09%
 352  KJ094909    0.13%    passed     93.85%
 353  KJ094908    0.13%    passed     93.85%
 354  LC105020    0.13%    passed     94.54%
 355  KF372001    0.13%    passed     94.95%
 356  MW384405    0.13%    passed     94.02%
 357  KF372012    0.13%    passed     99.19%
 358  LC174100    0.13%    passed     98.76%
 359  LC174120    0.13%    passed     98.55%
 360  LC174124    0.13%    passed     99.12%
 361  MW384284    0.13%    passed     99.20%
 362  LC174088    0.13%    passed     98.36%
 363  MW384229    0.13%    passed     96.46%
 364  KF371935    0.13%    passed     99.29%
 365  KF371882    0.13%    passed     97.69%
 366  KF371871    0.13%    passed     99.19%
 367  MZ165413    0.13%    passed     96.70%
 368  MZ165414    0.13%    passed     96.70%
 369  MZ165415    0.13%    passed     96.70%
 370  MW384273    0.13%    passed     96.97%
 371  MW384174    0.13%    passed     96.97%
 372  MN106174    0.13%    passed     98.22%
 373  MN106176    0.13%    passed     98.22%
 374  MN106175    0.13%    passed     98.35%
 375  MW384152    0.13%    passed     98.66%
 376  MW384119    0.13%    passed     98.66%
 377  MW384130    0.13%    passed     98.66%
 378  MW384141    0.13%    passed     98.66%
 379  MW383987    0.13%    passed     98.66%
 380  MW384086    0.13%    passed     98.66%
 381  MW384020    0.13%    passed     98.28%
 382  MW384075    0.13%    passed     98.28%
 383  LC174114    2.66%    passed     99.45%
 384  LC174116    1.20%    passed     98.39%
 385  LC174128    1.60%    passed     98.67%
 386  LC174125    2.53%    passed     99.12%
 387  LC174127    3.20%    passed     99.66%
 388  LC174141    3.33%    passed     99.55%
 389  AB669015    6.26%    passed     99.88%
 390  AB669019    6.26%    passed     99.88%
 391  AB669011    6.26%    passed     99.88%
 392  AB669007    6.26%    passed     99.88%
 393  AB796458    6.26%    passed     99.90%
 394  KJ820889    6.26%    passed     99.86%
 395  KJ820845    6.26%    passed     99.86%
 396  LC174137    1.46%    passed     96.85%
 397  LC368127   16.51%    passed     89.24%
 398  LC105042    0.13%    passed     93.24%
 399  JX027926    5.86%    passed     99.77%
 400  LC174142    1.60%    passed     94.30%
 401  LC372856    2.40%    passed     97.07%
 402  LC372878    3.86%    passed     97.41%
 403  LC367276    2.53%    passed     95.21%
 404  LC367265    2.53%    passed     97.34%
 405  LC372867    2.26%    passed     97.95%
 406  LC368105    4.13%    passed     98.15%
 407  LC372922    5.46%    passed     97.95%
 408  LC372900    5.46%    passed     99.20%
 409  LC372911    2.40%    passed     94.88%
 410  LC372845    3.86%    passed     98.29%
 411  LC368094    1.60%    passed     94.60%
 412  MF168303    1.86%    passed     97.66%
 413  LC368116   11.85%    passed     95.82%
 414  LC105223    2.13%    passed     97.21%
 415  LC105097    2.13%    passed     95.25%
 416  LC105409    2.13%    passed     95.25%
 417  LC105509    2.13%    passed     95.25%
 418  LC105378    2.13%    passed     92.61%
 419  LC105421    2.13%    passed     92.61%
 420  LC105367    5.46%    passed     97.51%
 421  LC105454    5.46%    passed     99.98%
 422  LC105465    2.13%    passed     98.60%
 423  LC105498    2.13%    passed     98.60%
 424  LC105476    2.13%    passed     98.60%
 425  LC105487    2.13%    passed     97.98%
 426  LC105531    3.46%    passed     99.06%
 427  LC105520    3.86%    passed     99.70%
 428  LC105064    1.73%    passed     95.51%
 429  LC105053    9.85%    passed     99.32%
 430  MW384350    0.40%    passed     99.07%
 431  MW384372    0.40%    passed     97.43%
 432  MW384394    0.40%    passed     96.30%
 433  MW384306    0.40%    passed     98.54%
 434  MW384295    0.40%    passed     99.24%
 435  LC367287    4.79%    passed     98.52%
 436  LC374036    5.46%    passed     99.31%
 437  LC374069    5.46%    passed     99.31%
 438  LC374113    5.46%    passed     99.31%
 439  LC374091    1.86%    passed     99.03%
 440  LC367298    1.46%    passed     98.33%
 441  LC374080    2.00%    passed     98.83%
 442  LC374102    2.40%    passed     99.71%
 443  LC374124    4.26%    passed     97.83%
 444  LC374058    2.40%    passed     97.71%
 445  LC374047    1.60%    passed     96.90%
 446  MH204119    6.79%    passed     99.92%
 447  EF560711    0.13%    passed     97.38%
 448  KU361020    2.13%    passed     98.53%
 449  KU361022    6.39%    passed     99.99%
 450  KU361018    1.73%    passed     97.83%
 451  KU361017    1.73%    passed     97.83%
 452  KU361021    1.60%    passed     98.03%
 453  LC374135    1.20%    passed     97.32%
 454  LC364356    1.33%    passed     99.51%
 455  LC374190    3.46%    passed     99.06%
 456  LC374201    2.26%    passed     99.05%
 457  LC374157    1.07%    passed     97.19%
 458  MH171454    0.13%    passed     91.34%
 459  MH171456    0.13%    passed     91.34%
 460  MF469388    1.46%    passed     96.42%
 461  MF469275    1.33%    passed     96.88%
 462  MF469102    1.60%    passed     95.84%
 463  MF469254    1.60%    passed     95.84%
 464  MH171450    0.13%    passed     95.45%
 465  MH171452    0.13%    passed     92.88%
 466  MH171455    0.13%    passed     92.88%
 467  FJ747634    5.59%    passed     97.95%
 468  KJ752583    6.66%    passed     99.87%
 469  KJ752148    6.66%    passed     99.87%
 470  KJ753569    6.66%    passed     99.87%
 471  KJ752013    6.66%    passed     99.87%
 472  KJ752170    6.66%    passed     99.87%
 473  KJ753145    6.66%    passed     99.88%
 474  KT919963    6.66%    passed     99.64%
 475  KT919699    6.66%    passed     99.64%
 476  KT919776    6.66%    passed     99.64%
 477  KT919710    6.66%    passed     99.64%
 478  KT918664    6.66%    passed     99.64%
 479  KT918697    6.66%    passed     99.64%
 480  KT919677    6.66%    passed     99.64%
 481  KT919578    6.66%    passed     99.64%
 482  KT919952    6.66%    passed     99.64%
 483  KT919016    6.66%    passed     99.64%
 484  KT918752    6.66%    passed     99.64%
 485  KT919908    6.66%    passed     99.64%
 486  KT918598    6.66%    passed     99.64%
 487  KT918653    6.66%    passed     99.64%
 488  KT919280    6.66%    passed     99.64%
 489  KT918796    6.66%    passed     99.64%
 490  KT919225    6.66%    passed     99.64%
 491  KT919181    6.66%    passed     99.64%
 492  KT919754    6.66%    passed     99.64%
 493  KT919589    6.66%    passed     99.64%
 494  KT919027    6.66%    passed     99.64%
 495  KT919302    6.66%    passed     99.64%
 496  KT919556    6.66%    passed     99.64%
 497  KT919071    6.66%    passed     99.64%
 498  KT918587    6.66%    passed     99.64%
 499  KT919236    6.66%    passed     99.64%
 500  KT919534    6.66%    passed     99.64%
 501  KT918411    6.66%    passed     99.64%
 502  KT919258    6.66%    passed     99.64%
 503  KT919930    6.66%    passed     99.64%
 504  KT918719    6.66%    passed     99.64%
 505  KT918928    6.66%    passed     99.64%
 506  KT919192    6.66%    passed     99.64%
 507  KT918488    6.66%    passed     99.64%
 508  KT919093    6.66%    passed     99.64%
 509  KT918554    6.66%    passed     99.64%
 510  KT919468    6.66%    passed     99.64%
 511  KT918939    6.66%    passed     99.64%
 512  KT918455    6.66%    passed     99.64%
 513  KT918675    6.66%    passed     99.64%
 514  KT918609    6.66%    passed     99.64%
 515  KT918785    6.66%    passed     99.64%
 516  KT918477    6.66%    passed     99.64%
 517  KT918807    6.66%    passed     99.64%
 518  KT919567    6.66%    passed     99.64%
 519  MF168199    6.66%    passed     99.64%
 520  MF168152    6.66%    passed     99.64%
 521  MF168135    6.66%    passed     99.64%
 522  MF168250    6.66%    passed     99.64%
 523  KT919875    6.66%    passed     99.47%
 524  KT918576    6.66%    passed     99.47%
 525  KT919721    6.66%    passed     99.47%
 526  KT918851    6.66%    passed     99.47%
 527  KT918972    6.66%    passed     99.47%
 528  KT918774    6.66%    passed     99.47%
 529  KT918620    6.66%    passed     99.47%
 530  KT919159    6.66%    passed     99.47%
 531  KT918499    6.66%    passed     99.47%
 532  KT919820    6.66%    passed     99.47%
 533  MF168322    6.66%    passed     99.47%
 534  MF168288    6.66%    passed     99.47%
 535  KC443486    6.66%    passed     99.60%
 536  KP753165    6.66%    passed     99.76%
 537  KT919005    6.66%    passed     98.96%
 538  KT918741    6.66%    passed     99.89%
 539  KT918818    6.66%    passed     99.02%
 540  KJ412640    6.66%    passed     99.64%
 541  KJ412730    6.66%    passed     99.64%
 542  KJ412697    6.66%    passed     99.64%
 543  KT919842    6.66%    passed     99.98%
 544  KT919787    6.66%    passed     99.98%
 545  MF167986    6.79%    passed     99.69%
 546  KJ752225    6.66%    passed     99.64%
 547  KJ753377    6.79%    passed     99.69%
 548  KJ753213    6.79%    passed     99.20%
 549  KJ753455    6.79%    passed     99.80%
 550  KJ752888    6.79%    passed     99.80%
 551  KJ753558    6.79%    passed     99.65%
 552  KJ752812    6.79%    passed     99.67%
 553  KP645298    5.59%    passed     97.96%
 554  KP645309    5.59%    passed     97.96%
 555  KP645276    5.59%    passed     97.96%
 556  KT919831    6.52%    passed     99.45%
 557  KT918642    6.52%    passed     99.45%
 558  KT919732    6.52%    passed     99.45%
 559  KT919346    6.52%    passed     99.45%
 560  KT919082    6.52%    passed     99.45%
 561  KT919666    6.52%    passed     99.45%
 562  KT919247    6.52%    passed     99.45%
 563  KT919765    6.52%    passed     99.45%
 564  KT918983    6.52%    passed     99.45%
 565  KT919897    6.52%    passed     99.45%
 566  KT919434    6.52%    passed     99.45%
 567  KT918565    6.52%    passed     99.45%
 568  KT919423    6.52%    passed     99.26%
 569  MF168144    6.52%    passed     99.26%
 570  KT919644    6.52%    passed     99.85%
 571  KT918763    5.86%    passed     98.63%
 572  KT919633    5.86%    passed     98.63%
 573  MF168009    5.86%    passed     98.50%
 574  MF168360    4.93%    passed     98.37%
 575  KT919335    1.86%    passed     94.03%
 576  MF168117    1.86%    passed     93.07%
 577  MF168088    1.86%    passed     93.07%
 578  MF168017    1.86%    passed     93.07%
 579  MF168004    1.86%    passed     93.07%
 580  MF168082    1.86%    passed     90.15%
 581  MF168176    1.73%    passed     92.44%
 582  MF168052    1.73%    passed     92.44%
 583  MF168231    2.66%    passed     94.75%
 584  MF167997    3.46%    passed     93.93%
 585  MF168094    2.40%    passed     90.97%
 586  MF168311    1.86%    passed     93.07%
 587  MN066741    5.33%    passed     99.41%
 588  MN066770    5.33%    passed     99.41%
 589  MN067056    5.33%    passed     99.41%
 590  MN066911    5.33%    passed     98.73%
 591  MN066936    5.19%    passed     97.64%
 592  MN066964    5.19%    passed     97.85%
 593  MN066820    5.06%    passed     98.95%
 594  MN066863    5.06%    passed     99.58%
 595  MN066852    5.06%    passed     99.65%
 596  MN067067    5.06%    passed     99.65%
 597  MN067045    3.99%    passed     97.41%
 598  KJ412864    6.66%    passed     99.03%
 599  KJ412892    6.66%    passed     99.03%
 600  KJ412686    6.66%    passed     99.03%
 601  KJ412741    6.66%    passed     99.03%
 602  KJ752359    6.66%    passed     99.00%
 603  KP753154    6.66%    passed     99.00%
 604  KP753244    6.66%    passed     99.00%
 605  KJ752293    6.66%    passed     99.63%
 606  KP752864    6.66%    passed     99.85%
 607  KT919864    6.66%    passed     99.88%
 608  KT919412    6.66%    passed     99.88%
 609  KT919688    6.66%    passed     99.88%
 610  KT918873    6.66%    passed     99.88%
 611  KT919919    6.66%    passed     99.88%
 612  KT919622    6.66%    passed     99.88%
 613  KT919269    6.66%    passed     99.88%
 614  KT919798    6.66%    passed     99.88%
 615  KT919886    6.66%    passed     99.88%
 616  KT919203    6.66%    passed     99.88%
 617  KT919214    6.66%    passed     99.88%
 618  KT919457    6.66%    passed     99.88%
 619  KT919049    6.66%    passed     99.88%
 620  KT918895    6.66%    passed     99.88%
 621  KT919357    6.66%    passed     99.88%
 622  KT918862    6.66%    passed     99.88%
 623  KT919611    6.66%    passed     99.88%
 624  MF168032    6.66%    passed     99.88%
 625  MF168216    6.66%    passed     99.88%
 626  MF168025    6.66%    passed     99.88%
 627  MF167974    6.66%    passed     99.88%
 628  MF168280    6.66%    passed     99.88%
 629  MF168224    6.66%    passed     99.88%
 630  MF168209    6.66%    passed     99.88%
 631  MF168397    6.66%    passed     99.88%
 632  MF168390    6.66%    passed     99.88%
 633  MF168382    6.66%    passed     99.88%
 634  MF168352    6.66%    passed     99.88%
 635  MF168335    6.66%    passed     99.88%
 636  KT919490    6.66%    passed     99.85%
 637  KT918543    6.52%    passed     99.96%
 638  KT919600    6.52%    passed     99.96%
 639  KT918994    6.52%    passed     99.96%
 640  MF168296    6.52%    passed     99.96%
 641  MF168257    6.52%    passed     99.96%
 642  MF168344    6.52%    passed     99.96%
 643  MF168191    1.86%    passed     96.60%
 644  MF469112    4.26%    passed     99.21%
 645  MF469196    1.60%    passed     94.27%
 646  KJ752934    6.79%    passed     99.76%
 647  LC374168    3.20%    passed     99.85%
 648  LC374179    5.46%    passed     98.67%
 649  HQ392315    5.73%    passed     99.09%
 650  JN651773    5.86%    passed     99.18%
 651  JN635530    5.86%    passed     99.18%
 652  JN635541    5.99%    passed     99.23%
 653  HQ392236    8.26%    passed     98.43%
 654  HQ392093    8.26%    passed     99.67%
 655  GU199512    0.13%    passed     96.70%
 656  KC851862   10.12%    passed     99.40%
 657  KC845550   10.25%    passed     99.59%
 658  KC833033   11.19%    passed     98.51%
 659  LC367309    4.39%    passed     99.65%
 660  LC374146    4.66%    passed     99.39%
 661  LC374212    2.66%    passed     98.85%
 662  LC105443    3.06%    passed     99.67%
 663  KC862277   13.18%    passed     95.91%
 664  MN066980    5.86%    passed     99.07%
 665  MN067130    5.86%    passed     99.07%
 666  MN067034    5.86%    passed     98.51%
 667  MN067078    5.86%    passed     97.67%
 668  HM035538   11.19%    passed     98.80%
 669  HM035539   12.25%    passed     99.15%
 670  EU839969    0.13%    passed     98.69%
 671  EU839975    0.13%    passed     98.69%
 672  KX362775    1.60%    passed     97.15%
 673  KX363070    0.13%    passed     98.09%
 674  KX362884    0.13%    passed     98.09%
 675  KX362982    0.13%    passed     98.09%
 676  KX363081    0.13%    passed     98.09%
 677  KX362993    0.13%    passed     98.09%
 678  KX363167    0.13%    passed     96.41%
 679  KX363302    0.13%    passed     99.12%
 680  KX363026    0.13%    passed     96.41%
 681  KX363048    0.13%    passed     96.41%
 682  KX363274    0.13%    passed     98.09%
 683  KX363178    0.13%    passed     96.41%
 684  KX363004    0.13%    passed     97.09%
 685  KX362960    0.13%    passed     97.09%
 686  KX363114    0.13%    passed     99.05%
 687  KX362906    0.13%    passed     99.05%
 688  KX363243    0.13%    passed     99.17%
 689  KX362819    0.13%    passed     95.35%
 690  KX363092    1.86%    passed     97.78%
 691  KX363037    0.27%    passed     98.38%
 692  KX363103    7.99%    passed     96.24%
 693  KX362971    0.67%    passed     89.98%
 694  KX362610    7.86%    passed     95.78%
 695  KX362599    0.67%    passed     97.86%
 696  KX363230    5.99%    passed     98.05%
 697  KX362764    0.53%    passed     98.43%
 698  KX362687    3.46%    passed     98.63%
 699  KX363156    5.73%    passed     96.93%
 700  KX362632    3.60%    passed     99.07%
 701  KX363209    9.72%    passed     86.74%
 702  KX362873   14.78%    passed     76.77%
 703  JX458981    3.60%    passed     95.38%
 704  JX458969    3.60%    passed     95.38%
 705  JX458978    3.60%    passed     95.38%
 706  JX458979    3.60%    passed     95.38%
 707  JX458975    3.60%    passed     92.96%
 708  JX458972    3.60%    passed     96.97%
 709  JX458982    3.60%    passed     89.86%
 710  JX458971    3.60%    passed     93.01%
 711  KF009678    3.60%    passed     98.95%
 712  KP753210    7.46%    passed     98.36%
 713  KC845553   13.18%    passed     78.08%
 714  KC851865   11.19%    passed     93.70%
 715  MH204118    6.26%    passed     98.40%
 716  MH204129    9.85%    passed     86.31%
 717  LC600829    3.33%    passed     95.43%
 718  MN066752    5.99%    passed     96.48%
 719  MN066831    5.33%    passed     96.55%
 720  MN067108    5.33%    passed     94.02%
 721  MN067152    5.06%    passed     91.73%
 722  MN066799    4.93%    passed     97.51%
 723  MN066944    5.99%    passed     99.58%
 724  MN067197    5.99%    passed     98.15%
 725  MN067119    5.06%    passed     99.36%
 726  LC600840    2.66%    passed     95.68%
 727  LC600851    1.33%    passed     92.64%
 728  MH204115    5.99%    passed     96.48%
 729  KR018478   19.97%    passed     52.64%
 730  KR018481   21.84%    passed     55.06%
 731  KR018479   19.84%    passed     52.34%
 732  KR018475   14.65%    passed     86.78%
 733  KR018476   15.05%    passed     82.50%
 734  KJ752002    8.79%    passed     98.11%
 735  KJ752467   10.65%    passed     99.11%
 736  JF813107    0.13%    passed     90.52%
 737  KF636177    6.66%    passed     91.64%
 738  KF636276    6.66%    passed     91.64%
 739  KF636199    6.66%    passed     91.64%
 740  KF636232    6.66%    passed     91.64%
 741  KF636188    6.66%    passed     88.91%
 742  KF636210    6.66%    passed     88.91%
 743  KJ753191    6.79%    passed     87.12%
 744  KJ753757    6.66%    passed     99.66%
 745  KP752788    6.92%    passed     99.55%
 746  KP752751    6.92%    passed     99.96%
 747  KX274577    2.80%    passed    100.00%
 748  KX274585    2.80%    passed    100.00%
 749  KX274594    2.80%    passed    100.00%
 750  KX274568    2.80%    passed    100.00%
 751  KX274578    4.26%    passed     99.78%
 752  KX274580    4.26%    passed     99.78%
 753  KX274581    4.26%    passed     99.78%
 754  KX274590    4.26%    passed     99.78%
 755  KX274593    4.26%    passed     99.78%
 756  KX274595    4.26%    passed     99.78%
 757  KX274596    4.26%    passed     99.78%
 758  KX274597    4.26%    passed     99.78%
 759  KX274592    4.26%    passed     99.78%
 760  KX274570    4.26%    passed     98.18%
 761  KX274569    4.26%    passed     97.29%
 762  KX274591    4.26%    passed     95.77%
 763  KX274579    4.26%    passed     95.82%
 764  KF500588    3.20%    passed     97.41%
 765  KC708241   13.45%    passed     92.43%
 766  MK188881    5.86%    passed     99.70%
 767  AB861965    0.27%    passed     93.70%
 768  MH204124    4.66%    passed     98.18%
 769  KC845556   11.45%    passed     98.07%
 770  KC851861   18.51%    passed     88.75%
 771  KC833027   13.85%    passed     92.73%
 772  KT919523    6.66%    passed     99.87%
 773  KT918884    6.66%    passed     99.87%
 774  KT918532    6.66%    passed     99.87%
 775  KT919401    6.66%    passed     99.87%
 776  KT919512    6.66%    passed     99.87%
 777  KT918631    6.66%    passed     99.87%
 778  KT918917    6.66%    passed     99.87%
 779  KT919170    6.66%    passed     99.87%
 780  KT919743    6.66%    passed     99.87%
 781  KT918686    6.66%    passed     99.87%
 782  KT919479    6.66%    passed     99.87%
 783  KT918466    6.66%    passed     99.87%
 784  KT918422    6.66%    passed     99.87%
 785  KT919390    6.66%    passed     99.87%
 786  KT918961    6.66%    passed     99.87%
 787  KT918521    6.66%    passed     99.87%
 788  KT919853    6.66%    passed     99.87%
 789  KT919137    6.66%    passed     99.87%
 790  KT918906    6.66%    passed     99.87%
 791  KT919148    6.66%    passed     99.87%
 792  KT918510    6.66%    passed     99.87%
 793  MF168044    6.66%    passed     99.87%
 794  MF168071    6.66%    passed     99.87%
 795  MF168239    6.66%    passed     99.87%
 796  MF168370    6.66%    passed     99.87%
 797  KT919038    6.66%    passed     99.84%
 798  KT918950    6.66%    passed     99.88%
 799  KT918829    6.66%    passed     99.87%
 800  KT918708    6.66%    passed     99.63%
 801  KT919809    6.66%    passed     99.97%
 802  KT919655    6.66%    passed     99.98%
 803  KT919126    6.66%    passed     99.76%
 804  KT918433    6.52%    passed     99.85%
 805  KT919291    6.52%    passed     99.85%
 806  KT919104    6.52%    passed     99.85%
 807  KT919941    6.52%    passed     99.85%
 808  KT919324    6.52%    passed     99.85%
 809  KT919379    6.52%    passed     99.85%
 810  KT919368    6.52%    passed     99.85%
 811  KT919545    6.52%    passed     99.85%
 812  KT919313    6.52%    passed     99.85%
 813  KT918730    5.33%    passed     98.16%
 814  MF168264    6.92%    passed     99.91%
 815  MH171465    0.13%    passed     96.68%
 816  MH171462    0.13%    passed     96.68%
 817  MH171463    0.13%    passed     96.68%
 818  MH171464    0.13%    passed     96.68%
 819  MH171451    0.13%    passed     96.68%
 820  MH171453    0.13%    passed     96.26%
 821  MK417792    0.13%    passed     98.34%
 822  MK417793    0.13%    passed     98.34%
 823  KC851860    8.12%    passed     96.47%
 824  MF469144    8.12%    passed     98.99%
 825  MF469264    8.12%    passed     98.99%
 826  MF469399    8.12%    passed     99.09%
 827  MF469122    8.12%    passed     98.17%
 828  MF469377    8.12%    passed     99.09%
 829  MF469177    8.12%    passed     98.05%
 830  MF469207    8.12%    passed     97.79%
 831  KM668752   13.58%    passed     93.78%
 832  KM668751   13.58%    passed     94.20%
 833  LC426761    7.59%    passed     99.87%
 834  KC851864    9.85%    passed     99.39%
 835  MN067008    5.06%    passed     97.78%
 836  MH204131    9.72%    passed     99.56%
 837  MH204128    9.59%    passed     91.77%
 838  EU847639    3.60%    passed     91.43%
 839  KX362860   19.31%    passed     54.60%
 840  KX362936   16.11%    passed     78.09%
 841  MH182465    9.45%    passed     97.31%
 842  LC464108   24.90%    passed     26.23%
 843  HQ392304    5.73%    passed     86.19%
 844  JF490142    5.99%    passed     94.86%
 845  KR018473   19.17%    passed     65.30%
 846  KR018472   20.51%    passed     59.84%
 847  MH171457    7.99%    passed     88.80%
 848  MH171458    5.06%    passed     86.56%
 849  JN258826    5.73%    passed     98.55%
 850  KJ412784    6.66%    passed     97.61%
 851  KJ412828    6.66%    passed     97.61%
 852  KJ412653    6.66%    passed     97.61%
 853  KJ412518    6.66%    passed     97.61%
 854  KJ412584    6.66%    passed     97.61%
 855  KJ412762    6.66%    passed     97.61%
 856  KJ412753    6.66%    passed     97.61%
 857  KJ412607    6.66%    passed     97.61%
 858  KJ626680    6.66%    passed     96.82%
 859  KJ626647    6.66%    passed     96.82%
 860  KJ626511    6.66%    passed     96.82%
 861  KJ626914    6.66%    passed     96.82%
 862  KJ626580    6.66%    passed     96.82%
 863  KJ626636    6.66%    passed     95.56%
 864  KJ626794    6.66%    passed     95.56%
 865  KJ412551    6.66%    passed     99.00%
 866  KJ627087    6.66%    passed     97.09%
 867  KJ412664    6.66%    passed     94.72%
 868  KJ412629    6.66%    passed     94.72%
 869  KJ627136    6.66%    passed     98.20%
 870  KJ626869    6.66%    passed     96.82%
 871  KJ626805    6.66%    passed     99.53%
 872  KJ559235    7.06%    passed     96.46%
 873  KJ627110    6.66%    passed     99.45%
 874  KJ627147    7.06%    passed     93.72%
 875  KJ559189    6.79%    passed     94.58%
 876  KU714442    0.13%    passed     98.64%
 877  LC468233   20.91%    passed     67.04%
 878  GQ465011    7.99%    passed     89.85%
 879  GQ465035    7.32%    passed     93.96%
 880  HQ392203    5.99%    passed     95.25%
 881  FJ915085    4.79%    passed     93.93%
 882  KJ162415    2.53%    passed     97.86%
 883  FJ915086    4.93%    passed     91.85%
 884  GQ465005    0.13%    passed     98.59%
 885  GQ465008    0.13%    passed     97.10%
 886  GQ465024    0.13%    passed     96.50%
 887  KJ162416    2.53%    passed     91.88%
 888  EU984101    0.13%    passed     95.98%
 889  GQ465037    0.13%    passed     96.94%
 890  MN106180    0.13%    passed     98.54%
 891  ON152315    0.13%    passed     89.12%
 892  KC689359    2.26%    passed     99.14%
 893  KC689360    2.26%    passed     99.14%
 894  KC689361    2.26%    passed     99.14%
 895  KC689358    2.26%    passed     99.53%
 896  KJ162417    2.53%    passed     98.47%
 897  LC173978    2.53%    passed     98.43%
 898  LC173975    0.27%    passed     97.33%
 899  LC173977    0.27%    passed     97.33%
 900  LC173963    0.27%    passed     97.33%
 901  LC173981    1.46%    passed     97.88%
 902  LC173964    1.60%    passed     98.53%
 903  LC173980    1.73%    passed     98.68%
 904  LC173973    0.13%    passed     97.12%
 905  LC173969    0.13%    passed     97.12%
 906  MH171459    0.13%    passed     97.52%
 907  MH171460    0.13%    passed     97.55%
 908  KU361019    3.20%    passed     93.96%
 909  EU872163    8.12%    passed     87.64%
 910  EU872162    8.92%    passed     92.00%
 911  EU872161    9.05%    passed     92.09%
 912  EU872160    7.72%    passed     86.48%
 913  EU872164    9.19%    passed     89.91%
 914  EU872165    8.12%    passed     87.50%
 915  GQ465031    0.13%    passed     97.77%
 916  GQ465020    0.13%    passed     96.02%
 917  FJ747623    5.59%    passed     99.84%
 918  JX029836    5.59%    passed     99.80%
 919  JX029833    5.59%    passed     97.88%
 920  KP645287    5.59%    passed     97.88%
 921  KP645265    5.59%    passed     99.27%
 922  KP645320    5.59%    passed     99.27%
 923  HQ392193    8.12%    passed     89.05%
 924  HQ392460    8.12%    passed     87.07%
 925  JN258797    8.12%    passed     91.39%
 926  KC195756    5.99%    passed     96.92%
 927  JX509933    5.99%    passed     99.04%
 928  JX027772    5.99%    passed     99.33%
 929  JX027784    5.99%    passed     99.33%
 930  JX027805    5.99%    passed     97.35%
 931  JX027750    5.99%    passed     98.42%
 932  JX027667    5.99%    passed     98.42%
 933  KC769314    5.99%    passed     98.42%
 934  JX027740    6.13%    passed     98.76%
 935  KC769413    6.13%    passed     97.47%
 936  KC769402    6.13%    passed     97.47%
 937  JF490120    5.99%    passed     98.72%
 938  JF490131    5.99%    passed     98.72%
 939  JF490109    5.99%    passed     98.72%
 940  JF490527    5.99%    passed     98.04%
 941  KC769347    5.99%    passed     98.04%
 942  HQ392138    5.99%    passed     98.04%
 943  HQ392170    5.99%    passed     98.04%
 944  JN258852    5.99%    passed     98.04%
 945  HQ391995    5.99%    passed     97.20%
 946  HQ392271    5.99%    passed     95.78%
 947  HQ392227    5.99%    passed     93.67%
 948  HQ392325    5.99%    passed     97.20%
 949  HQ392216    5.99%    passed     95.78%
 950  JN258937    5.99%    passed     98.04%
 951  HG917367    5.99%    passed     95.58%
 952  HQ392127    5.99%    passed     98.42%
 953  HQ392447    5.99%    passed     90.94%
 954  HQ392436    5.99%    passed     93.48%
 955  JN258916    5.99%    passed     92.22%
 956  MH002249    5.99%    passed     95.57%
 957  KJ752425    6.66%    passed     96.91%
 958  KJ752495    6.66%    passed     96.91%
 959  KJ752967    6.66%    passed     96.91%
 960  KJ753510    6.66%    passed     96.91%
 961  KJ753246    6.66%    passed     96.91%
 962  KJ752326    6.66%    passed     96.76%
 963  KJ753257    6.66%    passed     96.76%
 964  KJ753839    6.66%    passed     96.76%
 965  KJ752956    6.66%    passed     97.88%
 966  KJ753499    6.66%    passed     94.56%
 967  KJ753763    6.66%    passed     96.11%
 968  KJ752561    6.66%    passed     95.27%
 969  KJ753091    6.66%    passed     95.27%
 970  KJ753774    6.66%    passed     95.27%
 971  KJ753614    6.66%    passed     95.27%
 972  KJ752899    6.66%    passed     95.27%
 973  KJ753660    6.66%    passed     95.27%
 974  KJ753672    6.66%    passed     95.27%
 975  KJ753580    6.66%    passed     95.27%
 976  KJ753301    6.66%    passed     94.56%
 977  KP752740    6.66%    passed     93.19%
 978  KJ753235    6.66%    passed     95.75%
 979  KC443574    6.66%    passed     94.90%
 980  KJ559236    6.66%    passed     93.05%
 981  KJ627148    6.66%    passed     91.32%
 982  KJ626840    6.66%    passed     91.32%
 983  KJ559147    6.66%    passed     91.32%
 984  KJ559123    6.66%    passed     91.05%
 985  KJ752414    6.66%    passed     95.08%
 986  KJ752282    6.66%    passed     97.74%
 987  KJ559124    6.66%    passed     97.74%
 988  KC769424    6.79%    passed     95.53%
 989  JX027700    5.73%    passed     99.07%
 990  KC769303    5.73%    passed     99.07%
 991  KC195767    5.99%    passed     95.73%
 992  HQ392382    5.99%    passed     97.35%
 993  HQ392105    5.73%    passed     99.07%
 994  KC193610    5.73%    passed     97.99%
 995  KC193621    5.73%    passed     98.60%
 996  HQ392068    7.72%    passed     76.64%
 997  HQ392039    6.66%    passed     88.23%
 998  HQ392282    6.13%    passed     97.81%
 999  HQ392249    6.13%    passed     96.46%
1000  KJ626760   10.25%    passed     89.70%
1001  KJ626591   10.25%    passed     89.70%
1002  KJ626500   10.25%    passed     89.70%
1003  KJ626738   10.25%    passed     89.70%
1004  KJ626557   10.25%    passed     86.90%
1005  KJ627098   10.25%    passed     91.90%
1006  KJ626691   10.25%    passed     91.90%
1007  KJ626925   10.25%    passed     90.49%
1008  KJ626533   10.25%    passed     90.64%
1009  KJ627076   10.25%    passed     88.11%
1010  KJ626974   10.25%    passed     88.11%
1011  KJ626783   10.25%    passed     86.90%
1012  KJ627059    6.79%    passed     96.94%
1013  KF636221   10.12%    passed     79.56%
1014  KP752424   10.12%    passed     90.53%
1015  KJ559258   10.12%    passed     82.91%
1016  KJ559202   10.12%    passed     79.24%
1017  KJ559365   10.12%    passed     79.24%
1018  KJ559288   10.12%    passed     79.24%
1019  KJ559321   10.12%    passed     79.24%
1020  KJ559354   10.12%    passed     79.24%
1021  KJ559387   10.12%    passed     76.38%
1022  KJ559299   10.12%    passed     79.24%
1023  KJ626522   10.12%    passed     82.91%
1024  KJ626702   10.12%    passed     82.91%
1025  KJ559332   10.12%    passed     80.43%
1026  KJ752539    7.72%    passed     92.56%
1027  KJ752627    6.66%    passed     99.01%
1028  HQ392396    6.66%    passed     98.72%
1029  HQ392050    6.52%    passed     95.45%
1030  JN258904    6.66%    passed     94.76%
1031  HQ392027    8.26%    passed     93.83%
1032  JF490405    8.26%    passed     95.09%
1033  HQ392082   10.39%    passed     79.63%
1034  GU138210    2.93%    passed     99.32%
1035  KP752635    6.66%    passed     98.29%
1036  KR018477   19.57%    passed     81.53%
1037  GQ465028    4.26%    passed     96.06%
1038  JN651838    9.45%    passed     75.84%
1039  KC769369    6.26%    passed     96.01%
1040  KC769457    5.99%    passed     96.29%
1041  JX027728    5.99%    passed     96.29%
1042  JX027717    5.99%    passed     96.29%
1043  JX027795    5.99%    passed     96.29%
1044  KC769325    5.99%    passed     96.29%
1045  KC769435    5.99%    passed     96.29%
1046  KC769468    6.26%    passed     97.74%
1047  JX027762    5.99%    passed     97.99%
1048  JN258894    5.99%    passed     97.22%
1049  HQ392149    5.99%    passed     97.22%
1050  HQ392073    5.99%    passed     97.22%
1051  JN258867    5.99%    passed     97.22%
1052  JF490373    5.99%    passed     95.39%
1053  JF490384    5.99%    passed     95.39%
1054  JF490505    5.99%    passed     95.39%
1055  JF490395    5.99%    passed     95.39%
1056  JF490483    5.99%    passed     95.39%
1057  JF490450    5.99%    passed     95.39%
1058  JF490472    5.99%    passed     95.39%
1059  JF490461    5.99%    passed     95.39%
1060  JN258870    5.99%    passed     95.39%
1061  HQ392370    5.99%    passed     98.36%
1062  JX027656    5.06%    passed     95.62%
1063  JX027643    6.26%    passed     95.21%
1064  JX027674    7.86%    passed     93.90%
1065  JF490497    8.26%    passed     92.00%
1066  KC769391    6.26%    passed     97.92%
1067  HQ392414    6.39%    passed     97.30%
1068  HG917361    5.99%    passed     96.85%
1069  HG917363    5.99%    passed     96.85%
1070  HG917371    5.99%    passed     96.85%
1071  MF469218    6.66%    passed     97.73%
1072  JN258785    5.99%    passed     99.20%
1073  JN651751    6.13%    passed     99.10%
1074  JN651762    8.39%    passed     95.03%
1075  JN651784   10.52%    passed     87.68%
1076  JN651795    7.59%    passed     97.97%
1077  KJ626613    6.66%    passed     98.09%
1078  JN258804   10.79%    passed     99.00%
1079  JN651816    5.99%    passed     96.31%
1080  JN651849    8.39%    passed     91.52%
1081  JX027827    5.99%    passed     96.47%
1082  JX027839    5.99%    passed     96.47%
1083  KT919115    6.26%    passed     99.27%
1084  MF168184    6.66%    passed     98.14%
1085  MF168126    6.66%    passed     98.14%
1086  MF168064    6.66%    passed     98.14%
1087  LC028939    7.59%    passed     92.47%
1088  MH484063    6.92%    passed     93.12%
1089  JX458974    3.60%    passed     98.13%
1090  JX458983    3.86%    passed     96.83%
1091  JX458970    3.60%    passed     98.06%
1092  JF490153    5.99%    passed     98.54%
1093  JN377720    5.33%    passed     96.61%
1094  JN377721    5.33%    passed     95.83%
1095  JN377716    0.13%    passed     84.59%
1096  JN377717    0.13%    passed     84.59%
1097  JN377719    0.13%    passed     84.59%
1098  JN377718   11.58%    passed     90.36%
1099  KJ559038    6.66%    passed     97.01%
1100  MK953568    5.46%    passed     97.24%
1101  MK953577    5.46%    passed     98.82%
1102  MK953586    5.46%    passed     98.82%
1103  MK953600    5.46%    passed     98.82%
1104  KJ820878    6.26%    passed     98.90%
1105  FJ915087    0.53%    passed     85.29%
1106  KF447859    0.13%    passed     81.25%
1107  KF447870    0.13%    passed     81.25%
1108  KF447848    0.13%    passed     81.25%
1109  KF041438    0.13%    passed     81.25%
1110  KF726075    0.13%    passed     77.77%
1111  HG513054    0.13%    passed     79.97%
1112  KF726042    0.13%    passed     74.29%
1113  LC569900    0.27%    passed     94.24%
1114  KX362698    2.00%    passed     89.83%
1115  KF726064    0.13%    passed     79.22%
1116  KJ583150   24.63%    passed     81.76%
1117  KJ583139   24.90%    passed     77.66%
1118  JN258885    5.99%    passed     95.29%
1119  JN258952    7.99%    passed     79.49%
1120  JN635552    6.13%    passed     90.12%
1121  JN651860    6.13%    passed     90.12%
1122  MG676162   15.58%    passed     83.81%
1123  KU740025    2.66%    passed     40.07%
1124  KU740005    5.59%    passed     43.82%
1125  GU189558    0.13%    passed     77.60%
1126  LC000542    0.13%    passed     25.97%
1127  LC061635    5.19%    passed     87.45%
1128  LC061634   11.45%    passed     87.88%
1129  KU363141    0.13%    passed     69.88%
1130  LC569889    0.13%    passed     65.82%
1131  LC190495    1.46%    passed     83.72%
1132  KJ412562    6.66%    passed     91.58%
1133  FJ685615    0.13%    passed     89.43%
1134  MN066809    5.33%    passed     96.33%
1135  MN066880    3.73%    passed     93.24%
1136  KC412040    3.06%    passed     59.63%
1137  KC412039    2.40%    passed     63.56%
1138  MH204130   10.25%    passed     63.89%
1139  AB741658    0.13%    passed     76.30%
1140  JQ898160    3.20%    passed     52.82%
1141  KF636144    6.66%    passed     98.30%
1142  KJ751876    6.66%    passed     98.34%
1143  KJ752638    6.66%    passed     98.34%
1144  KP753199    6.66%    passed     99.10%
1145  KJ752528    6.66%    passed     93.62%
1146  KJ752381    6.66%    passed     92.05%
1147  KP752943    6.92%    passed     92.45%
1148  KJ870909    0.13%    passed     74.83%
1149  KJ870931    0.13%    passed     74.29%
1150  KJ870920    0.13%    passed     79.77%
1151  AB861976    0.13%    passed     79.22%
1152  AB861954    0.13%    passed     76.30%
1153  KX655493    0.13%    passed     72.21%
1154  KX632274    0.13%    passed     77.73%
1155  LC600818    2.66%    passed     97.98%
1156  GQ465009    0.67%    passed     73.67%
1157  GU199501    0.13%    passed     82.24%
1158  KF740532    2.80%    passed     72.15%
1159  JX040432    1.86%    passed     56.53%
1160  JN001178    8.79%    passed     98.01%
1161  JN001179    8.79%    passed     94.13%
1162  JN001181    8.66%    passed     91.90%
****  TOTAL       4.95%  0 sequences failed composition chi2 test (p-value<5%; df=3)
NOTE: GQ465010 is identical to GQ465013 but kept for subsequent analysis
NOTE: KF371990 is identical to KF371706 but kept for subsequent analysis
NOTE: JQ043309 is identical to JQ043308 but kept for subsequent analysis
NOTE: LC174056 is identical to LC174081 but kept for subsequent analysis
NOTE: LC174102 is identical to LC174092 but kept for subsequent analysis
NOTE: KF371750 is identical to KF371794 but kept for subsequent analysis
NOTE: LC174080 is identical to LC174075 but kept for subsequent analysis
NOTE: LC174083 is identical to LC174082 but kept for subsequent analysis
NOTE: LC174078 is identical to LC174077 but kept for subsequent analysis
NOTE: LC174130 is identical to LC174129 but kept for subsequent analysis
NOTE: LC174069 is identical to LC174084 but kept for subsequent analysis
NOTE: LC174149 is identical to LC174097 but kept for subsequent analysis
NOTE: LC105345 is identical to LC105279 but kept for subsequent analysis
NOTE: MF469091 is identical to MF469418 but kept for subsequent analysis
NOTE: MF469370 is identical to MF469410 but kept for subsequent analysis
NOTE: JX027705 is identical to JF490516 but kept for subsequent analysis
NOTE: KC769479 is identical to JX027949 but kept for subsequent analysis
NOTE: KJ626658 is identical to KJ626841 but kept for subsequent analysis
NOTE: KJ559146 is identical to KJ626880 but kept for subsequent analysis
NOTE: KJ753167 is identical to KJ753179 but kept for subsequent analysis
NOTE: JQ043306 is identical to JQ043312 but kept for subsequent analysis
NOTE: MN417963 is identical to MH182462 but kept for subsequent analysis
NOTE: MG181940 is identical to KX632351 but kept for subsequent analysis
NOTE: MG181280 is identical to MG181269 but kept for subsequent analysis
NOTE: MG181313 is identical to MG181302 but kept for subsequent analysis
NOTE: MG181456 is identical to MG181445 but kept for subsequent analysis
NOTE: MG181478 is identical to MG181467 but kept for subsequent analysis
NOTE: MG181368 is identical to MG181346 but kept for subsequent analysis
NOTE: MG181258 is identical to MG181236 but kept for subsequent analysis
NOTE: MN417965 is identical to MN417964 but kept for subsequent analysis
NOTE: LC174117 is identical to LC174113 but kept for subsequent analysis
NOTE: LC174122 is identical to LC174118 but kept for subsequent analysis
NOTE: LC174126 is identical to LC174119 but kept for subsequent analysis
NOTE: MG181522 is identical to MG181500 but kept for subsequent analysis
NOTE: KX632307 is identical to KX632318 but kept for subsequent analysis
NOTE: JF490241 is identical to JF490262 but kept for subsequent analysis
NOTE: JF490186 is identical to JF490164 but kept for subsequent analysis
NOTE: HQ392293 is identical to HQ392117 but kept for subsequent analysis
NOTE: JF490097 is identical to JF490175 but kept for subsequent analysis
NOTE: KP645342 is identical to KP645331 but kept for subsequent analysis
NOTE: KP753015 is identical to KJ753116 but kept for subsequent analysis
NOTE: KJ752259 is identical to KF636265 but kept for subsequent analysis
NOTE: KJ559188 is identical to KJ559271 but kept for subsequent analysis
NOTE: KJ751832 is identical to KJ751689 but kept for subsequent analysis
NOTE: KJ753736 is identical to KJ753747 but kept for subsequent analysis
NOTE: KJ752945 is identical to KJ753444 but kept for subsequent analysis
NOTE: KX778520 is identical to KX778524 but kept for subsequent analysis
NOTE: KJ094908 is identical to KJ094909 but kept for subsequent analysis
NOTE: MZ165414 is identical to MZ165413 but kept for subsequent analysis
NOTE: MW384174 is identical to MW384273 but kept for subsequent analysis
NOTE: MN106176 is identical to MN106174 but kept for subsequent analysis
NOTE: MW384119 is identical to MW384152 but kept for subsequent analysis
NOTE: MW384075 is identical to MW384020 but kept for subsequent analysis
NOTE: AB669019 is identical to AB669015 but kept for subsequent analysis
NOTE: KJ820845 is identical to KJ820889 but kept for subsequent analysis
NOTE: LC105409 is identical to LC105097 but kept for subsequent analysis
NOTE: LC105421 is identical to LC105378 but kept for subsequent analysis
NOTE: LC105498 is identical to LC105465 but kept for subsequent analysis
NOTE: LC374069 is identical to LC374036 but kept for subsequent analysis
NOTE: KU361017 is identical to KU361018 but kept for subsequent analysis
NOTE: MH171456 is identical to MH171454 but kept for subsequent analysis
NOTE: MF469254 is identical to MF469102 but kept for subsequent analysis
NOTE: MH171455 is identical to MH171452 but kept for subsequent analysis
NOTE: KJ752148 is identical to KJ752583 but kept for subsequent analysis
NOTE: KT919699 is identical to KT919963 but kept for subsequent analysis
NOTE: KT918576 is identical to KT919875 but kept for subsequent analysis
NOTE: KT919820 is identical to KT918499 but kept for subsequent analysis
NOTE: KJ412730 is identical to KJ412640 but kept for subsequent analysis
NOTE: KT919787 is identical to KT919842 but kept for subsequent analysis
NOTE: KJ752888 is identical to KJ753455 but kept for subsequent analysis
NOTE: KP645309 is identical to KP645298 but kept for subsequent analysis
NOTE: KT918642 is identical to KT919831 but kept for subsequent analysis
NOTE: MF168144 is identical to KT919423 but kept for subsequent analysis
NOTE: KT919633 is identical to KT918763 but kept for subsequent analysis
NOTE: MF168088 is identical to MF168117 but kept for subsequent analysis
NOTE: MF168052 is identical to MF168176 but kept for subsequent analysis
NOTE: MN067056 is identical to MN066770 but kept for subsequent analysis
NOTE: KJ412892 is identical to KJ412864 but kept for subsequent analysis
NOTE: KP753154 is identical to KJ752359 but kept for subsequent analysis
NOTE: KT919412 is identical to KT919864 but kept for subsequent analysis
NOTE: KT919600 is identical to KT918543 but kept for subsequent analysis
NOTE: JN635530 is identical to JN651773 but kept for subsequent analysis
NOTE: MN067130 is identical to MN066980 but kept for subsequent analysis
NOTE: EU839975 is identical to EU839969 but kept for subsequent analysis
NOTE: KX362884 is identical to KX363070 but kept for subsequent analysis
NOTE: KX363048 is identical to KX363026 but kept for subsequent analysis
NOTE: KX362960 is identical to KX363004 but kept for subsequent analysis
NOTE: KX362906 is identical to KX363114 but kept for subsequent analysis
NOTE: JX458969 is identical to JX458981 but kept for subsequent analysis
NOTE: KF636276 is identical to KF636177 but kept for subsequent analysis
NOTE: KF636210 is identical to KF636188 but kept for subsequent analysis
NOTE: KX274585 is identical to KX274577 but kept for subsequent analysis
NOTE: KX274580 is identical to KX274578 but kept for subsequent analysis
NOTE: KT918884 is identical to KT919523 but kept for subsequent analysis
NOTE: KT919291 is identical to KT918433 but kept for subsequent analysis
NOTE: MH171462 is identical to MH171465 but kept for subsequent analysis
NOTE: MK417793 is identical to MK417792 but kept for subsequent analysis
NOTE: KJ412828 is identical to KJ412784 but kept for subsequent analysis
NOTE: KJ626647 is identical to KJ626680 but kept for subsequent analysis
NOTE: KJ412629 is identical to KJ412664 but kept for subsequent analysis
NOTE: KC689360 is identical to KC689359 but kept for subsequent analysis
NOTE: LC173977 is identical to LC173975 but kept for subsequent analysis
NOTE: LC173969 is identical to LC173973 but kept for subsequent analysis
NOTE: KP645287 is identical to JX029833 but kept for subsequent analysis
NOTE: KP645320 is identical to KP645265 but kept for subsequent analysis
NOTE: JX027784 is identical to JX027772 but kept for subsequent analysis
NOTE: JX027667 is identical to JX027750 but kept for subsequent analysis
NOTE: KC769402 is identical to KC769413 but kept for subsequent analysis
NOTE: JF490131 is identical to JF490120 but kept for subsequent analysis
NOTE: HQ392170 is identical to HQ392138 but kept for subsequent analysis
NOTE: KJ752495 is identical to KJ752425 but kept for subsequent analysis
NOTE: KJ753257 is identical to KJ752326 but kept for subsequent analysis
NOTE: KJ753091 is identical to KJ752561 but kept for subsequent analysis
NOTE: KJ626840 is identical to KJ627148 but kept for subsequent analysis
NOTE: KC769303 is identical to JX027700 but kept for subsequent analysis
NOTE: KJ626591 is identical to KJ626760 but kept for subsequent analysis
NOTE: KJ626691 is identical to KJ627098 but kept for subsequent analysis
NOTE: KJ626974 is identical to KJ627076 but kept for subsequent analysis
NOTE: KJ559365 is identical to KJ559202 but kept for subsequent analysis
NOTE: KJ626702 is identical to KJ626522 but kept for subsequent analysis
NOTE: JX027728 is identical to KC769457 but kept for subsequent analysis
NOTE: HQ392149 is identical to JN258894 but kept for subsequent analysis
NOTE: JF490384 is identical to JF490373 but kept for subsequent analysis
NOTE: HG917363 is identical to HG917361 but kept for subsequent analysis
NOTE: JX027839 is identical to JX027827 but kept for subsequent analysis
NOTE: MF168126 is identical to MF168184 but kept for subsequent analysis
NOTE: JN377717 is identical to JN377716 but kept for subsequent analysis
NOTE: MK953586 is identical to MK953577 but kept for subsequent analysis
NOTE: KF447870 is identical to KF447859 but kept for subsequent analysis
NOTE: JN651860 is identical to JN635552 but kept for subsequent analysis
NOTE: KJ752638 is identical to KJ751876 but kept for subsequent analysis
Checking for duplicate sequences: done in 0.00573015 secs using 84.52% CPU
Identifying sites to remove: done in 0.007617 secs using 64.83% CPU
NOTE: 258 identical sequences (see below) will be ignored for subsequent analysis
NOTE: GQ465015 (identical to GQ465013) is ignored but added at the end
NOTE: GQ465014 (identical to GQ465013) is ignored but added at the end
NOTE: LC174063 (identical to LC174081) is ignored but added at the end
NOTE: LC174064 (identical to LC174081) is ignored but added at the end
NOTE: LC174065 (identical to LC174081) is ignored but added at the end
NOTE: LC174109 (identical to LC174092) is ignored but added at the end
NOTE: LC174061 (identical to LC174075) is ignored but added at the end
NOTE: LC174068 (identical to LC174075) is ignored but added at the end
NOTE: LC174074 (identical to LC174075) is ignored but added at the end
NOTE: LC174079 (identical to LC174077) is ignored but added at the end
NOTE: LC174072 (identical to LC174084) is ignored but added at the end
NOTE: LC105356 (identical to LC105279) is ignored but added at the end
NOTE: MF469298 (identical to MF469418) is ignored but added at the end
NOTE: MF469155 (identical to MF469418) is ignored but added at the end
NOTE: MF469309 (identical to MF469410) is ignored but added at the end
NOTE: MF469286 (identical to MF469410) is ignored but added at the end
NOTE: MF469187 (identical to MF469410) is ignored but added at the end
NOTE: JX027936 (identical to JX027949) is ignored but added at the end
NOTE: JX027958 (identical to JX027949) is ignored but added at the end
NOTE: KJ626816 (identical to KJ626841) is ignored but added at the end
NOTE: KJ559343 (identical to KJ626841) is ignored but added at the end
NOTE: KJ627045 (identical to KJ626841) is ignored but added at the end
NOTE: KJ559109 (identical to KJ626880) is ignored but added at the end
NOTE: KJ627060 (identical to KJ626880) is ignored but added at the end
NOTE: KJ627033 (identical to KJ626880) is ignored but added at the end
NOTE: MG181247 (identical to MG181269) is ignored but added at the end
NOTE: MG181390 (identical to MG181346) is ignored but added at the end
NOTE: MG181544 (identical to MG181500) is ignored but added at the end
NOTE: MG181555 (identical to MG181500) is ignored but added at the end
NOTE: JF490316 (identical to JF490262) is ignored but added at the end
NOTE: JF490230 (identical to JF490262) is ignored but added at the end
NOTE: JF490219 (identical to JF490262) is ignored but added at the end
NOTE: JF490252 (identical to JF490262) is ignored but added at the end
NOTE: JF490417 (identical to JF490262) is ignored but added at the end
NOTE: JF490285 (identical to JF490262) is ignored but added at the end
NOTE: JF490427 (identical to JF490262) is ignored but added at the end
NOTE: JF490296 (identical to JF490262) is ignored but added at the end
NOTE: JF490274 (identical to JF490262) is ignored but added at the end
NOTE: JF490538 (identical to JF490262) is ignored but added at the end
NOTE: JF490208 (identical to JF490164) is ignored but added at the end
NOTE: JF490087 (identical to JF490175) is ignored but added at the end
NOTE: JF490197 (identical to JF490175) is ignored but added at the end
NOTE: KJ753017 (identical to KJ753747) is ignored but added at the end
NOTE: KJ753224 (identical to KJ753747) is ignored but added at the end
NOTE: KJ753202 (identical to KJ753444) is ignored but added at the end
NOTE: KJ753333 (identical to KJ753444) is ignored but added at the end
NOTE: KX778519 (identical to KX778524) is ignored but added at the end
NOTE: KX778514 (identical to KX778524) is ignored but added at the end
NOTE: KX778513 (identical to KX778524) is ignored but added at the end
NOTE: MZ165415 (identical to MZ165413) is ignored but added at the end
NOTE: MW384130 (identical to MW384152) is ignored but added at the end
NOTE: MW384141 (identical to MW384152) is ignored but added at the end
NOTE: MW383987 (identical to MW384152) is ignored but added at the end
NOTE: MW384086 (identical to MW384152) is ignored but added at the end
NOTE: AB669011 (identical to AB669015) is ignored but added at the end
NOTE: AB669007 (identical to AB669015) is ignored but added at the end
NOTE: LC105509 (identical to LC105097) is ignored but added at the end
NOTE: LC105476 (identical to LC105465) is ignored but added at the end
NOTE: LC374113 (identical to LC374036) is ignored but added at the end
NOTE: KJ753569 (identical to KJ752583) is ignored but added at the end
NOTE: KJ752013 (identical to KJ752583) is ignored but added at the end
NOTE: KJ752170 (identical to KJ752583) is ignored but added at the end
NOTE: KT919776 (identical to KT919963) is ignored but added at the end
NOTE: KT919710 (identical to KT919963) is ignored but added at the end
NOTE: KT918664 (identical to KT919963) is ignored but added at the end
NOTE: KT918697 (identical to KT919963) is ignored but added at the end
NOTE: KT919677 (identical to KT919963) is ignored but added at the end
NOTE: KT919578 (identical to KT919963) is ignored but added at the end
NOTE: KT919952 (identical to KT919963) is ignored but added at the end
NOTE: KT919016 (identical to KT919963) is ignored but added at the end
NOTE: KT918752 (identical to KT919963) is ignored but added at the end
NOTE: KT919908 (identical to KT919963) is ignored but added at the end
NOTE: KT918598 (identical to KT919963) is ignored but added at the end
NOTE: KT918653 (identical to KT919963) is ignored but added at the end
NOTE: KT919280 (identical to KT919963) is ignored but added at the end
NOTE: KT918796 (identical to KT919963) is ignored but added at the end
NOTE: KT919225 (identical to KT919963) is ignored but added at the end
NOTE: KT919181 (identical to KT919963) is ignored but added at the end
NOTE: KT919754 (identical to KT919963) is ignored but added at the end
NOTE: KT919589 (identical to KT919963) is ignored but added at the end
NOTE: KT919027 (identical to KT919963) is ignored but added at the end
NOTE: KT919302 (identical to KT919963) is ignored but added at the end
NOTE: KT919556 (identical to KT919963) is ignored but added at the end
NOTE: KT919071 (identical to KT919963) is ignored but added at the end
NOTE: KT918587 (identical to KT919963) is ignored but added at the end
NOTE: KT919236 (identical to KT919963) is ignored but added at the end
NOTE: KT919534 (identical to KT919963) is ignored but added at the end
NOTE: KT918411 (identical to KT919963) is ignored but added at the end
NOTE: KT919258 (identical to KT919963) is ignored but added at the end
NOTE: KT919930 (identical to KT919963) is ignored but added at the end
NOTE: KT918719 (identical to KT919963) is ignored but added at the end
NOTE: KT918928 (identical to KT919963) is ignored but added at the end
NOTE: KT919192 (identical to KT919963) is ignored but added at the end
NOTE: KT918488 (identical to KT919963) is ignored but added at the end
NOTE: KT919093 (identical to KT919963) is ignored but added at the end
NOTE: KT918554 (identical to KT919963) is ignored but added at the end
NOTE: KT919468 (identical to KT919963) is ignored but added at the end
NOTE: KT918939 (identical to KT919963) is ignored but added at the end
NOTE: KT918455 (identical to KT919963) is ignored but added at the end
NOTE: KT918675 (identical to KT919963) is ignored but added at the end
NOTE: KT918609 (identical to KT919963) is ignored but added at the end
NOTE: KT918785 (identical to KT919963) is ignored but added at the end
NOTE: KT918477 (identical to KT919963) is ignored but added at the end
NOTE: KT918807 (identical to KT919963) is ignored but added at the end
NOTE: KT919567 (identical to KT919963) is ignored but added at the end
NOTE: MF168199 (identical to KT919963) is ignored but added at the end
NOTE: MF168152 (identical to KT919963) is ignored but added at the end
NOTE: MF168135 (identical to KT919963) is ignored but added at the end
NOTE: MF168250 (identical to KT919963) is ignored but added at the end
NOTE: KT919721 (identical to KT919875) is ignored but added at the end
NOTE: KT918851 (identical to KT919875) is ignored but added at the end
NOTE: KT918972 (identical to KT919875) is ignored but added at the end
NOTE: KT918774 (identical to KT919875) is ignored but added at the end
NOTE: MF168322 (identical to KT918499) is ignored but added at the end
NOTE: MF168288 (identical to KT918499) is ignored but added at the end
NOTE: KJ412697 (identical to KJ412640) is ignored but added at the end
NOTE: KP645276 (identical to KP645298) is ignored but added at the end
NOTE: KT919732 (identical to KT919831) is ignored but added at the end
NOTE: KT919346 (identical to KT919831) is ignored but added at the end
NOTE: KT919082 (identical to KT919831) is ignored but added at the end
NOTE: KT919666 (identical to KT919831) is ignored but added at the end
NOTE: KT919247 (identical to KT919831) is ignored but added at the end
NOTE: KT919765 (identical to KT919831) is ignored but added at the end
NOTE: KT918983 (identical to KT919831) is ignored but added at the end
NOTE: KT919897 (identical to KT919831) is ignored but added at the end
NOTE: KT919434 (identical to KT919831) is ignored but added at the end
NOTE: KT918565 (identical to KT919831) is ignored but added at the end
NOTE: MF168017 (identical to MF168117) is ignored but added at the end
NOTE: MF168004 (identical to MF168117) is ignored but added at the end
NOTE: MF168311 (identical to MF168117) is ignored but added at the end
NOTE: KJ412686 (identical to KJ412864) is ignored but added at the end
NOTE: KJ412741 (identical to KJ412864) is ignored but added at the end
NOTE: KP753244 (identical to KJ752359) is ignored but added at the end
NOTE: KT919688 (identical to KT919864) is ignored but added at the end
NOTE: KT918873 (identical to KT919864) is ignored but added at the end
NOTE: KT919919 (identical to KT919864) is ignored but added at the end
NOTE: KT919622 (identical to KT919864) is ignored but added at the end
NOTE: KT919269 (identical to KT919864) is ignored but added at the end
NOTE: KT919798 (identical to KT919864) is ignored but added at the end
NOTE: KT919886 (identical to KT919864) is ignored but added at the end
NOTE: KT919203 (identical to KT919864) is ignored but added at the end
NOTE: KT919214 (identical to KT919864) is ignored but added at the end
NOTE: KT919457 (identical to KT919864) is ignored but added at the end
NOTE: KT919049 (identical to KT919864) is ignored but added at the end
NOTE: KT918895 (identical to KT919864) is ignored but added at the end
NOTE: KT919357 (identical to KT919864) is ignored but added at the end
NOTE: KT918862 (identical to KT919864) is ignored but added at the end
NOTE: KT919611 (identical to KT919864) is ignored but added at the end
NOTE: MF168032 (identical to KT919864) is ignored but added at the end
NOTE: MF168216 (identical to KT919864) is ignored but added at the end
NOTE: MF168025 (identical to KT919864) is ignored but added at the end
NOTE: MF167974 (identical to KT919864) is ignored but added at the end
NOTE: MF168280 (identical to KT919864) is ignored but added at the end
NOTE: MF168224 (identical to KT919864) is ignored but added at the end
NOTE: MF168209 (identical to KT919864) is ignored but added at the end
NOTE: MF168397 (identical to KT919864) is ignored but added at the end
NOTE: MF168390 (identical to KT919864) is ignored but added at the end
NOTE: MF168382 (identical to KT919864) is ignored but added at the end
NOTE: MF168352 (identical to KT919864) is ignored but added at the end
NOTE: MF168335 (identical to KT919864) is ignored but added at the end
NOTE: KT918994 (identical to KT918543) is ignored but added at the end
NOTE: MF168296 (identical to KT918543) is ignored but added at the end
NOTE: MF168257 (identical to KT918543) is ignored but added at the end
NOTE: MF168344 (identical to KT918543) is ignored but added at the end
NOTE: KX362982 (identical to KX363070) is ignored but added at the end
NOTE: KX363081 (identical to KX363070) is ignored but added at the end
NOTE: KX362993 (identical to KX363070) is ignored but added at the end
NOTE: JX458978 (identical to JX458981) is ignored but added at the end
NOTE: JX458979 (identical to JX458981) is ignored but added at the end
NOTE: KF636199 (identical to KF636177) is ignored but added at the end
NOTE: KF636232 (identical to KF636177) is ignored but added at the end
NOTE: KX274594 (identical to KX274577) is ignored but added at the end
NOTE: KX274568 (identical to KX274577) is ignored but added at the end
NOTE: KX274581 (identical to KX274578) is ignored but added at the end
NOTE: KX274590 (identical to KX274578) is ignored but added at the end
NOTE: KX274593 (identical to KX274578) is ignored but added at the end
NOTE: KX274595 (identical to KX274578) is ignored but added at the end
NOTE: KX274596 (identical to KX274578) is ignored but added at the end
NOTE: KX274597 (identical to KX274578) is ignored but added at the end
NOTE: KT918532 (identical to KT919523) is ignored but added at the end
NOTE: KT919401 (identical to KT919523) is ignored but added at the end
NOTE: KT919512 (identical to KT919523) is ignored but added at the end
NOTE: KT918631 (identical to KT919523) is ignored but added at the end
NOTE: KT918917 (identical to KT919523) is ignored but added at the end
NOTE: KT919170 (identical to KT919523) is ignored but added at the end
NOTE: KT919743 (identical to KT919523) is ignored but added at the end
NOTE: KT918686 (identical to KT919523) is ignored but added at the end
NOTE: KT919479 (identical to KT919523) is ignored but added at the end
NOTE: KT918466 (identical to KT919523) is ignored but added at the end
NOTE: KT918422 (identical to KT919523) is ignored but added at the end
NOTE: KT919390 (identical to KT919523) is ignored but added at the end
NOTE: KT918961 (identical to KT919523) is ignored but added at the end
NOTE: KT918521 (identical to KT919523) is ignored but added at the end
NOTE: KT919853 (identical to KT919523) is ignored but added at the end
NOTE: KT919137 (identical to KT919523) is ignored but added at the end
NOTE: KT918906 (identical to KT919523) is ignored but added at the end
NOTE: KT919148 (identical to KT919523) is ignored but added at the end
NOTE: KT918510 (identical to KT919523) is ignored but added at the end
NOTE: MF168044 (identical to KT919523) is ignored but added at the end
NOTE: MF168071 (identical to KT919523) is ignored but added at the end
NOTE: MF168239 (identical to KT919523) is ignored but added at the end
NOTE: MF168370 (identical to KT919523) is ignored but added at the end
NOTE: KT919104 (identical to KT918433) is ignored but added at the end
NOTE: KT919941 (identical to KT918433) is ignored but added at the end
NOTE: KT919324 (identical to KT918433) is ignored but added at the end
NOTE: KT919379 (identical to KT918433) is ignored but added at the end
NOTE: KT919368 (identical to KT918433) is ignored but added at the end
NOTE: KT919545 (identical to KT918433) is ignored but added at the end
NOTE: MH171463 (identical to MH171465) is ignored but added at the end
NOTE: MH171464 (identical to MH171465) is ignored but added at the end
NOTE: MH171451 (identical to MH171465) is ignored but added at the end
NOTE: KJ412653 (identical to KJ412784) is ignored but added at the end
NOTE: KJ412518 (identical to KJ412784) is ignored but added at the end
NOTE: KJ412584 (identical to KJ412784) is ignored but added at the end
NOTE: KJ412762 (identical to KJ412784) is ignored but added at the end
NOTE: KJ412753 (identical to KJ412784) is ignored but added at the end
NOTE: KJ412607 (identical to KJ412784) is ignored but added at the end
NOTE: KJ626511 (identical to KJ626680) is ignored but added at the end
NOTE: KJ626914 (identical to KJ626680) is ignored but added at the end
NOTE: KJ626580 (identical to KJ626680) is ignored but added at the end
NOTE: KC689361 (identical to KC689359) is ignored but added at the end
NOTE: LC173963 (identical to LC173975) is ignored but added at the end
NOTE: KC769314 (identical to JX027750) is ignored but added at the end
NOTE: JF490109 (identical to JF490120) is ignored but added at the end
NOTE: JN258852 (identical to HQ392138) is ignored but added at the end
NOTE: KJ752967 (identical to KJ752425) is ignored but added at the end
NOTE: KJ753510 (identical to KJ752425) is ignored but added at the end
NOTE: KJ753246 (identical to KJ752425) is ignored but added at the end
NOTE: KJ753839 (identical to KJ752326) is ignored but added at the end
NOTE: KJ753774 (identical to KJ752561) is ignored but added at the end
NOTE: KJ753614 (identical to KJ752561) is ignored but added at the end
NOTE: KJ752899 (identical to KJ752561) is ignored but added at the end
NOTE: KJ753660 (identical to KJ752561) is ignored but added at the end
NOTE: KJ753672 (identical to KJ752561) is ignored but added at the end
NOTE: KJ753580 (identical to KJ752561) is ignored but added at the end
NOTE: KJ626500 (identical to KJ626760) is ignored but added at the end
NOTE: KJ626738 (identical to KJ626760) is ignored but added at the end
NOTE: KJ559288 (identical to KJ559202) is ignored but added at the end
NOTE: KJ559321 (identical to KJ559202) is ignored but added at the end
NOTE: KJ559354 (identical to KJ559202) is ignored but added at the end
NOTE: JX027717 (identical to KC769457) is ignored but added at the end
NOTE: JX027795 (identical to KC769457) is ignored but added at the end
NOTE: KC769325 (identical to KC769457) is ignored but added at the end
NOTE: KC769435 (identical to KC769457) is ignored but added at the end
NOTE: HQ392073 (identical to JN258894) is ignored but added at the end
NOTE: JN258867 (identical to JN258894) is ignored but added at the end
NOTE: JF490505 (identical to JF490373) is ignored but added at the end
NOTE: JF490395 (identical to JF490373) is ignored but added at the end
NOTE: JF490483 (identical to JF490373) is ignored but added at the end
NOTE: JF490450 (identical to JF490373) is ignored but added at the end
NOTE: JF490472 (identical to JF490373) is ignored but added at the end
NOTE: JF490461 (identical to JF490373) is ignored but added at the end
NOTE: HG917371 (identical to HG917361) is ignored but added at the end
NOTE: MF168064 (identical to MF168184) is ignored but added at the end
NOTE: JN377719 (identical to JN377716) is ignored but added at the end
NOTE: MK953600 (identical to MK953577) is ignored but added at the end
NOTE: KF447848 (identical to KF447859) is ignored but added at the end
NOTE: KF041438 (identical to KF447859) is ignored but added at the end
Alignment was printed to results/aligned_rotavirusA_E_E1-delim.fasta.uniqueseq.phy

For your convenience alignment with unique sequences printed to results/aligned_rotavirusA_E_E1-delim.fasta.uniqueseq.phy

Create initial parsimony tree by phylogenetic likelihood library (PLL)... 0.022 seconds

NOTE: 16 MB RAM (0 GB) is required!
Estimate model parameters (epsilon = 0.500)
1. Initial log-likelihood: -102597.742
2. Current log-likelihood: -89988.919
3. Current log-likelihood: -89742.137
4. Current log-likelihood: -89697.147
Optimal log-likelihood: -89696.802
Rate parameters:  A-C: 1.45258  A-G: 14.93543  A-T: 1.91544  C-G: 0.02205  C-T: 17.22021  G-T: 1.00000
Base frequencies:  A: 0.348  C: 0.174  G: 0.207  T: 0.271
Parameters optimization took 4 rounds (2.440 sec)
Wrote distance file to... 
Computing ML distances based on estimated model parameters...
Calculating distance matrix: done in 1.20945 secs using 96.9% CPU
Computing ML distances took 1.214449 sec (of wall-clock time) 1.174685 sec (of CPU time)
Setting up auxiliary I and S matrices: done in 0.0160658 secs using 178.7% CPU
Constructing RapidNJ tree: done in 0.0357549 secs using 185.8% CPU
Computing RapidNJ tree took 0.051919 sec (of wall-clock time) 0.095327 sec (of CPU time)
Log-likelihood of RapidNJ tree: -14905.481
--------------------------------------------------------------------
|             INITIALIZING CANDIDATE TREE SET                      |
--------------------------------------------------------------------

Do NNI search on 2 best initial trees
Optimizing NNI: done in 1.16411 secs using 97.98% CPU
Estimate model parameters (epsilon = 0.500)
BETTER TREE FOUND at iteration 1: -14704.338
Optimizing NNI: done in 13.3018 secs using 96.82% CPU
Finish initializing candidate tree set (4)
Current best tree score: -14704.338 / CPU time: 15.310
Number of iterations: 2
TREE SEARCH COMPLETED AFTER 2 ITERATIONS / Time: 0h:0m:20s

--------------------------------------------------------------------
|                    FINALIZING TREE SEARCH                        |
--------------------------------------------------------------------
Performs final model parameters optimization
Estimate model parameters (epsilon = 0.050)
1. Initial log-likelihood: -14704.338
2. Current log-likelihood: -14704.070
Optimal log-likelihood: -14704.064
Rate parameters:  A-C: 1.26301  A-G: 10.36063  A-T: 0.98530  C-G: 0.27567  C-T: 13.00855  G-T: 1.00000
Base frequencies:  A: 0.348  C: 0.174  G: 0.207  T: 0.271
Parameters optimization took 2 rounds (0.293 sec)
BEST SCORE FOUND : -14704.064
Total tree length: 3.011

Total number of iterations: 2
CPU time used for tree search: 14.850 sec (0h:0m:14s)
Wall-clock time used for tree search: 15.313 sec (0h:0m:15s)
Total CPU time used: 20.412 sec (0h:0m:20s)
Total wall-clock time used: 20.910 sec (0h:0m:20s)

Analysis results written to: 
  IQ-TREE report:                results/aligned_rotavirusA_E_E1-delim.fasta.iqtree
  Maximum-likelihood tree:       results/aligned_rotavirusA_E_E1-delim.fasta.treefile
  Likelihood distances:          results/aligned_rotavirusA_E_E1-delim.fasta.mldist
  Screen log file:               results/aligned_rotavirusA_E_E1-delim.fasta.log

Date and Time: Thu Oct 27 21:42:18 2022
