IQ-TREE multicore version 2.2.0-beta COVID-edition for Mac OS X 64-bit built Mar  3 2022 built Mar  3 2022
Developed by Bui Quang Minh, James Barbetti, Nguyen Lam Tung,
Olga Chernomor, Heiko Schmidt, Dominik Schrempf, Michael Woodhams, Ly Trong Nhan.

Host:    macbook-pro-5.fhcrc.org (SSE4.2, 8 GB RAM)
Command: iqtree2 -nt 1 -s results/aligned_fluC_HEF-delim.fasta -m GTR -ninit 2 -n 2 -me 0.05
Seed:    231678 (Using SPRNG - Scalable Parallel Random Number Generator)
Time:    Fri Aug 18 10:04:56 2023
Kernel:  SSE2 - 1 threads (8 CPU cores detected)

HINT: Use -nt option to specify number of threads because your CPU has 8 cores!
HINT: -nt AUTO will automatically determine the best number of threads to use.

Reading alignment file results/aligned_fluC_HEF-delim.fasta ... Fasta format detected
Reading fasta file: done in 0.0354719 secs using 83.11% CPU
Alignment most likely contains DNA/RNA sequences
Constructing alignment: done in 0.0135121 secs using 60.12% CPU
Alignment has 369 sequences with 2073 columns, 845 distinct patterns
531 parsimony-informative, 162 singleton sites, 1380 constant sites
            Gap/Ambiguity  Composition  p-value
Analyzing sequences: done in 0.000594854 secs using 90.61% CPU
   1  AB126194.2    0.00%    passed     97.78%
   2  LC385858.1    4.20%    passed     98.64%
   3  LC122632.1    4.20%    passed     98.86%
   4  FR671422.1    0.00%    passed     97.92%
   5  M11638.1      2.80%    passed     86.77%
   6  M11641.1      2.80%    passed     86.77%
   7  M11637.1      2.80%    passed     61.71%
   8  AB035357.1    4.20%    passed     92.55%
   9  LC603641.1    4.20%    passed     99.31%
  10  D28968.1      2.94%    passed     99.72%
  11  AB086656.1    7.09%    passed     97.36%
  12  D63473.1      7.09%    passed     95.75%
  13  D63503.1      4.68%    passed     97.35%
  14  D28967.1      3.57%    passed     99.77%
  15  AB899775.1    4.20%    passed     99.73%
  16  AB899776.1    4.20%    passed     99.73%
  17  D28971.1      2.60%    passed     94.64%
  18  D30697.1      4.15%    passed     99.77%
  19  LC122634.1    4.20%    passed     98.53%
  20  LC122637.1    4.20%    passed     99.79%
  21  AB219076.1    7.09%    passed     97.69%
  22  D87392.1      4.15%    passed     96.54%
  23  D87393.1      4.15%    passed     98.99%
  24  D87394.1      2.07%    passed     93.72%
  25  D49361.1      4.34%    passed     99.86%
  26  D63472.1      2.22%    passed     96.80%
  27  LC385859.1    4.20%    passed     98.76%
  28  LC122641.1    7.09%    passed     94.68%
  29  AB252154.1    7.09%    passed     96.49%
  30  AB099410.1    7.09%    passed     93.09%
  31  AB099412.1    7.09%    passed     93.09%
  32  AB099415.1    7.09%    passed     93.09%
  33  AB099423.1    7.09%    passed     93.09%
  34  AB099411.1    7.09%    passed     94.60%
  35  AB099414.1    7.09%    passed     94.60%
  36  AB099417.1    7.09%    passed     95.84%
  37  AB099428.1    7.09%    passed     93.29%
  38  AB099420.1    7.09%    passed     96.49%
  39  AB219077.1    7.09%    passed     96.49%
  40  AB219078.1    7.09%    passed     96.49%
  41  AB086666.1    7.09%    passed     95.84%
  42  AB086662.1    7.09%    passed     95.29%
  43  AB064398.1    7.09%    passed     95.81%
  44  AB086663.1    7.09%    passed     94.38%
  45  AB064399.1    7.09%    passed     94.38%
  46  AB064397.1    7.09%    passed     96.97%
  47  AB064400.1    7.09%    passed     96.00%
  48  AB086667.1    7.09%    passed     94.98%
  49  AB064401.1    7.09%    passed     94.98%
  50  AB064402.1    7.09%    passed     94.98%
  51  AB064403.1    7.09%    passed     95.84%
  52  AB252164.1    7.09%    passed     98.14%
  53  AB086665.1    7.09%    passed     93.82%
  54  AB099418.1    7.09%    passed     95.71%
  55  AB086668.1    7.09%    passed     94.94%
  56  AB086669.1    7.09%    passed     94.94%
  57  AB099424.1    7.09%    passed     98.54%
  58  AB099425.1    7.09%    passed     98.54%
  59  AB099427.1    7.09%    passed     97.87%
  60  EU086908.1   16.59%    passed     72.91%
  61  EU086909.1   16.59%    passed     72.91%
  62  D63468.1      3.76%    passed     95.83%
  63  AB035362.1    5.35%    passed     92.97%
  64  LC122633.1    4.20%    passed     98.62%
  65  K01689.1      0.14%    passed     89.43%
  66  M11642.1      2.80%    passed     89.21%
  67  M11639.1      2.85%    passed     77.10%
  68  AB899777.1    7.09%    passed     77.96%
  69  AB086657.1    7.09%    passed     93.27%
  70  AB086658.1    7.09%    passed     87.63%
  71  AB086659.1    7.09%    passed     86.49%
  72  AB086660.1    7.09%    passed     83.02%
  73  D88428.1      2.94%    passed     77.70%
  74  D28970.1      3.67%    passed     97.10%
  75  AB035360.1    4.20%    passed     99.62%
  76  AB035361.1    4.20%    passed     99.58%
  77  D28969.1      2.41%    passed     86.64%
  78  AM410041.1    0.00%    passed     94.92%
  79  AY880247.1    0.00%    passed     97.77%
  80  M17868.1      0.00%    passed     92.55%
  81  AB035358.1    5.35%    passed     91.34%
  82  AB035359.1    5.84%    passed     97.97%
  83  MH828688.1    9.94%    passed     99.79%
  84  MZ330881.1    5.07%    passed     98.75%
  85  MZ330895.1    5.07%    passed     98.74%
  86  MZ330888.1    5.07%    passed     99.09%
  87  MZ330944.1    5.07%    passed     99.20%
  88  MZ330909.1    5.07%    passed     98.19%
  89  MZ330958.1    5.07%    passed     98.19%
  90  MZ330916.1    5.07%    passed     98.82%
  91  MZ330951.1    5.07%    passed     97.29%
  92  MZ331000.1    5.07%    passed     98.95%
  93  MZ330965.1    5.07%    passed     97.75%
  94  MZ330972.1    5.07%    passed     98.63%
  95  MZ330979.1    5.07%    passed     96.49%
  96  MZ330986.1    5.07%    passed     94.92%
  97  MK480592.1   11.14%    passed     97.94%
  98  LC122667.1    4.20%    passed     99.92%
  99  LC122671.1    4.20%    passed     99.92%
 100  AB899781.1    4.20%    passed     99.92%
 101  LC122669.1    4.20%    passed     99.88%
 102  JX080409.1   12.83%    passed     91.79%
 103  JX080412.1   12.83%    passed     94.68%
 104  JX080414.1   12.83%    passed     94.68%
 105  JX080413.1   12.83%    passed     93.70%
 106  HM748633.1    6.13%    passed     97.84%
 107  HM748634.1    6.13%    passed     97.84%
 108  CY239417.1    4.97%    passed     95.76%
 109  CY239427.1    3.52%    passed     98.02%
 110  CY239418.1    3.09%    passed     97.16%
 111  CY239421.1    4.00%    passed     97.34%
 112  CY239422.1    2.27%    passed     94.73%
 113  CY239465.1    1.69%    passed     90.68%
 114  CY239471.1    1.59%    passed     90.79%
 115  CY239475.1    1.45%    passed     89.44%
 116  CY239442.1    1.83%    passed     91.56%
 117  CY239469.1    1.59%    passed     90.38%
 118  CY239440.1    1.69%    passed     91.76%
 119  CY239477.1    1.69%    passed     91.76%
 120  CY239461.1    3.52%    passed     98.03%
 121  CY239452.1    1.93%    passed     91.03%
 122  CY239463.1    1.98%    passed     93.47%
 123  CY239467.1    1.59%    passed     91.00%
 124  CY239479.1    1.54%    passed     90.50%
 125  CY239484.1    2.03%    passed     90.35%
 126  CY239430.1    6.13%    passed     97.49%
 127  CY239444.1    1.78%    passed     92.66%
 128  CY239438.1    1.74%    passed     90.60%
 129  CY239428.1    6.17%    passed     97.55%
 130  CY239436.1    4.15%    passed     97.36%
 131  LC122674.1    4.20%    passed     99.51%
 132  LC013254.1    4.20%    passed     98.91%
 133  LC013255.1    4.20%    passed     98.91%
 134  LC013261.1    4.20%    passed     98.54%
 135  LC013257.1    4.20%    passed     99.51%
 136  MK480578.1   11.24%    passed     99.66%
 137  LC630941.1    4.20%    passed     99.40%
 138  LC603648.1    4.20%    passed     97.06%
 139  AB899779.1    7.09%    passed     96.78%
 140  AB219079.1    7.09%    passed     96.85%
 141  AB219080.1    7.09%    passed     96.85%
 142  LC122638.1    7.09%    passed     99.22%
 143  LC122639.1    7.09%    passed     98.30%
 144  AB099422.1    7.09%    passed     98.26%
 145  AB099426.1    7.09%    passed     96.99%
 146  AB099430.1    7.09%    passed     97.68%
 147  AB099429.1    7.09%    passed     96.75%
 148  LC122640.1    7.09%    passed     95.22%
 149  AB899778.1    7.09%    passed     95.93%
 150  AB252153.1    7.09%    passed     97.68%
 151  LC122642.1    7.09%    passed     96.36%
 152  LC122643.1    7.09%    passed     93.45%
 153  AB252163.1    7.09%    passed     97.86%
 154  LC122646.1    7.09%    passed     96.56%
 155  AB252161.1    7.09%    passed     97.37%
 156  AB252159.1    7.09%    passed     96.56%
 157  LC122647.1    7.09%    passed     96.11%
 158  AB099416.1    7.09%    passed     97.36%
 159  AB099419.1    7.09%    passed     97.36%
 160  AB086664.1    7.09%    passed     97.98%
 161  AB252156.1    7.09%    passed     98.64%
 162  AB252157.1    7.09%    passed     97.51%
 163  AB252162.1    7.09%    passed     98.62%
 164  AB252158.1    7.09%    passed     97.63%
 165  AB252165.1    7.09%    passed     95.83%
 166  HM748624.1    6.13%    passed     98.09%
 167  HM748626.1    6.13%    passed     98.44%
 168  HM748627.1    6.13%    passed     95.89%
 169  HM748628.1    6.13%    passed     95.89%
 170  HM748629.1    6.13%    passed     97.20%
 171  JX080410.1   12.83%    passed     94.74%
 172  LC122649.1    5.26%    passed     95.09%
 173  LC122651.1    5.26%    passed     96.15%
 174  LC122652.1    4.20%    passed     98.62%
 175  LC122655.1    4.20%    passed     98.58%
 176  LC122657.1    4.20%    passed     97.42%
 177  LC122654.1    5.26%    passed     97.05%
 178  GQ853453.1    4.34%    passed     99.25%
 179  GQ853454.1    3.67%    passed     97.97%
 180  KT835350.1   12.35%    passed     98.97%
 181  KT835353.1   12.35%    passed     98.54%
 182  GQ853455.1    4.15%    passed     99.24%
 183  GQ853452.1    4.10%    passed     98.53%
 184  HM748623.1    6.13%    passed     93.59%
 185  HM748625.1    6.13%    passed     94.21%
 186  JX129180.1   53.84%    passed     90.99%
 187  JX129181.1   53.84%    passed     96.19%
 188  KM507555.1    6.32%    passed     99.45%
 189  D63467.1      4.68%    passed     97.62%
 190  D63469.1      2.56%    passed     97.80%
 191  D63470.1      3.18%    passed     92.09%
 192  D63471.1      4.78%    passed     97.21%
 193  JX947861.1    6.22%    passed     81.73%
 194  LC720285.1    0.48%    passed     92.97%
 195  LC512500.1    4.20%    passed     94.64%
 196  LC512501.1    4.20%    passed     94.64%
 197  LC512505.1    4.20%    passed     94.64%
 198  LC512513.1    4.20%    passed     94.64%
 199  LC512503.1    4.20%    passed     98.34%
 200  LC512507.1    4.20%    passed     98.34%
 201  LC512509.1    4.20%    passed     98.34%
 202  LC512512.1    4.20%    passed     98.34%
 203  LC512499.1    4.20%    passed     96.25%
 204  LC385865.1    4.20%    passed     97.61%
 205  LC122677.1    4.20%    passed     92.54%
 206  LC013253.1    4.20%    passed     92.22%
 207  MK050092.1    8.92%    passed     92.02%
 208  LC122675.1    4.20%    passed     97.42%
 209  LC122678.1    4.20%    passed     96.36%
 210  LC013260.1    4.20%    passed     96.97%
 211  KM504280.1    0.00%    passed     93.90%
 212  KT835354.1   12.35%    passed     98.48%
 213  MK480599.1   17.90%    passed     99.18%
 214  CY239435.1    5.93%    passed     94.54%
 215  MZ330902.1    5.07%    passed     93.17%
 216  MZ330993.1    5.07%    passed     90.00%
 217  AB978563.1    7.09%    passed     99.08%
 218  MZ331007.1    5.07%    passed     94.16%
 219  AB978548.1    7.09%    passed     99.42%
 220  AB978549.1    7.09%    passed     99.80%
 221  AB978550.1    7.09%    passed     99.57%
 222  AB978551.1    7.09%    passed     99.57%
 223  AB978552.1    7.09%    passed     99.57%
 224  AB978560.1    7.09%    passed     99.21%
 225  AB978564.1    7.09%    passed     99.21%
 226  AB978561.1    7.09%    passed     99.32%
 227  AB978562.1    7.09%    passed     99.32%
 228  AB978565.1    7.09%    passed     99.57%
 229  AB978566.1    7.09%    passed     98.95%
 230  HM748632.1    6.13%    passed     97.16%
 231  MZ330923.1    5.07%    passed     91.84%
 232  MZ330930.1    5.07%    passed     91.84%
 233  MZ330937.1    5.07%    passed     93.46%
 234  KT232085.1    7.09%    passed     96.81%
 235  KM507548.1    9.17%    passed     94.31%
 236  LC512487.1    4.20%    passed     93.70%
 237  LC122665.1    4.20%    passed     91.44%
 238  AB899780.1    4.20%    passed     94.03%
 239  LC122673.1    4.20%    passed     92.60%
 240  LC122661.1    4.20%    passed     90.04%
 241  LC122664.1    4.20%    passed     90.04%
 242  LC013263.1    4.20%    passed     90.93%
 243  LC122662.1    4.20%    passed     92.60%
 244  LC122668.1    4.20%    passed     90.04%
 245  LC122672.1    4.20%    passed     90.04%
 246  AB899782.1    4.20%    passed     90.04%
 247  LC122670.1    4.20%    passed     91.57%
 248  LC122666.1    4.20%    passed     92.66%
 249  LC122656.1    4.20%    passed     94.03%
 250  LC122659.1    4.20%    passed     94.03%
 251  LC122658.1    4.20%    passed     95.24%
 252  LC122660.1    4.20%    passed     95.24%
 253  LC013262.1    4.20%    passed     95.24%
 254  LC122663.1    4.20%    passed     89.96%
 255  LC122653.1    5.89%    passed     89.78%
 256  AB978553.1    7.09%    passed     95.66%
 257  AB978556.1    7.09%    passed     95.66%
 258  AB978557.1    7.09%    passed     95.66%
 259  AB978554.1    7.09%    passed     93.69%
 260  AB978555.1    7.09%    passed     95.14%
 261  AB978558.1    7.09%    passed     95.14%
 262  AB751603.1    6.71%    passed     96.31%
 263  AB811847.1    7.09%    passed     94.59%
 264  EU086910.1   16.59%    passed     85.75%
 265  EU086912.1   16.59%    passed     85.75%
 266  EU086911.1   16.59%    passed     84.87%
 267  EU086913.1   16.59%    passed     84.87%
 268  EU086915.1   16.59%    passed     86.38%
 269  EU086916.1   16.59%    passed     85.75%
 270  EU086917.1   16.59%    passed     83.72%
 271  AB978559.1    7.09%    passed     93.90%
 272  AB751599.1   10.71%    passed     98.34%
 273  AB751364.1   50.75%    passed     93.09%
 274  AB751365.1   50.75%    passed     93.09%
 275  AB751600.1   49.78%    passed     97.37%
 276  AB751596.1   51.57%    passed     91.58%
 277  AB751601.1   53.06%    passed     91.31%
 278  HM748630.1    6.13%    passed     88.76%
 279  HM748631.1    6.13%    passed     91.94%
 280  LC122644.1    7.09%    passed     97.25%
 281  AB252155.1    7.09%    passed     97.25%
 282  AB182357.1    7.14%    passed     97.04%
 283  EU086914.1   16.59%    passed     83.63%
 284  LC122648.1    4.20%    passed     96.36%
 285  LC122650.1    5.26%    passed     97.85%
 286  AB811846.1   53.21%    passed     88.44%
 287  AB751594.1   56.49%    passed     75.33%
 288  AB751598.1   56.49%    passed     76.28%
 289  AB751602.1   56.49%    passed     81.01%
 290  AB751595.1   50.80%    passed     87.13%
 291  AB751597.1   51.28%    passed     91.44%
 292  LC512488.1    4.20%    passed     82.98%
 293  LC512490.1    4.20%    passed     82.98%
 294  LC512491.1    4.20%    passed     82.98%
 295  LC385862.1    4.20%    passed     82.98%
 296  LC385863.1    4.20%    passed     82.98%
 297  LC385867.1    4.20%    passed     82.98%
 298  LC385860.1    4.20%    passed     85.60%
 299  LC385861.1    4.20%    passed     85.60%
 300  LC013256.1    4.20%    passed     88.00%
 301  LC013259.1    4.20%    passed     82.98%
 302  LC013258.1    4.20%    passed     85.60%
 303  LC512489.1    4.20%    passed     95.19%
 304  LC122676.1    4.20%    passed     93.19%
 305  LC512492.1    4.20%    passed     90.84%
 306  LC512493.1    4.20%    passed     90.61%
 307  LC512495.1    4.20%    passed     90.61%
 308  LC512496.1    4.20%    passed     90.61%
 309  LC512511.1    4.20%    passed     90.61%
 310  LC385864.1    4.20%    passed     90.61%
 311  LC512494.1    4.20%    passed     94.18%
 312  LC512510.1    4.20%    passed     94.18%
 313  LC385866.1    4.20%    passed     91.34%
 314  CY239424.1    3.81%    passed     88.49%
 315  LC512504.1    4.20%    passed     94.39%
 316  LC512506.1    4.20%    passed     94.39%
 317  CY239446.1    1.88%    passed     87.95%
 318  CY239448.1    1.83%    passed     90.61%
 319  CY239450.1    2.36%    passed     83.22%
 320  CY239481.1    1.45%    passed     89.01%
 321  MK050093.1    8.92%    passed     80.91%
 322  LC512497.1    4.20%    passed     84.92%
 323  LC512498.1    4.20%    passed     84.92%
 324  LC512508.1    4.20%    passed     84.92%
 325  LC512502.1    4.20%    passed     82.21%
 326  CY239455.1    1.50%    passed     98.19%
 327  CY239433.1    3.91%    passed     91.42%
 328  CY239454.1    3.04%    passed     90.21%
 329  CY239459.1    2.22%    passed     85.84%
 330  CY239447.1    2.12%    passed     92.12%
 331  CY239473.1    1.78%    passed     95.53%
 332  CY239457.1    2.27%    passed     90.87%
 333  LC327655.1    2.22%    passed     95.52%
 334  MK480585.1   13.07%    passed     97.93%
 335  LC327662.1    2.22%    passed     94.57%
 336  KT835351.1   12.35%    passed     91.23%
 337  KT835352.1   12.35%    passed     89.85%
 338  JX080411.1   12.83%    passed     99.50%
 339  JX129182.1   53.84%    passed     88.21%
 340  JN899406.1   42.16%    passed     73.29%
 341  JX129183.1   53.06%    passed     88.61%
 342  JX129184.1   53.06%    passed     88.61%
 343  AB086661.1    7.09%    passed     99.49%
 344  AB035365.1    4.97%    passed     97.55%
 345  AB035364.1    3.86%    passed     97.58%
 346  MK050094.1   50.46%    passed     68.28%
 347  LC122635.1    4.34%    passed     99.18%
 348  AB035363.1    5.21%    passed     94.20%
 349  D88427.1      4.34%    passed     97.03%
 350  AB099413.1    7.24%    passed     97.23%
 351  AB099421.1    7.24%    passed     96.13%
 352  AB064413.1    7.24%    passed     97.28%
 353  AB064407.1    7.24%    passed     95.98%
 354  AB064410.1    7.24%    passed     94.83%
 355  AB064412.1    7.24%    passed     96.06%
 356  AB064414.1    7.24%    passed     96.06%
 357  AB064406.1    7.24%    passed     96.66%
 358  LC122645.1    4.34%    passed     99.66%
 359  AB252160.1    7.24%    passed     95.01%
 360  AB064404.1    7.24%    passed     97.09%
 361  AB064405.1    7.24%    passed     97.91%
 362  AB064411.1    7.24%    passed     98.88%
 363  AB064408.1    7.24%    passed     89.47%
 364  AB064409.1    7.24%    passed     88.71%
 365  D78433.1      5.40%    passed     86.16%
 366  M25361.1      7.24%    passed     94.35%
 367  M25363.1      7.24%    passed     97.06%
 368  M25362.1      7.24%    passed     95.05%
 369  M11640.1      3.04%    passed     82.72%
WARNING: 16 sequences contain more than 50% gaps/ambiguity
****  TOTAL         8.02%  0 sequences failed composition chi2 test (p-value<5%; df=3)
NOTE: AB899776.1 is identical to AB899775.1 but kept for subsequent analysis
NOTE: AB099412.1 is identical to AB099410.1 but kept for subsequent analysis
NOTE: AB099414.1 is identical to AB099411.1 but kept for subsequent analysis
NOTE: AB219078.1 is identical to AB219077.1 but kept for subsequent analysis
NOTE: AB064399.1 is identical to AB086663.1 but kept for subsequent analysis
NOTE: AB064401.1 is identical to AB086667.1 but kept for subsequent analysis
NOTE: AB086669.1 is identical to AB086668.1 but kept for subsequent analysis
NOTE: AB099425.1 is identical to AB099424.1 but kept for subsequent analysis
NOTE: EU086909.1 is identical to EU086908.1 but kept for subsequent analysis
NOTE: MZ330958.1 is identical to MZ330909.1 but kept for subsequent analysis
NOTE: LC122671.1 is identical to LC122667.1 but kept for subsequent analysis
NOTE: JX080414.1 is identical to JX080412.1 but kept for subsequent analysis
NOTE: HM748634.1 is identical to HM748633.1 but kept for subsequent analysis
NOTE: CY239477.1 is identical to CY239440.1 but kept for subsequent analysis
NOTE: LC013255.1 is identical to LC013254.1 but kept for subsequent analysis
NOTE: AB219080.1 is identical to AB219079.1 but kept for subsequent analysis
NOTE: AB099419.1 is identical to AB099416.1 but kept for subsequent analysis
NOTE: HM748628.1 is identical to HM748627.1 but kept for subsequent analysis
NOTE: LC512501.1 is identical to LC512500.1 but kept for subsequent analysis
NOTE: LC512507.1 is identical to LC512503.1 but kept for subsequent analysis
NOTE: AB978551.1 is identical to AB978550.1 but kept for subsequent analysis
NOTE: AB978564.1 is identical to AB978560.1 but kept for subsequent analysis
NOTE: AB978562.1 is identical to AB978561.1 but kept for subsequent analysis
NOTE: LC122664.1 is identical to LC122661.1 but kept for subsequent analysis
NOTE: LC122672.1 is identical to LC122668.1 but kept for subsequent analysis
NOTE: LC122660.1 is identical to LC122658.1 but kept for subsequent analysis
NOTE: AB978556.1 is identical to AB978553.1 but kept for subsequent analysis
NOTE: EU086912.1 is identical to EU086910.1 but kept for subsequent analysis
NOTE: EU086913.1 is identical to EU086911.1 but kept for subsequent analysis
NOTE: AB751365.1 is identical to AB751364.1 but kept for subsequent analysis
NOTE: AB252155.1 is identical to LC122644.1 but kept for subsequent analysis
NOTE: LC512490.1 is identical to LC512488.1 but kept for subsequent analysis
NOTE: LC385861.1 is identical to LC385860.1 but kept for subsequent analysis
NOTE: LC512495.1 is identical to LC512493.1 but kept for subsequent analysis
NOTE: LC512506.1 is identical to LC512504.1 but kept for subsequent analysis
NOTE: LC512498.1 is identical to LC512497.1 but kept for subsequent analysis
NOTE: JX129184.1 is identical to JX129183.1 but kept for subsequent analysis
NOTE: AB064414.1 is identical to AB064412.1 but kept for subsequent analysis
Checking for duplicate sequences: done in 0.00391603 secs using 80.16% CPU
Identifying sites to remove: done in 0.00850487 secs using 90.38% CPU
NOTE: 19 identical sequences (see below) will be ignored for subsequent analysis
NOTE: AB099415.1 (identical to AB099410.1) is ignored but added at the end
NOTE: AB099423.1 (identical to AB099410.1) is ignored but added at the end
NOTE: AB064402.1 (identical to AB086667.1) is ignored but added at the end
NOTE: AB899781.1 (identical to LC122667.1) is ignored but added at the end
NOTE: LC512505.1 (identical to LC512500.1) is ignored but added at the end
NOTE: LC512513.1 (identical to LC512500.1) is ignored but added at the end
NOTE: LC512509.1 (identical to LC512503.1) is ignored but added at the end
NOTE: LC512512.1 (identical to LC512503.1) is ignored but added at the end
NOTE: AB978552.1 (identical to AB978550.1) is ignored but added at the end
NOTE: AB899782.1 (identical to LC122668.1) is ignored but added at the end
NOTE: LC013262.1 (identical to LC122658.1) is ignored but added at the end
NOTE: LC512491.1 (identical to LC512488.1) is ignored but added at the end
NOTE: LC385862.1 (identical to LC512488.1) is ignored but added at the end
NOTE: LC385863.1 (identical to LC512488.1) is ignored but added at the end
NOTE: LC385867.1 (identical to LC512488.1) is ignored but added at the end
NOTE: LC512496.1 (identical to LC512493.1) is ignored but added at the end
NOTE: LC512511.1 (identical to LC512493.1) is ignored but added at the end
NOTE: LC385864.1 (identical to LC512493.1) is ignored but added at the end
NOTE: LC512508.1 (identical to LC512497.1) is ignored but added at the end
Alignment was printed to results/aligned_fluC_HEF-delim.fasta.uniqueseq.phy

For your convenience alignment with unique sequences printed to results/aligned_fluC_HEF-delim.fasta.uniqueseq.phy

Create initial parsimony tree by phylogenetic likelihood library (PLL)... 0.024 seconds

NOTE: 9 MB RAM (0 GB) is required!
Estimate model parameters (epsilon = 0.500)
1. Initial log-likelihood: -109185.862
2. Current log-likelihood: -97069.037
3. Current log-likelihood: -96874.570
4. Current log-likelihood: -96786.762
5. Current log-likelihood: -96785.594
Optimal log-likelihood: -96785.589
Rate parameters:  A-C: 4.90844  A-G: 21.13015  A-T: 2.37375  C-G: 0.84850  C-T: 26.53820  G-T: 1.00000
Base frequencies:  A: 0.330  C: 0.183  G: 0.218  T: 0.269
Parameters optimization took 5 rounds (2.230 sec)
Wrote distance file to... 
Computing ML distances based on estimated model parameters...
Calculating distance matrix: done in 0.321211 secs using 89.16% CPU
Computing ML distances took 0.322643 sec (of wall-clock time) 0.287391 sec (of CPU time)
Setting up auxiliary I and S matrices: done in 0.00352883 secs using 183% CPU
Constructing RapidNJ tree: done in 0.00692797 secs using 174.7% CPU
Computing RapidNJ tree took 0.010587 sec (of wall-clock time) 0.018709 sec (of CPU time)
Log-likelihood of RapidNJ tree: -14163.404
--------------------------------------------------------------------
|             INITIALIZING CANDIDATE TREE SET                      |
--------------------------------------------------------------------

Do NNI search on 2 best initial trees
Optimizing NNI: done in 0.774839 secs using 98.15% CPU
Estimate model parameters (epsilon = 0.500)
BETTER TREE FOUND at iteration 1: -13960.897
Optimizing NNI: done in 7.5678 secs using 99.02% CPU
Finish initializing candidate tree set (4)
Current best tree score: -13960.897 / CPU time: 8.836
Number of iterations: 2
TREE SEARCH COMPLETED AFTER 2 ITERATIONS / Time: 0h:0m:11s

--------------------------------------------------------------------
|                    FINALIZING TREE SEARCH                        |
--------------------------------------------------------------------
Performs final model parameters optimization
Estimate model parameters (epsilon = 0.050)
1. Initial log-likelihood: -13960.897
Optimal log-likelihood: -13960.896
Rate parameters:  A-C: 2.80801  A-G: 13.85561  A-T: 1.47322  C-G: 0.74734  C-T: 18.65968  G-T: 1.00000
Base frequencies:  A: 0.330  C: 0.183  G: 0.218  T: 0.269
Parameters optimization took 1 rounds (0.117 sec)
BEST SCORE FOUND : -13960.896
Total tree length: 0.797

Total number of iterations: 2
CPU time used for tree search: 8.736 sec (0h:0m:8s)
Wall-clock time used for tree search: 8.837 sec (0h:0m:8s)
Total CPU time used: 11.574 sec (0h:0m:11s)
Total wall-clock time used: 11.896 sec (0h:0m:11s)

Analysis results written to: 
  IQ-TREE report:                results/aligned_fluC_HEF-delim.fasta.iqtree
  Maximum-likelihood tree:       results/aligned_fluC_HEF-delim.fasta.treefile
  Likelihood distances:          results/aligned_fluC_HEF-delim.fasta.mldist
  Screen log file:               results/aligned_fluC_HEF-delim.fasta.log

Date and Time: Fri Aug 18 10:05:08 2023
