IQ-TREE multicore version 2.2.0-beta COVID-edition for Mac OS X 64-bit built Mar  3 2022 built Mar  3 2022
Developed by Bui Quang Minh, James Barbetti, Nguyen Lam Tung,
Olga Chernomor, Heiko Schmidt, Dominik Schrempf, Michael Woodhams, Ly Trong Nhan.

Host:    macbook-pro-5.fhcrc.org (SSE4.2, 8 GB RAM)
Command: iqtree2 -nt 1 -s results/aligned_fluC_M-delim.fasta -m GTR -ninit 2 -n 2 -me 0.05
Seed:    60843 (Using SPRNG - Scalable Parallel Random Number Generator)
Time:    Fri Aug 18 10:04:40 2023
Kernel:  SSE2 - 1 threads (8 CPU cores detected)

HINT: Use -nt option to specify number of threads because your CPU has 8 cores!
HINT: -nt AUTO will automatically determine the best number of threads to use.

Reading alignment file results/aligned_fluC_M-delim.fasta ... Fasta format detected
Reading fasta file: done in 0.00737309 secs using 91.54% CPU
Alignment most likely contains DNA/RNA sequences
Constructing alignment: done in 0.00432491 secs using 77.3% CPU
Alignment has 259 sequences with 1180 columns, 411 distinct patterns
183 parsimony-informative, 105 singleton sites, 892 constant sites
            Gap/Ambiguity  Composition  p-value
Analyzing sequences: done in 0.000491858 secs using 39.65% CPU
   1  AB126196.2    0.00%    passed     99.84%
   2  FR671424.1    0.00%    passed     99.19%
   3  M22038.1      0.00%    passed     98.83%
   4  LC123815.1    4.66%    passed     98.23%
   5  LC123817.1    4.66%    passed     98.89%
   6  LC123816.1    4.66%    passed     99.84%
   7  LC123818.1    4.66%    passed     99.92%
   8  AM410042.1    0.00%    passed     99.66%
   9  AB000604.1    3.73%    passed     99.80%
  10  AB000610.1    3.73%    passed     98.48%
  11  AB000723.1    3.73%    passed     98.20%
  12  AB000724.1    3.73%    passed     98.48%
  13  AB000720.1    3.73%    passed     97.48%
  14  LC123822.1    4.66%    passed     98.47%
  15  AB086769.1    4.92%    passed     98.57%
  16  AB086770.1    4.92%    passed     98.57%
  17  AB099602.1    4.92%    passed     99.95%
  18  D26546.1      2.80%    passed     93.59%
  19  LC123821.1    4.66%    passed     99.93%
  20  AB086763.1    4.92%    passed     98.41%
  21  AB086765.1    4.92%    passed     99.08%
  22  AB099601.1    4.92%    passed     99.76%
  23  AB086764.1    4.92%    passed     99.77%
  24  AB000611.1    3.73%    passed     99.40%
  25  AB000728.1    3.73%    passed     99.52%
  26  D16258.1      2.20%    passed     99.53%
  27  D16260.1      2.20%    passed     99.99%
  28  D16259.1      2.29%    passed     95.99%
  29  LC720286.1    0.76%    passed     99.79%
  30  MK480600.1   10.76%    passed     95.52%
  31  MH828689.1    2.12%    passed     98.56%
  32  MZ330882.1    4.66%    passed     99.82%
  33  MZ330945.1    4.66%    passed     99.97%
  34  MZ330889.1    4.66%    passed     99.88%
  35  MZ330896.1    4.66%    passed     99.88%
  36  MZ330910.1    4.66%    passed     99.92%
  37  MZ330917.1    4.66%    passed     99.88%
  38  MZ330959.1    4.66%    passed     99.88%
  39  MZ330966.1    4.66%    passed     99.70%
  40  LC123873.1    4.66%    passed     99.92%
  41  LC123862.1    4.66%    passed     99.92%
  42  LC123865.1    4.66%    passed     99.92%
  43  LC123867.1    4.66%    passed     99.92%
  44  LC123864.1    4.66%    passed     99.71%
  45  LC123872.1    4.66%    passed     99.97%
  46  LC123877.1    4.66%    passed     99.82%
  47  LC123878.1    4.66%    passed    100.00%
  48  MZ330903.1    4.66%    passed     99.96%
  49  MZ330994.1    4.66%    passed     99.96%
  50  MZ330952.1    4.66%    passed     99.82%
  51  MZ330973.1    4.66%    passed     99.50%
  52  MZ331001.1    4.66%    passed     99.50%
  53  LC603649.1    4.66%    passed     99.96%
  54  LC123831.1    4.66%    passed     99.99%
  55  LC123823.1    4.66%    passed     99.96%
  56  LC123828.1    4.66%    passed     99.90%
  57  LC123829.1    4.66%    passed     99.90%
  58  LC123824.1    4.66%    passed     99.87%
  59  LC123826.1    4.66%    passed     99.96%
  60  LC123830.1    4.66%    passed     99.96%
  61  LC123837.1    4.66%    passed     99.55%
  62  LC123843.1    4.66%    passed     99.55%
  63  LC123844.1    4.66%    passed     99.55%
  64  LC123850.1    4.66%    passed     99.55%
  65  LC123851.1    4.66%    passed     99.55%
  66  LC123853.1    4.66%    passed     99.55%
  67  LC123847.1    4.66%    passed     99.14%
  68  LC123849.1    4.66%    passed     99.14%
  69  LC123841.1    4.66%    passed     99.36%
  70  LC123839.1    4.66%    passed     99.79%
  71  MZ331008.1    4.66%    passed    100.00%
  72  MK050101.1    4.66%    passed     99.44%
  73  LC123876.1    4.66%    passed     99.87%
  74  LC123882.1    4.66%    passed     99.64%
  75  LC123879.1    4.66%    passed     99.95%
  76  LC123836.1    4.66%    passed     99.63%
  77  LC123838.1    4.66%    passed     99.63%
  78  LC123846.1    4.66%    passed     99.63%
  79  LC123825.1    4.66%    passed     99.73%
  80  MZ330980.1    4.66%    passed     99.87%
  81  MZ330987.1    4.66%    passed     99.87%
  82  MZ330924.1    4.66%    passed     99.52%
  83  MZ330931.1    4.66%    passed     99.56%
  84  MZ330938.1    4.66%    passed     99.93%
  85  LC123871.1    4.66%    passed     99.99%
  86  LC123881.1    4.66%    passed     99.99%
  87  LC123819.1    4.66%    passed     98.89%
  88  LC123820.1    4.66%    passed     99.53%
  89  LC603642.1    4.66%    passed     99.36%
  90  AB982131.1    4.92%    passed     99.94%
  91  AB982132.1    4.92%    passed     99.94%
  92  AB982133.1    4.92%    passed     99.92%
  93  AB982146.1    4.92%    passed     99.86%
  94  AB982140.1    4.92%    passed     99.89%
  95  AB982141.1    4.92%    passed     99.89%
  96  AB982144.1    4.92%    passed     99.89%
  97  AB982145.1    4.92%    passed     99.89%
  98  AB982142.1    4.92%    passed     99.86%
  99  AB099585.1    4.92%    passed     99.91%
 100  AB099588.1    4.92%    passed     99.91%
 101  AB086766.1    4.92%    passed     99.91%
 102  AB099595.1    4.92%    passed     99.89%
 103  AB099598.1    4.92%    passed     99.89%
 104  AB099599.1    4.92%    passed     99.89%
 105  AB086782.1    4.92%    passed     99.99%
 106  AB064432.1    4.92%    passed     99.95%
 107  AB064433.1    4.92%    passed     99.95%
 108  AB086761.1    4.92%    passed     99.51%
 109  AB086762.1    4.92%    passed     99.86%
 110  AB099591.1    4.92%    passed     99.88%
 111  AB982143.1    4.92%    passed     99.07%
 112  AB086781.1    4.92%    passed     99.74%
 113  LC327657.1    4.66%    passed     97.84%
 114  LC123880.1    4.66%    passed     98.76%
 115  LC123874.1    4.66%    passed     99.01%
 116  LC123875.1    4.66%    passed     98.45%
 117  LC123845.1    4.66%    passed     99.82%
 118  LC123856.1    4.66%    passed     99.96%
 119  LC123855.1    4.66%    passed     99.56%
 120  LC123848.1    4.66%    passed     99.37%
 121  LC123852.1    4.66%    passed     99.37%
 122  LC123863.1    4.66%    passed     99.90%
 123  LC123868.1    4.66%    passed     99.68%
 124  LC123869.1    4.66%    passed     99.96%
 125  LC123866.1    4.66%    passed     99.98%
 126  LC123859.1    4.66%    passed     99.96%
 127  LC123860.1    4.66%    passed     99.96%
 128  LC123870.1    4.66%    passed     99.82%
 129  LC327664.1    4.66%    passed     97.36%
 130  LC123861.1    4.66%    passed     99.93%
 131  AB982134.1    4.92%    passed     99.07%
 132  AB982137.1    4.92%    passed     99.08%
 133  AB982139.1    4.92%    passed     99.83%
 134  AB099579.1    4.92%    passed     99.44%
 135  AB099581.1    4.92%    passed     99.44%
 136  AB099580.1    4.92%    passed     98.89%
 137  AB099586.1    4.92%    passed     98.89%
 138  AB099597.1    4.92%    passed     98.89%
 139  AB099583.1    4.92%    passed     99.44%
 140  AB099584.1    4.92%    passed     98.46%
 141  AB099587.1    4.92%    passed     97.84%
 142  AB086786.1    4.92%    passed     97.84%
 143  AB086787.1    4.92%    passed     97.84%
 144  AB064438.1    4.92%    passed     97.84%
 145  AB086777.1    4.92%    passed     99.01%
 146  AB086779.1    4.92%    passed     99.01%
 147  AB086784.1    4.92%    passed     99.01%
 148  AB064434.1    4.92%    passed     99.01%
 149  AB064435.1    4.92%    passed     99.01%
 150  AB086783.1    4.92%    passed     98.72%
 151  AB099589.1    4.92%    passed     96.27%
 152  AB099592.1    4.92%    passed     99.31%
 153  AB099593.1    4.92%    passed     98.80%
 154  AB099594.1    4.92%    passed     98.80%
 155  AB099596.1    4.92%    passed     98.80%
 156  AB086785.1    4.92%    passed     99.86%
 157  AB064436.1    4.92%    passed     99.86%
 158  AB064437.1    4.92%    passed     99.86%
 159  AB982138.1    4.92%    passed     99.95%
 160  LC123854.1    4.66%    passed     98.84%
 161  LC123857.1    4.66%    passed     99.37%
 162  LC123858.1    4.66%    passed     98.92%
 163  AB982135.1    4.92%    passed     98.19%
 164  AB982136.1    4.92%    passed     99.01%
 165  LC123827.1    4.66%    passed     99.50%
 166  LC123832.1    4.66%    passed     99.56%
 167  AB099582.1    4.92%    passed     98.30%
 168  AB099590.1    4.92%    passed     98.30%
 169  AB086775.1    4.92%    passed     99.67%
 170  AB086767.1    4.92%    passed     99.76%
 171  AB086768.1    4.92%    passed     99.86%
 172  AB086772.1    4.92%    passed     99.44%
 173  AB086774.1    4.92%    passed     99.97%
 174  AB086776.1    4.92%    passed     99.97%
 175  AB099600.1    4.92%    passed     99.22%
 176  AB086773.1    4.92%    passed     99.45%
 177  AB086778.1    4.92%    passed     99.82%
 178  AB086780.1    4.92%    passed     99.82%
 179  KT232087.1    8.14%    passed     99.88%
 180  AB000605.1    3.73%    passed     99.18%
 181  AB000606.1    3.73%    passed     99.62%
 182  AB000607.1    3.73%    passed     98.58%
 183  AB000613.1    3.73%    passed     99.08%
 184  AB000614.1    3.73%    passed     99.35%
 185  AB000725.1    3.73%    passed     99.02%
 186  AB000608.1    3.73%    passed     99.46%
 187  AB000609.1    3.73%    passed     97.50%
 188  AB000612.1    3.64%    passed     98.32%
 189  AB000727.1    3.64%    passed     98.32%
 190  AB000721.1    3.64%    passed     98.06%
 191  AB000726.1    3.64%    passed     99.33%
 192  D16261.1      2.03%    passed     97.02%
 193  KM507557.1    4.75%    passed     99.91%
 194  LC123833.1    4.66%    passed     99.74%
 195  LC123835.1    4.66%    passed     99.74%
 196  LC123840.1    4.66%    passed     99.83%
 197  LC123842.1    4.66%    passed     99.53%
 198  AB182362.1    4.92%    passed     99.82%
 199  AB086771.1    4.92%    passed     99.77%
 200  AB035372.1    4.75%    passed     98.83%
 201  AB035373.1    4.75%    passed     99.44%
 202  CY239434.1   19.32%    passed     98.13%
 203  KM504282.1    0.00%    passed     98.41%
 204  JX963106.1   10.25%    passed     94.03%
 205  JX963107.1   10.34%    passed     95.90%
 206  JX963108.1   10.25%    passed     94.92%
 207  JX963109.1    9.75%    passed     93.68%
 208  KT835363.1   16.95%    passed     96.23%
 209  KT835364.1   17.54%    passed     92.73%
 210  MK480579.1    5.85%    passed     99.86%
 211  CY239416.1   17.12%    passed     91.61%
 212  MK480593.1    9.24%    passed     96.89%
 213  CY239419.1   12.37%    passed     96.67%
 214  CY239426.1   18.56%    passed     93.59%
 215  CY239423.1   18.81%    passed     96.16%
 216  CY239437.1   11.69%    passed     97.60%
 217  CY239466.1    3.81%    passed     97.26%
 218  CY239478.1    3.81%    passed     97.52%
 219  CY239429.1    7.03%    passed     99.51%
 220  CY239445.1    6.95%    passed     99.70%
 221  CY239472.1    3.90%    passed     98.19%
 222  CY239476.1    4.92%    passed     99.14%
 223  CY239462.1   13.05%    passed     96.98%
 224  CY239464.1   15.59%    passed     96.62%
 225  CY239468.1    2.37%    passed     96.64%
 226  CY239485.1    3.98%    passed     97.74%
 227  CY239470.1    3.56%    passed     97.78%
 228  CY239441.1    6.78%    passed     99.71%
 229  CY239431.1   13.22%    passed     98.03%
 230  CY239439.1    6.86%    passed     99.49%
 231  CY239453.1    6.95%    passed     99.61%
 232  CY239480.1    4.07%    passed     98.29%
 233  CY239420.1   16.10%    passed     93.58%
 234  CY239443.1   15.42%    passed     97.63%
 235  JX133150.1   18.39%    passed     87.47%
 236  JX133153.1   18.39%    passed     90.38%
 237  JX133154.1   18.39%    passed     88.26%
 238  JX133151.1   18.39%    passed     85.85%
 239  JX133155.1   18.39%    passed     85.85%
 240  JX133156.1   18.39%    passed     85.85%
 241  JX133159.1   18.39%    passed     85.85%
 242  JX133157.1   18.39%    passed     84.53%
 243  JX133158.1   18.39%    passed     84.53%
 244  JX133152.1   18.39%    passed     85.63%
 245  CY239425.1   23.22%    passed     91.72%
 246  CY239432.1   12.80%    passed     93.56%
 247  CY239458.1   17.63%    passed     93.79%
 248  CY239451.1   11.95%    passed     94.06%
 249  CY239482.1    3.22%    passed     97.60%
 250  CY239474.1    3.39%    passed     96.33%
 251  CY239449.1   12.20%    passed     88.91%
 252  CY239456.1   18.31%    passed     92.87%
 253  CY239460.1   20.42%    passed     91.68%
 254  KT835361.1   17.20%    passed     92.40%
 255  KT835362.1   16.78%    passed     91.36%
 256  MK480586.1    9.24%    passed     92.77%
 257  LC123834.1    4.66%    passed     99.55%
 258  KM507550.1    6.53%    passed     97.43%
 259  JX947866.1    1.61%    passed     89.45%
****  TOTAL         6.18%  0 sequences failed composition chi2 test (p-value<5%; df=3)
NOTE: AB086770.1 is identical to AB086769.1 but kept for subsequent analysis
NOTE: MZ330896.1 is identical to MZ330889.1 but kept for subsequent analysis
NOTE: MZ330959.1 is identical to MZ330917.1 but kept for subsequent analysis
NOTE: LC123865.1 is identical to LC123862.1 but kept for subsequent analysis
NOTE: MZ330994.1 is identical to MZ330903.1 but kept for subsequent analysis
NOTE: LC123829.1 is identical to LC123828.1 but kept for subsequent analysis
NOTE: LC123843.1 is identical to LC123837.1 but kept for subsequent analysis
NOTE: LC123846.1 is identical to LC123838.1 but kept for subsequent analysis
NOTE: MZ330987.1 is identical to MZ330980.1 but kept for subsequent analysis
NOTE: LC123881.1 is identical to LC123871.1 but kept for subsequent analysis
NOTE: AB982132.1 is identical to AB982131.1 but kept for subsequent analysis
NOTE: AB982141.1 is identical to AB982140.1 but kept for subsequent analysis
NOTE: AB099588.1 is identical to AB099585.1 but kept for subsequent analysis
NOTE: AB099598.1 is identical to AB099595.1 but kept for subsequent analysis
NOTE: AB064433.1 is identical to AB064432.1 but kept for subsequent analysis
NOTE: LC123860.1 is identical to LC123859.1 but kept for subsequent analysis
NOTE: AB099581.1 is identical to AB099579.1 but kept for subsequent analysis
NOTE: AB099586.1 is identical to AB099580.1 but kept for subsequent analysis
NOTE: AB086786.1 is identical to AB099587.1 but kept for subsequent analysis
NOTE: AB086779.1 is identical to AB086777.1 but kept for subsequent analysis
NOTE: AB099594.1 is identical to AB099593.1 but kept for subsequent analysis
NOTE: AB064436.1 is identical to AB086785.1 but kept for subsequent analysis
NOTE: AB099590.1 is identical to AB099582.1 but kept for subsequent analysis
NOTE: AB086776.1 is identical to AB086774.1 but kept for subsequent analysis
NOTE: AB086780.1 is identical to AB086778.1 but kept for subsequent analysis
NOTE: LC123835.1 is identical to LC123833.1 but kept for subsequent analysis
NOTE: JX133155.1 is identical to JX133151.1 but kept for subsequent analysis
NOTE: JX133158.1 is identical to JX133157.1 but kept for subsequent analysis
Checking for duplicate sequences: done in 0.00152397 secs using 73.75% CPU
Identifying sites to remove: done in 0.00202513 secs using 93.92% CPU
NOTE: 16 identical sequences (see below) will be ignored for subsequent analysis
NOTE: LC123867.1 (identical to LC123862.1) is ignored but added at the end
NOTE: LC123844.1 (identical to LC123837.1) is ignored but added at the end
NOTE: LC123850.1 (identical to LC123837.1) is ignored but added at the end
NOTE: LC123851.1 (identical to LC123837.1) is ignored but added at the end
NOTE: LC123853.1 (identical to LC123837.1) is ignored but added at the end
NOTE: AB982144.1 (identical to AB982140.1) is ignored but added at the end
NOTE: AB982145.1 (identical to AB982140.1) is ignored but added at the end
NOTE: AB099599.1 (identical to AB099595.1) is ignored but added at the end
NOTE: AB099597.1 (identical to AB099580.1) is ignored but added at the end
NOTE: AB086787.1 (identical to AB099587.1) is ignored but added at the end
NOTE: AB086784.1 (identical to AB086777.1) is ignored but added at the end
NOTE: AB064434.1 (identical to AB086777.1) is ignored but added at the end
NOTE: AB064435.1 (identical to AB086777.1) is ignored but added at the end
NOTE: AB064437.1 (identical to AB086785.1) is ignored but added at the end
NOTE: JX133156.1 (identical to JX133151.1) is ignored but added at the end
NOTE: JX133159.1 (identical to JX133151.1) is ignored but added at the end
Alignment was printed to results/aligned_fluC_M-delim.fasta.uniqueseq.phy

For your convenience alignment with unique sequences printed to results/aligned_fluC_M-delim.fasta.uniqueseq.phy

Create initial parsimony tree by phylogenetic likelihood library (PLL)... 0.006 seconds

NOTE: 3 MB RAM (0 GB) is required!
Estimate model parameters (epsilon = 0.500)
1. Initial log-likelihood: -17106.171
2. Current log-likelihood: -15230.410
3. Current log-likelihood: -15221.514
4. Current log-likelihood: -15220.663
Optimal log-likelihood: -15220.661
Rate parameters:  A-C: 7.70805  A-G: 31.77317  A-T: 2.57813  C-G: 0.09563  C-T: 63.83171  G-T: 1.00000
Base frequencies:  A: 0.368  C: 0.167  G: 0.219  T: 0.247
Parameters optimization took 4 rounds (0.673 sec)
Wrote distance file to... 
Computing ML distances based on estimated model parameters...
Calculating distance matrix: done in 0.149895 secs using 63.31% CPU
Computing ML distances took 0.150575 sec (of wall-clock time) 0.095299 sec (of CPU time)
Setting up auxiliary I and S matrices: done in 0.00167799 secs using 59.48% CPU
Constructing RapidNJ tree: done in 0.020263 secs using 24.75% CPU
Computing RapidNJ tree took 0.022031 sec (of wall-clock time) 0.006063 sec (of CPU time)
Log-likelihood of RapidNJ tree: -5354.152
--------------------------------------------------------------------
|             INITIALIZING CANDIDATE TREE SET                      |
--------------------------------------------------------------------

Do NNI search on 2 best initial trees
Optimizing NNI: done in 0.346061 secs using 73.89% CPU
Estimate model parameters (epsilon = 0.500)
BETTER TREE FOUND at iteration 1: -5315.302
Optimizing NNI: done in 2.1501 secs using 80.05% CPU
Finish initializing candidate tree set (4)
Current best tree score: -5315.302 / CPU time: 2.903
Number of iterations: 2
TREE SEARCH COMPLETED AFTER 2 ITERATIONS / Time: 0h:0m:4s

--------------------------------------------------------------------
|                    FINALIZING TREE SEARCH                        |
--------------------------------------------------------------------
Performs final model parameters optimization
Estimate model parameters (epsilon = 0.050)
1. Initial log-likelihood: -5315.302
Optimal log-likelihood: -5315.301
Rate parameters:  A-C: 1.91846  A-G: 9.11955  A-T: 1.18412  C-G: 0.19484  C-T: 18.55929  G-T: 1.00000
Base frequencies:  A: 0.368  C: 0.167  G: 0.219  T: 0.247
Parameters optimization took 1 rounds (0.041 sec)
BEST SCORE FOUND : -5315.301
Total tree length: 0.444

Total number of iterations: 2
CPU time used for tree search: 2.274 sec (0h:0m:2s)
Wall-clock time used for tree search: 2.904 sec (0h:0m:2s)
Total CPU time used: 3.122 sec (0h:0m:3s)
Total wall-clock time used: 4.094 sec (0h:0m:4s)

Analysis results written to: 
  IQ-TREE report:                results/aligned_fluC_M-delim.fasta.iqtree
  Maximum-likelihood tree:       results/aligned_fluC_M-delim.fasta.treefile
  Likelihood distances:          results/aligned_fluC_M-delim.fasta.mldist
  Screen log file:               results/aligned_fluC_M-delim.fasta.log

Date and Time: Fri Aug 18 10:04:44 2023
