IQ-TREE multicore version 2.2.0-beta COVID-edition for Mac OS X 64-bit built Mar  3 2022 built Mar  3 2022
Developed by Bui Quang Minh, James Barbetti, Nguyen Lam Tung,
Olga Chernomor, Heiko Schmidt, Dominik Schrempf, Michael Woodhams, Ly Trong Nhan.

Host:    MacBook-Pro-5.local (SSE4.2, 8 GB RAM)
Command: iqtree2 -nt 1 -s results/aligned_hepatitisB_A2-delim.fasta -m GTR -ninit 2 -n 2 -me 0.05
Seed:    748291 (Using SPRNG - Scalable Parallel Random Number Generator)
Time:    Thu May 18 10:59:43 2023
Kernel:  SSE2 - 1 threads (8 CPU cores detected)

HINT: Use -nt option to specify number of threads because your CPU has 8 cores!
HINT: -nt AUTO will automatically determine the best number of threads to use.

Reading alignment file results/aligned_hepatitisB_A2-delim.fasta ... Fasta format detected
Reading fasta file: done in 0.0259929 secs using 66.13% CPU
Alignment most likely contains DNA/RNA sequences
Constructing alignment: done in 0.00809383 secs using 81.96% CPU
Alignment has 304 sequences with 3221 columns, 1225 distinct patterns
629 parsimony-informative, 518 singleton sites, 2074 constant sites
          Gap/Ambiguity  Composition  p-value
Analyzing sequences: done in 0.00190902 secs using 32.9% CPU
   1  OK143477    1.21%    passed     99.63%
   2  OK143482    1.21%    passed     99.09%
   3  OK143483    1.21%    passed     99.56%
   4  OK143484    1.21%    passed     99.53%
   5  LC517161    0.00%    passed     99.99%
   6  MH932713    0.00%    passed     99.91%
   7  LC365288    0.00%    passed     99.97%
   8  AB697489    0.00%    passed     99.97%
   9  AB697501    0.00%    passed     99.97%
  10  AB697512    0.00%    passed     99.95%
  11  LC311241    0.03%    passed     99.96%
  12  LC074724    0.00%    passed     99.98%
  13  AB697491    0.03%    passed     99.98%
  14  AB697496    0.00%    passed     99.99%
  15  AB697499    0.00%    passed     99.99%
  16  AB697503    0.00%    passed     99.99%
  17  AB697508    0.00%    passed     99.99%
  18  AB697497    0.00%    passed     99.99%
  19  AB697505    0.06%    passed     99.99%
  20  AB937798    0.00%    passed     99.97%
  21  AB697504    0.00%    passed     99.99%
  22  AB453979    0.00%    passed     99.99%
  23  LC488828    0.09%    passed     99.95%
  24  AB697509    0.00%    passed    100.00%
  25  AB453980    0.00%    passed     99.97%
  26  AB697488    0.16%    passed     99.85%
  27  LC311243    0.03%    passed     99.97%
  28  LC311242    0.00%    passed     99.98%
  29  AB697506    0.06%    passed     99.86%
  30  AB697507    0.06%    passed     99.89%
  31  AB453981    0.00%    passed     99.95%
  32  AB697511    0.03%    passed     99.97%
  33  KY886219    0.00%    passed     99.89%
  34  KT749824    0.00%    passed     99.94%
  35  EU859933    0.00%    passed     99.98%
  36  EU859941    0.00%    passed     99.99%
  37  EU859943    0.00%    passed     99.98%
  38  GU563555    0.00%    passed     99.99%
  39  EU859954    0.00%    passed     99.97%
  40  KT749838    0.00%    passed     99.98%
  41  EU859930    0.00%    passed    100.00%
  42  KT749835    0.00%    passed    100.00%
  43  KP234051    0.00%    passed    100.00%
  44  GQ477461    0.00%    passed    100.00%
  45  GU563554    0.00%    passed     99.97%
  46  EU859931    0.00%    passed     99.99%
  47  EU859953    0.00%    passed     99.97%
  48  EU859937    0.00%    passed     99.98%
  49  EU594394    0.00%    passed     99.98%
  50  EU594395    0.00%    passed     99.98%
  51  EU859942    0.00%    passed     99.99%
  52  EU086721    0.00%    passed    100.00%
  53  EU594390    0.00%    passed     99.99%
  54  EU594392    0.00%    passed     99.99%
  55  EU594391    0.00%    passed     99.99%
  56  FJ349224    0.00%    passed     99.99%
  57  GU563546    0.00%    passed     99.95%
  58  EU594388    0.00%    passed     99.98%
  59  AY128092    0.06%    passed     99.88%
  60  AB697492    0.00%    passed     99.97%
  61  KT749840    0.00%    passed     99.97%
  62  GU563562    0.03%    passed     99.82%
  63  EU594383    0.00%    passed     99.96%
  64  EU594393    0.00%    passed     99.96%
  65  EU859935    0.00%    passed     99.98%
  66  EU859936    0.00%    passed     99.99%
  67  KT749829    0.00%    passed    100.00%
  68  KT749844    0.00%    passed     99.94%
  69  EU859940    0.00%    passed     99.98%
  70  EU859946    0.00%    passed     99.85%
  71  EU859947    0.00%    passed    100.00%
  72  EU859951    0.00%    passed     99.90%
  73  EU859948    0.00%    passed     99.96%
  74  EU859949    0.00%    passed     99.92%
  75  KP274927    0.00%    passed     99.98%
  76  KT749830    0.00%    passed     99.78%
  77  EU859914    0.00%    passed     99.88%
  78  EU859918    0.00%    passed     99.88%
  79  EU859929    0.00%    passed     99.88%
  80  EU859904    0.00%    passed     99.94%
  81  EU859915    0.00%    passed     99.94%
  82  EU859912    0.00%    passed     99.89%
  83  EU859919    0.00%    passed     99.86%
  84  KT749837    0.00%    passed     99.86%
  85  EU859899    0.00%    passed     99.86%
  86  EU859905    0.00%    passed     99.86%
  87  EU859908    0.00%    passed     99.86%
  88  EU859909    0.00%    passed     99.86%
  89  EU859922    0.00%    passed     99.86%
  90  EU859926    0.00%    passed     99.86%
  91  EU859928    0.00%    passed     99.86%
  92  EU859902    0.00%    passed     99.73%
  93  EU859910    0.00%    passed     99.73%
  94  EU859916    0.00%    passed     99.91%
  95  EU859921    0.00%    passed     99.91%
  96  EU859925    0.00%    passed     99.91%
  97  EU859923    0.00%    passed     99.97%
  98  EU859898    0.00%    passed     99.86%
  99  EU859924    0.00%    passed     99.96%
 100  EU859903    0.00%    passed     99.82%
 101  EU859906    0.00%    passed     99.82%
 102  EU859913    0.00%    passed     99.88%
 103  EU859917    0.00%    passed     99.88%
 104  EU859920    0.00%    passed     99.79%
 105  KT749843    0.00%    passed     99.95%
 106  EU859907    0.00%    passed     99.88%
 107  EU859927    0.00%    passed     99.97%
 108  KP274928    0.00%    passed     99.83%
 109  EU859911    0.00%    passed     99.63%
 110  EU594389    0.00%    passed     99.95%
 111  AF043580    0.03%    passed     99.91%
 112  KM606749    0.00%    passed    100.00%
 113  EU859945    0.00%    passed     99.94%
 114  EU859950    0.19%    passed     99.91%
 115  EU594385    0.00%    passed     99.98%
 116  JQ687529    0.00%    passed     99.98%
 117  AM410963    0.00%    passed     99.88%
 118  AM295800    0.00%    passed     99.75%
 119  AM295795    0.00%    passed     99.94%
 120  AM295797    0.00%    passed     99.94%
 121  AM295796    4.00%    passed     97.50%
 122  GQ477467    0.00%    passed     99.97%
 123  AB937792    0.00%    passed    100.00%
 124  AB937793    0.00%    passed     99.99%
 125  AB937794    0.00%    passed     99.99%
 126  AB775199    0.03%    passed     99.98%
 127  AB775198    0.00%    passed     99.98%
 128  AB775200    0.00%    passed     99.99%
 129  AB775201    0.00%    passed     99.99%
 130  AB697495    0.09%    passed     99.99%
 131  AB697493    0.06%    passed    100.00%
 132  AP007263    0.00%    passed     99.98%
 133  KT749850    0.00%    passed    100.00%
 134  KP274925    0.00%    passed     99.96%
 135  EU859932    0.00%    passed     99.98%
 136  GU563558    0.00%    passed     99.57%
 137  KM606742    0.00%    passed     98.56%
 138  KM606746    0.00%    passed     99.40%
 139  KJ843166    0.00%    passed     99.94%
 140  KJ843215    0.00%    passed     99.43%
 141  KJ843192    0.00%    passed     99.96%
 142  KJ843214    0.00%    passed     99.94%
 143  KJ843216    0.00%    passed     99.67%
 144  KU605532    0.00%    passed     99.85%
 145  GU563553    0.00%    passed     99.68%
 146  GQ477503    0.00%    passed     99.73%
 147  KT749836    0.00%    passed     99.93%
 148  KJ854708    0.03%    passed     99.93%
 149  KJ854709    0.65%    passed     99.83%
 150  JX507080    0.00%    passed     99.98%
 151  EU859955    0.00%    passed     99.95%
 152  EU859956    0.00%    passed     99.92%
 153  KT749833    0.00%    passed     99.84%
 154  KT749848    0.25%    passed     99.76%
 155  KJ843173    0.00%    passed     99.67%
 156  KJ843182    0.00%    passed     99.98%
 157  KJ843218    0.00%    passed     99.98%
 158  KJ843186    0.00%    passed     99.85%
 159  KJ843217    0.00%    passed     99.79%
 160  GQ477496    0.00%    passed     99.95%
 161  EU594387    0.00%    passed     99.89%
 162  GU563557    0.00%    passed     99.98%
 163  AY862867    0.00%    passed     99.99%
 164  EU594384    0.00%    passed     99.66%
 165  EU594386    0.00%    passed     99.37%
 166  KX827293    0.00%    passed     99.77%
 167  KT749831    0.00%    passed     99.79%
 168  KT749825    0.00%    passed     99.96%
 169  KT749826    0.00%    passed     99.99%
 170  KT749842    0.00%    passed     99.98%
 171  KT749834    0.00%    passed     99.98%
 172  KT749846    0.00%    passed     99.99%
 173  KT749847    0.00%    passed     99.99%
 174  KT749849    0.00%    passed     99.99%
 175  KT749839    0.00%    passed     99.97%
 176  KJ854710    0.16%    passed     99.18%
 177  HE576988    0.00%    passed     99.71%
 178  HE576989    0.00%    passed     99.97%
 179  KY382410    0.12%    passed     99.82%
 180  KC836878    0.31%    passed     99.89%
 181  KC836881    0.28%    passed     99.87%
 182  KX827298    0.00%    passed     99.38%
 183  JQ687533    0.00%    passed     99.76%
 184  KJ843188    0.00%    passed     99.65%
 185  GQ184323    0.00%    passed     99.88%
 186  GQ184324    0.00%    passed     99.92%
 187  EF208113    0.00%    passed     99.93%
 188  EF208114    1.83%    passed     99.21%
 189  EF208115    1.83%    passed     97.99%
 190  GQ477460    0.00%    passed     99.86%
 191  AY233280    0.00%    passed     99.86%
 192  EU859900    0.00%    passed     99.76%
 193  EU859901    0.00%    passed     99.76%
 194  EU859939    0.00%    passed     99.98%
 195  AM282986    0.00%    passed     99.07%
 196  GQ477468    0.03%    passed     99.87%
 197  GQ477484    0.00%    passed     99.91%
 198  GQ477492    0.00%    passed     99.98%
 199  EU859944    0.00%    passed     99.61%
 200  GU563550    0.00%    passed     99.91%
 201  AB014370    0.00%    passed     99.97%
 202  EU747320    0.00%    passed     99.62%
 203  EU859934    0.00%    passed     99.16%
 204  KC836877    0.43%    passed     99.83%
 205  GQ477482    0.00%    passed     99.88%
 206  GQ477498    0.28%    passed     99.90%
 207  DQ788725    0.00%    passed     99.85%
 208  DQ788726    3.32%    passed     97.93%
 209  DQ788728    2.98%    passed     94.98%
 210  DQ788729    2.98%    passed     91.70%
 211  DQ788727    2.98%    passed     90.87%
 212  AB222707    0.00%    passed     99.74%
 213  KJ843172    0.00%    passed     99.59%
 214  AY738139    0.03%    passed     99.93%
 215  AY738143    0.03%    passed     99.41%
 216  AY738140    0.03%    passed    100.00%
 217  AY738141    0.03%    passed    100.00%
 218  AY738142    0.03%    passed     99.94%
 219  AB126580    0.03%    passed     98.89%
 220  AB453984    0.00%    passed     99.98%
 221  KX827297    0.03%    passed     99.81%
 222  GQ477465    0.00%    passed     99.87%
 223  GQ477479    0.00%    passed     98.97%
 224  AF297624    0.65%    passed     99.76%
 225  AB453983    0.00%    passed     99.86%
 226  KT749832    0.00%    passed     99.99%
 227  EU859938    0.00%    passed     99.90%
 228  GQ477472    0.00%    passed     98.97%
 229  KX827294    0.00%    passed     99.79%
 230  KX827296    0.00%    passed     99.22%
 231  KX827295    0.00%    passed     99.34%
 232  AY902775    0.00%    passed     99.52%
 233  GQ477470    0.03%    passed     99.50%
 234  KJ586809    0.00%    passed     99.77%
 235  GQ477466    0.03%    passed     99.94%
 236  GQ477483    0.06%    passed     99.71%
 237  GQ477485    0.03%    passed     99.64%
 238  FJ349222    1.77%    passed     99.22%
 239  GQ477490    0.00%    passed     99.99%
 240  AY233286    0.00%    passed     99.62%
 241  OK143492    1.21%    passed     99.76%
 242  GQ477486    0.00%    passed     99.98%
 243  GQ477495    0.00%    passed     99.82%
 244  GQ477489    0.03%    passed     99.46%
 245  GU563551    0.00%    passed     99.95%
 246  GQ477475    0.00%    passed     97.52%
 247  AB330371    0.03%    passed     99.63%
 248  AB330372    0.03%    passed     99.85%
 249  AB330373    0.06%    passed     98.31%
 250  GQ477497    0.00%    passed     99.63%
 251  GQ477494    0.06%    passed     99.56%
 252  AB453982    0.00%    passed     99.84%
 253  OK143481    1.27%    passed     99.59%
 254  GQ477478    0.00%    passed     99.61%
 255  KJ843184    0.09%    passed     99.85%
 256  GQ477491    0.00%    passed     99.68%
 257  GQ477488    0.00%    passed     99.98%
 258  KP995108    0.00%    passed     99.61%
 259  GQ477504    0.00%    passed     99.74%
 260  GQ477471    0.06%    passed     97.38%
 261  EU185786    0.81%    passed     99.74%
 262  EU185787    0.47%    passed     99.99%
 263  EU185789    0.53%    passed     99.93%
 264  OK143498    1.21%    passed     99.31%
 265  GQ477500    0.00%    passed     98.91%
 266  OK143495    1.21%    passed     98.48%
 267  GQ477501    0.00%    passed     99.92%
 268  AJ627228    0.40%    passed     99.99%
 269  AB697487    1.65%    passed     99.97%
 270  AB697498    1.58%    passed     99.80%
 271  GQ477499    0.03%    passed     99.89%
 272  GQ477463    0.03%    passed     98.54%
 273  GQ477487    0.00%    passed     99.97%
 274  GQ477476    0.00%    passed     99.91%
 275  AJ627226    0.28%    passed     99.90%
 276  GQ477480    0.00%    passed     99.57%
 277  AB453985    0.00%    passed     99.96%
 278  OK143478    1.21%    passed     98.71%
 279  GQ477469    0.00%    passed     99.96%
 280  AB270536    0.03%    passed     98.38%
 281  MF925386    0.03%    passed     98.98%
 282  FJ349223    5.77%    passed     89.49%
 283  KC875260    0.00%    passed     98.74%
 284  GQ477502    0.00%    passed     99.85%
 285  GQ477477    0.00%    passed     99.78%
 286  GQ477493    0.03%    passed     99.95%
 287  KC836880    0.31%    passed     97.80%
 288  GQ477462    0.03%    passed     99.28%
 289  GQ477481    0.00%    passed     98.71%
 290  KT749822    0.00%    passed     96.70%
 291  AJ627227    0.62%    passed     98.87%
 292  GQ477474    0.03%    passed     99.86%
 293  MF772344    0.00%    passed     99.84%
 294  MF772350    0.00%    passed     99.27%
 295  MF772346    0.00%    passed     99.72%
 296  MF772347    0.00%    passed     99.86%
 297  GQ477464    0.00%    passed     97.57%
 298  MF772345    0.00%    passed     99.96%
 299  AB937797    0.81%    passed     98.69%
 300  GQ477473    0.00%    passed     93.40%
 301  AF297622    0.65%    passed     97.25%
 302  FJ904411    1.09%    passed     99.84%
 303  FJ904434    1.02%    passed     99.65%
 304  AB222708    0.09%    passed     99.78%
****  TOTAL       0.18%  0 sequences failed composition chi2 test (p-value<5%; df=3)
NOTE: AB697489 is identical to LC365288 but kept for subsequent analysis
NOTE: AB697499 is identical to AB697496 but kept for subsequent analysis
NOTE: AB453979 is identical to AB697504 but kept for subsequent analysis
NOTE: EU594392 is identical to EU594390 but kept for subsequent analysis
NOTE: EU859918 is identical to EU859914 but kept for subsequent analysis
NOTE: EU859915 is identical to EU859904 but kept for subsequent analysis
NOTE: EU859899 is identical to KT749837 but kept for subsequent analysis
NOTE: EU859910 is identical to EU859902 but kept for subsequent analysis
NOTE: AM295797 is identical to AM295795 but kept for subsequent analysis
NOTE: AB937794 is identical to AB937793 but kept for subsequent analysis
NOTE: AB775201 is identical to AB775200 but kept for subsequent analysis
NOTE: KT749847 is identical to KT749846 but kept for subsequent analysis
Checking for duplicate sequences: done in 0.00137186 secs using 88.57% CPU
Identifying sites to remove: done in 0.00681901 secs using 90.83% CPU
NOTE: 11 identical sequences (see below) will be ignored for subsequent analysis
NOTE: AB697501 (identical to LC365288) is ignored but added at the end
NOTE: AB697503 (identical to AB697496) is ignored but added at the end
NOTE: AB697508 (identical to AB697496) is ignored but added at the end
NOTE: EU859929 (identical to EU859914) is ignored but added at the end
NOTE: EU859905 (identical to KT749837) is ignored but added at the end
NOTE: EU859908 (identical to KT749837) is ignored but added at the end
NOTE: EU859909 (identical to KT749837) is ignored but added at the end
NOTE: EU859922 (identical to KT749837) is ignored but added at the end
NOTE: EU859926 (identical to KT749837) is ignored but added at the end
NOTE: EU859928 (identical to KT749837) is ignored but added at the end
NOTE: KT749849 (identical to KT749846) is ignored but added at the end
Alignment was printed to results/aligned_hepatitisB_A2-delim.fasta.uniqueseq.phy

For your convenience alignment with unique sequences printed to results/aligned_hepatitisB_A2-delim.fasta.uniqueseq.phy

Create initial parsimony tree by phylogenetic likelihood library (PLL)... 0.005 seconds

NOTE: 11 MB RAM (0 GB) is required!
Estimate model parameters (epsilon = 0.500)
1. Initial log-likelihood: -42017.627
2. Current log-likelihood: -40794.736
Optimal log-likelihood: -40794.409
Rate parameters:  A-C: 1.71416  A-G: 3.42427  A-T: 1.13616  C-G: 0.48792  C-T: 2.82818  G-T: 1.00000
Base frequencies:  A: 0.231  C: 0.269  G: 0.220  T: 0.280
Parameters optimization took 2 rounds (0.489 sec)
Wrote distance file to... 
Computing ML distances based on estimated model parameters...
Calculating distance matrix: done in 0.188354 secs using 99.21% CPU
Computing ML distances took 0.189715 sec (of wall-clock time) 0.187845 sec (of CPU time)
Setting up auxiliary I and S matrices: done in 0.00163603 secs using 181.5% CPU
Constructing RapidNJ tree: done in 0.00693703 secs using 190.9% CPU
Computing RapidNJ tree took 0.008662 sec (of wall-clock time) 0.016408 sec (of CPU time)
Log-likelihood of RapidNJ tree: -29389.975
--------------------------------------------------------------------
|             INITIALIZING CANDIDATE TREE SET                      |
--------------------------------------------------------------------

Do NNI search on 2 best initial trees
Optimizing NNI: done in 0.455082 secs using 99.36% CPU
Estimate model parameters (epsilon = 0.500)
BETTER TREE FOUND at iteration 1: -29287.037
Optimizing NNI: done in 1.73514 secs using 99.54% CPU
Finish initializing candidate tree set (4)
Current best tree score: -29287.037 / CPU time: 2.572
Number of iterations: 2
TREE SEARCH COMPLETED AFTER 2 ITERATIONS / Time: 0h:0m:3s

--------------------------------------------------------------------
|                    FINALIZING TREE SEARCH                        |
--------------------------------------------------------------------
Performs final model parameters optimization
Estimate model parameters (epsilon = 0.050)
1. Initial log-likelihood: -29287.037
Optimal log-likelihood: -29287.037
Rate parameters:  A-C: 1.90197  A-G: 3.47171  A-T: 1.24216  C-G: 0.62178  C-T: 2.61777  G-T: 1.00000
Base frequencies:  A: 0.231  C: 0.269  G: 0.220  T: 0.280
Parameters optimization took 1 rounds (0.106 sec)
BEST SCORE FOUND : -29287.037
Total tree length: 1.072

Total number of iterations: 2
CPU time used for tree search: 2.558 sec (0h:0m:2s)
Wall-clock time used for tree search: 2.572 sec (0h:0m:2s)
Total CPU time used: 3.852 sec (0h:0m:3s)
Total wall-clock time used: 3.700 sec (0h:0m:3s)

Analysis results written to: 
  IQ-TREE report:                results/aligned_hepatitisB_A2-delim.fasta.iqtree
  Maximum-likelihood tree:       results/aligned_hepatitisB_A2-delim.fasta.treefile
  Likelihood distances:          results/aligned_hepatitisB_A2-delim.fasta.mldist
  Screen log file:               results/aligned_hepatitisB_A2-delim.fasta.log

Date and Time: Thu May 18 10:59:47 2023
